    {
      "event_id": 4672,
      "timestamp": "13/06/2026 16:53:23",
      "provider_name": "Microsoft-Windows-Security-Auditing",
      "machine_name": "WS2022-LAB02",
      "message": "Special privileges assigned to new logon.",
      "subject_account": "labadmin",
      "subject_domain": "WS2022-LAB02",
      "subject_security_id": "S-1-5-21-1843355061-959072039-615746888-2308",
      "subject_logon_id": "0xB72A0",
      "new_logon_account": null,
      "new_logon_domain": null,
      "new_logon_security_id": null,
      "new_logon_logon_id": null,
      "target_account": null,
      "target_domain": null,
      "target_security_id": null,
      "logon_type": null,
      "elevated_token": null,
      "virtual_account": null,
      "restricted_admin_mode": null,
      "workstation_name": null,
      "source_network_address": null,
      "source_port": null,
      "process_name": null,
      "failure_reason": null,
      "status": null,
      "substatus": null,
      "logon_process": null,
      "authentication_package": null,
      "privileges": [
        "SeSecurityPrivilege",
        "SeTakeOwnershipPrivilege",
        "SeBackupPrivilege",
        "SeRestorePrivilege"
      ],
      "scenario_id": "PRIV-LOGON-0041"
    },
    {
      "event_id": 4672,
      "timestamp": "13/06/2026 16:54:03",
      "provider_name": "Microsoft-Windows-Security-Auditing",
      "machine_name": "WS2022-LAB02",
      "message": "Special privileges assigned to new logon.",
      "subject_account": "opsadmin3",
      "subject_domain": "WS2022-LAB02",
      "subject_security_id": "S-1-5-21-1843355061-959072039-615746888-9033",
      "subject_logon_id": "0x581AD",
      "new_logon_account": null,
      "new_logon_domain": null,
      "new_logon_security_id": null,
      "new_logon_logon_id": null,
      "target_account": null,
      "target_domain": null,
      "target_security_id": null,
      "logon_type": null,
      "elevated_token": null,
      "virtual_account": null,
      "restricted_admin_mode": null,
      "workstation_name": null,
      "source_network_address": null,
      "source_port": null,
      "process_name": null,
      "failure_reason": null,
      "status": null,
      "substatus": null,
      "logon_process": null,
      "authentication_package": null,
      "privileges": [
        "SeSecurityPrivilege",
        "SeTakeOwnershipPrivilege",
        "SeBackupPrivilege",
        "SeRestorePrivilege"
      ],
      "scenario_id": "PRIV-LOGON-0042"
    },
    {
      "event_id": 4672,
      "timestamp": "13/06/2026 16:54:36",
      "provider_name": "Microsoft-Windows-Security-Auditing",
      "machine_name": "WS2022-LAB01",
      "message": "Special privileges assigned to new logon.",
      "subject_account": "opsadmin1",
      "subject_domain": "WS2022-LAB01",
      "subject_security_id": "S-1-5-21-1843355061-959072039-615746888-6686",
      "subject_logon_id": "0x6E8DA",
      "new_logon_account": null,
      "new_logon_domain": null,
      "new_logon_security_id": null,
      "new_logon_logon_id": null,
      "target_account": null,
      "target_domain": null,
      "target_security_id": null,
      "logon_type": null,
      "elevated_token": null,
      "virtual_account": null,
      "restricted_admin_mode": null,
      "workstation_name": null,
      "source_network_address": null,
      "source_port": null,
      "process_name": null,
      "failure_reason": null,
      "status": null,
      "substatus": null,
      "logon_process": null,
      "authentication_package": null,
      "privileges": [
        "SeSecurityPrivilege",
        "SeTakeOwnershipPrivilege",
        "SeBackupPrivilege",
        "SeRestorePrivilege"
      ],
      "scenario_id": "PRIV-LOGON-0043"
    },
    {
      "event_id": 4672,
      "timestamp": "13/06/2026 16:54:48",
      "provider_name": "Microsoft-Windows-Security-Auditing",
      "machine_name": "WS2022-LAB01",
      "message": "Special privileges assigned to new logon.",
      "subject_account": "opsadmin3",
      "subject_domain": "WS2022-LAB01",
      "subject_security_id": "S-1-5-21-1843355061-959072039-615746888-7868",
      "subject_logon_id": "0x26018",
      "new_logon_account": null,
      "new_logon_domain": null,
      "new_logon_security_id": null,
      "new_logon_logon_id": null,
      "target_account": null,
      "target_domain": null,
      "target_security_id": null,
      "logon_type": null,
      "elevated_token": null,
      "virtual_account": null,
      "restricted_admin_mode": null,
      "workstation_name": null,
      "source_network_address": null,
      "source_port": null,
      "process_name": null,
      "failure_reason": null,
      "status": null,
      "substatus": null,
      "logon_process": null,
      "authentication_package": null,
      "privileges": [
        "SeSecurityPrivilege",
        "SeTakeOwnershipPrivilege",
        "SeBackupPrivilege",
        "SeRestorePrivilege"
      ],
      "scenario_id": "PRIV-LOGON-0044"
    },
    {
      "event_id": 4672,
      "timestamp": "13/06/2026 16:55:20",
      "provider_name": "Microsoft-Windows-Security-Auditing",
      "machine_name": "WS2022-LAB02",
      "message": "Special privileges assigned to new logon.",
      "subject_account": "opsadmin1",
      "subject_domain": "WS2022-LAB02",
      "subject_security_id": "S-1-5-21-1843355061-959072039-615746888-5148",
      "subject_logon_id": "0xABB08",
      "new_logon_account": null,
      "new_logon_domain": null,
      "new_logon_security_id": null,
      "new_logon_logon_id": null,
      "target_account": null,
      "target_domain": null,
      "target_security_id": null,
      "logon_type": null,
      "elevated_token": null,
      "virtual_account": null,
      "restricted_admin_mode": null,
      "workstation_name": null,
      "source_network_address": null,
      "source_port": null,
      "process_name": null,
      "failure_reason": null,
      "status": null,
      "substatus": null,
      "logon_process": null,
      "authentication_package": null,
      "privileges": [
        "SeSecurityPrivilege",
        "SeTakeOwnershipPrivilege",
        "SeBackupPrivilege",
        "SeRestorePrivilege"
      ],
      "scenario_id": "PRIV-LOGON-0045"
    },
    {
      "event_id": 4672,
      "timestamp": "13/06/2026 16:55:37",
      "provider_name": "Microsoft-Windows-Security-Auditing",
      "machine_name": "WIN-H96JM6F374S",
      "message": "Special privileges assigned to new logon.",
      "subject_account": "opsadmin3",
      "subject_domain": "WIN-H96JM6F374S",
      "subject_security_id": "S-1-5-21-1843355061-959072039-615746888-8992",
      "subject_logon_id": "0x11B3F",
      "new_logon_account": null,
      "new_logon_domain": null,
      "new_logon_security_id": null,
      "new_logon_logon_id": null,
      "target_account": null,
      "target_domain": null,
      "target_security_id": null,
      "logon_type": null,
      "elevated_token": null,
      "virtual_account": null,
      "restricted_admin_mode": null,
      "workstation_name": null,
      "source_network_address": null,
      "source_port": null,
      "process_name": null,
      "failure_reason": null,
      "status": null,
      "substatus": null,
      "logon_process": null,
      "authentication_package": null,
      "privileges": [
        "SeSecurityPrivilege",
        "SeTakeOwnershipPrivilege",
        "SeBackupPrivilege",
        "SeRestorePrivilege"
      ],
      "scenario_id": "PRIV-LOGON-0046"
    },
    {
      "event_id": 4672,
      "timestamp": "13/06/2026 16:56:14",
      "provider_name": "Microsoft-Windows-Security-Auditing",
      "machine_name": "WIN-H96JM6F374S",
      "message": "Special privileges assigned to new logon.",
      "subject_account": "opsadmin1",
      "subject_domain": "WIN-H96JM6F374S",
      "subject_security_id": "S-1-5-21-1843355061-959072039-615746888-4371",
      "subject_logon_id": "0x1774B",
      "new_logon_account": null,
      "new_logon_domain": null,
      "new_logon_security_id": null,
      "new_logon_logon_id": null,
      "target_account": null,
      "target_domain": null,
      "target_security_id": null,
      "logon_type": null,
      "elevated_token": null,
      "virtual_account": null,
      "restricted_admin_mode": null,
      "workstation_name": null,
      "source_network_address": null,
      "source_port": null,
      "process_name": null,
      "failure_reason": null,
      "status": null,
      "substatus": null,
      "logon_process": null,
      "authentication_package": null,
      "privileges": [
        "SeSecurityPrivilege",
        "SeTakeOwnershipPrivilege",
        "SeBackupPrivilege",
        "SeRestorePrivilege"
      ],
      "scenario_id": "PRIV-LOGON-0047"
    },
    {
      "event_id": 4672,
      "timestamp": "13/06/2026 16:56:24",
      "provider_name": "Microsoft-Windows-Security-Auditing",
      "machine_name": "WIN-H96JM6F374S",
      "message": "Special privileges assigned to new logon.",
      "subject_account": "opsadmin1",
      "subject_domain": "WIN-H96JM6F374S",
      "subject_security_id": "S-1-5-21-1843355061-959072039-615746888-9138",
      "subject_logon_id": "0xEB964",
      "new_logon_account": null,
      "new_logon_domain": null,
      "new_logon_security_id": null,
      "new_logon_logon_id": null,
      "target_account": null,
      "target_domain": null,
      "target_security_id": null,
      "logon_type": null,
      "elevated_token": null,
      "virtual_account": null,
      "restricted_admin_mode": null,
      "workstation_name": null,
      "source_network_address": null,
      "source_port": null,
      "process_name": null,
      "failure_reason": null,
      "status": null,
      "substatus": null,
      "logon_process": null,
      "authentication_package": null,
      "privileges": [
        "SeSecurityPrivilege",
        "SeTakeOwnershipPrivilege",
        "SeBackupPrivilege",
        "SeRestorePrivilege"
      ],
      "scenario_id": "PRIV-LOGON-0048"
    },
    {
      "event_id": 4672,
      "timestamp": "13/06/2026 16:56:31",
      "provider_name": "Microsoft-Windows-Security-Auditing",
      "machine_name": "WS2022-LAB02",
      "message": "Special privileges assigned to new logon.",
      "subject_account": "opsadmin1",
      "subject_domain": "WS2022-LAB02",
      "subject_security_id": "S-1-5-21-1843355061-959072039-615746888-6735",
      "subject_logon_id": "0xA2725",
      "new_logon_account": null,
      "new_logon_domain": null,
      "new_logon_security_id": null,
      "new_logon_logon_id": null,
      "target_account": null,
      "target_domain": null,
      "target_security_id": null,
      "logon_type": null,
      "elevated_token": null,
      "virtual_account": null,
      "restricted_admin_mode": null,
      "workstation_name": null,
      "source_network_address": null,
      "source_port": null,
      "process_name": null,
      "failure_reason": null,
      "status": null,
      "substatus": null,
      "logon_process": null,
      "authentication_package": null,
      "privileges": [
        "SeSecurityPrivilege",
        "SeTakeOwnershipPrivilege",
        "SeBackupPrivilege",
        "SeRestorePrivilege"
      ],
      "scenario_id": "PRIV-LOGON-0049"
    },
    {
      "event_id": 4672,
      "timestamp": "13/06/2026 16:57:11",
      "provider_name": "Microsoft-Windows-Security-Auditing",
      "machine_name": "WS2022-LAB02",
      "message": "Special privileges assigned to new logon.",
      "subject_account": "opsadmin2",
      "subject_domain": "WS2022-LAB02",
      "subject_security_id": "S-1-5-21-1843355061-959072039-615746888-8516",
      "subject_logon_id": "0xE7796",
      "new_logon_account": null,
      "new_logon_domain": null,
      "new_logon_security_id": null,
      "new_logon_logon_id": null,
      "target_account": null,
      "target_domain": null,
      "target_security_id": null,
      "logon_type": null,
      "elevated_token": null,
      "virtual_account": null,
      "restricted_admin_mode": null,
      "workstation_name": null,
      "source_network_address": null,
      "source_port": null,
      "process_name": null,
      "failure_reason": null,
      "status": null,
      "substatus": null,
      "logon_process": null,
      "authentication_package": null,
      "privileges": [
        "SeSecurityPrivilege",
        "SeTakeOwnershipPrivilege",
        "SeBackupPrivilege",
        "SeRestorePrivilege"
      ],
      "scenario_id": "PRIV-LOGON-0050"
    },
    {
      "event_id": 4672,
      "timestamp": "13/06/2026 16:57:51",
      "provider_name": "Microsoft-Windows-Security-Auditing",
      "machine_name": "WIN-H96JM6F374S",
      "message": "Special privileges assigned to new logon.",
      "subject_account": "opsadmin3",
      "subject_domain": "WIN-H96JM6F374S",
      "subject_security_id": "S-1-5-21-1843355061-959072039-615746888-1573",
      "subject_logon_id": "0x9D927",
      "new_logon_account": null,
      "new_logon_domain": null,
      "new_logon_security_id": null,
      "new_logon_logon_id": null,
      "target_account": null,
      "target_domain": null,
      "target_security_id": null,
      "logon_type": null,
      "elevated_token": null,
      "virtual_account": null,
      "restricted_admin_mode": null,
      "workstation_name": null,
      "source_network_address": null,
      "source_port": null,
      "process_name": null,
      "failure_reason": null,
      "status": null,
      "substatus": null,
      "logon_process": null,
      "authentication_package": null,
      "privileges": [
        "SeSecurityPrivilege",
        "SeTakeOwnershipPrivilege",
        "SeBackupPrivilege",
        "SeRestorePrivilege"
      ],
      "scenario_id": "PRIV-LOGON-0051"
    },
    {
      "event_id": 4672,
      "timestamp": "13/06/2026 16:58:24",
      "provider_name": "Microsoft-Windows-Security-Auditing",
      "machine_name": "WS2022-LAB01",
      "message": "Special privileges assigned to new logon.",
      "subject_account": "labadmin",
      "subject_domain": "WS2022-LAB01",
      "subject_security_id": "S-1-5-21-1843355061-959072039-615746888-7774",
      "subject_logon_id": "0x6AE94",
      "new_logon_account": null,
      "new_logon_domain": null,
      "new_logon_security_id": null,
      "new_logon_logon_id": null,
      "target_account": null,
      "target_domain": null,
      "target_security_id": null,
      "logon_type": null,
      "elevated_token": null,
      "virtual_account": null,
      "restricted_admin_mode": null,
      "workstation_name": null,
      "source_network_address": null,
      "source_port": null,
      "process_name": null,
      "failure_reason": null,
      "status": null,
      "substatus": null,
      "logon_process": null,
      "authentication_package": null,
      "privileges": [
        "SeSecurityPrivilege",
        "SeTakeOwnershipPrivilege",
        "SeBackupPrivilege",
        "SeRestorePrivilege"
      ],
      "scenario_id": "PRIV-LOGON-0052"
    },
    {
      "event_id": 4672,
      "timestamp": "13/06/2026 16:59:00",
      "provider_name": "Microsoft-Windows-Security-Auditing",
      "machine_name": "WS2022-LAB01",
      "message": "Special privileges assigned to new logon.",
      "subject_account": "labadmin",
      "subject_domain": "WS2022-LAB01",
      "subject_security_id": "S-1-5-21-1843355061-959072039-615746888-8364",
      "subject_logon_id": "0xB0B28",
      "new_logon_account": null,
      "new_logon_domain": null,
      "new_logon_security_id": null,
      "new_logon_logon_id": null,
      "target_account": null,
      "target_domain": null,
      "target_security_id": null,
      "logon_type": null,
      "elevated_token": null,
      "virtual_account": null,
      "restricted_admin_mode": null,
      "workstation_name": null,
      "source_network_address": null,
      "source_port": null,
      "process_name": null,
      "failure_reason": null,
      "status": null,
      "substatus": null,
      "logon_process": null,
      "authentication_package": null,
      "privileges": [
        "SeSecurityPrivilege",
        "SeTakeOwnershipPrivilege",
        "SeBackupPrivilege",
        "SeRestorePrivilege"
      ],
      "scenario_id": "PRIV-LOGON-0053"
    },
    {
      "event_id": 4672,
      "timestamp": "13/06/2026 16:59:22",
      "provider_name": "Microsoft-Windows-Security-Auditing",
      "machine_name": "WS2022-LAB01",
      "message": "Special privileges assigned to new logon.",
      "subject_account": "opsadmin1",
      "subject_domain": "WS2022-LAB01",
      "subject_security_id": "S-1-5-21-1843355061-959072039-615746888-8162",
      "subject_logon_id": "0x5277E",
      "new_logon_account": null,
      "new_logon_domain": null,
      "new_logon_security_id": null,
      "new_logon_logon_id": null,
      "target_account": null,
      "target_domain": null,
      "target_security_id": null,
      "logon_type": null,
      "elevated_token": null,
      "virtual_account": null,
      "restricted_admin_mode": null,
      "workstation_name": null,
      "source_network_address": null,
      "source_port": null,
      "process_name": null,
      "failure_reason": null,
      "status": null,
      "substatus": null,
      "logon_process": null,
      "authentication_package": null,
      "privileges": [
        "SeSecurityPrivilege",
        "SeTakeOwnershipPrivilege",
        "SeBackupPrivilege",
        "SeRestorePrivilege"
      ],
      "scenario_id": "PRIV-LOGON-0054"
    },
    {
      "event_id": 4672,
      "timestamp": "13/06/2026 16:59:36",
      "provider_name": "Microsoft-Windows-Security-Auditing",
      "machine_name": "WS2022-LAB01",
      "message": "Special privileges assigned to new logon.",
      "subject_account": "labadmin",
      "subject_domain": "WS2022-LAB01",
      "subject_security_id": "S-1-5-21-1843355061-959072039-615746888-8149",
      "subject_logon_id": "0xA1C7B",
      "new_logon_account": null,
      "new_logon_domain": null,
      "new_logon_security_id": null,
      "new_logon_logon_id": null,
      "target_account": null,
      "target_domain": null,
      "target_security_id": null,
      "logon_type": null,
      "elevated_token": null,
      "virtual_account": null,
      "restricted_admin_mode": null,
      "workstation_name": null,
      "source_network_address": null,
      "source_port": null,
      "process_name": null,
      "failure_reason": null,
      "status": null,
      "substatus": null,
      "logon_process": null,
      "authentication_package": null,
      "privileges": [
        "SeSecurityPrivilege",
        "SeTakeOwnershipPrivilege",
        "SeBackupPrivilege",
        "SeRestorePrivilege"
      ],
      "scenario_id": "PRIV-LOGON-0055"
    },
    {
      "event_id": 4672,
      "timestamp": "13/06/2026 16:59:46",
      "provider_name": "Microsoft-Windows-Security-Auditing",
      "machine_name": "WIN-H96JM6F374S",
      "message": "Special privileges assigned to new logon.",
      "subject_account": "opsadmin1",
      "subject_domain": "WIN-H96JM6F374S",
      "subject_security_id": "S-1-5-21-1843355061-959072039-615746888-9082",
      "subject_logon_id": "0xD82FF",
      "new_logon_account": null,
      "new_logon_domain": null,
      "new_logon_security_id": null,
      "new_logon_logon_id": null,
      "target_account": null,
      "target_domain": null,
      "target_security_id": null,
      "logon_type": null,
      "elevated_token": null,
      "virtual_account": null,
      "restricted_admin_mode": null,
      "workstation_name": null,
      "source_network_address": null,
      "source_port": null,
      "process_name": null,
      "failure_reason": null,
      "status": null,
      "substatus": null,
      "logon_process": null,
      "authentication_package": null,
      "privileges": [
        "SeSecurityPrivilege",
        "SeTakeOwnershipPrivilege",
        "SeBackupPrivilege",
        "SeRestorePrivilege"
      ],
      "scenario_id": "PRIV-LOGON-0056"
    },
    {
      "event_id": 4672,
      "timestamp": "13/06/2026 17:00:11",
      "provider_name": "Microsoft-Windows-Security-Auditing",
      "machine_name": "WS2022-LAB01",
      "message": "Special privileges assigned to new logon.",
      "subject_account": "labadmin",
      "subject_domain": "WS2022-LAB01",
      "subject_security_id": "S-1-5-21-1843355061-959072039-615746888-4647",
      "subject_logon_id": "0x6081D",
      "new_logon_account": null,
      "new_logon_domain": null,
      "new_logon_security_id": null,
      "new_logon_logon_id": null,
      "target_account": null,
      "target_domain": null,
      "target_security_id": null,
      "logon_type": null,
      "elevated_token": null,
      "virtual_account": null,
      "restricted_admin_mode": null,
      "workstation_name": null,
      "source_network_address": null,
      "source_port": null,
      "process_name": null,
      "failure_reason": null,
      "status": null,
      "substatus": null,
      "logon_process": null,
      "authentication_package": null,
      "privileges": [
        "SeSecurityPrivilege",
        "SeTakeOwnershipPrivilege",
        "SeBackupPrivilege",
        "SeRestorePrivilege"
      ],
      "scenario_id": "PRIV-LOGON-0057"
    },
    {
      "event_id": 4672,
      "timestamp": "13/06/2026 17:00:17",
      "provider_name": "Microsoft-Windows-Security-Auditing",
      "machine_name": "WS2022-LAB02",
      "message": "Special privileges assigned to new logon.",
      "subject_account": "labadmin",
      "subject_domain": "WS2022-LAB02",
      "subject_security_id": "S-1-5-21-1843355061-959072039-615746888-2625",
      "subject_logon_id": "0x39DBA",
      "new_logon_account": null,
      "new_logon_domain": null,
      "new_logon_security_id": null,
      "new_logon_logon_id": null,
      "target_account": null,
      "target_domain": null,
      "target_security_id": null,
      "logon_type": null,
      "elevated_token": null,
      "virtual_account": null,
      "restricted_admin_mode": null,
      "workstation_name": null,
      "source_network_address": null,
      "source_port": null,
      "process_name": null,
      "failure_reason": null,
      "status": null,
      "substatus": null,
      "logon_process": null,
      "authentication_package": null,
      "privileges": [
        "SeSecurityPrivilege",
        "SeTakeOwnershipPrivilege",
        "SeBackupPrivilege",
        "SeRestorePrivilege"
      ],
      "scenario_id": "PRIV-LOGON-0058"
    },
    {
      "event_id": 4672,
      "timestamp": "13/06/2026 17:00:29",
      "provider_name": "Microsoft-Windows-Security-Auditing",
      "machine_name": "WS2022-LAB01",
      "message": "Special privileges assigned to new logon.",
      "subject_account": "opsadmin2",
      "subject_domain": "WS2022-LAB01",
      "subject_security_id": "S-1-5-21-1843355061-959072039-615746888-4844",
      "subject_logon_id": "0x999CE",
      "new_logon_account": null,
      "new_logon_domain": null,
      "new_logon_security_id": null,
      "new_logon_logon_id": null,
      "target_account": null,
      "target_domain": null,
      "target_security_id": null,
      "logon_type": null,
      "elevated_token": null,
      "virtual_account": null,
      "restricted_admin_mode": null,
      "workstation_name": null,
      "source_network_address": null,
      "source_port": null,
      "process_name": null,
      "failure_reason": null,
      "status": null,
      "substatus": null,
      "logon_process": null,
      "authentication_package": null,
      "privileges": [
        "SeSecurityPrivilege",
        "SeTakeOwnershipPrivilege",
        "SeBackupPrivilege",
        "SeRestorePrivilege"
      ],
      "scenario_id": "PRIV-LOGON-0059"
    },
    {
      "event_id": 4672,
      "timestamp": "13/06/2026 17:01:14",
      "provider_name": "Microsoft-Windows-Security-Auditing",
      "machine_name": "WS2022-LAB01",
      "message": "Special privileges assigned to new logon.",
      "subject_account": "opsadmin2",
      "subject_domain": "WS2022-LAB01",
      "subject_security_id": "S-1-5-21-1843355061-959072039-615746888-2733",
      "subject_logon_id": "0xC5CDE",
      "new_logon_account": null,
      "new_logon_domain": null,
      "new_logon_security_id": null,
      "new_logon_logon_id": null,
      "target_account": null,
      "target_domain": null,
      "target_security_id": null,
      "logon_type": null,
      "elevated_token": null,
      "virtual_account": null,
      "restricted_admin_mode": null,
      "workstation_name": null,
      "source_network_address": null,
      "source_port": null,
      "process_name": null,
      "failure_reason": null,
      "status": null,
      "substatus": null,
      "logon_process": null,
      "authentication_package": null,
      "privileges": [
        "SeSecurityPrivilege",
        "SeTakeOwnershipPrivilege",
        "SeBackupPrivilege",
        "SeRestorePrivilege"
      ],
      "scenario_id": "PRIV-LOGON-0060"
    },
    {
      "event_id": 4672,
      "timestamp": "13/06/2026 17:01:45",
      "provider_name": "Microsoft-Windows-Security-Auditing",
      "machine_name": "WS2022-LAB01",
      "message": "Special privileges assigned to new logon.",
      "subject_account": "opsadmin2",
      "subject_domain": "WS2022-LAB01",
      "subject_security_id": "S-1-5-21-1843355061-959072039-615746888-7554",
      "subject_logon_id": "0x50504",
      "new_logon_account": null,
      "new_logon_domain": null,
      "new_logon_security_id": null,
      "new_logon_logon_id": null,
      "target_account": null,
      "target_domain": null,
      "target_security_id": null,
      "logon_type": null,
      "elevated_token": null,
      "virtual_account": null,
      "restricted_admin_mode": null,
      "workstation_name": null,
      "source_network_address": null,
      "source_port": null,
      "process_name": null,
      "failure_reason": null,
      "status": null,
      "substatus": null,
      "logon_process": null,
      "authentication_package": null,
      "privileges": [
        "SeSecurityPrivilege",
        "SeTakeOwnershipPrivilege",
        "SeBackupPrivilege",
        "SeRestorePrivilege"
      ],
      "scenario_id": "PRIV-LOGON-0061"
    },
    {
      "event_id": 4672,
      "timestamp": "13/06/2026 17:01:52",
      "provider_name": "Microsoft-Windows-Security-Auditing",
      "machine_name": "WS2022-LAB02",
      "message": "Special privileges assigned to new logon.",
      "subject_account": "labadmin",
      "subject_domain": "WS2022-LAB02",
      "subject_security_id": "S-1-5-21-1843355061-959072039-615746888-9208",
      "subject_logon_id": "0xABD60",
      "new_logon_account": null,
      "new_logon_domain": null,
      "new_logon_security_id": null,
      "new_logon_logon_id": null,
      "target_account": null,
      "target_domain": null,
      "target_security_id": null,
      "logon_type": null,
      "elevated_token": null,
      "virtual_account": null,
      "restricted_admin_mode": null,
      "workstation_name": null,
      "source_network_address": null,
      "source_port": null,
      "process_name": null,
      "failure_reason": null,
      "status": null,
      "substatus": null,
      "logon_process": null,
      "authentication_package": null,
      "privileges": [
        "SeSecurityPrivilege",
        "SeTakeOwnershipPrivilege",
        "SeBackupPrivilege",
        "SeRestorePrivilege"
      ],
      "scenario_id": "PRIV-LOGON-0062"
    },
    {
      "event_id": 4672,
      "timestamp": "13/06/2026 17:02:17",
      "provider_name": "Microsoft-Windows-Security-Auditing",
      "machine_name": "WS2022-LAB01",
      "message": "Special privileges assigned to new logon.",
      "subject_account": "opsadmin2",
      "subject_domain": "WS2022-LAB01",
      "subject_security_id": "S-1-5-21-1843355061-959072039-615746888-2184",
      "subject_logon_id": "0x83677",
      "new_logon_account": null,
      "new_logon_domain": null,
      "new_logon_security_id": null,
      "new_logon_logon_id": null,
      "target_account": null,
      "target_domain": null,
      "target_security_id": null,
      "logon_type": null,
      "elevated_token": null,
      "virtual_account": null,
      "restricted_admin_mode": null,
      "workstation_name": null,
      "source_network_address": null,
      "source_port": null,
      "process_name": null,
      "failure_reason": null,
      "status": null,
      "substatus": null,
      "logon_process": null,
      "authentication_package": null,
      "privileges": [
        "SeSecurityPrivilege",
        "SeTakeOwnershipPrivilege",
        "SeBackupPrivilege",
        "SeRestorePrivilege"
      ],
      "scenario_id": "PRIV-LOGON-0063"
    },
    {
      "event_id": 4672,
      "timestamp": "13/06/2026 17:02:38",
      "provider_name": "Microsoft-Windows-Security-Auditing",
      "machine_name": "WIN-H96JM6F374S",
      "message": "Special privileges assigned to new logon.",
      "subject_account": "opsadmin1",
      "subject_domain": "WIN-H96JM6F374S",
      "subject_security_id": "S-1-5-21-1843355061-959072039-615746888-1724",
      "subject_logon_id": "0x2CC14",
      "new_logon_account": null,
      "new_logon_domain": null,
      "new_logon_security_id": null,
      "new_logon_logon_id": null,
      "target_account": null,
      "target_domain": null,
      "target_security_id": null,
      "logon_type": null,
      "elevated_token": null,
      "virtual_account": null,
      "restricted_admin_mode": null,
      "workstation_name": null,
      "source_network_address": null,
      "source_port": null,
      "process_name": null,
      "failure_reason": null,
      "status": null,
      "substatus": null,
      "logon_process": null,
      "authentication_package": null,
      "privileges": [
        "SeSecurityPrivilege",
        "SeTakeOwnershipPrivilege",
        "SeBackupPrivilege",
        "SeRestorePrivilege"
      ],
      "scenario_id": "PRIV-LOGON-0064"
    },
    {
      "event_id": 4672,
      "timestamp": "13/06/2026 17:02:58",
      "provider_name": "Microsoft-Windows-Security-Auditing",
      "machine_name": "WS2022-LAB02",
      "message": "Special privileges assigned to new logon.",
      "subject_account": "opsadmin3",
      "subject_domain": "WS2022-LAB02",
      "subject_security_id": "S-1-5-21-1843355061-959072039-615746888-3824",
      "subject_logon_id": "0xA0F76",
      "new_logon_account": null,
      "new_logon_domain": null,
      "new_logon_security_id": null,
      "new_logon_logon_id": null,
      "target_account": null,
      "target_domain": null,
      "target_security_id": null,
      "logon_type": null,
      "elevated_token": null,
      "virtual_account": null,
      "restricted_admin_mode": null,
      "workstation_name": null,
      "source_network_address": null,
      "source_port": null,
      "process_name": null,
      "failure_reason": null,
      "status": null,
      "substatus": null,
      "logon_process": null,
      "authentication_package": null,
      "privileges": [
        "SeSecurityPrivilege",
        "SeTakeOwnershipPrivilege",
        "SeBackupPrivilege",
        "SeRestorePrivilege"
      ],
      "scenario_id": "PRIV-LOGON-0065"
    },
    {
      "event_id": 4672,
      "timestamp": "13/06/2026 17:03:35",
      "provider_name": "Microsoft-Windows-Security-Auditing",
      "machine_name": "WS2022-LAB02",
      "message": "Special privileges assigned to new logon.",
      "subject_account": "opsadmin3",
      "subject_domain": "WS2022-LAB02",
      "subject_security_id": "S-1-5-21-1843355061-959072039-615746888-4421",
      "subject_logon_id": "0x7E679",
      "new_logon_account": null,
      "new_logon_domain": null,
      "new_logon_security_id": null,
      "new_logon_logon_id": null,
      "target_account": null,
      "target_domain": null,
      "target_security_id": null,
      "logon_type": null,
      "elevated_token": null,
      "virtual_account": null,
      "restricted_admin_mode": null,
      "workstation_name": null,
      "source_network_address": null,
      "source_port": null,
      "process_name": null,
      "failure_reason": null,
      "status": null,
      "substatus": null,
      "logon_process": null,
      "authentication_package": null,
      "privileges": [
        "SeSecurityPrivilege",
        "SeTakeOwnershipPrivilege",
        "SeBackupPrivilege",
        "SeRestorePrivilege"
      ],
      "scenario_id": "PRIV-LOGON-0066"
    },
    {
      "event_id": 4672,
      "timestamp": "13/06/2026 17:03:53",
      "provider_name": "Microsoft-Windows-Security-Auditing",
      "machine_name": "WIN-H96JM6F374S",
      "message": "Special privileges assigned to new logon.",
      "subject_account": "opsadmin1",
      "subject_domain": "WIN-H96JM6F374S",
      "subject_security_id": "S-1-5-21-1843355061-959072039-615746888-5822",
      "subject_logon_id": "0xD5030",
      "new_logon_account": null,
      "new_logon_domain": null,
      "new_logon_security_id": null,
      "new_logon_logon_id": null,
      "target_account": null,
      "target_domain": null,
      "target_security_id": null,
      "logon_type": null,
      "elevated_token": null,
      "virtual_account": null,
      "restricted_admin_mode": null,
      "workstation_name": null,
      "source_network_address": null,
      "source_port": null,
      "process_name": null,
      "failure_reason": null,
      "status": null,
      "substatus": null,
      "logon_process": null,
      "authentication_package": null,
      "privileges": [
        "SeSecurityPrivilege",
        "SeTakeOwnershipPrivilege",
        "SeBackupPrivilege",
        "SeRestorePrivilege"
      ],
      "scenario_id": "PRIV-LOGON-0067"
    },
    {
      "event_id": 4672,
      "timestamp": "13/06/2026 17:04:37",
      "provider_name": "Microsoft-Windows-Security-Auditing",
      "machine_name": "WS2022-LAB02",
      "message": "Special privileges assigned to new logon.",
      "subject_account": "labadmin",
      "subject_domain": "WS2022-LAB02",
      "subject_security_id": "S-1-5-21-1843355061-959072039-615746888-8736",
      "subject_logon_id": "0xEECE2",
      "new_logon_account": null,
      "new_logon_domain": null,
      "new_logon_security_id": null,
      "new_logon_logon_id": null,
      "target_account": null,
      "target_domain": null,
      "target_security_id": null,
      "logon_type": null,
      "elevated_token": null,
      "virtual_account": null,
      "restricted_admin_mode": null,
      "workstation_name": null,
      "source_network_address": null,
      "source_port": null,
      "process_name": null,
      "failure_reason": null,
      "status": null,
      "substatus": null,
      "logon_process": null,
      "authentication_package": null,
      "privileges": [
        "SeSecurityPrivilege",
        "SeTakeOwnershipPrivilege",
        "SeBackupPrivilege",
        "SeRestorePrivilege"
      ],
      "scenario_id": "PRIV-LOGON-0068"
    },
    {
      "event_id": 4672,
      "timestamp": "13/06/2026 17:04:45",
      "provider_name": "Microsoft-Windows-Security-Auditing",
      "machine_name": "WS2022-LAB01",
      "message": "Special privileges assigned to new logon.",
      "subject_account": "opsadmin2",
      "subject_domain": "WS2022-LAB01",
      "subject_security_id": "S-1-5-21-1843355061-959072039-615746888-7668",
      "subject_logon_id": "0xC2DD7",
      "new_logon_account": null,
      "new_logon_domain": null,
      "new_logon_security_id": null,
      "new_logon_logon_id": null,
      "target_account": null,
      "target_domain": null,
      "target_security_id": null,
      "logon_type": null,
      "elevated_token": null,
      "virtual_account": null,
      "restricted_admin_mode": null,
      "workstation_name": null,
      "source_network_address": null,
      "source_port": null,
      "process_name": null,
      "failure_reason": null,
      "status": null,
      "substatus": null,
      "logon_process": null,
      "authentication_package": null,
      "privileges": [
        "SeSecurityPrivilege",
        "SeTakeOwnershipPrivilege",
        "SeBackupPrivilege",
        "SeRestorePrivilege"
      ],
      "scenario_id": "PRIV-LOGON-0069"
    },
    {
      "event_id": 4672,
      "timestamp": "13/06/2026 17:05:09",
      "provider_name": "Microsoft-Windows-Security-Auditing",
      "machine_name": "WS2022-LAB02",
      "message": "Special privileges assigned to new logon.",
      "subject_account": "opsadmin3",
      "subject_domain": "WS2022-LAB02",
      "subject_security_id": "S-1-5-21-1843355061-959072039-615746888-1394",
      "subject_logon_id": "0x3B672",
      "new_logon_account": null,
      "new_logon_domain": null,
      "new_logon_security_id": null,
      "new_logon_logon_id": null,
      "target_account": null,
      "target_domain": null,
      "target_security_id": null,
      "logon_type": null,
      "elevated_token": null,
      "virtual_account": null,
      "restricted_admin_mode": null,
      "workstation_name": null,
      "source_network_address": null,
      "source_port": null,
      "process_name": null,
      "failure_reason": null,
      "status": null,
      "substatus": null,
      "logon_process": null,
      "authentication_package": null,
      "privileges": [
        "SeSecurityPrivilege",
        "SeTakeOwnershipPrivilege",
        "SeBackupPrivilege",
        "SeRestorePrivilege"
      ],
      "scenario_id": "PRIV-LOGON-0070"
    },
    {
      "event_id": 4672,
      "timestamp": "13/06/2026 17:05:31",
      "provider_name": "Microsoft-Windows-Security-Auditing",
      "machine_name": "WIN-H96JM6F374S",
      "message": "Special privileges assigned to new logon.",
      "subject_account": "opsadmin1",
      "subject_domain": "WIN-H96JM6F374S",
      "subject_security_id": "S-1-5-21-1843355061-959072039-615746888-1784",
      "subject_logon_id": "0x3F1FF",
      "new_logon_account": null,
      "new_logon_domain": null,
      "new_logon_security_id": null,
      "new_logon_logon_id": null,
      "target_account": null,
      "target_domain": null,
      "target_security_id": null,
      "logon_type": null,
      "elevated_token": null,
      "virtual_account": null,
      "restricted_admin_mode": null,
      "workstation_name": null,
      "source_network_address": null,
      "source_port": null,
      "process_name": null,
      "failure_reason": null,
      "status": null,
      "substatus": null,
      "logon_process": null,
      "authentication_package": null,
      "privileges": [
        "SeSecurityPrivilege",
        "SeTakeOwnershipPrivilege",
        "SeBackupPrivilege",
        "SeRestorePrivilege"
      ],
      "scenario_id": "PRIV-LOGON-0071"
    },
    {
      "event_id": 4672,
      "timestamp": "13/06/2026 17:05:44",
      "provider_name": "Microsoft-Windows-Security-Auditing",
      "machine_name": "WS2022-LAB02",
      "message": "Special privileges assigned to new logon.",
      "subject_account": "labadmin",
      "subject_domain": "WS2022-LAB02",
      "subject_security_id": "S-1-5-21-1843355061-959072039-615746888-3195",
      "subject_logon_id": "0x3C16D",
      "new_logon_account": null,
      "new_logon_domain": null,
      "new_logon_security_id": null,
      "new_logon_logon_id": null,
      "target_account": null,
      "target_domain": null,
      "target_security_id": null,
      "logon_type": null,
      "elevated_token": null,
      "virtual_account": null,
      "restricted_admin_mode": null,
      "workstation_name": null,
      "source_network_address": null,
      "source_port": null,
      "process_name": null,
      "failure_reason": null,
      "status": null,
      "substatus": null,
      "logon_process": null,
      "authentication_package": null,
      "privileges": [
        "SeSecurityPrivilege",
        "SeTakeOwnershipPrivilege",
        "SeBackupPrivilege",
        "SeRestorePrivilege"
      ],
      "scenario_id": "PRIV-LOGON-0072"
    },
    {
      "event_id": 4672,
      "timestamp": "13/06/2026 17:05:52",
      "provider_name": "Microsoft-Windows-Security-Auditing",
      "machine_name": "WS2022-LAB02",
      "message": "Special privileges assigned to new logon.",
      "subject_account": "opsadmin3",
      "subject_domain": "WS2022-LAB02",
      "subject_security_id": "S-1-5-21-1843355061-959072039-615746888-9514",
      "subject_logon_id": "0x314EA",
      "new_logon_account": null,
      "new_logon_domain": null,
      "new_logon_security_id": null,
      "new_logon_logon_id": null,
      "target_account": null,
      "target_domain": null,
      "target_security_id": null,
      "logon_type": null,
      "elevated_token": null,
      "virtual_account": null,
      "restricted_admin_mode": null,
      "workstation_name": null,
      "source_network_address": null,
      "source_port": null,
      "process_name": null,
      "failure_reason": null,
      "status": null,
      "substatus": null,
      "logon_process": null,
      "authentication_package": null,
      "privileges": [
        "SeSecurityPrivilege",
        "SeTakeOwnershipPrivilege",
        "SeBackupPrivilege",
        "SeRestorePrivilege"
      ],
      "scenario_id": "PRIV-LOGON-0073"
    },
    {
      "event_id": 4672,
      "timestamp": "13/06/2026 17:06:09",
      "provider_name": "Microsoft-Windows-Security-Auditing",
      "machine_name": "WIN-H96JM6F374S",
      "message": "Special privileges assigned to new logon.",
      "subject_account": "opsadmin1",
      "subject_domain": "WIN-H96JM6F374S",
      "subject_security_id": "S-1-5-21-1843355061-959072039-615746888-3187",
      "subject_logon_id": "0x6473C",
      "new_logon_account": null,
      "new_logon_domain": null,
      "new_logon_security_id": null,
      "new_logon_logon_id": null,
      "target_account": null,
      "target_domain": null,
      "target_security_id": null,
      "logon_type": null,
      "elevated_token": null,
      "virtual_account": null,
      "restricted_admin_mode": null,
      "workstation_name": null,
      "source_network_address": null,
      "source_port": null,
      "process_name": null,
      "failure_reason": null,
      "status": null,
      "substatus": null,
      "logon_process": null,
      "authentication_package": null,
      "privileges": [
        "SeSecurityPrivilege",
        "SeTakeOwnershipPrivilege",
        "SeBackupPrivilege",
        "SeRestorePrivilege"
      ],
      "scenario_id": "PRIV-LOGON-0074"
    },
    {
      "event_id": 4672,
      "timestamp": "13/06/2026 17:06:45",
      "provider_name": "Microsoft-Windows-Security-Auditing",
      "machine_name": "WS2022-LAB01",
      "message": "Special privileges assigned to new logon.",
      "subject_account": "opsadmin2",
      "subject_domain": "WS2022-LAB01",
      "subject_security_id": "S-1-5-21-1843355061-959072039-615746888-1211",
      "subject_logon_id": "0x87F19",
      "new_logon_account": null,
      "new_logon_domain": null,
      "new_logon_security_id": null,
      "new_logon_logon_id": null,
      "target_account": null,
      "target_domain": null,
      "target_security_id": null,
      "logon_type": null,
      "elevated_token": null,
      "virtual_account": null,
      "restricted_admin_mode": null,
      "workstation_name": null,
      "source_network_address": null,
      "source_port": null,
      "process_name": null,
      "failure_reason": null,
      "status": null,
      "substatus": null,
      "logon_process": null,
      "authentication_package": null,
      "privileges": [
        "SeSecurityPrivilege",
        "SeTakeOwnershipPrivilege",
        "SeBackupPrivilege",
        "SeRestorePrivilege"
      ],
      "scenario_id": "PRIV-LOGON-0075"
    },
    {
      "event_id": 4672,
      "timestamp": "13/06/2026 17:07:06",
      "provider_name": "Microsoft-Windows-Security-Auditing",
      "machine_name": "WS2022-LAB01",
      "message": "Special privileges assigned to new logon.",
      "subject_account": "opsadmin1",
      "subject_domain": "WS2022-LAB01",
      "subject_security_id": "S-1-5-21-1843355061-959072039-615746888-3912",
      "subject_logon_id": "0xCC617",
      "new_logon_account": null,
      "new_logon_domain": null,
      "new_logon_security_id": null,
      "new_logon_logon_id": null,
      "target_account": null,
      "target_domain": null,
      "target_security_id": null,
      "logon_type": null,
      "elevated_token": null,
      "virtual_account": null,
      "restricted_admin_mode": null,
      "workstation_name": null,
      "source_network_address": null,
      "source_port": null,
      "process_name": null,
      "failure_reason": null,
      "status": null,
      "substatus": null,
      "logon_process": null,
      "authentication_package": null,
      "privileges": [
        "SeSecurityPrivilege",
        "SeTakeOwnershipPrivilege",
        "SeBackupPrivilege",
        "SeRestorePrivilege"
      ],
      "scenario_id": "PRIV-LOGON-0076"
    },
    {
      "event_id": 4672,
      "timestamp": "13/06/2026 17:07:49",
      "provider_name": "Microsoft-Windows-Security-Auditing",
      "machine_name": "WS2022-LAB02",
      "message": "Special privileges assigned to new logon.",
      "subject_account": "opsadmin1",
      "subject_domain": "WS2022-LAB02",
      "subject_security_id": "S-1-5-21-1843355061-959072039-615746888-6293",
      "subject_logon_id": "0x4DAFB",
      "new_logon_account": null,
      "new_logon_domain": null,
      "new_logon_security_id": null,
      "new_logon_logon_id": null,
      "target_account": null,
      "target_domain": null,
      "target_security_id": null,
      "logon_type": null,
      "elevated_token": null,
      "virtual_account": null,
      "restricted_admin_mode": null,
      "workstation_name": null,
      "source_network_address": null,
      "source_port": null,
      "process_name": null,
      "failure_reason": null,
      "status": null,
      "substatus": null,
      "logon_process": null,
      "authentication_package": null,
      "privileges": [
        "SeSecurityPrivilege",
        "SeTakeOwnershipPrivilege",
        "SeBackupPrivilege",
        "SeRestorePrivilege"
      ],
      "scenario_id": "PRIV-LOGON-0077"
    },
    {
      "event_id": 4672,
      "timestamp": "13/06/2026 17:08:16",
      "provider_name": "Microsoft-Windows-Security-Auditing",
      "machine_name": "WIN-H96JM6F374S",
      "message": "Special privileges assigned to new logon.",
      "subject_account": "opsadmin2",
      "subject_domain": "WIN-H96JM6F374S",
      "subject_security_id": "S-1-5-21-1843355061-959072039-615746888-1975",
      "subject_logon_id": "0x28AE0",
      "new_logon_account": null,
      "new_logon_domain": null,
      "new_logon_security_id": null,
      "new_logon_logon_id": null,
      "target_account": null,
      "target_domain": null,
      "target_security_id": null,
      "logon_type": null,
      "elevated_token": null,
      "virtual_account": null,
      "restricted_admin_mode": null,
      "workstation_name": null,
      "source_network_address": null,
      "source_port": null,
      "process_name": null,
      "failure_reason": null,
      "status": null,
      "substatus": null,
      "logon_process": null,
      "authentication_package": null,
      "privileges": [
        "SeSecurityPrivilege",
        "SeTakeOwnershipPrivilege",
        "SeBackupPrivilege",
        "SeRestorePrivilege"
      ],
      "scenario_id": "PRIV-LOGON-0078"
    },
    {
      "event_id": 4672,
      "timestamp": "13/06/2026 17:08:34",
      "provider_name": "Microsoft-Windows-Security-Auditing",
      "machine_name": "WS2022-LAB02",
      "message": "Special privileges assigned to new logon.",
      "subject_account": "labadmin",
      "subject_domain": "WS2022-LAB02",
      "subject_security_id": "S-1-5-21-1843355061-959072039-615746888-9164",
      "subject_logon_id": "0x9328C",
      "new_logon_account": null,
      "new_logon_domain": null,
      "new_logon_security_id": null,
      "new_logon_logon_id": null,
      "target_account": null,
      "target_domain": null,
      "target_security_id": null,
      "logon_type": null,
      "elevated_token": null,
      "virtual_account": null,
      "restricted_admin_mode": null,
      "workstation_name": null,
      "source_network_address": null,
      "source_port": null,
      "process_name": null,
      "failure_reason": null,
      "status": null,
      "substatus": null,
      "logon_process": null,
      "authentication_package": null,
      "privileges": [
        "SeSecurityPrivilege",
        "SeTakeOwnershipPrivilege",
        "SeBackupPrivilege",
        "SeRestorePrivilege"
      ],
      "scenario_id": "PRIV-LOGON-0079"
    },
