TimeCreated  : 13/06/2026 11:41:28
Id           : 4624
ProviderName : Microsoft-Windows-Security-Auditing
MachineName  : WIN-H96JM6F374S
Message      : An account was successfully logged on.

               Subject:
               	Security ID:		S-1-5-18
               	Account Name:		WIN-H96JM6F374S$
               	Account Domain:		WORKGROUP
               	Logon ID:		0x2E858

               Logon Information:
               	Logon Type:		2
               	Restricted Admin Mode:		-
               	Virtual Account:		No
               	Elevated Token:		No

               New Logon:
               	Security ID:		S-1-5-21-1843355061-959072039-615746888-4674
               	Account Name:		testuser15
               	Account Domain:		WIN-H96JM6F374S
               	Logon ID:		0x9117B

               Process Information:
               	Process Name:		C:\Windows\System32\svchost.exe

               Network Information:
               	Workstation Name:		WIN-H96JM6F374S
               	Source Network Address:		127.0.0.1
               	Source Port:		0

TimeCreated  : 13/06/2026 11:41:40
Id           : 4624
ProviderName : Microsoft-Windows-Security-Auditing
MachineName  : WS2022-LAB01
Message      : An account was successfully logged on.

               Subject:
               	Security ID:		S-1-5-18
               	Account Name:		WS2022-LAB01$
               	Account Domain:		WORKGROUP
               	Logon ID:		0x8FA47

               Logon Information:
               	Logon Type:		2
               	Restricted Admin Mode:		-
               	Virtual Account:		No
               	Elevated Token:		No

               New Logon:
               	Security ID:		S-1-5-21-1843355061-959072039-615746888-5279
               	Account Name:		testuser12
               	Account Domain:		WS2022-LAB01
               	Logon ID:		0xA963F

               Process Information:
               	Process Name:		C:\Windows\System32\svchost.exe

               Network Information:
               	Workstation Name:		WS2022-LAB01
               	Source Network Address:		127.0.0.1
               	Source Port:		0

TimeCreated  : 13/06/2026 11:42:13
Id           : 4624
ProviderName : Microsoft-Windows-Security-Auditing
MachineName  : WS2022-LAB02
Message      : An account was successfully logged on.

               Subject:
               	Security ID:		S-1-5-18
               	Account Name:		WS2022-LAB02$
               	Account Domain:		WORKGROUP
               	Logon ID:		0xC3F0F

               Logon Information:
               	Logon Type:		2
               	Restricted Admin Mode:		-
               	Virtual Account:		No
               	Elevated Token:		No

               New Logon:
               	Security ID:		S-1-5-21-1843355061-959072039-615746888-3663
               	Account Name:		testuser4
               	Account Domain:		WS2022-LAB02
               	Logon ID:		0x65D4A

               Process Information:
               	Process Name:		C:\Windows\System32\svchost.exe

               Network Information:
               	Workstation Name:		WS2022-LAB02
               	Source Network Address:		127.0.0.1
               	Source Port:		0

TimeCreated  : 13/06/2026 11:42:28
Id           : 4624
ProviderName : Microsoft-Windows-Security-Auditing
MachineName  : WS2022-LAB02
Message      : An account was successfully logged on.

               Subject:
               	Security ID:		S-1-5-18
               	Account Name:		WS2022-LAB02$
               	Account Domain:		WORKGROUP
               	Logon ID:		0x3400F

               Logon Information:
               	Logon Type:		2
               	Restricted Admin Mode:		-
               	Virtual Account:		No
               	Elevated Token:		No

               New Logon:
               	Security ID:		S-1-5-21-1843355061-959072039-615746888-8521
               	Account Name:		testuser15
               	Account Domain:		WS2022-LAB02
               	Logon ID:		0xD583F

               Process Information:
               	Process Name:		C:\Windows\System32\svchost.exe

               Network Information:
               	Workstation Name:		WS2022-LAB02
               	Source Network Address:		127.0.0.1
               	Source Port:		0

TimeCreated  : 13/06/2026 11:43:11
Id           : 4624
ProviderName : Microsoft-Windows-Security-Auditing
MachineName  : WIN-H96JM6F374S
Message      : An account was successfully logged on.

               Subject:
               	Security ID:		S-1-5-18
               	Account Name:		WIN-H96JM6F374S$
               	Account Domain:		WORKGROUP
               	Logon ID:		0x112CC

               Logon Information:
               	Logon Type:		2
               	Restricted Admin Mode:		-
               	Virtual Account:		No
               	Elevated Token:		No

               New Logon:
               	Security ID:		S-1-5-21-1843355061-959072039-615746888-6994
               	Account Name:		testuser18
               	Account Domain:		WIN-H96JM6F374S
               	Logon ID:		0xF0FC9

               Process Information:
               	Process Name:		C:\Windows\System32\svchost.exe

               Network Information:
               	Workstation Name:		WIN-H96JM6F374S
               	Source Network Address:		127.0.0.1
               	Source Port:		0

TimeCreated  : 13/06/2026 11:43:42
Id           : 4624
ProviderName : Microsoft-Windows-Security-Auditing
MachineName  : WIN-H96JM6F374S
Message      : An account was successfully logged on.

               Subject:
               	Security ID:		S-1-5-18
               	Account Name:		WIN-H96JM6F374S$
               	Account Domain:		WORKGROUP
               	Logon ID:		0x295E9

               Logon Information:
               	Logon Type:		2
               	Restricted Admin Mode:		-
               	Virtual Account:		No
               	Elevated Token:		No

               New Logon:
               	Security ID:		S-1-5-21-1843355061-959072039-615746888-5477
               	Account Name:		testuser5
               	Account Domain:		WIN-H96JM6F374S
               	Logon ID:		0xD44B8

               Process Information:
               	Process Name:		C:\Windows\System32\svchost.exe

               Network Information:
               	Workstation Name:		WIN-H96JM6F374S
               	Source Network Address:		127.0.0.1
               	Source Port:		0

TimeCreated  : 13/06/2026 11:43:48
Id           : 4624
ProviderName : Microsoft-Windows-Security-Auditing
MachineName  : WS2022-LAB01
Message      : An account was successfully logged on.

               Subject:
               	Security ID:		S-1-5-18
               	Account Name:		WS2022-LAB01$
               	Account Domain:		WORKGROUP
               	Logon ID:		0x58BE7

               Logon Information:
               	Logon Type:		2
               	Restricted Admin Mode:		-
               	Virtual Account:		No
               	Elevated Token:		No

               New Logon:
               	Security ID:		S-1-5-21-1843355061-959072039-615746888-3055
               	Account Name:		testuser7
               	Account Domain:		WS2022-LAB01
               	Logon ID:		0xD4B92

               Process Information:
               	Process Name:		C:\Windows\System32\svchost.exe

               Network Information:
               	Workstation Name:		WS2022-LAB01
               	Source Network Address:		127.0.0.1
               	Source Port:		0

TimeCreated  : 13/06/2026 11:44:16
Id           : 4624
ProviderName : Microsoft-Windows-Security-Auditing
MachineName  : WS2022-LAB01
Message      : An account was successfully logged on.

               Subject:
               	Security ID:		S-1-5-18
               	Account Name:		WS2022-LAB01$
               	Account Domain:		WORKGROUP
               	Logon ID:		0x46913

               Logon Information:
               	Logon Type:		2
               	Restricted Admin Mode:		-
               	Virtual Account:		No
               	Elevated Token:		No

               New Logon:
               	Security ID:		S-1-5-21-1843355061-959072039-615746888-1239
               	Account Name:		testuser20
               	Account Domain:		WS2022-LAB01
               	Logon ID:		0xBCAC7

               Process Information:
               	Process Name:		C:\Windows\System32\svchost.exe

               Network Information:
               	Workstation Name:		WS2022-LAB01
               	Source Network Address:		127.0.0.1
               	Source Port:		0

TimeCreated  : 13/06/2026 11:44:27
Id           : 4624
ProviderName : Microsoft-Windows-Security-Auditing
MachineName  : WS2022-LAB02
Message      : An account was successfully logged on.

               Subject:
               	Security ID:		S-1-5-18
               	Account Name:		WS2022-LAB02$
               	Account Domain:		WORKGROUP
               	Logon ID:		0x3C42E

               Logon Information:
               	Logon Type:		2
               	Restricted Admin Mode:		-
               	Virtual Account:		No
               	Elevated Token:		No

               New Logon:
               	Security ID:		S-1-5-21-1843355061-959072039-615746888-5465
               	Account Name:		testuser15
               	Account Domain:		WS2022-LAB02
               	Logon ID:		0x28E7B

               Process Information:
               	Process Name:		C:\Windows\System32\svchost.exe

               Network Information:
               	Workstation Name:		WS2022-LAB02
               	Source Network Address:		10.0.0.96
               	Source Port:		0

TimeCreated  : 13/06/2026 11:44:53
Id           : 4624
ProviderName : Microsoft-Windows-Security-Auditing
MachineName  : WIN-H96JM6F374S
Message      : An account was successfully logged on.

               Subject:
               	Security ID:		S-1-5-18
               	Account Name:		WIN-H96JM6F374S$
               	Account Domain:		WORKGROUP
               	Logon ID:		0xB7B8A

               Logon Information:
               	Logon Type:		2
               	Restricted Admin Mode:		-
               	Virtual Account:		No
               	Elevated Token:		No

               New Logon:
               	Security ID:		S-1-5-21-1843355061-959072039-615746888-7517
               	Account Name:		testuser1
               	Account Domain:		WIN-H96JM6F374S
               	Logon ID:		0x83189

               Process Information:
               	Process Name:		C:\Windows\System32\svchost.exe

               Network Information:
               	Workstation Name:		WIN-H96JM6F374S
               	Source Network Address:		10.0.0.145
               	Source Port:		0

TimeCreated  : 13/06/2026 11:45:30
Id           : 4624
ProviderName : Microsoft-Windows-Security-Auditing
MachineName  : WIN-H96JM6F374S
Message      : An account was successfully logged on.

               Subject:
               	Security ID:		S-1-5-18
               	Account Name:		WIN-H96JM6F374S$
               	Account Domain:		WORKGROUP
               	Logon ID:		0xB04DE

               Logon Information:
               	Logon Type:		2
               	Restricted Admin Mode:		-
               	Virtual Account:		No
               	Elevated Token:		No

               New Logon:
               	Security ID:		S-1-5-21-1843355061-959072039-615746888-6223
               	Account Name:		testuser17
               	Account Domain:		WIN-H96JM6F374S
               	Logon ID:		0xBBB4C

               Process Information:
               	Process Name:		C:\Windows\System32\svchost.exe

               Network Information:
               	Workstation Name:		WIN-H96JM6F374S
               	Source Network Address:		127.0.0.1
               	Source Port:		0

TimeCreated  : 13/06/2026 11:46:14
Id           : 4624
ProviderName : Microsoft-Windows-Security-Auditing
MachineName  : WIN-H96JM6F374S
Message      : An account was successfully logged on.

               Subject:
               	Security ID:		S-1-5-18
               	Account Name:		WIN-H96JM6F374S$
               	Account Domain:		WORKGROUP
               	Logon ID:		0xF01CE

               Logon Information:
               	Logon Type:		2
               	Restricted Admin Mode:		-
               	Virtual Account:		No
               	Elevated Token:		No

               New Logon:
               	Security ID:		S-1-5-21-1843355061-959072039-615746888-6230
               	Account Name:		testuser14
               	Account Domain:		WIN-H96JM6F374S
               	Logon ID:		0xBDBBB

               Process Information:
               	Process Name:		C:\Windows\System32\svchost.exe

               Network Information:
               	Workstation Name:		WIN-H96JM6F374S
               	Source Network Address:		127.0.0.1
               	Source Port:		0

TimeCreated  : 13/06/2026 11:46:20
Id           : 4624
ProviderName : Microsoft-Windows-Security-Auditing
MachineName  : WIN-H96JM6F374S
Message      : An account was successfully logged on.

               Subject:
               	Security ID:		S-1-5-18
               	Account Name:		WIN-H96JM6F374S$
               	Account Domain:		WORKGROUP
               	Logon ID:		0x7BD5D

               Logon Information:
               	Logon Type:		2
               	Restricted Admin Mode:		-
               	Virtual Account:		No
               	Elevated Token:		No

               New Logon:
               	Security ID:		S-1-5-21-1843355061-959072039-615746888-8791
               	Account Name:		testuser5
               	Account Domain:		WIN-H96JM6F374S
               	Logon ID:		0x75C4B

               Process Information:
               	Process Name:		C:\Windows\System32\svchost.exe

               Network Information:
               	Workstation Name:		WIN-H96JM6F374S
               	Source Network Address:		127.0.0.1
               	Source Port:		0

TimeCreated  : 13/06/2026 11:46:36
Id           : 4624
ProviderName : Microsoft-Windows-Security-Auditing
MachineName  : WS2022-LAB01
Message      : An account was successfully logged on.

               Subject:
               	Security ID:		S-1-5-18
               	Account Name:		WS2022-LAB01$
               	Account Domain:		WORKGROUP
               	Logon ID:		0x15A92

               Logon Information:
               	Logon Type:		2
               	Restricted Admin Mode:		-
               	Virtual Account:		No
               	Elevated Token:		No

               New Logon:
               	Security ID:		S-1-5-21-1843355061-959072039-615746888-2415
               	Account Name:		testuser20
               	Account Domain:		WS2022-LAB01
               	Logon ID:		0xEF6AE

               Process Information:
               	Process Name:		C:\Windows\System32\svchost.exe

               Network Information:
               	Workstation Name:		WS2022-LAB01
               	Source Network Address:		127.0.0.1
               	Source Port:		0

TimeCreated  : 13/06/2026 11:46:48
Id           : 4624
ProviderName : Microsoft-Windows-Security-Auditing
MachineName  : WIN-H96JM6F374S
Message      : An account was successfully logged on.

               Subject:
               	Security ID:		S-1-5-18
               	Account Name:		WIN-H96JM6F374S$
               	Account Domain:		WORKGROUP
               	Logon ID:		0x655E8

               Logon Information:
               	Logon Type:		2
               	Restricted Admin Mode:		-
               	Virtual Account:		No
               	Elevated Token:		No

               New Logon:
               	Security ID:		S-1-5-21-1843355061-959072039-615746888-2329
               	Account Name:		testuser13
               	Account Domain:		WIN-H96JM6F374S
               	Logon ID:		0x2CACE

               Process Information:
               	Process Name:		C:\Windows\System32\svchost.exe

               Network Information:
               	Workstation Name:		WIN-H96JM6F374S
               	Source Network Address:		127.0.0.1
               	Source Port:		0

TimeCreated  : 13/06/2026 11:47:08
Id           : 4624
ProviderName : Microsoft-Windows-Security-Auditing
MachineName  : WS2022-LAB01
Message      : An account was successfully logged on.

               Subject:
               	Security ID:		S-1-5-18
               	Account Name:		WS2022-LAB01$
               	Account Domain:		WORKGROUP
               	Logon ID:		0xCE866

               Logon Information:
               	Logon Type:		2
               	Restricted Admin Mode:		-
               	Virtual Account:		No
               	Elevated Token:		No

               New Logon:
               	Security ID:		S-1-5-21-1843355061-959072039-615746888-4221
               	Account Name:		testuser12
               	Account Domain:		WS2022-LAB01
               	Logon ID:		0x35201

               Process Information:
               	Process Name:		C:\Windows\System32\svchost.exe

               Network Information:
               	Workstation Name:		WS2022-LAB01
               	Source Network Address:		127.0.0.1
               	Source Port:		0

TimeCreated  : 13/06/2026 11:47:48
Id           : 4624
ProviderName : Microsoft-Windows-Security-Auditing
MachineName  : WS2022-LAB02
Message      : An account was successfully logged on.

               Subject:
               	Security ID:		S-1-5-18
               	Account Name:		WS2022-LAB02$
               	Account Domain:		WORKGROUP
               	Logon ID:		0x32A03

               Logon Information:
               	Logon Type:		2
               	Restricted Admin Mode:		-
               	Virtual Account:		No
               	Elevated Token:		No

               New Logon:
               	Security ID:		S-1-5-21-1843355061-959072039-615746888-2049
               	Account Name:		testuser11
               	Account Domain:		WS2022-LAB02
               	Logon ID:		0x11857

               Process Information:
               	Process Name:		C:\Windows\System32\svchost.exe

               Network Information:
               	Workstation Name:		WS2022-LAB02
               	Source Network Address:		127.0.0.1
               	Source Port:		0

TimeCreated  : 13/06/2026 11:48:21
Id           : 4624
ProviderName : Microsoft-Windows-Security-Auditing
MachineName  : WIN-H96JM6F374S
Message      : An account was successfully logged on.

               Subject:
               	Security ID:		S-1-5-18
               	Account Name:		WIN-H96JM6F374S$
               	Account Domain:		WORKGROUP
               	Logon ID:		0xCEAB9

               Logon Information:
               	Logon Type:		2
               	Restricted Admin Mode:		-
               	Virtual Account:		No
               	Elevated Token:		No

               New Logon:
               	Security ID:		S-1-5-21-1843355061-959072039-615746888-3998
               	Account Name:		testuser5
               	Account Domain:		WIN-H96JM6F374S
               	Logon ID:		0x5D7FD

               Process Information:
               	Process Name:		C:\Windows\System32\svchost.exe

               Network Information:
               	Workstation Name:		WIN-H96JM6F374S
               	Source Network Address:		127.0.0.1
               	Source Port:		0

TimeCreated  : 13/06/2026 11:49:04
Id           : 4624
ProviderName : Microsoft-Windows-Security-Auditing
MachineName  : WS2022-LAB02
Message      : An account was successfully logged on.

               Subject:
               	Security ID:		S-1-5-18
               	Account Name:		WS2022-LAB02$
               	Account Domain:		WORKGROUP
               	Logon ID:		0xA10DD

               Logon Information:
               	Logon Type:		2
               	Restricted Admin Mode:		-
               	Virtual Account:		No
               	Elevated Token:		No

               New Logon:
               	Security ID:		S-1-5-21-1843355061-959072039-615746888-2450
               	Account Name:		testuser7
               	Account Domain:		WS2022-LAB02
               	Logon ID:		0x73225

               Process Information:
               	Process Name:		C:\Windows\System32\svchost.exe

               Network Information:
               	Workstation Name:		WS2022-LAB02
               	Source Network Address:		127.0.0.1
               	Source Port:		0

TimeCreated  : 13/06/2026 11:49:42
Id           : 4624
ProviderName : Microsoft-Windows-Security-Auditing
MachineName  : WIN-H96JM6F374S
Message      : An account was successfully logged on.

               Subject:
               	Security ID:		S-1-5-18
               	Account Name:		WIN-H96JM6F374S$
               	Account Domain:		WORKGROUP
               	Logon ID:		0x926E6

               Logon Information:
               	Logon Type:		2
               	Restricted Admin Mode:		-
               	Virtual Account:		No
               	Elevated Token:		No

               New Logon:
               	Security ID:		S-1-5-21-1843355061-959072039-615746888-8847
               	Account Name:		testuser5
               	Account Domain:		WIN-H96JM6F374S
               	Logon ID:		0x302BC

               Process Information:
               	Process Name:		C:\Windows\System32\svchost.exe

               Network Information:
               	Workstation Name:		WIN-H96JM6F374S
               	Source Network Address:		127.0.0.1
               	Source Port:		0

TimeCreated  : 13/06/2026 11:50:25
Id           : 4624
ProviderName : Microsoft-Windows-Security-Auditing
MachineName  : WS2022-LAB01
Message      : An account was successfully logged on.

               Subject:
               	Security ID:		S-1-5-18
               	Account Name:		WS2022-LAB01$
               	Account Domain:		WORKGROUP
               	Logon ID:		0xC1024

               Logon Information:
               	Logon Type:		2
               	Restricted Admin Mode:		-
               	Virtual Account:		No
               	Elevated Token:		No

               New Logon:
               	Security ID:		S-1-5-21-1843355061-959072039-615746888-5265
               	Account Name:		testuser17
               	Account Domain:		WS2022-LAB01
               	Logon ID:		0x7E4AB

               Process Information:
               	Process Name:		C:\Windows\System32\svchost.exe

               Network Information:
               	Workstation Name:		WS2022-LAB01
               	Source Network Address:		127.0.0.1
               	Source Port:		0

TimeCreated  : 13/06/2026 11:50:45
Id           : 4624
ProviderName : Microsoft-Windows-Security-Auditing
MachineName  : WS2022-LAB01
Message      : An account was successfully logged on.

               Subject:
               	Security ID:		S-1-5-18
               	Account Name:		WS2022-LAB01$
               	Account Domain:		WORKGROUP
               	Logon ID:		0x70C35

               Logon Information:
               	Logon Type:		2
               	Restricted Admin Mode:		-
               	Virtual Account:		No
               	Elevated Token:		No

               New Logon:
               	Security ID:		S-1-5-21-1843355061-959072039-615746888-9828
               	Account Name:		testuser17
               	Account Domain:		WS2022-LAB01
               	Logon ID:		0x3E2EB

               Process Information:
               	Process Name:		C:\Windows\System32\svchost.exe

               Network Information:
               	Workstation Name:		WS2022-LAB01
               	Source Network Address:		127.0.0.1
               	Source Port:		0

TimeCreated  : 13/06/2026 11:51:01
Id           : 4624
ProviderName : Microsoft-Windows-Security-Auditing
MachineName  : WS2022-LAB01
Message      : An account was successfully logged on.

               Subject:
               	Security ID:		S-1-5-18
               	Account Name:		WS2022-LAB01$
               	Account Domain:		WORKGROUP
               	Logon ID:		0xAF5A9

               Logon Information:
               	Logon Type:		2
               	Restricted Admin Mode:		-
               	Virtual Account:		No
               	Elevated Token:		No

               New Logon:
               	Security ID:		S-1-5-21-1843355061-959072039-615746888-4038
               	Account Name:		testuser2
               	Account Domain:		WS2022-LAB01
               	Logon ID:		0xE5922

               Process Information:
               	Process Name:		C:\Windows\System32\svchost.exe

               Network Information:
               	Workstation Name:		WS2022-LAB01
               	Source Network Address:		127.0.0.1
               	Source Port:		0

TimeCreated  : 13/06/2026 11:51:26
Id           : 4624
ProviderName : Microsoft-Windows-Security-Auditing
MachineName  : WS2022-LAB01
Message      : An account was successfully logged on.

               Subject:
               	Security ID:		S-1-5-18
               	Account Name:		WS2022-LAB01$
               	Account Domain:		WORKGROUP
               	Logon ID:		0xC3AAA

               Logon Information:
               	Logon Type:		2
               	Restricted Admin Mode:		-
               	Virtual Account:		No
               	Elevated Token:		No

               New Logon:
               	Security ID:		S-1-5-21-1843355061-959072039-615746888-1197
               	Account Name:		testuser14
               	Account Domain:		WS2022-LAB01
               	Logon ID:		0x6E1CE

               Process Information:
               	Process Name:		C:\Windows\System32\svchost.exe

               Network Information:
               	Workstation Name:		WS2022-LAB01
               	Source Network Address:		127.0.0.1
               	Source Port:		0

TimeCreated  : 13/06/2026 11:51:34
Id           : 4624
ProviderName : Microsoft-Windows-Security-Auditing
MachineName  : WS2022-LAB02
Message      : An account was successfully logged on.

               Subject:
               	Security ID:		S-1-5-18
               	Account Name:		SYSTEM
               	Account Domain:		NT AUTHORITY
               	Logon ID:		0x3E7

               Logon Information:
               	Logon Type:		5
               	Restricted Admin Mode:		-
               	Virtual Account:		No
               	Elevated Token:		Yes

               New Logon:
               	Security ID:		S-1-5-90-0-1
               	Account Name:		UMFD-1
               	Account Domain:		Window Manager
               	Logon ID:		0x8499F

               Process Information:
               	Process Name:		C:\Windows\System32\services.exe

               Network Information:
               	Workstation Name:		WS2022-LAB02
               	Source Network Address:		-
               	Source Port:		0

TimeCreated  : 13/06/2026 11:51:57
Id           : 4624
ProviderName : Microsoft-Windows-Security-Auditing
MachineName  : WS2022-LAB02
Message      : An account was successfully logged on.

               Subject:
               	Security ID:		S-1-5-18
               	Account Name:		SYSTEM
               	Account Domain:		NT AUTHORITY
               	Logon ID:		0x3E7

               Logon Information:
               	Logon Type:		5
               	Restricted Admin Mode:		-
               	Virtual Account:		No
               	Elevated Token:		Yes

               New Logon:
               	Security ID:		S-1-5-90-0-1
               	Account Name:		SYSTEM
               	Account Domain:		Window Manager
               	Logon ID:		0xDB0C8

               Process Information:
               	Process Name:		C:\Windows\System32\services.exe

               Network Information:
               	Workstation Name:		WS2022-LAB02
               	Source Network Address:		-
               	Source Port:		0

TimeCreated  : 13/06/2026 11:52:34
Id           : 4624
ProviderName : Microsoft-Windows-Security-Auditing
MachineName  : WIN-H96JM6F374S
Message      : An account was successfully logged on.

               Subject:
               	Security ID:		S-1-5-18
               	Account Name:		SYSTEM
               	Account Domain:		NT AUTHORITY
               	Logon ID:		0x3E7

               Logon Information:
               	Logon Type:		5
               	Restricted Admin Mode:		-
               	Virtual Account:		No
               	Elevated Token:		Yes

               New Logon:
               	Security ID:		S-1-5-90-0-1
               	Account Name:		UMFD-2
               	Account Domain:		Window Manager
               	Logon ID:		0x3D663

               Process Information:
               	Process Name:		C:\Windows\System32\services.exe

               Network Information:
               	Workstation Name:		WIN-H96JM6F374S
               	Source Network Address:		-
               	Source Port:		0

TimeCreated  : 13/06/2026 11:52:59
Id           : 4624
ProviderName : Microsoft-Windows-Security-Auditing
MachineName  : WIN-H96JM6F374S
Message      : An account was successfully logged on.

               Subject:
               	Security ID:		S-1-5-18
               	Account Name:		SYSTEM
               	Account Domain:		NT AUTHORITY
               	Logon ID:		0x3E7

               Logon Information:
               	Logon Type:		5
               	Restricted Admin Mode:		-
               	Virtual Account:		No
               	Elevated Token:		Yes

               New Logon:
               	Security ID:		S-1-5-90-0-1
               	Account Name:		DWM-1
               	Account Domain:		Window Manager
               	Logon ID:		0xA68E9

               Process Information:
               	Process Name:		C:\Windows\System32\services.exe

               Network Information:
               	Workstation Name:		WIN-H96JM6F374S
               	Source Network Address:		-
               	Source Port:		0

TimeCreated  : 13/06/2026 11:53:12
Id           : 4624
ProviderName : Microsoft-Windows-Security-Auditing
MachineName  : WS2022-LAB01
Message      : An account was successfully logged on.

               Subject:
               	Security ID:		S-1-5-18
               	Account Name:		SYSTEM
               	Account Domain:		NT AUTHORITY
               	Logon ID:		0x3E7

               Logon Information:
               	Logon Type:		5
               	Restricted Admin Mode:		-
               	Virtual Account:		No
               	Elevated Token:		Yes

               New Logon:
               	Security ID:		S-1-5-90-0-1
               	Account Name:		SYSTEM
               	Account Domain:		Window Manager
               	Logon ID:		0x593E6

               Process Information:
               	Process Name:		C:\Windows\System32\services.exe

               Network Information:
               	Workstation Name:		WS2022-LAB01
               	Source Network Address:		-
               	Source Port:		0

TimeCreated  : 13/06/2026 11:53:39
Id           : 4624
ProviderName : Microsoft-Windows-Security-Auditing
MachineName  : WS2022-LAB02
Message      : An account was successfully logged on.

               Subject:
               	Security ID:		S-1-5-18
               	Account Name:		SYSTEM
               	Account Domain:		NT AUTHORITY
               	Logon ID:		0x3E7

               Logon Information:
               	Logon Type:		5
               	Restricted Admin Mode:		-
               	Virtual Account:		No
               	Elevated Token:		Yes

               New Logon:
               	Security ID:		S-1-5-90-0-1
               	Account Name:		DWM-1
               	Account Domain:		Window Manager
               	Logon ID:		0x61C19

               Process Information:
               	Process Name:		C:\Windows\System32\services.exe

               Network Information:
               	Workstation Name:		WS2022-LAB02
               	Source Network Address:		-
               	Source Port:		0

TimeCreated  : 13/06/2026 11:54:06
Id           : 4624
ProviderName : Microsoft-Windows-Security-Auditing
MachineName  : WS2022-LAB01
Message      : An account was successfully logged on.

               Subject:
               	Security ID:		S-1-5-18
               	Account Name:		SYSTEM
               	Account Domain:		NT AUTHORITY
               	Logon ID:		0x3E7

               Logon Information:
               	Logon Type:		5
               	Restricted Admin Mode:		-
               	Virtual Account:		No
               	Elevated Token:		Yes

               New Logon:
               	Security ID:		S-1-5-90-0-1
               	Account Name:		DWM-1
               	Account Domain:		Window Manager
               	Logon ID:		0x856EA

               Process Information:
               	Process Name:		C:\Windows\System32\services.exe

               Network Information:
               	Workstation Name:		WS2022-LAB01
               	Source Network Address:		-
               	Source Port:		0

TimeCreated  : 13/06/2026 11:54:31
Id           : 4624
ProviderName : Microsoft-Windows-Security-Auditing
MachineName  : WS2022-LAB01
Message      : An account was successfully logged on.

               Subject:
               	Security ID:		S-1-5-18
               	Account Name:		SYSTEM
               	Account Domain:		NT AUTHORITY
               	Logon ID:		0x3E7

               Logon Information:
               	Logon Type:		5
               	Restricted Admin Mode:		-
               	Virtual Account:		No
               	Elevated Token:		Yes

               New Logon:
               	Security ID:		S-1-5-90-0-1
               	Account Name:		UMFD-1
               	Account Domain:		Window Manager
               	Logon ID:		0xAD7A5

               Process Information:
               	Process Name:		C:\Windows\System32\services.exe

               Network Information:
               	Workstation Name:		WS2022-LAB01
               	Source Network Address:		-
               	Source Port:		0

TimeCreated  : 13/06/2026 11:54:41
Id           : 4624
ProviderName : Microsoft-Windows-Security-Auditing
MachineName  : WS2022-LAB01
Message      : An account was successfully logged on.

               Subject:
               	Security ID:		S-1-5-18
               	Account Name:		SYSTEM
               	Account Domain:		NT AUTHORITY
               	Logon ID:		0x3E7

               Logon Information:
               	Logon Type:		5
               	Restricted Admin Mode:		-
               	Virtual Account:		No
               	Elevated Token:		Yes

               New Logon:
               	Security ID:		S-1-5-90-0-1
               	Account Name:		SYSTEM
               	Account Domain:		Window Manager
               	Logon ID:		0x9C8B0

               Process Information:
               	Process Name:		C:\Windows\System32\services.exe

               Network Information:
               	Workstation Name:		WS2022-LAB01
               	Source Network Address:		-
               	Source Port:		0

TimeCreated  : 13/06/2026 11:54:48
Id           : 4624
ProviderName : Microsoft-Windows-Security-Auditing
MachineName  : WIN-H96JM6F374S
Message      : An account was successfully logged on.

               Subject:
               	Security ID:		S-1-5-18
               	Account Name:		SYSTEM
               	Account Domain:		NT AUTHORITY
               	Logon ID:		0x3E7

               Logon Information:
               	Logon Type:		5
               	Restricted Admin Mode:		-
               	Virtual Account:		No
               	Elevated Token:		Yes

               New Logon:
               	Security ID:		S-1-5-90-0-1
               	Account Name:		DWM-1
               	Account Domain:		Window Manager
               	Logon ID:		0xAC31C

               Process Information:
               	Process Name:		C:\Windows\System32\services.exe

               Network Information:
               	Workstation Name:		WIN-H96JM6F374S
               	Source Network Address:		-
               	Source Port:		0

TimeCreated  : 13/06/2026 11:55:33
Id           : 4624
ProviderName : Microsoft-Windows-Security-Auditing
MachineName  : WS2022-LAB02
Message      : An account was successfully logged on.

               Subject:
               	Security ID:		S-1-5-18
               	Account Name:		SYSTEM
               	Account Domain:		NT AUTHORITY
               	Logon ID:		0x3E7

               Logon Information:
               	Logon Type:		5
               	Restricted Admin Mode:		-
               	Virtual Account:		No
               	Elevated Token:		Yes

               New Logon:
               	Security ID:		S-1-5-90-0-1
               	Account Name:		UMFD-2
               	Account Domain:		Window Manager
               	Logon ID:		0x6C15B

               Process Information:
               	Process Name:		C:\Windows\System32\services.exe

               Network Information:
               	Workstation Name:		WS2022-LAB02
               	Source Network Address:		-
               	Source Port:		0

TimeCreated  : 13/06/2026 11:56:15
Id           : 4624
ProviderName : Microsoft-Windows-Security-Auditing
MachineName  : WIN-H96JM6F374S
Message      : An account was successfully logged on.

               Subject:
               	Security ID:		S-1-5-18
               	Account Name:		SYSTEM
               	Account Domain:		NT AUTHORITY
               	Logon ID:		0x3E7

               Logon Information:
               	Logon Type:		5
               	Restricted Admin Mode:		-
               	Virtual Account:		No
               	Elevated Token:		Yes

               New Logon:
               	Security ID:		S-1-5-90-0-1
               	Account Name:		UMFD-1
               	Account Domain:		Window Manager
               	Logon ID:		0xC93C3

               Process Information:
               	Process Name:		C:\Windows\System32\services.exe

               Network Information:
               	Workstation Name:		WIN-H96JM6F374S
               	Source Network Address:		-
               	Source Port:		0

TimeCreated  : 13/06/2026 11:56:27
Id           : 4624
ProviderName : Microsoft-Windows-Security-Auditing
MachineName  : WIN-H96JM6F374S
Message      : An account was successfully logged on.

               Subject:
               	Security ID:		S-1-5-18
               	Account Name:		SYSTEM
               	Account Domain:		NT AUTHORITY
               	Logon ID:		0x3E7

               Logon Information:
               	Logon Type:		5
               	Restricted Admin Mode:		-
               	Virtual Account:		No
               	Elevated Token:		Yes

               New Logon:
               	Security ID:		S-1-5-90-0-1
               	Account Name:		DWM-2
               	Account Domain:		Window Manager
               	Logon ID:		0x584C9

               Process Information:
               	Process Name:		C:\Windows\System32\services.exe

               Network Information:
               	Workstation Name:		WIN-H96JM6F374S
               	Source Network Address:		-
               	Source Port:		0

TimeCreated  : 13/06/2026 11:56:48
Id           : 4624
ProviderName : Microsoft-Windows-Security-Auditing
MachineName  : WS2022-LAB02
Message      : An account was successfully logged on.

               Subject:
               	Security ID:		S-1-5-18
               	Account Name:		SYSTEM
               	Account Domain:		NT AUTHORITY
               	Logon ID:		0x3E7

               Logon Information:
               	Logon Type:		5
               	Restricted Admin Mode:		-
               	Virtual Account:		No
               	Elevated Token:		Yes

               New Logon:
               	Security ID:		S-1-5-90-0-1
               	Account Name:		UMFD-2
               	Account Domain:		Window Manager
               	Logon ID:		0x4732F

               Process Information:
               	Process Name:		C:\Windows\System32\services.exe

               Network Information:
               	Workstation Name:		WS2022-LAB02
               	Source Network Address:		-
               	Source Port:		0

TimeCreated  : 13/06/2026 11:56:57
Id           : 4624
ProviderName : Microsoft-Windows-Security-Auditing
MachineName  : WS2022-LAB02
Message      : An account was successfully logged on.

               Subject:
               	Security ID:		S-1-5-18
               	Account Name:		SYSTEM
               	Account Domain:		NT AUTHORITY
               	Logon ID:		0x3E7

               Logon Information:
               	Logon Type:		5
               	Restricted Admin Mode:		-
               	Virtual Account:		No
               	Elevated Token:		Yes

               New Logon:
               	Security ID:		S-1-5-90-0-1
               	Account Name:		SYSTEM
               	Account Domain:		Window Manager
               	Logon ID:		0x88A52

               Process Information:
               	Process Name:		C:\Windows\System32\services.exe

               Network Information:
               	Workstation Name:		WS2022-LAB02
               	Source Network Address:		-
               	Source Port:		0

TimeCreated  : 13/06/2026 11:57:13
Id           : 4624
ProviderName : Microsoft-Windows-Security-Auditing
MachineName  : WS2022-LAB01
Message      : An account was successfully logged on.

               Subject:
               	Security ID:		S-1-5-18
               	Account Name:		SYSTEM
               	Account Domain:		NT AUTHORITY
               	Logon ID:		0x3E7

               Logon Information:
               	Logon Type:		5
               	Restricted Admin Mode:		-
               	Virtual Account:		No
               	Elevated Token:		Yes

               New Logon:
               	Security ID:		S-1-5-90-0-1
               	Account Name:		DWM-1
               	Account Domain:		Window Manager
               	Logon ID:		0x31CB7

               Process Information:
               	Process Name:		C:\Windows\System32\services.exe

               Network Information:
               	Workstation Name:		WS2022-LAB01
               	Source Network Address:		-
               	Source Port:		0

TimeCreated  : 13/06/2026 11:57:20
Id           : 4624
ProviderName : Microsoft-Windows-Security-Auditing
MachineName  : WIN-H96JM6F374S
Message      : An account was successfully logged on.

               Subject:
               	Security ID:		S-1-5-18
               	Account Name:		SYSTEM
               	Account Domain:		NT AUTHORITY
               	Logon ID:		0x3E7

               Logon Information:
               	Logon Type:		5
               	Restricted Admin Mode:		-
               	Virtual Account:		No
               	Elevated Token:		Yes

               New Logon:
               	Security ID:		S-1-5-90-0-1
               	Account Name:		SYSTEM
               	Account Domain:		Window Manager
               	Logon ID:		0xBDE40

               Process Information:
               	Process Name:		C:\Windows\System32\services.exe

               Network Information:
               	Workstation Name:		WIN-H96JM6F374S
               	Source Network Address:		-
               	Source Port:		0

TimeCreated  : 13/06/2026 11:58:05
Id           : 4624
ProviderName : Microsoft-Windows-Security-Auditing
MachineName  : WIN-H96JM6F374S
Message      : An account was successfully logged on.

               Subject:
               	Security ID:		S-1-5-18
               	Account Name:		SYSTEM
               	Account Domain:		NT AUTHORITY
               	Logon ID:		0x3E7

               Logon Information:
               	Logon Type:		5
               	Restricted Admin Mode:		-
               	Virtual Account:		No
               	Elevated Token:		Yes

               New Logon:
               	Security ID:		S-1-5-90-0-1
               	Account Name:		UMFD-2
               	Account Domain:		Window Manager
               	Logon ID:		0x2430A

               Process Information:
               	Process Name:		C:\Windows\System32\services.exe

               Network Information:
               	Workstation Name:		WIN-H96JM6F374S
               	Source Network Address:		-
               	Source Port:		0

TimeCreated  : 13/06/2026 11:58:41
Id           : 4624
ProviderName : Microsoft-Windows-Security-Auditing
MachineName  : WS2022-LAB01
Message      : An account was successfully logged on.

               Subject:
               	Security ID:		S-1-5-18
               	Account Name:		SYSTEM
               	Account Domain:		NT AUTHORITY
               	Logon ID:		0x3E7

               Logon Information:
               	Logon Type:		5
               	Restricted Admin Mode:		-
               	Virtual Account:		No
               	Elevated Token:		Yes

               New Logon:
               	Security ID:		S-1-5-90-0-1
               	Account Name:		DWM-1
               	Account Domain:		Window Manager
               	Logon ID:		0x8197B

               Process Information:
               	Process Name:		C:\Windows\System32\services.exe

               Network Information:
               	Workstation Name:		WS2022-LAB01
               	Source Network Address:		-
               	Source Port:		0

TimeCreated  : 13/06/2026 11:59:11
Id           : 4624
ProviderName : Microsoft-Windows-Security-Auditing
MachineName  : WS2022-LAB02
Message      : An account was successfully logged on.

               Subject:
               	Security ID:		S-1-5-18
               	Account Name:		SYSTEM
               	Account Domain:		NT AUTHORITY
               	Logon ID:		0x3E7

               Logon Information:
               	Logon Type:		5
               	Restricted Admin Mode:		-
               	Virtual Account:		No
               	Elevated Token:		Yes

               New Logon:
               	Security ID:		S-1-5-90-0-1
               	Account Name:		UMFD-2
               	Account Domain:		Window Manager
               	Logon ID:		0x4B987

               Process Information:
               	Process Name:		C:\Windows\System32\services.exe

               Network Information:
               	Workstation Name:		WS2022-LAB02
               	Source Network Address:		-
               	Source Port:		0

TimeCreated  : 13/06/2026 11:59:22
Id           : 4624
ProviderName : Microsoft-Windows-Security-Auditing
MachineName  : WIN-H96JM6F374S
Message      : An account was successfully logged on.

               Subject:
               	Security ID:		S-1-5-18
               	Account Name:		SYSTEM
               	Account Domain:		NT AUTHORITY
               	Logon ID:		0x3E7

               Logon Information:
               	Logon Type:		5
               	Restricted Admin Mode:		-
               	Virtual Account:		No
               	Elevated Token:		Yes

               New Logon:
               	Security ID:		S-1-5-90-0-1
               	Account Name:		DWM-2
               	Account Domain:		Window Manager
               	Logon ID:		0x997E1

               Process Information:
               	Process Name:		C:\Windows\System32\services.exe

               Network Information:
               	Workstation Name:		WIN-H96JM6F374S
               	Source Network Address:		-
               	Source Port:		0

TimeCreated  : 13/06/2026 11:59:46
Id           : 4624
ProviderName : Microsoft-Windows-Security-Auditing
MachineName  : WS2022-LAB01
Message      : An account was successfully logged on.

               Subject:
               	Security ID:		S-1-5-18
               	Account Name:		SYSTEM
               	Account Domain:		NT AUTHORITY
               	Logon ID:		0x3E7

               Logon Information:
               	Logon Type:		5
               	Restricted Admin Mode:		-
               	Virtual Account:		No
               	Elevated Token:		Yes

               New Logon:
               	Security ID:		S-1-5-90-0-1
               	Account Name:		DWM-1
               	Account Domain:		Window Manager
               	Logon ID:		0x336FD

               Process Information:
               	Process Name:		C:\Windows\System32\services.exe

               Network Information:
               	Workstation Name:		WS2022-LAB01
               	Source Network Address:		-
               	Source Port:		0

TimeCreated  : 13/06/2026 12:00:07
Id           : 4624
ProviderName : Microsoft-Windows-Security-Auditing
MachineName  : WS2022-LAB02
Message      : An account was successfully logged on.

               Subject:
               	Security ID:		S-1-5-18
               	Account Name:		SYSTEM
               	Account Domain:		NT AUTHORITY
               	Logon ID:		0x3E7

               Logon Information:
               	Logon Type:		5
               	Restricted Admin Mode:		-
               	Virtual Account:		No
               	Elevated Token:		Yes

               New Logon:
               	Security ID:		S-1-5-90-0-1
               	Account Name:		DWM-1
               	Account Domain:		Window Manager
               	Logon ID:		0x1E744

               Process Information:
               	Process Name:		C:\Windows\System32\services.exe

               Network Information:
               	Workstation Name:		WS2022-LAB02
               	Source Network Address:		-
               	Source Port:		0

TimeCreated  : 13/06/2026 12:00:52
Id           : 4624
ProviderName : Microsoft-Windows-Security-Auditing
MachineName  : WIN-H96JM6F374S
Message      : An account was successfully logged on.

               Subject:
               	Security ID:		S-1-5-18
               	Account Name:		SYSTEM
               	Account Domain:		NT AUTHORITY
               	Logon ID:		0x3E7

               Logon Information:
               	Logon Type:		5
               	Restricted Admin Mode:		-
               	Virtual Account:		No
               	Elevated Token:		Yes

               New Logon:
               	Security ID:		S-1-5-90-0-1
               	Account Name:		UMFD-2
               	Account Domain:		Window Manager
               	Logon ID:		0xDFA13

               Process Information:
               	Process Name:		C:\Windows\System32\services.exe

               Network Information:
               	Workstation Name:		WIN-H96JM6F374S
               	Source Network Address:		-
               	Source Port:		0

