TimeCreated  : 13/06/2026 16:36:10
Id           : 4625
ProviderName : Microsoft-Windows-Security-Auditing
MachineName  : WIN-H96JM6F374S
Message      : An account failed to log on.

               Subject:
               	Security ID:		S-1-5-18
               	Account Name:		WIN-H96JM6F374S$
               	Account Domain:		WORKGROUP
               	Logon ID:		0x3E7

               Logon Type:			2

               Account For Which Logon Failed:
               	Security ID:		S-1-5-21-1843355061-959072039-615746888-7869
               	Account Name:		testuser7
               	Account Domain:		WIN-H96JM6F374S

               Failure Information:
               	Failure Reason:		Unknown user name or bad password.
               	Status:		0xC000006D
               	Sub Status:		0xC0000064

               Process Information:
               	Caller Process Name:		C:\Windows\System32\svchost.exe

               Network Information:
               	Workstation Name:		WIN-H96JM6F374S
               	Source Network Address:		172.16.10.184
               	Source Port:		54851

TimeCreated  : 13/06/2026 16:36:14
Id           : 4625
ProviderName : Microsoft-Windows-Security-Auditing
MachineName  : WIN-H96JM6F374S
Message      : An account failed to log on.

               Subject:
               	Security ID:		S-1-5-18
               	Account Name:		WIN-H96JM6F374S$
               	Account Domain:		WORKGROUP
               	Logon ID:		0x3E7

               Logon Type:			2

               Account For Which Logon Failed:
               	Security ID:		S-1-5-21-1843355061-959072039-615746888-3384
               	Account Name:		testuser7
               	Account Domain:		WIN-H96JM6F374S

               Failure Information:
               	Failure Reason:		Unknown user name or bad password.
               	Status:		0xC000006D
               	Sub Status:		0xC000006A

               Process Information:
               	Caller Process Name:		C:\Windows\System32\svchost.exe

               Network Information:
               	Workstation Name:		WIN-H96JM6F374S
               	Source Network Address:		10.0.0.2
               	Source Port:		22978

TimeCreated  : 13/06/2026 16:36:16
Id           : 4625
ProviderName : Microsoft-Windows-Security-Auditing
MachineName  : WS2022-LAB01
Message      : An account failed to log on.

               Subject:
               	Security ID:		S-1-5-18
               	Account Name:		WS2022-LAB01$
               	Account Domain:		WORKGROUP
               	Logon ID:		0x3E7

               Logon Type:			2

               Account For Which Logon Failed:
               	Security ID:		S-1-5-21-1843355061-959072039-615746888-6058
               	Account Name:		testuser7
               	Account Domain:		WS2022-LAB01

               Failure Information:
               	Failure Reason:		Unknown user name or bad password.
               	Status:		0xC000006D
               	Sub Status:		0xC0000064

               Process Information:
               	Caller Process Name:		C:\Windows\System32\svchost.exe

               Network Information:
               	Workstation Name:		WS2022-LAB01
               	Source Network Address:		172.16.10.38
               	Source Port:		27730

TimeCreated  : 13/06/2026 16:36:19
Id           : 4624
ProviderName : Microsoft-Windows-Security-Auditing
MachineName  : WIN-H96JM6F374S
Message      : An account was successfully logged on.

               Subject:
               	Security ID:		S-1-5-18
               	Account Name:		WIN-H96JM6F374S$
               	Account Domain:		WORKGROUP
               	Logon ID:		0x61773

               Logon Information:
               	Logon Type:		2
               	Restricted Admin Mode:		-
               	Virtual Account:		No
               	Elevated Token:		No

               New Logon:
               	Security ID:		S-1-5-21-1843355061-959072039-615746888-7461
               	Account Name:		testuser7
               	Account Domain:		WIN-H96JM6F374S
               	Logon ID:		0x89DFD

               Process Information:
               	Process Name:		C:\Windows\System32\svchost.exe

               Network Information:
               	Workstation Name:		WIN-H96JM6F374S
               	Source Network Address:		127.0.0.1
               	Source Port:		0

TimeCreated  : 13/06/2026 16:36:24
Id           : 4625
ProviderName : Microsoft-Windows-Security-Auditing
MachineName  : WS2022-LAB02
Message      : An account failed to log on.

               Subject:
               	Security ID:		S-1-5-18
               	Account Name:		WS2022-LAB02$
               	Account Domain:		WORKGROUP
               	Logon ID:		0x3E7

               Logon Type:			2

               Account For Which Logon Failed:
               	Security ID:		S-1-5-21-1843355061-959072039-615746888-8339
               	Account Name:		testuser12
               	Account Domain:		WS2022-LAB02

               Failure Information:
               	Failure Reason:		Unknown user name or bad password.
               	Status:		0xC000006D
               	Sub Status:		0xC0000064

               Process Information:
               	Caller Process Name:		C:\Windows\System32\svchost.exe

               Network Information:
               	Workstation Name:		WS2022-LAB02
               	Source Network Address:		172.16.10.81
               	Source Port:		30141

TimeCreated  : 13/06/2026 16:36:27
Id           : 4625
ProviderName : Microsoft-Windows-Security-Auditing
MachineName  : WS2022-LAB01
Message      : An account failed to log on.

               Subject:
               	Security ID:		S-1-5-18
               	Account Name:		WS2022-LAB01$
               	Account Domain:		WORKGROUP
               	Logon ID:		0x3E7

               Logon Type:			2

               Account For Which Logon Failed:
               	Security ID:		S-1-5-21-1843355061-959072039-615746888-4062
               	Account Name:		testuser12
               	Account Domain:		WS2022-LAB01

               Failure Information:
               	Failure Reason:		User not allowed to log on at this computer.
               	Status:		0xC000006E
               	Sub Status:		0x0

               Process Information:
               	Caller Process Name:		C:\Windows\System32\svchost.exe

               Network Information:
               	Workstation Name:		WS2022-LAB01
               	Source Network Address:		10.0.0.166
               	Source Port:		51754

TimeCreated  : 13/06/2026 16:36:29
Id           : 4625
ProviderName : Microsoft-Windows-Security-Auditing
MachineName  : WIN-H96JM6F374S
Message      : An account failed to log on.

               Subject:
               	Security ID:		S-1-5-18
               	Account Name:		WIN-H96JM6F374S$
               	Account Domain:		WORKGROUP
               	Logon ID:		0x3E7

               Logon Type:			2

               Account For Which Logon Failed:
               	Security ID:		S-1-5-21-1843355061-959072039-615746888-6956
               	Account Name:		testuser12
               	Account Domain:		WIN-H96JM6F374S

               Failure Information:
               	Failure Reason:		Unknown user name or bad password.
               	Status:		0xC000006D
               	Sub Status:		0xC0000064

               Process Information:
               	Caller Process Name:		C:\Windows\System32\svchost.exe

               Network Information:
               	Workstation Name:		WIN-H96JM6F374S
               	Source Network Address:		192.168.56.251
               	Source Port:		14243

TimeCreated  : 13/06/2026 16:36:34
Id           : 4624
ProviderName : Microsoft-Windows-Security-Auditing
MachineName  : WS2022-LAB01
Message      : An account was successfully logged on.

               Subject:
               	Security ID:		S-1-5-18
               	Account Name:		WS2022-LAB01$
               	Account Domain:		WORKGROUP
               	Logon ID:		0x48A81

               Logon Information:
               	Logon Type:		2
               	Restricted Admin Mode:		-
               	Virtual Account:		No
               	Elevated Token:		No

               New Logon:
               	Security ID:		S-1-5-21-1843355061-959072039-615746888-9010
               	Account Name:		testuser12
               	Account Domain:		WS2022-LAB01
               	Logon ID:		0x2978F

               Process Information:
               	Process Name:		C:\Windows\System32\svchost.exe

               Network Information:
               	Workstation Name:		WS2022-LAB01
               	Source Network Address:		127.0.0.1
               	Source Port:		0

TimeCreated  : 13/06/2026 16:36:35
Id           : 4625
ProviderName : Microsoft-Windows-Security-Auditing
MachineName  : WS2022-LAB01
Message      : An account failed to log on.

               Subject:
               	Security ID:		S-1-5-18
               	Account Name:		WS2022-LAB01$
               	Account Domain:		WORKGROUP
               	Logon ID:		0x3E7

               Logon Type:			2

               Account For Which Logon Failed:
               	Security ID:		S-1-5-21-1843355061-959072039-615746888-1157
               	Account Name:		testuser16
               	Account Domain:		WS2022-LAB01

               Failure Information:
               	Failure Reason:		User not allowed to log on at this computer.
               	Status:		0xC000006E
               	Sub Status:		0x0

               Process Information:
               	Caller Process Name:		C:\Windows\System32\svchost.exe

               Network Information:
               	Workstation Name:		WS2022-LAB01
               	Source Network Address:		10.0.0.36
               	Source Port:		46438

TimeCreated  : 13/06/2026 16:36:38
Id           : 4625
ProviderName : Microsoft-Windows-Security-Auditing
MachineName  : WIN-H96JM6F374S
Message      : An account failed to log on.

               Subject:
               	Security ID:		S-1-5-18
               	Account Name:		WIN-H96JM6F374S$
               	Account Domain:		WORKGROUP
               	Logon ID:		0x3E7

               Logon Type:			2

               Account For Which Logon Failed:
               	Security ID:		S-1-5-21-1843355061-959072039-615746888-8991
               	Account Name:		testuser16
               	Account Domain:		WIN-H96JM6F374S

               Failure Information:
               	Failure Reason:		Unknown user name or bad password.
               	Status:		0xC000006D
               	Sub Status:		0xC000006A

               Process Information:
               	Caller Process Name:		C:\Windows\System32\svchost.exe

               Network Information:
               	Workstation Name:		WIN-H96JM6F374S
               	Source Network Address:		192.168.56.235
               	Source Port:		5777

TimeCreated  : 13/06/2026 16:36:42
Id           : 4625
ProviderName : Microsoft-Windows-Security-Auditing
MachineName  : WIN-H96JM6F374S
Message      : An account failed to log on.

               Subject:
               	Security ID:		S-1-5-18
               	Account Name:		WIN-H96JM6F374S$
               	Account Domain:		WORKGROUP
               	Logon ID:		0x3E7

               Logon Type:			2

               Account For Which Logon Failed:
               	Security ID:		S-1-5-21-1843355061-959072039-615746888-1746
               	Account Name:		testuser16
               	Account Domain:		WIN-H96JM6F374S

               Failure Information:
               	Failure Reason:		Unknown user name or bad password.
               	Status:		0xC000006D
               	Sub Status:		0xC0000064

               Process Information:
               	Caller Process Name:		C:\Windows\System32\svchost.exe

               Network Information:
               	Workstation Name:		WIN-H96JM6F374S
               	Source Network Address:		192.168.56.81
               	Source Port:		20271

TimeCreated  : 13/06/2026 16:36:43
Id           : 4624
ProviderName : Microsoft-Windows-Security-Auditing
MachineName  : WIN-H96JM6F374S
Message      : An account was successfully logged on.

               Subject:
               	Security ID:		S-1-5-18
               	Account Name:		WIN-H96JM6F374S$
               	Account Domain:		WORKGROUP
               	Logon ID:		0x16453

               Logon Information:
               	Logon Type:		2
               	Restricted Admin Mode:		-
               	Virtual Account:		No
               	Elevated Token:		No

               New Logon:
               	Security ID:		S-1-5-21-1843355061-959072039-615746888-8082
               	Account Name:		testuser16
               	Account Domain:		WIN-H96JM6F374S
               	Logon ID:		0xC94D9

               Process Information:
               	Process Name:		C:\Windows\System32\svchost.exe

               Network Information:
               	Workstation Name:		WIN-H96JM6F374S
               	Source Network Address:		127.0.0.1
               	Source Port:		0

TimeCreated  : 13/06/2026 16:36:46
Id           : 4625
ProviderName : Microsoft-Windows-Security-Auditing
MachineName  : WS2022-LAB02
Message      : An account failed to log on.

               Subject:
               	Security ID:		S-1-5-18
               	Account Name:		WS2022-LAB02$
               	Account Domain:		WORKGROUP
               	Logon ID:		0x3E7

               Logon Type:			2

               Account For Which Logon Failed:
               	Security ID:		S-1-5-21-1843355061-959072039-615746888-4066
               	Account Name:		testuser17
               	Account Domain:		WS2022-LAB02

               Failure Information:
               	Failure Reason:		Unknown user name or bad password.
               	Status:		0xC000006D
               	Sub Status:		0xC000006A

               Process Information:
               	Caller Process Name:		C:\Windows\System32\svchost.exe

               Network Information:
               	Workstation Name:		WS2022-LAB02
               	Source Network Address:		172.16.10.168
               	Source Port:		44582

TimeCreated  : 13/06/2026 16:36:48
Id           : 4625
ProviderName : Microsoft-Windows-Security-Auditing
MachineName  : WS2022-LAB01
Message      : An account failed to log on.

               Subject:
               	Security ID:		S-1-5-18
               	Account Name:		WS2022-LAB01$
               	Account Domain:		WORKGROUP
               	Logon ID:		0x3E7

               Logon Type:			2

               Account For Which Logon Failed:
               	Security ID:		S-1-5-21-1843355061-959072039-615746888-5124
               	Account Name:		testuser17
               	Account Domain:		WS2022-LAB01

               Failure Information:
               	Failure Reason:		User not allowed to log on at this computer.
               	Status:		0xC000006E
               	Sub Status:		0x0

               Process Information:
               	Caller Process Name:		C:\Windows\System32\svchost.exe

               Network Information:
               	Workstation Name:		WS2022-LAB01
               	Source Network Address:		172.16.10.190
               	Source Port:		17707

TimeCreated  : 13/06/2026 16:36:53
Id           : 4625
ProviderName : Microsoft-Windows-Security-Auditing
MachineName  : WS2022-LAB02
Message      : An account failed to log on.

               Subject:
               	Security ID:		S-1-5-18
               	Account Name:		WS2022-LAB02$
               	Account Domain:		WORKGROUP
               	Logon ID:		0x3E7

               Logon Type:			2

               Account For Which Logon Failed:
               	Security ID:		S-1-5-21-1843355061-959072039-615746888-3463
               	Account Name:		testuser17
               	Account Domain:		WS2022-LAB02

               Failure Information:
               	Failure Reason:		Unknown user name or bad password.
               	Status:		0xC000006D
               	Sub Status:		0xC000006A

               Process Information:
               	Caller Process Name:		C:\Windows\System32\svchost.exe

               Network Information:
               	Workstation Name:		WS2022-LAB02
               	Source Network Address:		172.16.10.13
               	Source Port:		53029

TimeCreated  : 13/06/2026 16:36:54
Id           : 4624
ProviderName : Microsoft-Windows-Security-Auditing
MachineName  : WIN-H96JM6F374S
Message      : An account was successfully logged on.

               Subject:
               	Security ID:		S-1-5-18
               	Account Name:		WIN-H96JM6F374S$
               	Account Domain:		WORKGROUP
               	Logon ID:		0x39130

               Logon Information:
               	Logon Type:		2
               	Restricted Admin Mode:		-
               	Virtual Account:		No
               	Elevated Token:		No

               New Logon:
               	Security ID:		S-1-5-21-1843355061-959072039-615746888-2826
               	Account Name:		testuser17
               	Account Domain:		WIN-H96JM6F374S
               	Logon ID:		0x5985C

               Process Information:
               	Process Name:		C:\Windows\System32\svchost.exe

               Network Information:
               	Workstation Name:		WIN-H96JM6F374S
               	Source Network Address:		172.16.10.29
               	Source Port:		0

TimeCreated  : 13/06/2026 16:36:55
Id           : 4625
ProviderName : Microsoft-Windows-Security-Auditing
MachineName  : WS2022-LAB02
Message      : An account failed to log on.

               Subject:
               	Security ID:		S-1-5-18
               	Account Name:		WS2022-LAB02$
               	Account Domain:		WORKGROUP
               	Logon ID:		0x3E7

               Logon Type:			2

               Account For Which Logon Failed:
               	Security ID:		S-1-5-21-1843355061-959072039-615746888-2694
               	Account Name:		testuser5
               	Account Domain:		WS2022-LAB02

               Failure Information:
               	Failure Reason:		Unknown user name or bad password.
               	Status:		0xC000006D
               	Sub Status:		0xC000006A

               Process Information:
               	Caller Process Name:		C:\Windows\System32\svchost.exe

               Network Information:
               	Workstation Name:		WS2022-LAB02
               	Source Network Address:		172.16.10.3
               	Source Port:		18424

TimeCreated  : 13/06/2026 16:37:00
Id           : 4625
ProviderName : Microsoft-Windows-Security-Auditing
MachineName  : WS2022-LAB02
Message      : An account failed to log on.

               Subject:
               	Security ID:		S-1-5-18
               	Account Name:		WS2022-LAB02$
               	Account Domain:		WORKGROUP
               	Logon ID:		0x3E7

               Logon Type:			2

               Account For Which Logon Failed:
               	Security ID:		S-1-5-21-1843355061-959072039-615746888-8216
               	Account Name:		testuser5
               	Account Domain:		WS2022-LAB02

               Failure Information:
               	Failure Reason:		User not allowed to log on at this computer.
               	Status:		0xC000006E
               	Sub Status:		0x0

               Process Information:
               	Caller Process Name:		C:\Windows\System32\svchost.exe

               Network Information:
               	Workstation Name:		WS2022-LAB02
               	Source Network Address:		172.16.10.231
               	Source Port:		63255

TimeCreated  : 13/06/2026 16:37:03
Id           : 4625
ProviderName : Microsoft-Windows-Security-Auditing
MachineName  : WS2022-LAB02
Message      : An account failed to log on.

               Subject:
               	Security ID:		S-1-5-18
               	Account Name:		WS2022-LAB02$
               	Account Domain:		WORKGROUP
               	Logon ID:		0x3E7

               Logon Type:			2

               Account For Which Logon Failed:
               	Security ID:		S-1-5-21-1843355061-959072039-615746888-5408
               	Account Name:		testuser5
               	Account Domain:		WS2022-LAB02

               Failure Information:
               	Failure Reason:		Unknown user name or bad password.
               	Status:		0xC000006D
               	Sub Status:		0xC0000064

               Process Information:
               	Caller Process Name:		C:\Windows\System32\svchost.exe

               Network Information:
               	Workstation Name:		WS2022-LAB02
               	Source Network Address:		192.168.56.178
               	Source Port:		12072

TimeCreated  : 13/06/2026 16:37:04
Id           : 4624
ProviderName : Microsoft-Windows-Security-Auditing
MachineName  : WIN-H96JM6F374S
Message      : An account was successfully logged on.

               Subject:
               	Security ID:		S-1-5-18
               	Account Name:		WIN-H96JM6F374S$
               	Account Domain:		WORKGROUP
               	Logon ID:		0x294E0

               Logon Information:
               	Logon Type:		2
               	Restricted Admin Mode:		-
               	Virtual Account:		No
               	Elevated Token:		No

               New Logon:
               	Security ID:		S-1-5-21-1843355061-959072039-615746888-3630
               	Account Name:		testuser5
               	Account Domain:		WIN-H96JM6F374S
               	Logon ID:		0x31470

               Process Information:
               	Process Name:		C:\Windows\System32\svchost.exe

               Network Information:
               	Workstation Name:		WIN-H96JM6F374S
               	Source Network Address:		127.0.0.1
               	Source Port:		0

TimeCreated  : 13/06/2026 16:37:05
Id           : 4625
ProviderName : Microsoft-Windows-Security-Auditing
MachineName  : WS2022-LAB01
Message      : An account failed to log on.

               Subject:
               	Security ID:		S-1-5-18
               	Account Name:		WS2022-LAB01$
               	Account Domain:		WORKGROUP
               	Logon ID:		0x3E7

               Logon Type:			2

               Account For Which Logon Failed:
               	Security ID:		S-1-5-21-1843355061-959072039-615746888-9093
               	Account Name:		testuser1
               	Account Domain:		WS2022-LAB01

               Failure Information:
               	Failure Reason:		Unknown user name or bad password.
               	Status:		0xC000006D
               	Sub Status:		0xC000006A

               Process Information:
               	Caller Process Name:		C:\Windows\System32\svchost.exe

               Network Information:
               	Workstation Name:		WS2022-LAB01
               	Source Network Address:		10.0.0.120
               	Source Port:		36403

TimeCreated  : 13/06/2026 16:37:10
Id           : 4625
ProviderName : Microsoft-Windows-Security-Auditing
MachineName  : WS2022-LAB01
Message      : An account failed to log on.

               Subject:
               	Security ID:		S-1-5-18
               	Account Name:		WS2022-LAB01$
               	Account Domain:		WORKGROUP
               	Logon ID:		0x3E7

               Logon Type:			2

               Account For Which Logon Failed:
               	Security ID:		S-1-5-21-1843355061-959072039-615746888-9437
               	Account Name:		testuser1
               	Account Domain:		WS2022-LAB01

               Failure Information:
               	Failure Reason:		User not allowed to log on at this computer.
               	Status:		0xC000006E
               	Sub Status:		0x0

               Process Information:
               	Caller Process Name:		C:\Windows\System32\svchost.exe

               Network Information:
               	Workstation Name:		WS2022-LAB01
               	Source Network Address:		10.0.0.198
               	Source Port:		30061

TimeCreated  : 13/06/2026 16:37:14
Id           : 4625
ProviderName : Microsoft-Windows-Security-Auditing
MachineName  : WIN-H96JM6F374S
Message      : An account failed to log on.

               Subject:
               	Security ID:		S-1-5-18
               	Account Name:		WIN-H96JM6F374S$
               	Account Domain:		WORKGROUP
               	Logon ID:		0x3E7

               Logon Type:			2

               Account For Which Logon Failed:
               	Security ID:		S-1-5-21-1843355061-959072039-615746888-7888
               	Account Name:		testuser1
               	Account Domain:		WIN-H96JM6F374S

               Failure Information:
               	Failure Reason:		Unknown user name or bad password.
               	Status:		0xC000006D
               	Sub Status:		0xC0000064

               Process Information:
               	Caller Process Name:		C:\Windows\System32\svchost.exe

               Network Information:
               	Workstation Name:		WIN-H96JM6F374S
               	Source Network Address:		192.168.56.21
               	Source Port:		34342

TimeCreated  : 13/06/2026 16:37:15
Id           : 4624
ProviderName : Microsoft-Windows-Security-Auditing
MachineName  : WS2022-LAB01
Message      : An account was successfully logged on.

               Subject:
               	Security ID:		S-1-5-18
               	Account Name:		WS2022-LAB01$
               	Account Domain:		WORKGROUP
               	Logon ID:		0x15EB8

               Logon Information:
               	Logon Type:		2
               	Restricted Admin Mode:		-
               	Virtual Account:		No
               	Elevated Token:		No

               New Logon:
               	Security ID:		S-1-5-21-1843355061-959072039-615746888-2115
               	Account Name:		testuser1
               	Account Domain:		WS2022-LAB01
               	Logon ID:		0x8B2B8

               Process Information:
               	Process Name:		C:\Windows\System32\svchost.exe

               Network Information:
               	Workstation Name:		WS2022-LAB01
               	Source Network Address:		127.0.0.1
               	Source Port:		0

TimeCreated  : 13/06/2026 16:37:17
Id           : 4625
ProviderName : Microsoft-Windows-Security-Auditing
MachineName  : WIN-H96JM6F374S
Message      : An account failed to log on.

               Subject:
               	Security ID:		S-1-5-18
               	Account Name:		WIN-H96JM6F374S$
               	Account Domain:		WORKGROUP
               	Logon ID:		0x3E7

               Logon Type:			2

               Account For Which Logon Failed:
               	Security ID:		S-1-5-21-1843355061-959072039-615746888-5994
               	Account Name:		testuser15
               	Account Domain:		WIN-H96JM6F374S

               Failure Information:
               	Failure Reason:		Unknown user name or bad password.
               	Status:		0xC000006D
               	Sub Status:		0xC0000064

               Process Information:
               	Caller Process Name:		C:\Windows\System32\svchost.exe

               Network Information:
               	Workstation Name:		WIN-H96JM6F374S
               	Source Network Address:		10.0.0.44
               	Source Port:		23845

TimeCreated  : 13/06/2026 16:37:22
Id           : 4625
ProviderName : Microsoft-Windows-Security-Auditing
MachineName  : WIN-H96JM6F374S
Message      : An account failed to log on.

               Subject:
               	Security ID:		S-1-5-18
               	Account Name:		WIN-H96JM6F374S$
               	Account Domain:		WORKGROUP
               	Logon ID:		0x3E7

               Logon Type:			2

               Account For Which Logon Failed:
               	Security ID:		S-1-5-21-1843355061-959072039-615746888-3222
               	Account Name:		testuser15
               	Account Domain:		WIN-H96JM6F374S

               Failure Information:
               	Failure Reason:		User not allowed to log on at this computer.
               	Status:		0xC000006E
               	Sub Status:		0x0

               Process Information:
               	Caller Process Name:		C:\Windows\System32\svchost.exe

               Network Information:
               	Workstation Name:		WIN-H96JM6F374S
               	Source Network Address:		172.16.10.28
               	Source Port:		50607

TimeCreated  : 13/06/2026 16:37:25
Id           : 4625
ProviderName : Microsoft-Windows-Security-Auditing
MachineName  : WS2022-LAB02
Message      : An account failed to log on.

               Subject:
               	Security ID:		S-1-5-18
               	Account Name:		WS2022-LAB02$
               	Account Domain:		WORKGROUP
               	Logon ID:		0x3E7

               Logon Type:			2

               Account For Which Logon Failed:
               	Security ID:		S-1-5-21-1843355061-959072039-615746888-6781
               	Account Name:		testuser15
               	Account Domain:		WS2022-LAB02

               Failure Information:
               	Failure Reason:		Unknown user name or bad password.
               	Status:		0xC000006D
               	Sub Status:		0xC000006A

               Process Information:
               	Caller Process Name:		C:\Windows\System32\svchost.exe

               Network Information:
               	Workstation Name:		WS2022-LAB02
               	Source Network Address:		10.0.0.198
               	Source Port:		61604

TimeCreated  : 13/06/2026 16:37:30
Id           : 4624
ProviderName : Microsoft-Windows-Security-Auditing
MachineName  : WS2022-LAB01
Message      : An account was successfully logged on.

               Subject:
               	Security ID:		S-1-5-18
               	Account Name:		WS2022-LAB01$
               	Account Domain:		WORKGROUP
               	Logon ID:		0xB9AAF

               Logon Information:
               	Logon Type:		2
               	Restricted Admin Mode:		-
               	Virtual Account:		No
               	Elevated Token:		No

               New Logon:
               	Security ID:		S-1-5-21-1843355061-959072039-615746888-6792
               	Account Name:		testuser15
               	Account Domain:		WS2022-LAB01
               	Logon ID:		0x2BF7E

               Process Information:
               	Process Name:		C:\Windows\System32\svchost.exe

               Network Information:
               	Workstation Name:		WS2022-LAB01
               	Source Network Address:		127.0.0.1
               	Source Port:		0

TimeCreated  : 13/06/2026 16:37:31
Id           : 4625
ProviderName : Microsoft-Windows-Security-Auditing
MachineName  : WS2022-LAB02
Message      : An account failed to log on.

               Subject:
               	Security ID:		S-1-5-18
               	Account Name:		WS2022-LAB02$
               	Account Domain:		WORKGROUP
               	Logon ID:		0x3E7

               Logon Type:			2

               Account For Which Logon Failed:
               	Security ID:		S-1-5-21-1843355061-959072039-615746888-7223
               	Account Name:		testuser15
               	Account Domain:		WS2022-LAB02

               Failure Information:
               	Failure Reason:		Unknown user name or bad password.
               	Status:		0xC000006D
               	Sub Status:		0xC0000064

               Process Information:
               	Caller Process Name:		C:\Windows\System32\svchost.exe

               Network Information:
               	Workstation Name:		WS2022-LAB02
               	Source Network Address:		192.168.56.141
               	Source Port:		55758

TimeCreated  : 13/06/2026 16:37:33
Id           : 4625
ProviderName : Microsoft-Windows-Security-Auditing
MachineName  : WS2022-LAB02
Message      : An account failed to log on.

               Subject:
               	Security ID:		S-1-5-18
               	Account Name:		WS2022-LAB02$
               	Account Domain:		WORKGROUP
               	Logon ID:		0x3E7

               Logon Type:			2

               Account For Which Logon Failed:
               	Security ID:		S-1-5-21-1843355061-959072039-615746888-4581
               	Account Name:		testuser15
               	Account Domain:		WS2022-LAB02

               Failure Information:
               	Failure Reason:		Unknown user name or bad password.
               	Status:		0xC000006D
               	Sub Status:		0xC0000064

               Process Information:
               	Caller Process Name:		C:\Windows\System32\svchost.exe

               Network Information:
               	Workstation Name:		WS2022-LAB02
               	Source Network Address:		192.168.56.19
               	Source Port:		23846

TimeCreated  : 13/06/2026 16:37:38
Id           : 4625
ProviderName : Microsoft-Windows-Security-Auditing
MachineName  : WIN-H96JM6F374S
Message      : An account failed to log on.

               Subject:
               	Security ID:		S-1-5-18
               	Account Name:		WIN-H96JM6F374S$
               	Account Domain:		WORKGROUP
               	Logon ID:		0x3E7

               Logon Type:			2

               Account For Which Logon Failed:
               	Security ID:		S-1-5-21-1843355061-959072039-615746888-9734
               	Account Name:		testuser15
               	Account Domain:		WIN-H96JM6F374S

               Failure Information:
               	Failure Reason:		Unknown user name or bad password.
               	Status:		0xC000006D
               	Sub Status:		0xC000006A

               Process Information:
               	Caller Process Name:		C:\Windows\System32\svchost.exe

               Network Information:
               	Workstation Name:		WIN-H96JM6F374S
               	Source Network Address:		192.168.56.111
               	Source Port:		46898

TimeCreated  : 13/06/2026 16:37:42
Id           : 4624
ProviderName : Microsoft-Windows-Security-Auditing
MachineName  : WS2022-LAB01
Message      : An account was successfully logged on.

               Subject:
               	Security ID:		S-1-5-18
               	Account Name:		WS2022-LAB01$
               	Account Domain:		WORKGROUP
               	Logon ID:		0x3EC8F

               Logon Information:
               	Logon Type:		2
               	Restricted Admin Mode:		-
               	Virtual Account:		No
               	Elevated Token:		No

               New Logon:
               	Security ID:		S-1-5-21-1843355061-959072039-615746888-5140
               	Account Name:		testuser15
               	Account Domain:		WS2022-LAB01
               	Logon ID:		0x74844

               Process Information:
               	Process Name:		C:\Windows\System32\svchost.exe

               Network Information:
               	Workstation Name:		WS2022-LAB01
               	Source Network Address:		127.0.0.1
               	Source Port:		0

TimeCreated  : 13/06/2026 16:37:46
Id           : 4625
ProviderName : Microsoft-Windows-Security-Auditing
MachineName  : WS2022-LAB02
Message      : An account failed to log on.

               Subject:
               	Security ID:		S-1-5-18
               	Account Name:		WS2022-LAB02$
               	Account Domain:		WORKGROUP
               	Logon ID:		0x3E7

               Logon Type:			2

               Account For Which Logon Failed:
               	Security ID:		S-1-5-21-1843355061-959072039-615746888-7573
               	Account Name:		testuser2
               	Account Domain:		WS2022-LAB02

               Failure Information:
               	Failure Reason:		Unknown user name or bad password.
               	Status:		0xC000006D
               	Sub Status:		0xC000006A

               Process Information:
               	Caller Process Name:		C:\Windows\System32\svchost.exe

               Network Information:
               	Workstation Name:		WS2022-LAB02
               	Source Network Address:		10.0.0.205
               	Source Port:		2792

TimeCreated  : 13/06/2026 16:37:47
Id           : 4625
ProviderName : Microsoft-Windows-Security-Auditing
MachineName  : WIN-H96JM6F374S
Message      : An account failed to log on.

               Subject:
               	Security ID:		S-1-5-18
               	Account Name:		WIN-H96JM6F374S$
               	Account Domain:		WORKGROUP
               	Logon ID:		0x3E7

               Logon Type:			2

               Account For Which Logon Failed:
               	Security ID:		S-1-5-21-1843355061-959072039-615746888-2737
               	Account Name:		testuser2
               	Account Domain:		WIN-H96JM6F374S

               Failure Information:
               	Failure Reason:		User not allowed to log on at this computer.
               	Status:		0xC000006E
               	Sub Status:		0x0

               Process Information:
               	Caller Process Name:		C:\Windows\System32\svchost.exe

               Network Information:
               	Workstation Name:		WIN-H96JM6F374S
               	Source Network Address:		192.168.56.35
               	Source Port:		45266

TimeCreated  : 13/06/2026 16:37:51
Id           : 4625
ProviderName : Microsoft-Windows-Security-Auditing
MachineName  : WS2022-LAB02
Message      : An account failed to log on.

               Subject:
               	Security ID:		S-1-5-18
               	Account Name:		WS2022-LAB02$
               	Account Domain:		WORKGROUP
               	Logon ID:		0x3E7

               Logon Type:			2

               Account For Which Logon Failed:
               	Security ID:		S-1-5-21-1843355061-959072039-615746888-9305
               	Account Name:		testuser2
               	Account Domain:		WS2022-LAB02

               Failure Information:
               	Failure Reason:		User not allowed to log on at this computer.
               	Status:		0xC000006E
               	Sub Status:		0x0

               Process Information:
               	Caller Process Name:		C:\Windows\System32\svchost.exe

               Network Information:
               	Workstation Name:		WS2022-LAB02
               	Source Network Address:		192.168.56.163
               	Source Port:		49528

TimeCreated  : 13/06/2026 16:37:52
Id           : 4624
ProviderName : Microsoft-Windows-Security-Auditing
MachineName  : WS2022-LAB02
Message      : An account was successfully logged on.

               Subject:
               	Security ID:		S-1-5-18
               	Account Name:		WS2022-LAB02$
               	Account Domain:		WORKGROUP
               	Logon ID:		0x26872

               Logon Information:
               	Logon Type:		2
               	Restricted Admin Mode:		-
               	Virtual Account:		No
               	Elevated Token:		No

               New Logon:
               	Security ID:		S-1-5-21-1843355061-959072039-615746888-6111
               	Account Name:		testuser2
               	Account Domain:		WS2022-LAB02
               	Logon ID:		0x49E7A

               Process Information:
               	Process Name:		C:\Windows\System32\svchost.exe

               Network Information:
               	Workstation Name:		WS2022-LAB02
               	Source Network Address:		127.0.0.1
               	Source Port:		0

TimeCreated  : 13/06/2026 16:37:57
Id           : 4625
ProviderName : Microsoft-Windows-Security-Auditing
MachineName  : WS2022-LAB02
Message      : An account failed to log on.

               Subject:
               	Security ID:		S-1-5-18
               	Account Name:		WS2022-LAB02$
               	Account Domain:		WORKGROUP
               	Logon ID:		0x3E7

               Logon Type:			2

               Account For Which Logon Failed:
               	Security ID:		S-1-5-21-1843355061-959072039-615746888-7546
               	Account Name:		testuser17
               	Account Domain:		WS2022-LAB02

               Failure Information:
               	Failure Reason:		Unknown user name or bad password.
               	Status:		0xC000006D
               	Sub Status:		0xC000006A

               Process Information:
               	Caller Process Name:		C:\Windows\System32\svchost.exe

               Network Information:
               	Workstation Name:		WS2022-LAB02
               	Source Network Address:		172.16.10.23
               	Source Port:		2811

TimeCreated  : 13/06/2026 16:38:02
Id           : 4625
ProviderName : Microsoft-Windows-Security-Auditing
MachineName  : WIN-H96JM6F374S
Message      : An account failed to log on.

               Subject:
               	Security ID:		S-1-5-18
               	Account Name:		WIN-H96JM6F374S$
               	Account Domain:		WORKGROUP
               	Logon ID:		0x3E7

               Logon Type:			2

               Account For Which Logon Failed:
               	Security ID:		S-1-5-21-1843355061-959072039-615746888-5001
               	Account Name:		testuser17
               	Account Domain:		WIN-H96JM6F374S

               Failure Information:
               	Failure Reason:		Unknown user name or bad password.
               	Status:		0xC000006D
               	Sub Status:		0xC000006A

               Process Information:
               	Caller Process Name:		C:\Windows\System32\svchost.exe

               Network Information:
               	Workstation Name:		WIN-H96JM6F374S
               	Source Network Address:		10.0.0.228
               	Source Port:		35236

TimeCreated  : 13/06/2026 16:38:04
Id           : 4625
ProviderName : Microsoft-Windows-Security-Auditing
MachineName  : WS2022-LAB01
Message      : An account failed to log on.

               Subject:
               	Security ID:		S-1-5-18
               	Account Name:		WS2022-LAB01$
               	Account Domain:		WORKGROUP
               	Logon ID:		0x3E7

               Logon Type:			2

               Account For Which Logon Failed:
               	Security ID:		S-1-5-21-1843355061-959072039-615746888-1407
               	Account Name:		testuser17
               	Account Domain:		WS2022-LAB01

               Failure Information:
               	Failure Reason:		Unknown user name or bad password.
               	Status:		0xC000006D
               	Sub Status:		0xC000006A

               Process Information:
               	Caller Process Name:		C:\Windows\System32\svchost.exe

               Network Information:
               	Workstation Name:		WS2022-LAB01
               	Source Network Address:		192.168.56.56
               	Source Port:		12824

TimeCreated  : 13/06/2026 16:38:06
Id           : 4624
ProviderName : Microsoft-Windows-Security-Auditing
MachineName  : WS2022-LAB01
Message      : An account was successfully logged on.

               Subject:
               	Security ID:		S-1-5-18
               	Account Name:		WS2022-LAB01$
               	Account Domain:		WORKGROUP
               	Logon ID:		0x25DCF

               Logon Information:
               	Logon Type:		2
               	Restricted Admin Mode:		-
               	Virtual Account:		No
               	Elevated Token:		No

               New Logon:
               	Security ID:		S-1-5-21-1843355061-959072039-615746888-6577
               	Account Name:		testuser17
               	Account Domain:		WS2022-LAB01
               	Logon ID:		0x84C9C

               Process Information:
               	Process Name:		C:\Windows\System32\svchost.exe

               Network Information:
               	Workstation Name:		WS2022-LAB01
               	Source Network Address:		172.16.10.183
               	Source Port:		0

TimeCreated  : 13/06/2026 16:38:11
Id           : 4672
ProviderName : Microsoft-Windows-Security-Auditing
MachineName  : WIN-H96JM6F374S
Message      : Special privileges assigned to new logon.

               Subject:
               	Security ID:		S-1-5-21-1843355061-959072039-615746888-7701
               	Account Name:		opsadmin1
               	Account Domain:		WIN-H96JM6F374S
               	Logon ID:		0xECF3A

               Privileges:		SeSecurityPrivilege
               			SeTakeOwnershipPrivilege
               			SeBackupPrivilege
               			SeRestorePrivilege

TimeCreated  : 13/06/2026 16:38:46
Id           : 4672
ProviderName : Microsoft-Windows-Security-Auditing
MachineName  : WIN-H96JM6F374S
Message      : Special privileges assigned to new logon.

               Subject:
               	Security ID:		S-1-5-21-1843355061-959072039-615746888-1126
               	Account Name:		opsadmin3
               	Account Domain:		WIN-H96JM6F374S
               	Logon ID:		0x1A667

               Privileges:		SeSecurityPrivilege
               			SeTakeOwnershipPrivilege
               			SeBackupPrivilege
               			SeRestorePrivilege

TimeCreated  : 13/06/2026 16:38:59
Id           : 4672
ProviderName : Microsoft-Windows-Security-Auditing
MachineName  : WS2022-LAB02
Message      : Special privileges assigned to new logon.

               Subject:
               	Security ID:		S-1-5-21-1843355061-959072039-615746888-8846
               	Account Name:		opsadmin3
               	Account Domain:		WS2022-LAB02
               	Logon ID:		0x3F237

               Privileges:		SeSecurityPrivilege
               			SeTakeOwnershipPrivilege
               			SeBackupPrivilege
               			SeRestorePrivilege

TimeCreated  : 13/06/2026 16:39:09
Id           : 4672
ProviderName : Microsoft-Windows-Security-Auditing
MachineName  : WS2022-LAB01
Message      : Special privileges assigned to new logon.

               Subject:
               	Security ID:		S-1-5-21-1843355061-959072039-615746888-5557
               	Account Name:		opsadmin3
               	Account Domain:		WS2022-LAB01
               	Logon ID:		0x758DE

               Privileges:		SeSecurityPrivilege
               			SeTakeOwnershipPrivilege
               			SeBackupPrivilege
               			SeRestorePrivilege

TimeCreated  : 13/06/2026 16:39:41
Id           : 4672
ProviderName : Microsoft-Windows-Security-Auditing
MachineName  : WS2022-LAB02
Message      : Special privileges assigned to new logon.

               Subject:
               	Security ID:		S-1-5-21-1843355061-959072039-615746888-2168
               	Account Name:		labadmin
               	Account Domain:		WS2022-LAB02
               	Logon ID:		0xE9A8B

               Privileges:		SeSecurityPrivilege
               			SeTakeOwnershipPrivilege
               			SeBackupPrivilege
               			SeRestorePrivilege

TimeCreated  : 13/06/2026 16:40:01
Id           : 4672
ProviderName : Microsoft-Windows-Security-Auditing
MachineName  : WIN-H96JM6F374S
Message      : Special privileges assigned to new logon.

               Subject:
               	Security ID:		S-1-5-21-1843355061-959072039-615746888-6207
               	Account Name:		opsadmin2
               	Account Domain:		WIN-H96JM6F374S
               	Logon ID:		0xCAEF6

               Privileges:		SeSecurityPrivilege
               			SeTakeOwnershipPrivilege
               			SeBackupPrivilege
               			SeRestorePrivilege

TimeCreated  : 13/06/2026 16:40:06
Id           : 4672
ProviderName : Microsoft-Windows-Security-Auditing
MachineName  : WIN-H96JM6F374S
Message      : Special privileges assigned to new logon.

               Subject:
               	Security ID:		S-1-5-21-1843355061-959072039-615746888-4339
               	Account Name:		labadmin
               	Account Domain:		WIN-H96JM6F374S
               	Logon ID:		0x32156

               Privileges:		SeSecurityPrivilege
               			SeTakeOwnershipPrivilege
               			SeBackupPrivilege
               			SeRestorePrivilege

TimeCreated  : 13/06/2026 16:40:19
Id           : 4672
ProviderName : Microsoft-Windows-Security-Auditing
MachineName  : WS2022-LAB01
Message      : Special privileges assigned to new logon.

               Subject:
               	Security ID:		S-1-5-21-1843355061-959072039-615746888-4121
               	Account Name:		labadmin
               	Account Domain:		WS2022-LAB01
               	Logon ID:		0x6957B

               Privileges:		SeSecurityPrivilege
               			SeTakeOwnershipPrivilege
               			SeBackupPrivilege
               			SeRestorePrivilege

TimeCreated  : 13/06/2026 16:40:47
Id           : 4672
ProviderName : Microsoft-Windows-Security-Auditing
MachineName  : WIN-H96JM6F374S
Message      : Special privileges assigned to new logon.

               Subject:
               	Security ID:		S-1-5-21-1843355061-959072039-615746888-6557
               	Account Name:		opsadmin2
               	Account Domain:		WIN-H96JM6F374S
               	Logon ID:		0x1EEA5

               Privileges:		SeSecurityPrivilege
               			SeTakeOwnershipPrivilege
               			SeBackupPrivilege
               			SeRestorePrivilege

TimeCreated  : 13/06/2026 16:41:10
Id           : 4672
ProviderName : Microsoft-Windows-Security-Auditing
MachineName  : WIN-H96JM6F374S
Message      : Special privileges assigned to new logon.

               Subject:
               	Security ID:		S-1-5-21-1843355061-959072039-615746888-5923
               	Account Name:		opsadmin3
               	Account Domain:		WIN-H96JM6F374S
               	Logon ID:		0x7AA28

               Privileges:		SeSecurityPrivilege
               			SeTakeOwnershipPrivilege
               			SeBackupPrivilege
               			SeRestorePrivilege

TimeCreated  : 13/06/2026 16:41:29
Id           : 4672
ProviderName : Microsoft-Windows-Security-Auditing
MachineName  : WIN-H96JM6F374S
Message      : Special privileges assigned to new logon.

               Subject:
               	Security ID:		S-1-5-21-1843355061-959072039-615746888-9176
               	Account Name:		opsadmin2
               	Account Domain:		WIN-H96JM6F374S
               	Logon ID:		0xEEA04

               Privileges:		SeSecurityPrivilege
               			SeTakeOwnershipPrivilege
               			SeBackupPrivilege
               			SeRestorePrivilege

TimeCreated  : 13/06/2026 16:41:48
Id           : 4672
ProviderName : Microsoft-Windows-Security-Auditing
MachineName  : WS2022-LAB01
Message      : Special privileges assigned to new logon.

               Subject:
               	Security ID:		S-1-5-21-1843355061-959072039-615746888-4001
               	Account Name:		labadmin
               	Account Domain:		WS2022-LAB01
               	Logon ID:		0xE418E

               Privileges:		SeSecurityPrivilege
               			SeTakeOwnershipPrivilege
               			SeBackupPrivilege
               			SeRestorePrivilege

