TimeCreated  : 13/06/2026 10:58:45
Id           : 4624
ProviderName : Microsoft-Windows-Security-Auditing
MachineName  : WS2022-LAB02
Message      : An account was successfully logged on.

               Subject:
               	Security ID:		S-1-5-18
               	Account Name:		WS2022-LAB02$
               	Account Domain:		WORKGROUP
               	Logon ID:		0x2F303

               Logon Information:
               	Logon Type:		2
               	Restricted Admin Mode:		-
               	Virtual Account:		No
               	Elevated Token:		No

               New Logon:
               	Security ID:		S-1-5-21-1843355061-959072039-615746888-6502
               	Account Name:		testuser3
               	Account Domain:		WS2022-LAB02
               	Logon ID:		0x45A41

               Process Information:
               	Process Name:		C:\Windows\System32\svchost.exe

               Network Information:
               	Workstation Name:		WS2022-LAB02
               	Source Network Address:		10.0.0.68
               	Source Port:		0

TimeCreated  : 13/06/2026 10:59:11
Id           : 4624
ProviderName : Microsoft-Windows-Security-Auditing
MachineName  : WIN-H96JM6F374S
Message      : An account was successfully logged on.

               Subject:
               	Security ID:		S-1-5-18
               	Account Name:		WIN-H96JM6F374S$
               	Account Domain:		WORKGROUP
               	Logon ID:		0x49069

               Logon Information:
               	Logon Type:		2
               	Restricted Admin Mode:		-
               	Virtual Account:		No
               	Elevated Token:		No

               New Logon:
               	Security ID:		S-1-5-21-1843355061-959072039-615746888-1656
               	Account Name:		testuser17
               	Account Domain:		WIN-H96JM6F374S
               	Logon ID:		0xE5D19

               Process Information:
               	Process Name:		C:\Windows\System32\svchost.exe

               Network Information:
               	Workstation Name:		WIN-H96JM6F374S
               	Source Network Address:		10.0.0.107
               	Source Port:		0

TimeCreated  : 13/06/2026 10:59:52
Id           : 4624
ProviderName : Microsoft-Windows-Security-Auditing
MachineName  : WS2022-LAB01
Message      : An account was successfully logged on.

               Subject:
               	Security ID:		S-1-5-18
               	Account Name:		WS2022-LAB01$
               	Account Domain:		WORKGROUP
               	Logon ID:		0x37E81

               Logon Information:
               	Logon Type:		2
               	Restricted Admin Mode:		-
               	Virtual Account:		No
               	Elevated Token:		No

               New Logon:
               	Security ID:		S-1-5-21-1843355061-959072039-615746888-8844
               	Account Name:		testuser1
               	Account Domain:		WS2022-LAB01
               	Logon ID:		0x2ACB1

               Process Information:
               	Process Name:		C:\Windows\System32\svchost.exe

               Network Information:
               	Workstation Name:		WS2022-LAB01
               	Source Network Address:		127.0.0.1
               	Source Port:		0

TimeCreated  : 13/06/2026 11:00:25
Id           : 4624
ProviderName : Microsoft-Windows-Security-Auditing
MachineName  : WIN-H96JM6F374S
Message      : An account was successfully logged on.

               Subject:
               	Security ID:		S-1-5-18
               	Account Name:		WIN-H96JM6F374S$
               	Account Domain:		WORKGROUP
               	Logon ID:		0xCC823

               Logon Information:
               	Logon Type:		2
               	Restricted Admin Mode:		-
               	Virtual Account:		No
               	Elevated Token:		No

               New Logon:
               	Security ID:		S-1-5-21-1843355061-959072039-615746888-9830
               	Account Name:		testuser12
               	Account Domain:		WIN-H96JM6F374S
               	Logon ID:		0x3A212

               Process Information:
               	Process Name:		C:\Windows\System32\svchost.exe

               Network Information:
               	Workstation Name:		WIN-H96JM6F374S
               	Source Network Address:		127.0.0.1
               	Source Port:		0

TimeCreated  : 13/06/2026 11:01:07
Id           : 4624
ProviderName : Microsoft-Windows-Security-Auditing
MachineName  : WS2022-LAB01
Message      : An account was successfully logged on.

               Subject:
               	Security ID:		S-1-5-18
               	Account Name:		WS2022-LAB01$
               	Account Domain:		WORKGROUP
               	Logon ID:		0x64795

               Logon Information:
               	Logon Type:		2
               	Restricted Admin Mode:		-
               	Virtual Account:		No
               	Elevated Token:		No

               New Logon:
               	Security ID:		S-1-5-21-1843355061-959072039-615746888-9086
               	Account Name:		testuser8
               	Account Domain:		WS2022-LAB01
               	Logon ID:		0x4DCBD

               Process Information:
               	Process Name:		C:\Windows\System32\svchost.exe

               Network Information:
               	Workstation Name:		WS2022-LAB01
               	Source Network Address:		127.0.0.1
               	Source Port:		0

TimeCreated  : 13/06/2026 11:01:19
Id           : 4624
ProviderName : Microsoft-Windows-Security-Auditing
MachineName  : WS2022-LAB02
Message      : An account was successfully logged on.

               Subject:
               	Security ID:		S-1-5-18
               	Account Name:		WS2022-LAB02$
               	Account Domain:		WORKGROUP
               	Logon ID:		0x82FC4

               Logon Information:
               	Logon Type:		2
               	Restricted Admin Mode:		-
               	Virtual Account:		No
               	Elevated Token:		No

               New Logon:
               	Security ID:		S-1-5-21-1843355061-959072039-615746888-2888
               	Account Name:		testuser12
               	Account Domain:		WS2022-LAB02
               	Logon ID:		0xDC79F

               Process Information:
               	Process Name:		C:\Windows\System32\svchost.exe

               Network Information:
               	Workstation Name:		WS2022-LAB02
               	Source Network Address:		10.0.0.212
               	Source Port:		0

TimeCreated  : 13/06/2026 11:01:37
Id           : 4624
ProviderName : Microsoft-Windows-Security-Auditing
MachineName  : WS2022-LAB02
Message      : An account was successfully logged on.

               Subject:
               	Security ID:		S-1-5-18
               	Account Name:		WS2022-LAB02$
               	Account Domain:		WORKGROUP
               	Logon ID:		0x674CE

               Logon Information:
               	Logon Type:		2
               	Restricted Admin Mode:		-
               	Virtual Account:		No
               	Elevated Token:		No

               New Logon:
               	Security ID:		S-1-5-21-1843355061-959072039-615746888-6671
               	Account Name:		testuser16
               	Account Domain:		WS2022-LAB02
               	Logon ID:		0x3D83A

               Process Information:
               	Process Name:		C:\Windows\System32\svchost.exe

               Network Information:
               	Workstation Name:		WS2022-LAB02
               	Source Network Address:		127.0.0.1
               	Source Port:		0

TimeCreated  : 13/06/2026 11:01:56
Id           : 4624
ProviderName : Microsoft-Windows-Security-Auditing
MachineName  : WS2022-LAB02
Message      : An account was successfully logged on.

               Subject:
               	Security ID:		S-1-5-18
               	Account Name:		WS2022-LAB02$
               	Account Domain:		WORKGROUP
               	Logon ID:		0xAFB50

               Logon Information:
               	Logon Type:		2
               	Restricted Admin Mode:		-
               	Virtual Account:		No
               	Elevated Token:		No

               New Logon:
               	Security ID:		S-1-5-21-1843355061-959072039-615746888-9741
               	Account Name:		testuser9
               	Account Domain:		WS2022-LAB02
               	Logon ID:		0xE1DD6

               Process Information:
               	Process Name:		C:\Windows\System32\svchost.exe

               Network Information:
               	Workstation Name:		WS2022-LAB02
               	Source Network Address:		10.0.0.77
               	Source Port:		0

TimeCreated  : 13/06/2026 11:02:40
Id           : 4624
ProviderName : Microsoft-Windows-Security-Auditing
MachineName  : WS2022-LAB01
Message      : An account was successfully logged on.

               Subject:
               	Security ID:		S-1-5-18
               	Account Name:		WS2022-LAB01$
               	Account Domain:		WORKGROUP
               	Logon ID:		0xADD07

               Logon Information:
               	Logon Type:		2
               	Restricted Admin Mode:		-
               	Virtual Account:		No
               	Elevated Token:		No

               New Logon:
               	Security ID:		S-1-5-21-1843355061-959072039-615746888-3479
               	Account Name:		testuser11
               	Account Domain:		WS2022-LAB01
               	Logon ID:		0x3306F

               Process Information:
               	Process Name:		C:\Windows\System32\svchost.exe

               Network Information:
               	Workstation Name:		WS2022-LAB01
               	Source Network Address:		127.0.0.1
               	Source Port:		0

TimeCreated  : 13/06/2026 11:02:59
Id           : 4624
ProviderName : Microsoft-Windows-Security-Auditing
MachineName  : WIN-H96JM6F374S
Message      : An account was successfully logged on.

               Subject:
               	Security ID:		S-1-5-18
               	Account Name:		WIN-H96JM6F374S$
               	Account Domain:		WORKGROUP
               	Logon ID:		0x3C0BE

               Logon Information:
               	Logon Type:		2
               	Restricted Admin Mode:		-
               	Virtual Account:		No
               	Elevated Token:		No

               New Logon:
               	Security ID:		S-1-5-21-1843355061-959072039-615746888-7722
               	Account Name:		testuser6
               	Account Domain:		WIN-H96JM6F374S
               	Logon ID:		0x9F0DA

               Process Information:
               	Process Name:		C:\Windows\System32\svchost.exe

               Network Information:
               	Workstation Name:		WIN-H96JM6F374S
               	Source Network Address:		127.0.0.1
               	Source Port:		0

TimeCreated  : 13/06/2026 11:03:13
Id           : 4624
ProviderName : Microsoft-Windows-Security-Auditing
MachineName  : WIN-H96JM6F374S
Message      : An account was successfully logged on.

               Subject:
               	Security ID:		S-1-5-18
               	Account Name:		WIN-H96JM6F374S$
               	Account Domain:		WORKGROUP
               	Logon ID:		0x276E4

               Logon Information:
               	Logon Type:		2
               	Restricted Admin Mode:		-
               	Virtual Account:		No
               	Elevated Token:		No

               New Logon:
               	Security ID:		S-1-5-21-1843355061-959072039-615746888-2194
               	Account Name:		testuser18
               	Account Domain:		WIN-H96JM6F374S
               	Logon ID:		0x1C2B3

               Process Information:
               	Process Name:		C:\Windows\System32\svchost.exe

               Network Information:
               	Workstation Name:		WIN-H96JM6F374S
               	Source Network Address:		127.0.0.1
               	Source Port:		0

TimeCreated  : 13/06/2026 11:03:23
Id           : 4624
ProviderName : Microsoft-Windows-Security-Auditing
MachineName  : WS2022-LAB01
Message      : An account was successfully logged on.

               Subject:
               	Security ID:		S-1-5-18
               	Account Name:		WS2022-LAB01$
               	Account Domain:		WORKGROUP
               	Logon ID:		0x906BB

               Logon Information:
               	Logon Type:		2
               	Restricted Admin Mode:		-
               	Virtual Account:		No
               	Elevated Token:		No

               New Logon:
               	Security ID:		S-1-5-21-1843355061-959072039-615746888-5860
               	Account Name:		testuser9
               	Account Domain:		WS2022-LAB01
               	Logon ID:		0xC17B8

               Process Information:
               	Process Name:		C:\Windows\System32\svchost.exe

               Network Information:
               	Workstation Name:		WS2022-LAB01
               	Source Network Address:		127.0.0.1
               	Source Port:		0

TimeCreated  : 13/06/2026 11:03:47
Id           : 4624
ProviderName : Microsoft-Windows-Security-Auditing
MachineName  : WS2022-LAB01
Message      : An account was successfully logged on.

               Subject:
               	Security ID:		S-1-5-18
               	Account Name:		WS2022-LAB01$
               	Account Domain:		WORKGROUP
               	Logon ID:		0x79645

               Logon Information:
               	Logon Type:		2
               	Restricted Admin Mode:		-
               	Virtual Account:		No
               	Elevated Token:		No

               New Logon:
               	Security ID:		S-1-5-21-1843355061-959072039-615746888-3859
               	Account Name:		testuser3
               	Account Domain:		WS2022-LAB01
               	Logon ID:		0x59872

               Process Information:
               	Process Name:		C:\Windows\System32\svchost.exe

               Network Information:
               	Workstation Name:		WS2022-LAB01
               	Source Network Address:		10.0.0.216
               	Source Port:		0

TimeCreated  : 13/06/2026 11:04:07
Id           : 4624
ProviderName : Microsoft-Windows-Security-Auditing
MachineName  : WS2022-LAB01
Message      : An account was successfully logged on.

               Subject:
               	Security ID:		S-1-5-18
               	Account Name:		WS2022-LAB01$
               	Account Domain:		WORKGROUP
               	Logon ID:		0xEE62A

               Logon Information:
               	Logon Type:		2
               	Restricted Admin Mode:		-
               	Virtual Account:		No
               	Elevated Token:		No

               New Logon:
               	Security ID:		S-1-5-21-1843355061-959072039-615746888-2564
               	Account Name:		testuser17
               	Account Domain:		WS2022-LAB01
               	Logon ID:		0x436DD

               Process Information:
               	Process Name:		C:\Windows\System32\svchost.exe

               Network Information:
               	Workstation Name:		WS2022-LAB01
               	Source Network Address:		127.0.0.1
               	Source Port:		0

TimeCreated  : 13/06/2026 11:04:34
Id           : 4624
ProviderName : Microsoft-Windows-Security-Auditing
MachineName  : WIN-H96JM6F374S
Message      : An account was successfully logged on.

               Subject:
               	Security ID:		S-1-5-18
               	Account Name:		WIN-H96JM6F374S$
               	Account Domain:		WORKGROUP
               	Logon ID:		0x90A63

               Logon Information:
               	Logon Type:		2
               	Restricted Admin Mode:		-
               	Virtual Account:		No
               	Elevated Token:		No

               New Logon:
               	Security ID:		S-1-5-21-1843355061-959072039-615746888-1517
               	Account Name:		testuser9
               	Account Domain:		WIN-H96JM6F374S
               	Logon ID:		0x70C7E

               Process Information:
               	Process Name:		C:\Windows\System32\svchost.exe

               Network Information:
               	Workstation Name:		WIN-H96JM6F374S
               	Source Network Address:		127.0.0.1
               	Source Port:		0

TimeCreated  : 13/06/2026 11:04:53
Id           : 4624
ProviderName : Microsoft-Windows-Security-Auditing
MachineName  : WIN-H96JM6F374S
Message      : An account was successfully logged on.

               Subject:
               	Security ID:		S-1-5-18
               	Account Name:		WIN-H96JM6F374S$
               	Account Domain:		WORKGROUP
               	Logon ID:		0xC0241

               Logon Information:
               	Logon Type:		2
               	Restricted Admin Mode:		-
               	Virtual Account:		No
               	Elevated Token:		No

               New Logon:
               	Security ID:		S-1-5-21-1843355061-959072039-615746888-3777
               	Account Name:		testuser2
               	Account Domain:		WIN-H96JM6F374S
               	Logon ID:		0x65376

               Process Information:
               	Process Name:		C:\Windows\System32\svchost.exe

               Network Information:
               	Workstation Name:		WIN-H96JM6F374S
               	Source Network Address:		127.0.0.1
               	Source Port:		0

TimeCreated  : 13/06/2026 11:05:36
Id           : 4624
ProviderName : Microsoft-Windows-Security-Auditing
MachineName  : WS2022-LAB01
Message      : An account was successfully logged on.

               Subject:
               	Security ID:		S-1-5-18
               	Account Name:		WS2022-LAB01$
               	Account Domain:		WORKGROUP
               	Logon ID:		0x6C47F

               Logon Information:
               	Logon Type:		2
               	Restricted Admin Mode:		-
               	Virtual Account:		No
               	Elevated Token:		No

               New Logon:
               	Security ID:		S-1-5-21-1843355061-959072039-615746888-4482
               	Account Name:		testuser17
               	Account Domain:		WS2022-LAB01
               	Logon ID:		0xCB581

               Process Information:
               	Process Name:		C:\Windows\System32\svchost.exe

               Network Information:
               	Workstation Name:		WS2022-LAB01
               	Source Network Address:		10.0.0.35
               	Source Port:		0

TimeCreated  : 13/06/2026 11:05:51
Id           : 4624
ProviderName : Microsoft-Windows-Security-Auditing
MachineName  : WS2022-LAB02
Message      : An account was successfully logged on.

               Subject:
               	Security ID:		S-1-5-18
               	Account Name:		WS2022-LAB02$
               	Account Domain:		WORKGROUP
               	Logon ID:		0x2A1B8

               Logon Information:
               	Logon Type:		2
               	Restricted Admin Mode:		-
               	Virtual Account:		No
               	Elevated Token:		No

               New Logon:
               	Security ID:		S-1-5-21-1843355061-959072039-615746888-5348
               	Account Name:		testuser17
               	Account Domain:		WS2022-LAB02
               	Logon ID:		0x3E5A2

               Process Information:
               	Process Name:		C:\Windows\System32\svchost.exe

               Network Information:
               	Workstation Name:		WS2022-LAB02
               	Source Network Address:		127.0.0.1
               	Source Port:		0

TimeCreated  : 13/06/2026 11:06:33
Id           : 4624
ProviderName : Microsoft-Windows-Security-Auditing
MachineName  : WS2022-LAB01
Message      : An account was successfully logged on.

               Subject:
               	Security ID:		S-1-5-18
               	Account Name:		WS2022-LAB01$
               	Account Domain:		WORKGROUP
               	Logon ID:		0x3BC5D

               Logon Information:
               	Logon Type:		2
               	Restricted Admin Mode:		-
               	Virtual Account:		No
               	Elevated Token:		No

               New Logon:
               	Security ID:		S-1-5-21-1843355061-959072039-615746888-8485
               	Account Name:		testuser15
               	Account Domain:		WS2022-LAB01
               	Logon ID:		0xC0EFD

               Process Information:
               	Process Name:		C:\Windows\System32\svchost.exe

               Network Information:
               	Workstation Name:		WS2022-LAB01
               	Source Network Address:		192.168.56.134
               	Source Port:		0

TimeCreated  : 13/06/2026 11:06:41
Id           : 4624
ProviderName : Microsoft-Windows-Security-Auditing
MachineName  : WS2022-LAB02
Message      : An account was successfully logged on.

               Subject:
               	Security ID:		S-1-5-18
               	Account Name:		WS2022-LAB02$
               	Account Domain:		WORKGROUP
               	Logon ID:		0xC2ABA

               Logon Information:
               	Logon Type:		2
               	Restricted Admin Mode:		-
               	Virtual Account:		No
               	Elevated Token:		No

               New Logon:
               	Security ID:		S-1-5-21-1843355061-959072039-615746888-9324
               	Account Name:		testuser5
               	Account Domain:		WS2022-LAB02
               	Logon ID:		0x4ED83

               Process Information:
               	Process Name:		C:\Windows\System32\svchost.exe

               Network Information:
               	Workstation Name:		WS2022-LAB02
               	Source Network Address:		192.168.56.63
               	Source Port:		0

TimeCreated  : 13/06/2026 11:07:24
Id           : 4624
ProviderName : Microsoft-Windows-Security-Auditing
MachineName  : WS2022-LAB02
Message      : An account was successfully logged on.

               Subject:
               	Security ID:		S-1-5-18
               	Account Name:		WS2022-LAB02$
               	Account Domain:		WORKGROUP
               	Logon ID:		0xA8913

               Logon Information:
               	Logon Type:		2
               	Restricted Admin Mode:		-
               	Virtual Account:		No
               	Elevated Token:		No

               New Logon:
               	Security ID:		S-1-5-21-1843355061-959072039-615746888-8972
               	Account Name:		testuser6
               	Account Domain:		WS2022-LAB02
               	Logon ID:		0x7A8A9

               Process Information:
               	Process Name:		C:\Windows\System32\svchost.exe

               Network Information:
               	Workstation Name:		WS2022-LAB02
               	Source Network Address:		127.0.0.1
               	Source Port:		0

TimeCreated  : 13/06/2026 11:07:43
Id           : 4624
ProviderName : Microsoft-Windows-Security-Auditing
MachineName  : WIN-H96JM6F374S
Message      : An account was successfully logged on.

               Subject:
               	Security ID:		S-1-5-18
               	Account Name:		WIN-H96JM6F374S$
               	Account Domain:		WORKGROUP
               	Logon ID:		0x2A947

               Logon Information:
               	Logon Type:		2
               	Restricted Admin Mode:		-
               	Virtual Account:		No
               	Elevated Token:		No

               New Logon:
               	Security ID:		S-1-5-21-1843355061-959072039-615746888-3331
               	Account Name:		testuser1
               	Account Domain:		WIN-H96JM6F374S
               	Logon ID:		0x39443

               Process Information:
               	Process Name:		C:\Windows\System32\svchost.exe

               Network Information:
               	Workstation Name:		WIN-H96JM6F374S
               	Source Network Address:		127.0.0.1
               	Source Port:		0

TimeCreated  : 13/06/2026 11:07:57
Id           : 4624
ProviderName : Microsoft-Windows-Security-Auditing
MachineName  : WIN-H96JM6F374S
Message      : An account was successfully logged on.

               Subject:
               	Security ID:		S-1-5-18
               	Account Name:		WIN-H96JM6F374S$
               	Account Domain:		WORKGROUP
               	Logon ID:		0x4AE2E

               Logon Information:
               	Logon Type:		2
               	Restricted Admin Mode:		-
               	Virtual Account:		No
               	Elevated Token:		No

               New Logon:
               	Security ID:		S-1-5-21-1843355061-959072039-615746888-2903
               	Account Name:		testuser7
               	Account Domain:		WIN-H96JM6F374S
               	Logon ID:		0x5B869

               Process Information:
               	Process Name:		C:\Windows\System32\svchost.exe

               Network Information:
               	Workstation Name:		WIN-H96JM6F374S
               	Source Network Address:		127.0.0.1
               	Source Port:		0

TimeCreated  : 13/06/2026 11:08:40
Id           : 4624
ProviderName : Microsoft-Windows-Security-Auditing
MachineName  : WS2022-LAB02
Message      : An account was successfully logged on.

               Subject:
               	Security ID:		S-1-5-18
               	Account Name:		WS2022-LAB02$
               	Account Domain:		WORKGROUP
               	Logon ID:		0xA6E72

               Logon Information:
               	Logon Type:		2
               	Restricted Admin Mode:		-
               	Virtual Account:		No
               	Elevated Token:		No

               New Logon:
               	Security ID:		S-1-5-21-1843355061-959072039-615746888-8246
               	Account Name:		testuser16
               	Account Domain:		WS2022-LAB02
               	Logon ID:		0xB4E76

               Process Information:
               	Process Name:		C:\Windows\System32\svchost.exe

               Network Information:
               	Workstation Name:		WS2022-LAB02
               	Source Network Address:		10.0.0.99
               	Source Port:		0

TimeCreated  : 13/06/2026 11:09:13
Id           : 4624
ProviderName : Microsoft-Windows-Security-Auditing
MachineName  : WIN-H96JM6F374S
Message      : An account was successfully logged on.

               Subject:
               	Security ID:		S-1-5-18
               	Account Name:		WIN-H96JM6F374S$
               	Account Domain:		WORKGROUP
               	Logon ID:		0xE5FA4

               Logon Information:
               	Logon Type:		2
               	Restricted Admin Mode:		-
               	Virtual Account:		No
               	Elevated Token:		No

               New Logon:
               	Security ID:		S-1-5-21-1843355061-959072039-615746888-6815
               	Account Name:		testuser17
               	Account Domain:		WIN-H96JM6F374S
               	Logon ID:		0x1FFDE

               Process Information:
               	Process Name:		C:\Windows\System32\svchost.exe

               Network Information:
               	Workstation Name:		WIN-H96JM6F374S
               	Source Network Address:		127.0.0.1
               	Source Port:		0

TimeCreated  : 13/06/2026 11:09:31
Id           : 4624
ProviderName : Microsoft-Windows-Security-Auditing
MachineName  : WS2022-LAB01
Message      : An account was successfully logged on.

               Subject:
               	Security ID:		S-1-5-18
               	Account Name:		WS2022-LAB01$
               	Account Domain:		WORKGROUP
               	Logon ID:		0x96362

               Logon Information:
               	Logon Type:		2
               	Restricted Admin Mode:		-
               	Virtual Account:		No
               	Elevated Token:		No

               New Logon:
               	Security ID:		S-1-5-21-1843355061-959072039-615746888-6160
               	Account Name:		testuser11
               	Account Domain:		WS2022-LAB01
               	Logon ID:		0xC17D2

               Process Information:
               	Process Name:		C:\Windows\System32\svchost.exe

               Network Information:
               	Workstation Name:		WS2022-LAB01
               	Source Network Address:		127.0.0.1
               	Source Port:		0

TimeCreated  : 13/06/2026 11:10:08
Id           : 4624
ProviderName : Microsoft-Windows-Security-Auditing
MachineName  : WS2022-LAB01
Message      : An account was successfully logged on.

               Subject:
               	Security ID:		S-1-5-18
               	Account Name:		WS2022-LAB01$
               	Account Domain:		WORKGROUP
               	Logon ID:		0xBA611

               Logon Information:
               	Logon Type:		2
               	Restricted Admin Mode:		-
               	Virtual Account:		No
               	Elevated Token:		No

               New Logon:
               	Security ID:		S-1-5-21-1843355061-959072039-615746888-8687
               	Account Name:		testuser6
               	Account Domain:		WS2022-LAB01
               	Logon ID:		0xB71D3

               Process Information:
               	Process Name:		C:\Windows\System32\svchost.exe

               Network Information:
               	Workstation Name:		WS2022-LAB01
               	Source Network Address:		127.0.0.1
               	Source Port:		0

TimeCreated  : 13/06/2026 11:10:29
Id           : 4624
ProviderName : Microsoft-Windows-Security-Auditing
MachineName  : WIN-H96JM6F374S
Message      : An account was successfully logged on.

               Subject:
               	Security ID:		S-1-5-18
               	Account Name:		WIN-H96JM6F374S$
               	Account Domain:		WORKGROUP
               	Logon ID:		0x38AD7

               Logon Information:
               	Logon Type:		2
               	Restricted Admin Mode:		-
               	Virtual Account:		No
               	Elevated Token:		No

               New Logon:
               	Security ID:		S-1-5-21-1843355061-959072039-615746888-7683
               	Account Name:		testuser19
               	Account Domain:		WIN-H96JM6F374S
               	Logon ID:		0x395F0

               Process Information:
               	Process Name:		C:\Windows\System32\svchost.exe

               Network Information:
               	Workstation Name:		WIN-H96JM6F374S
               	Source Network Address:		127.0.0.1
               	Source Port:		0

TimeCreated  : 13/06/2026 11:11:14
Id           : 4624
ProviderName : Microsoft-Windows-Security-Auditing
MachineName  : WIN-H96JM6F374S
Message      : An account was successfully logged on.

               Subject:
               	Security ID:		S-1-5-18
               	Account Name:		WIN-H96JM6F374S$
               	Account Domain:		WORKGROUP
               	Logon ID:		0x9E755

               Logon Information:
               	Logon Type:		2
               	Restricted Admin Mode:		-
               	Virtual Account:		No
               	Elevated Token:		No

               New Logon:
               	Security ID:		S-1-5-21-1843355061-959072039-615746888-5703
               	Account Name:		testuser11
               	Account Domain:		WIN-H96JM6F374S
               	Logon ID:		0x53415

               Process Information:
               	Process Name:		C:\Windows\System32\svchost.exe

               Network Information:
               	Workstation Name:		WIN-H96JM6F374S
               	Source Network Address:		10.0.0.91
               	Source Port:		0

TimeCreated  : 13/06/2026 11:11:49
Id           : 4624
ProviderName : Microsoft-Windows-Security-Auditing
MachineName  : WS2022-LAB02
Message      : An account was successfully logged on.

               Subject:
               	Security ID:		S-1-5-18
               	Account Name:		WS2022-LAB02$
               	Account Domain:		WORKGROUP
               	Logon ID:		0xAE483

               Logon Information:
               	Logon Type:		2
               	Restricted Admin Mode:		-
               	Virtual Account:		No
               	Elevated Token:		No

               New Logon:
               	Security ID:		S-1-5-21-1843355061-959072039-615746888-1312
               	Account Name:		testuser14
               	Account Domain:		WS2022-LAB02
               	Logon ID:		0x14620

               Process Information:
               	Process Name:		C:\Windows\System32\svchost.exe

               Network Information:
               	Workstation Name:		WS2022-LAB02
               	Source Network Address:		127.0.0.1
               	Source Port:		0

TimeCreated  : 13/06/2026 11:12:02
Id           : 4624
ProviderName : Microsoft-Windows-Security-Auditing
MachineName  : WIN-H96JM6F374S
Message      : An account was successfully logged on.

               Subject:
               	Security ID:		S-1-5-18
               	Account Name:		WIN-H96JM6F374S$
               	Account Domain:		WORKGROUP
               	Logon ID:		0x30DD8

               Logon Information:
               	Logon Type:		2
               	Restricted Admin Mode:		-
               	Virtual Account:		No
               	Elevated Token:		No

               New Logon:
               	Security ID:		S-1-5-21-1843355061-959072039-615746888-7718
               	Account Name:		testuser13
               	Account Domain:		WIN-H96JM6F374S
               	Logon ID:		0xC9453

               Process Information:
               	Process Name:		C:\Windows\System32\svchost.exe

               Network Information:
               	Workstation Name:		WIN-H96JM6F374S
               	Source Network Address:		127.0.0.1
               	Source Port:		0

TimeCreated  : 13/06/2026 11:12:44
Id           : 4624
ProviderName : Microsoft-Windows-Security-Auditing
MachineName  : WS2022-LAB02
Message      : An account was successfully logged on.

               Subject:
               	Security ID:		S-1-5-18
               	Account Name:		WS2022-LAB02$
               	Account Domain:		WORKGROUP
               	Logon ID:		0x1F029

               Logon Information:
               	Logon Type:		2
               	Restricted Admin Mode:		-
               	Virtual Account:		No
               	Elevated Token:		No

               New Logon:
               	Security ID:		S-1-5-21-1843355061-959072039-615746888-1027
               	Account Name:		testuser2
               	Account Domain:		WS2022-LAB02
               	Logon ID:		0x97A60

               Process Information:
               	Process Name:		C:\Windows\System32\svchost.exe

               Network Information:
               	Workstation Name:		WS2022-LAB02
               	Source Network Address:		127.0.0.1
               	Source Port:		0

TimeCreated  : 13/06/2026 11:13:22
Id           : 4624
ProviderName : Microsoft-Windows-Security-Auditing
MachineName  : WS2022-LAB01
Message      : An account was successfully logged on.

               Subject:
               	Security ID:		S-1-5-18
               	Account Name:		WS2022-LAB01$
               	Account Domain:		WORKGROUP
               	Logon ID:		0x453D9

               Logon Information:
               	Logon Type:		2
               	Restricted Admin Mode:		-
               	Virtual Account:		No
               	Elevated Token:		No

               New Logon:
               	Security ID:		S-1-5-21-1843355061-959072039-615746888-7109
               	Account Name:		testuser14
               	Account Domain:		WS2022-LAB01
               	Logon ID:		0x2D0E7

               Process Information:
               	Process Name:		C:\Windows\System32\svchost.exe

               Network Information:
               	Workstation Name:		WS2022-LAB01
               	Source Network Address:		10.0.0.48
               	Source Port:		0

TimeCreated  : 13/06/2026 11:13:56
Id           : 4624
ProviderName : Microsoft-Windows-Security-Auditing
MachineName  : WS2022-LAB02
Message      : An account was successfully logged on.

               Subject:
               	Security ID:		S-1-5-18
               	Account Name:		WS2022-LAB02$
               	Account Domain:		WORKGROUP
               	Logon ID:		0x891C4

               Logon Information:
               	Logon Type:		2
               	Restricted Admin Mode:		-
               	Virtual Account:		No
               	Elevated Token:		No

               New Logon:
               	Security ID:		S-1-5-21-1843355061-959072039-615746888-4411
               	Account Name:		testuser18
               	Account Domain:		WS2022-LAB02
               	Logon ID:		0xB9CCE

               Process Information:
               	Process Name:		C:\Windows\System32\svchost.exe

               Network Information:
               	Workstation Name:		WS2022-LAB02
               	Source Network Address:		127.0.0.1
               	Source Port:		0

TimeCreated  : 13/06/2026 11:14:32
Id           : 4624
ProviderName : Microsoft-Windows-Security-Auditing
MachineName  : WS2022-LAB02
Message      : An account was successfully logged on.

               Subject:
               	Security ID:		S-1-5-18
               	Account Name:		WS2022-LAB02$
               	Account Domain:		WORKGROUP
               	Logon ID:		0xB2897

               Logon Information:
               	Logon Type:		2
               	Restricted Admin Mode:		-
               	Virtual Account:		No
               	Elevated Token:		No

               New Logon:
               	Security ID:		S-1-5-21-1843355061-959072039-615746888-5407
               	Account Name:		testuser4
               	Account Domain:		WS2022-LAB02
               	Logon ID:		0xC5A52

               Process Information:
               	Process Name:		C:\Windows\System32\svchost.exe

               Network Information:
               	Workstation Name:		WS2022-LAB02
               	Source Network Address:		127.0.0.1
               	Source Port:		0

TimeCreated  : 13/06/2026 11:14:55
Id           : 4624
ProviderName : Microsoft-Windows-Security-Auditing
MachineName  : WS2022-LAB01
Message      : An account was successfully logged on.

               Subject:
               	Security ID:		S-1-5-18
               	Account Name:		WS2022-LAB01$
               	Account Domain:		WORKGROUP
               	Logon ID:		0xDC32C

               Logon Information:
               	Logon Type:		2
               	Restricted Admin Mode:		-
               	Virtual Account:		No
               	Elevated Token:		No

               New Logon:
               	Security ID:		S-1-5-21-1843355061-959072039-615746888-5698
               	Account Name:		testuser15
               	Account Domain:		WS2022-LAB01
               	Logon ID:		0xF1E58

               Process Information:
               	Process Name:		C:\Windows\System32\svchost.exe

               Network Information:
               	Workstation Name:		WS2022-LAB01
               	Source Network Address:		127.0.0.1
               	Source Port:		0

TimeCreated  : 13/06/2026 11:15:05
Id           : 4624
ProviderName : Microsoft-Windows-Security-Auditing
MachineName  : WS2022-LAB01
Message      : An account was successfully logged on.

               Subject:
               	Security ID:		S-1-5-18
               	Account Name:		WS2022-LAB01$
               	Account Domain:		WORKGROUP
               	Logon ID:		0x18F59

               Logon Information:
               	Logon Type:		2
               	Restricted Admin Mode:		-
               	Virtual Account:		No
               	Elevated Token:		No

               New Logon:
               	Security ID:		S-1-5-21-1843355061-959072039-615746888-9125
               	Account Name:		testuser4
               	Account Domain:		WS2022-LAB01
               	Logon ID:		0xA04B5

               Process Information:
               	Process Name:		C:\Windows\System32\svchost.exe

               Network Information:
               	Workstation Name:		WS2022-LAB01
               	Source Network Address:		127.0.0.1
               	Source Port:		0

TimeCreated  : 13/06/2026 11:15:48
Id           : 4624
ProviderName : Microsoft-Windows-Security-Auditing
MachineName  : WS2022-LAB01
Message      : An account was successfully logged on.

               Subject:
               	Security ID:		S-1-5-18
               	Account Name:		WS2022-LAB01$
               	Account Domain:		WORKGROUP
               	Logon ID:		0x7F33E

               Logon Information:
               	Logon Type:		2
               	Restricted Admin Mode:		-
               	Virtual Account:		No
               	Elevated Token:		No

               New Logon:
               	Security ID:		S-1-5-21-1843355061-959072039-615746888-8640
               	Account Name:		testuser15
               	Account Domain:		WS2022-LAB01
               	Logon ID:		0x6653F

               Process Information:
               	Process Name:		C:\Windows\System32\svchost.exe

               Network Information:
               	Workstation Name:		WS2022-LAB01
               	Source Network Address:		127.0.0.1
               	Source Port:		0

TimeCreated  : 13/06/2026 11:16:14
Id           : 4624
ProviderName : Microsoft-Windows-Security-Auditing
MachineName  : WS2022-LAB02
Message      : An account was successfully logged on.

               Subject:
               	Security ID:		S-1-5-18
               	Account Name:		WS2022-LAB02$
               	Account Domain:		WORKGROUP
               	Logon ID:		0x13A7B

               Logon Information:
               	Logon Type:		2
               	Restricted Admin Mode:		-
               	Virtual Account:		No
               	Elevated Token:		No

               New Logon:
               	Security ID:		S-1-5-21-1843355061-959072039-615746888-3858
               	Account Name:		testuser14
               	Account Domain:		WS2022-LAB02
               	Logon ID:		0xDA1F0

               Process Information:
               	Process Name:		C:\Windows\System32\svchost.exe

               Network Information:
               	Workstation Name:		WS2022-LAB02
               	Source Network Address:		127.0.0.1
               	Source Port:		0

TimeCreated  : 13/06/2026 11:16:39
Id           : 4624
ProviderName : Microsoft-Windows-Security-Auditing
MachineName  : WIN-H96JM6F374S
Message      : An account was successfully logged on.

               Subject:
               	Security ID:		S-1-5-18
               	Account Name:		WIN-H96JM6F374S$
               	Account Domain:		WORKGROUP
               	Logon ID:		0x410E5

               Logon Information:
               	Logon Type:		2
               	Restricted Admin Mode:		-
               	Virtual Account:		No
               	Elevated Token:		No

               New Logon:
               	Security ID:		S-1-5-21-1843355061-959072039-615746888-6310
               	Account Name:		testuser9
               	Account Domain:		WIN-H96JM6F374S
               	Logon ID:		0x9BE2D

               Process Information:
               	Process Name:		C:\Windows\System32\svchost.exe

               Network Information:
               	Workstation Name:		WIN-H96JM6F374S
               	Source Network Address:		10.0.0.104
               	Source Port:		0

TimeCreated  : 13/06/2026 11:17:22
Id           : 4624
ProviderName : Microsoft-Windows-Security-Auditing
MachineName  : WIN-H96JM6F374S
Message      : An account was successfully logged on.

               Subject:
               	Security ID:		S-1-5-18
               	Account Name:		WIN-H96JM6F374S$
               	Account Domain:		WORKGROUP
               	Logon ID:		0x790C1

               Logon Information:
               	Logon Type:		2
               	Restricted Admin Mode:		-
               	Virtual Account:		No
               	Elevated Token:		No

               New Logon:
               	Security ID:		S-1-5-21-1843355061-959072039-615746888-7344
               	Account Name:		testuser8
               	Account Domain:		WIN-H96JM6F374S
               	Logon ID:		0xB77FF

               Process Information:
               	Process Name:		C:\Windows\System32\svchost.exe

               Network Information:
               	Workstation Name:		WIN-H96JM6F374S
               	Source Network Address:		127.0.0.1
               	Source Port:		0

TimeCreated  : 13/06/2026 11:17:44
Id           : 4624
ProviderName : Microsoft-Windows-Security-Auditing
MachineName  : WS2022-LAB01
Message      : An account was successfully logged on.

               Subject:
               	Security ID:		S-1-5-18
               	Account Name:		WS2022-LAB01$
               	Account Domain:		WORKGROUP
               	Logon ID:		0x7CC7E

               Logon Information:
               	Logon Type:		2
               	Restricted Admin Mode:		-
               	Virtual Account:		No
               	Elevated Token:		No

               New Logon:
               	Security ID:		S-1-5-21-1843355061-959072039-615746888-5185
               	Account Name:		testuser19
               	Account Domain:		WS2022-LAB01
               	Logon ID:		0x6F9D0

               Process Information:
               	Process Name:		C:\Windows\System32\svchost.exe

               Network Information:
               	Workstation Name:		WS2022-LAB01
               	Source Network Address:		127.0.0.1
               	Source Port:		0

TimeCreated  : 13/06/2026 11:18:21
Id           : 4624
ProviderName : Microsoft-Windows-Security-Auditing
MachineName  : WS2022-LAB02
Message      : An account was successfully logged on.

               Subject:
               	Security ID:		S-1-5-18
               	Account Name:		WS2022-LAB02$
               	Account Domain:		WORKGROUP
               	Logon ID:		0x37A8A

               Logon Information:
               	Logon Type:		2
               	Restricted Admin Mode:		-
               	Virtual Account:		No
               	Elevated Token:		No

               New Logon:
               	Security ID:		S-1-5-21-1843355061-959072039-615746888-2490
               	Account Name:		testuser16
               	Account Domain:		WS2022-LAB02
               	Logon ID:		0xBE723

               Process Information:
               	Process Name:		C:\Windows\System32\svchost.exe

               Network Information:
               	Workstation Name:		WS2022-LAB02
               	Source Network Address:		10.0.0.46
               	Source Port:		0

TimeCreated  : 13/06/2026 11:18:38
Id           : 4624
ProviderName : Microsoft-Windows-Security-Auditing
MachineName  : WS2022-LAB01
Message      : An account was successfully logged on.

               Subject:
               	Security ID:		S-1-5-18
               	Account Name:		WS2022-LAB01$
               	Account Domain:		WORKGROUP
               	Logon ID:		0xE5D2E

               Logon Information:
               	Logon Type:		2
               	Restricted Admin Mode:		-
               	Virtual Account:		No
               	Elevated Token:		No

               New Logon:
               	Security ID:		S-1-5-21-1843355061-959072039-615746888-9537
               	Account Name:		testuser2
               	Account Domain:		WS2022-LAB01
               	Logon ID:		0x9D5B8

               Process Information:
               	Process Name:		C:\Windows\System32\svchost.exe

               Network Information:
               	Workstation Name:		WS2022-LAB01
               	Source Network Address:		127.0.0.1
               	Source Port:		0

TimeCreated  : 13/06/2026 11:19:12
Id           : 4624
ProviderName : Microsoft-Windows-Security-Auditing
MachineName  : WS2022-LAB01
Message      : An account was successfully logged on.

               Subject:
               	Security ID:		S-1-5-18
               	Account Name:		WS2022-LAB01$
               	Account Domain:		WORKGROUP
               	Logon ID:		0xDBD63

               Logon Information:
               	Logon Type:		2
               	Restricted Admin Mode:		-
               	Virtual Account:		No
               	Elevated Token:		No

               New Logon:
               	Security ID:		S-1-5-21-1843355061-959072039-615746888-7204
               	Account Name:		testuser11
               	Account Domain:		WS2022-LAB01
               	Logon ID:		0xAB50D

               Process Information:
               	Process Name:		C:\Windows\System32\svchost.exe

               Network Information:
               	Workstation Name:		WS2022-LAB01
               	Source Network Address:		192.168.56.134
               	Source Port:		0

TimeCreated  : 13/06/2026 11:19:45
Id           : 4624
ProviderName : Microsoft-Windows-Security-Auditing
MachineName  : WS2022-LAB01
Message      : An account was successfully logged on.

               Subject:
               	Security ID:		S-1-5-18
               	Account Name:		WS2022-LAB01$
               	Account Domain:		WORKGROUP
               	Logon ID:		0x9806C

               Logon Information:
               	Logon Type:		2
               	Restricted Admin Mode:		-
               	Virtual Account:		No
               	Elevated Token:		No

               New Logon:
               	Security ID:		S-1-5-21-1843355061-959072039-615746888-8906
               	Account Name:		testuser5
               	Account Domain:		WS2022-LAB01
               	Logon ID:		0xC3F9C

               Process Information:
               	Process Name:		C:\Windows\System32\svchost.exe

               Network Information:
               	Workstation Name:		WS2022-LAB01
               	Source Network Address:		172.16.10.155
               	Source Port:		0

TimeCreated  : 13/06/2026 11:20:30
Id           : 4624
ProviderName : Microsoft-Windows-Security-Auditing
MachineName  : WS2022-LAB02
Message      : An account was successfully logged on.

               Subject:
               	Security ID:		S-1-5-18
               	Account Name:		WS2022-LAB02$
               	Account Domain:		WORKGROUP
               	Logon ID:		0xBE4AD

               Logon Information:
               	Logon Type:		2
               	Restricted Admin Mode:		-
               	Virtual Account:		No
               	Elevated Token:		No

               New Logon:
               	Security ID:		S-1-5-21-1843355061-959072039-615746888-2300
               	Account Name:		testuser20
               	Account Domain:		WS2022-LAB02
               	Logon ID:		0xDB77D

               Process Information:
               	Process Name:		C:\Windows\System32\svchost.exe

               Network Information:
               	Workstation Name:		WS2022-LAB02
               	Source Network Address:		192.168.56.206
               	Source Port:		0

