TimeCreated  : 13/06/2026 09:38:18
Id           : 4624
ProviderName : Microsoft-Windows-Security-Auditing
MachineName  : WS2022-LAB01
Message      : An account was successfully logged on.

               Subject:
               	Security ID:		S-1-5-18
               	Account Name:		WS2022-LAB01$
               	Account Domain:		WORKGROUP
               	Logon ID:		0x3A310

               Logon Information:
               	Logon Type:		2
               	Restricted Admin Mode:		-
               	Virtual Account:		No
               	Elevated Token:		No

               New Logon:
               	Security ID:		S-1-5-21-1843355061-959072039-615746888-8505
               	Account Name:		testuser7
               	Account Domain:		WS2022-LAB01
               	Logon ID:		0xE9331

               Process Information:
               	Process Name:		C:\Windows\System32\svchost.exe

               Network Information:
               	Workstation Name:		WS2022-LAB01
               	Source Network Address:		127.0.0.1
               	Source Port:		0

TimeCreated  : 13/06/2026 09:38:58
Id           : 4624
ProviderName : Microsoft-Windows-Security-Auditing
MachineName  : WS2022-LAB01
Message      : An account was successfully logged on.

               Subject:
               	Security ID:		S-1-5-18
               	Account Name:		WS2022-LAB01$
               	Account Domain:		WORKGROUP
               	Logon ID:		0x8524B

               Logon Information:
               	Logon Type:		2
               	Restricted Admin Mode:		-
               	Virtual Account:		No
               	Elevated Token:		No

               New Logon:
               	Security ID:		S-1-5-21-1843355061-959072039-615746888-3946
               	Account Name:		testuser18
               	Account Domain:		WS2022-LAB01
               	Logon ID:		0xEAE5C

               Process Information:
               	Process Name:		C:\Windows\System32\svchost.exe

               Network Information:
               	Workstation Name:		WS2022-LAB01
               	Source Network Address:		127.0.0.1
               	Source Port:		0

TimeCreated  : 13/06/2026 09:39:17
Id           : 4624
ProviderName : Microsoft-Windows-Security-Auditing
MachineName  : WS2022-LAB01
Message      : An account was successfully logged on.

               Subject:
               	Security ID:		S-1-5-18
               	Account Name:		WS2022-LAB01$
               	Account Domain:		WORKGROUP
               	Logon ID:		0x8F5E9

               Logon Information:
               	Logon Type:		2
               	Restricted Admin Mode:		-
               	Virtual Account:		No
               	Elevated Token:		No

               New Logon:
               	Security ID:		S-1-5-21-1843355061-959072039-615746888-3477
               	Account Name:		testuser1
               	Account Domain:		WS2022-LAB01
               	Logon ID:		0xDFAC6

               Process Information:
               	Process Name:		C:\Windows\System32\svchost.exe

               Network Information:
               	Workstation Name:		WS2022-LAB01
               	Source Network Address:		127.0.0.1
               	Source Port:		0

TimeCreated  : 13/06/2026 09:40:01
Id           : 4624
ProviderName : Microsoft-Windows-Security-Auditing
MachineName  : WS2022-LAB01
Message      : An account was successfully logged on.

               Subject:
               	Security ID:		S-1-5-18
               	Account Name:		WS2022-LAB01$
               	Account Domain:		WORKGROUP
               	Logon ID:		0x26852

               Logon Information:
               	Logon Type:		2
               	Restricted Admin Mode:		-
               	Virtual Account:		No
               	Elevated Token:		No

               New Logon:
               	Security ID:		S-1-5-21-1843355061-959072039-615746888-5372
               	Account Name:		testuser14
               	Account Domain:		WS2022-LAB01
               	Logon ID:		0x985FB

               Process Information:
               	Process Name:		C:\Windows\System32\svchost.exe

               Network Information:
               	Workstation Name:		WS2022-LAB01
               	Source Network Address:		127.0.0.1
               	Source Port:		0

TimeCreated  : 13/06/2026 09:40:43
Id           : 4624
ProviderName : Microsoft-Windows-Security-Auditing
MachineName  : WS2022-LAB02
Message      : An account was successfully logged on.

               Subject:
               	Security ID:		S-1-5-18
               	Account Name:		WS2022-LAB02$
               	Account Domain:		WORKGROUP
               	Logon ID:		0x93E2C

               Logon Information:
               	Logon Type:		2
               	Restricted Admin Mode:		-
               	Virtual Account:		No
               	Elevated Token:		No

               New Logon:
               	Security ID:		S-1-5-21-1843355061-959072039-615746888-5606
               	Account Name:		testuser5
               	Account Domain:		WS2022-LAB02
               	Logon ID:		0x682B1

               Process Information:
               	Process Name:		C:\Windows\System32\svchost.exe

               Network Information:
               	Workstation Name:		WS2022-LAB02
               	Source Network Address:		127.0.0.1
               	Source Port:		0

TimeCreated  : 13/06/2026 09:41:28
Id           : 4624
ProviderName : Microsoft-Windows-Security-Auditing
MachineName  : WIN-H96JM6F374S
Message      : An account was successfully logged on.

               Subject:
               	Security ID:		S-1-5-18
               	Account Name:		WIN-H96JM6F374S$
               	Account Domain:		WORKGROUP
               	Logon ID:		0xA186A

               Logon Information:
               	Logon Type:		2
               	Restricted Admin Mode:		-
               	Virtual Account:		No
               	Elevated Token:		No

               New Logon:
               	Security ID:		S-1-5-21-1843355061-959072039-615746888-4548
               	Account Name:		testuser6
               	Account Domain:		WIN-H96JM6F374S
               	Logon ID:		0x85B29

               Process Information:
               	Process Name:		C:\Windows\System32\svchost.exe

               Network Information:
               	Workstation Name:		WIN-H96JM6F374S
               	Source Network Address:		127.0.0.1
               	Source Port:		0

TimeCreated  : 13/06/2026 09:41:51
Id           : 4624
ProviderName : Microsoft-Windows-Security-Auditing
MachineName  : WS2022-LAB02
Message      : An account was successfully logged on.

               Subject:
               	Security ID:		S-1-5-18
               	Account Name:		WS2022-LAB02$
               	Account Domain:		WORKGROUP
               	Logon ID:		0xEB980

               Logon Information:
               	Logon Type:		2
               	Restricted Admin Mode:		-
               	Virtual Account:		No
               	Elevated Token:		No

               New Logon:
               	Security ID:		S-1-5-21-1843355061-959072039-615746888-4024
               	Account Name:		testuser12
               	Account Domain:		WS2022-LAB02
               	Logon ID:		0x75FB7

               Process Information:
               	Process Name:		C:\Windows\System32\svchost.exe

               Network Information:
               	Workstation Name:		WS2022-LAB02
               	Source Network Address:		127.0.0.1
               	Source Port:		0

TimeCreated  : 13/06/2026 09:41:56
Id           : 4624
ProviderName : Microsoft-Windows-Security-Auditing
MachineName  : WS2022-LAB01
Message      : An account was successfully logged on.

               Subject:
               	Security ID:		S-1-5-18
               	Account Name:		WS2022-LAB01$
               	Account Domain:		WORKGROUP
               	Logon ID:		0x15E0F

               Logon Information:
               	Logon Type:		2
               	Restricted Admin Mode:		-
               	Virtual Account:		No
               	Elevated Token:		No

               New Logon:
               	Security ID:		S-1-5-21-1843355061-959072039-615746888-4780
               	Account Name:		testuser17
               	Account Domain:		WS2022-LAB01
               	Logon ID:		0x215D0

               Process Information:
               	Process Name:		C:\Windows\System32\svchost.exe

               Network Information:
               	Workstation Name:		WS2022-LAB01
               	Source Network Address:		10.0.0.192
               	Source Port:		0

TimeCreated  : 13/06/2026 09:42:10
Id           : 4624
ProviderName : Microsoft-Windows-Security-Auditing
MachineName  : WIN-H96JM6F374S
Message      : An account was successfully logged on.

               Subject:
               	Security ID:		S-1-5-18
               	Account Name:		WIN-H96JM6F374S$
               	Account Domain:		WORKGROUP
               	Logon ID:		0x9D766

               Logon Information:
               	Logon Type:		2
               	Restricted Admin Mode:		-
               	Virtual Account:		No
               	Elevated Token:		No

               New Logon:
               	Security ID:		S-1-5-21-1843355061-959072039-615746888-4800
               	Account Name:		testuser17
               	Account Domain:		WIN-H96JM6F374S
               	Logon ID:		0x10A79

               Process Information:
               	Process Name:		C:\Windows\System32\svchost.exe

               Network Information:
               	Workstation Name:		WIN-H96JM6F374S
               	Source Network Address:		127.0.0.1
               	Source Port:		0

TimeCreated  : 13/06/2026 09:42:19
Id           : 4624
ProviderName : Microsoft-Windows-Security-Auditing
MachineName  : WIN-H96JM6F374S
Message      : An account was successfully logged on.

               Subject:
               	Security ID:		S-1-5-18
               	Account Name:		WIN-H96JM6F374S$
               	Account Domain:		WORKGROUP
               	Logon ID:		0xEB68E

               Logon Information:
               	Logon Type:		2
               	Restricted Admin Mode:		-
               	Virtual Account:		No
               	Elevated Token:		No

               New Logon:
               	Security ID:		S-1-5-21-1843355061-959072039-615746888-7451
               	Account Name:		testuser16
               	Account Domain:		WIN-H96JM6F374S
               	Logon ID:		0xB3C95

               Process Information:
               	Process Name:		C:\Windows\System32\svchost.exe

               Network Information:
               	Workstation Name:		WIN-H96JM6F374S
               	Source Network Address:		127.0.0.1
               	Source Port:		0

TimeCreated  : 13/06/2026 09:42:30
Id           : 4624
ProviderName : Microsoft-Windows-Security-Auditing
MachineName  : WS2022-LAB01
Message      : An account was successfully logged on.

               Subject:
               	Security ID:		S-1-5-18
               	Account Name:		WS2022-LAB01$
               	Account Domain:		WORKGROUP
               	Logon ID:		0x53CD7

               Logon Information:
               	Logon Type:		2
               	Restricted Admin Mode:		-
               	Virtual Account:		No
               	Elevated Token:		No

               New Logon:
               	Security ID:		S-1-5-21-1843355061-959072039-615746888-7350
               	Account Name:		testuser14
               	Account Domain:		WS2022-LAB01
               	Logon ID:		0x26B0B

               Process Information:
               	Process Name:		C:\Windows\System32\svchost.exe

               Network Information:
               	Workstation Name:		WS2022-LAB01
               	Source Network Address:		127.0.0.1
               	Source Port:		0

TimeCreated  : 13/06/2026 09:43:08
Id           : 4624
ProviderName : Microsoft-Windows-Security-Auditing
MachineName  : WS2022-LAB02
Message      : An account was successfully logged on.

               Subject:
               	Security ID:		S-1-5-18
               	Account Name:		WS2022-LAB02$
               	Account Domain:		WORKGROUP
               	Logon ID:		0xD594F

               Logon Information:
               	Logon Type:		2
               	Restricted Admin Mode:		-
               	Virtual Account:		No
               	Elevated Token:		No

               New Logon:
               	Security ID:		S-1-5-21-1843355061-959072039-615746888-4596
               	Account Name:		testuser10
               	Account Domain:		WS2022-LAB02
               	Logon ID:		0x13060

               Process Information:
               	Process Name:		C:\Windows\System32\svchost.exe

               Network Information:
               	Workstation Name:		WS2022-LAB02
               	Source Network Address:		127.0.0.1
               	Source Port:		0

TimeCreated  : 13/06/2026 09:43:51
Id           : 4624
ProviderName : Microsoft-Windows-Security-Auditing
MachineName  : WS2022-LAB01
Message      : An account was successfully logged on.

               Subject:
               	Security ID:		S-1-5-18
               	Account Name:		WS2022-LAB01$
               	Account Domain:		WORKGROUP
               	Logon ID:		0x9D9A4

               Logon Information:
               	Logon Type:		2
               	Restricted Admin Mode:		-
               	Virtual Account:		No
               	Elevated Token:		No

               New Logon:
               	Security ID:		S-1-5-21-1843355061-959072039-615746888-6244
               	Account Name:		testuser16
               	Account Domain:		WS2022-LAB01
               	Logon ID:		0x5DF73

               Process Information:
               	Process Name:		C:\Windows\System32\svchost.exe

               Network Information:
               	Workstation Name:		WS2022-LAB01
               	Source Network Address:		127.0.0.1
               	Source Port:		0

TimeCreated  : 13/06/2026 09:44:24
Id           : 4624
ProviderName : Microsoft-Windows-Security-Auditing
MachineName  : WS2022-LAB01
Message      : An account was successfully logged on.

               Subject:
               	Security ID:		S-1-5-18
               	Account Name:		WS2022-LAB01$
               	Account Domain:		WORKGROUP
               	Logon ID:		0x6E962

               Logon Information:
               	Logon Type:		2
               	Restricted Admin Mode:		-
               	Virtual Account:		No
               	Elevated Token:		No

               New Logon:
               	Security ID:		S-1-5-21-1843355061-959072039-615746888-3846
               	Account Name:		testuser5
               	Account Domain:		WS2022-LAB01
               	Logon ID:		0x40B74

               Process Information:
               	Process Name:		C:\Windows\System32\svchost.exe

               Network Information:
               	Workstation Name:		WS2022-LAB01
               	Source Network Address:		127.0.0.1
               	Source Port:		0

TimeCreated  : 13/06/2026 09:44:46
Id           : 4624
ProviderName : Microsoft-Windows-Security-Auditing
MachineName  : WS2022-LAB02
Message      : An account was successfully logged on.

               Subject:
               	Security ID:		S-1-5-18
               	Account Name:		WS2022-LAB02$
               	Account Domain:		WORKGROUP
               	Logon ID:		0x8BDDE

               Logon Information:
               	Logon Type:		2
               	Restricted Admin Mode:		-
               	Virtual Account:		No
               	Elevated Token:		No

               New Logon:
               	Security ID:		S-1-5-21-1843355061-959072039-615746888-8522
               	Account Name:		testuser20
               	Account Domain:		WS2022-LAB02
               	Logon ID:		0x90FB7

               Process Information:
               	Process Name:		C:\Windows\System32\svchost.exe

               Network Information:
               	Workstation Name:		WS2022-LAB02
               	Source Network Address:		127.0.0.1
               	Source Port:		0

TimeCreated  : 13/06/2026 09:44:57
Id           : 4624
ProviderName : Microsoft-Windows-Security-Auditing
MachineName  : WIN-H96JM6F374S
Message      : An account was successfully logged on.

               Subject:
               	Security ID:		S-1-5-18
               	Account Name:		WIN-H96JM6F374S$
               	Account Domain:		WORKGROUP
               	Logon ID:		0x6D84D

               Logon Information:
               	Logon Type:		2
               	Restricted Admin Mode:		-
               	Virtual Account:		No
               	Elevated Token:		No

               New Logon:
               	Security ID:		S-1-5-21-1843355061-959072039-615746888-2150
               	Account Name:		testuser14
               	Account Domain:		WIN-H96JM6F374S
               	Logon ID:		0x42497

               Process Information:
               	Process Name:		C:\Windows\System32\svchost.exe

               Network Information:
               	Workstation Name:		WIN-H96JM6F374S
               	Source Network Address:		127.0.0.1
               	Source Port:		0

TimeCreated  : 13/06/2026 09:45:14
Id           : 4624
ProviderName : Microsoft-Windows-Security-Auditing
MachineName  : WS2022-LAB01
Message      : An account was successfully logged on.

               Subject:
               	Security ID:		S-1-5-18
               	Account Name:		WS2022-LAB01$
               	Account Domain:		WORKGROUP
               	Logon ID:		0x9AC53

               Logon Information:
               	Logon Type:		2
               	Restricted Admin Mode:		-
               	Virtual Account:		No
               	Elevated Token:		No

               New Logon:
               	Security ID:		S-1-5-21-1843355061-959072039-615746888-6516
               	Account Name:		testuser2
               	Account Domain:		WS2022-LAB01
               	Logon ID:		0xAB86D

               Process Information:
               	Process Name:		C:\Windows\System32\svchost.exe

               Network Information:
               	Workstation Name:		WS2022-LAB01
               	Source Network Address:		127.0.0.1
               	Source Port:		0

TimeCreated  : 13/06/2026 09:45:20
Id           : 4624
ProviderName : Microsoft-Windows-Security-Auditing
MachineName  : WS2022-LAB01
Message      : An account was successfully logged on.

               Subject:
               	Security ID:		S-1-5-18
               	Account Name:		WS2022-LAB01$
               	Account Domain:		WORKGROUP
               	Logon ID:		0x9061A

               Logon Information:
               	Logon Type:		2
               	Restricted Admin Mode:		-
               	Virtual Account:		No
               	Elevated Token:		No

               New Logon:
               	Security ID:		S-1-5-21-1843355061-959072039-615746888-3162
               	Account Name:		testuser4
               	Account Domain:		WS2022-LAB01
               	Logon ID:		0xBB0D2

               Process Information:
               	Process Name:		C:\Windows\System32\svchost.exe

               Network Information:
               	Workstation Name:		WS2022-LAB01
               	Source Network Address:		172.16.10.143
               	Source Port:		0

TimeCreated  : 13/06/2026 09:46:04
Id           : 4624
ProviderName : Microsoft-Windows-Security-Auditing
MachineName  : WS2022-LAB02
Message      : An account was successfully logged on.

               Subject:
               	Security ID:		S-1-5-18
               	Account Name:		WS2022-LAB02$
               	Account Domain:		WORKGROUP
               	Logon ID:		0xB8222

               Logon Information:
               	Logon Type:		2
               	Restricted Admin Mode:		-
               	Virtual Account:		No
               	Elevated Token:		No

               New Logon:
               	Security ID:		S-1-5-21-1843355061-959072039-615746888-8770
               	Account Name:		testuser12
               	Account Domain:		WS2022-LAB02
               	Logon ID:		0x66DEF

               Process Information:
               	Process Name:		C:\Windows\System32\svchost.exe

               Network Information:
               	Workstation Name:		WS2022-LAB02
               	Source Network Address:		192.168.56.201
               	Source Port:		0

TimeCreated  : 13/06/2026 09:46:11
Id           : 4624
ProviderName : Microsoft-Windows-Security-Auditing
MachineName  : WS2022-LAB02
Message      : An account was successfully logged on.

               Subject:
               	Security ID:		S-1-5-18
               	Account Name:		WS2022-LAB02$
               	Account Domain:		WORKGROUP
               	Logon ID:		0x6DD82

               Logon Information:
               	Logon Type:		2
               	Restricted Admin Mode:		-
               	Virtual Account:		No
               	Elevated Token:		No

               New Logon:
               	Security ID:		S-1-5-21-1843355061-959072039-615746888-8103
               	Account Name:		testuser19
               	Account Domain:		WS2022-LAB02
               	Logon ID:		0xEE337

               Process Information:
               	Process Name:		C:\Windows\System32\svchost.exe

               Network Information:
               	Workstation Name:		WS2022-LAB02
               	Source Network Address:		127.0.0.1
               	Source Port:		0

TimeCreated  : 13/06/2026 09:46:35
Id           : 4624
ProviderName : Microsoft-Windows-Security-Auditing
MachineName  : WS2022-LAB01
Message      : An account was successfully logged on.

               Subject:
               	Security ID:		S-1-5-18
               	Account Name:		WS2022-LAB01$
               	Account Domain:		WORKGROUP
               	Logon ID:		0x3C243

               Logon Information:
               	Logon Type:		2
               	Restricted Admin Mode:		-
               	Virtual Account:		No
               	Elevated Token:		No

               New Logon:
               	Security ID:		S-1-5-21-1843355061-959072039-615746888-3203
               	Account Name:		testuser17
               	Account Domain:		WS2022-LAB01
               	Logon ID:		0x7EF46

               Process Information:
               	Process Name:		C:\Windows\System32\svchost.exe

               Network Information:
               	Workstation Name:		WS2022-LAB01
               	Source Network Address:		127.0.0.1
               	Source Port:		0

TimeCreated  : 13/06/2026 09:46:48
Id           : 4624
ProviderName : Microsoft-Windows-Security-Auditing
MachineName  : WS2022-LAB02
Message      : An account was successfully logged on.

               Subject:
               	Security ID:		S-1-5-18
               	Account Name:		WS2022-LAB02$
               	Account Domain:		WORKGROUP
               	Logon ID:		0x61EB4

               Logon Information:
               	Logon Type:		2
               	Restricted Admin Mode:		-
               	Virtual Account:		No
               	Elevated Token:		No

               New Logon:
               	Security ID:		S-1-5-21-1843355061-959072039-615746888-6654
               	Account Name:		testuser11
               	Account Domain:		WS2022-LAB02
               	Logon ID:		0xC4D63

               Process Information:
               	Process Name:		C:\Windows\System32\svchost.exe

               Network Information:
               	Workstation Name:		WS2022-LAB02
               	Source Network Address:		127.0.0.1
               	Source Port:		0

TimeCreated  : 13/06/2026 09:47:20
Id           : 4624
ProviderName : Microsoft-Windows-Security-Auditing
MachineName  : WS2022-LAB01
Message      : An account was successfully logged on.

               Subject:
               	Security ID:		S-1-5-18
               	Account Name:		WS2022-LAB01$
               	Account Domain:		WORKGROUP
               	Logon ID:		0xDEEF6

               Logon Information:
               	Logon Type:		2
               	Restricted Admin Mode:		-
               	Virtual Account:		No
               	Elevated Token:		No

               New Logon:
               	Security ID:		S-1-5-21-1843355061-959072039-615746888-2431
               	Account Name:		testuser17
               	Account Domain:		WS2022-LAB01
               	Logon ID:		0x9DA58

               Process Information:
               	Process Name:		C:\Windows\System32\svchost.exe

               Network Information:
               	Workstation Name:		WS2022-LAB01
               	Source Network Address:		127.0.0.1
               	Source Port:		0

TimeCreated  : 13/06/2026 09:47:41
Id           : 4624
ProviderName : Microsoft-Windows-Security-Auditing
MachineName  : WIN-H96JM6F374S
Message      : An account was successfully logged on.

               Subject:
               	Security ID:		S-1-5-18
               	Account Name:		WIN-H96JM6F374S$
               	Account Domain:		WORKGROUP
               	Logon ID:		0x1CE5E

               Logon Information:
               	Logon Type:		2
               	Restricted Admin Mode:		-
               	Virtual Account:		No
               	Elevated Token:		No

               New Logon:
               	Security ID:		S-1-5-21-1843355061-959072039-615746888-3111
               	Account Name:		testuser13
               	Account Domain:		WIN-H96JM6F374S
               	Logon ID:		0x14CB9

               Process Information:
               	Process Name:		C:\Windows\System32\svchost.exe

               Network Information:
               	Workstation Name:		WIN-H96JM6F374S
               	Source Network Address:		127.0.0.1
               	Source Port:		0

TimeCreated  : 13/06/2026 09:48:07
Id           : 4624
ProviderName : Microsoft-Windows-Security-Auditing
MachineName  : WIN-H96JM6F374S
Message      : An account was successfully logged on.

               Subject:
               	Security ID:		S-1-5-18
               	Account Name:		WIN-H96JM6F374S$
               	Account Domain:		WORKGROUP
               	Logon ID:		0xE0EF7

               Logon Information:
               	Logon Type:		2
               	Restricted Admin Mode:		-
               	Virtual Account:		No
               	Elevated Token:		No

               New Logon:
               	Security ID:		S-1-5-21-1843355061-959072039-615746888-7446
               	Account Name:		testuser11
               	Account Domain:		WIN-H96JM6F374S
               	Logon ID:		0x2120D

               Process Information:
               	Process Name:		C:\Windows\System32\svchost.exe

               Network Information:
               	Workstation Name:		WIN-H96JM6F374S
               	Source Network Address:		127.0.0.1
               	Source Port:		0

TimeCreated  : 13/06/2026 09:48:43
Id           : 4624
ProviderName : Microsoft-Windows-Security-Auditing
MachineName  : WS2022-LAB02
Message      : An account was successfully logged on.

               Subject:
               	Security ID:		S-1-5-18
               	Account Name:		WS2022-LAB02$
               	Account Domain:		WORKGROUP
               	Logon ID:		0x6F6E5

               Logon Information:
               	Logon Type:		2
               	Restricted Admin Mode:		-
               	Virtual Account:		No
               	Elevated Token:		No

               New Logon:
               	Security ID:		S-1-5-21-1843355061-959072039-615746888-5938
               	Account Name:		testuser16
               	Account Domain:		WS2022-LAB02
               	Logon ID:		0xA2F08

               Process Information:
               	Process Name:		C:\Windows\System32\svchost.exe

               Network Information:
               	Workstation Name:		WS2022-LAB02
               	Source Network Address:		127.0.0.1
               	Source Port:		0

TimeCreated  : 13/06/2026 09:48:52
Id           : 4624
ProviderName : Microsoft-Windows-Security-Auditing
MachineName  : WS2022-LAB02
Message      : An account was successfully logged on.

               Subject:
               	Security ID:		S-1-5-18
               	Account Name:		WS2022-LAB02$
               	Account Domain:		WORKGROUP
               	Logon ID:		0x888FF

               Logon Information:
               	Logon Type:		2
               	Restricted Admin Mode:		-
               	Virtual Account:		No
               	Elevated Token:		No

               New Logon:
               	Security ID:		S-1-5-21-1843355061-959072039-615746888-1312
               	Account Name:		testuser7
               	Account Domain:		WS2022-LAB02
               	Logon ID:		0x663B6

               Process Information:
               	Process Name:		C:\Windows\System32\svchost.exe

               Network Information:
               	Workstation Name:		WS2022-LAB02
               	Source Network Address:		127.0.0.1
               	Source Port:		0

TimeCreated  : 13/06/2026 09:49:22
Id           : 4624
ProviderName : Microsoft-Windows-Security-Auditing
MachineName  : WIN-H96JM6F374S
Message      : An account was successfully logged on.

               Subject:
               	Security ID:		S-1-5-18
               	Account Name:		WIN-H96JM6F374S$
               	Account Domain:		WORKGROUP
               	Logon ID:		0x60CF4

               Logon Information:
               	Logon Type:		2
               	Restricted Admin Mode:		-
               	Virtual Account:		No
               	Elevated Token:		No

               New Logon:
               	Security ID:		S-1-5-21-1843355061-959072039-615746888-3166
               	Account Name:		testuser16
               	Account Domain:		WIN-H96JM6F374S
               	Logon ID:		0x6ED18

               Process Information:
               	Process Name:		C:\Windows\System32\svchost.exe

               Network Information:
               	Workstation Name:		WIN-H96JM6F374S
               	Source Network Address:		10.0.0.8
               	Source Port:		0

TimeCreated  : 13/06/2026 09:49:57
Id           : 4624
ProviderName : Microsoft-Windows-Security-Auditing
MachineName  : WIN-H96JM6F374S
Message      : An account was successfully logged on.

               Subject:
               	Security ID:		S-1-5-18
               	Account Name:		WIN-H96JM6F374S$
               	Account Domain:		WORKGROUP
               	Logon ID:		0xD5F91

               Logon Information:
               	Logon Type:		2
               	Restricted Admin Mode:		-
               	Virtual Account:		No
               	Elevated Token:		No

               New Logon:
               	Security ID:		S-1-5-21-1843355061-959072039-615746888-9220
               	Account Name:		testuser20
               	Account Domain:		WIN-H96JM6F374S
               	Logon ID:		0xADDBD

               Process Information:
               	Process Name:		C:\Windows\System32\svchost.exe

               Network Information:
               	Workstation Name:		WIN-H96JM6F374S
               	Source Network Address:		172.16.10.109
               	Source Port:		0

TimeCreated  : 13/06/2026 09:50:13
Id           : 4624
ProviderName : Microsoft-Windows-Security-Auditing
MachineName  : WS2022-LAB02
Message      : An account was successfully logged on.

               Subject:
               	Security ID:		S-1-5-18
               	Account Name:		WS2022-LAB02$
               	Account Domain:		WORKGROUP
               	Logon ID:		0xBC3B8

               Logon Information:
               	Logon Type:		2
               	Restricted Admin Mode:		-
               	Virtual Account:		No
               	Elevated Token:		No

               New Logon:
               	Security ID:		S-1-5-21-1843355061-959072039-615746888-3591
               	Account Name:		testuser8
               	Account Domain:		WS2022-LAB02
               	Logon ID:		0xD1FDA

               Process Information:
               	Process Name:		C:\Windows\System32\svchost.exe

               Network Information:
               	Workstation Name:		WS2022-LAB02
               	Source Network Address:		127.0.0.1
               	Source Port:		0

TimeCreated  : 13/06/2026 09:50:31
Id           : 4624
ProviderName : Microsoft-Windows-Security-Auditing
MachineName  : WIN-H96JM6F374S
Message      : An account was successfully logged on.

               Subject:
               	Security ID:		S-1-5-18
               	Account Name:		WIN-H96JM6F374S$
               	Account Domain:		WORKGROUP
               	Logon ID:		0xDC2BF

               Logon Information:
               	Logon Type:		2
               	Restricted Admin Mode:		-
               	Virtual Account:		No
               	Elevated Token:		No

               New Logon:
               	Security ID:		S-1-5-21-1843355061-959072039-615746888-4054
               	Account Name:		testuser12
               	Account Domain:		WIN-H96JM6F374S
               	Logon ID:		0xAF77B

               Process Information:
               	Process Name:		C:\Windows\System32\svchost.exe

               Network Information:
               	Workstation Name:		WIN-H96JM6F374S
               	Source Network Address:		127.0.0.1
               	Source Port:		0

TimeCreated  : 13/06/2026 09:51:11
Id           : 4624
ProviderName : Microsoft-Windows-Security-Auditing
MachineName  : WS2022-LAB02
Message      : An account was successfully logged on.

               Subject:
               	Security ID:		S-1-5-18
               	Account Name:		WS2022-LAB02$
               	Account Domain:		WORKGROUP
               	Logon ID:		0xDD173

               Logon Information:
               	Logon Type:		2
               	Restricted Admin Mode:		-
               	Virtual Account:		No
               	Elevated Token:		No

               New Logon:
               	Security ID:		S-1-5-21-1843355061-959072039-615746888-6372
               	Account Name:		testuser1
               	Account Domain:		WS2022-LAB02
               	Logon ID:		0x2568E

               Process Information:
               	Process Name:		C:\Windows\System32\svchost.exe

               Network Information:
               	Workstation Name:		WS2022-LAB02
               	Source Network Address:		127.0.0.1
               	Source Port:		0

TimeCreated  : 13/06/2026 09:51:19
Id           : 4624
ProviderName : Microsoft-Windows-Security-Auditing
MachineName  : WS2022-LAB02
Message      : An account was successfully logged on.

               Subject:
               	Security ID:		S-1-5-18
               	Account Name:		WS2022-LAB02$
               	Account Domain:		WORKGROUP
               	Logon ID:		0x97051

               Logon Information:
               	Logon Type:		2
               	Restricted Admin Mode:		-
               	Virtual Account:		No
               	Elevated Token:		No

               New Logon:
               	Security ID:		S-1-5-21-1843355061-959072039-615746888-7793
               	Account Name:		testuser19
               	Account Domain:		WS2022-LAB02
               	Logon ID:		0x7E98C

               Process Information:
               	Process Name:		C:\Windows\System32\svchost.exe

               Network Information:
               	Workstation Name:		WS2022-LAB02
               	Source Network Address:		127.0.0.1
               	Source Port:		0

TimeCreated  : 13/06/2026 09:51:47
Id           : 4624
ProviderName : Microsoft-Windows-Security-Auditing
MachineName  : WIN-H96JM6F374S
Message      : An account was successfully logged on.

               Subject:
               	Security ID:		S-1-5-18
               	Account Name:		WIN-H96JM6F374S$
               	Account Domain:		WORKGROUP
               	Logon ID:		0x3EBE6

               Logon Information:
               	Logon Type:		2
               	Restricted Admin Mode:		-
               	Virtual Account:		No
               	Elevated Token:		No

               New Logon:
               	Security ID:		S-1-5-21-1843355061-959072039-615746888-7006
               	Account Name:		testuser12
               	Account Domain:		WIN-H96JM6F374S
               	Logon ID:		0xEC75D

               Process Information:
               	Process Name:		C:\Windows\System32\svchost.exe

               Network Information:
               	Workstation Name:		WIN-H96JM6F374S
               	Source Network Address:		127.0.0.1
               	Source Port:		0

TimeCreated  : 13/06/2026 09:52:14
Id           : 4624
ProviderName : Microsoft-Windows-Security-Auditing
MachineName  : WS2022-LAB02
Message      : An account was successfully logged on.

               Subject:
               	Security ID:		S-1-5-18
               	Account Name:		WS2022-LAB02$
               	Account Domain:		WORKGROUP
               	Logon ID:		0xD1C10

               Logon Information:
               	Logon Type:		2
               	Restricted Admin Mode:		-
               	Virtual Account:		No
               	Elevated Token:		No

               New Logon:
               	Security ID:		S-1-5-21-1843355061-959072039-615746888-5669
               	Account Name:		testuser17
               	Account Domain:		WS2022-LAB02
               	Logon ID:		0x7A628

               Process Information:
               	Process Name:		C:\Windows\System32\svchost.exe

               Network Information:
               	Workstation Name:		WS2022-LAB02
               	Source Network Address:		172.16.10.50
               	Source Port:		0

TimeCreated  : 13/06/2026 09:52:58
Id           : 4624
ProviderName : Microsoft-Windows-Security-Auditing
MachineName  : WIN-H96JM6F374S
Message      : An account was successfully logged on.

               Subject:
               	Security ID:		S-1-5-18
               	Account Name:		WIN-H96JM6F374S$
               	Account Domain:		WORKGROUP
               	Logon ID:		0xC10EA

               Logon Information:
               	Logon Type:		2
               	Restricted Admin Mode:		-
               	Virtual Account:		No
               	Elevated Token:		No

               New Logon:
               	Security ID:		S-1-5-21-1843355061-959072039-615746888-8699
               	Account Name:		testuser9
               	Account Domain:		WIN-H96JM6F374S
               	Logon ID:		0x835BF

               Process Information:
               	Process Name:		C:\Windows\System32\svchost.exe

               Network Information:
               	Workstation Name:		WIN-H96JM6F374S
               	Source Network Address:		127.0.0.1
               	Source Port:		0

TimeCreated  : 13/06/2026 09:53:13
Id           : 4624
ProviderName : Microsoft-Windows-Security-Auditing
MachineName  : WIN-H96JM6F374S
Message      : An account was successfully logged on.

               Subject:
               	Security ID:		S-1-5-18
               	Account Name:		WIN-H96JM6F374S$
               	Account Domain:		WORKGROUP
               	Logon ID:		0x566AE

               Logon Information:
               	Logon Type:		2
               	Restricted Admin Mode:		-
               	Virtual Account:		No
               	Elevated Token:		No

               New Logon:
               	Security ID:		S-1-5-21-1843355061-959072039-615746888-5940
               	Account Name:		testuser18
               	Account Domain:		WIN-H96JM6F374S
               	Logon ID:		0x5BFE7

               Process Information:
               	Process Name:		C:\Windows\System32\svchost.exe

               Network Information:
               	Workstation Name:		WIN-H96JM6F374S
               	Source Network Address:		127.0.0.1
               	Source Port:		0

TimeCreated  : 13/06/2026 09:53:55
Id           : 4624
ProviderName : Microsoft-Windows-Security-Auditing
MachineName  : WIN-H96JM6F374S
Message      : An account was successfully logged on.

               Subject:
               	Security ID:		S-1-5-18
               	Account Name:		WIN-H96JM6F374S$
               	Account Domain:		WORKGROUP
               	Logon ID:		0x9F662

               Logon Information:
               	Logon Type:		2
               	Restricted Admin Mode:		-
               	Virtual Account:		No
               	Elevated Token:		No

               New Logon:
               	Security ID:		S-1-5-21-1843355061-959072039-615746888-2690
               	Account Name:		testuser1
               	Account Domain:		WIN-H96JM6F374S
               	Logon ID:		0x75F5A

               Process Information:
               	Process Name:		C:\Windows\System32\svchost.exe

               Network Information:
               	Workstation Name:		WIN-H96JM6F374S
               	Source Network Address:		127.0.0.1
               	Source Port:		0

TimeCreated  : 13/06/2026 09:54:00
Id           : 4624
ProviderName : Microsoft-Windows-Security-Auditing
MachineName  : WS2022-LAB01
Message      : An account was successfully logged on.

               Subject:
               	Security ID:		S-1-5-18
               	Account Name:		WS2022-LAB01$
               	Account Domain:		WORKGROUP
               	Logon ID:		0x6BF04

               Logon Information:
               	Logon Type:		2
               	Restricted Admin Mode:		-
               	Virtual Account:		No
               	Elevated Token:		No

               New Logon:
               	Security ID:		S-1-5-21-1843355061-959072039-615746888-7611
               	Account Name:		testuser11
               	Account Domain:		WS2022-LAB01
               	Logon ID:		0xD055A

               Process Information:
               	Process Name:		C:\Windows\System32\svchost.exe

               Network Information:
               	Workstation Name:		WS2022-LAB01
               	Source Network Address:		127.0.0.1
               	Source Port:		0

TimeCreated  : 13/06/2026 09:54:08
Id           : 4624
ProviderName : Microsoft-Windows-Security-Auditing
MachineName  : WS2022-LAB01
Message      : An account was successfully logged on.

               Subject:
               	Security ID:		S-1-5-18
               	Account Name:		WS2022-LAB01$
               	Account Domain:		WORKGROUP
               	Logon ID:		0xE6150

               Logon Information:
               	Logon Type:		2
               	Restricted Admin Mode:		-
               	Virtual Account:		No
               	Elevated Token:		No

               New Logon:
               	Security ID:		S-1-5-21-1843355061-959072039-615746888-5494
               	Account Name:		testuser10
               	Account Domain:		WS2022-LAB01
               	Logon ID:		0xF2E05

               Process Information:
               	Process Name:		C:\Windows\System32\svchost.exe

               Network Information:
               	Workstation Name:		WS2022-LAB01
               	Source Network Address:		172.16.10.246
               	Source Port:		0

TimeCreated  : 13/06/2026 09:54:18
Id           : 4624
ProviderName : Microsoft-Windows-Security-Auditing
MachineName  : WS2022-LAB01
Message      : An account was successfully logged on.

               Subject:
               	Security ID:		S-1-5-18
               	Account Name:		WS2022-LAB01$
               	Account Domain:		WORKGROUP
               	Logon ID:		0xACFD7

               Logon Information:
               	Logon Type:		2
               	Restricted Admin Mode:		-
               	Virtual Account:		No
               	Elevated Token:		No

               New Logon:
               	Security ID:		S-1-5-21-1843355061-959072039-615746888-3957
               	Account Name:		testuser3
               	Account Domain:		WS2022-LAB01
               	Logon ID:		0x991A3

               Process Information:
               	Process Name:		C:\Windows\System32\svchost.exe

               Network Information:
               	Workstation Name:		WS2022-LAB01
               	Source Network Address:		127.0.0.1
               	Source Port:		0

TimeCreated  : 13/06/2026 09:54:40
Id           : 4624
ProviderName : Microsoft-Windows-Security-Auditing
MachineName  : WS2022-LAB02
Message      : An account was successfully logged on.

               Subject:
               	Security ID:		S-1-5-18
               	Account Name:		WS2022-LAB02$
               	Account Domain:		WORKGROUP
               	Logon ID:		0x5173C

               Logon Information:
               	Logon Type:		2
               	Restricted Admin Mode:		-
               	Virtual Account:		No
               	Elevated Token:		No

               New Logon:
               	Security ID:		S-1-5-21-1843355061-959072039-615746888-6580
               	Account Name:		testuser11
               	Account Domain:		WS2022-LAB02
               	Logon ID:		0x281A6

               Process Information:
               	Process Name:		C:\Windows\System32\svchost.exe

               Network Information:
               	Workstation Name:		WS2022-LAB02
               	Source Network Address:		127.0.0.1
               	Source Port:		0

TimeCreated  : 13/06/2026 09:55:18
Id           : 4624
ProviderName : Microsoft-Windows-Security-Auditing
MachineName  : WIN-H96JM6F374S
Message      : An account was successfully logged on.

               Subject:
               	Security ID:		S-1-5-18
               	Account Name:		WIN-H96JM6F374S$
               	Account Domain:		WORKGROUP
               	Logon ID:		0x4BA22

               Logon Information:
               	Logon Type:		2
               	Restricted Admin Mode:		-
               	Virtual Account:		No
               	Elevated Token:		No

               New Logon:
               	Security ID:		S-1-5-21-1843355061-959072039-615746888-6183
               	Account Name:		testuser8
               	Account Domain:		WIN-H96JM6F374S
               	Logon ID:		0xF39D2

               Process Information:
               	Process Name:		C:\Windows\System32\svchost.exe

               Network Information:
               	Workstation Name:		WIN-H96JM6F374S
               	Source Network Address:		192.168.56.77
               	Source Port:		0

TimeCreated  : 13/06/2026 09:55:23
Id           : 4624
ProviderName : Microsoft-Windows-Security-Auditing
MachineName  : WS2022-LAB02
Message      : An account was successfully logged on.

               Subject:
               	Security ID:		S-1-5-18
               	Account Name:		WS2022-LAB02$
               	Account Domain:		WORKGROUP
               	Logon ID:		0xADA87

               Logon Information:
               	Logon Type:		2
               	Restricted Admin Mode:		-
               	Virtual Account:		No
               	Elevated Token:		No

               New Logon:
               	Security ID:		S-1-5-21-1843355061-959072039-615746888-9858
               	Account Name:		testuser1
               	Account Domain:		WS2022-LAB02
               	Logon ID:		0xE43D4

               Process Information:
               	Process Name:		C:\Windows\System32\svchost.exe

               Network Information:
               	Workstation Name:		WS2022-LAB02
               	Source Network Address:		192.168.56.54
               	Source Port:		0

TimeCreated  : 13/06/2026 09:55:51
Id           : 4624
ProviderName : Microsoft-Windows-Security-Auditing
MachineName  : WS2022-LAB01
Message      : An account was successfully logged on.

               Subject:
               	Security ID:		S-1-5-18
               	Account Name:		WS2022-LAB01$
               	Account Domain:		WORKGROUP
               	Logon ID:		0x20452

               Logon Information:
               	Logon Type:		2
               	Restricted Admin Mode:		-
               	Virtual Account:		No
               	Elevated Token:		No

               New Logon:
               	Security ID:		S-1-5-21-1843355061-959072039-615746888-1424
               	Account Name:		testuser2
               	Account Domain:		WS2022-LAB01
               	Logon ID:		0x50086

               Process Information:
               	Process Name:		C:\Windows\System32\svchost.exe

               Network Information:
               	Workstation Name:		WS2022-LAB01
               	Source Network Address:		127.0.0.1
               	Source Port:		0

TimeCreated  : 13/06/2026 09:56:27
Id           : 4624
ProviderName : Microsoft-Windows-Security-Auditing
MachineName  : WIN-H96JM6F374S
Message      : An account was successfully logged on.

               Subject:
               	Security ID:		S-1-5-18
               	Account Name:		WIN-H96JM6F374S$
               	Account Domain:		WORKGROUP
               	Logon ID:		0xEAFD3

               Logon Information:
               	Logon Type:		2
               	Restricted Admin Mode:		-
               	Virtual Account:		No
               	Elevated Token:		No

               New Logon:
               	Security ID:		S-1-5-21-1843355061-959072039-615746888-7488
               	Account Name:		testuser13
               	Account Domain:		WIN-H96JM6F374S
               	Logon ID:		0x1ED28

               Process Information:
               	Process Name:		C:\Windows\System32\svchost.exe

               Network Information:
               	Workstation Name:		WIN-H96JM6F374S
               	Source Network Address:		127.0.0.1
               	Source Port:		0

TimeCreated  : 13/06/2026 09:56:43
Id           : 4624
ProviderName : Microsoft-Windows-Security-Auditing
MachineName  : WS2022-LAB01
Message      : An account was successfully logged on.

               Subject:
               	Security ID:		S-1-5-18
               	Account Name:		WS2022-LAB01$
               	Account Domain:		WORKGROUP
               	Logon ID:		0xD100D

               Logon Information:
               	Logon Type:		2
               	Restricted Admin Mode:		-
               	Virtual Account:		No
               	Elevated Token:		No

               New Logon:
               	Security ID:		S-1-5-21-1843355061-959072039-615746888-8847
               	Account Name:		testuser19
               	Account Domain:		WS2022-LAB01
               	Logon ID:		0xE48DF

               Process Information:
               	Process Name:		C:\Windows\System32\svchost.exe

               Network Information:
               	Workstation Name:		WS2022-LAB01
               	Source Network Address:		127.0.0.1
               	Source Port:		0

