    {
      "event_id": 4625,
      "timestamp": "13/06/2026 15:20:32",
      "provider_name": "Microsoft-Windows-Security-Auditing",
      "machine_name": "WIN-H96JM6F374S",
      "message": "An account failed to log on.",
      "subject_account": "WIN-H96JM6F374S$",
      "subject_domain": "WORKGROUP",
      "subject_security_id": "S-1-5-18",
      "subject_logon_id": "0x3E7",
      "new_logon_account": null,
      "new_logon_domain": null,
      "new_logon_security_id": null,
      "new_logon_logon_id": null,
      "target_account": "testuser8",
      "target_domain": "WIN-H96JM6F374S",
      "target_security_id": "S-1-5-21-1843355061-959072039-615746888-6057",
      "logon_type": "2",
      "elevated_token": null,
      "virtual_account": null,
      "restricted_admin_mode": null,
      "workstation_name": "WIN-H96JM6F374S",
      "source_network_address": "10.0.0.246",
      "source_port": "51880",
      "process_name": "C:\\Windows\\System32\\svchost.exe",
      "failure_reason": "Unknown user name or bad password.",
      "status": "0xC000006D",
      "substatus": "0xC0000064",
      "logon_process": null,
      "authentication_package": null,
      "privileges": [],
      "scenario_id": "FAILED-SINGLE-0192"
    },
    {
      "event_id": 4625,
      "timestamp": "13/06/2026 15:20:45",
      "provider_name": "Microsoft-Windows-Security-Auditing",
      "machine_name": "WIN-H96JM6F374S",
      "message": "An account failed to log on.",
      "subject_account": "WIN-H96JM6F374S$",
      "subject_domain": "WORKGROUP",
      "subject_security_id": "S-1-5-18",
      "subject_logon_id": "0x3E7",
      "new_logon_account": null,
      "new_logon_domain": null,
      "new_logon_security_id": null,
      "new_logon_logon_id": null,
      "target_account": "testuser14",
      "target_domain": "WIN-H96JM6F374S",
      "target_security_id": "S-1-5-21-1843355061-959072039-615746888-7577",
      "logon_type": "2",
      "elevated_token": null,
      "virtual_account": null,
      "restricted_admin_mode": null,
      "workstation_name": "WIN-H96JM6F374S",
      "source_network_address": "172.16.10.195",
      "source_port": "5564",
      "process_name": "C:\\Windows\\System32\\svchost.exe",
      "failure_reason": "Unknown user name or bad password.",
      "status": "0xC000006D",
      "substatus": "0xC0000064",
      "logon_process": null,
      "authentication_package": null,
      "privileges": [],
      "scenario_id": "FAILED-SINGLE-0193"
    },
    {
      "event_id": 4625,
      "timestamp": "13/06/2026 15:21:09",
      "provider_name": "Microsoft-Windows-Security-Auditing",
      "machine_name": "WS2022-LAB01",
      "message": "An account failed to log on.",
      "subject_account": "WS2022-LAB01$",
      "subject_domain": "WORKGROUP",
      "subject_security_id": "S-1-5-18",
      "subject_logon_id": "0x3E7",
      "new_logon_account": null,
      "new_logon_domain": null,
      "new_logon_security_id": null,
      "new_logon_logon_id": null,
      "target_account": "testuser6",
      "target_domain": "WS2022-LAB01",
      "target_security_id": "S-1-5-21-1843355061-959072039-615746888-2894",
      "logon_type": "2",
      "elevated_token": null,
      "virtual_account": null,
      "restricted_admin_mode": null,
      "workstation_name": "WS2022-LAB01",
      "source_network_address": "192.168.56.75",
      "source_port": "35856",
      "process_name": "C:\\Windows\\System32\\svchost.exe",
      "failure_reason": "Unknown user name or bad password.",
      "status": "0xC000006D",
      "substatus": "0xC0000064",
      "logon_process": null,
      "authentication_package": null,
      "privileges": [],
      "scenario_id": "FAILED-SINGLE-0194"
    },
    {
      "event_id": 4625,
      "timestamp": "13/06/2026 15:21:29",
      "provider_name": "Microsoft-Windows-Security-Auditing",
      "machine_name": "WS2022-LAB01",
      "message": "An account failed to log on.",
      "subject_account": "WS2022-LAB01$",
      "subject_domain": "WORKGROUP",
      "subject_security_id": "S-1-5-18",
      "subject_logon_id": "0x3E7",
      "new_logon_account": null,
      "new_logon_domain": null,
      "new_logon_security_id": null,
      "new_logon_logon_id": null,
      "target_account": "testuser16",
      "target_domain": "WS2022-LAB01",
      "target_security_id": "S-1-5-21-1843355061-959072039-615746888-5784",
      "logon_type": "2",
      "elevated_token": null,
      "virtual_account": null,
      "restricted_admin_mode": null,
      "workstation_name": "WS2022-LAB01",
      "source_network_address": "172.16.10.86",
      "source_port": "31502",
      "process_name": "C:\\Windows\\System32\\svchost.exe",
      "failure_reason": "User not allowed to log on at this computer.",
      "status": "0xC000006E",
      "substatus": "0x0",
      "logon_process": null,
      "authentication_package": null,
      "privileges": [],
      "scenario_id": "FAILED-SINGLE-0195"
    },
    {
      "event_id": 4625,
      "timestamp": "13/06/2026 15:22:01",
      "provider_name": "Microsoft-Windows-Security-Auditing",
      "machine_name": "WIN-H96JM6F374S",
      "message": "An account failed to log on.",
      "subject_account": "WIN-H96JM6F374S$",
      "subject_domain": "WORKGROUP",
      "subject_security_id": "S-1-5-18",
      "subject_logon_id": "0x3E7",
      "new_logon_account": null,
      "new_logon_domain": null,
      "new_logon_security_id": null,
      "new_logon_logon_id": null,
      "target_account": "testuser1",
      "target_domain": "WIN-H96JM6F374S",
      "target_security_id": "S-1-5-21-1843355061-959072039-615746888-3536",
      "logon_type": "2",
      "elevated_token": null,
      "virtual_account": null,
      "restricted_admin_mode": null,
      "workstation_name": "WIN-H96JM6F374S",
      "source_network_address": "192.168.56.48",
      "source_port": "2439",
      "process_name": "C:\\Windows\\System32\\svchost.exe",
      "failure_reason": "User not allowed to log on at this computer.",
      "status": "0xC000006E",
      "substatus": "0x0",
      "logon_process": null,
      "authentication_package": null,
      "privileges": [],
      "scenario_id": "FAILED-SINGLE-0196"
    },
    {
      "event_id": 4625,
      "timestamp": "13/06/2026 15:22:46",
      "provider_name": "Microsoft-Windows-Security-Auditing",
      "machine_name": "WS2022-LAB01",
      "message": "An account failed to log on.",
      "subject_account": "WS2022-LAB01$",
      "subject_domain": "WORKGROUP",
      "subject_security_id": "S-1-5-18",
      "subject_logon_id": "0x3E7",
      "new_logon_account": null,
      "new_logon_domain": null,
      "new_logon_security_id": null,
      "new_logon_logon_id": null,
      "target_account": "testuser9",
      "target_domain": "WS2022-LAB01",
      "target_security_id": "S-1-5-21-1843355061-959072039-615746888-9373",
      "logon_type": "2",
      "elevated_token": null,
      "virtual_account": null,
      "restricted_admin_mode": null,
      "workstation_name": "WS2022-LAB01",
      "source_network_address": "10.0.0.238",
      "source_port": "15052",
      "process_name": "C:\\Windows\\System32\\svchost.exe",
      "failure_reason": "Unknown user name or bad password.",
      "status": "0xC000006D",
      "substatus": "0xC000006A",
      "logon_process": null,
      "authentication_package": null,
      "privileges": [],
      "scenario_id": "FAILED-SINGLE-0197"
    },
    {
      "event_id": 4625,
      "timestamp": "13/06/2026 15:23:13",
      "provider_name": "Microsoft-Windows-Security-Auditing",
      "machine_name": "WS2022-LAB02",
      "message": "An account failed to log on.",
      "subject_account": "WS2022-LAB02$",
      "subject_domain": "WORKGROUP",
      "subject_security_id": "S-1-5-18",
      "subject_logon_id": "0x3E7",
      "new_logon_account": null,
      "new_logon_domain": null,
      "new_logon_security_id": null,
      "new_logon_logon_id": null,
      "target_account": "testuser4",
      "target_domain": "WS2022-LAB02",
      "target_security_id": "S-1-5-21-1843355061-959072039-615746888-7490",
      "logon_type": "2",
      "elevated_token": null,
      "virtual_account": null,
      "restricted_admin_mode": null,
      "workstation_name": "WS2022-LAB02",
      "source_network_address": "192.168.56.254",
      "source_port": "34366",
      "process_name": "C:\\Windows\\System32\\svchost.exe",
      "failure_reason": "Unknown user name or bad password.",
      "status": "0xC000006D",
      "substatus": "0xC0000064",
      "logon_process": null,
      "authentication_package": null,
      "privileges": [],
      "scenario_id": "FAILED-SINGLE-0198"
    },
    {
      "event_id": 4625,
      "timestamp": "13/06/2026 15:23:51",
      "provider_name": "Microsoft-Windows-Security-Auditing",
      "machine_name": "WS2022-LAB01",
      "message": "An account failed to log on.",
      "subject_account": "WS2022-LAB01$",
      "subject_domain": "WORKGROUP",
      "subject_security_id": "S-1-5-18",
      "subject_logon_id": "0x3E7",
      "new_logon_account": null,
      "new_logon_domain": null,
      "new_logon_security_id": null,
      "new_logon_logon_id": null,
      "target_account": "testuser20",
      "target_domain": "WS2022-LAB01",
      "target_security_id": "S-1-5-21-1843355061-959072039-615746888-2638",
      "logon_type": "2",
      "elevated_token": null,
      "virtual_account": null,
      "restricted_admin_mode": null,
      "workstation_name": "WS2022-LAB01",
      "source_network_address": "192.168.56.95",
      "source_port": "24299",
      "process_name": "C:\\Windows\\System32\\svchost.exe",
      "failure_reason": "Unknown user name or bad password.",
      "status": "0xC000006D",
      "substatus": "0xC000006A",
      "logon_process": null,
      "authentication_package": null,
      "privileges": [],
      "scenario_id": "FAILED-SINGLE-0199"
    },
    {
      "event_id": 4625,
      "timestamp": "13/06/2026 15:24:34",
      "provider_name": "Microsoft-Windows-Security-Auditing",
      "machine_name": "WS2022-LAB02",
      "message": "An account failed to log on.",
      "subject_account": "WS2022-LAB02$",
      "subject_domain": "WORKGROUP",
      "subject_security_id": "S-1-5-18",
      "subject_logon_id": "0x3E7",
      "new_logon_account": null,
      "new_logon_domain": null,
      "new_logon_security_id": null,
      "new_logon_logon_id": null,
      "target_account": "testuser4",
      "target_domain": "WS2022-LAB02",
      "target_security_id": "S-1-5-21-1843355061-959072039-615746888-8737",
      "logon_type": "2",
      "elevated_token": null,
      "virtual_account": null,
      "restricted_admin_mode": null,
      "workstation_name": "WS2022-LAB02",
      "source_network_address": "10.0.0.188",
      "source_port": "62128",
      "process_name": "C:\\Windows\\System32\\svchost.exe",
      "failure_reason": "Unknown user name or bad password.",
      "status": "0xC000006D",
      "substatus": "0xC000006A",
      "logon_process": null,
      "authentication_package": null,
      "privileges": [],
      "scenario_id": "FAILED-SINGLE-0200"
    },
    {
      "event_id": 4625,
      "timestamp": "13/06/2026 15:24:41",
      "provider_name": "Microsoft-Windows-Security-Auditing",
      "machine_name": "WS2022-LAB01",
      "message": "An account failed to log on.",
      "subject_account": "WS2022-LAB01$",
      "subject_domain": "WORKGROUP",
      "subject_security_id": "S-1-5-18",
      "subject_logon_id": "0x3E7",
      "new_logon_account": null,
      "new_logon_domain": null,
      "new_logon_security_id": null,
      "new_logon_logon_id": null,
      "target_account": "testuser9",
      "target_domain": "WS2022-LAB01",
      "target_security_id": "S-1-5-21-1843355061-959072039-615746888-4645",
      "logon_type": "2",
      "elevated_token": null,
      "virtual_account": null,
      "restricted_admin_mode": null,
      "workstation_name": "WS2022-LAB01",
      "source_network_address": "172.16.10.145",
      "source_port": "49030",
      "process_name": "C:\\Windows\\System32\\svchost.exe",
      "failure_reason": "Unknown user name or bad password.",
      "status": "0xC000006D",
      "substatus": "0xC0000064",
      "logon_process": null,
      "authentication_package": null,
      "privileges": [],
      "scenario_id": "FAILED-SINGLE-0201"
    },
    {
      "event_id": 4625,
      "timestamp": "13/06/2026 15:25:01",
      "provider_name": "Microsoft-Windows-Security-Auditing",
      "machine_name": "WS2022-LAB01",
      "message": "An account failed to log on.",
      "subject_account": "WS2022-LAB01$",
      "subject_domain": "WORKGROUP",
      "subject_security_id": "S-1-5-18",
      "subject_logon_id": "0x3E7",
      "new_logon_account": null,
      "new_logon_domain": null,
      "new_logon_security_id": null,
      "new_logon_logon_id": null,
      "target_account": "testuser3",
      "target_domain": "WS2022-LAB01",
      "target_security_id": "S-1-5-21-1843355061-959072039-615746888-4066",
      "logon_type": "2",
      "elevated_token": null,
      "virtual_account": null,
      "restricted_admin_mode": null,
      "workstation_name": "WS2022-LAB01",
      "source_network_address": "10.0.0.19",
      "source_port": "22366",
      "process_name": "C:\\Windows\\System32\\svchost.exe",
      "failure_reason": "Unknown user name or bad password.",
      "status": "0xC000006D",
      "substatus": "0xC0000064",
      "logon_process": null,
      "authentication_package": null,
      "privileges": [],
      "scenario_id": "FAILED-SINGLE-0202"
    },
    {
      "event_id": 4625,
      "timestamp": "13/06/2026 15:25:16",
      "provider_name": "Microsoft-Windows-Security-Auditing",
      "machine_name": "WS2022-LAB01",
      "message": "An account failed to log on.",
      "subject_account": "WS2022-LAB01$",
      "subject_domain": "WORKGROUP",
      "subject_security_id": "S-1-5-18",
      "subject_logon_id": "0x3E7",
      "new_logon_account": null,
      "new_logon_domain": null,
      "new_logon_security_id": null,
      "new_logon_logon_id": null,
      "target_account": "testuser17",
      "target_domain": "WS2022-LAB01",
      "target_security_id": "S-1-5-21-1843355061-959072039-615746888-2001",
      "logon_type": "2",
      "elevated_token": null,
      "virtual_account": null,
      "restricted_admin_mode": null,
      "workstation_name": "WS2022-LAB01",
      "source_network_address": "10.0.0.245",
      "source_port": "13379",
      "process_name": "C:\\Windows\\System32\\svchost.exe",
      "failure_reason": "Unknown user name or bad password.",
      "status": "0xC000006D",
      "substatus": "0xC0000064",
      "logon_process": null,
      "authentication_package": null,
      "privileges": [],
      "scenario_id": "FAILED-SINGLE-0203"
    },
    {
      "event_id": 4625,
      "timestamp": "13/06/2026 15:25:28",
      "provider_name": "Microsoft-Windows-Security-Auditing",
      "machine_name": "WIN-H96JM6F374S",
      "message": "An account failed to log on.",
      "subject_account": "WIN-H96JM6F374S$",
      "subject_domain": "WORKGROUP",
      "subject_security_id": "S-1-5-18",
      "subject_logon_id": "0x3E7",
      "new_logon_account": null,
      "new_logon_domain": null,
      "new_logon_security_id": null,
      "new_logon_logon_id": null,
      "target_account": "testuser20",
      "target_domain": "WIN-H96JM6F374S",
      "target_security_id": "S-1-5-21-1843355061-959072039-615746888-9076",
      "logon_type": "2",
      "elevated_token": null,
      "virtual_account": null,
      "restricted_admin_mode": null,
      "workstation_name": "WIN-H96JM6F374S",
      "source_network_address": "192.168.56.43",
      "source_port": "47111",
      "process_name": "C:\\Windows\\System32\\svchost.exe",
      "failure_reason": "Unknown user name or bad password.",
      "status": "0xC000006D",
      "substatus": "0xC000006A",
      "logon_process": null,
      "authentication_package": null,
      "privileges": [],
      "scenario_id": "FAILED-SINGLE-0204"
    },
    {
      "event_id": 4625,
      "timestamp": "13/06/2026 15:26:00",
      "provider_name": "Microsoft-Windows-Security-Auditing",
      "machine_name": "WS2022-LAB01",
      "message": "An account failed to log on.",
      "subject_account": "WS2022-LAB01$",
      "subject_domain": "WORKGROUP",
      "subject_security_id": "S-1-5-18",
      "subject_logon_id": "0x3E7",
      "new_logon_account": null,
      "new_logon_domain": null,
      "new_logon_security_id": null,
      "new_logon_logon_id": null,
      "target_account": "testuser4",
      "target_domain": "WS2022-LAB01",
      "target_security_id": "S-1-5-21-1843355061-959072039-615746888-2036",
      "logon_type": "2",
      "elevated_token": null,
      "virtual_account": null,
      "restricted_admin_mode": null,
      "workstation_name": "WS2022-LAB01",
      "source_network_address": "10.0.0.214",
      "source_port": "51902",
      "process_name": "C:\\Windows\\System32\\svchost.exe",
      "failure_reason": "User not allowed to log on at this computer.",
      "status": "0xC000006E",
      "substatus": "0x0",
      "logon_process": null,
      "authentication_package": null,
      "privileges": [],
      "scenario_id": "FAILED-SINGLE-0205"
    },
    {
      "event_id": 4625,
      "timestamp": "13/06/2026 15:26:37",
      "provider_name": "Microsoft-Windows-Security-Auditing",
      "machine_name": "WS2022-LAB01",
      "message": "An account failed to log on.",
      "subject_account": "WS2022-LAB01$",
      "subject_domain": "WORKGROUP",
      "subject_security_id": "S-1-5-18",
      "subject_logon_id": "0x3E7",
      "new_logon_account": null,
      "new_logon_domain": null,
      "new_logon_security_id": null,
      "new_logon_logon_id": null,
      "target_account": "testuser5",
      "target_domain": "WS2022-LAB01",
      "target_security_id": "S-1-5-21-1843355061-959072039-615746888-1226",
      "logon_type": "2",
      "elevated_token": null,
      "virtual_account": null,
      "restricted_admin_mode": null,
      "workstation_name": "WS2022-LAB01",
      "source_network_address": "192.168.56.90",
      "source_port": "40373",
      "process_name": "C:\\Windows\\System32\\svchost.exe",
      "failure_reason": "Unknown user name or bad password.",
      "status": "0xC000006D",
      "substatus": "0xC0000064",
      "logon_process": null,
      "authentication_package": null,
      "privileges": [],
      "scenario_id": "FAILED-SINGLE-0206"
    },
    {
      "event_id": 4625,
      "timestamp": "13/06/2026 15:27:03",
      "provider_name": "Microsoft-Windows-Security-Auditing",
      "machine_name": "WS2022-LAB02",
      "message": "An account failed to log on.",
      "subject_account": "WS2022-LAB02$",
      "subject_domain": "WORKGROUP",
      "subject_security_id": "S-1-5-18",
      "subject_logon_id": "0x3E7",
      "new_logon_account": null,
      "new_logon_domain": null,
      "new_logon_security_id": null,
      "new_logon_logon_id": null,
      "target_account": "testuser15",
      "target_domain": "WS2022-LAB02",
      "target_security_id": "S-1-5-21-1843355061-959072039-615746888-3906",
      "logon_type": "2",
      "elevated_token": null,
      "virtual_account": null,
      "restricted_admin_mode": null,
      "workstation_name": "WS2022-LAB02",
      "source_network_address": "10.0.0.110",
      "source_port": "1069",
      "process_name": "C:\\Windows\\System32\\svchost.exe",
      "failure_reason": "Unknown user name or bad password.",
      "status": "0xC000006D",
      "substatus": "0xC000006A",
      "logon_process": null,
      "authentication_package": null,
      "privileges": [],
      "scenario_id": "FAILED-SINGLE-0207"
    },
    {
      "event_id": 4625,
      "timestamp": "13/06/2026 15:27:13",
      "provider_name": "Microsoft-Windows-Security-Auditing",
      "machine_name": "WS2022-LAB02",
      "message": "An account failed to log on.",
      "subject_account": "WS2022-LAB02$",
      "subject_domain": "WORKGROUP",
      "subject_security_id": "S-1-5-18",
      "subject_logon_id": "0x3E7",
      "new_logon_account": null,
      "new_logon_domain": null,
      "new_logon_security_id": null,
      "new_logon_logon_id": null,
      "target_account": "testuser17",
      "target_domain": "WS2022-LAB02",
      "target_security_id": "S-1-5-21-1843355061-959072039-615746888-4073",
      "logon_type": "2",
      "elevated_token": null,
      "virtual_account": null,
      "restricted_admin_mode": null,
      "workstation_name": "WS2022-LAB02",
      "source_network_address": "192.168.56.79",
      "source_port": "29219",
      "process_name": "C:\\Windows\\System32\\svchost.exe",
      "failure_reason": "Unknown user name or bad password.",
      "status": "0xC000006D",
      "substatus": "0xC000006A",
      "logon_process": null,
      "authentication_package": null,
      "privileges": [],
      "scenario_id": "FAILED-SINGLE-0208"
    },
    {
      "event_id": 4625,
      "timestamp": "13/06/2026 15:27:48",
      "provider_name": "Microsoft-Windows-Security-Auditing",
      "machine_name": "WS2022-LAB01",
      "message": "An account failed to log on.",
      "subject_account": "WS2022-LAB01$",
      "subject_domain": "WORKGROUP",
      "subject_security_id": "S-1-5-18",
      "subject_logon_id": "0x3E7",
      "new_logon_account": null,
      "new_logon_domain": null,
      "new_logon_security_id": null,
      "new_logon_logon_id": null,
      "target_account": "testuser16",
      "target_domain": "WS2022-LAB01",
      "target_security_id": "S-1-5-21-1843355061-959072039-615746888-4875",
      "logon_type": "2",
      "elevated_token": null,
      "virtual_account": null,
      "restricted_admin_mode": null,
      "workstation_name": "WS2022-LAB01",
      "source_network_address": "192.168.56.169",
      "source_port": "12803",
      "process_name": "C:\\Windows\\System32\\svchost.exe",
      "failure_reason": "Unknown user name or bad password.",
      "status": "0xC000006D",
      "substatus": "0xC000006A",
      "logon_process": null,
      "authentication_package": null,
      "privileges": [],
      "scenario_id": "FAILED-SINGLE-0209"
    },
    {
      "event_id": 4625,
      "timestamp": "13/06/2026 15:28:09",
      "provider_name": "Microsoft-Windows-Security-Auditing",
      "machine_name": "WS2022-LAB02",
      "message": "An account failed to log on.",
      "subject_account": "WS2022-LAB02$",
      "subject_domain": "WORKGROUP",
      "subject_security_id": "S-1-5-18",
      "subject_logon_id": "0x3E7",
      "new_logon_account": null,
      "new_logon_domain": null,
      "new_logon_security_id": null,
      "new_logon_logon_id": null,
      "target_account": "testuser20",
      "target_domain": "WS2022-LAB02",
      "target_security_id": "S-1-5-21-1843355061-959072039-615746888-2228",
      "logon_type": "2",
      "elevated_token": null,
      "virtual_account": null,
      "restricted_admin_mode": null,
      "workstation_name": "WS2022-LAB02",
      "source_network_address": "10.0.0.164",
      "source_port": "20151",
      "process_name": "C:\\Windows\\System32\\svchost.exe",
      "failure_reason": "Unknown user name or bad password.",
      "status": "0xC000006D",
      "substatus": "0xC0000064",
      "logon_process": null,
      "authentication_package": null,
      "privileges": [],
      "scenario_id": "FAILED-SINGLE-0210"
    },
    {
      "event_id": 4625,
      "timestamp": "13/06/2026 15:28:36",
      "provider_name": "Microsoft-Windows-Security-Auditing",
      "machine_name": "WIN-H96JM6F374S",
      "message": "An account failed to log on.",
      "subject_account": "WIN-H96JM6F374S$",
      "subject_domain": "WORKGROUP",
      "subject_security_id": "S-1-5-18",
      "subject_logon_id": "0x3E7",
      "new_logon_account": null,
      "new_logon_domain": null,
      "new_logon_security_id": null,
      "new_logon_logon_id": null,
      "target_account": "testuser19",
      "target_domain": "WIN-H96JM6F374S",
      "target_security_id": "S-1-5-21-1843355061-959072039-615746888-4248",
      "logon_type": "2",
      "elevated_token": null,
      "virtual_account": null,
      "restricted_admin_mode": null,
      "workstation_name": "WIN-H96JM6F374S",
      "source_network_address": "172.16.10.112",
      "source_port": "6351",
      "process_name": "C:\\Windows\\System32\\svchost.exe",
      "failure_reason": "Unknown user name or bad password.",
      "status": "0xC000006D",
      "substatus": "0xC000006A",
      "logon_process": null,
      "authentication_package": null,
      "privileges": [],
      "scenario_id": "FAILED-SINGLE-0211"
    },
    {
      "event_id": 4625,
      "timestamp": "13/06/2026 15:29:14",
      "provider_name": "Microsoft-Windows-Security-Auditing",
      "machine_name": "WS2022-LAB02",
      "message": "An account failed to log on.",
      "subject_account": "WS2022-LAB02$",
      "subject_domain": "WORKGROUP",
      "subject_security_id": "S-1-5-18",
      "subject_logon_id": "0x3E7",
      "new_logon_account": null,
      "new_logon_domain": null,
      "new_logon_security_id": null,
      "new_logon_logon_id": null,
      "target_account": "testuser17",
      "target_domain": "WS2022-LAB02",
      "target_security_id": "S-1-5-21-1843355061-959072039-615746888-4155",
      "logon_type": "2",
      "elevated_token": null,
      "virtual_account": null,
      "restricted_admin_mode": null,
      "workstation_name": "WS2022-LAB02",
      "source_network_address": "172.16.10.124",
      "source_port": "5057",
      "process_name": "C:\\Windows\\System32\\svchost.exe",
      "failure_reason": "Unknown user name or bad password.",
      "status": "0xC000006D",
      "substatus": "0xC0000064",
      "logon_process": null,
      "authentication_package": null,
      "privileges": [],
      "scenario_id": "FAILED-SINGLE-0212"
    },
    {
      "event_id": 4625,
      "timestamp": "13/06/2026 15:29:59",
      "provider_name": "Microsoft-Windows-Security-Auditing",
      "machine_name": "WS2022-LAB02",
      "message": "An account failed to log on.",
      "subject_account": "WS2022-LAB02$",
      "subject_domain": "WORKGROUP",
      "subject_security_id": "S-1-5-18",
      "subject_logon_id": "0x3E7",
      "new_logon_account": null,
      "new_logon_domain": null,
      "new_logon_security_id": null,
      "new_logon_logon_id": null,
      "target_account": "testuser7",
      "target_domain": "WS2022-LAB02",
      "target_security_id": "S-1-5-21-1843355061-959072039-615746888-9139",
      "logon_type": "2",
      "elevated_token": null,
      "virtual_account": null,
      "restricted_admin_mode": null,
      "workstation_name": "WS2022-LAB02",
      "source_network_address": "10.0.0.187",
      "source_port": "36922",
      "process_name": "C:\\Windows\\System32\\svchost.exe",
      "failure_reason": "Unknown user name or bad password.",
      "status": "0xC000006D",
      "substatus": "0xC0000064",
      "logon_process": null,
      "authentication_package": null,
      "privileges": [],
      "scenario_id": "FAILED-SINGLE-0213"
    },
    {
      "event_id": 4625,
      "timestamp": "13/06/2026 15:30:13",
      "provider_name": "Microsoft-Windows-Security-Auditing",
      "machine_name": "WS2022-LAB01",
      "message": "An account failed to log on.",
      "subject_account": "WS2022-LAB01$",
      "subject_domain": "WORKGROUP",
      "subject_security_id": "S-1-5-18",
      "subject_logon_id": "0x3E7",
      "new_logon_account": null,
      "new_logon_domain": null,
      "new_logon_security_id": null,
      "new_logon_logon_id": null,
      "target_account": "testuser10",
      "target_domain": "WS2022-LAB01",
      "target_security_id": "S-1-5-21-1843355061-959072039-615746888-4272",
      "logon_type": "2",
      "elevated_token": null,
      "virtual_account": null,
      "restricted_admin_mode": null,
      "workstation_name": "WS2022-LAB01",
      "source_network_address": "172.16.10.80",
      "source_port": "53501",
      "process_name": "C:\\Windows\\System32\\svchost.exe",
      "failure_reason": "Unknown user name or bad password.",
      "status": "0xC000006D",
      "substatus": "0xC0000064",
      "logon_process": null,
      "authentication_package": null,
      "privileges": [],
      "scenario_id": "FAILED-SINGLE-0214"
    },
    {
      "event_id": 4625,
      "timestamp": "13/06/2026 15:30:21",
      "provider_name": "Microsoft-Windows-Security-Auditing",
      "machine_name": "WS2022-LAB01",
      "message": "An account failed to log on.",
      "subject_account": "WS2022-LAB01$",
      "subject_domain": "WORKGROUP",
      "subject_security_id": "S-1-5-18",
      "subject_logon_id": "0x3E7",
      "new_logon_account": null,
      "new_logon_domain": null,
      "new_logon_security_id": null,
      "new_logon_logon_id": null,
      "target_account": "testuser10",
      "target_domain": "WS2022-LAB01",
      "target_security_id": "S-1-5-21-1843355061-959072039-615746888-7732",
      "logon_type": "2",
      "elevated_token": null,
      "virtual_account": null,
      "restricted_admin_mode": null,
      "workstation_name": "WS2022-LAB01",
      "source_network_address": "10.0.0.117",
      "source_port": "14631",
      "process_name": "C:\\Windows\\System32\\svchost.exe",
      "failure_reason": "Unknown user name or bad password.",
      "status": "0xC000006D",
      "substatus": "0xC0000064",
      "logon_process": null,
      "authentication_package": null,
      "privileges": [],
      "scenario_id": "FAILED-SINGLE-0215"
    },
    {
      "event_id": 4625,
      "timestamp": "13/06/2026 15:31:02",
      "provider_name": "Microsoft-Windows-Security-Auditing",
      "machine_name": "WIN-H96JM6F374S",
      "message": "An account failed to log on.",
      "subject_account": "WIN-H96JM6F374S$",
      "subject_domain": "WORKGROUP",
      "subject_security_id": "S-1-5-18",
      "subject_logon_id": "0x3E7",
      "new_logon_account": null,
      "new_logon_domain": null,
      "new_logon_security_id": null,
      "new_logon_logon_id": null,
      "target_account": "testuser17",
      "target_domain": "WIN-H96JM6F374S",
      "target_security_id": "S-1-5-21-1843355061-959072039-615746888-7231",
      "logon_type": "2",
      "elevated_token": null,
      "virtual_account": null,
      "restricted_admin_mode": null,
      "workstation_name": "WIN-H96JM6F374S",
      "source_network_address": "192.168.56.154",
      "source_port": "61705",
      "process_name": "C:\\Windows\\System32\\svchost.exe",
      "failure_reason": "Unknown user name or bad password.",
      "status": "0xC000006D",
      "substatus": "0xC000006A",
      "logon_process": null,
      "authentication_package": null,
      "privileges": [],
      "scenario_id": "FAILED-SINGLE-0216"
    },
    {
      "event_id": 4625,
      "timestamp": "13/06/2026 15:31:45",
      "provider_name": "Microsoft-Windows-Security-Auditing",
      "machine_name": "WIN-H96JM6F374S",
      "message": "An account failed to log on.",
      "subject_account": "WIN-H96JM6F374S$",
      "subject_domain": "WORKGROUP",
      "subject_security_id": "S-1-5-18",
      "subject_logon_id": "0x3E7",
      "new_logon_account": null,
      "new_logon_domain": null,
      "new_logon_security_id": null,
      "new_logon_logon_id": null,
      "target_account": "testuser5",
      "target_domain": "WIN-H96JM6F374S",
      "target_security_id": "S-1-5-21-1843355061-959072039-615746888-9263",
      "logon_type": "2",
      "elevated_token": null,
      "virtual_account": null,
      "restricted_admin_mode": null,
      "workstation_name": "WIN-H96JM6F374S",
      "source_network_address": "10.0.0.191",
      "source_port": "53305",
      "process_name": "C:\\Windows\\System32\\svchost.exe",
      "failure_reason": "User not allowed to log on at this computer.",
      "status": "0xC000006E",
      "substatus": "0x0",
      "logon_process": null,
      "authentication_package": null,
      "privileges": [],
      "scenario_id": "FAILED-SINGLE-0217"
    },
    {
      "event_id": 4625,
      "timestamp": "13/06/2026 15:32:27",
      "provider_name": "Microsoft-Windows-Security-Auditing",
      "machine_name": "WS2022-LAB01",
      "message": "An account failed to log on.",
      "subject_account": "WS2022-LAB01$",
      "subject_domain": "WORKGROUP",
      "subject_security_id": "S-1-5-18",
      "subject_logon_id": "0x3E7",
      "new_logon_account": null,
      "new_logon_domain": null,
      "new_logon_security_id": null,
      "new_logon_logon_id": null,
      "target_account": "testuser4",
      "target_domain": "WS2022-LAB01",
      "target_security_id": "S-1-5-21-1843355061-959072039-615746888-2102",
      "logon_type": "2",
      "elevated_token": null,
      "virtual_account": null,
      "restricted_admin_mode": null,
      "workstation_name": "WS2022-LAB01",
      "source_network_address": "192.168.56.41",
      "source_port": "28422",
      "process_name": "C:\\Windows\\System32\\svchost.exe",
      "failure_reason": "Unknown user name or bad password.",
      "status": "0xC000006D",
      "substatus": "0xC000006A",
      "logon_process": null,
      "authentication_package": null,
      "privileges": [],
      "scenario_id": "FAILED-SINGLE-0218"
    },
    {
      "event_id": 4625,
      "timestamp": "13/06/2026 15:32:58",
      "provider_name": "Microsoft-Windows-Security-Auditing",
      "machine_name": "WS2022-LAB02",
      "message": "An account failed to log on.",
      "subject_account": "WS2022-LAB02$",
      "subject_domain": "WORKGROUP",
      "subject_security_id": "S-1-5-18",
      "subject_logon_id": "0x3E7",
      "new_logon_account": null,
      "new_logon_domain": null,
      "new_logon_security_id": null,
      "new_logon_logon_id": null,
      "target_account": "testuser15",
      "target_domain": "WS2022-LAB02",
      "target_security_id": "S-1-5-21-1843355061-959072039-615746888-6088",
      "logon_type": "2",
      "elevated_token": null,
      "virtual_account": null,
      "restricted_admin_mode": null,
      "workstation_name": "WS2022-LAB02",
      "source_network_address": "172.16.10.86",
      "source_port": "6968",
      "process_name": "C:\\Windows\\System32\\svchost.exe",
      "failure_reason": "User not allowed to log on at this computer.",
      "status": "0xC000006E",
      "substatus": "0x0",
      "logon_process": null,
      "authentication_package": null,
      "privileges": [],
      "scenario_id": "FAILED-SINGLE-0219"
    },
    {
      "event_id": 4625,
      "timestamp": "13/06/2026 15:33:13",
      "provider_name": "Microsoft-Windows-Security-Auditing",
      "machine_name": "WIN-H96JM6F374S",
      "message": "An account failed to log on.",
      "subject_account": "WIN-H96JM6F374S$",
      "subject_domain": "WORKGROUP",
      "subject_security_id": "S-1-5-18",
      "subject_logon_id": "0x3E7",
      "new_logon_account": null,
      "new_logon_domain": null,
      "new_logon_security_id": null,
      "new_logon_logon_id": null,
      "target_account": "testuser7",
      "target_domain": "WIN-H96JM6F374S",
      "target_security_id": "S-1-5-21-1843355061-959072039-615746888-8573",
      "logon_type": "2",
      "elevated_token": null,
      "virtual_account": null,
      "restricted_admin_mode": null,
      "workstation_name": "WIN-H96JM6F374S",
      "source_network_address": "192.168.56.97",
      "source_port": "10450",
      "process_name": "C:\\Windows\\System32\\svchost.exe",
      "failure_reason": "Unknown user name or bad password.",
      "status": "0xC000006D",
      "substatus": "0xC0000064",
      "logon_process": null,
      "authentication_package": null,
      "privileges": [],
      "scenario_id": "FAILED-SINGLE-0220"
    },
    {
      "event_id": 4625,
      "timestamp": "13/06/2026 15:33:18",
      "provider_name": "Microsoft-Windows-Security-Auditing",
      "machine_name": "WS2022-LAB01",
      "message": "An account failed to log on.",
      "subject_account": "WS2022-LAB01$",
      "subject_domain": "WORKGROUP",
      "subject_security_id": "S-1-5-18",
      "subject_logon_id": "0x3E7",
      "new_logon_account": null,
      "new_logon_domain": null,
      "new_logon_security_id": null,
      "new_logon_logon_id": null,
      "target_account": "testuser2",
      "target_domain": "WS2022-LAB01",
      "target_security_id": "S-1-5-21-1843355061-959072039-615746888-2525",
      "logon_type": "2",
      "elevated_token": null,
      "virtual_account": null,
      "restricted_admin_mode": null,
      "workstation_name": "WS2022-LAB01",
      "source_network_address": "10.0.0.177",
      "source_port": "8007",
      "process_name": "C:\\Windows\\System32\\svchost.exe",
      "failure_reason": "Unknown user name or bad password.",
      "status": "0xC000006D",
      "substatus": "0xC0000064",
      "logon_process": null,
      "authentication_package": null,
      "privileges": [],
      "scenario_id": "FAILED-SINGLE-0221"
    },
    {
      "event_id": 4625,
      "timestamp": "13/06/2026 15:33:45",
      "provider_name": "Microsoft-Windows-Security-Auditing",
      "machine_name": "WIN-H96JM6F374S",
      "message": "An account failed to log on.",
      "subject_account": "WIN-H96JM6F374S$",
      "subject_domain": "WORKGROUP",
      "subject_security_id": "S-1-5-18",
      "subject_logon_id": "0x3E7",
      "new_logon_account": null,
      "new_logon_domain": null,
      "new_logon_security_id": null,
      "new_logon_logon_id": null,
      "target_account": "testuser11",
      "target_domain": "WIN-H96JM6F374S",
      "target_security_id": "S-1-5-21-1843355061-959072039-615746888-2895",
      "logon_type": "2",
      "elevated_token": null,
      "virtual_account": null,
      "restricted_admin_mode": null,
      "workstation_name": "WIN-H96JM6F374S",
      "source_network_address": "172.16.10.14",
      "source_port": "45367",
      "process_name": "C:\\Windows\\System32\\svchost.exe",
      "failure_reason": "Unknown user name or bad password.",
      "status": "0xC000006D",
      "substatus": "0xC0000064",
      "logon_process": null,
      "authentication_package": null,
      "privileges": [],
      "scenario_id": "FAILED-SINGLE-0222"
    },
    {
      "event_id": 4625,
      "timestamp": "13/06/2026 15:34:10",
      "provider_name": "Microsoft-Windows-Security-Auditing",
      "machine_name": "WIN-H96JM6F374S",
      "message": "An account failed to log on.",
      "subject_account": "WIN-H96JM6F374S$",
      "subject_domain": "WORKGROUP",
      "subject_security_id": "S-1-5-18",
      "subject_logon_id": "0x3E7",
      "new_logon_account": null,
      "new_logon_domain": null,
      "new_logon_security_id": null,
      "new_logon_logon_id": null,
      "target_account": "testuser3",
      "target_domain": "WIN-H96JM6F374S",
      "target_security_id": "S-1-5-21-1843355061-959072039-615746888-2677",
      "logon_type": "2",
      "elevated_token": null,
      "virtual_account": null,
      "restricted_admin_mode": null,
      "workstation_name": "WIN-H96JM6F374S",
      "source_network_address": "192.168.56.125",
      "source_port": "30853",
      "process_name": "C:\\Windows\\System32\\svchost.exe",
      "failure_reason": "User not allowed to log on at this computer.",
      "status": "0xC000006E",
      "substatus": "0x0",
      "logon_process": null,
      "authentication_package": null,
      "privileges": [],
      "scenario_id": "FAILED-SINGLE-0223"
    },
    {
      "event_id": 4625,
      "timestamp": "13/06/2026 15:34:34",
      "provider_name": "Microsoft-Windows-Security-Auditing",
      "machine_name": "WIN-H96JM6F374S",
      "message": "An account failed to log on.",
      "subject_account": "WIN-H96JM6F374S$",
      "subject_domain": "WORKGROUP",
      "subject_security_id": "S-1-5-18",
      "subject_logon_id": "0x3E7",
      "new_logon_account": null,
      "new_logon_domain": null,
      "new_logon_security_id": null,
      "new_logon_logon_id": null,
      "target_account": "testuser11",
      "target_domain": "WIN-H96JM6F374S",
      "target_security_id": "S-1-5-21-1843355061-959072039-615746888-8349",
      "logon_type": "2",
      "elevated_token": null,
      "virtual_account": null,
      "restricted_admin_mode": null,
      "workstation_name": "WIN-H96JM6F374S",
      "source_network_address": "172.16.10.219",
      "source_port": "8763",
      "process_name": "C:\\Windows\\System32\\svchost.exe",
      "failure_reason": "User not allowed to log on at this computer.",
      "status": "0xC000006E",
      "substatus": "0x0",
      "logon_process": null,
      "authentication_package": null,
      "privileges": [],
      "scenario_id": "FAILED-SINGLE-0224"
    },
    {
      "event_id": 4625,
      "timestamp": "13/06/2026 15:34:50",
      "provider_name": "Microsoft-Windows-Security-Auditing",
      "machine_name": "WIN-H96JM6F374S",
      "message": "An account failed to log on.",
      "subject_account": "WIN-H96JM6F374S$",
      "subject_domain": "WORKGROUP",
      "subject_security_id": "S-1-5-18",
      "subject_logon_id": "0x3E7",
      "new_logon_account": null,
      "new_logon_domain": null,
      "new_logon_security_id": null,
      "new_logon_logon_id": null,
      "target_account": "testuser10",
      "target_domain": "WIN-H96JM6F374S",
      "target_security_id": "S-1-5-21-1843355061-959072039-615746888-7087",
      "logon_type": "2",
      "elevated_token": null,
      "virtual_account": null,
      "restricted_admin_mode": null,
      "workstation_name": "WIN-H96JM6F374S",
      "source_network_address": "10.0.0.89",
      "source_port": "36291",
      "process_name": "C:\\Windows\\System32\\svchost.exe",
      "failure_reason": "Unknown user name or bad password.",
      "status": "0xC000006D",
      "substatus": "0xC0000064",
      "logon_process": null,
      "authentication_package": null,
      "privileges": [],
      "scenario_id": "FAILED-SINGLE-0225"
    },
    {
      "event_id": 4625,
      "timestamp": "13/06/2026 15:35:28",
      "provider_name": "Microsoft-Windows-Security-Auditing",
      "machine_name": "WS2022-LAB02",
      "message": "An account failed to log on.",
      "subject_account": "WS2022-LAB02$",
      "subject_domain": "WORKGROUP",
      "subject_security_id": "S-1-5-18",
      "subject_logon_id": "0x3E7",
      "new_logon_account": null,
      "new_logon_domain": null,
      "new_logon_security_id": null,
      "new_logon_logon_id": null,
      "target_account": "testuser3",
      "target_domain": "WS2022-LAB02",
      "target_security_id": "S-1-5-21-1843355061-959072039-615746888-3831",
      "logon_type": "2",
      "elevated_token": null,
      "virtual_account": null,
      "restricted_admin_mode": null,
      "workstation_name": "WS2022-LAB02",
      "source_network_address": "192.168.56.221",
      "source_port": "17668",
      "process_name": "C:\\Windows\\System32\\svchost.exe",
      "failure_reason": "Unknown user name or bad password.",
      "status": "0xC000006D",
      "substatus": "0xC000006A",
      "logon_process": null,
      "authentication_package": null,
      "privileges": [],
      "scenario_id": "FAILED-SINGLE-0226"
    },
    {
      "event_id": 4625,
      "timestamp": "13/06/2026 15:36:02",
      "provider_name": "Microsoft-Windows-Security-Auditing",
      "machine_name": "WIN-H96JM6F374S",
      "message": "An account failed to log on.",
      "subject_account": "WIN-H96JM6F374S$",
      "subject_domain": "WORKGROUP",
      "subject_security_id": "S-1-5-18",
      "subject_logon_id": "0x3E7",
      "new_logon_account": null,
      "new_logon_domain": null,
      "new_logon_security_id": null,
      "new_logon_logon_id": null,
      "target_account": "testuser15",
      "target_domain": "WIN-H96JM6F374S",
      "target_security_id": "S-1-5-21-1843355061-959072039-615746888-5359",
      "logon_type": "2",
      "elevated_token": null,
      "virtual_account": null,
      "restricted_admin_mode": null,
      "workstation_name": "WIN-H96JM6F374S",
      "source_network_address": "172.16.10.55",
      "source_port": "36258",
      "process_name": "C:\\Windows\\System32\\svchost.exe",
      "failure_reason": "Unknown user name or bad password.",
      "status": "0xC000006D",
      "substatus": "0xC0000064",
      "logon_process": null,
      "authentication_package": null,
      "privileges": [],
      "scenario_id": "FAILED-SINGLE-0227"
    },
    {
      "event_id": 4625,
      "timestamp": "13/06/2026 15:36:12",
      "provider_name": "Microsoft-Windows-Security-Auditing",
      "machine_name": "WS2022-LAB02",
      "message": "An account failed to log on.",
      "subject_account": "WS2022-LAB02$",
      "subject_domain": "WORKGROUP",
      "subject_security_id": "S-1-5-18",
      "subject_logon_id": "0x3E7",
      "new_logon_account": null,
      "new_logon_domain": null,
      "new_logon_security_id": null,
      "new_logon_logon_id": null,
      "target_account": "testuser12",
      "target_domain": "WS2022-LAB02",
      "target_security_id": "S-1-5-21-1843355061-959072039-615746888-5136",
      "logon_type": "2",
      "elevated_token": null,
      "virtual_account": null,
      "restricted_admin_mode": null,
      "workstation_name": "WS2022-LAB02",
      "source_network_address": "192.168.56.96",
      "source_port": "41837",
      "process_name": "C:\\Windows\\System32\\svchost.exe",
      "failure_reason": "Unknown user name or bad password.",
      "status": "0xC000006D",
      "substatus": "0xC0000064",
      "logon_process": null,
      "authentication_package": null,
      "privileges": [],
      "scenario_id": "FAILED-SINGLE-0228"
    },
    {
      "event_id": 4625,
      "timestamp": "13/06/2026 15:36:19",
      "provider_name": "Microsoft-Windows-Security-Auditing",
      "machine_name": "WS2022-LAB02",
      "message": "An account failed to log on.",
      "subject_account": "WS2022-LAB02$",
      "subject_domain": "WORKGROUP",
      "subject_security_id": "S-1-5-18",
      "subject_logon_id": "0x3E7",
      "new_logon_account": null,
      "new_logon_domain": null,
      "new_logon_security_id": null,
      "new_logon_logon_id": null,
      "target_account": "testuser5",
      "target_domain": "WS2022-LAB02",
      "target_security_id": "S-1-5-21-1843355061-959072039-615746888-4356",
      "logon_type": "2",
      "elevated_token": null,
      "virtual_account": null,
      "restricted_admin_mode": null,
      "workstation_name": "WS2022-LAB02",
      "source_network_address": "10.0.0.59",
      "source_port": "41199",
      "process_name": "C:\\Windows\\System32\\svchost.exe",
      "failure_reason": "Unknown user name or bad password.",
      "status": "0xC000006D",
      "substatus": "0xC000006A",
      "logon_process": null,
      "authentication_package": null,
      "privileges": [],
      "scenario_id": "FAILED-SINGLE-0229"
    },
    {
      "event_id": 4625,
      "timestamp": "13/06/2026 15:36:42",
      "provider_name": "Microsoft-Windows-Security-Auditing",
      "machine_name": "WS2022-LAB01",
      "message": "An account failed to log on.",
      "subject_account": "WS2022-LAB01$",
      "subject_domain": "WORKGROUP",
      "subject_security_id": "S-1-5-18",
      "subject_logon_id": "0x3E7",
      "new_logon_account": null,
      "new_logon_domain": null,
      "new_logon_security_id": null,
      "new_logon_logon_id": null,
      "target_account": "testuser12",
      "target_domain": "WS2022-LAB01",
      "target_security_id": "S-1-5-21-1843355061-959072039-615746888-6753",
      "logon_type": "2",
      "elevated_token": null,
      "virtual_account": null,
      "restricted_admin_mode": null,
      "workstation_name": "WS2022-LAB01",
      "source_network_address": "192.168.56.247",
      "source_port": "15358",
      "process_name": "C:\\Windows\\System32\\svchost.exe",
      "failure_reason": "Unknown user name or bad password.",
      "status": "0xC000006D",
      "substatus": "0xC000006A",
      "logon_process": null,
      "authentication_package": null,
      "privileges": [],
      "scenario_id": "FAILED-SINGLE-0230"
    },
    {
      "event_id": 4625,
      "timestamp": "13/06/2026 15:37:06",
      "provider_name": "Microsoft-Windows-Security-Auditing",
      "machine_name": "WS2022-LAB01",
      "message": "An account failed to log on.",
      "subject_account": "WS2022-LAB01$",
      "subject_domain": "WORKGROUP",
      "subject_security_id": "S-1-5-18",
      "subject_logon_id": "0x3E7",
      "new_logon_account": null,
      "new_logon_domain": null,
      "new_logon_security_id": null,
      "new_logon_logon_id": null,
      "target_account": "testuser10",
      "target_domain": "WS2022-LAB01",
      "target_security_id": "S-1-5-21-1843355061-959072039-615746888-9264",
      "logon_type": "2",
      "elevated_token": null,
      "virtual_account": null,
      "restricted_admin_mode": null,
      "workstation_name": "WS2022-LAB01",
      "source_network_address": "192.168.56.138",
      "source_port": "35451",
      "process_name": "C:\\Windows\\System32\\svchost.exe",
      "failure_reason": "User not allowed to log on at this computer.",
      "status": "0xC000006E",
      "substatus": "0x0",
      "logon_process": null,
      "authentication_package": null,
      "privileges": [],
      "scenario_id": "FAILED-SINGLE-0231"
    },
