    {
      "event_id": 4672,
      "timestamp": "13/06/2026 17:41:46",
      "provider_name": "Microsoft-Windows-Security-Auditing",
      "machine_name": "WS2022-LAB01",
      "message": "Special privileges assigned to new logon.",
      "subject_account": "opsadmin3",
      "subject_domain": "WS2022-LAB01",
      "subject_security_id": "S-1-5-21-1843355061-959072039-615746888-2651",
      "subject_logon_id": "0x8C513",
      "new_logon_account": null,
      "new_logon_domain": null,
      "new_logon_security_id": null,
      "new_logon_logon_id": null,
      "target_account": null,
      "target_domain": null,
      "target_security_id": null,
      "logon_type": null,
      "elevated_token": null,
      "virtual_account": null,
      "restricted_admin_mode": null,
      "workstation_name": null,
      "source_network_address": null,
      "source_port": null,
      "process_name": null,
      "failure_reason": null,
      "status": null,
      "substatus": null,
      "logon_process": null,
      "authentication_package": null,
      "privileges": [
        "SeSecurityPrivilege",
        "SeTakeOwnershipPrivilege",
        "SeBackupPrivilege",
        "SeRestorePrivilege"
      ],
      "scenario_id": "PRIV-LOGON-0158"
    },
    {
      "event_id": 4672,
      "timestamp": "13/06/2026 17:42:30",
      "provider_name": "Microsoft-Windows-Security-Auditing",
      "machine_name": "WS2022-LAB02",
      "message": "Special privileges assigned to new logon.",
      "subject_account": "opsadmin1",
      "subject_domain": "WS2022-LAB02",
      "subject_security_id": "S-1-5-21-1843355061-959072039-615746888-8754",
      "subject_logon_id": "0x6F267",
      "new_logon_account": null,
      "new_logon_domain": null,
      "new_logon_security_id": null,
      "new_logon_logon_id": null,
      "target_account": null,
      "target_domain": null,
      "target_security_id": null,
      "logon_type": null,
      "elevated_token": null,
      "virtual_account": null,
      "restricted_admin_mode": null,
      "workstation_name": null,
      "source_network_address": null,
      "source_port": null,
      "process_name": null,
      "failure_reason": null,
      "status": null,
      "substatus": null,
      "logon_process": null,
      "authentication_package": null,
      "privileges": [
        "SeSecurityPrivilege",
        "SeTakeOwnershipPrivilege",
        "SeBackupPrivilege",
        "SeRestorePrivilege"
      ],
      "scenario_id": "PRIV-LOGON-0159"
    },
    {
      "event_id": 4672,
      "timestamp": "13/06/2026 17:42:52",
      "provider_name": "Microsoft-Windows-Security-Auditing",
      "machine_name": "WIN-H96JM6F374S",
      "message": "Special privileges assigned to new logon.",
      "subject_account": "opsadmin1",
      "subject_domain": "WIN-H96JM6F374S",
      "subject_security_id": "S-1-5-21-1843355061-959072039-615746888-4229",
      "subject_logon_id": "0x2E7A1",
      "new_logon_account": null,
      "new_logon_domain": null,
      "new_logon_security_id": null,
      "new_logon_logon_id": null,
      "target_account": null,
      "target_domain": null,
      "target_security_id": null,
      "logon_type": null,
      "elevated_token": null,
      "virtual_account": null,
      "restricted_admin_mode": null,
      "workstation_name": null,
      "source_network_address": null,
      "source_port": null,
      "process_name": null,
      "failure_reason": null,
      "status": null,
      "substatus": null,
      "logon_process": null,
      "authentication_package": null,
      "privileges": [
        "SeSecurityPrivilege",
        "SeTakeOwnershipPrivilege",
        "SeBackupPrivilege",
        "SeRestorePrivilege"
      ],
      "scenario_id": "PRIV-LOGON-0160"
    },
    {
      "event_id": 4672,
      "timestamp": "13/06/2026 17:43:06",
      "provider_name": "Microsoft-Windows-Security-Auditing",
      "machine_name": "WS2022-LAB02",
      "message": "Special privileges assigned to new logon.",
      "subject_account": "opsadmin1",
      "subject_domain": "WS2022-LAB02",
      "subject_security_id": "S-1-5-21-1843355061-959072039-615746888-6152",
      "subject_logon_id": "0x4BD20",
      "new_logon_account": null,
      "new_logon_domain": null,
      "new_logon_security_id": null,
      "new_logon_logon_id": null,
      "target_account": null,
      "target_domain": null,
      "target_security_id": null,
      "logon_type": null,
      "elevated_token": null,
      "virtual_account": null,
      "restricted_admin_mode": null,
      "workstation_name": null,
      "source_network_address": null,
      "source_port": null,
      "process_name": null,
      "failure_reason": null,
      "status": null,
      "substatus": null,
      "logon_process": null,
      "authentication_package": null,
      "privileges": [
        "SeSecurityPrivilege",
        "SeTakeOwnershipPrivilege",
        "SeBackupPrivilege",
        "SeRestorePrivilege"
      ],
      "scenario_id": "PRIV-LOGON-0161"
    },
    {
      "event_id": 4672,
      "timestamp": "13/06/2026 17:43:14",
      "provider_name": "Microsoft-Windows-Security-Auditing",
      "machine_name": "WS2022-LAB01",
      "message": "Special privileges assigned to new logon.",
      "subject_account": "opsadmin1",
      "subject_domain": "WS2022-LAB01",
      "subject_security_id": "S-1-5-21-1843355061-959072039-615746888-3350",
      "subject_logon_id": "0x8C317",
      "new_logon_account": null,
      "new_logon_domain": null,
      "new_logon_security_id": null,
      "new_logon_logon_id": null,
      "target_account": null,
      "target_domain": null,
      "target_security_id": null,
      "logon_type": null,
      "elevated_token": null,
      "virtual_account": null,
      "restricted_admin_mode": null,
      "workstation_name": null,
      "source_network_address": null,
      "source_port": null,
      "process_name": null,
      "failure_reason": null,
      "status": null,
      "substatus": null,
      "logon_process": null,
      "authentication_package": null,
      "privileges": [
        "SeSecurityPrivilege",
        "SeTakeOwnershipPrivilege",
        "SeBackupPrivilege",
        "SeRestorePrivilege"
      ],
      "scenario_id": "PRIV-LOGON-0162"
    },
    {
      "event_id": 4672,
      "timestamp": "13/06/2026 17:43:33",
      "provider_name": "Microsoft-Windows-Security-Auditing",
      "machine_name": "WS2022-LAB02",
      "message": "Special privileges assigned to new logon.",
      "subject_account": "labadmin",
      "subject_domain": "WS2022-LAB02",
      "subject_security_id": "S-1-5-21-1843355061-959072039-615746888-6028",
      "subject_logon_id": "0x80266",
      "new_logon_account": null,
      "new_logon_domain": null,
      "new_logon_security_id": null,
      "new_logon_logon_id": null,
      "target_account": null,
      "target_domain": null,
      "target_security_id": null,
      "logon_type": null,
      "elevated_token": null,
      "virtual_account": null,
      "restricted_admin_mode": null,
      "workstation_name": null,
      "source_network_address": null,
      "source_port": null,
      "process_name": null,
      "failure_reason": null,
      "status": null,
      "substatus": null,
      "logon_process": null,
      "authentication_package": null,
      "privileges": [
        "SeSecurityPrivilege",
        "SeTakeOwnershipPrivilege",
        "SeBackupPrivilege",
        "SeRestorePrivilege"
      ],
      "scenario_id": "PRIV-LOGON-0163"
    },
    {
      "event_id": 4672,
      "timestamp": "13/06/2026 17:44:15",
      "provider_name": "Microsoft-Windows-Security-Auditing",
      "machine_name": "WS2022-LAB02",
      "message": "Special privileges assigned to new logon.",
      "subject_account": "opsadmin3",
      "subject_domain": "WS2022-LAB02",
      "subject_security_id": "S-1-5-21-1843355061-959072039-615746888-7737",
      "subject_logon_id": "0x422EC",
      "new_logon_account": null,
      "new_logon_domain": null,
      "new_logon_security_id": null,
      "new_logon_logon_id": null,
      "target_account": null,
      "target_domain": null,
      "target_security_id": null,
      "logon_type": null,
      "elevated_token": null,
      "virtual_account": null,
      "restricted_admin_mode": null,
      "workstation_name": null,
      "source_network_address": null,
      "source_port": null,
      "process_name": null,
      "failure_reason": null,
      "status": null,
      "substatus": null,
      "logon_process": null,
      "authentication_package": null,
      "privileges": [
        "SeSecurityPrivilege",
        "SeTakeOwnershipPrivilege",
        "SeBackupPrivilege",
        "SeRestorePrivilege"
      ],
      "scenario_id": "PRIV-LOGON-0164"
    },
    {
      "event_id": 4672,
      "timestamp": "13/06/2026 17:44:43",
      "provider_name": "Microsoft-Windows-Security-Auditing",
      "machine_name": "WS2022-LAB01",
      "message": "Special privileges assigned to new logon.",
      "subject_account": "opsadmin3",
      "subject_domain": "WS2022-LAB01",
      "subject_security_id": "S-1-5-21-1843355061-959072039-615746888-1341",
      "subject_logon_id": "0xA91F2",
      "new_logon_account": null,
      "new_logon_domain": null,
      "new_logon_security_id": null,
      "new_logon_logon_id": null,
      "target_account": null,
      "target_domain": null,
      "target_security_id": null,
      "logon_type": null,
      "elevated_token": null,
      "virtual_account": null,
      "restricted_admin_mode": null,
      "workstation_name": null,
      "source_network_address": null,
      "source_port": null,
      "process_name": null,
      "failure_reason": null,
      "status": null,
      "substatus": null,
      "logon_process": null,
      "authentication_package": null,
      "privileges": [
        "SeSecurityPrivilege",
        "SeTakeOwnershipPrivilege",
        "SeBackupPrivilege",
        "SeRestorePrivilege"
      ],
      "scenario_id": "PRIV-LOGON-0165"
    },
    {
      "event_id": 4672,
      "timestamp": "13/06/2026 17:44:52",
      "provider_name": "Microsoft-Windows-Security-Auditing",
      "machine_name": "WS2022-LAB01",
      "message": "Special privileges assigned to new logon.",
      "subject_account": "opsadmin3",
      "subject_domain": "WS2022-LAB01",
      "subject_security_id": "S-1-5-21-1843355061-959072039-615746888-4747",
      "subject_logon_id": "0x522F6",
      "new_logon_account": null,
      "new_logon_domain": null,
      "new_logon_security_id": null,
      "new_logon_logon_id": null,
      "target_account": null,
      "target_domain": null,
      "target_security_id": null,
      "logon_type": null,
      "elevated_token": null,
      "virtual_account": null,
      "restricted_admin_mode": null,
      "workstation_name": null,
      "source_network_address": null,
      "source_port": null,
      "process_name": null,
      "failure_reason": null,
      "status": null,
      "substatus": null,
      "logon_process": null,
      "authentication_package": null,
      "privileges": [
        "SeSecurityPrivilege",
        "SeTakeOwnershipPrivilege",
        "SeBackupPrivilege",
        "SeRestorePrivilege"
      ],
      "scenario_id": "PRIV-LOGON-0166"
    },
    {
      "event_id": 4672,
      "timestamp": "13/06/2026 17:45:11",
      "provider_name": "Microsoft-Windows-Security-Auditing",
      "machine_name": "WS2022-LAB01",
      "message": "Special privileges assigned to new logon.",
      "subject_account": "opsadmin2",
      "subject_domain": "WS2022-LAB01",
      "subject_security_id": "S-1-5-21-1843355061-959072039-615746888-6411",
      "subject_logon_id": "0x5EA43",
      "new_logon_account": null,
      "new_logon_domain": null,
      "new_logon_security_id": null,
      "new_logon_logon_id": null,
      "target_account": null,
      "target_domain": null,
      "target_security_id": null,
      "logon_type": null,
      "elevated_token": null,
      "virtual_account": null,
      "restricted_admin_mode": null,
      "workstation_name": null,
      "source_network_address": null,
      "source_port": null,
      "process_name": null,
      "failure_reason": null,
      "status": null,
      "substatus": null,
      "logon_process": null,
      "authentication_package": null,
      "privileges": [
        "SeSecurityPrivilege",
        "SeTakeOwnershipPrivilege",
        "SeBackupPrivilege",
        "SeRestorePrivilege"
      ],
      "scenario_id": "PRIV-LOGON-0167"
    },
    {
      "event_id": 4672,
      "timestamp": "13/06/2026 17:45:53",
      "provider_name": "Microsoft-Windows-Security-Auditing",
      "machine_name": "WIN-H96JM6F374S",
      "message": "Special privileges assigned to new logon.",
      "subject_account": "opsadmin2",
      "subject_domain": "WIN-H96JM6F374S",
      "subject_security_id": "S-1-5-21-1843355061-959072039-615746888-3192",
      "subject_logon_id": "0xE0959",
      "new_logon_account": null,
      "new_logon_domain": null,
      "new_logon_security_id": null,
      "new_logon_logon_id": null,
      "target_account": null,
      "target_domain": null,
      "target_security_id": null,
      "logon_type": null,
      "elevated_token": null,
      "virtual_account": null,
      "restricted_admin_mode": null,
      "workstation_name": null,
      "source_network_address": null,
      "source_port": null,
      "process_name": null,
      "failure_reason": null,
      "status": null,
      "substatus": null,
      "logon_process": null,
      "authentication_package": null,
      "privileges": [
        "SeSecurityPrivilege",
        "SeTakeOwnershipPrivilege",
        "SeBackupPrivilege",
        "SeRestorePrivilege"
      ],
      "scenario_id": "PRIV-LOGON-0168"
    },
    {
      "event_id": 4672,
      "timestamp": "13/06/2026 17:46:30",
      "provider_name": "Microsoft-Windows-Security-Auditing",
      "machine_name": "WIN-H96JM6F374S",
      "message": "Special privileges assigned to new logon.",
      "subject_account": "opsadmin3",
      "subject_domain": "WIN-H96JM6F374S",
      "subject_security_id": "S-1-5-21-1843355061-959072039-615746888-9023",
      "subject_logon_id": "0xA9433",
      "new_logon_account": null,
      "new_logon_domain": null,
      "new_logon_security_id": null,
      "new_logon_logon_id": null,
      "target_account": null,
      "target_domain": null,
      "target_security_id": null,
      "logon_type": null,
      "elevated_token": null,
      "virtual_account": null,
      "restricted_admin_mode": null,
      "workstation_name": null,
      "source_network_address": null,
      "source_port": null,
      "process_name": null,
      "failure_reason": null,
      "status": null,
      "substatus": null,
      "logon_process": null,
      "authentication_package": null,
      "privileges": [
        "SeSecurityPrivilege",
        "SeTakeOwnershipPrivilege",
        "SeBackupPrivilege",
        "SeRestorePrivilege"
      ],
      "scenario_id": "PRIV-LOGON-0169"
    },
    {
      "event_id": 4672,
      "timestamp": "13/06/2026 17:46:49",
      "provider_name": "Microsoft-Windows-Security-Auditing",
      "machine_name": "WIN-H96JM6F374S",
      "message": "Special privileges assigned to new logon.",
      "subject_account": "opsadmin1",
      "subject_domain": "WIN-H96JM6F374S",
      "subject_security_id": "S-1-5-21-1843355061-959072039-615746888-8387",
      "subject_logon_id": "0x94DC2",
      "new_logon_account": null,
      "new_logon_domain": null,
      "new_logon_security_id": null,
      "new_logon_logon_id": null,
      "target_account": null,
      "target_domain": null,
      "target_security_id": null,
      "logon_type": null,
      "elevated_token": null,
      "virtual_account": null,
      "restricted_admin_mode": null,
      "workstation_name": null,
      "source_network_address": null,
      "source_port": null,
      "process_name": null,
      "failure_reason": null,
      "status": null,
      "substatus": null,
      "logon_process": null,
      "authentication_package": null,
      "privileges": [
        "SeSecurityPrivilege",
        "SeTakeOwnershipPrivilege",
        "SeBackupPrivilege",
        "SeRestorePrivilege"
      ],
      "scenario_id": "PRIV-LOGON-0170"
    },
    {
      "event_id": 4672,
      "timestamp": "13/06/2026 17:47:32",
      "provider_name": "Microsoft-Windows-Security-Auditing",
      "machine_name": "WS2022-LAB02",
      "message": "Special privileges assigned to new logon.",
      "subject_account": "opsadmin1",
      "subject_domain": "WS2022-LAB02",
      "subject_security_id": "S-1-5-21-1843355061-959072039-615746888-9778",
      "subject_logon_id": "0x35F82",
      "new_logon_account": null,
      "new_logon_domain": null,
      "new_logon_security_id": null,
      "new_logon_logon_id": null,
      "target_account": null,
      "target_domain": null,
      "target_security_id": null,
      "logon_type": null,
      "elevated_token": null,
      "virtual_account": null,
      "restricted_admin_mode": null,
      "workstation_name": null,
      "source_network_address": null,
      "source_port": null,
      "process_name": null,
      "failure_reason": null,
      "status": null,
      "substatus": null,
      "logon_process": null,
      "authentication_package": null,
      "privileges": [
        "SeSecurityPrivilege",
        "SeTakeOwnershipPrivilege",
        "SeBackupPrivilege",
        "SeRestorePrivilege"
      ],
      "scenario_id": "PRIV-LOGON-0171"
    },
    {
      "event_id": 4672,
      "timestamp": "13/06/2026 17:48:05",
      "provider_name": "Microsoft-Windows-Security-Auditing",
      "machine_name": "WS2022-LAB01",
      "message": "Special privileges assigned to new logon.",
      "subject_account": "labadmin",
      "subject_domain": "WS2022-LAB01",
      "subject_security_id": "S-1-5-21-1843355061-959072039-615746888-9730",
      "subject_logon_id": "0xC853F",
      "new_logon_account": null,
      "new_logon_domain": null,
      "new_logon_security_id": null,
      "new_logon_logon_id": null,
      "target_account": null,
      "target_domain": null,
      "target_security_id": null,
      "logon_type": null,
      "elevated_token": null,
      "virtual_account": null,
      "restricted_admin_mode": null,
      "workstation_name": null,
      "source_network_address": null,
      "source_port": null,
      "process_name": null,
      "failure_reason": null,
      "status": null,
      "substatus": null,
      "logon_process": null,
      "authentication_package": null,
      "privileges": [
        "SeSecurityPrivilege",
        "SeTakeOwnershipPrivilege",
        "SeBackupPrivilege",
        "SeRestorePrivilege"
      ],
      "scenario_id": "PRIV-LOGON-0172"
    },
    {
      "event_id": 4672,
      "timestamp": "13/06/2026 17:48:49",
      "provider_name": "Microsoft-Windows-Security-Auditing",
      "machine_name": "WS2022-LAB02",
      "message": "Special privileges assigned to new logon.",
      "subject_account": "opsadmin1",
      "subject_domain": "WS2022-LAB02",
      "subject_security_id": "S-1-5-21-1843355061-959072039-615746888-3137",
      "subject_logon_id": "0x4406C",
      "new_logon_account": null,
      "new_logon_domain": null,
      "new_logon_security_id": null,
      "new_logon_logon_id": null,
      "target_account": null,
      "target_domain": null,
      "target_security_id": null,
      "logon_type": null,
      "elevated_token": null,
      "virtual_account": null,
      "restricted_admin_mode": null,
      "workstation_name": null,
      "source_network_address": null,
      "source_port": null,
      "process_name": null,
      "failure_reason": null,
      "status": null,
      "substatus": null,
      "logon_process": null,
      "authentication_package": null,
      "privileges": [
        "SeSecurityPrivilege",
        "SeTakeOwnershipPrivilege",
        "SeBackupPrivilege",
        "SeRestorePrivilege"
      ],
      "scenario_id": "PRIV-LOGON-0173"
    },
    {
      "event_id": 4672,
      "timestamp": "13/06/2026 17:49:10",
      "provider_name": "Microsoft-Windows-Security-Auditing",
      "machine_name": "WS2022-LAB02",
      "message": "Special privileges assigned to new logon.",
      "subject_account": "opsadmin2",
      "subject_domain": "WS2022-LAB02",
      "subject_security_id": "S-1-5-21-1843355061-959072039-615746888-7776",
      "subject_logon_id": "0x13B9D",
      "new_logon_account": null,
      "new_logon_domain": null,
      "new_logon_security_id": null,
      "new_logon_logon_id": null,
      "target_account": null,
      "target_domain": null,
      "target_security_id": null,
      "logon_type": null,
      "elevated_token": null,
      "virtual_account": null,
      "restricted_admin_mode": null,
      "workstation_name": null,
      "source_network_address": null,
      "source_port": null,
      "process_name": null,
      "failure_reason": null,
      "status": null,
      "substatus": null,
      "logon_process": null,
      "authentication_package": null,
      "privileges": [
        "SeSecurityPrivilege",
        "SeTakeOwnershipPrivilege",
        "SeBackupPrivilege",
        "SeRestorePrivilege"
      ],
      "scenario_id": "PRIV-LOGON-0174"
    },
    {
      "event_id": 4672,
      "timestamp": "13/06/2026 17:49:45",
      "provider_name": "Microsoft-Windows-Security-Auditing",
      "machine_name": "WS2022-LAB01",
      "message": "Special privileges assigned to new logon.",
      "subject_account": "labadmin",
      "subject_domain": "WS2022-LAB01",
      "subject_security_id": "S-1-5-21-1843355061-959072039-615746888-8498",
      "subject_logon_id": "0x4C987",
      "new_logon_account": null,
      "new_logon_domain": null,
      "new_logon_security_id": null,
      "new_logon_logon_id": null,
      "target_account": null,
      "target_domain": null,
      "target_security_id": null,
      "logon_type": null,
      "elevated_token": null,
      "virtual_account": null,
      "restricted_admin_mode": null,
      "workstation_name": null,
      "source_network_address": null,
      "source_port": null,
      "process_name": null,
      "failure_reason": null,
      "status": null,
      "substatus": null,
      "logon_process": null,
      "authentication_package": null,
      "privileges": [
        "SeSecurityPrivilege",
        "SeTakeOwnershipPrivilege",
        "SeBackupPrivilege",
        "SeRestorePrivilege"
      ],
      "scenario_id": "PRIV-LOGON-0175"
    },
    {
      "event_id": 4672,
      "timestamp": "13/06/2026 17:50:29",
      "provider_name": "Microsoft-Windows-Security-Auditing",
      "machine_name": "WIN-H96JM6F374S",
      "message": "Special privileges assigned to new logon.",
      "subject_account": "opsadmin3",
      "subject_domain": "WIN-H96JM6F374S",
      "subject_security_id": "S-1-5-21-1843355061-959072039-615746888-4165",
      "subject_logon_id": "0xD5FCF",
      "new_logon_account": null,
      "new_logon_domain": null,
      "new_logon_security_id": null,
      "new_logon_logon_id": null,
      "target_account": null,
      "target_domain": null,
      "target_security_id": null,
      "logon_type": null,
      "elevated_token": null,
      "virtual_account": null,
      "restricted_admin_mode": null,
      "workstation_name": null,
      "source_network_address": null,
      "source_port": null,
      "process_name": null,
      "failure_reason": null,
      "status": null,
      "substatus": null,
      "logon_process": null,
      "authentication_package": null,
      "privileges": [
        "SeSecurityPrivilege",
        "SeTakeOwnershipPrivilege",
        "SeBackupPrivilege",
        "SeRestorePrivilege"
      ],
      "scenario_id": "PRIV-LOGON-0176"
    },
    {
      "event_id": 4672,
      "timestamp": "13/06/2026 17:50:42",
      "provider_name": "Microsoft-Windows-Security-Auditing",
      "machine_name": "WIN-H96JM6F374S",
      "message": "Special privileges assigned to new logon.",
      "subject_account": "labadmin",
      "subject_domain": "WIN-H96JM6F374S",
      "subject_security_id": "S-1-5-21-1843355061-959072039-615746888-7624",
      "subject_logon_id": "0xD5F8A",
      "new_logon_account": null,
      "new_logon_domain": null,
      "new_logon_security_id": null,
      "new_logon_logon_id": null,
      "target_account": null,
      "target_domain": null,
      "target_security_id": null,
      "logon_type": null,
      "elevated_token": null,
      "virtual_account": null,
      "restricted_admin_mode": null,
      "workstation_name": null,
      "source_network_address": null,
      "source_port": null,
      "process_name": null,
      "failure_reason": null,
      "status": null,
      "substatus": null,
      "logon_process": null,
      "authentication_package": null,
      "privileges": [
        "SeSecurityPrivilege",
        "SeTakeOwnershipPrivilege",
        "SeBackupPrivilege",
        "SeRestorePrivilege"
      ],
      "scenario_id": "PRIV-LOGON-0177"
    },
    {
      "event_id": 4672,
      "timestamp": "13/06/2026 17:51:10",
      "provider_name": "Microsoft-Windows-Security-Auditing",
      "machine_name": "WS2022-LAB02",
      "message": "Special privileges assigned to new logon.",
      "subject_account": "opsadmin1",
      "subject_domain": "WS2022-LAB02",
      "subject_security_id": "S-1-5-21-1843355061-959072039-615746888-3799",
      "subject_logon_id": "0xE4E9E",
      "new_logon_account": null,
      "new_logon_domain": null,
      "new_logon_security_id": null,
      "new_logon_logon_id": null,
      "target_account": null,
      "target_domain": null,
      "target_security_id": null,
      "logon_type": null,
      "elevated_token": null,
      "virtual_account": null,
      "restricted_admin_mode": null,
      "workstation_name": null,
      "source_network_address": null,
      "source_port": null,
      "process_name": null,
      "failure_reason": null,
      "status": null,
      "substatus": null,
      "logon_process": null,
      "authentication_package": null,
      "privileges": [
        "SeSecurityPrivilege",
        "SeTakeOwnershipPrivilege",
        "SeBackupPrivilege",
        "SeRestorePrivilege"
      ],
      "scenario_id": "PRIV-LOGON-0178"
    },
    {
      "event_id": 4672,
      "timestamp": "13/06/2026 17:51:38",
      "provider_name": "Microsoft-Windows-Security-Auditing",
      "machine_name": "WIN-H96JM6F374S",
      "message": "Special privileges assigned to new logon.",
      "subject_account": "opsadmin2",
      "subject_domain": "WIN-H96JM6F374S",
      "subject_security_id": "S-1-5-21-1843355061-959072039-615746888-7917",
      "subject_logon_id": "0xDFBAD",
      "new_logon_account": null,
      "new_logon_domain": null,
      "new_logon_security_id": null,
      "new_logon_logon_id": null,
      "target_account": null,
      "target_domain": null,
      "target_security_id": null,
      "logon_type": null,
      "elevated_token": null,
      "virtual_account": null,
      "restricted_admin_mode": null,
      "workstation_name": null,
      "source_network_address": null,
      "source_port": null,
      "process_name": null,
      "failure_reason": null,
      "status": null,
      "substatus": null,
      "logon_process": null,
      "authentication_package": null,
      "privileges": [
        "SeSecurityPrivilege",
        "SeTakeOwnershipPrivilege",
        "SeBackupPrivilege",
        "SeRestorePrivilege"
      ],
      "scenario_id": "PRIV-LOGON-0179"
    },
    {
      "event_id": 4720,
      "timestamp": "13/06/2026 17:52:06",
      "provider_name": "Microsoft-Windows-Security-Auditing",
      "machine_name": "WIN-H96JM6F374S",
      "message": "A user account was created.",
      "subject_account": "opsadmin3",
      "subject_domain": "WIN-H96JM6F374S",
      "subject_security_id": "S-1-5-21-1843355061-959072039-615746888-7617",
      "subject_logon_id": "0x54654",
      "new_logon_account": null,
      "new_logon_domain": null,
      "new_logon_security_id": null,
      "new_logon_logon_id": null,
      "target_account": null,
      "target_domain": null,
      "target_security_id": null,
      "logon_type": null,
      "elevated_token": null,
      "virtual_account": null,
      "restricted_admin_mode": null,
      "workstation_name": null,
      "source_network_address": null,
      "source_port": null,
      "process_name": "C:\\Windows\\System32\\mmc.exe",
      "failure_reason": null,
      "status": null,
      "substatus": null,
      "logon_process": null,
      "authentication_package": null,
      "privileges": [],
      "scenario_id": "ACCOUNT-CREATED-0000",
      "extra_new_account": "tempuser001",
      "extra_new_account_domain": "WIN-H96JM6F374S",
      "extra_new_account_sid": "S-1-5-21-1843355061-959072039-615746888-1135"
    },
    {
      "event_id": 4720,
      "timestamp": "13/06/2026 17:52:42",
      "provider_name": "Microsoft-Windows-Security-Auditing",
      "machine_name": "WIN-H96JM6F374S",
      "message": "A user account was created.",
      "subject_account": "opsadmin3",
      "subject_domain": "WIN-H96JM6F374S",
      "subject_security_id": "S-1-5-21-1843355061-959072039-615746888-9265",
      "subject_logon_id": "0x3A063",
      "new_logon_account": null,
      "new_logon_domain": null,
      "new_logon_security_id": null,
      "new_logon_logon_id": null,
      "target_account": null,
      "target_domain": null,
      "target_security_id": null,
      "logon_type": null,
      "elevated_token": null,
      "virtual_account": null,
      "restricted_admin_mode": null,
      "workstation_name": null,
      "source_network_address": null,
      "source_port": null,
      "process_name": "C:\\Windows\\System32\\mmc.exe",
      "failure_reason": null,
      "status": null,
      "substatus": null,
      "logon_process": null,
      "authentication_package": null,
      "privileges": [],
      "scenario_id": "ACCOUNT-CREATED-0001",
      "extra_new_account": "tempuser002",
      "extra_new_account_domain": "WIN-H96JM6F374S",
      "extra_new_account_sid": "S-1-5-21-1843355061-959072039-615746888-3267"
    },
    {
      "event_id": 4720,
      "timestamp": "13/06/2026 17:53:06",
      "provider_name": "Microsoft-Windows-Security-Auditing",
      "machine_name": "WS2022-LAB01",
      "message": "A user account was created.",
      "subject_account": "opsadmin2",
      "subject_domain": "WS2022-LAB01",
      "subject_security_id": "S-1-5-21-1843355061-959072039-615746888-7304",
      "subject_logon_id": "0x2E7DF",
      "new_logon_account": null,
      "new_logon_domain": null,
      "new_logon_security_id": null,
      "new_logon_logon_id": null,
      "target_account": null,
      "target_domain": null,
      "target_security_id": null,
      "logon_type": null,
      "elevated_token": null,
      "virtual_account": null,
      "restricted_admin_mode": null,
      "workstation_name": null,
      "source_network_address": null,
      "source_port": null,
      "process_name": "C:\\Windows\\System32\\mmc.exe",
      "failure_reason": null,
      "status": null,
      "substatus": null,
      "logon_process": null,
      "authentication_package": null,
      "privileges": [],
      "scenario_id": "ACCOUNT-CREATED-0002",
      "extra_new_account": "tempuser003",
      "extra_new_account_domain": "WS2022-LAB01",
      "extra_new_account_sid": "S-1-5-21-1843355061-959072039-615746888-3790"
    },
    {
      "event_id": 4720,
      "timestamp": "13/06/2026 17:53:49",
      "provider_name": "Microsoft-Windows-Security-Auditing",
      "machine_name": "WS2022-LAB01",
      "message": "A user account was created.",
      "subject_account": "opsadmin3",
      "subject_domain": "WS2022-LAB01",
      "subject_security_id": "S-1-5-21-1843355061-959072039-615746888-1936",
      "subject_logon_id": "0x8F828",
      "new_logon_account": null,
      "new_logon_domain": null,
      "new_logon_security_id": null,
      "new_logon_logon_id": null,
      "target_account": null,
      "target_domain": null,
      "target_security_id": null,
      "logon_type": null,
      "elevated_token": null,
      "virtual_account": null,
      "restricted_admin_mode": null,
      "workstation_name": null,
      "source_network_address": null,
      "source_port": null,
      "process_name": "C:\\Windows\\System32\\mmc.exe",
      "failure_reason": null,
      "status": null,
      "substatus": null,
      "logon_process": null,
      "authentication_package": null,
      "privileges": [],
      "scenario_id": "ACCOUNT-CREATED-0003",
      "extra_new_account": "tempuser004",
      "extra_new_account_domain": "WS2022-LAB01",
      "extra_new_account_sid": "S-1-5-21-1843355061-959072039-615746888-9450"
    },
    {
      "event_id": 4720,
      "timestamp": "13/06/2026 17:54:30",
      "provider_name": "Microsoft-Windows-Security-Auditing",
      "machine_name": "WIN-H96JM6F374S",
      "message": "A user account was created.",
      "subject_account": "opsadmin3",
      "subject_domain": "WIN-H96JM6F374S",
      "subject_security_id": "S-1-5-21-1843355061-959072039-615746888-8980",
      "subject_logon_id": "0x8C8B8",
      "new_logon_account": null,
      "new_logon_domain": null,
      "new_logon_security_id": null,
      "new_logon_logon_id": null,
      "target_account": null,
      "target_domain": null,
      "target_security_id": null,
      "logon_type": null,
      "elevated_token": null,
      "virtual_account": null,
      "restricted_admin_mode": null,
      "workstation_name": null,
      "source_network_address": null,
      "source_port": null,
      "process_name": "C:\\Windows\\System32\\mmc.exe",
      "failure_reason": null,
      "status": null,
      "substatus": null,
      "logon_process": null,
      "authentication_package": null,
      "privileges": [],
      "scenario_id": "ACCOUNT-CREATED-0004",
      "extra_new_account": "tempuser005",
      "extra_new_account_domain": "WIN-H96JM6F374S",
      "extra_new_account_sid": "S-1-5-21-1843355061-959072039-615746888-6918"
    },
    {
      "event_id": 4720,
      "timestamp": "13/06/2026 17:54:43",
      "provider_name": "Microsoft-Windows-Security-Auditing",
      "machine_name": "WS2022-LAB01",
      "message": "A user account was created.",
      "subject_account": "opsadmin1",
      "subject_domain": "WS2022-LAB01",
      "subject_security_id": "S-1-5-21-1843355061-959072039-615746888-5957",
      "subject_logon_id": "0x4EFE5",
      "new_logon_account": null,
      "new_logon_domain": null,
      "new_logon_security_id": null,
      "new_logon_logon_id": null,
      "target_account": null,
      "target_domain": null,
      "target_security_id": null,
      "logon_type": null,
      "elevated_token": null,
      "virtual_account": null,
      "restricted_admin_mode": null,
      "workstation_name": null,
      "source_network_address": null,
      "source_port": null,
      "process_name": "C:\\Windows\\System32\\mmc.exe",
      "failure_reason": null,
      "status": null,
      "substatus": null,
      "logon_process": null,
      "authentication_package": null,
      "privileges": [],
      "scenario_id": "ACCOUNT-CREATED-0005",
      "extra_new_account": "tempuser006",
      "extra_new_account_domain": "WS2022-LAB01",
      "extra_new_account_sid": "S-1-5-21-1843355061-959072039-615746888-7906"
    },
    {
      "event_id": 4720,
      "timestamp": "13/06/2026 17:55:24",
      "provider_name": "Microsoft-Windows-Security-Auditing",
      "machine_name": "WS2022-LAB01",
      "message": "A user account was created.",
      "subject_account": "opsadmin1",
      "subject_domain": "WS2022-LAB01",
      "subject_security_id": "S-1-5-21-1843355061-959072039-615746888-6546",
      "subject_logon_id": "0x838A6",
      "new_logon_account": null,
      "new_logon_domain": null,
      "new_logon_security_id": null,
      "new_logon_logon_id": null,
      "target_account": null,
      "target_domain": null,
      "target_security_id": null,
      "logon_type": null,
      "elevated_token": null,
      "virtual_account": null,
      "restricted_admin_mode": null,
      "workstation_name": null,
      "source_network_address": null,
      "source_port": null,
      "process_name": "C:\\Windows\\System32\\mmc.exe",
      "failure_reason": null,
      "status": null,
      "substatus": null,
      "logon_process": null,
      "authentication_package": null,
      "privileges": [],
      "scenario_id": "ACCOUNT-CREATED-0006",
      "extra_new_account": "tempuser007",
      "extra_new_account_domain": "WS2022-LAB01",
      "extra_new_account_sid": "S-1-5-21-1843355061-959072039-615746888-5150"
    },
    {
      "event_id": 4720,
      "timestamp": "13/06/2026 17:55:46",
      "provider_name": "Microsoft-Windows-Security-Auditing",
      "machine_name": "WS2022-LAB01",
      "message": "A user account was created.",
      "subject_account": "opsadmin3",
      "subject_domain": "WS2022-LAB01",
      "subject_security_id": "S-1-5-21-1843355061-959072039-615746888-4493",
      "subject_logon_id": "0xB66EF",
      "new_logon_account": null,
      "new_logon_domain": null,
      "new_logon_security_id": null,
      "new_logon_logon_id": null,
      "target_account": null,
      "target_domain": null,
      "target_security_id": null,
      "logon_type": null,
      "elevated_token": null,
      "virtual_account": null,
      "restricted_admin_mode": null,
      "workstation_name": null,
      "source_network_address": null,
      "source_port": null,
      "process_name": "C:\\Windows\\System32\\mmc.exe",
      "failure_reason": null,
      "status": null,
      "substatus": null,
      "logon_process": null,
      "authentication_package": null,
      "privileges": [],
      "scenario_id": "ACCOUNT-CREATED-0007",
      "extra_new_account": "tempuser008",
      "extra_new_account_domain": "WS2022-LAB01",
      "extra_new_account_sid": "S-1-5-21-1843355061-959072039-615746888-8971"
    },
    {
      "event_id": 4720,
      "timestamp": "13/06/2026 17:56:31",
      "provider_name": "Microsoft-Windows-Security-Auditing",
      "machine_name": "WIN-H96JM6F374S",
      "message": "A user account was created.",
      "subject_account": "labadmin",
      "subject_domain": "WIN-H96JM6F374S",
      "subject_security_id": "S-1-5-21-1843355061-959072039-615746888-1717",
      "subject_logon_id": "0x1840E",
      "new_logon_account": null,
      "new_logon_domain": null,
      "new_logon_security_id": null,
      "new_logon_logon_id": null,
      "target_account": null,
      "target_domain": null,
      "target_security_id": null,
      "logon_type": null,
      "elevated_token": null,
      "virtual_account": null,
      "restricted_admin_mode": null,
      "workstation_name": null,
      "source_network_address": null,
      "source_port": null,
      "process_name": "C:\\Windows\\System32\\mmc.exe",
      "failure_reason": null,
      "status": null,
      "substatus": null,
      "logon_process": null,
      "authentication_package": null,
      "privileges": [],
      "scenario_id": "ACCOUNT-CREATED-0008",
      "extra_new_account": "tempuser009",
      "extra_new_account_domain": "WIN-H96JM6F374S",
      "extra_new_account_sid": "S-1-5-21-1843355061-959072039-615746888-5321"
    },
    {
      "event_id": 4720,
      "timestamp": "13/06/2026 17:57:14",
      "provider_name": "Microsoft-Windows-Security-Auditing",
      "machine_name": "WS2022-LAB01",
      "message": "A user account was created.",
      "subject_account": "opsadmin3",
      "subject_domain": "WS2022-LAB01",
      "subject_security_id": "S-1-5-21-1843355061-959072039-615746888-5602",
      "subject_logon_id": "0xE2399",
      "new_logon_account": null,
      "new_logon_domain": null,
      "new_logon_security_id": null,
      "new_logon_logon_id": null,
      "target_account": null,
      "target_domain": null,
      "target_security_id": null,
      "logon_type": null,
      "elevated_token": null,
      "virtual_account": null,
      "restricted_admin_mode": null,
      "workstation_name": null,
      "source_network_address": null,
      "source_port": null,
      "process_name": "C:\\Windows\\System32\\mmc.exe",
      "failure_reason": null,
      "status": null,
      "substatus": null,
      "logon_process": null,
      "authentication_package": null,
      "privileges": [],
      "scenario_id": "ACCOUNT-CREATED-0009",
      "extra_new_account": "tempuser010",
      "extra_new_account_domain": "WS2022-LAB01",
      "extra_new_account_sid": "S-1-5-21-1843355061-959072039-615746888-4342"
    },
    {
      "event_id": 4720,
      "timestamp": "13/06/2026 17:57:34",
      "provider_name": "Microsoft-Windows-Security-Auditing",
      "machine_name": "WS2022-LAB02",
      "message": "A user account was created.",
      "subject_account": "opsadmin3",
      "subject_domain": "WS2022-LAB02",
      "subject_security_id": "S-1-5-21-1843355061-959072039-615746888-4570",
      "subject_logon_id": "0x585B0",
      "new_logon_account": null,
      "new_logon_domain": null,
      "new_logon_security_id": null,
      "new_logon_logon_id": null,
      "target_account": null,
      "target_domain": null,
      "target_security_id": null,
      "logon_type": null,
      "elevated_token": null,
      "virtual_account": null,
      "restricted_admin_mode": null,
      "workstation_name": null,
      "source_network_address": null,
      "source_port": null,
      "process_name": "C:\\Windows\\System32\\mmc.exe",
      "failure_reason": null,
      "status": null,
      "substatus": null,
      "logon_process": null,
      "authentication_package": null,
      "privileges": [],
      "scenario_id": "ACCOUNT-CREATED-0010",
      "extra_new_account": "tempuser011",
      "extra_new_account_domain": "WS2022-LAB02",
      "extra_new_account_sid": "S-1-5-21-1843355061-959072039-615746888-3892"
    },
    {
      "event_id": 4720,
      "timestamp": "13/06/2026 17:58:10",
      "provider_name": "Microsoft-Windows-Security-Auditing",
      "machine_name": "WS2022-LAB01",
      "message": "A user account was created.",
      "subject_account": "opsadmin2",
      "subject_domain": "WS2022-LAB01",
      "subject_security_id": "S-1-5-21-1843355061-959072039-615746888-9275",
      "subject_logon_id": "0x72BAC",
      "new_logon_account": null,
      "new_logon_domain": null,
      "new_logon_security_id": null,
      "new_logon_logon_id": null,
      "target_account": null,
      "target_domain": null,
      "target_security_id": null,
      "logon_type": null,
      "elevated_token": null,
      "virtual_account": null,
      "restricted_admin_mode": null,
      "workstation_name": null,
      "source_network_address": null,
      "source_port": null,
      "process_name": "C:\\Windows\\System32\\mmc.exe",
      "failure_reason": null,
      "status": null,
      "substatus": null,
      "logon_process": null,
      "authentication_package": null,
      "privileges": [],
      "scenario_id": "ACCOUNT-CREATED-0011",
      "extra_new_account": "tempuser012",
      "extra_new_account_domain": "WS2022-LAB01",
      "extra_new_account_sid": "S-1-5-21-1843355061-959072039-615746888-7280"
    },
    {
      "event_id": 4720,
      "timestamp": "13/06/2026 17:58:43",
      "provider_name": "Microsoft-Windows-Security-Auditing",
      "machine_name": "WS2022-LAB01",
      "message": "A user account was created.",
      "subject_account": "opsadmin3",
      "subject_domain": "WS2022-LAB01",
      "subject_security_id": "S-1-5-21-1843355061-959072039-615746888-1618",
      "subject_logon_id": "0x826F4",
      "new_logon_account": null,
      "new_logon_domain": null,
      "new_logon_security_id": null,
      "new_logon_logon_id": null,
      "target_account": null,
      "target_domain": null,
      "target_security_id": null,
      "logon_type": null,
      "elevated_token": null,
      "virtual_account": null,
      "restricted_admin_mode": null,
      "workstation_name": null,
      "source_network_address": null,
      "source_port": null,
      "process_name": "C:\\Windows\\System32\\mmc.exe",
      "failure_reason": null,
      "status": null,
      "substatus": null,
      "logon_process": null,
      "authentication_package": null,
      "privileges": [],
      "scenario_id": "ACCOUNT-CREATED-0012",
      "extra_new_account": "tempuser013",
      "extra_new_account_domain": "WS2022-LAB01",
      "extra_new_account_sid": "S-1-5-21-1843355061-959072039-615746888-7560"
    },
    {
      "event_id": 4720,
      "timestamp": "13/06/2026 17:59:16",
      "provider_name": "Microsoft-Windows-Security-Auditing",
      "machine_name": "WS2022-LAB02",
      "message": "A user account was created.",
      "subject_account": "labadmin",
      "subject_domain": "WS2022-LAB02",
      "subject_security_id": "S-1-5-21-1843355061-959072039-615746888-8303",
      "subject_logon_id": "0xE7A6A",
      "new_logon_account": null,
      "new_logon_domain": null,
      "new_logon_security_id": null,
      "new_logon_logon_id": null,
      "target_account": null,
      "target_domain": null,
      "target_security_id": null,
      "logon_type": null,
      "elevated_token": null,
      "virtual_account": null,
      "restricted_admin_mode": null,
      "workstation_name": null,
      "source_network_address": null,
      "source_port": null,
      "process_name": "C:\\Windows\\System32\\mmc.exe",
      "failure_reason": null,
      "status": null,
      "substatus": null,
      "logon_process": null,
      "authentication_package": null,
      "privileges": [],
      "scenario_id": "ACCOUNT-CREATED-0013",
      "extra_new_account": "tempuser014",
      "extra_new_account_domain": "WS2022-LAB02",
      "extra_new_account_sid": "S-1-5-21-1843355061-959072039-615746888-1582"
    },
    {
      "event_id": 4720,
      "timestamp": "13/06/2026 17:59:46",
      "provider_name": "Microsoft-Windows-Security-Auditing",
      "machine_name": "WS2022-LAB02",
      "message": "A user account was created.",
      "subject_account": "labadmin",
      "subject_domain": "WS2022-LAB02",
      "subject_security_id": "S-1-5-21-1843355061-959072039-615746888-4169",
      "subject_logon_id": "0xBF084",
      "new_logon_account": null,
      "new_logon_domain": null,
      "new_logon_security_id": null,
      "new_logon_logon_id": null,
      "target_account": null,
      "target_domain": null,
      "target_security_id": null,
      "logon_type": null,
      "elevated_token": null,
      "virtual_account": null,
      "restricted_admin_mode": null,
      "workstation_name": null,
      "source_network_address": null,
      "source_port": null,
      "process_name": "C:\\Windows\\System32\\mmc.exe",
      "failure_reason": null,
      "status": null,
      "substatus": null,
      "logon_process": null,
      "authentication_package": null,
      "privileges": [],
      "scenario_id": "ACCOUNT-CREATED-0014",
      "extra_new_account": "tempuser015",
      "extra_new_account_domain": "WS2022-LAB02",
      "extra_new_account_sid": "S-1-5-21-1843355061-959072039-615746888-5018"
    },
    {
      "event_id": 4720,
      "timestamp": "13/06/2026 18:00:21",
      "provider_name": "Microsoft-Windows-Security-Auditing",
      "machine_name": "WIN-H96JM6F374S",
      "message": "A user account was created.",
      "subject_account": "opsadmin3",
      "subject_domain": "WIN-H96JM6F374S",
      "subject_security_id": "S-1-5-21-1843355061-959072039-615746888-6242",
      "subject_logon_id": "0xA7A4A",
      "new_logon_account": null,
      "new_logon_domain": null,
      "new_logon_security_id": null,
      "new_logon_logon_id": null,
      "target_account": null,
      "target_domain": null,
      "target_security_id": null,
      "logon_type": null,
      "elevated_token": null,
      "virtual_account": null,
      "restricted_admin_mode": null,
      "workstation_name": null,
      "source_network_address": null,
      "source_port": null,
      "process_name": "C:\\Windows\\System32\\mmc.exe",
      "failure_reason": null,
      "status": null,
      "substatus": null,
      "logon_process": null,
      "authentication_package": null,
      "privileges": [],
      "scenario_id": "ACCOUNT-CREATED-0015",
      "extra_new_account": "tempuser016",
      "extra_new_account_domain": "WIN-H96JM6F374S",
      "extra_new_account_sid": "S-1-5-21-1843355061-959072039-615746888-2054"
    },
    {
      "event_id": 4720,
      "timestamp": "13/06/2026 18:00:59",
      "provider_name": "Microsoft-Windows-Security-Auditing",
      "machine_name": "WIN-H96JM6F374S",
      "message": "A user account was created.",
      "subject_account": "labadmin",
      "subject_domain": "WIN-H96JM6F374S",
      "subject_security_id": "S-1-5-21-1843355061-959072039-615746888-2363",
      "subject_logon_id": "0x2DED3",
      "new_logon_account": null,
      "new_logon_domain": null,
      "new_logon_security_id": null,
      "new_logon_logon_id": null,
      "target_account": null,
      "target_domain": null,
      "target_security_id": null,
      "logon_type": null,
      "elevated_token": null,
      "virtual_account": null,
      "restricted_admin_mode": null,
      "workstation_name": null,
      "source_network_address": null,
      "source_port": null,
      "process_name": "C:\\Windows\\System32\\mmc.exe",
      "failure_reason": null,
      "status": null,
      "substatus": null,
      "logon_process": null,
      "authentication_package": null,
      "privileges": [],
      "scenario_id": "ACCOUNT-CREATED-0016",
      "extra_new_account": "tempuser017",
      "extra_new_account_domain": "WIN-H96JM6F374S",
      "extra_new_account_sid": "S-1-5-21-1843355061-959072039-615746888-5207"
    },
