TimeCreated  : 13/06/2026 14:40:52
Id           : 4625
ProviderName : Microsoft-Windows-Security-Auditing
MachineName  : WS2022-LAB02
Message      : An account failed to log on.

               Subject:
               	Security ID:		S-1-5-18
               	Account Name:		WS2022-LAB02$
               	Account Domain:		WORKGROUP
               	Logon ID:		0x3E7

               Logon Type:			2

               Account For Which Logon Failed:
               	Security ID:		S-1-5-21-1843355061-959072039-615746888-9366
               	Account Name:		testuser10
               	Account Domain:		WS2022-LAB02

               Failure Information:
               	Failure Reason:		Unknown user name or bad password.
               	Status:		0xC000006D
               	Sub Status:		0xC0000064

               Process Information:
               	Caller Process Name:		C:\Windows\System32\svchost.exe

               Network Information:
               	Workstation Name:		WS2022-LAB02
               	Source Network Address:		192.168.56.24
               	Source Port:		42178

TimeCreated  : 13/06/2026 14:41:12
Id           : 4625
ProviderName : Microsoft-Windows-Security-Auditing
MachineName  : WS2022-LAB01
Message      : An account failed to log on.

               Subject:
               	Security ID:		S-1-5-18
               	Account Name:		WS2022-LAB01$
               	Account Domain:		WORKGROUP
               	Logon ID:		0x3E7

               Logon Type:			2

               Account For Which Logon Failed:
               	Security ID:		S-1-5-21-1843355061-959072039-615746888-2583
               	Account Name:		testuser3
               	Account Domain:		WS2022-LAB01

               Failure Information:
               	Failure Reason:		Unknown user name or bad password.
               	Status:		0xC000006D
               	Sub Status:		0xC0000064

               Process Information:
               	Caller Process Name:		C:\Windows\System32\svchost.exe

               Network Information:
               	Workstation Name:		WS2022-LAB01
               	Source Network Address:		10.0.0.72
               	Source Port:		62758

TimeCreated  : 13/06/2026 14:41:53
Id           : 4625
ProviderName : Microsoft-Windows-Security-Auditing
MachineName  : WS2022-LAB01
Message      : An account failed to log on.

               Subject:
               	Security ID:		S-1-5-18
               	Account Name:		WS2022-LAB01$
               	Account Domain:		WORKGROUP
               	Logon ID:		0x3E7

               Logon Type:			2

               Account For Which Logon Failed:
               	Security ID:		S-1-5-21-1843355061-959072039-615746888-9932
               	Account Name:		testuser6
               	Account Domain:		WS2022-LAB01

               Failure Information:
               	Failure Reason:		Unknown user name or bad password.
               	Status:		0xC000006D
               	Sub Status:		0xC0000064

               Process Information:
               	Caller Process Name:		C:\Windows\System32\svchost.exe

               Network Information:
               	Workstation Name:		WS2022-LAB01
               	Source Network Address:		172.16.10.138
               	Source Port:		53752

TimeCreated  : 13/06/2026 14:42:26
Id           : 4625
ProviderName : Microsoft-Windows-Security-Auditing
MachineName  : WS2022-LAB01
Message      : An account failed to log on.

               Subject:
               	Security ID:		S-1-5-18
               	Account Name:		WS2022-LAB01$
               	Account Domain:		WORKGROUP
               	Logon ID:		0x3E7

               Logon Type:			2

               Account For Which Logon Failed:
               	Security ID:		S-1-5-21-1843355061-959072039-615746888-1477
               	Account Name:		testuser13
               	Account Domain:		WS2022-LAB01

               Failure Information:
               	Failure Reason:		Unknown user name or bad password.
               	Status:		0xC000006D
               	Sub Status:		0xC000006A

               Process Information:
               	Caller Process Name:		C:\Windows\System32\svchost.exe

               Network Information:
               	Workstation Name:		WS2022-LAB01
               	Source Network Address:		192.168.56.218
               	Source Port:		14304

TimeCreated  : 13/06/2026 14:43:04
Id           : 4625
ProviderName : Microsoft-Windows-Security-Auditing
MachineName  : WS2022-LAB02
Message      : An account failed to log on.

               Subject:
               	Security ID:		S-1-5-18
               	Account Name:		WS2022-LAB02$
               	Account Domain:		WORKGROUP
               	Logon ID:		0x3E7

               Logon Type:			2

               Account For Which Logon Failed:
               	Security ID:		S-1-5-21-1843355061-959072039-615746888-9245
               	Account Name:		testuser8
               	Account Domain:		WS2022-LAB02

               Failure Information:
               	Failure Reason:		Unknown user name or bad password.
               	Status:		0xC000006D
               	Sub Status:		0xC000006A

               Process Information:
               	Caller Process Name:		C:\Windows\System32\svchost.exe

               Network Information:
               	Workstation Name:		WS2022-LAB02
               	Source Network Address:		10.0.0.145
               	Source Port:		43724

TimeCreated  : 13/06/2026 14:43:21
Id           : 4625
ProviderName : Microsoft-Windows-Security-Auditing
MachineName  : WIN-H96JM6F374S
Message      : An account failed to log on.

               Subject:
               	Security ID:		S-1-5-18
               	Account Name:		WIN-H96JM6F374S$
               	Account Domain:		WORKGROUP
               	Logon ID:		0x3E7

               Logon Type:			2

               Account For Which Logon Failed:
               	Security ID:		S-1-5-21-1843355061-959072039-615746888-6463
               	Account Name:		testuser10
               	Account Domain:		WIN-H96JM6F374S

               Failure Information:
               	Failure Reason:		Unknown user name or bad password.
               	Status:		0xC000006D
               	Sub Status:		0xC000006A

               Process Information:
               	Caller Process Name:		C:\Windows\System32\svchost.exe

               Network Information:
               	Workstation Name:		WIN-H96JM6F374S
               	Source Network Address:		192.168.56.12
               	Source Port:		44879

TimeCreated  : 13/06/2026 14:43:45
Id           : 4625
ProviderName : Microsoft-Windows-Security-Auditing
MachineName  : WS2022-LAB02
Message      : An account failed to log on.

               Subject:
               	Security ID:		S-1-5-18
               	Account Name:		WS2022-LAB02$
               	Account Domain:		WORKGROUP
               	Logon ID:		0x3E7

               Logon Type:			2

               Account For Which Logon Failed:
               	Security ID:		S-1-5-21-1843355061-959072039-615746888-2531
               	Account Name:		testuser5
               	Account Domain:		WS2022-LAB02

               Failure Information:
               	Failure Reason:		Unknown user name or bad password.
               	Status:		0xC000006D
               	Sub Status:		0xC0000064

               Process Information:
               	Caller Process Name:		C:\Windows\System32\svchost.exe

               Network Information:
               	Workstation Name:		WS2022-LAB02
               	Source Network Address:		10.0.0.148
               	Source Port:		17227

TimeCreated  : 13/06/2026 14:43:51
Id           : 4625
ProviderName : Microsoft-Windows-Security-Auditing
MachineName  : WS2022-LAB01
Message      : An account failed to log on.

               Subject:
               	Security ID:		S-1-5-18
               	Account Name:		WS2022-LAB01$
               	Account Domain:		WORKGROUP
               	Logon ID:		0x3E7

               Logon Type:			2

               Account For Which Logon Failed:
               	Security ID:		S-1-5-21-1843355061-959072039-615746888-1433
               	Account Name:		testuser4
               	Account Domain:		WS2022-LAB01

               Failure Information:
               	Failure Reason:		Unknown user name or bad password.
               	Status:		0xC000006D
               	Sub Status:		0xC000006A

               Process Information:
               	Caller Process Name:		C:\Windows\System32\svchost.exe

               Network Information:
               	Workstation Name:		WS2022-LAB01
               	Source Network Address:		172.16.10.67
               	Source Port:		48753

TimeCreated  : 13/06/2026 14:44:29
Id           : 4625
ProviderName : Microsoft-Windows-Security-Auditing
MachineName  : WS2022-LAB01
Message      : An account failed to log on.

               Subject:
               	Security ID:		S-1-5-18
               	Account Name:		WS2022-LAB01$
               	Account Domain:		WORKGROUP
               	Logon ID:		0x3E7

               Logon Type:			2

               Account For Which Logon Failed:
               	Security ID:		S-1-5-21-1843355061-959072039-615746888-7619
               	Account Name:		testuser13
               	Account Domain:		WS2022-LAB01

               Failure Information:
               	Failure Reason:		Unknown user name or bad password.
               	Status:		0xC000006D
               	Sub Status:		0xC0000064

               Process Information:
               	Caller Process Name:		C:\Windows\System32\svchost.exe

               Network Information:
               	Workstation Name:		WS2022-LAB01
               	Source Network Address:		172.16.10.77
               	Source Port:		61879

TimeCreated  : 13/06/2026 14:44:56
Id           : 4625
ProviderName : Microsoft-Windows-Security-Auditing
MachineName  : WS2022-LAB02
Message      : An account failed to log on.

               Subject:
               	Security ID:		S-1-5-18
               	Account Name:		WS2022-LAB02$
               	Account Domain:		WORKGROUP
               	Logon ID:		0x3E7

               Logon Type:			2

               Account For Which Logon Failed:
               	Security ID:		S-1-5-21-1843355061-959072039-615746888-8457
               	Account Name:		testuser19
               	Account Domain:		WS2022-LAB02

               Failure Information:
               	Failure Reason:		Unknown user name or bad password.
               	Status:		0xC000006D
               	Sub Status:		0xC0000064

               Process Information:
               	Caller Process Name:		C:\Windows\System32\svchost.exe

               Network Information:
               	Workstation Name:		WS2022-LAB02
               	Source Network Address:		10.0.0.83
               	Source Port:		4642

TimeCreated  : 13/06/2026 14:45:09
Id           : 4625
ProviderName : Microsoft-Windows-Security-Auditing
MachineName  : WS2022-LAB01
Message      : An account failed to log on.

               Subject:
               	Security ID:		S-1-5-18
               	Account Name:		WS2022-LAB01$
               	Account Domain:		WORKGROUP
               	Logon ID:		0x3E7

               Logon Type:			2

               Account For Which Logon Failed:
               	Security ID:		S-1-5-21-1843355061-959072039-615746888-4879
               	Account Name:		testuser3
               	Account Domain:		WS2022-LAB01

               Failure Information:
               	Failure Reason:		User not allowed to log on at this computer.
               	Status:		0xC000006E
               	Sub Status:		0x0

               Process Information:
               	Caller Process Name:		C:\Windows\System32\svchost.exe

               Network Information:
               	Workstation Name:		WS2022-LAB01
               	Source Network Address:		192.168.56.22
               	Source Port:		15132

TimeCreated  : 13/06/2026 14:45:22
Id           : 4625
ProviderName : Microsoft-Windows-Security-Auditing
MachineName  : WS2022-LAB01
Message      : An account failed to log on.

               Subject:
               	Security ID:		S-1-5-18
               	Account Name:		WS2022-LAB01$
               	Account Domain:		WORKGROUP
               	Logon ID:		0x3E7

               Logon Type:			2

               Account For Which Logon Failed:
               	Security ID:		S-1-5-21-1843355061-959072039-615746888-3173
               	Account Name:		testuser9
               	Account Domain:		WS2022-LAB01

               Failure Information:
               	Failure Reason:		User not allowed to log on at this computer.
               	Status:		0xC000006E
               	Sub Status:		0x0

               Process Information:
               	Caller Process Name:		C:\Windows\System32\svchost.exe

               Network Information:
               	Workstation Name:		WS2022-LAB01
               	Source Network Address:		172.16.10.140
               	Source Port:		56341

TimeCreated  : 13/06/2026 14:45:56
Id           : 4625
ProviderName : Microsoft-Windows-Security-Auditing
MachineName  : WS2022-LAB02
Message      : An account failed to log on.

               Subject:
               	Security ID:		S-1-5-18
               	Account Name:		WS2022-LAB02$
               	Account Domain:		WORKGROUP
               	Logon ID:		0x3E7

               Logon Type:			2

               Account For Which Logon Failed:
               	Security ID:		S-1-5-21-1843355061-959072039-615746888-1187
               	Account Name:		testuser10
               	Account Domain:		WS2022-LAB02

               Failure Information:
               	Failure Reason:		Unknown user name or bad password.
               	Status:		0xC000006D
               	Sub Status:		0xC000006A

               Process Information:
               	Caller Process Name:		C:\Windows\System32\svchost.exe

               Network Information:
               	Workstation Name:		WS2022-LAB02
               	Source Network Address:		172.16.10.68
               	Source Port:		48953

TimeCreated  : 13/06/2026 14:46:05
Id           : 4625
ProviderName : Microsoft-Windows-Security-Auditing
MachineName  : WS2022-LAB01
Message      : An account failed to log on.

               Subject:
               	Security ID:		S-1-5-18
               	Account Name:		WS2022-LAB01$
               	Account Domain:		WORKGROUP
               	Logon ID:		0x3E7

               Logon Type:			2

               Account For Which Logon Failed:
               	Security ID:		S-1-5-21-1843355061-959072039-615746888-6272
               	Account Name:		testuser12
               	Account Domain:		WS2022-LAB01

               Failure Information:
               	Failure Reason:		User not allowed to log on at this computer.
               	Status:		0xC000006E
               	Sub Status:		0x0

               Process Information:
               	Caller Process Name:		C:\Windows\System32\svchost.exe

               Network Information:
               	Workstation Name:		WS2022-LAB01
               	Source Network Address:		10.0.0.2
               	Source Port:		21690

TimeCreated  : 13/06/2026 14:46:40
Id           : 4625
ProviderName : Microsoft-Windows-Security-Auditing
MachineName  : WS2022-LAB02
Message      : An account failed to log on.

               Subject:
               	Security ID:		S-1-5-18
               	Account Name:		WS2022-LAB02$
               	Account Domain:		WORKGROUP
               	Logon ID:		0x3E7

               Logon Type:			2

               Account For Which Logon Failed:
               	Security ID:		S-1-5-21-1843355061-959072039-615746888-3147
               	Account Name:		testuser15
               	Account Domain:		WS2022-LAB02

               Failure Information:
               	Failure Reason:		Unknown user name or bad password.
               	Status:		0xC000006D
               	Sub Status:		0xC000006A

               Process Information:
               	Caller Process Name:		C:\Windows\System32\svchost.exe

               Network Information:
               	Workstation Name:		WS2022-LAB02
               	Source Network Address:		10.0.0.251
               	Source Port:		57887

TimeCreated  : 13/06/2026 14:47:15
Id           : 4625
ProviderName : Microsoft-Windows-Security-Auditing
MachineName  : WS2022-LAB02
Message      : An account failed to log on.

               Subject:
               	Security ID:		S-1-5-18
               	Account Name:		WS2022-LAB02$
               	Account Domain:		WORKGROUP
               	Logon ID:		0x3E7

               Logon Type:			2

               Account For Which Logon Failed:
               	Security ID:		S-1-5-21-1843355061-959072039-615746888-8917
               	Account Name:		testuser6
               	Account Domain:		WS2022-LAB02

               Failure Information:
               	Failure Reason:		Unknown user name or bad password.
               	Status:		0xC000006D
               	Sub Status:		0xC000006A

               Process Information:
               	Caller Process Name:		C:\Windows\System32\svchost.exe

               Network Information:
               	Workstation Name:		WS2022-LAB02
               	Source Network Address:		10.0.0.110
               	Source Port:		1997

TimeCreated  : 13/06/2026 14:47:45
Id           : 4625
ProviderName : Microsoft-Windows-Security-Auditing
MachineName  : WS2022-LAB01
Message      : An account failed to log on.

               Subject:
               	Security ID:		S-1-5-18
               	Account Name:		WS2022-LAB01$
               	Account Domain:		WORKGROUP
               	Logon ID:		0x3E7

               Logon Type:			2

               Account For Which Logon Failed:
               	Security ID:		S-1-5-21-1843355061-959072039-615746888-4014
               	Account Name:		testuser14
               	Account Domain:		WS2022-LAB01

               Failure Information:
               	Failure Reason:		Unknown user name or bad password.
               	Status:		0xC000006D
               	Sub Status:		0xC0000064

               Process Information:
               	Caller Process Name:		C:\Windows\System32\svchost.exe

               Network Information:
               	Workstation Name:		WS2022-LAB01
               	Source Network Address:		172.16.10.207
               	Source Port:		8223

TimeCreated  : 13/06/2026 14:48:05
Id           : 4625
ProviderName : Microsoft-Windows-Security-Auditing
MachineName  : WIN-H96JM6F374S
Message      : An account failed to log on.

               Subject:
               	Security ID:		S-1-5-18
               	Account Name:		WIN-H96JM6F374S$
               	Account Domain:		WORKGROUP
               	Logon ID:		0x3E7

               Logon Type:			2

               Account For Which Logon Failed:
               	Security ID:		S-1-5-21-1843355061-959072039-615746888-6714
               	Account Name:		testuser12
               	Account Domain:		WIN-H96JM6F374S

               Failure Information:
               	Failure Reason:		Unknown user name or bad password.
               	Status:		0xC000006D
               	Sub Status:		0xC0000064

               Process Information:
               	Caller Process Name:		C:\Windows\System32\svchost.exe

               Network Information:
               	Workstation Name:		WIN-H96JM6F374S
               	Source Network Address:		10.0.0.82
               	Source Port:		29298

TimeCreated  : 13/06/2026 14:48:12
Id           : 4625
ProviderName : Microsoft-Windows-Security-Auditing
MachineName  : WIN-H96JM6F374S
Message      : An account failed to log on.

               Subject:
               	Security ID:		S-1-5-18
               	Account Name:		WIN-H96JM6F374S$
               	Account Domain:		WORKGROUP
               	Logon ID:		0x3E7

               Logon Type:			2

               Account For Which Logon Failed:
               	Security ID:		S-1-5-21-1843355061-959072039-615746888-9297
               	Account Name:		testuser2
               	Account Domain:		WIN-H96JM6F374S

               Failure Information:
               	Failure Reason:		User not allowed to log on at this computer.
               	Status:		0xC000006E
               	Sub Status:		0x0

               Process Information:
               	Caller Process Name:		C:\Windows\System32\svchost.exe

               Network Information:
               	Workstation Name:		WIN-H96JM6F374S
               	Source Network Address:		10.0.0.39
               	Source Port:		60972

TimeCreated  : 13/06/2026 14:48:34
Id           : 4625
ProviderName : Microsoft-Windows-Security-Auditing
MachineName  : WIN-H96JM6F374S
Message      : An account failed to log on.

               Subject:
               	Security ID:		S-1-5-18
               	Account Name:		WIN-H96JM6F374S$
               	Account Domain:		WORKGROUP
               	Logon ID:		0x3E7

               Logon Type:			2

               Account For Which Logon Failed:
               	Security ID:		S-1-5-21-1843355061-959072039-615746888-4413
               	Account Name:		testuser7
               	Account Domain:		WIN-H96JM6F374S

               Failure Information:
               	Failure Reason:		Unknown user name or bad password.
               	Status:		0xC000006D
               	Sub Status:		0xC0000064

               Process Information:
               	Caller Process Name:		C:\Windows\System32\svchost.exe

               Network Information:
               	Workstation Name:		WIN-H96JM6F374S
               	Source Network Address:		172.16.10.65
               	Source Port:		59045

TimeCreated  : 13/06/2026 14:48:56
Id           : 4625
ProviderName : Microsoft-Windows-Security-Auditing
MachineName  : WS2022-LAB02
Message      : An account failed to log on.

               Subject:
               	Security ID:		S-1-5-18
               	Account Name:		WS2022-LAB02$
               	Account Domain:		WORKGROUP
               	Logon ID:		0x3E7

               Logon Type:			2

               Account For Which Logon Failed:
               	Security ID:		S-1-5-21-1843355061-959072039-615746888-6324
               	Account Name:		testuser2
               	Account Domain:		WS2022-LAB02

               Failure Information:
               	Failure Reason:		User not allowed to log on at this computer.
               	Status:		0xC000006E
               	Sub Status:		0x0

               Process Information:
               	Caller Process Name:		C:\Windows\System32\svchost.exe

               Network Information:
               	Workstation Name:		WS2022-LAB02
               	Source Network Address:		10.0.0.139
               	Source Port:		51396

TimeCreated  : 13/06/2026 14:49:33
Id           : 4625
ProviderName : Microsoft-Windows-Security-Auditing
MachineName  : WS2022-LAB02
Message      : An account failed to log on.

               Subject:
               	Security ID:		S-1-5-18
               	Account Name:		WS2022-LAB02$
               	Account Domain:		WORKGROUP
               	Logon ID:		0x3E7

               Logon Type:			2

               Account For Which Logon Failed:
               	Security ID:		S-1-5-21-1843355061-959072039-615746888-2223
               	Account Name:		testuser13
               	Account Domain:		WS2022-LAB02

               Failure Information:
               	Failure Reason:		Unknown user name or bad password.
               	Status:		0xC000006D
               	Sub Status:		0xC0000064

               Process Information:
               	Caller Process Name:		C:\Windows\System32\svchost.exe

               Network Information:
               	Workstation Name:		WS2022-LAB02
               	Source Network Address:		10.0.0.101
               	Source Port:		41532

TimeCreated  : 13/06/2026 14:49:50
Id           : 4625
ProviderName : Microsoft-Windows-Security-Auditing
MachineName  : WS2022-LAB01
Message      : An account failed to log on.

               Subject:
               	Security ID:		S-1-5-18
               	Account Name:		WS2022-LAB01$
               	Account Domain:		WORKGROUP
               	Logon ID:		0x3E7

               Logon Type:			2

               Account For Which Logon Failed:
               	Security ID:		S-1-5-21-1843355061-959072039-615746888-8832
               	Account Name:		testuser17
               	Account Domain:		WS2022-LAB01

               Failure Information:
               	Failure Reason:		Unknown user name or bad password.
               	Status:		0xC000006D
               	Sub Status:		0xC0000064

               Process Information:
               	Caller Process Name:		C:\Windows\System32\svchost.exe

               Network Information:
               	Workstation Name:		WS2022-LAB01
               	Source Network Address:		192.168.56.15
               	Source Port:		28766

TimeCreated  : 13/06/2026 14:50:03
Id           : 4625
ProviderName : Microsoft-Windows-Security-Auditing
MachineName  : WS2022-LAB01
Message      : An account failed to log on.

               Subject:
               	Security ID:		S-1-5-18
               	Account Name:		WS2022-LAB01$
               	Account Domain:		WORKGROUP
               	Logon ID:		0x3E7

               Logon Type:			2

               Account For Which Logon Failed:
               	Security ID:		S-1-5-21-1843355061-959072039-615746888-6247
               	Account Name:		testuser7
               	Account Domain:		WS2022-LAB01

               Failure Information:
               	Failure Reason:		Unknown user name or bad password.
               	Status:		0xC000006D
               	Sub Status:		0xC000006A

               Process Information:
               	Caller Process Name:		C:\Windows\System32\svchost.exe

               Network Information:
               	Workstation Name:		WS2022-LAB01
               	Source Network Address:		192.168.56.28
               	Source Port:		28929

TimeCreated  : 13/06/2026 14:50:19
Id           : 4625
ProviderName : Microsoft-Windows-Security-Auditing
MachineName  : WS2022-LAB01
Message      : An account failed to log on.

               Subject:
               	Security ID:		S-1-5-18
               	Account Name:		WS2022-LAB01$
               	Account Domain:		WORKGROUP
               	Logon ID:		0x3E7

               Logon Type:			2

               Account For Which Logon Failed:
               	Security ID:		S-1-5-21-1843355061-959072039-615746888-3519
               	Account Name:		testuser5
               	Account Domain:		WS2022-LAB01

               Failure Information:
               	Failure Reason:		User not allowed to log on at this computer.
               	Status:		0xC000006E
               	Sub Status:		0x0

               Process Information:
               	Caller Process Name:		C:\Windows\System32\svchost.exe

               Network Information:
               	Workstation Name:		WS2022-LAB01
               	Source Network Address:		192.168.56.197
               	Source Port:		21164

TimeCreated  : 13/06/2026 14:50:39
Id           : 4625
ProviderName : Microsoft-Windows-Security-Auditing
MachineName  : WS2022-LAB01
Message      : An account failed to log on.

               Subject:
               	Security ID:		S-1-5-18
               	Account Name:		WS2022-LAB01$
               	Account Domain:		WORKGROUP
               	Logon ID:		0x3E7

               Logon Type:			2

               Account For Which Logon Failed:
               	Security ID:		S-1-5-21-1843355061-959072039-615746888-9993
               	Account Name:		testuser9
               	Account Domain:		WS2022-LAB01

               Failure Information:
               	Failure Reason:		Unknown user name or bad password.
               	Status:		0xC000006D
               	Sub Status:		0xC0000064

               Process Information:
               	Caller Process Name:		C:\Windows\System32\svchost.exe

               Network Information:
               	Workstation Name:		WS2022-LAB01
               	Source Network Address:		172.16.10.53
               	Source Port:		52529

TimeCreated  : 13/06/2026 14:50:59
Id           : 4625
ProviderName : Microsoft-Windows-Security-Auditing
MachineName  : WIN-H96JM6F374S
Message      : An account failed to log on.

               Subject:
               	Security ID:		S-1-5-18
               	Account Name:		WIN-H96JM6F374S$
               	Account Domain:		WORKGROUP
               	Logon ID:		0x3E7

               Logon Type:			2

               Account For Which Logon Failed:
               	Security ID:		S-1-5-21-1843355061-959072039-615746888-7294
               	Account Name:		testuser8
               	Account Domain:		WIN-H96JM6F374S

               Failure Information:
               	Failure Reason:		Unknown user name or bad password.
               	Status:		0xC000006D
               	Sub Status:		0xC000006A

               Process Information:
               	Caller Process Name:		C:\Windows\System32\svchost.exe

               Network Information:
               	Workstation Name:		WIN-H96JM6F374S
               	Source Network Address:		172.16.10.246
               	Source Port:		22534

TimeCreated  : 13/06/2026 14:51:25
Id           : 4625
ProviderName : Microsoft-Windows-Security-Auditing
MachineName  : WS2022-LAB01
Message      : An account failed to log on.

               Subject:
               	Security ID:		S-1-5-18
               	Account Name:		WS2022-LAB01$
               	Account Domain:		WORKGROUP
               	Logon ID:		0x3E7

               Logon Type:			2

               Account For Which Logon Failed:
               	Security ID:		S-1-5-21-1843355061-959072039-615746888-7723
               	Account Name:		testuser4
               	Account Domain:		WS2022-LAB01

               Failure Information:
               	Failure Reason:		Unknown user name or bad password.
               	Status:		0xC000006D
               	Sub Status:		0xC000006A

               Process Information:
               	Caller Process Name:		C:\Windows\System32\svchost.exe

               Network Information:
               	Workstation Name:		WS2022-LAB01
               	Source Network Address:		10.0.0.127
               	Source Port:		53052

TimeCreated  : 13/06/2026 14:51:45
Id           : 4625
ProviderName : Microsoft-Windows-Security-Auditing
MachineName  : WS2022-LAB01
Message      : An account failed to log on.

               Subject:
               	Security ID:		S-1-5-18
               	Account Name:		WS2022-LAB01$
               	Account Domain:		WORKGROUP
               	Logon ID:		0x3E7

               Logon Type:			2

               Account For Which Logon Failed:
               	Security ID:		S-1-5-21-1843355061-959072039-615746888-8039
               	Account Name:		testuser20
               	Account Domain:		WS2022-LAB01

               Failure Information:
               	Failure Reason:		Unknown user name or bad password.
               	Status:		0xC000006D
               	Sub Status:		0xC000006A

               Process Information:
               	Caller Process Name:		C:\Windows\System32\svchost.exe

               Network Information:
               	Workstation Name:		WS2022-LAB01
               	Source Network Address:		192.168.56.231
               	Source Port:		62076

TimeCreated  : 13/06/2026 14:52:05
Id           : 4625
ProviderName : Microsoft-Windows-Security-Auditing
MachineName  : WIN-H96JM6F374S
Message      : An account failed to log on.

               Subject:
               	Security ID:		S-1-5-18
               	Account Name:		WIN-H96JM6F374S$
               	Account Domain:		WORKGROUP
               	Logon ID:		0x3E7

               Logon Type:			2

               Account For Which Logon Failed:
               	Security ID:		S-1-5-21-1843355061-959072039-615746888-8420
               	Account Name:		testuser10
               	Account Domain:		WIN-H96JM6F374S

               Failure Information:
               	Failure Reason:		Unknown user name or bad password.
               	Status:		0xC000006D
               	Sub Status:		0xC000006A

               Process Information:
               	Caller Process Name:		C:\Windows\System32\svchost.exe

               Network Information:
               	Workstation Name:		WIN-H96JM6F374S
               	Source Network Address:		10.0.0.65
               	Source Port:		58100

TimeCreated  : 13/06/2026 14:52:13
Id           : 4625
ProviderName : Microsoft-Windows-Security-Auditing
MachineName  : WS2022-LAB01
Message      : An account failed to log on.

               Subject:
               	Security ID:		S-1-5-18
               	Account Name:		WS2022-LAB01$
               	Account Domain:		WORKGROUP
               	Logon ID:		0x3E7

               Logon Type:			2

               Account For Which Logon Failed:
               	Security ID:		S-1-5-21-1843355061-959072039-615746888-3792
               	Account Name:		testuser5
               	Account Domain:		WS2022-LAB01

               Failure Information:
               	Failure Reason:		User not allowed to log on at this computer.
               	Status:		0xC000006E
               	Sub Status:		0x0

               Process Information:
               	Caller Process Name:		C:\Windows\System32\svchost.exe

               Network Information:
               	Workstation Name:		WS2022-LAB01
               	Source Network Address:		10.0.0.30
               	Source Port:		6711

TimeCreated  : 13/06/2026 14:52:23
Id           : 4625
ProviderName : Microsoft-Windows-Security-Auditing
MachineName  : WS2022-LAB02
Message      : An account failed to log on.

               Subject:
               	Security ID:		S-1-5-18
               	Account Name:		WS2022-LAB02$
               	Account Domain:		WORKGROUP
               	Logon ID:		0x3E7

               Logon Type:			2

               Account For Which Logon Failed:
               	Security ID:		S-1-5-21-1843355061-959072039-615746888-4690
               	Account Name:		testuser11
               	Account Domain:		WS2022-LAB02

               Failure Information:
               	Failure Reason:		Unknown user name or bad password.
               	Status:		0xC000006D
               	Sub Status:		0xC000006A

               Process Information:
               	Caller Process Name:		C:\Windows\System32\svchost.exe

               Network Information:
               	Workstation Name:		WS2022-LAB02
               	Source Network Address:		192.168.56.2
               	Source Port:		17080

TimeCreated  : 13/06/2026 14:53:01
Id           : 4625
ProviderName : Microsoft-Windows-Security-Auditing
MachineName  : WS2022-LAB02
Message      : An account failed to log on.

               Subject:
               	Security ID:		S-1-5-18
               	Account Name:		WS2022-LAB02$
               	Account Domain:		WORKGROUP
               	Logon ID:		0x3E7

               Logon Type:			2

               Account For Which Logon Failed:
               	Security ID:		S-1-5-21-1843355061-959072039-615746888-3602
               	Account Name:		testuser5
               	Account Domain:		WS2022-LAB02

               Failure Information:
               	Failure Reason:		Unknown user name or bad password.
               	Status:		0xC000006D
               	Sub Status:		0xC0000064

               Process Information:
               	Caller Process Name:		C:\Windows\System32\svchost.exe

               Network Information:
               	Workstation Name:		WS2022-LAB02
               	Source Network Address:		192.168.56.79
               	Source Port:		25280

TimeCreated  : 13/06/2026 14:53:07
Id           : 4625
ProviderName : Microsoft-Windows-Security-Auditing
MachineName  : WIN-H96JM6F374S
Message      : An account failed to log on.

               Subject:
               	Security ID:		S-1-5-18
               	Account Name:		WIN-H96JM6F374S$
               	Account Domain:		WORKGROUP
               	Logon ID:		0x3E7

               Logon Type:			2

               Account For Which Logon Failed:
               	Security ID:		S-1-5-21-1843355061-959072039-615746888-8623
               	Account Name:		testuser20
               	Account Domain:		WIN-H96JM6F374S

               Failure Information:
               	Failure Reason:		User not allowed to log on at this computer.
               	Status:		0xC000006E
               	Sub Status:		0x0

               Process Information:
               	Caller Process Name:		C:\Windows\System32\svchost.exe

               Network Information:
               	Workstation Name:		WIN-H96JM6F374S
               	Source Network Address:		10.0.0.65
               	Source Port:		28930

TimeCreated  : 13/06/2026 14:53:43
Id           : 4625
ProviderName : Microsoft-Windows-Security-Auditing
MachineName  : WIN-H96JM6F374S
Message      : An account failed to log on.

               Subject:
               	Security ID:		S-1-5-18
               	Account Name:		WIN-H96JM6F374S$
               	Account Domain:		WORKGROUP
               	Logon ID:		0x3E7

               Logon Type:			2

               Account For Which Logon Failed:
               	Security ID:		S-1-5-21-1843355061-959072039-615746888-2535
               	Account Name:		testuser9
               	Account Domain:		WIN-H96JM6F374S

               Failure Information:
               	Failure Reason:		User not allowed to log on at this computer.
               	Status:		0xC000006E
               	Sub Status:		0x0

               Process Information:
               	Caller Process Name:		C:\Windows\System32\svchost.exe

               Network Information:
               	Workstation Name:		WIN-H96JM6F374S
               	Source Network Address:		192.168.56.131
               	Source Port:		45796

TimeCreated  : 13/06/2026 14:54:22
Id           : 4625
ProviderName : Microsoft-Windows-Security-Auditing
MachineName  : WS2022-LAB02
Message      : An account failed to log on.

               Subject:
               	Security ID:		S-1-5-18
               	Account Name:		WS2022-LAB02$
               	Account Domain:		WORKGROUP
               	Logon ID:		0x3E7

               Logon Type:			2

               Account For Which Logon Failed:
               	Security ID:		S-1-5-21-1843355061-959072039-615746888-8981
               	Account Name:		testuser1
               	Account Domain:		WS2022-LAB02

               Failure Information:
               	Failure Reason:		Unknown user name or bad password.
               	Status:		0xC000006D
               	Sub Status:		0xC000006A

               Process Information:
               	Caller Process Name:		C:\Windows\System32\svchost.exe

               Network Information:
               	Workstation Name:		WS2022-LAB02
               	Source Network Address:		192.168.56.168
               	Source Port:		32689

TimeCreated  : 13/06/2026 14:54:30
Id           : 4625
ProviderName : Microsoft-Windows-Security-Auditing
MachineName  : WS2022-LAB01
Message      : An account failed to log on.

               Subject:
               	Security ID:		S-1-5-18
               	Account Name:		WS2022-LAB01$
               	Account Domain:		WORKGROUP
               	Logon ID:		0x3E7

               Logon Type:			2

               Account For Which Logon Failed:
               	Security ID:		S-1-5-21-1843355061-959072039-615746888-3464
               	Account Name:		testuser9
               	Account Domain:		WS2022-LAB01

               Failure Information:
               	Failure Reason:		Unknown user name or bad password.
               	Status:		0xC000006D
               	Sub Status:		0xC0000064

               Process Information:
               	Caller Process Name:		C:\Windows\System32\svchost.exe

               Network Information:
               	Workstation Name:		WS2022-LAB01
               	Source Network Address:		172.16.10.96
               	Source Port:		20578

TimeCreated  : 13/06/2026 14:55:11
Id           : 4625
ProviderName : Microsoft-Windows-Security-Auditing
MachineName  : WS2022-LAB02
Message      : An account failed to log on.

               Subject:
               	Security ID:		S-1-5-18
               	Account Name:		WS2022-LAB02$
               	Account Domain:		WORKGROUP
               	Logon ID:		0x3E7

               Logon Type:			2

               Account For Which Logon Failed:
               	Security ID:		S-1-5-21-1843355061-959072039-615746888-3901
               	Account Name:		testuser2
               	Account Domain:		WS2022-LAB02

               Failure Information:
               	Failure Reason:		User not allowed to log on at this computer.
               	Status:		0xC000006E
               	Sub Status:		0x0

               Process Information:
               	Caller Process Name:		C:\Windows\System32\svchost.exe

               Network Information:
               	Workstation Name:		WS2022-LAB02
               	Source Network Address:		172.16.10.84
               	Source Port:		4183

TimeCreated  : 13/06/2026 14:55:24
Id           : 4625
ProviderName : Microsoft-Windows-Security-Auditing
MachineName  : WS2022-LAB02
Message      : An account failed to log on.

               Subject:
               	Security ID:		S-1-5-18
               	Account Name:		WS2022-LAB02$
               	Account Domain:		WORKGROUP
               	Logon ID:		0x3E7

               Logon Type:			2

               Account For Which Logon Failed:
               	Security ID:		S-1-5-21-1843355061-959072039-615746888-8894
               	Account Name:		testuser8
               	Account Domain:		WS2022-LAB02

               Failure Information:
               	Failure Reason:		Unknown user name or bad password.
               	Status:		0xC000006D
               	Sub Status:		0xC000006A

               Process Information:
               	Caller Process Name:		C:\Windows\System32\svchost.exe

               Network Information:
               	Workstation Name:		WS2022-LAB02
               	Source Network Address:		10.0.0.121
               	Source Port:		13915

TimeCreated  : 13/06/2026 14:55:42
Id           : 4625
ProviderName : Microsoft-Windows-Security-Auditing
MachineName  : WS2022-LAB02
Message      : An account failed to log on.

               Subject:
               	Security ID:		S-1-5-18
               	Account Name:		WS2022-LAB02$
               	Account Domain:		WORKGROUP
               	Logon ID:		0x3E7

               Logon Type:			2

               Account For Which Logon Failed:
               	Security ID:		S-1-5-21-1843355061-959072039-615746888-6877
               	Account Name:		testuser11
               	Account Domain:		WS2022-LAB02

               Failure Information:
               	Failure Reason:		User not allowed to log on at this computer.
               	Status:		0xC000006E
               	Sub Status:		0x0

               Process Information:
               	Caller Process Name:		C:\Windows\System32\svchost.exe

               Network Information:
               	Workstation Name:		WS2022-LAB02
               	Source Network Address:		10.0.0.188
               	Source Port:		13001

TimeCreated  : 13/06/2026 14:55:59
Id           : 4625
ProviderName : Microsoft-Windows-Security-Auditing
MachineName  : WIN-H96JM6F374S
Message      : An account failed to log on.

               Subject:
               	Security ID:		S-1-5-18
               	Account Name:		WIN-H96JM6F374S$
               	Account Domain:		WORKGROUP
               	Logon ID:		0x3E7

               Logon Type:			2

               Account For Which Logon Failed:
               	Security ID:		S-1-5-21-1843355061-959072039-615746888-5410
               	Account Name:		testuser9
               	Account Domain:		WIN-H96JM6F374S

               Failure Information:
               	Failure Reason:		Unknown user name or bad password.
               	Status:		0xC000006D
               	Sub Status:		0xC0000064

               Process Information:
               	Caller Process Name:		C:\Windows\System32\svchost.exe

               Network Information:
               	Workstation Name:		WIN-H96JM6F374S
               	Source Network Address:		192.168.56.225
               	Source Port:		42691

TimeCreated  : 13/06/2026 14:56:18
Id           : 4625
ProviderName : Microsoft-Windows-Security-Auditing
MachineName  : WS2022-LAB01
Message      : An account failed to log on.

               Subject:
               	Security ID:		S-1-5-18
               	Account Name:		WS2022-LAB01$
               	Account Domain:		WORKGROUP
               	Logon ID:		0x3E7

               Logon Type:			2

               Account For Which Logon Failed:
               	Security ID:		S-1-5-21-1843355061-959072039-615746888-9931
               	Account Name:		testuser7
               	Account Domain:		WS2022-LAB01

               Failure Information:
               	Failure Reason:		Unknown user name or bad password.
               	Status:		0xC000006D
               	Sub Status:		0xC0000064

               Process Information:
               	Caller Process Name:		C:\Windows\System32\svchost.exe

               Network Information:
               	Workstation Name:		WS2022-LAB01
               	Source Network Address:		192.168.56.133
               	Source Port:		44413

TimeCreated  : 13/06/2026 14:56:52
Id           : 4625
ProviderName : Microsoft-Windows-Security-Auditing
MachineName  : WS2022-LAB01
Message      : An account failed to log on.

               Subject:
               	Security ID:		S-1-5-18
               	Account Name:		WS2022-LAB01$
               	Account Domain:		WORKGROUP
               	Logon ID:		0x3E7

               Logon Type:			2

               Account For Which Logon Failed:
               	Security ID:		S-1-5-21-1843355061-959072039-615746888-7342
               	Account Name:		testuser13
               	Account Domain:		WS2022-LAB01

               Failure Information:
               	Failure Reason:		Unknown user name or bad password.
               	Status:		0xC000006D
               	Sub Status:		0xC000006A

               Process Information:
               	Caller Process Name:		C:\Windows\System32\svchost.exe

               Network Information:
               	Workstation Name:		WS2022-LAB01
               	Source Network Address:		10.0.0.63
               	Source Port:		9261

TimeCreated  : 13/06/2026 14:57:01
Id           : 4625
ProviderName : Microsoft-Windows-Security-Auditing
MachineName  : WS2022-LAB01
Message      : An account failed to log on.

               Subject:
               	Security ID:		S-1-5-18
               	Account Name:		WS2022-LAB01$
               	Account Domain:		WORKGROUP
               	Logon ID:		0x3E7

               Logon Type:			2

               Account For Which Logon Failed:
               	Security ID:		S-1-5-21-1843355061-959072039-615746888-2160
               	Account Name:		testuser5
               	Account Domain:		WS2022-LAB01

               Failure Information:
               	Failure Reason:		User not allowed to log on at this computer.
               	Status:		0xC000006E
               	Sub Status:		0x0

               Process Information:
               	Caller Process Name:		C:\Windows\System32\svchost.exe

               Network Information:
               	Workstation Name:		WS2022-LAB01
               	Source Network Address:		172.16.10.120
               	Source Port:		27442

TimeCreated  : 13/06/2026 14:57:39
Id           : 4625
ProviderName : Microsoft-Windows-Security-Auditing
MachineName  : WIN-H96JM6F374S
Message      : An account failed to log on.

               Subject:
               	Security ID:		S-1-5-18
               	Account Name:		WIN-H96JM6F374S$
               	Account Domain:		WORKGROUP
               	Logon ID:		0x3E7

               Logon Type:			2

               Account For Which Logon Failed:
               	Security ID:		S-1-5-21-1843355061-959072039-615746888-7257
               	Account Name:		testuser11
               	Account Domain:		WIN-H96JM6F374S

               Failure Information:
               	Failure Reason:		User not allowed to log on at this computer.
               	Status:		0xC000006E
               	Sub Status:		0x0

               Process Information:
               	Caller Process Name:		C:\Windows\System32\svchost.exe

               Network Information:
               	Workstation Name:		WIN-H96JM6F374S
               	Source Network Address:		192.168.56.145
               	Source Port:		3175

TimeCreated  : 13/06/2026 14:57:47
Id           : 4625
ProviderName : Microsoft-Windows-Security-Auditing
MachineName  : WS2022-LAB02
Message      : An account failed to log on.

               Subject:
               	Security ID:		S-1-5-18
               	Account Name:		WS2022-LAB02$
               	Account Domain:		WORKGROUP
               	Logon ID:		0x3E7

               Logon Type:			2

               Account For Which Logon Failed:
               	Security ID:		S-1-5-21-1843355061-959072039-615746888-8999
               	Account Name:		testuser18
               	Account Domain:		WS2022-LAB02

               Failure Information:
               	Failure Reason:		User not allowed to log on at this computer.
               	Status:		0xC000006E
               	Sub Status:		0x0

               Process Information:
               	Caller Process Name:		C:\Windows\System32\svchost.exe

               Network Information:
               	Workstation Name:		WS2022-LAB02
               	Source Network Address:		10.0.0.13
               	Source Port:		21980

