    {
      "event_id": 4625,
      "timestamp": "13/06/2026 16:30:01",
      "provider_name": "Microsoft-Windows-Security-Auditing",
      "machine_name": "WIN-H96JM6F374S",
      "message": "An account failed to log on.",
      "subject_account": "WIN-H96JM6F374S$",
      "subject_domain": "WORKGROUP",
      "subject_security_id": "S-1-5-18",
      "subject_logon_id": "0x3E7",
      "new_logon_account": null,
      "new_logon_domain": null,
      "new_logon_security_id": null,
      "new_logon_logon_id": null,
      "target_account": "testuser2",
      "target_domain": "WIN-H96JM6F374S",
      "target_security_id": "S-1-5-21-1843355061-959072039-615746888-9022",
      "logon_type": "2",
      "elevated_token": null,
      "virtual_account": null,
      "restricted_admin_mode": null,
      "workstation_name": "WIN-H96JM6F374S",
      "source_network_address": "172.16.10.173",
      "source_port": "38352",
      "process_name": "C:\\Windows\\System32\\svchost.exe",
      "failure_reason": "User not allowed to log on at this computer.",
      "status": "0xC000006E",
      "substatus": "0x0",
      "logon_process": null,
      "authentication_package": null,
      "privileges": [],
      "scenario_id": "FAILED-BURST-0020"
    },
    {
      "event_id": 4624,
      "timestamp": "13/06/2026 16:30:02",
      "provider_name": "Microsoft-Windows-Security-Auditing",
      "machine_name": "WIN-H96JM6F374S",
      "message": "An account was successfully logged on.",
      "subject_account": "WIN-H96JM6F374S$",
      "subject_domain": "WORKGROUP",
      "subject_security_id": "S-1-5-18",
      "subject_logon_id": "0xE0271",
      "new_logon_account": "testuser2",
      "new_logon_domain": "WIN-H96JM6F374S",
      "new_logon_security_id": "S-1-5-21-1843355061-959072039-615746888-9057",
      "new_logon_logon_id": "0xD0B4C",
      "target_account": null,
      "target_domain": null,
      "target_security_id": null,
      "logon_type": "2",
      "elevated_token": "No",
      "virtual_account": "No",
      "restricted_admin_mode": "-",
      "workstation_name": "WIN-H96JM6F374S",
      "source_network_address": "127.0.0.1",
      "source_port": "0",
      "process_name": "C:\\Windows\\System32\\svchost.exe",
      "failure_reason": null,
      "status": null,
      "substatus": null,
      "logon_process": null,
      "authentication_package": null,
      "privileges": [],
      "scenario_id": "FAILED-BURST-0020"
    },
    {
      "event_id": 4625,
      "timestamp": "13/06/2026 16:30:05",
      "provider_name": "Microsoft-Windows-Security-Auditing",
      "machine_name": "WIN-H96JM6F374S",
      "message": "An account failed to log on.",
      "subject_account": "WIN-H96JM6F374S$",
      "subject_domain": "WORKGROUP",
      "subject_security_id": "S-1-5-18",
      "subject_logon_id": "0x3E7",
      "new_logon_account": null,
      "new_logon_domain": null,
      "new_logon_security_id": null,
      "new_logon_logon_id": null,
      "target_account": "testuser14",
      "target_domain": "WIN-H96JM6F374S",
      "target_security_id": "S-1-5-21-1843355061-959072039-615746888-3699",
      "logon_type": "2",
      "elevated_token": null,
      "virtual_account": null,
      "restricted_admin_mode": null,
      "workstation_name": "WIN-H96JM6F374S",
      "source_network_address": "192.168.56.42",
      "source_port": "56775",
      "process_name": "C:\\Windows\\System32\\svchost.exe",
      "failure_reason": "Unknown user name or bad password.",
      "status": "0xC000006D",
      "substatus": "0xC0000064",
      "logon_process": null,
      "authentication_package": null,
      "privileges": [],
      "scenario_id": "FAILED-BURST-0021"
    },
    {
      "event_id": 4625,
      "timestamp": "13/06/2026 16:30:09",
      "provider_name": "Microsoft-Windows-Security-Auditing",
      "machine_name": "WS2022-LAB02",
      "message": "An account failed to log on.",
      "subject_account": "WS2022-LAB02$",
      "subject_domain": "WORKGROUP",
      "subject_security_id": "S-1-5-18",
      "subject_logon_id": "0x3E7",
      "new_logon_account": null,
      "new_logon_domain": null,
      "new_logon_security_id": null,
      "new_logon_logon_id": null,
      "target_account": "testuser14",
      "target_domain": "WS2022-LAB02",
      "target_security_id": "S-1-5-21-1843355061-959072039-615746888-1856",
      "logon_type": "2",
      "elevated_token": null,
      "virtual_account": null,
      "restricted_admin_mode": null,
      "workstation_name": "WS2022-LAB02",
      "source_network_address": "192.168.56.97",
      "source_port": "29696",
      "process_name": "C:\\Windows\\System32\\svchost.exe",
      "failure_reason": "Unknown user name or bad password.",
      "status": "0xC000006D",
      "substatus": "0xC0000064",
      "logon_process": null,
      "authentication_package": null,
      "privileges": [],
      "scenario_id": "FAILED-BURST-0021"
    },
    {
      "event_id": 4625,
      "timestamp": "13/06/2026 16:30:10",
      "provider_name": "Microsoft-Windows-Security-Auditing",
      "machine_name": "WIN-H96JM6F374S",
      "message": "An account failed to log on.",
      "subject_account": "WIN-H96JM6F374S$",
      "subject_domain": "WORKGROUP",
      "subject_security_id": "S-1-5-18",
      "subject_logon_id": "0x3E7",
      "new_logon_account": null,
      "new_logon_domain": null,
      "new_logon_security_id": null,
      "new_logon_logon_id": null,
      "target_account": "testuser14",
      "target_domain": "WIN-H96JM6F374S",
      "target_security_id": "S-1-5-21-1843355061-959072039-615746888-5358",
      "logon_type": "2",
      "elevated_token": null,
      "virtual_account": null,
      "restricted_admin_mode": null,
      "workstation_name": "WIN-H96JM6F374S",
      "source_network_address": "192.168.56.238",
      "source_port": "9276",
      "process_name": "C:\\Windows\\System32\\svchost.exe",
      "failure_reason": "Unknown user name or bad password.",
      "status": "0xC000006D",
      "substatus": "0xC0000064",
      "logon_process": null,
      "authentication_package": null,
      "privileges": [],
      "scenario_id": "FAILED-BURST-0021"
    },
    {
      "event_id": 4624,
      "timestamp": "13/06/2026 16:30:14",
      "provider_name": "Microsoft-Windows-Security-Auditing",
      "machine_name": "WS2022-LAB01",
      "message": "An account was successfully logged on.",
      "subject_account": "WS2022-LAB01$",
      "subject_domain": "WORKGROUP",
      "subject_security_id": "S-1-5-18",
      "subject_logon_id": "0xDB265",
      "new_logon_account": "testuser14",
      "new_logon_domain": "WS2022-LAB01",
      "new_logon_security_id": "S-1-5-21-1843355061-959072039-615746888-4755",
      "new_logon_logon_id": "0x59BD4",
      "target_account": null,
      "target_domain": null,
      "target_security_id": null,
      "logon_type": "2",
      "elevated_token": "No",
      "virtual_account": "No",
      "restricted_admin_mode": "-",
      "workstation_name": "WS2022-LAB01",
      "source_network_address": "10.0.0.18",
      "source_port": "0",
      "process_name": "C:\\Windows\\System32\\svchost.exe",
      "failure_reason": null,
      "status": null,
      "substatus": null,
      "logon_process": null,
      "authentication_package": null,
      "privileges": [],
      "scenario_id": "FAILED-BURST-0021"
    },
    {
      "event_id": 4625,
      "timestamp": "13/06/2026 16:30:19",
      "provider_name": "Microsoft-Windows-Security-Auditing",
      "machine_name": "WIN-H96JM6F374S",
      "message": "An account failed to log on.",
      "subject_account": "WIN-H96JM6F374S$",
      "subject_domain": "WORKGROUP",
      "subject_security_id": "S-1-5-18",
      "subject_logon_id": "0x3E7",
      "new_logon_account": null,
      "new_logon_domain": null,
      "new_logon_security_id": null,
      "new_logon_logon_id": null,
      "target_account": "testuser3",
      "target_domain": "WIN-H96JM6F374S",
      "target_security_id": "S-1-5-21-1843355061-959072039-615746888-9057",
      "logon_type": "2",
      "elevated_token": null,
      "virtual_account": null,
      "restricted_admin_mode": null,
      "workstation_name": "WIN-H96JM6F374S",
      "source_network_address": "192.168.56.100",
      "source_port": "61207",
      "process_name": "C:\\Windows\\System32\\svchost.exe",
      "failure_reason": "Unknown user name or bad password.",
      "status": "0xC000006D",
      "substatus": "0xC0000064",
      "logon_process": null,
      "authentication_package": null,
      "privileges": [],
      "scenario_id": "FAILED-BURST-0022"
    },
    {
      "event_id": 4625,
      "timestamp": "13/06/2026 16:30:20",
      "provider_name": "Microsoft-Windows-Security-Auditing",
      "machine_name": "WIN-H96JM6F374S",
      "message": "An account failed to log on.",
      "subject_account": "WIN-H96JM6F374S$",
      "subject_domain": "WORKGROUP",
      "subject_security_id": "S-1-5-18",
      "subject_logon_id": "0x3E7",
      "new_logon_account": null,
      "new_logon_domain": null,
      "new_logon_security_id": null,
      "new_logon_logon_id": null,
      "target_account": "testuser3",
      "target_domain": "WIN-H96JM6F374S",
      "target_security_id": "S-1-5-21-1843355061-959072039-615746888-5426",
      "logon_type": "2",
      "elevated_token": null,
      "virtual_account": null,
      "restricted_admin_mode": null,
      "workstation_name": "WIN-H96JM6F374S",
      "source_network_address": "10.0.0.237",
      "source_port": "11660",
      "process_name": "C:\\Windows\\System32\\svchost.exe",
      "failure_reason": "Unknown user name or bad password.",
      "status": "0xC000006D",
      "substatus": "0xC000006A",
      "logon_process": null,
      "authentication_package": null,
      "privileges": [],
      "scenario_id": "FAILED-BURST-0022"
    },
    {
      "event_id": 4625,
      "timestamp": "13/06/2026 16:30:23",
      "provider_name": "Microsoft-Windows-Security-Auditing",
      "machine_name": "WS2022-LAB02",
      "message": "An account failed to log on.",
      "subject_account": "WS2022-LAB02$",
      "subject_domain": "WORKGROUP",
      "subject_security_id": "S-1-5-18",
      "subject_logon_id": "0x3E7",
      "new_logon_account": null,
      "new_logon_domain": null,
      "new_logon_security_id": null,
      "new_logon_logon_id": null,
      "target_account": "testuser3",
      "target_domain": "WS2022-LAB02",
      "target_security_id": "S-1-5-21-1843355061-959072039-615746888-9969",
      "logon_type": "2",
      "elevated_token": null,
      "virtual_account": null,
      "restricted_admin_mode": null,
      "workstation_name": "WS2022-LAB02",
      "source_network_address": "10.0.0.101",
      "source_port": "49118",
      "process_name": "C:\\Windows\\System32\\svchost.exe",
      "failure_reason": "Unknown user name or bad password.",
      "status": "0xC000006D",
      "substatus": "0xC000006A",
      "logon_process": null,
      "authentication_package": null,
      "privileges": [],
      "scenario_id": "FAILED-BURST-0022"
    },
    {
      "event_id": 4624,
      "timestamp": "13/06/2026 16:30:24",
      "provider_name": "Microsoft-Windows-Security-Auditing",
      "machine_name": "WS2022-LAB02",
      "message": "An account was successfully logged on.",
      "subject_account": "WS2022-LAB02$",
      "subject_domain": "WORKGROUP",
      "subject_security_id": "S-1-5-18",
      "subject_logon_id": "0x36192",
      "new_logon_account": "testuser3",
      "new_logon_domain": "WS2022-LAB02",
      "new_logon_security_id": "S-1-5-21-1843355061-959072039-615746888-8235",
      "new_logon_logon_id": "0x61ABD",
      "target_account": null,
      "target_domain": null,
      "target_security_id": null,
      "logon_type": "2",
      "elevated_token": "No",
      "virtual_account": "No",
      "restricted_admin_mode": "-",
      "workstation_name": "WS2022-LAB02",
      "source_network_address": "127.0.0.1",
      "source_port": "0",
      "process_name": "C:\\Windows\\System32\\svchost.exe",
      "failure_reason": null,
      "status": null,
      "substatus": null,
      "logon_process": null,
      "authentication_package": null,
      "privileges": [],
      "scenario_id": "FAILED-BURST-0022"
    },
    {
      "event_id": 4625,
      "timestamp": "13/06/2026 16:30:29",
      "provider_name": "Microsoft-Windows-Security-Auditing",
      "machine_name": "WS2022-LAB02",
      "message": "An account failed to log on.",
      "subject_account": "WS2022-LAB02$",
      "subject_domain": "WORKGROUP",
      "subject_security_id": "S-1-5-18",
      "subject_logon_id": "0x3E7",
      "new_logon_account": null,
      "new_logon_domain": null,
      "new_logon_security_id": null,
      "new_logon_logon_id": null,
      "target_account": "testuser10",
      "target_domain": "WS2022-LAB02",
      "target_security_id": "S-1-5-21-1843355061-959072039-615746888-1602",
      "logon_type": "2",
      "elevated_token": null,
      "virtual_account": null,
      "restricted_admin_mode": null,
      "workstation_name": "WS2022-LAB02",
      "source_network_address": "10.0.0.200",
      "source_port": "21206",
      "process_name": "C:\\Windows\\System32\\svchost.exe",
      "failure_reason": "Unknown user name or bad password.",
      "status": "0xC000006D",
      "substatus": "0xC000006A",
      "logon_process": null,
      "authentication_package": null,
      "privileges": [],
      "scenario_id": "FAILED-BURST-0023"
    },
    {
      "event_id": 4625,
      "timestamp": "13/06/2026 16:30:30",
      "provider_name": "Microsoft-Windows-Security-Auditing",
      "machine_name": "WIN-H96JM6F374S",
      "message": "An account failed to log on.",
      "subject_account": "WIN-H96JM6F374S$",
      "subject_domain": "WORKGROUP",
      "subject_security_id": "S-1-5-18",
      "subject_logon_id": "0x3E7",
      "new_logon_account": null,
      "new_logon_domain": null,
      "new_logon_security_id": null,
      "new_logon_logon_id": null,
      "target_account": "testuser10",
      "target_domain": "WIN-H96JM6F374S",
      "target_security_id": "S-1-5-21-1843355061-959072039-615746888-2122",
      "logon_type": "2",
      "elevated_token": null,
      "virtual_account": null,
      "restricted_admin_mode": null,
      "workstation_name": "WIN-H96JM6F374S",
      "source_network_address": "172.16.10.99",
      "source_port": "15952",
      "process_name": "C:\\Windows\\System32\\svchost.exe",
      "failure_reason": "User not allowed to log on at this computer.",
      "status": "0xC000006E",
      "substatus": "0x0",
      "logon_process": null,
      "authentication_package": null,
      "privileges": [],
      "scenario_id": "FAILED-BURST-0023"
    },
    {
      "event_id": 4625,
      "timestamp": "13/06/2026 16:30:35",
      "provider_name": "Microsoft-Windows-Security-Auditing",
      "machine_name": "WS2022-LAB02",
      "message": "An account failed to log on.",
      "subject_account": "WS2022-LAB02$",
      "subject_domain": "WORKGROUP",
      "subject_security_id": "S-1-5-18",
      "subject_logon_id": "0x3E7",
      "new_logon_account": null,
      "new_logon_domain": null,
      "new_logon_security_id": null,
      "new_logon_logon_id": null,
      "target_account": "testuser10",
      "target_domain": "WS2022-LAB02",
      "target_security_id": "S-1-5-21-1843355061-959072039-615746888-8935",
      "logon_type": "2",
      "elevated_token": null,
      "virtual_account": null,
      "restricted_admin_mode": null,
      "workstation_name": "WS2022-LAB02",
      "source_network_address": "10.0.0.180",
      "source_port": "13382",
      "process_name": "C:\\Windows\\System32\\svchost.exe",
      "failure_reason": "User not allowed to log on at this computer.",
      "status": "0xC000006E",
      "substatus": "0x0",
      "logon_process": null,
      "authentication_package": null,
      "privileges": [],
      "scenario_id": "FAILED-BURST-0023"
    },
    {
      "event_id": 4624,
      "timestamp": "13/06/2026 16:30:36",
      "provider_name": "Microsoft-Windows-Security-Auditing",
      "machine_name": "WS2022-LAB01",
      "message": "An account was successfully logged on.",
      "subject_account": "WS2022-LAB01$",
      "subject_domain": "WORKGROUP",
      "subject_security_id": "S-1-5-18",
      "subject_logon_id": "0x969E0",
      "new_logon_account": "testuser10",
      "new_logon_domain": "WS2022-LAB01",
      "new_logon_security_id": "S-1-5-21-1843355061-959072039-615746888-4466",
      "new_logon_logon_id": "0x301E7",
      "target_account": null,
      "target_domain": null,
      "target_security_id": null,
      "logon_type": "2",
      "elevated_token": "No",
      "virtual_account": "No",
      "restricted_admin_mode": "-",
      "workstation_name": "WS2022-LAB01",
      "source_network_address": "192.168.56.77",
      "source_port": "0",
      "process_name": "C:\\Windows\\System32\\svchost.exe",
      "failure_reason": null,
      "status": null,
      "substatus": null,
      "logon_process": null,
      "authentication_package": null,
      "privileges": [],
      "scenario_id": "FAILED-BURST-0023"
    },
    {
      "event_id": 4625,
      "timestamp": "13/06/2026 16:30:38",
      "provider_name": "Microsoft-Windows-Security-Auditing",
      "machine_name": "WS2022-LAB02",
      "message": "An account failed to log on.",
      "subject_account": "WS2022-LAB02$",
      "subject_domain": "WORKGROUP",
      "subject_security_id": "S-1-5-18",
      "subject_logon_id": "0x3E7",
      "new_logon_account": null,
      "new_logon_domain": null,
      "new_logon_security_id": null,
      "new_logon_logon_id": null,
      "target_account": "testuser3",
      "target_domain": "WS2022-LAB02",
      "target_security_id": "S-1-5-21-1843355061-959072039-615746888-5122",
      "logon_type": "2",
      "elevated_token": null,
      "virtual_account": null,
      "restricted_admin_mode": null,
      "workstation_name": "WS2022-LAB02",
      "source_network_address": "192.168.56.22",
      "source_port": "6963",
      "process_name": "C:\\Windows\\System32\\svchost.exe",
      "failure_reason": "Unknown user name or bad password.",
      "status": "0xC000006D",
      "substatus": "0xC0000064",
      "logon_process": null,
      "authentication_package": null,
      "privileges": [],
      "scenario_id": "FAILED-BURST-0024"
    },
    {
      "event_id": 4625,
      "timestamp": "13/06/2026 16:30:43",
      "provider_name": "Microsoft-Windows-Security-Auditing",
      "machine_name": "WS2022-LAB01",
      "message": "An account failed to log on.",
      "subject_account": "WS2022-LAB01$",
      "subject_domain": "WORKGROUP",
      "subject_security_id": "S-1-5-18",
      "subject_logon_id": "0x3E7",
      "new_logon_account": null,
      "new_logon_domain": null,
      "new_logon_security_id": null,
      "new_logon_logon_id": null,
      "target_account": "testuser3",
      "target_domain": "WS2022-LAB01",
      "target_security_id": "S-1-5-21-1843355061-959072039-615746888-8038",
      "logon_type": "2",
      "elevated_token": null,
      "virtual_account": null,
      "restricted_admin_mode": null,
      "workstation_name": "WS2022-LAB01",
      "source_network_address": "172.16.10.111",
      "source_port": "3133",
      "process_name": "C:\\Windows\\System32\\svchost.exe",
      "failure_reason": "User not allowed to log on at this computer.",
      "status": "0xC000006E",
      "substatus": "0x0",
      "logon_process": null,
      "authentication_package": null,
      "privileges": [],
      "scenario_id": "FAILED-BURST-0024"
    },
    {
      "event_id": 4625,
      "timestamp": "13/06/2026 16:30:46",
      "provider_name": "Microsoft-Windows-Security-Auditing",
      "machine_name": "WIN-H96JM6F374S",
      "message": "An account failed to log on.",
      "subject_account": "WIN-H96JM6F374S$",
      "subject_domain": "WORKGROUP",
      "subject_security_id": "S-1-5-18",
      "subject_logon_id": "0x3E7",
      "new_logon_account": null,
      "new_logon_domain": null,
      "new_logon_security_id": null,
      "new_logon_logon_id": null,
      "target_account": "testuser3",
      "target_domain": "WIN-H96JM6F374S",
      "target_security_id": "S-1-5-21-1843355061-959072039-615746888-4849",
      "logon_type": "2",
      "elevated_token": null,
      "virtual_account": null,
      "restricted_admin_mode": null,
      "workstation_name": "WIN-H96JM6F374S",
      "source_network_address": "192.168.56.149",
      "source_port": "36550",
      "process_name": "C:\\Windows\\System32\\svchost.exe",
      "failure_reason": "User not allowed to log on at this computer.",
      "status": "0xC000006E",
      "substatus": "0x0",
      "logon_process": null,
      "authentication_package": null,
      "privileges": [],
      "scenario_id": "FAILED-BURST-0024"
    },
    {
      "event_id": 4624,
      "timestamp": "13/06/2026 16:30:47",
      "provider_name": "Microsoft-Windows-Security-Auditing",
      "machine_name": "WS2022-LAB02",
      "message": "An account was successfully logged on.",
      "subject_account": "WS2022-LAB02$",
      "subject_domain": "WORKGROUP",
      "subject_security_id": "S-1-5-18",
      "subject_logon_id": "0x6389B",
      "new_logon_account": "testuser3",
      "new_logon_domain": "WS2022-LAB02",
      "new_logon_security_id": "S-1-5-21-1843355061-959072039-615746888-1072",
      "new_logon_logon_id": "0xC2C86",
      "target_account": null,
      "target_domain": null,
      "target_security_id": null,
      "logon_type": "2",
      "elevated_token": "No",
      "virtual_account": "No",
      "restricted_admin_mode": "-",
      "workstation_name": "WS2022-LAB02",
      "source_network_address": "127.0.0.1",
      "source_port": "0",
      "process_name": "C:\\Windows\\System32\\svchost.exe",
      "failure_reason": null,
      "status": null,
      "substatus": null,
      "logon_process": null,
      "authentication_package": null,
      "privileges": [],
      "scenario_id": "FAILED-BURST-0024"
    },
    {
      "event_id": 4625,
      "timestamp": "13/06/2026 16:30:52",
      "provider_name": "Microsoft-Windows-Security-Auditing",
      "machine_name": "WIN-H96JM6F374S",
      "message": "An account failed to log on.",
      "subject_account": "WIN-H96JM6F374S$",
      "subject_domain": "WORKGROUP",
      "subject_security_id": "S-1-5-18",
      "subject_logon_id": "0x3E7",
      "new_logon_account": null,
      "new_logon_domain": null,
      "new_logon_security_id": null,
      "new_logon_logon_id": null,
      "target_account": "testuser5",
      "target_domain": "WIN-H96JM6F374S",
      "target_security_id": "S-1-5-21-1843355061-959072039-615746888-1714",
      "logon_type": "2",
      "elevated_token": null,
      "virtual_account": null,
      "restricted_admin_mode": null,
      "workstation_name": "WIN-H96JM6F374S",
      "source_network_address": "10.0.0.25",
      "source_port": "63227",
      "process_name": "C:\\Windows\\System32\\svchost.exe",
      "failure_reason": "User not allowed to log on at this computer.",
      "status": "0xC000006E",
      "substatus": "0x0",
      "logon_process": null,
      "authentication_package": null,
      "privileges": [],
      "scenario_id": "FAILED-BURST-0025"
    },
    {
      "event_id": 4625,
      "timestamp": "13/06/2026 16:30:56",
      "provider_name": "Microsoft-Windows-Security-Auditing",
      "machine_name": "WS2022-LAB01",
      "message": "An account failed to log on.",
      "subject_account": "WS2022-LAB01$",
      "subject_domain": "WORKGROUP",
      "subject_security_id": "S-1-5-18",
      "subject_logon_id": "0x3E7",
      "new_logon_account": null,
      "new_logon_domain": null,
      "new_logon_security_id": null,
      "new_logon_logon_id": null,
      "target_account": "testuser5",
      "target_domain": "WS2022-LAB01",
      "target_security_id": "S-1-5-21-1843355061-959072039-615746888-5452",
      "logon_type": "2",
      "elevated_token": null,
      "virtual_account": null,
      "restricted_admin_mode": null,
      "workstation_name": "WS2022-LAB01",
      "source_network_address": "172.16.10.42",
      "source_port": "51140",
      "process_name": "C:\\Windows\\System32\\svchost.exe",
      "failure_reason": "Unknown user name or bad password.",
      "status": "0xC000006D",
      "substatus": "0xC000006A",
      "logon_process": null,
      "authentication_package": null,
      "privileges": [],
      "scenario_id": "FAILED-BURST-0025"
    },
    {
      "event_id": 4625,
      "timestamp": "13/06/2026 16:31:00",
      "provider_name": "Microsoft-Windows-Security-Auditing",
      "machine_name": "WIN-H96JM6F374S",
      "message": "An account failed to log on.",
      "subject_account": "WIN-H96JM6F374S$",
      "subject_domain": "WORKGROUP",
      "subject_security_id": "S-1-5-18",
      "subject_logon_id": "0x3E7",
      "new_logon_account": null,
      "new_logon_domain": null,
      "new_logon_security_id": null,
      "new_logon_logon_id": null,
      "target_account": "testuser5",
      "target_domain": "WIN-H96JM6F374S",
      "target_security_id": "S-1-5-21-1843355061-959072039-615746888-9426",
      "logon_type": "2",
      "elevated_token": null,
      "virtual_account": null,
      "restricted_admin_mode": null,
      "workstation_name": "WIN-H96JM6F374S",
      "source_network_address": "10.0.0.212",
      "source_port": "34642",
      "process_name": "C:\\Windows\\System32\\svchost.exe",
      "failure_reason": "Unknown user name or bad password.",
      "status": "0xC000006D",
      "substatus": "0xC0000064",
      "logon_process": null,
      "authentication_package": null,
      "privileges": [],
      "scenario_id": "FAILED-BURST-0025"
    },
    {
      "event_id": 4624,
      "timestamp": "13/06/2026 16:31:02",
      "provider_name": "Microsoft-Windows-Security-Auditing",
      "machine_name": "WIN-H96JM6F374S",
      "message": "An account was successfully logged on.",
      "subject_account": "WIN-H96JM6F374S$",
      "subject_domain": "WORKGROUP",
      "subject_security_id": "S-1-5-18",
      "subject_logon_id": "0x66725",
      "new_logon_account": "testuser5",
      "new_logon_domain": "WIN-H96JM6F374S",
      "new_logon_security_id": "S-1-5-21-1843355061-959072039-615746888-4192",
      "new_logon_logon_id": "0xD4F5E",
      "target_account": null,
      "target_domain": null,
      "target_security_id": null,
      "logon_type": "2",
      "elevated_token": "No",
      "virtual_account": "No",
      "restricted_admin_mode": "-",
      "workstation_name": "WIN-H96JM6F374S",
      "source_network_address": "127.0.0.1",
      "source_port": "0",
      "process_name": "C:\\Windows\\System32\\svchost.exe",
      "failure_reason": null,
      "status": null,
      "substatus": null,
      "logon_process": null,
      "authentication_package": null,
      "privileges": [],
      "scenario_id": "FAILED-BURST-0025"
    },
    {
      "event_id": 4625,
      "timestamp": "13/06/2026 16:31:07",
      "provider_name": "Microsoft-Windows-Security-Auditing",
      "machine_name": "WS2022-LAB02",
      "message": "An account failed to log on.",
      "subject_account": "WS2022-LAB02$",
      "subject_domain": "WORKGROUP",
      "subject_security_id": "S-1-5-18",
      "subject_logon_id": "0x3E7",
      "new_logon_account": null,
      "new_logon_domain": null,
      "new_logon_security_id": null,
      "new_logon_logon_id": null,
      "target_account": "testuser5",
      "target_domain": "WS2022-LAB02",
      "target_security_id": "S-1-5-21-1843355061-959072039-615746888-9620",
      "logon_type": "2",
      "elevated_token": null,
      "virtual_account": null,
      "restricted_admin_mode": null,
      "workstation_name": "WS2022-LAB02",
      "source_network_address": "10.0.0.135",
      "source_port": "49418",
      "process_name": "C:\\Windows\\System32\\svchost.exe",
      "failure_reason": "Unknown user name or bad password.",
      "status": "0xC000006D",
      "substatus": "0xC000006A",
      "logon_process": null,
      "authentication_package": null,
      "privileges": [],
      "scenario_id": "FAILED-BURST-0026"
    },
    {
      "event_id": 4625,
      "timestamp": "13/06/2026 16:31:11",
      "provider_name": "Microsoft-Windows-Security-Auditing",
      "machine_name": "WIN-H96JM6F374S",
      "message": "An account failed to log on.",
      "subject_account": "WIN-H96JM6F374S$",
      "subject_domain": "WORKGROUP",
      "subject_security_id": "S-1-5-18",
      "subject_logon_id": "0x3E7",
      "new_logon_account": null,
      "new_logon_domain": null,
      "new_logon_security_id": null,
      "new_logon_logon_id": null,
      "target_account": "testuser5",
      "target_domain": "WIN-H96JM6F374S",
      "target_security_id": "S-1-5-21-1843355061-959072039-615746888-1316",
      "logon_type": "2",
      "elevated_token": null,
      "virtual_account": null,
      "restricted_admin_mode": null,
      "workstation_name": "WIN-H96JM6F374S",
      "source_network_address": "172.16.10.209",
      "source_port": "32906",
      "process_name": "C:\\Windows\\System32\\svchost.exe",
      "failure_reason": "User not allowed to log on at this computer.",
      "status": "0xC000006E",
      "substatus": "0x0",
      "logon_process": null,
      "authentication_package": null,
      "privileges": [],
      "scenario_id": "FAILED-BURST-0026"
    },
    {
      "event_id": 4625,
      "timestamp": "13/06/2026 16:31:15",
      "provider_name": "Microsoft-Windows-Security-Auditing",
      "machine_name": "WS2022-LAB02",
      "message": "An account failed to log on.",
      "subject_account": "WS2022-LAB02$",
      "subject_domain": "WORKGROUP",
      "subject_security_id": "S-1-5-18",
      "subject_logon_id": "0x3E7",
      "new_logon_account": null,
      "new_logon_domain": null,
      "new_logon_security_id": null,
      "new_logon_logon_id": null,
      "target_account": "testuser5",
      "target_domain": "WS2022-LAB02",
      "target_security_id": "S-1-5-21-1843355061-959072039-615746888-3776",
      "logon_type": "2",
      "elevated_token": null,
      "virtual_account": null,
      "restricted_admin_mode": null,
      "workstation_name": "WS2022-LAB02",
      "source_network_address": "192.168.56.212",
      "source_port": "41214",
      "process_name": "C:\\Windows\\System32\\svchost.exe",
      "failure_reason": "Unknown user name or bad password.",
      "status": "0xC000006D",
      "substatus": "0xC0000064",
      "logon_process": null,
      "authentication_package": null,
      "privileges": [],
      "scenario_id": "FAILED-BURST-0026"
    },
    {
      "event_id": 4624,
      "timestamp": "13/06/2026 16:31:19",
      "provider_name": "Microsoft-Windows-Security-Auditing",
      "machine_name": "WIN-H96JM6F374S",
      "message": "An account was successfully logged on.",
      "subject_account": "WIN-H96JM6F374S$",
      "subject_domain": "WORKGROUP",
      "subject_security_id": "S-1-5-18",
      "subject_logon_id": "0x24A9B",
      "new_logon_account": "testuser5",
      "new_logon_domain": "WIN-H96JM6F374S",
      "new_logon_security_id": "S-1-5-21-1843355061-959072039-615746888-7642",
      "new_logon_logon_id": "0xE3A1C",
      "target_account": null,
      "target_domain": null,
      "target_security_id": null,
      "logon_type": "2",
      "elevated_token": "No",
      "virtual_account": "No",
      "restricted_admin_mode": "-",
      "workstation_name": "WIN-H96JM6F374S",
      "source_network_address": "10.0.0.10",
      "source_port": "0",
      "process_name": "C:\\Windows\\System32\\svchost.exe",
      "failure_reason": null,
      "status": null,
      "substatus": null,
      "logon_process": null,
      "authentication_package": null,
      "privileges": [],
      "scenario_id": "FAILED-BURST-0026"
    },
    {
      "event_id": 4625,
      "timestamp": "13/06/2026 16:31:20",
      "provider_name": "Microsoft-Windows-Security-Auditing",
      "machine_name": "WS2022-LAB02",
      "message": "An account failed to log on.",
      "subject_account": "WS2022-LAB02$",
      "subject_domain": "WORKGROUP",
      "subject_security_id": "S-1-5-18",
      "subject_logon_id": "0x3E7",
      "new_logon_account": null,
      "new_logon_domain": null,
      "new_logon_security_id": null,
      "new_logon_logon_id": null,
      "target_account": "testuser17",
      "target_domain": "WS2022-LAB02",
      "target_security_id": "S-1-5-21-1843355061-959072039-615746888-3949",
      "logon_type": "2",
      "elevated_token": null,
      "virtual_account": null,
      "restricted_admin_mode": null,
      "workstation_name": "WS2022-LAB02",
      "source_network_address": "172.16.10.113",
      "source_port": "3907",
      "process_name": "C:\\Windows\\System32\\svchost.exe",
      "failure_reason": "Unknown user name or bad password.",
      "status": "0xC000006D",
      "substatus": "0xC0000064",
      "logon_process": null,
      "authentication_package": null,
      "privileges": [],
      "scenario_id": "FAILED-BURST-0027"
    },
    {
      "event_id": 4625,
      "timestamp": "13/06/2026 16:31:25",
      "provider_name": "Microsoft-Windows-Security-Auditing",
      "machine_name": "WIN-H96JM6F374S",
      "message": "An account failed to log on.",
      "subject_account": "WIN-H96JM6F374S$",
      "subject_domain": "WORKGROUP",
      "subject_security_id": "S-1-5-18",
      "subject_logon_id": "0x3E7",
      "new_logon_account": null,
      "new_logon_domain": null,
      "new_logon_security_id": null,
      "new_logon_logon_id": null,
      "target_account": "testuser17",
      "target_domain": "WIN-H96JM6F374S",
      "target_security_id": "S-1-5-21-1843355061-959072039-615746888-7485",
      "logon_type": "2",
      "elevated_token": null,
      "virtual_account": null,
      "restricted_admin_mode": null,
      "workstation_name": "WIN-H96JM6F374S",
      "source_network_address": "172.16.10.42",
      "source_port": "36352",
      "process_name": "C:\\Windows\\System32\\svchost.exe",
      "failure_reason": "Unknown user name or bad password.",
      "status": "0xC000006D",
      "substatus": "0xC0000064",
      "logon_process": null,
      "authentication_package": null,
      "privileges": [],
      "scenario_id": "FAILED-BURST-0027"
    },
    {
      "event_id": 4625,
      "timestamp": "13/06/2026 16:31:28",
      "provider_name": "Microsoft-Windows-Security-Auditing",
      "machine_name": "WS2022-LAB02",
      "message": "An account failed to log on.",
      "subject_account": "WS2022-LAB02$",
      "subject_domain": "WORKGROUP",
      "subject_security_id": "S-1-5-18",
      "subject_logon_id": "0x3E7",
      "new_logon_account": null,
      "new_logon_domain": null,
      "new_logon_security_id": null,
      "new_logon_logon_id": null,
      "target_account": "testuser17",
      "target_domain": "WS2022-LAB02",
      "target_security_id": "S-1-5-21-1843355061-959072039-615746888-1232",
      "logon_type": "2",
      "elevated_token": null,
      "virtual_account": null,
      "restricted_admin_mode": null,
      "workstation_name": "WS2022-LAB02",
      "source_network_address": "10.0.0.229",
      "source_port": "45236",
      "process_name": "C:\\Windows\\System32\\svchost.exe",
      "failure_reason": "User not allowed to log on at this computer.",
      "status": "0xC000006E",
      "substatus": "0x0",
      "logon_process": null,
      "authentication_package": null,
      "privileges": [],
      "scenario_id": "FAILED-BURST-0027"
    },
    {
      "event_id": 4624,
      "timestamp": "13/06/2026 16:31:32",
      "provider_name": "Microsoft-Windows-Security-Auditing",
      "machine_name": "WS2022-LAB02",
      "message": "An account was successfully logged on.",
      "subject_account": "WS2022-LAB02$",
      "subject_domain": "WORKGROUP",
      "subject_security_id": "S-1-5-18",
      "subject_logon_id": "0xCDC02",
      "new_logon_account": "testuser17",
      "new_logon_domain": "WS2022-LAB02",
      "new_logon_security_id": "S-1-5-21-1843355061-959072039-615746888-3259",
      "new_logon_logon_id": "0x23710",
      "target_account": null,
      "target_domain": null,
      "target_security_id": null,
      "logon_type": "2",
      "elevated_token": "No",
      "virtual_account": "No",
      "restricted_admin_mode": "-",
      "workstation_name": "WS2022-LAB02",
      "source_network_address": "127.0.0.1",
      "source_port": "0",
      "process_name": "C:\\Windows\\System32\\svchost.exe",
      "failure_reason": null,
      "status": null,
      "substatus": null,
      "logon_process": null,
      "authentication_package": null,
      "privileges": [],
      "scenario_id": "FAILED-BURST-0027"
    },
    {
      "event_id": 4625,
      "timestamp": "13/06/2026 16:31:37",
      "provider_name": "Microsoft-Windows-Security-Auditing",
      "machine_name": "WS2022-LAB01",
      "message": "An account failed to log on.",
      "subject_account": "WS2022-LAB01$",
      "subject_domain": "WORKGROUP",
      "subject_security_id": "S-1-5-18",
      "subject_logon_id": "0x3E7",
      "new_logon_account": null,
      "new_logon_domain": null,
      "new_logon_security_id": null,
      "new_logon_logon_id": null,
      "target_account": "testuser1",
      "target_domain": "WS2022-LAB01",
      "target_security_id": "S-1-5-21-1843355061-959072039-615746888-3505",
      "logon_type": "2",
      "elevated_token": null,
      "virtual_account": null,
      "restricted_admin_mode": null,
      "workstation_name": "WS2022-LAB01",
      "source_network_address": "10.0.0.85",
      "source_port": "2601",
      "process_name": "C:\\Windows\\System32\\svchost.exe",
      "failure_reason": "Unknown user name or bad password.",
      "status": "0xC000006D",
      "substatus": "0xC000006A",
      "logon_process": null,
      "authentication_package": null,
      "privileges": [],
      "scenario_id": "FAILED-BURST-0028"
    },
    {
      "event_id": 4625,
      "timestamp": "13/06/2026 16:31:41",
      "provider_name": "Microsoft-Windows-Security-Auditing",
      "machine_name": "WS2022-LAB02",
      "message": "An account failed to log on.",
      "subject_account": "WS2022-LAB02$",
      "subject_domain": "WORKGROUP",
      "subject_security_id": "S-1-5-18",
      "subject_logon_id": "0x3E7",
      "new_logon_account": null,
      "new_logon_domain": null,
      "new_logon_security_id": null,
      "new_logon_logon_id": null,
      "target_account": "testuser1",
      "target_domain": "WS2022-LAB02",
      "target_security_id": "S-1-5-21-1843355061-959072039-615746888-1580",
      "logon_type": "2",
      "elevated_token": null,
      "virtual_account": null,
      "restricted_admin_mode": null,
      "workstation_name": "WS2022-LAB02",
      "source_network_address": "172.16.10.188",
      "source_port": "497",
      "process_name": "C:\\Windows\\System32\\svchost.exe",
      "failure_reason": "Unknown user name or bad password.",
      "status": "0xC000006D",
      "substatus": "0xC000006A",
      "logon_process": null,
      "authentication_package": null,
      "privileges": [],
      "scenario_id": "FAILED-BURST-0028"
    },
    {
      "event_id": 4625,
      "timestamp": "13/06/2026 16:31:42",
      "provider_name": "Microsoft-Windows-Security-Auditing",
      "machine_name": "WIN-H96JM6F374S",
      "message": "An account failed to log on.",
      "subject_account": "WIN-H96JM6F374S$",
      "subject_domain": "WORKGROUP",
      "subject_security_id": "S-1-5-18",
      "subject_logon_id": "0x3E7",
      "new_logon_account": null,
      "new_logon_domain": null,
      "new_logon_security_id": null,
      "new_logon_logon_id": null,
      "target_account": "testuser1",
      "target_domain": "WIN-H96JM6F374S",
      "target_security_id": "S-1-5-21-1843355061-959072039-615746888-7310",
      "logon_type": "2",
      "elevated_token": null,
      "virtual_account": null,
      "restricted_admin_mode": null,
      "workstation_name": "WIN-H96JM6F374S",
      "source_network_address": "172.16.10.24",
      "source_port": "27243",
      "process_name": "C:\\Windows\\System32\\svchost.exe",
      "failure_reason": "User not allowed to log on at this computer.",
      "status": "0xC000006E",
      "substatus": "0x0",
      "logon_process": null,
      "authentication_package": null,
      "privileges": [],
      "scenario_id": "FAILED-BURST-0028"
    },
    {
      "event_id": 4624,
      "timestamp": "13/06/2026 16:31:46",
      "provider_name": "Microsoft-Windows-Security-Auditing",
      "machine_name": "WS2022-LAB02",
      "message": "An account was successfully logged on.",
      "subject_account": "WS2022-LAB02$",
      "subject_domain": "WORKGROUP",
      "subject_security_id": "S-1-5-18",
      "subject_logon_id": "0xD8F4C",
      "new_logon_account": "testuser1",
      "new_logon_domain": "WS2022-LAB02",
      "new_logon_security_id": "S-1-5-21-1843355061-959072039-615746888-6444",
      "new_logon_logon_id": "0xC7A7D",
      "target_account": null,
      "target_domain": null,
      "target_security_id": null,
      "logon_type": "2",
      "elevated_token": "No",
      "virtual_account": "No",
      "restricted_admin_mode": "-",
      "workstation_name": "WS2022-LAB02",
      "source_network_address": "127.0.0.1",
      "source_port": "0",
      "process_name": "C:\\Windows\\System32\\svchost.exe",
      "failure_reason": null,
      "status": null,
      "substatus": null,
      "logon_process": null,
      "authentication_package": null,
      "privileges": [],
      "scenario_id": "FAILED-BURST-0028"
    },
    {
      "event_id": 4625,
      "timestamp": "13/06/2026 16:31:48",
      "provider_name": "Microsoft-Windows-Security-Auditing",
      "machine_name": "WIN-H96JM6F374S",
      "message": "An account failed to log on.",
      "subject_account": "WIN-H96JM6F374S$",
      "subject_domain": "WORKGROUP",
      "subject_security_id": "S-1-5-18",
      "subject_logon_id": "0x3E7",
      "new_logon_account": null,
      "new_logon_domain": null,
      "new_logon_security_id": null,
      "new_logon_logon_id": null,
      "target_account": "testuser14",
      "target_domain": "WIN-H96JM6F374S",
      "target_security_id": "S-1-5-21-1843355061-959072039-615746888-7505",
      "logon_type": "2",
      "elevated_token": null,
      "virtual_account": null,
      "restricted_admin_mode": null,
      "workstation_name": "WIN-H96JM6F374S",
      "source_network_address": "192.168.56.182",
      "source_port": "46687",
      "process_name": "C:\\Windows\\System32\\svchost.exe",
      "failure_reason": "Unknown user name or bad password.",
      "status": "0xC000006D",
      "substatus": "0xC0000064",
      "logon_process": null,
      "authentication_package": null,
      "privileges": [],
      "scenario_id": "FAILED-BURST-0029"
    },
    {
      "event_id": 4625,
      "timestamp": "13/06/2026 16:31:52",
      "provider_name": "Microsoft-Windows-Security-Auditing",
      "machine_name": "WIN-H96JM6F374S",
      "message": "An account failed to log on.",
      "subject_account": "WIN-H96JM6F374S$",
      "subject_domain": "WORKGROUP",
      "subject_security_id": "S-1-5-18",
      "subject_logon_id": "0x3E7",
      "new_logon_account": null,
      "new_logon_domain": null,
      "new_logon_security_id": null,
      "new_logon_logon_id": null,
      "target_account": "testuser14",
      "target_domain": "WIN-H96JM6F374S",
      "target_security_id": "S-1-5-21-1843355061-959072039-615746888-6995",
      "logon_type": "2",
      "elevated_token": null,
      "virtual_account": null,
      "restricted_admin_mode": null,
      "workstation_name": "WIN-H96JM6F374S",
      "source_network_address": "172.16.10.62",
      "source_port": "61367",
      "process_name": "C:\\Windows\\System32\\svchost.exe",
      "failure_reason": "Unknown user name or bad password.",
      "status": "0xC000006D",
      "substatus": "0xC0000064",
      "logon_process": null,
      "authentication_package": null,
      "privileges": [],
      "scenario_id": "FAILED-BURST-0029"
    },
    {
      "event_id": 4625,
      "timestamp": "13/06/2026 16:31:55",
      "provider_name": "Microsoft-Windows-Security-Auditing",
      "machine_name": "WS2022-LAB02",
      "message": "An account failed to log on.",
      "subject_account": "WS2022-LAB02$",
      "subject_domain": "WORKGROUP",
      "subject_security_id": "S-1-5-18",
      "subject_logon_id": "0x3E7",
      "new_logon_account": null,
      "new_logon_domain": null,
      "new_logon_security_id": null,
      "new_logon_logon_id": null,
      "target_account": "testuser14",
      "target_domain": "WS2022-LAB02",
      "target_security_id": "S-1-5-21-1843355061-959072039-615746888-2881",
      "logon_type": "2",
      "elevated_token": null,
      "virtual_account": null,
      "restricted_admin_mode": null,
      "workstation_name": "WS2022-LAB02",
      "source_network_address": "172.16.10.138",
      "source_port": "31803",
      "process_name": "C:\\Windows\\System32\\svchost.exe",
      "failure_reason": "Unknown user name or bad password.",
      "status": "0xC000006D",
      "substatus": "0xC0000064",
      "logon_process": null,
      "authentication_package": null,
      "privileges": [],
      "scenario_id": "FAILED-BURST-0029"
    },
    {
      "event_id": 4624,
      "timestamp": "13/06/2026 16:31:58",
      "provider_name": "Microsoft-Windows-Security-Auditing",
      "machine_name": "WS2022-LAB01",
      "message": "An account was successfully logged on.",
      "subject_account": "WS2022-LAB01$",
      "subject_domain": "WORKGROUP",
      "subject_security_id": "S-1-5-18",
      "subject_logon_id": "0x50EA9",
      "new_logon_account": "testuser14",
      "new_logon_domain": "WS2022-LAB01",
      "new_logon_security_id": "S-1-5-21-1843355061-959072039-615746888-1026",
      "new_logon_logon_id": "0xB2D24",
      "target_account": null,
      "target_domain": null,
      "target_security_id": null,
      "logon_type": "2",
      "elevated_token": "No",
      "virtual_account": "No",
      "restricted_admin_mode": "-",
      "workstation_name": "WS2022-LAB01",
      "source_network_address": "127.0.0.1",
      "source_port": "0",
      "process_name": "C:\\Windows\\System32\\svchost.exe",
      "failure_reason": null,
      "status": null,
      "substatus": null,
      "logon_process": null,
      "authentication_package": null,
      "privileges": [],
      "scenario_id": "FAILED-BURST-0029"
    },
    {
      "event_id": 4625,
      "timestamp": "13/06/2026 16:32:00",
      "provider_name": "Microsoft-Windows-Security-Auditing",
      "machine_name": "WS2022-LAB02",
      "message": "An account failed to log on.",
      "subject_account": "WS2022-LAB02$",
      "subject_domain": "WORKGROUP",
      "subject_security_id": "S-1-5-18",
      "subject_logon_id": "0x3E7",
      "new_logon_account": null,
      "new_logon_domain": null,
      "new_logon_security_id": null,
      "new_logon_logon_id": null,
      "target_account": "testuser9",
      "target_domain": "WS2022-LAB02",
      "target_security_id": "S-1-5-21-1843355061-959072039-615746888-8905",
      "logon_type": "2",
      "elevated_token": null,
      "virtual_account": null,
      "restricted_admin_mode": null,
      "workstation_name": "WS2022-LAB02",
      "source_network_address": "10.0.0.38",
      "source_port": "23812",
      "process_name": "C:\\Windows\\System32\\svchost.exe",
      "failure_reason": "Unknown user name or bad password.",
      "status": "0xC000006D",
      "substatus": "0xC000006A",
      "logon_process": null,
      "authentication_package": null,
      "privileges": [],
      "scenario_id": "FAILED-BURST-0030"
    },
    {
      "event_id": 4625,
      "timestamp": "13/06/2026 16:32:02",
      "provider_name": "Microsoft-Windows-Security-Auditing",
      "machine_name": "WIN-H96JM6F374S",
      "message": "An account failed to log on.",
      "subject_account": "WIN-H96JM6F374S$",
      "subject_domain": "WORKGROUP",
      "subject_security_id": "S-1-5-18",
      "subject_logon_id": "0x3E7",
      "new_logon_account": null,
      "new_logon_domain": null,
      "new_logon_security_id": null,
      "new_logon_logon_id": null,
      "target_account": "testuser9",
      "target_domain": "WIN-H96JM6F374S",
      "target_security_id": "S-1-5-21-1843355061-959072039-615746888-5787",
      "logon_type": "2",
      "elevated_token": null,
      "virtual_account": null,
      "restricted_admin_mode": null,
      "workstation_name": "WIN-H96JM6F374S",
      "source_network_address": "172.16.10.9",
      "source_port": "34821",
      "process_name": "C:\\Windows\\System32\\svchost.exe",
      "failure_reason": "User not allowed to log on at this computer.",
      "status": "0xC000006E",
      "substatus": "0x0",
      "logon_process": null,
      "authentication_package": null,
      "privileges": [],
      "scenario_id": "FAILED-BURST-0030"
    },
