TimeCreated  : 13/06/2026 16:42:18
Id           : 4672
ProviderName : Microsoft-Windows-Security-Auditing
MachineName  : WS2022-LAB01
Message      : Special privileges assigned to new logon.

               Subject:
               	Security ID:		S-1-5-21-1843355061-959072039-615746888-8033
               	Account Name:		opsadmin2
               	Account Domain:		WS2022-LAB01
               	Logon ID:		0x2AB8A

               Privileges:		SeSecurityPrivilege
               			SeTakeOwnershipPrivilege
               			SeBackupPrivilege
               			SeRestorePrivilege

TimeCreated  : 13/06/2026 16:42:47
Id           : 4672
ProviderName : Microsoft-Windows-Security-Auditing
MachineName  : WS2022-LAB02
Message      : Special privileges assigned to new logon.

               Subject:
               	Security ID:		S-1-5-21-1843355061-959072039-615746888-8020
               	Account Name:		opsadmin2
               	Account Domain:		WS2022-LAB02
               	Logon ID:		0xE1D3D

               Privileges:		SeSecurityPrivilege
               			SeTakeOwnershipPrivilege
               			SeBackupPrivilege
               			SeRestorePrivilege

TimeCreated  : 13/06/2026 16:42:58
Id           : 4672
ProviderName : Microsoft-Windows-Security-Auditing
MachineName  : WIN-H96JM6F374S
Message      : Special privileges assigned to new logon.

               Subject:
               	Security ID:		S-1-5-21-1843355061-959072039-615746888-8021
               	Account Name:		opsadmin2
               	Account Domain:		WIN-H96JM6F374S
               	Logon ID:		0xCEC37

               Privileges:		SeSecurityPrivilege
               			SeTakeOwnershipPrivilege
               			SeBackupPrivilege
               			SeRestorePrivilege

TimeCreated  : 13/06/2026 16:43:32
Id           : 4672
ProviderName : Microsoft-Windows-Security-Auditing
MachineName  : WIN-H96JM6F374S
Message      : Special privileges assigned to new logon.

               Subject:
               	Security ID:		S-1-5-21-1843355061-959072039-615746888-9683
               	Account Name:		opsadmin2
               	Account Domain:		WIN-H96JM6F374S
               	Logon ID:		0xA5983

               Privileges:		SeSecurityPrivilege
               			SeTakeOwnershipPrivilege
               			SeBackupPrivilege
               			SeRestorePrivilege

TimeCreated  : 13/06/2026 16:43:56
Id           : 4672
ProviderName : Microsoft-Windows-Security-Auditing
MachineName  : WS2022-LAB02
Message      : Special privileges assigned to new logon.

               Subject:
               	Security ID:		S-1-5-21-1843355061-959072039-615746888-9097
               	Account Name:		opsadmin3
               	Account Domain:		WS2022-LAB02
               	Logon ID:		0x54A09

               Privileges:		SeSecurityPrivilege
               			SeTakeOwnershipPrivilege
               			SeBackupPrivilege
               			SeRestorePrivilege

TimeCreated  : 13/06/2026 16:44:16
Id           : 4672
ProviderName : Microsoft-Windows-Security-Auditing
MachineName  : WS2022-LAB01
Message      : Special privileges assigned to new logon.

               Subject:
               	Security ID:		S-1-5-21-1843355061-959072039-615746888-5156
               	Account Name:		opsadmin2
               	Account Domain:		WS2022-LAB01
               	Logon ID:		0x5F160

               Privileges:		SeSecurityPrivilege
               			SeTakeOwnershipPrivilege
               			SeBackupPrivilege
               			SeRestorePrivilege

TimeCreated  : 13/06/2026 16:44:29
Id           : 4672
ProviderName : Microsoft-Windows-Security-Auditing
MachineName  : WIN-H96JM6F374S
Message      : Special privileges assigned to new logon.

               Subject:
               	Security ID:		S-1-5-21-1843355061-959072039-615746888-1816
               	Account Name:		opsadmin1
               	Account Domain:		WIN-H96JM6F374S
               	Logon ID:		0x94A13

               Privileges:		SeSecurityPrivilege
               			SeTakeOwnershipPrivilege
               			SeBackupPrivilege
               			SeRestorePrivilege

TimeCreated  : 13/06/2026 16:44:36
Id           : 4672
ProviderName : Microsoft-Windows-Security-Auditing
MachineName  : WS2022-LAB02
Message      : Special privileges assigned to new logon.

               Subject:
               	Security ID:		S-1-5-21-1843355061-959072039-615746888-8740
               	Account Name:		opsadmin1
               	Account Domain:		WS2022-LAB02
               	Logon ID:		0x98C84

               Privileges:		SeSecurityPrivilege
               			SeTakeOwnershipPrivilege
               			SeBackupPrivilege
               			SeRestorePrivilege

TimeCreated  : 13/06/2026 16:44:54
Id           : 4672
ProviderName : Microsoft-Windows-Security-Auditing
MachineName  : WS2022-LAB01
Message      : Special privileges assigned to new logon.

               Subject:
               	Security ID:		S-1-5-21-1843355061-959072039-615746888-2626
               	Account Name:		opsadmin2
               	Account Domain:		WS2022-LAB01
               	Logon ID:		0xEBB2E

               Privileges:		SeSecurityPrivilege
               			SeTakeOwnershipPrivilege
               			SeBackupPrivilege
               			SeRestorePrivilege

TimeCreated  : 13/06/2026 16:45:05
Id           : 4672
ProviderName : Microsoft-Windows-Security-Auditing
MachineName  : WS2022-LAB02
Message      : Special privileges assigned to new logon.

               Subject:
               	Security ID:		S-1-5-21-1843355061-959072039-615746888-5705
               	Account Name:		opsadmin2
               	Account Domain:		WS2022-LAB02
               	Logon ID:		0xDE72F

               Privileges:		SeSecurityPrivilege
               			SeTakeOwnershipPrivilege
               			SeBackupPrivilege
               			SeRestorePrivilege

TimeCreated  : 13/06/2026 16:45:25
Id           : 4672
ProviderName : Microsoft-Windows-Security-Auditing
MachineName  : WS2022-LAB01
Message      : Special privileges assigned to new logon.

               Subject:
               	Security ID:		S-1-5-21-1843355061-959072039-615746888-2380
               	Account Name:		opsadmin2
               	Account Domain:		WS2022-LAB01
               	Logon ID:		0xB7977

               Privileges:		SeSecurityPrivilege
               			SeTakeOwnershipPrivilege
               			SeBackupPrivilege
               			SeRestorePrivilege

TimeCreated  : 13/06/2026 16:45:48
Id           : 4672
ProviderName : Microsoft-Windows-Security-Auditing
MachineName  : WS2022-LAB01
Message      : Special privileges assigned to new logon.

               Subject:
               	Security ID:		S-1-5-21-1843355061-959072039-615746888-2955
               	Account Name:		opsadmin2
               	Account Domain:		WS2022-LAB01
               	Logon ID:		0xA92A0

               Privileges:		SeSecurityPrivilege
               			SeTakeOwnershipPrivilege
               			SeBackupPrivilege
               			SeRestorePrivilege

TimeCreated  : 13/06/2026 16:46:00
Id           : 4672
ProviderName : Microsoft-Windows-Security-Auditing
MachineName  : WIN-H96JM6F374S
Message      : Special privileges assigned to new logon.

               Subject:
               	Security ID:		S-1-5-21-1843355061-959072039-615746888-4325
               	Account Name:		labadmin
               	Account Domain:		WIN-H96JM6F374S
               	Logon ID:		0x2E3B1

               Privileges:		SeSecurityPrivilege
               			SeTakeOwnershipPrivilege
               			SeBackupPrivilege
               			SeRestorePrivilege

TimeCreated  : 13/06/2026 16:46:44
Id           : 4672
ProviderName : Microsoft-Windows-Security-Auditing
MachineName  : WS2022-LAB01
Message      : Special privileges assigned to new logon.

               Subject:
               	Security ID:		S-1-5-21-1843355061-959072039-615746888-1532
               	Account Name:		labadmin
               	Account Domain:		WS2022-LAB01
               	Logon ID:		0x2B022

               Privileges:		SeSecurityPrivilege
               			SeTakeOwnershipPrivilege
               			SeBackupPrivilege
               			SeRestorePrivilege

TimeCreated  : 13/06/2026 16:46:52
Id           : 4672
ProviderName : Microsoft-Windows-Security-Auditing
MachineName  : WS2022-LAB01
Message      : Special privileges assigned to new logon.

               Subject:
               	Security ID:		S-1-5-21-1843355061-959072039-615746888-2081
               	Account Name:		labadmin
               	Account Domain:		WS2022-LAB01
               	Logon ID:		0xC9DAF

               Privileges:		SeSecurityPrivilege
               			SeTakeOwnershipPrivilege
               			SeBackupPrivilege
               			SeRestorePrivilege

TimeCreated  : 13/06/2026 16:47:01
Id           : 4672
ProviderName : Microsoft-Windows-Security-Auditing
MachineName  : WS2022-LAB02
Message      : Special privileges assigned to new logon.

               Subject:
               	Security ID:		S-1-5-21-1843355061-959072039-615746888-4261
               	Account Name:		labadmin
               	Account Domain:		WS2022-LAB02
               	Logon ID:		0x17950

               Privileges:		SeSecurityPrivilege
               			SeTakeOwnershipPrivilege
               			SeBackupPrivilege
               			SeRestorePrivilege

TimeCreated  : 13/06/2026 16:47:32
Id           : 4672
ProviderName : Microsoft-Windows-Security-Auditing
MachineName  : WIN-H96JM6F374S
Message      : Special privileges assigned to new logon.

               Subject:
               	Security ID:		S-1-5-21-1843355061-959072039-615746888-4466
               	Account Name:		opsadmin1
               	Account Domain:		WIN-H96JM6F374S
               	Logon ID:		0x1ABC8

               Privileges:		SeSecurityPrivilege
               			SeTakeOwnershipPrivilege
               			SeBackupPrivilege
               			SeRestorePrivilege

TimeCreated  : 13/06/2026 16:48:01
Id           : 4672
ProviderName : Microsoft-Windows-Security-Auditing
MachineName  : WS2022-LAB01
Message      : Special privileges assigned to new logon.

               Subject:
               	Security ID:		S-1-5-21-1843355061-959072039-615746888-5737
               	Account Name:		opsadmin3
               	Account Domain:		WS2022-LAB01
               	Logon ID:		0x348B3

               Privileges:		SeSecurityPrivilege
               			SeTakeOwnershipPrivilege
               			SeBackupPrivilege
               			SeRestorePrivilege

TimeCreated  : 13/06/2026 16:48:16
Id           : 4672
ProviderName : Microsoft-Windows-Security-Auditing
MachineName  : WS2022-LAB01
Message      : Special privileges assigned to new logon.

               Subject:
               	Security ID:		S-1-5-21-1843355061-959072039-615746888-3315
               	Account Name:		opsadmin2
               	Account Domain:		WS2022-LAB01
               	Logon ID:		0x26206

               Privileges:		SeSecurityPrivilege
               			SeTakeOwnershipPrivilege
               			SeBackupPrivilege
               			SeRestorePrivilege

TimeCreated  : 13/06/2026 16:49:01
Id           : 4672
ProviderName : Microsoft-Windows-Security-Auditing
MachineName  : WIN-H96JM6F374S
Message      : Special privileges assigned to new logon.

               Subject:
               	Security ID:		S-1-5-21-1843355061-959072039-615746888-6212
               	Account Name:		labadmin
               	Account Domain:		WIN-H96JM6F374S
               	Logon ID:		0x5B2B7

               Privileges:		SeSecurityPrivilege
               			SeTakeOwnershipPrivilege
               			SeBackupPrivilege
               			SeRestorePrivilege

TimeCreated  : 13/06/2026 16:49:38
Id           : 4672
ProviderName : Microsoft-Windows-Security-Auditing
MachineName  : WS2022-LAB02
Message      : Special privileges assigned to new logon.

               Subject:
               	Security ID:		S-1-5-21-1843355061-959072039-615746888-9082
               	Account Name:		opsadmin2
               	Account Domain:		WS2022-LAB02
               	Logon ID:		0x4ABD5

               Privileges:		SeSecurityPrivilege
               			SeTakeOwnershipPrivilege
               			SeBackupPrivilege
               			SeRestorePrivilege

TimeCreated  : 13/06/2026 16:50:04
Id           : 4672
ProviderName : Microsoft-Windows-Security-Auditing
MachineName  : WS2022-LAB02
Message      : Special privileges assigned to new logon.

               Subject:
               	Security ID:		S-1-5-21-1843355061-959072039-615746888-2444
               	Account Name:		labadmin
               	Account Domain:		WS2022-LAB02
               	Logon ID:		0x3FF5F

               Privileges:		SeSecurityPrivilege
               			SeTakeOwnershipPrivilege
               			SeBackupPrivilege
               			SeRestorePrivilege

TimeCreated  : 13/06/2026 16:50:47
Id           : 4672
ProviderName : Microsoft-Windows-Security-Auditing
MachineName  : WS2022-LAB02
Message      : Special privileges assigned to new logon.

               Subject:
               	Security ID:		S-1-5-21-1843355061-959072039-615746888-3346
               	Account Name:		opsadmin1
               	Account Domain:		WS2022-LAB02
               	Logon ID:		0x88422

               Privileges:		SeSecurityPrivilege
               			SeTakeOwnershipPrivilege
               			SeBackupPrivilege
               			SeRestorePrivilege

TimeCreated  : 13/06/2026 16:50:59
Id           : 4672
ProviderName : Microsoft-Windows-Security-Auditing
MachineName  : WS2022-LAB01
Message      : Special privileges assigned to new logon.

               Subject:
               	Security ID:		S-1-5-21-1843355061-959072039-615746888-2254
               	Account Name:		opsadmin1
               	Account Domain:		WS2022-LAB01
               	Logon ID:		0x1547F

               Privileges:		SeSecurityPrivilege
               			SeTakeOwnershipPrivilege
               			SeBackupPrivilege
               			SeRestorePrivilege

TimeCreated  : 13/06/2026 16:51:24
Id           : 4672
ProviderName : Microsoft-Windows-Security-Auditing
MachineName  : WIN-H96JM6F374S
Message      : Special privileges assigned to new logon.

               Subject:
               	Security ID:		S-1-5-21-1843355061-959072039-615746888-4594
               	Account Name:		labadmin
               	Account Domain:		WIN-H96JM6F374S
               	Logon ID:		0x54EB0

               Privileges:		SeSecurityPrivilege
               			SeTakeOwnershipPrivilege
               			SeBackupPrivilege
               			SeRestorePrivilege

TimeCreated  : 13/06/2026 16:51:31
Id           : 4672
ProviderName : Microsoft-Windows-Security-Auditing
MachineName  : WIN-H96JM6F374S
Message      : Special privileges assigned to new logon.

               Subject:
               	Security ID:		S-1-5-21-1843355061-959072039-615746888-6566
               	Account Name:		opsadmin2
               	Account Domain:		WIN-H96JM6F374S
               	Logon ID:		0xB35AB

               Privileges:		SeSecurityPrivilege
               			SeTakeOwnershipPrivilege
               			SeBackupPrivilege
               			SeRestorePrivilege

TimeCreated  : 13/06/2026 16:52:14
Id           : 4672
ProviderName : Microsoft-Windows-Security-Auditing
MachineName  : WS2022-LAB01
Message      : Special privileges assigned to new logon.

               Subject:
               	Security ID:		S-1-5-21-1843355061-959072039-615746888-8524
               	Account Name:		labadmin
               	Account Domain:		WS2022-LAB01
               	Logon ID:		0x74691

               Privileges:		SeSecurityPrivilege
               			SeTakeOwnershipPrivilege
               			SeBackupPrivilege
               			SeRestorePrivilege

TimeCreated  : 13/06/2026 16:52:22
Id           : 4672
ProviderName : Microsoft-Windows-Security-Auditing
MachineName  : WS2022-LAB02
Message      : Special privileges assigned to new logon.

               Subject:
               	Security ID:		S-1-5-21-1843355061-959072039-615746888-6239
               	Account Name:		opsadmin1
               	Account Domain:		WS2022-LAB02
               	Logon ID:		0xB0F13

               Privileges:		SeSecurityPrivilege
               			SeTakeOwnershipPrivilege
               			SeBackupPrivilege
               			SeRestorePrivilege

TimeCreated  : 13/06/2026 16:52:46
Id           : 4672
ProviderName : Microsoft-Windows-Security-Auditing
MachineName  : WIN-H96JM6F374S
Message      : Special privileges assigned to new logon.

               Subject:
               	Security ID:		S-1-5-21-1843355061-959072039-615746888-3726
               	Account Name:		opsadmin1
               	Account Domain:		WIN-H96JM6F374S
               	Logon ID:		0xD70F6

               Privileges:		SeSecurityPrivilege
               			SeTakeOwnershipPrivilege
               			SeBackupPrivilege
               			SeRestorePrivilege

TimeCreated  : 13/06/2026 16:53:23
Id           : 4672
ProviderName : Microsoft-Windows-Security-Auditing
MachineName  : WS2022-LAB02
Message      : Special privileges assigned to new logon.

               Subject:
               	Security ID:		S-1-5-21-1843355061-959072039-615746888-2308
               	Account Name:		labadmin
               	Account Domain:		WS2022-LAB02
               	Logon ID:		0xB72A0

               Privileges:		SeSecurityPrivilege
               			SeTakeOwnershipPrivilege
               			SeBackupPrivilege
               			SeRestorePrivilege

TimeCreated  : 13/06/2026 16:54:03
Id           : 4672
ProviderName : Microsoft-Windows-Security-Auditing
MachineName  : WS2022-LAB02
Message      : Special privileges assigned to new logon.

               Subject:
               	Security ID:		S-1-5-21-1843355061-959072039-615746888-9033
               	Account Name:		opsadmin3
               	Account Domain:		WS2022-LAB02
               	Logon ID:		0x581AD

               Privileges:		SeSecurityPrivilege
               			SeTakeOwnershipPrivilege
               			SeBackupPrivilege
               			SeRestorePrivilege

TimeCreated  : 13/06/2026 16:54:36
Id           : 4672
ProviderName : Microsoft-Windows-Security-Auditing
MachineName  : WS2022-LAB01
Message      : Special privileges assigned to new logon.

               Subject:
               	Security ID:		S-1-5-21-1843355061-959072039-615746888-6686
               	Account Name:		opsadmin1
               	Account Domain:		WS2022-LAB01
               	Logon ID:		0x6E8DA

               Privileges:		SeSecurityPrivilege
               			SeTakeOwnershipPrivilege
               			SeBackupPrivilege
               			SeRestorePrivilege

TimeCreated  : 13/06/2026 16:54:48
Id           : 4672
ProviderName : Microsoft-Windows-Security-Auditing
MachineName  : WS2022-LAB01
Message      : Special privileges assigned to new logon.

               Subject:
               	Security ID:		S-1-5-21-1843355061-959072039-615746888-7868
               	Account Name:		opsadmin3
               	Account Domain:		WS2022-LAB01
               	Logon ID:		0x26018

               Privileges:		SeSecurityPrivilege
               			SeTakeOwnershipPrivilege
               			SeBackupPrivilege
               			SeRestorePrivilege

TimeCreated  : 13/06/2026 16:55:20
Id           : 4672
ProviderName : Microsoft-Windows-Security-Auditing
MachineName  : WS2022-LAB02
Message      : Special privileges assigned to new logon.

               Subject:
               	Security ID:		S-1-5-21-1843355061-959072039-615746888-5148
               	Account Name:		opsadmin1
               	Account Domain:		WS2022-LAB02
               	Logon ID:		0xABB08

               Privileges:		SeSecurityPrivilege
               			SeTakeOwnershipPrivilege
               			SeBackupPrivilege
               			SeRestorePrivilege

TimeCreated  : 13/06/2026 16:55:37
Id           : 4672
ProviderName : Microsoft-Windows-Security-Auditing
MachineName  : WIN-H96JM6F374S
Message      : Special privileges assigned to new logon.

               Subject:
               	Security ID:		S-1-5-21-1843355061-959072039-615746888-8992
               	Account Name:		opsadmin3
               	Account Domain:		WIN-H96JM6F374S
               	Logon ID:		0x11B3F

               Privileges:		SeSecurityPrivilege
               			SeTakeOwnershipPrivilege
               			SeBackupPrivilege
               			SeRestorePrivilege

TimeCreated  : 13/06/2026 16:56:14
Id           : 4672
ProviderName : Microsoft-Windows-Security-Auditing
MachineName  : WIN-H96JM6F374S
Message      : Special privileges assigned to new logon.

               Subject:
               	Security ID:		S-1-5-21-1843355061-959072039-615746888-4371
               	Account Name:		opsadmin1
               	Account Domain:		WIN-H96JM6F374S
               	Logon ID:		0x1774B

               Privileges:		SeSecurityPrivilege
               			SeTakeOwnershipPrivilege
               			SeBackupPrivilege
               			SeRestorePrivilege

TimeCreated  : 13/06/2026 16:56:24
Id           : 4672
ProviderName : Microsoft-Windows-Security-Auditing
MachineName  : WIN-H96JM6F374S
Message      : Special privileges assigned to new logon.

               Subject:
               	Security ID:		S-1-5-21-1843355061-959072039-615746888-9138
               	Account Name:		opsadmin1
               	Account Domain:		WIN-H96JM6F374S
               	Logon ID:		0xEB964

               Privileges:		SeSecurityPrivilege
               			SeTakeOwnershipPrivilege
               			SeBackupPrivilege
               			SeRestorePrivilege

TimeCreated  : 13/06/2026 16:56:31
Id           : 4672
ProviderName : Microsoft-Windows-Security-Auditing
MachineName  : WS2022-LAB02
Message      : Special privileges assigned to new logon.

               Subject:
               	Security ID:		S-1-5-21-1843355061-959072039-615746888-6735
               	Account Name:		opsadmin1
               	Account Domain:		WS2022-LAB02
               	Logon ID:		0xA2725

               Privileges:		SeSecurityPrivilege
               			SeTakeOwnershipPrivilege
               			SeBackupPrivilege
               			SeRestorePrivilege

TimeCreated  : 13/06/2026 16:57:11
Id           : 4672
ProviderName : Microsoft-Windows-Security-Auditing
MachineName  : WS2022-LAB02
Message      : Special privileges assigned to new logon.

               Subject:
               	Security ID:		S-1-5-21-1843355061-959072039-615746888-8516
               	Account Name:		opsadmin2
               	Account Domain:		WS2022-LAB02
               	Logon ID:		0xE7796

               Privileges:		SeSecurityPrivilege
               			SeTakeOwnershipPrivilege
               			SeBackupPrivilege
               			SeRestorePrivilege

TimeCreated  : 13/06/2026 16:57:51
Id           : 4672
ProviderName : Microsoft-Windows-Security-Auditing
MachineName  : WIN-H96JM6F374S
Message      : Special privileges assigned to new logon.

               Subject:
               	Security ID:		S-1-5-21-1843355061-959072039-615746888-1573
               	Account Name:		opsadmin3
               	Account Domain:		WIN-H96JM6F374S
               	Logon ID:		0x9D927

               Privileges:		SeSecurityPrivilege
               			SeTakeOwnershipPrivilege
               			SeBackupPrivilege
               			SeRestorePrivilege

TimeCreated  : 13/06/2026 16:58:24
Id           : 4672
ProviderName : Microsoft-Windows-Security-Auditing
MachineName  : WS2022-LAB01
Message      : Special privileges assigned to new logon.

               Subject:
               	Security ID:		S-1-5-21-1843355061-959072039-615746888-7774
               	Account Name:		labadmin
               	Account Domain:		WS2022-LAB01
               	Logon ID:		0x6AE94

               Privileges:		SeSecurityPrivilege
               			SeTakeOwnershipPrivilege
               			SeBackupPrivilege
               			SeRestorePrivilege

TimeCreated  : 13/06/2026 16:59:00
Id           : 4672
ProviderName : Microsoft-Windows-Security-Auditing
MachineName  : WS2022-LAB01
Message      : Special privileges assigned to new logon.

               Subject:
               	Security ID:		S-1-5-21-1843355061-959072039-615746888-8364
               	Account Name:		labadmin
               	Account Domain:		WS2022-LAB01
               	Logon ID:		0xB0B28

               Privileges:		SeSecurityPrivilege
               			SeTakeOwnershipPrivilege
               			SeBackupPrivilege
               			SeRestorePrivilege

TimeCreated  : 13/06/2026 16:59:22
Id           : 4672
ProviderName : Microsoft-Windows-Security-Auditing
MachineName  : WS2022-LAB01
Message      : Special privileges assigned to new logon.

               Subject:
               	Security ID:		S-1-5-21-1843355061-959072039-615746888-8162
               	Account Name:		opsadmin1
               	Account Domain:		WS2022-LAB01
               	Logon ID:		0x5277E

               Privileges:		SeSecurityPrivilege
               			SeTakeOwnershipPrivilege
               			SeBackupPrivilege
               			SeRestorePrivilege

TimeCreated  : 13/06/2026 16:59:36
Id           : 4672
ProviderName : Microsoft-Windows-Security-Auditing
MachineName  : WS2022-LAB01
Message      : Special privileges assigned to new logon.

               Subject:
               	Security ID:		S-1-5-21-1843355061-959072039-615746888-8149
               	Account Name:		labadmin
               	Account Domain:		WS2022-LAB01
               	Logon ID:		0xA1C7B

               Privileges:		SeSecurityPrivilege
               			SeTakeOwnershipPrivilege
               			SeBackupPrivilege
               			SeRestorePrivilege

TimeCreated  : 13/06/2026 16:59:46
Id           : 4672
ProviderName : Microsoft-Windows-Security-Auditing
MachineName  : WIN-H96JM6F374S
Message      : Special privileges assigned to new logon.

               Subject:
               	Security ID:		S-1-5-21-1843355061-959072039-615746888-9082
               	Account Name:		opsadmin1
               	Account Domain:		WIN-H96JM6F374S
               	Logon ID:		0xD82FF

               Privileges:		SeSecurityPrivilege
               			SeTakeOwnershipPrivilege
               			SeBackupPrivilege
               			SeRestorePrivilege

TimeCreated  : 13/06/2026 17:00:11
Id           : 4672
ProviderName : Microsoft-Windows-Security-Auditing
MachineName  : WS2022-LAB01
Message      : Special privileges assigned to new logon.

               Subject:
               	Security ID:		S-1-5-21-1843355061-959072039-615746888-4647
               	Account Name:		labadmin
               	Account Domain:		WS2022-LAB01
               	Logon ID:		0x6081D

               Privileges:		SeSecurityPrivilege
               			SeTakeOwnershipPrivilege
               			SeBackupPrivilege
               			SeRestorePrivilege

TimeCreated  : 13/06/2026 17:00:17
Id           : 4672
ProviderName : Microsoft-Windows-Security-Auditing
MachineName  : WS2022-LAB02
Message      : Special privileges assigned to new logon.

               Subject:
               	Security ID:		S-1-5-21-1843355061-959072039-615746888-2625
               	Account Name:		labadmin
               	Account Domain:		WS2022-LAB02
               	Logon ID:		0x39DBA

               Privileges:		SeSecurityPrivilege
               			SeTakeOwnershipPrivilege
               			SeBackupPrivilege
               			SeRestorePrivilege

TimeCreated  : 13/06/2026 17:00:29
Id           : 4672
ProviderName : Microsoft-Windows-Security-Auditing
MachineName  : WS2022-LAB01
Message      : Special privileges assigned to new logon.

               Subject:
               	Security ID:		S-1-5-21-1843355061-959072039-615746888-4844
               	Account Name:		opsadmin2
               	Account Domain:		WS2022-LAB01
               	Logon ID:		0x999CE

               Privileges:		SeSecurityPrivilege
               			SeTakeOwnershipPrivilege
               			SeBackupPrivilege
               			SeRestorePrivilege

TimeCreated  : 13/06/2026 17:01:14
Id           : 4672
ProviderName : Microsoft-Windows-Security-Auditing
MachineName  : WS2022-LAB01
Message      : Special privileges assigned to new logon.

               Subject:
               	Security ID:		S-1-5-21-1843355061-959072039-615746888-2733
               	Account Name:		opsadmin2
               	Account Domain:		WS2022-LAB01
               	Logon ID:		0xC5CDE

               Privileges:		SeSecurityPrivilege
               			SeTakeOwnershipPrivilege
               			SeBackupPrivilege
               			SeRestorePrivilege

TimeCreated  : 13/06/2026 17:01:45
Id           : 4672
ProviderName : Microsoft-Windows-Security-Auditing
MachineName  : WS2022-LAB01
Message      : Special privileges assigned to new logon.

               Subject:
               	Security ID:		S-1-5-21-1843355061-959072039-615746888-7554
               	Account Name:		opsadmin2
               	Account Domain:		WS2022-LAB01
               	Logon ID:		0x50504

               Privileges:		SeSecurityPrivilege
               			SeTakeOwnershipPrivilege
               			SeBackupPrivilege
               			SeRestorePrivilege

TimeCreated  : 13/06/2026 17:01:52
Id           : 4672
ProviderName : Microsoft-Windows-Security-Auditing
MachineName  : WS2022-LAB02
Message      : Special privileges assigned to new logon.

               Subject:
               	Security ID:		S-1-5-21-1843355061-959072039-615746888-9208
               	Account Name:		labadmin
               	Account Domain:		WS2022-LAB02
               	Logon ID:		0xABD60

               Privileges:		SeSecurityPrivilege
               			SeTakeOwnershipPrivilege
               			SeBackupPrivilege
               			SeRestorePrivilege

TimeCreated  : 13/06/2026 17:02:17
Id           : 4672
ProviderName : Microsoft-Windows-Security-Auditing
MachineName  : WS2022-LAB01
Message      : Special privileges assigned to new logon.

               Subject:
               	Security ID:		S-1-5-21-1843355061-959072039-615746888-2184
               	Account Name:		opsadmin2
               	Account Domain:		WS2022-LAB01
               	Logon ID:		0x83677

               Privileges:		SeSecurityPrivilege
               			SeTakeOwnershipPrivilege
               			SeBackupPrivilege
               			SeRestorePrivilege

TimeCreated  : 13/06/2026 17:02:38
Id           : 4672
ProviderName : Microsoft-Windows-Security-Auditing
MachineName  : WIN-H96JM6F374S
Message      : Special privileges assigned to new logon.

               Subject:
               	Security ID:		S-1-5-21-1843355061-959072039-615746888-1724
               	Account Name:		opsadmin1
               	Account Domain:		WIN-H96JM6F374S
               	Logon ID:		0x2CC14

               Privileges:		SeSecurityPrivilege
               			SeTakeOwnershipPrivilege
               			SeBackupPrivilege
               			SeRestorePrivilege

TimeCreated  : 13/06/2026 17:02:58
Id           : 4672
ProviderName : Microsoft-Windows-Security-Auditing
MachineName  : WS2022-LAB02
Message      : Special privileges assigned to new logon.

               Subject:
               	Security ID:		S-1-5-21-1843355061-959072039-615746888-3824
               	Account Name:		opsadmin3
               	Account Domain:		WS2022-LAB02
               	Logon ID:		0xA0F76

               Privileges:		SeSecurityPrivilege
               			SeTakeOwnershipPrivilege
               			SeBackupPrivilege
               			SeRestorePrivilege

TimeCreated  : 13/06/2026 17:03:35
Id           : 4672
ProviderName : Microsoft-Windows-Security-Auditing
MachineName  : WS2022-LAB02
Message      : Special privileges assigned to new logon.

               Subject:
               	Security ID:		S-1-5-21-1843355061-959072039-615746888-4421
               	Account Name:		opsadmin3
               	Account Domain:		WS2022-LAB02
               	Logon ID:		0x7E679

               Privileges:		SeSecurityPrivilege
               			SeTakeOwnershipPrivilege
               			SeBackupPrivilege
               			SeRestorePrivilege

TimeCreated  : 13/06/2026 17:03:53
Id           : 4672
ProviderName : Microsoft-Windows-Security-Auditing
MachineName  : WIN-H96JM6F374S
Message      : Special privileges assigned to new logon.

               Subject:
               	Security ID:		S-1-5-21-1843355061-959072039-615746888-5822
               	Account Name:		opsadmin1
               	Account Domain:		WIN-H96JM6F374S
               	Logon ID:		0xD5030

               Privileges:		SeSecurityPrivilege
               			SeTakeOwnershipPrivilege
               			SeBackupPrivilege
               			SeRestorePrivilege

TimeCreated  : 13/06/2026 17:04:37
Id           : 4672
ProviderName : Microsoft-Windows-Security-Auditing
MachineName  : WS2022-LAB02
Message      : Special privileges assigned to new logon.

               Subject:
               	Security ID:		S-1-5-21-1843355061-959072039-615746888-8736
               	Account Name:		labadmin
               	Account Domain:		WS2022-LAB02
               	Logon ID:		0xEECE2

               Privileges:		SeSecurityPrivilege
               			SeTakeOwnershipPrivilege
               			SeBackupPrivilege
               			SeRestorePrivilege

TimeCreated  : 13/06/2026 17:04:45
Id           : 4672
ProviderName : Microsoft-Windows-Security-Auditing
MachineName  : WS2022-LAB01
Message      : Special privileges assigned to new logon.

               Subject:
               	Security ID:		S-1-5-21-1843355061-959072039-615746888-7668
               	Account Name:		opsadmin2
               	Account Domain:		WS2022-LAB01
               	Logon ID:		0xC2DD7

               Privileges:		SeSecurityPrivilege
               			SeTakeOwnershipPrivilege
               			SeBackupPrivilege
               			SeRestorePrivilege

TimeCreated  : 13/06/2026 17:05:09
Id           : 4672
ProviderName : Microsoft-Windows-Security-Auditing
MachineName  : WS2022-LAB02
Message      : Special privileges assigned to new logon.

               Subject:
               	Security ID:		S-1-5-21-1843355061-959072039-615746888-1394
               	Account Name:		opsadmin3
               	Account Domain:		WS2022-LAB02
               	Logon ID:		0x3B672

               Privileges:		SeSecurityPrivilege
               			SeTakeOwnershipPrivilege
               			SeBackupPrivilege
               			SeRestorePrivilege

TimeCreated  : 13/06/2026 17:05:31
Id           : 4672
ProviderName : Microsoft-Windows-Security-Auditing
MachineName  : WIN-H96JM6F374S
Message      : Special privileges assigned to new logon.

               Subject:
               	Security ID:		S-1-5-21-1843355061-959072039-615746888-1784
               	Account Name:		opsadmin1
               	Account Domain:		WIN-H96JM6F374S
               	Logon ID:		0x3F1FF

               Privileges:		SeSecurityPrivilege
               			SeTakeOwnershipPrivilege
               			SeBackupPrivilege
               			SeRestorePrivilege

TimeCreated  : 13/06/2026 17:05:44
Id           : 4672
ProviderName : Microsoft-Windows-Security-Auditing
MachineName  : WS2022-LAB02
Message      : Special privileges assigned to new logon.

               Subject:
               	Security ID:		S-1-5-21-1843355061-959072039-615746888-3195
               	Account Name:		labadmin
               	Account Domain:		WS2022-LAB02
               	Logon ID:		0x3C16D

               Privileges:		SeSecurityPrivilege
               			SeTakeOwnershipPrivilege
               			SeBackupPrivilege
               			SeRestorePrivilege

TimeCreated  : 13/06/2026 17:05:52
Id           : 4672
ProviderName : Microsoft-Windows-Security-Auditing
MachineName  : WS2022-LAB02
Message      : Special privileges assigned to new logon.

               Subject:
               	Security ID:		S-1-5-21-1843355061-959072039-615746888-9514
               	Account Name:		opsadmin3
               	Account Domain:		WS2022-LAB02
               	Logon ID:		0x314EA

               Privileges:		SeSecurityPrivilege
               			SeTakeOwnershipPrivilege
               			SeBackupPrivilege
               			SeRestorePrivilege

TimeCreated  : 13/06/2026 17:06:09
Id           : 4672
ProviderName : Microsoft-Windows-Security-Auditing
MachineName  : WIN-H96JM6F374S
Message      : Special privileges assigned to new logon.

               Subject:
               	Security ID:		S-1-5-21-1843355061-959072039-615746888-3187
               	Account Name:		opsadmin1
               	Account Domain:		WIN-H96JM6F374S
               	Logon ID:		0x6473C

               Privileges:		SeSecurityPrivilege
               			SeTakeOwnershipPrivilege
               			SeBackupPrivilege
               			SeRestorePrivilege

TimeCreated  : 13/06/2026 17:06:45
Id           : 4672
ProviderName : Microsoft-Windows-Security-Auditing
MachineName  : WS2022-LAB01
Message      : Special privileges assigned to new logon.

               Subject:
               	Security ID:		S-1-5-21-1843355061-959072039-615746888-1211
               	Account Name:		opsadmin2
               	Account Domain:		WS2022-LAB01
               	Logon ID:		0x87F19

               Privileges:		SeSecurityPrivilege
               			SeTakeOwnershipPrivilege
               			SeBackupPrivilege
               			SeRestorePrivilege

TimeCreated  : 13/06/2026 17:07:06
Id           : 4672
ProviderName : Microsoft-Windows-Security-Auditing
MachineName  : WS2022-LAB01
Message      : Special privileges assigned to new logon.

               Subject:
               	Security ID:		S-1-5-21-1843355061-959072039-615746888-3912
               	Account Name:		opsadmin1
               	Account Domain:		WS2022-LAB01
               	Logon ID:		0xCC617

               Privileges:		SeSecurityPrivilege
               			SeTakeOwnershipPrivilege
               			SeBackupPrivilege
               			SeRestorePrivilege

TimeCreated  : 13/06/2026 17:07:49
Id           : 4672
ProviderName : Microsoft-Windows-Security-Auditing
MachineName  : WS2022-LAB02
Message      : Special privileges assigned to new logon.

               Subject:
               	Security ID:		S-1-5-21-1843355061-959072039-615746888-6293
               	Account Name:		opsadmin1
               	Account Domain:		WS2022-LAB02
               	Logon ID:		0x4DAFB

               Privileges:		SeSecurityPrivilege
               			SeTakeOwnershipPrivilege
               			SeBackupPrivilege
               			SeRestorePrivilege

TimeCreated  : 13/06/2026 17:08:16
Id           : 4672
ProviderName : Microsoft-Windows-Security-Auditing
MachineName  : WIN-H96JM6F374S
Message      : Special privileges assigned to new logon.

               Subject:
               	Security ID:		S-1-5-21-1843355061-959072039-615746888-1975
               	Account Name:		opsadmin2
               	Account Domain:		WIN-H96JM6F374S
               	Logon ID:		0x28AE0

               Privileges:		SeSecurityPrivilege
               			SeTakeOwnershipPrivilege
               			SeBackupPrivilege
               			SeRestorePrivilege

TimeCreated  : 13/06/2026 17:08:34
Id           : 4672
ProviderName : Microsoft-Windows-Security-Auditing
MachineName  : WS2022-LAB02
Message      : Special privileges assigned to new logon.

               Subject:
               	Security ID:		S-1-5-21-1843355061-959072039-615746888-9164
               	Account Name:		labadmin
               	Account Domain:		WS2022-LAB02
               	Logon ID:		0x9328C

               Privileges:		SeSecurityPrivilege
               			SeTakeOwnershipPrivilege
               			SeBackupPrivilege
               			SeRestorePrivilege

TimeCreated  : 13/06/2026 17:09:01
Id           : 4672
ProviderName : Microsoft-Windows-Security-Auditing
MachineName  : WS2022-LAB02
Message      : Special privileges assigned to new logon.

               Subject:
               	Security ID:		S-1-5-21-1843355061-959072039-615746888-3054
               	Account Name:		opsadmin2
               	Account Domain:		WS2022-LAB02
               	Logon ID:		0x37264

               Privileges:		SeSecurityPrivilege
               			SeTakeOwnershipPrivilege
               			SeBackupPrivilege
               			SeRestorePrivilege

TimeCreated  : 13/06/2026 17:09:08
Id           : 4672
ProviderName : Microsoft-Windows-Security-Auditing
MachineName  : WS2022-LAB02
Message      : Special privileges assigned to new logon.

               Subject:
               	Security ID:		S-1-5-21-1843355061-959072039-615746888-2084
               	Account Name:		opsadmin1
               	Account Domain:		WS2022-LAB02
               	Logon ID:		0xD48CC

               Privileges:		SeSecurityPrivilege
               			SeTakeOwnershipPrivilege
               			SeBackupPrivilege
               			SeRestorePrivilege

TimeCreated  : 13/06/2026 17:09:20
Id           : 4672
ProviderName : Microsoft-Windows-Security-Auditing
MachineName  : WS2022-LAB01
Message      : Special privileges assigned to new logon.

               Subject:
               	Security ID:		S-1-5-21-1843355061-959072039-615746888-7324
               	Account Name:		labadmin
               	Account Domain:		WS2022-LAB01
               	Logon ID:		0x886D3

               Privileges:		SeSecurityPrivilege
               			SeTakeOwnershipPrivilege
               			SeBackupPrivilege
               			SeRestorePrivilege

TimeCreated  : 13/06/2026 17:09:26
Id           : 4672
ProviderName : Microsoft-Windows-Security-Auditing
MachineName  : WS2022-LAB02
Message      : Special privileges assigned to new logon.

               Subject:
               	Security ID:		S-1-5-21-1843355061-959072039-615746888-2019
               	Account Name:		opsadmin1
               	Account Domain:		WS2022-LAB02
               	Logon ID:		0x12789

               Privileges:		SeSecurityPrivilege
               			SeTakeOwnershipPrivilege
               			SeBackupPrivilege
               			SeRestorePrivilege

TimeCreated  : 13/06/2026 17:10:00
Id           : 4672
ProviderName : Microsoft-Windows-Security-Auditing
MachineName  : WIN-H96JM6F374S
Message      : Special privileges assigned to new logon.

               Subject:
               	Security ID:		S-1-5-21-1843355061-959072039-615746888-3936
               	Account Name:		opsadmin1
               	Account Domain:		WIN-H96JM6F374S
               	Logon ID:		0x4F916

               Privileges:		SeSecurityPrivilege
               			SeTakeOwnershipPrivilege
               			SeBackupPrivilege
               			SeRestorePrivilege

TimeCreated  : 13/06/2026 17:10:44
Id           : 4672
ProviderName : Microsoft-Windows-Security-Auditing
MachineName  : WIN-H96JM6F374S
Message      : Special privileges assigned to new logon.

               Subject:
               	Security ID:		S-1-5-21-1843355061-959072039-615746888-5364
               	Account Name:		opsadmin2
               	Account Domain:		WIN-H96JM6F374S
               	Logon ID:		0x7BEFC

               Privileges:		SeSecurityPrivilege
               			SeTakeOwnershipPrivilege
               			SeBackupPrivilege
               			SeRestorePrivilege

TimeCreated  : 13/06/2026 17:11:14
Id           : 4672
ProviderName : Microsoft-Windows-Security-Auditing
MachineName  : WIN-H96JM6F374S
Message      : Special privileges assigned to new logon.

               Subject:
               	Security ID:		S-1-5-21-1843355061-959072039-615746888-6493
               	Account Name:		opsadmin3
               	Account Domain:		WIN-H96JM6F374S
               	Logon ID:		0x1E3A7

               Privileges:		SeSecurityPrivilege
               			SeTakeOwnershipPrivilege
               			SeBackupPrivilege
               			SeRestorePrivilege

TimeCreated  : 13/06/2026 17:11:58
Id           : 4672
ProviderName : Microsoft-Windows-Security-Auditing
MachineName  : WS2022-LAB01
Message      : Special privileges assigned to new logon.

               Subject:
               	Security ID:		S-1-5-21-1843355061-959072039-615746888-7751
               	Account Name:		labadmin
               	Account Domain:		WS2022-LAB01
               	Logon ID:		0x39868

               Privileges:		SeSecurityPrivilege
               			SeTakeOwnershipPrivilege
               			SeBackupPrivilege
               			SeRestorePrivilege

TimeCreated  : 13/06/2026 17:12:21
Id           : 4672
ProviderName : Microsoft-Windows-Security-Auditing
MachineName  : WIN-H96JM6F374S
Message      : Special privileges assigned to new logon.

               Subject:
               	Security ID:		S-1-5-21-1843355061-959072039-615746888-6650
               	Account Name:		opsadmin1
               	Account Domain:		WIN-H96JM6F374S
               	Logon ID:		0xE19B9

               Privileges:		SeSecurityPrivilege
               			SeTakeOwnershipPrivilege
               			SeBackupPrivilege
               			SeRestorePrivilege

TimeCreated  : 13/06/2026 17:12:32
Id           : 4672
ProviderName : Microsoft-Windows-Security-Auditing
MachineName  : WIN-H96JM6F374S
Message      : Special privileges assigned to new logon.

               Subject:
               	Security ID:		S-1-5-21-1843355061-959072039-615746888-3162
               	Account Name:		opsadmin3
               	Account Domain:		WIN-H96JM6F374S
               	Logon ID:		0x23EC3

               Privileges:		SeSecurityPrivilege
               			SeTakeOwnershipPrivilege
               			SeBackupPrivilege
               			SeRestorePrivilege

TimeCreated  : 13/06/2026 17:13:10
Id           : 4672
ProviderName : Microsoft-Windows-Security-Auditing
MachineName  : WS2022-LAB02
Message      : Special privileges assigned to new logon.

               Subject:
               	Security ID:		S-1-5-21-1843355061-959072039-615746888-5165
               	Account Name:		opsadmin1
               	Account Domain:		WS2022-LAB02
               	Logon ID:		0xD1A35

               Privileges:		SeSecurityPrivilege
               			SeTakeOwnershipPrivilege
               			SeBackupPrivilege
               			SeRestorePrivilege

TimeCreated  : 13/06/2026 17:13:32
Id           : 4672
ProviderName : Microsoft-Windows-Security-Auditing
MachineName  : WS2022-LAB02
Message      : Special privileges assigned to new logon.

               Subject:
               	Security ID:		S-1-5-21-1843355061-959072039-615746888-7097
               	Account Name:		opsadmin1
               	Account Domain:		WS2022-LAB02
               	Logon ID:		0x34F82

               Privileges:		SeSecurityPrivilege
               			SeTakeOwnershipPrivilege
               			SeBackupPrivilege
               			SeRestorePrivilege

TimeCreated  : 13/06/2026 17:14:04
Id           : 4672
ProviderName : Microsoft-Windows-Security-Auditing
MachineName  : WIN-H96JM6F374S
Message      : Special privileges assigned to new logon.

               Subject:
               	Security ID:		S-1-5-21-1843355061-959072039-615746888-7312
               	Account Name:		opsadmin1
               	Account Domain:		WIN-H96JM6F374S
               	Logon ID:		0x7E113

               Privileges:		SeSecurityPrivilege
               			SeTakeOwnershipPrivilege
               			SeBackupPrivilege
               			SeRestorePrivilege

TimeCreated  : 13/06/2026 17:14:16
Id           : 4672
ProviderName : Microsoft-Windows-Security-Auditing
MachineName  : WIN-H96JM6F374S
Message      : Special privileges assigned to new logon.

               Subject:
               	Security ID:		S-1-5-21-1843355061-959072039-615746888-3015
               	Account Name:		opsadmin2
               	Account Domain:		WIN-H96JM6F374S
               	Logon ID:		0x6AF5F

               Privileges:		SeSecurityPrivilege
               			SeTakeOwnershipPrivilege
               			SeBackupPrivilege
               			SeRestorePrivilege

TimeCreated  : 13/06/2026 17:14:53
Id           : 4672
ProviderName : Microsoft-Windows-Security-Auditing
MachineName  : WS2022-LAB02
Message      : Special privileges assigned to new logon.

               Subject:
               	Security ID:		S-1-5-21-1843355061-959072039-615746888-6064
               	Account Name:		opsadmin2
               	Account Domain:		WS2022-LAB02
               	Logon ID:		0xDE272

               Privileges:		SeSecurityPrivilege
               			SeTakeOwnershipPrivilege
               			SeBackupPrivilege
               			SeRestorePrivilege

TimeCreated  : 13/06/2026 17:15:13
Id           : 4672
ProviderName : Microsoft-Windows-Security-Auditing
MachineName  : WIN-H96JM6F374S
Message      : Special privileges assigned to new logon.

               Subject:
               	Security ID:		S-1-5-21-1843355061-959072039-615746888-6863
               	Account Name:		opsadmin2
               	Account Domain:		WIN-H96JM6F374S
               	Logon ID:		0x202F5

               Privileges:		SeSecurityPrivilege
               			SeTakeOwnershipPrivilege
               			SeBackupPrivilege
               			SeRestorePrivilege

TimeCreated  : 13/06/2026 17:15:33
Id           : 4672
ProviderName : Microsoft-Windows-Security-Auditing
MachineName  : WS2022-LAB02
Message      : Special privileges assigned to new logon.

               Subject:
               	Security ID:		S-1-5-21-1843355061-959072039-615746888-2912
               	Account Name:		opsadmin3
               	Account Domain:		WS2022-LAB02
               	Logon ID:		0xB67D0

               Privileges:		SeSecurityPrivilege
               			SeTakeOwnershipPrivilege
               			SeBackupPrivilege
               			SeRestorePrivilege

TimeCreated  : 13/06/2026 17:16:14
Id           : 4672
ProviderName : Microsoft-Windows-Security-Auditing
MachineName  : WS2022-LAB01
Message      : Special privileges assigned to new logon.

               Subject:
               	Security ID:		S-1-5-21-1843355061-959072039-615746888-9970
               	Account Name:		opsadmin1
               	Account Domain:		WS2022-LAB01
               	Logon ID:		0xEA21E

               Privileges:		SeSecurityPrivilege
               			SeTakeOwnershipPrivilege
               			SeBackupPrivilege
               			SeRestorePrivilege

