TimeCreated  : 13/06/2026 18:31:57
Id           : 4720
ProviderName : Microsoft-Windows-Security-Auditing
MachineName  : WS2022-LAB02
Message      : A user account was created.

               Subject:
               	Security ID:		S-1-5-21-1843355061-959072039-615746888-1878
               	Account Name:		opsadmin1
               	Account Domain:		WS2022-LAB02
               	Logon ID:		0xE78D3

               New Account:
               	Security ID:		S-1-5-21-1843355061-959072039-615746888-3033
               	Account Name:		tempuser087
               	Account Domain:		WS2022-LAB02

TimeCreated  : 13/06/2026 18:32:21
Id           : 4720
ProviderName : Microsoft-Windows-Security-Auditing
MachineName  : WS2022-LAB01
Message      : A user account was created.

               Subject:
               	Security ID:		S-1-5-21-1843355061-959072039-615746888-3969
               	Account Name:		opsadmin3
               	Account Domain:		WS2022-LAB01
               	Logon ID:		0x64792

               New Account:
               	Security ID:		S-1-5-21-1843355061-959072039-615746888-3719
               	Account Name:		tempuser088
               	Account Domain:		WS2022-LAB01

TimeCreated  : 13/06/2026 18:32:27
Id           : 4720
ProviderName : Microsoft-Windows-Security-Auditing
MachineName  : WS2022-LAB01
Message      : A user account was created.

               Subject:
               	Security ID:		S-1-5-21-1843355061-959072039-615746888-1252
               	Account Name:		labadmin
               	Account Domain:		WS2022-LAB01
               	Logon ID:		0x26F91

               New Account:
               	Security ID:		S-1-5-21-1843355061-959072039-615746888-4753
               	Account Name:		tempuser089
               	Account Domain:		WS2022-LAB01

TimeCreated  : 13/06/2026 18:32:36
Id           : 4720
ProviderName : Microsoft-Windows-Security-Auditing
MachineName  : WS2022-LAB02
Message      : A user account was created.

               Subject:
               	Security ID:		S-1-5-21-1843355061-959072039-615746888-3712
               	Account Name:		opsadmin3
               	Account Domain:		WS2022-LAB02
               	Logon ID:		0x1E705

               New Account:
               	Security ID:		S-1-5-21-1843355061-959072039-615746888-6570
               	Account Name:		tempuser090
               	Account Domain:		WS2022-LAB02

TimeCreated  : 13/06/2026 18:32:44
Id           : 4720
ProviderName : Microsoft-Windows-Security-Auditing
MachineName  : WIN-H96JM6F374S
Message      : A user account was created.

               Subject:
               	Security ID:		S-1-5-21-1843355061-959072039-615746888-9918
               	Account Name:		opsadmin3
               	Account Domain:		WIN-H96JM6F374S
               	Logon ID:		0xE59A5

               New Account:
               	Security ID:		S-1-5-21-1843355061-959072039-615746888-8752
               	Account Name:		tempuser091
               	Account Domain:		WIN-H96JM6F374S

TimeCreated  : 13/06/2026 18:33:01
Id           : 4720
ProviderName : Microsoft-Windows-Security-Auditing
MachineName  : WS2022-LAB01
Message      : A user account was created.

               Subject:
               	Security ID:		S-1-5-21-1843355061-959072039-615746888-1091
               	Account Name:		opsadmin2
               	Account Domain:		WS2022-LAB01
               	Logon ID:		0x3D110

               New Account:
               	Security ID:		S-1-5-21-1843355061-959072039-615746888-9590
               	Account Name:		tempuser092
               	Account Domain:		WS2022-LAB01

TimeCreated  : 13/06/2026 18:33:32
Id           : 4720
ProviderName : Microsoft-Windows-Security-Auditing
MachineName  : WS2022-LAB01
Message      : A user account was created.

               Subject:
               	Security ID:		S-1-5-21-1843355061-959072039-615746888-7950
               	Account Name:		labadmin
               	Account Domain:		WS2022-LAB01
               	Logon ID:		0x6C758

               New Account:
               	Security ID:		S-1-5-21-1843355061-959072039-615746888-4325
               	Account Name:		tempuser093
               	Account Domain:		WS2022-LAB01

TimeCreated  : 13/06/2026 18:33:40
Id           : 4720
ProviderName : Microsoft-Windows-Security-Auditing
MachineName  : WIN-H96JM6F374S
Message      : A user account was created.

               Subject:
               	Security ID:		S-1-5-21-1843355061-959072039-615746888-1654
               	Account Name:		opsadmin3
               	Account Domain:		WIN-H96JM6F374S
               	Logon ID:		0x56F12

               New Account:
               	Security ID:		S-1-5-21-1843355061-959072039-615746888-7056
               	Account Name:		tempuser094
               	Account Domain:		WIN-H96JM6F374S

TimeCreated  : 13/06/2026 18:33:52
Id           : 4720
ProviderName : Microsoft-Windows-Security-Auditing
MachineName  : WS2022-LAB02
Message      : A user account was created.

               Subject:
               	Security ID:		S-1-5-21-1843355061-959072039-615746888-9755
               	Account Name:		opsadmin2
               	Account Domain:		WS2022-LAB02
               	Logon ID:		0x13C47

               New Account:
               	Security ID:		S-1-5-21-1843355061-959072039-615746888-1616
               	Account Name:		tempuser095
               	Account Domain:		WS2022-LAB02

TimeCreated  : 13/06/2026 18:34:34
Id           : 4720
ProviderName : Microsoft-Windows-Security-Auditing
MachineName  : WS2022-LAB02
Message      : A user account was created.

               Subject:
               	Security ID:		S-1-5-21-1843355061-959072039-615746888-5485
               	Account Name:		opsadmin3
               	Account Domain:		WS2022-LAB02
               	Logon ID:		0x7E7D4

               New Account:
               	Security ID:		S-1-5-21-1843355061-959072039-615746888-3932
               	Account Name:		tempuser096
               	Account Domain:		WS2022-LAB02

TimeCreated  : 13/06/2026 18:34:40
Id           : 4720
ProviderName : Microsoft-Windows-Security-Auditing
MachineName  : WS2022-LAB01
Message      : A user account was created.

               Subject:
               	Security ID:		S-1-5-21-1843355061-959072039-615746888-1147
               	Account Name:		opsadmin1
               	Account Domain:		WS2022-LAB01
               	Logon ID:		0xA647A

               New Account:
               	Security ID:		S-1-5-21-1843355061-959072039-615746888-7141
               	Account Name:		tempuser097
               	Account Domain:		WS2022-LAB01

TimeCreated  : 13/06/2026 18:34:54
Id           : 4720
ProviderName : Microsoft-Windows-Security-Auditing
MachineName  : WS2022-LAB01
Message      : A user account was created.

               Subject:
               	Security ID:		S-1-5-21-1843355061-959072039-615746888-6615
               	Account Name:		labadmin
               	Account Domain:		WS2022-LAB01
               	Logon ID:		0x12AA0

               New Account:
               	Security ID:		S-1-5-21-1843355061-959072039-615746888-4065
               	Account Name:		tempuser098
               	Account Domain:		WS2022-LAB01

TimeCreated  : 13/06/2026 18:35:28
Id           : 4720
ProviderName : Microsoft-Windows-Security-Auditing
MachineName  : WS2022-LAB02
Message      : A user account was created.

               Subject:
               	Security ID:		S-1-5-21-1843355061-959072039-615746888-8154
               	Account Name:		opsadmin3
               	Account Domain:		WS2022-LAB02
               	Logon ID:		0x5C3C4

               New Account:
               	Security ID:		S-1-5-21-1843355061-959072039-615746888-2166
               	Account Name:		tempuser099
               	Account Domain:		WS2022-LAB02

TimeCreated  : 13/06/2026 18:36:09
Id           : 4720
ProviderName : Microsoft-Windows-Security-Auditing
MachineName  : WIN-H96JM6F374S
Message      : A user account was created.

               Subject:
               	Security ID:		S-1-5-21-1843355061-959072039-615746888-8739
               	Account Name:		labadmin
               	Account Domain:		WIN-H96JM6F374S
               	Logon ID:		0x5993D

               New Account:
               	Security ID:		S-1-5-21-1843355061-959072039-615746888-9346
               	Account Name:		tempuser100
               	Account Domain:		WIN-H96JM6F374S

TimeCreated  : 13/06/2026 18:36:20
Id           : 4720
ProviderName : Microsoft-Windows-Security-Auditing
MachineName  : WS2022-LAB02
Message      : A user account was created.

               Subject:
               	Security ID:		S-1-5-21-1843355061-959072039-615746888-4516
               	Account Name:		opsadmin3
               	Account Domain:		WS2022-LAB02
               	Logon ID:		0x2C047

               New Account:
               	Security ID:		S-1-5-21-1843355061-959072039-615746888-5354
               	Account Name:		tempuser101
               	Account Domain:		WS2022-LAB02

TimeCreated  : 13/06/2026 18:36:57
Id           : 4720
ProviderName : Microsoft-Windows-Security-Auditing
MachineName  : WS2022-LAB02
Message      : A user account was created.

               Subject:
               	Security ID:		S-1-5-21-1843355061-959072039-615746888-6995
               	Account Name:		opsadmin3
               	Account Domain:		WS2022-LAB02
               	Logon ID:		0x95A09

               New Account:
               	Security ID:		S-1-5-21-1843355061-959072039-615746888-8589
               	Account Name:		tempuser102
               	Account Domain:		WS2022-LAB02

TimeCreated  : 13/06/2026 18:37:29
Id           : 4720
ProviderName : Microsoft-Windows-Security-Auditing
MachineName  : WIN-H96JM6F374S
Message      : A user account was created.

               Subject:
               	Security ID:		S-1-5-21-1843355061-959072039-615746888-1736
               	Account Name:		opsadmin3
               	Account Domain:		WIN-H96JM6F374S
               	Logon ID:		0x39EE7

               New Account:
               	Security ID:		S-1-5-21-1843355061-959072039-615746888-4244
               	Account Name:		tempuser103
               	Account Domain:		WIN-H96JM6F374S

TimeCreated  : 13/06/2026 18:38:11
Id           : 4720
ProviderName : Microsoft-Windows-Security-Auditing
MachineName  : WIN-H96JM6F374S
Message      : A user account was created.

               Subject:
               	Security ID:		S-1-5-21-1843355061-959072039-615746888-2862
               	Account Name:		opsadmin3
               	Account Domain:		WIN-H96JM6F374S
               	Logon ID:		0xD66D8

               New Account:
               	Security ID:		S-1-5-21-1843355061-959072039-615746888-2319
               	Account Name:		tempuser104
               	Account Domain:		WIN-H96JM6F374S

TimeCreated  : 13/06/2026 18:38:19
Id           : 4720
ProviderName : Microsoft-Windows-Security-Auditing
MachineName  : WS2022-LAB02
Message      : A user account was created.

               Subject:
               	Security ID:		S-1-5-21-1843355061-959072039-615746888-9493
               	Account Name:		opsadmin1
               	Account Domain:		WS2022-LAB02
               	Logon ID:		0x69F18

               New Account:
               	Security ID:		S-1-5-21-1843355061-959072039-615746888-6136
               	Account Name:		tempuser105
               	Account Domain:		WS2022-LAB02

TimeCreated  : 13/06/2026 18:38:27
Id           : 4720
ProviderName : Microsoft-Windows-Security-Auditing
MachineName  : WS2022-LAB02
Message      : A user account was created.

               Subject:
               	Security ID:		S-1-5-21-1843355061-959072039-615746888-4972
               	Account Name:		opsadmin1
               	Account Domain:		WS2022-LAB02
               	Logon ID:		0x479DF

               New Account:
               	Security ID:		S-1-5-21-1843355061-959072039-615746888-5928
               	Account Name:		tempuser106
               	Account Domain:		WS2022-LAB02

TimeCreated  : 13/06/2026 18:38:54
Id           : 4720
ProviderName : Microsoft-Windows-Security-Auditing
MachineName  : WIN-H96JM6F374S
Message      : A user account was created.

               Subject:
               	Security ID:		S-1-5-21-1843355061-959072039-615746888-7002
               	Account Name:		opsadmin2
               	Account Domain:		WIN-H96JM6F374S
               	Logon ID:		0xA9503

               New Account:
               	Security ID:		S-1-5-21-1843355061-959072039-615746888-6992
               	Account Name:		tempuser107
               	Account Domain:		WIN-H96JM6F374S

TimeCreated  : 13/06/2026 18:39:20
Id           : 4720
ProviderName : Microsoft-Windows-Security-Auditing
MachineName  : WIN-H96JM6F374S
Message      : A user account was created.

               Subject:
               	Security ID:		S-1-5-21-1843355061-959072039-615746888-4356
               	Account Name:		opsadmin2
               	Account Domain:		WIN-H96JM6F374S
               	Logon ID:		0x7583A

               New Account:
               	Security ID:		S-1-5-21-1843355061-959072039-615746888-6442
               	Account Name:		tempuser108
               	Account Domain:		WIN-H96JM6F374S

TimeCreated  : 13/06/2026 18:39:41
Id           : 4720
ProviderName : Microsoft-Windows-Security-Auditing
MachineName  : WIN-H96JM6F374S
Message      : A user account was created.

               Subject:
               	Security ID:		S-1-5-21-1843355061-959072039-615746888-3712
               	Account Name:		opsadmin2
               	Account Domain:		WIN-H96JM6F374S
               	Logon ID:		0x896B4

               New Account:
               	Security ID:		S-1-5-21-1843355061-959072039-615746888-7305
               	Account Name:		tempuser109
               	Account Domain:		WIN-H96JM6F374S

TimeCreated  : 13/06/2026 18:40:09
Id           : 4720
ProviderName : Microsoft-Windows-Security-Auditing
MachineName  : WIN-H96JM6F374S
Message      : A user account was created.

               Subject:
               	Security ID:		S-1-5-21-1843355061-959072039-615746888-9557
               	Account Name:		opsadmin1
               	Account Domain:		WIN-H96JM6F374S
               	Logon ID:		0x376B1

               New Account:
               	Security ID:		S-1-5-21-1843355061-959072039-615746888-4339
               	Account Name:		tempuser110
               	Account Domain:		WIN-H96JM6F374S

TimeCreated  : 13/06/2026 18:40:35
Id           : 4720
ProviderName : Microsoft-Windows-Security-Auditing
MachineName  : WS2022-LAB01
Message      : A user account was created.

               Subject:
               	Security ID:		S-1-5-21-1843355061-959072039-615746888-4656
               	Account Name:		labadmin
               	Account Domain:		WS2022-LAB01
               	Logon ID:		0x6EDE8

               New Account:
               	Security ID:		S-1-5-21-1843355061-959072039-615746888-3134
               	Account Name:		tempuser111
               	Account Domain:		WS2022-LAB01

TimeCreated  : 13/06/2026 18:40:51
Id           : 4720
ProviderName : Microsoft-Windows-Security-Auditing
MachineName  : WIN-H96JM6F374S
Message      : A user account was created.

               Subject:
               	Security ID:		S-1-5-21-1843355061-959072039-615746888-5384
               	Account Name:		opsadmin2
               	Account Domain:		WIN-H96JM6F374S
               	Logon ID:		0x8D822

               New Account:
               	Security ID:		S-1-5-21-1843355061-959072039-615746888-8107
               	Account Name:		tempuser112
               	Account Domain:		WIN-H96JM6F374S

TimeCreated  : 13/06/2026 18:41:14
Id           : 4720
ProviderName : Microsoft-Windows-Security-Auditing
MachineName  : WIN-H96JM6F374S
Message      : A user account was created.

               Subject:
               	Security ID:		S-1-5-21-1843355061-959072039-615746888-8205
               	Account Name:		opsadmin1
               	Account Domain:		WIN-H96JM6F374S
               	Logon ID:		0xBAFBC

               New Account:
               	Security ID:		S-1-5-21-1843355061-959072039-615746888-6598
               	Account Name:		tempuser113
               	Account Domain:		WIN-H96JM6F374S

TimeCreated  : 13/06/2026 18:41:46
Id           : 4720
ProviderName : Microsoft-Windows-Security-Auditing
MachineName  : WIN-H96JM6F374S
Message      : A user account was created.

               Subject:
               	Security ID:		S-1-5-21-1843355061-959072039-615746888-7834
               	Account Name:		labadmin
               	Account Domain:		WIN-H96JM6F374S
               	Logon ID:		0x400ED

               New Account:
               	Security ID:		S-1-5-21-1843355061-959072039-615746888-1190
               	Account Name:		tempuser114
               	Account Domain:		WIN-H96JM6F374S

TimeCreated  : 13/06/2026 18:42:06
Id           : 4720
ProviderName : Microsoft-Windows-Security-Auditing
MachineName  : WS2022-LAB01
Message      : A user account was created.

               Subject:
               	Security ID:		S-1-5-21-1843355061-959072039-615746888-6469
               	Account Name:		opsadmin1
               	Account Domain:		WS2022-LAB01
               	Logon ID:		0x72297

               New Account:
               	Security ID:		S-1-5-21-1843355061-959072039-615746888-3111
               	Account Name:		tempuser115
               	Account Domain:		WS2022-LAB01

TimeCreated  : 13/06/2026 18:42:23
Id           : 4720
ProviderName : Microsoft-Windows-Security-Auditing
MachineName  : WS2022-LAB02
Message      : A user account was created.

               Subject:
               	Security ID:		S-1-5-21-1843355061-959072039-615746888-4974
               	Account Name:		opsadmin2
               	Account Domain:		WS2022-LAB02
               	Logon ID:		0x50CE1

               New Account:
               	Security ID:		S-1-5-21-1843355061-959072039-615746888-5639
               	Account Name:		tempuser116
               	Account Domain:		WS2022-LAB02

TimeCreated  : 13/06/2026 18:42:30
Id           : 4720
ProviderName : Microsoft-Windows-Security-Auditing
MachineName  : WIN-H96JM6F374S
Message      : A user account was created.

               Subject:
               	Security ID:		S-1-5-21-1843355061-959072039-615746888-8643
               	Account Name:		opsadmin2
               	Account Domain:		WIN-H96JM6F374S
               	Logon ID:		0xDFFF0

               New Account:
               	Security ID:		S-1-5-21-1843355061-959072039-615746888-2131
               	Account Name:		tempuser117
               	Account Domain:		WIN-H96JM6F374S

TimeCreated  : 13/06/2026 18:43:02
Id           : 4720
ProviderName : Microsoft-Windows-Security-Auditing
MachineName  : WS2022-LAB02
Message      : A user account was created.

               Subject:
               	Security ID:		S-1-5-21-1843355061-959072039-615746888-7106
               	Account Name:		opsadmin1
               	Account Domain:		WS2022-LAB02
               	Logon ID:		0x5EC59

               New Account:
               	Security ID:		S-1-5-21-1843355061-959072039-615746888-7938
               	Account Name:		tempuser118
               	Account Domain:		WS2022-LAB02

TimeCreated  : 13/06/2026 18:43:08
Id           : 4720
ProviderName : Microsoft-Windows-Security-Auditing
MachineName  : WIN-H96JM6F374S
Message      : A user account was created.

               Subject:
               	Security ID:		S-1-5-21-1843355061-959072039-615746888-8208
               	Account Name:		opsadmin3
               	Account Domain:		WIN-H96JM6F374S
               	Logon ID:		0xD775F

               New Account:
               	Security ID:		S-1-5-21-1843355061-959072039-615746888-2144
               	Account Name:		tempuser119
               	Account Domain:		WIN-H96JM6F374S

TimeCreated  : 13/06/2026 18:43:15
Id           : 4720
ProviderName : Microsoft-Windows-Security-Auditing
MachineName  : WS2022-LAB02
Message      : A user account was created.

               Subject:
               	Security ID:		S-1-5-21-1843355061-959072039-615746888-9852
               	Account Name:		labadmin
               	Account Domain:		WS2022-LAB02
               	Logon ID:		0xD8F76

               New Account:
               	Security ID:		S-1-5-21-1843355061-959072039-615746888-4353
               	Account Name:		tempuser120
               	Account Domain:		WS2022-LAB02

TimeCreated  : 13/06/2026 18:43:25
Id           : 4720
ProviderName : Microsoft-Windows-Security-Auditing
MachineName  : WS2022-LAB01
Message      : A user account was created.

               Subject:
               	Security ID:		S-1-5-21-1843355061-959072039-615746888-2499
               	Account Name:		opsadmin3
               	Account Domain:		WS2022-LAB01
               	Logon ID:		0x3E2E1

               New Account:
               	Security ID:		S-1-5-21-1843355061-959072039-615746888-2652
               	Account Name:		tempuser121
               	Account Domain:		WS2022-LAB01

TimeCreated  : 13/06/2026 18:43:42
Id           : 4720
ProviderName : Microsoft-Windows-Security-Auditing
MachineName  : WIN-H96JM6F374S
Message      : A user account was created.

               Subject:
               	Security ID:		S-1-5-21-1843355061-959072039-615746888-7514
               	Account Name:		labadmin
               	Account Domain:		WIN-H96JM6F374S
               	Logon ID:		0xCB97A

               New Account:
               	Security ID:		S-1-5-21-1843355061-959072039-615746888-7176
               	Account Name:		tempuser122
               	Account Domain:		WIN-H96JM6F374S

TimeCreated  : 13/06/2026 18:44:00
Id           : 4720
ProviderName : Microsoft-Windows-Security-Auditing
MachineName  : WS2022-LAB01
Message      : A user account was created.

               Subject:
               	Security ID:		S-1-5-21-1843355061-959072039-615746888-1863
               	Account Name:		labadmin
               	Account Domain:		WS2022-LAB01
               	Logon ID:		0xCB447

               New Account:
               	Security ID:		S-1-5-21-1843355061-959072039-615746888-7540
               	Account Name:		tempuser123
               	Account Domain:		WS2022-LAB01

TimeCreated  : 13/06/2026 18:44:36
Id           : 4720
ProviderName : Microsoft-Windows-Security-Auditing
MachineName  : WS2022-LAB01
Message      : A user account was created.

               Subject:
               	Security ID:		S-1-5-21-1843355061-959072039-615746888-2619
               	Account Name:		opsadmin3
               	Account Domain:		WS2022-LAB01
               	Logon ID:		0x1B8EF

               New Account:
               	Security ID:		S-1-5-21-1843355061-959072039-615746888-2432
               	Account Name:		tempuser124
               	Account Domain:		WS2022-LAB01

TimeCreated  : 13/06/2026 18:44:41
Id           : 4720
ProviderName : Microsoft-Windows-Security-Auditing
MachineName  : WS2022-LAB02
Message      : A user account was created.

               Subject:
               	Security ID:		S-1-5-21-1843355061-959072039-615746888-9994
               	Account Name:		opsadmin1
               	Account Domain:		WS2022-LAB02
               	Logon ID:		0xB4B62

               New Account:
               	Security ID:		S-1-5-21-1843355061-959072039-615746888-1952
               	Account Name:		tempuser125
               	Account Domain:		WS2022-LAB02

TimeCreated  : 13/06/2026 18:45:09
Id           : 4720
ProviderName : Microsoft-Windows-Security-Auditing
MachineName  : WIN-H96JM6F374S
Message      : A user account was created.

               Subject:
               	Security ID:		S-1-5-21-1843355061-959072039-615746888-9262
               	Account Name:		labadmin
               	Account Domain:		WIN-H96JM6F374S
               	Logon ID:		0x550EE

               New Account:
               	Security ID:		S-1-5-21-1843355061-959072039-615746888-3565
               	Account Name:		tempuser126
               	Account Domain:		WIN-H96JM6F374S

TimeCreated  : 13/06/2026 18:45:24
Id           : 4720
ProviderName : Microsoft-Windows-Security-Auditing
MachineName  : WS2022-LAB02
Message      : A user account was created.

               Subject:
               	Security ID:		S-1-5-21-1843355061-959072039-615746888-7549
               	Account Name:		opsadmin3
               	Account Domain:		WS2022-LAB02
               	Logon ID:		0xD2792

               New Account:
               	Security ID:		S-1-5-21-1843355061-959072039-615746888-3919
               	Account Name:		tempuser127
               	Account Domain:		WS2022-LAB02

TimeCreated  : 13/06/2026 18:46:02
Id           : 4720
ProviderName : Microsoft-Windows-Security-Auditing
MachineName  : WS2022-LAB02
Message      : A user account was created.

               Subject:
               	Security ID:		S-1-5-21-1843355061-959072039-615746888-7309
               	Account Name:		opsadmin2
               	Account Domain:		WS2022-LAB02
               	Logon ID:		0xAE61B

               New Account:
               	Security ID:		S-1-5-21-1843355061-959072039-615746888-1493
               	Account Name:		tempuser128
               	Account Domain:		WS2022-LAB02

TimeCreated  : 13/06/2026 18:46:27
Id           : 4720
ProviderName : Microsoft-Windows-Security-Auditing
MachineName  : WIN-H96JM6F374S
Message      : A user account was created.

               Subject:
               	Security ID:		S-1-5-21-1843355061-959072039-615746888-2568
               	Account Name:		opsadmin2
               	Account Domain:		WIN-H96JM6F374S
               	Logon ID:		0x8DD76

               New Account:
               	Security ID:		S-1-5-21-1843355061-959072039-615746888-7209
               	Account Name:		tempuser129
               	Account Domain:		WIN-H96JM6F374S

TimeCreated  : 13/06/2026 18:46:40
Id           : 4720
ProviderName : Microsoft-Windows-Security-Auditing
MachineName  : WS2022-LAB02
Message      : A user account was created.

               Subject:
               	Security ID:		S-1-5-21-1843355061-959072039-615746888-8336
               	Account Name:		opsadmin3
               	Account Domain:		WS2022-LAB02
               	Logon ID:		0x2CED8

               New Account:
               	Security ID:		S-1-5-21-1843355061-959072039-615746888-1893
               	Account Name:		tempuser130
               	Account Domain:		WS2022-LAB02

TimeCreated  : 13/06/2026 18:47:22
Id           : 4720
ProviderName : Microsoft-Windows-Security-Auditing
MachineName  : WS2022-LAB01
Message      : A user account was created.

               Subject:
               	Security ID:		S-1-5-21-1843355061-959072039-615746888-3519
               	Account Name:		labadmin
               	Account Domain:		WS2022-LAB01
               	Logon ID:		0x4BD76

               New Account:
               	Security ID:		S-1-5-21-1843355061-959072039-615746888-4730
               	Account Name:		tempuser131
               	Account Domain:		WS2022-LAB01

TimeCreated  : 13/06/2026 18:47:56
Id           : 4720
ProviderName : Microsoft-Windows-Security-Auditing
MachineName  : WS2022-LAB02
Message      : A user account was created.

               Subject:
               	Security ID:		S-1-5-21-1843355061-959072039-615746888-6375
               	Account Name:		opsadmin1
               	Account Domain:		WS2022-LAB02
               	Logon ID:		0xC37FF

               New Account:
               	Security ID:		S-1-5-21-1843355061-959072039-615746888-5426
               	Account Name:		tempuser132
               	Account Domain:		WS2022-LAB02

TimeCreated  : 13/06/2026 18:48:03
Id           : 4720
ProviderName : Microsoft-Windows-Security-Auditing
MachineName  : WS2022-LAB02
Message      : A user account was created.

               Subject:
               	Security ID:		S-1-5-21-1843355061-959072039-615746888-4357
               	Account Name:		opsadmin2
               	Account Domain:		WS2022-LAB02
               	Logon ID:		0x74CBB

               New Account:
               	Security ID:		S-1-5-21-1843355061-959072039-615746888-4666
               	Account Name:		tempuser133
               	Account Domain:		WS2022-LAB02

TimeCreated  : 13/06/2026 18:48:29
Id           : 4720
ProviderName : Microsoft-Windows-Security-Auditing
MachineName  : WIN-H96JM6F374S
Message      : A user account was created.

               Subject:
               	Security ID:		S-1-5-21-1843355061-959072039-615746888-5081
               	Account Name:		opsadmin1
               	Account Domain:		WIN-H96JM6F374S
               	Logon ID:		0x6CA3B

               New Account:
               	Security ID:		S-1-5-21-1843355061-959072039-615746888-8297
               	Account Name:		tempuser134
               	Account Domain:		WIN-H96JM6F374S

TimeCreated  : 13/06/2026 18:49:07
Id           : 4720
ProviderName : Microsoft-Windows-Security-Auditing
MachineName  : WS2022-LAB02
Message      : A user account was created.

               Subject:
               	Security ID:		S-1-5-21-1843355061-959072039-615746888-8987
               	Account Name:		opsadmin1
               	Account Domain:		WS2022-LAB02
               	Logon ID:		0x9F10F

               New Account:
               	Security ID:		S-1-5-21-1843355061-959072039-615746888-9364
               	Account Name:		tempuser135
               	Account Domain:		WS2022-LAB02

TimeCreated  : 13/06/2026 18:49:30
Id           : 4720
ProviderName : Microsoft-Windows-Security-Auditing
MachineName  : WS2022-LAB01
Message      : A user account was created.

               Subject:
               	Security ID:		S-1-5-21-1843355061-959072039-615746888-7089
               	Account Name:		opsadmin2
               	Account Domain:		WS2022-LAB01
               	Logon ID:		0x5565B

               New Account:
               	Security ID:		S-1-5-21-1843355061-959072039-615746888-6625
               	Account Name:		tempuser136
               	Account Domain:		WS2022-LAB01

TimeCreated  : 13/06/2026 18:49:56
Id           : 4720
ProviderName : Microsoft-Windows-Security-Auditing
MachineName  : WS2022-LAB02
Message      : A user account was created.

               Subject:
               	Security ID:		S-1-5-21-1843355061-959072039-615746888-5352
               	Account Name:		opsadmin3
               	Account Domain:		WS2022-LAB02
               	Logon ID:		0x90B7B

               New Account:
               	Security ID:		S-1-5-21-1843355061-959072039-615746888-1727
               	Account Name:		tempuser137
               	Account Domain:		WS2022-LAB02

TimeCreated  : 13/06/2026 18:50:07
Id           : 4720
ProviderName : Microsoft-Windows-Security-Auditing
MachineName  : WIN-H96JM6F374S
Message      : A user account was created.

               Subject:
               	Security ID:		S-1-5-21-1843355061-959072039-615746888-4750
               	Account Name:		labadmin
               	Account Domain:		WIN-H96JM6F374S
               	Logon ID:		0x71A94

               New Account:
               	Security ID:		S-1-5-21-1843355061-959072039-615746888-3521
               	Account Name:		tempuser138
               	Account Domain:		WIN-H96JM6F374S

TimeCreated  : 13/06/2026 18:50:50
Id           : 4720
ProviderName : Microsoft-Windows-Security-Auditing
MachineName  : WIN-H96JM6F374S
Message      : A user account was created.

               Subject:
               	Security ID:		S-1-5-21-1843355061-959072039-615746888-6548
               	Account Name:		opsadmin1
               	Account Domain:		WIN-H96JM6F374S
               	Logon ID:		0x7DCDE

               New Account:
               	Security ID:		S-1-5-21-1843355061-959072039-615746888-7311
               	Account Name:		tempuser139
               	Account Domain:		WIN-H96JM6F374S

TimeCreated  : 13/06/2026 18:51:06
Id           : 4720
ProviderName : Microsoft-Windows-Security-Auditing
MachineName  : WIN-H96JM6F374S
Message      : A user account was created.

               Subject:
               	Security ID:		S-1-5-21-1843355061-959072039-615746888-6283
               	Account Name:		opsadmin1
               	Account Domain:		WIN-H96JM6F374S
               	Logon ID:		0xE4354

               New Account:
               	Security ID:		S-1-5-21-1843355061-959072039-615746888-8243
               	Account Name:		tempuser140
               	Account Domain:		WIN-H96JM6F374S

TimeCreated  : 13/06/2026 18:51:43
Id           : 4720
ProviderName : Microsoft-Windows-Security-Auditing
MachineName  : WS2022-LAB02
Message      : A user account was created.

               Subject:
               	Security ID:		S-1-5-21-1843355061-959072039-615746888-2421
               	Account Name:		labadmin
               	Account Domain:		WS2022-LAB02
               	Logon ID:		0x5DA5B

               New Account:
               	Security ID:		S-1-5-21-1843355061-959072039-615746888-9779
               	Account Name:		tempuser141
               	Account Domain:		WS2022-LAB02

TimeCreated  : 13/06/2026 18:51:57
Id           : 4720
ProviderName : Microsoft-Windows-Security-Auditing
MachineName  : WS2022-LAB02
Message      : A user account was created.

               Subject:
               	Security ID:		S-1-5-21-1843355061-959072039-615746888-3056
               	Account Name:		opsadmin2
               	Account Domain:		WS2022-LAB02
               	Logon ID:		0xEA839

               New Account:
               	Security ID:		S-1-5-21-1843355061-959072039-615746888-6567
               	Account Name:		tempuser142
               	Account Domain:		WS2022-LAB02

TimeCreated  : 13/06/2026 18:52:30
Id           : 4720
ProviderName : Microsoft-Windows-Security-Auditing
MachineName  : WS2022-LAB02
Message      : A user account was created.

               Subject:
               	Security ID:		S-1-5-21-1843355061-959072039-615746888-3562
               	Account Name:		labadmin
               	Account Domain:		WS2022-LAB02
               	Logon ID:		0xAE97B

               New Account:
               	Security ID:		S-1-5-21-1843355061-959072039-615746888-3107
               	Account Name:		tempuser143
               	Account Domain:		WS2022-LAB02

TimeCreated  : 13/06/2026 18:52:53
Id           : 4720
ProviderName : Microsoft-Windows-Security-Auditing
MachineName  : WIN-H96JM6F374S
Message      : A user account was created.

               Subject:
               	Security ID:		S-1-5-21-1843355061-959072039-615746888-3682
               	Account Name:		opsadmin1
               	Account Domain:		WIN-H96JM6F374S
               	Logon ID:		0x3B7AE

               New Account:
               	Security ID:		S-1-5-21-1843355061-959072039-615746888-4179
               	Account Name:		tempuser144
               	Account Domain:		WIN-H96JM6F374S

TimeCreated  : 13/06/2026 18:53:38
Id           : 4720
ProviderName : Microsoft-Windows-Security-Auditing
MachineName  : WIN-H96JM6F374S
Message      : A user account was created.

               Subject:
               	Security ID:		S-1-5-21-1843355061-959072039-615746888-7273
               	Account Name:		labadmin
               	Account Domain:		WIN-H96JM6F374S
               	Logon ID:		0x95276

               New Account:
               	Security ID:		S-1-5-21-1843355061-959072039-615746888-3639
               	Account Name:		tempuser145
               	Account Domain:		WIN-H96JM6F374S

TimeCreated  : 13/06/2026 18:54:00
Id           : 4720
ProviderName : Microsoft-Windows-Security-Auditing
MachineName  : WIN-H96JM6F374S
Message      : A user account was created.

               Subject:
               	Security ID:		S-1-5-21-1843355061-959072039-615746888-2290
               	Account Name:		opsadmin1
               	Account Domain:		WIN-H96JM6F374S
               	Logon ID:		0x53303

               New Account:
               	Security ID:		S-1-5-21-1843355061-959072039-615746888-3722
               	Account Name:		tempuser146
               	Account Domain:		WIN-H96JM6F374S

TimeCreated  : 13/06/2026 18:54:41
Id           : 4720
ProviderName : Microsoft-Windows-Security-Auditing
MachineName  : WS2022-LAB01
Message      : A user account was created.

               Subject:
               	Security ID:		S-1-5-21-1843355061-959072039-615746888-4360
               	Account Name:		labadmin
               	Account Domain:		WS2022-LAB01
               	Logon ID:		0x2D975

               New Account:
               	Security ID:		S-1-5-21-1843355061-959072039-615746888-9119
               	Account Name:		tempuser147
               	Account Domain:		WS2022-LAB01

TimeCreated  : 13/06/2026 18:54:57
Id           : 4720
ProviderName : Microsoft-Windows-Security-Auditing
MachineName  : WS2022-LAB02
Message      : A user account was created.

               Subject:
               	Security ID:		S-1-5-21-1843355061-959072039-615746888-9932
               	Account Name:		opsadmin1
               	Account Domain:		WS2022-LAB02
               	Logon ID:		0x53494

               New Account:
               	Security ID:		S-1-5-21-1843355061-959072039-615746888-9914
               	Account Name:		tempuser148
               	Account Domain:		WS2022-LAB02

TimeCreated  : 13/06/2026 18:55:42
Id           : 4720
ProviderName : Microsoft-Windows-Security-Auditing
MachineName  : WS2022-LAB01
Message      : A user account was created.

               Subject:
               	Security ID:		S-1-5-21-1843355061-959072039-615746888-7482
               	Account Name:		opsadmin1
               	Account Domain:		WS2022-LAB01
               	Logon ID:		0x95954

               New Account:
               	Security ID:		S-1-5-21-1843355061-959072039-615746888-5944
               	Account Name:		tempuser149
               	Account Domain:		WS2022-LAB01

TimeCreated  : 13/06/2026 18:55:56
Id           : 4720
ProviderName : Microsoft-Windows-Security-Auditing
MachineName  : WS2022-LAB02
Message      : A user account was created.

               Subject:
               	Security ID:		S-1-5-21-1843355061-959072039-615746888-5062
               	Account Name:		opsadmin2
               	Account Domain:		WS2022-LAB02
               	Logon ID:		0xDE684

               New Account:
               	Security ID:		S-1-5-21-1843355061-959072039-615746888-4637
               	Account Name:		tempuser150
               	Account Domain:		WS2022-LAB02

TimeCreated  : 13/06/2026 18:56:23
Id           : 4720
ProviderName : Microsoft-Windows-Security-Auditing
MachineName  : WIN-H96JM6F374S
Message      : A user account was created.

               Subject:
               	Security ID:		S-1-5-21-1843355061-959072039-615746888-5957
               	Account Name:		opsadmin1
               	Account Domain:		WIN-H96JM6F374S
               	Logon ID:		0x70D46

               New Account:
               	Security ID:		S-1-5-21-1843355061-959072039-615746888-5970
               	Account Name:		tempuser151
               	Account Domain:		WIN-H96JM6F374S

TimeCreated  : 13/06/2026 18:56:50
Id           : 4720
ProviderName : Microsoft-Windows-Security-Auditing
MachineName  : WS2022-LAB01
Message      : A user account was created.

               Subject:
               	Security ID:		S-1-5-21-1843355061-959072039-615746888-1186
               	Account Name:		labadmin
               	Account Domain:		WS2022-LAB01
               	Logon ID:		0x517A3

               New Account:
               	Security ID:		S-1-5-21-1843355061-959072039-615746888-5746
               	Account Name:		tempuser152
               	Account Domain:		WS2022-LAB01

TimeCreated  : 13/06/2026 18:57:07
Id           : 4720
ProviderName : Microsoft-Windows-Security-Auditing
MachineName  : WS2022-LAB01
Message      : A user account was created.

               Subject:
               	Security ID:		S-1-5-21-1843355061-959072039-615746888-8311
               	Account Name:		opsadmin1
               	Account Domain:		WS2022-LAB01
               	Logon ID:		0x37F49

               New Account:
               	Security ID:		S-1-5-21-1843355061-959072039-615746888-1643
               	Account Name:		tempuser153
               	Account Domain:		WS2022-LAB01

TimeCreated  : 13/06/2026 18:57:23
Id           : 4720
ProviderName : Microsoft-Windows-Security-Auditing
MachineName  : WS2022-LAB01
Message      : A user account was created.

               Subject:
               	Security ID:		S-1-5-21-1843355061-959072039-615746888-2758
               	Account Name:		labadmin
               	Account Domain:		WS2022-LAB01
               	Logon ID:		0x665E7

               New Account:
               	Security ID:		S-1-5-21-1843355061-959072039-615746888-6090
               	Account Name:		tempuser154
               	Account Domain:		WS2022-LAB01

TimeCreated  : 13/06/2026 18:57:36
Id           : 4720
ProviderName : Microsoft-Windows-Security-Auditing
MachineName  : WS2022-LAB01
Message      : A user account was created.

               Subject:
               	Security ID:		S-1-5-21-1843355061-959072039-615746888-2582
               	Account Name:		labadmin
               	Account Domain:		WS2022-LAB01
               	Logon ID:		0xE738A

               New Account:
               	Security ID:		S-1-5-21-1843355061-959072039-615746888-1000
               	Account Name:		tempuser155
               	Account Domain:		WS2022-LAB01

TimeCreated  : 13/06/2026 18:58:13
Id           : 4720
ProviderName : Microsoft-Windows-Security-Auditing
MachineName  : WIN-H96JM6F374S
Message      : A user account was created.

               Subject:
               	Security ID:		S-1-5-21-1843355061-959072039-615746888-2149
               	Account Name:		opsadmin1
               	Account Domain:		WIN-H96JM6F374S
               	Logon ID:		0x7E1C3

               New Account:
               	Security ID:		S-1-5-21-1843355061-959072039-615746888-1099
               	Account Name:		tempuser156
               	Account Domain:		WIN-H96JM6F374S

TimeCreated  : 13/06/2026 18:58:30
Id           : 4720
ProviderName : Microsoft-Windows-Security-Auditing
MachineName  : WIN-H96JM6F374S
Message      : A user account was created.

               Subject:
               	Security ID:		S-1-5-21-1843355061-959072039-615746888-7593
               	Account Name:		labadmin
               	Account Domain:		WIN-H96JM6F374S
               	Logon ID:		0x2D395

               New Account:
               	Security ID:		S-1-5-21-1843355061-959072039-615746888-9889
               	Account Name:		tempuser157
               	Account Domain:		WIN-H96JM6F374S

TimeCreated  : 13/06/2026 18:59:04
Id           : 4720
ProviderName : Microsoft-Windows-Security-Auditing
MachineName  : WS2022-LAB01
Message      : A user account was created.

               Subject:
               	Security ID:		S-1-5-21-1843355061-959072039-615746888-9800
               	Account Name:		opsadmin2
               	Account Domain:		WS2022-LAB01
               	Logon ID:		0xB1980

               New Account:
               	Security ID:		S-1-5-21-1843355061-959072039-615746888-5211
               	Account Name:		tempuser158
               	Account Domain:		WS2022-LAB01

TimeCreated  : 13/06/2026 18:59:44
Id           : 4720
ProviderName : Microsoft-Windows-Security-Auditing
MachineName  : WS2022-LAB01
Message      : A user account was created.

               Subject:
               	Security ID:		S-1-5-21-1843355061-959072039-615746888-9997
               	Account Name:		opsadmin3
               	Account Domain:		WS2022-LAB01
               	Logon ID:		0xBF680

               New Account:
               	Security ID:		S-1-5-21-1843355061-959072039-615746888-2619
               	Account Name:		tempuser159
               	Account Domain:		WS2022-LAB01

TimeCreated  : 13/06/2026 19:00:21
Id           : 4720
ProviderName : Microsoft-Windows-Security-Auditing
MachineName  : WS2022-LAB01
Message      : A user account was created.

               Subject:
               	Security ID:		S-1-5-21-1843355061-959072039-615746888-6996
               	Account Name:		labadmin
               	Account Domain:		WS2022-LAB01
               	Logon ID:		0x45FD3

               New Account:
               	Security ID:		S-1-5-21-1843355061-959072039-615746888-7369
               	Account Name:		tempuser160
               	Account Domain:		WS2022-LAB01

TimeCreated  : 13/06/2026 19:00:57
Id           : 4726
ProviderName : Microsoft-Windows-Security-Auditing
MachineName  : WIN-H96JM6F374S
Message      : A user account was deleted.

               Subject:
               	Security ID:		S-1-5-21-1843355061-959072039-615746888-5246
               	Account Name:		opsadmin1
               	Account Domain:		WIN-H96JM6F374S
               	Logon ID:		0xC94A0

               Deleted Account:
               	Security ID:		S-1-5-21-1843355061-959072039-615746888-6763
               	Account Name:		tempuser173
               	Account Domain:		WIN-H96JM6F374S

TimeCreated  : 13/06/2026 19:01:21
Id           : 4726
ProviderName : Microsoft-Windows-Security-Auditing
MachineName  : WS2022-LAB01
Message      : A user account was deleted.

               Subject:
               	Security ID:		S-1-5-21-1843355061-959072039-615746888-9991
               	Account Name:		opsadmin3
               	Account Domain:		WS2022-LAB01
               	Logon ID:		0x8C87C

               Deleted Account:
               	Security ID:		S-1-5-21-1843355061-959072039-615746888-1043
               	Account Name:		tempuser206
               	Account Domain:		WS2022-LAB01

TimeCreated  : 13/06/2026 19:01:32
Id           : 4726
ProviderName : Microsoft-Windows-Security-Auditing
MachineName  : WS2022-LAB02
Message      : A user account was deleted.

               Subject:
               	Security ID:		S-1-5-21-1843355061-959072039-615746888-6535
               	Account Name:		labadmin
               	Account Domain:		WS2022-LAB02
               	Logon ID:		0x7FE9A

               Deleted Account:
               	Security ID:		S-1-5-21-1843355061-959072039-615746888-9468
               	Account Name:		tempuser359
               	Account Domain:		WS2022-LAB02

TimeCreated  : 13/06/2026 19:01:54
Id           : 4726
ProviderName : Microsoft-Windows-Security-Auditing
MachineName  : WS2022-LAB02
Message      : A user account was deleted.

               Subject:
               	Security ID:		S-1-5-21-1843355061-959072039-615746888-8594
               	Account Name:		opsadmin3
               	Account Domain:		WS2022-LAB02
               	Logon ID:		0xC845F

               Deleted Account:
               	Security ID:		S-1-5-21-1843355061-959072039-615746888-2357
               	Account Name:		tempuser172
               	Account Domain:		WS2022-LAB02

TimeCreated  : 13/06/2026 19:02:13
Id           : 4726
ProviderName : Microsoft-Windows-Security-Auditing
MachineName  : WS2022-LAB01
Message      : A user account was deleted.

               Subject:
               	Security ID:		S-1-5-21-1843355061-959072039-615746888-3993
               	Account Name:		labadmin
               	Account Domain:		WS2022-LAB01
               	Logon ID:		0x6B964

               Deleted Account:
               	Security ID:		S-1-5-21-1843355061-959072039-615746888-4639
               	Account Name:		tempuser174
               	Account Domain:		WS2022-LAB01

TimeCreated  : 13/06/2026 19:02:58
Id           : 4726
ProviderName : Microsoft-Windows-Security-Auditing
MachineName  : WIN-H96JM6F374S
Message      : A user account was deleted.

               Subject:
               	Security ID:		S-1-5-21-1843355061-959072039-615746888-3846
               	Account Name:		opsadmin1
               	Account Domain:		WIN-H96JM6F374S
               	Logon ID:		0x95039

               Deleted Account:
               	Security ID:		S-1-5-21-1843355061-959072039-615746888-8298
               	Account Name:		tempuser322
               	Account Domain:		WIN-H96JM6F374S

TimeCreated  : 13/06/2026 19:03:23
Id           : 4726
ProviderName : Microsoft-Windows-Security-Auditing
MachineName  : WIN-H96JM6F374S
Message      : A user account was deleted.

               Subject:
               	Security ID:		S-1-5-21-1843355061-959072039-615746888-6107
               	Account Name:		opsadmin3
               	Account Domain:		WIN-H96JM6F374S
               	Logon ID:		0x26E84

               Deleted Account:
               	Security ID:		S-1-5-21-1843355061-959072039-615746888-5813
               	Account Name:		tempuser220
               	Account Domain:		WIN-H96JM6F374S

TimeCreated  : 13/06/2026 19:03:51
Id           : 4726
ProviderName : Microsoft-Windows-Security-Auditing
MachineName  : WS2022-LAB02
Message      : A user account was deleted.

               Subject:
               	Security ID:		S-1-5-21-1843355061-959072039-615746888-6298
               	Account Name:		labadmin
               	Account Domain:		WS2022-LAB02
               	Logon ID:		0xDC930

               Deleted Account:
               	Security ID:		S-1-5-21-1843355061-959072039-615746888-3501
               	Account Name:		tempuser382
               	Account Domain:		WS2022-LAB02

TimeCreated  : 13/06/2026 19:04:34
Id           : 4726
ProviderName : Microsoft-Windows-Security-Auditing
MachineName  : WS2022-LAB01
Message      : A user account was deleted.

               Subject:
               	Security ID:		S-1-5-21-1843355061-959072039-615746888-3133
               	Account Name:		opsadmin3
               	Account Domain:		WS2022-LAB01
               	Logon ID:		0x43573

               Deleted Account:
               	Security ID:		S-1-5-21-1843355061-959072039-615746888-4753
               	Account Name:		testuser3
               	Account Domain:		WS2022-LAB01

