{
  "events": [
    {
      "event_id": 4624,
      "timestamp": "13/06/2026 09:00:00",
      "provider_name": "Microsoft-Windows-Security-Auditing",
      "machine_name": "WS2022-LAB02",
      "message": "An account was successfully logged on.",
      "subject_account": "WS2022-LAB02$",
      "subject_domain": "WORKGROUP",
      "subject_security_id": "S-1-5-18",
      "subject_logon_id": "0x15289",
      "new_logon_account": "testuser6",
      "new_logon_domain": "WS2022-LAB02",
      "new_logon_security_id": "S-1-5-21-1843355061-959072039-615746888-3351",
      "new_logon_logon_id": "0x76D12",
      "target_account": null,
      "target_domain": null,
      "target_security_id": null,
      "logon_type": "2",
      "elevated_token": "No",
      "virtual_account": "No",
      "restricted_admin_mode": "-",
      "workstation_name": "WS2022-LAB02",
      "source_network_address": "192.168.56.72",
      "source_port": "0",
      "process_name": "C:\\Windows\\System32\\svchost.exe",
      "failure_reason": null,
      "status": null,
      "substatus": null,
      "logon_process": null,
      "authentication_package": null,
      "privileges": [],
      "scenario_id": "BASELINE-SUCCESS-0000"
    },
    {
      "event_id": 4624,
      "timestamp": "13/06/2026 09:00:11",
      "provider_name": "Microsoft-Windows-Security-Auditing",
      "machine_name": "WS2022-LAB01",
      "message": "An account was successfully logged on.",
      "subject_account": "WS2022-LAB01$",
      "subject_domain": "WORKGROUP",
      "subject_security_id": "S-1-5-18",
      "subject_logon_id": "0x84B68",
      "new_logon_account": "testuser16",
      "new_logon_domain": "WS2022-LAB01",
      "new_logon_security_id": "S-1-5-21-1843355061-959072039-615746888-2102",
      "new_logon_logon_id": "0x3E444",
      "target_account": null,
      "target_domain": null,
      "target_security_id": null,
      "logon_type": "2",
      "elevated_token": "No",
      "virtual_account": "No",
      "restricted_admin_mode": "-",
      "workstation_name": "WS2022-LAB01",
      "source_network_address": "127.0.0.1",
      "source_port": "0",
      "process_name": "C:\\Windows\\System32\\svchost.exe",
      "failure_reason": null,
      "status": null,
      "substatus": null,
      "logon_process": null,
      "authentication_package": null,
      "privileges": [],
      "scenario_id": "BASELINE-SUCCESS-0001"
    },
    {
      "event_id": 4624,
      "timestamp": "13/06/2026 09:00:42",
      "provider_name": "Microsoft-Windows-Security-Auditing",
      "machine_name": "WS2022-LAB01",
      "message": "An account was successfully logged on.",
      "subject_account": "WS2022-LAB01$",
      "subject_domain": "WORKGROUP",
      "subject_security_id": "S-1-5-18",
      "subject_logon_id": "0x8D5E6",
      "new_logon_account": "testuser20",
      "new_logon_domain": "WS2022-LAB01",
      "new_logon_security_id": "S-1-5-21-1843355061-959072039-615746888-6705",
      "new_logon_logon_id": "0x62DAC",
      "target_account": null,
      "target_domain": null,
      "target_security_id": null,
      "logon_type": "2",
      "elevated_token": "No",
      "virtual_account": "No",
      "restricted_admin_mode": "-",
      "workstation_name": "WS2022-LAB01",
      "source_network_address": "127.0.0.1",
      "source_port": "0",
      "process_name": "C:\\Windows\\System32\\svchost.exe",
      "failure_reason": null,
      "status": null,
      "substatus": null,
      "logon_process": null,
      "authentication_package": null,
      "privileges": [],
      "scenario_id": "BASELINE-SUCCESS-0002"
    },
    {
      "event_id": 4624,
      "timestamp": "13/06/2026 09:01:22",
      "provider_name": "Microsoft-Windows-Security-Auditing",
      "machine_name": "WIN-H96JM6F374S",
      "message": "An account was successfully logged on.",
      "subject_account": "WIN-H96JM6F374S$",
      "subject_domain": "WORKGROUP",
      "subject_security_id": "S-1-5-18",
      "subject_logon_id": "0x542B2",
      "new_logon_account": "testuser2",
      "new_logon_domain": "WIN-H96JM6F374S",
      "new_logon_security_id": "S-1-5-21-1843355061-959072039-615746888-3477",
      "new_logon_logon_id": "0xB7E72",
      "target_account": null,
      "target_domain": null,
      "target_security_id": null,
      "logon_type": "2",
      "elevated_token": "No",
      "virtual_account": "No",
      "restricted_admin_mode": "-",
      "workstation_name": "WIN-H96JM6F374S",
      "source_network_address": "127.0.0.1",
      "source_port": "0",
      "process_name": "C:\\Windows\\System32\\svchost.exe",
      "failure_reason": null,
      "status": null,
      "substatus": null,
      "logon_process": null,
      "authentication_package": null,
      "privileges": [],
      "scenario_id": "BASELINE-SUCCESS-0003"
    },
    {
      "event_id": 4624,
      "timestamp": "13/06/2026 09:01:47",
      "provider_name": "Microsoft-Windows-Security-Auditing",
      "machine_name": "WIN-H96JM6F374S",
      "message": "An account was successfully logged on.",
      "subject_account": "WIN-H96JM6F374S$",
      "subject_domain": "WORKGROUP",
      "subject_security_id": "S-1-5-18",
      "subject_logon_id": "0xA4C84",
      "new_logon_account": "testuser20",
      "new_logon_domain": "WIN-H96JM6F374S",
      "new_logon_security_id": "S-1-5-21-1843355061-959072039-615746888-5273",
      "new_logon_logon_id": "0x6E7AF",
      "target_account": null,
      "target_domain": null,
      "target_security_id": null,
      "logon_type": "2",
      "elevated_token": "No",
      "virtual_account": "No",
      "restricted_admin_mode": "-",
      "workstation_name": "WIN-H96JM6F374S",
      "source_network_address": "127.0.0.1",
      "source_port": "0",
      "process_name": "C:\\Windows\\System32\\svchost.exe",
      "failure_reason": null,
      "status": null,
      "substatus": null,
      "logon_process": null,
      "authentication_package": null,
      "privileges": [],
      "scenario_id": "BASELINE-SUCCESS-0004"
    },
    {
      "event_id": 4624,
      "timestamp": "13/06/2026 09:02:05",
      "provider_name": "Microsoft-Windows-Security-Auditing",
      "machine_name": "WS2022-LAB01",
      "message": "An account was successfully logged on.",
      "subject_account": "WS2022-LAB01$",
      "subject_domain": "WORKGROUP",
      "subject_security_id": "S-1-5-18",
      "subject_logon_id": "0x44A72",
      "new_logon_account": "testuser11",
      "new_logon_domain": "WS2022-LAB01",
      "new_logon_security_id": "S-1-5-21-1843355061-959072039-615746888-7792",
      "new_logon_logon_id": "0x23A35",
      "target_account": null,
      "target_domain": null,
      "target_security_id": null,
      "logon_type": "2",
      "elevated_token": "No",
      "virtual_account": "No",
      "restricted_admin_mode": "-",
      "workstation_name": "WS2022-LAB01",
      "source_network_address": "127.0.0.1",
      "source_port": "0",
      "process_name": "C:\\Windows\\System32\\svchost.exe",
      "failure_reason": null,
      "status": null,
      "substatus": null,
      "logon_process": null,
      "authentication_package": null,
      "privileges": [],
      "scenario_id": "BASELINE-SUCCESS-0005"
    },
    {
      "event_id": 4624,
      "timestamp": "13/06/2026 09:02:14",
      "provider_name": "Microsoft-Windows-Security-Auditing",
      "machine_name": "WS2022-LAB02",
      "message": "An account was successfully logged on.",
      "subject_account": "WS2022-LAB02$",
      "subject_domain": "WORKGROUP",
      "subject_security_id": "S-1-5-18",
      "subject_logon_id": "0xE51A9",
      "new_logon_account": "testuser6",
      "new_logon_domain": "WS2022-LAB02",
      "new_logon_security_id": "S-1-5-21-1843355061-959072039-615746888-1402",
      "new_logon_logon_id": "0x24FBC",
      "target_account": null,
      "target_domain": null,
      "target_security_id": null,
      "logon_type": "2",
      "elevated_token": "No",
      "virtual_account": "No",
      "restricted_admin_mode": "-",
      "workstation_name": "WS2022-LAB02",
      "source_network_address": "127.0.0.1",
      "source_port": "0",
      "process_name": "C:\\Windows\\System32\\svchost.exe",
      "failure_reason": null,
      "status": null,
      "substatus": null,
      "logon_process": null,
      "authentication_package": null,
      "privileges": [],
      "scenario_id": "BASELINE-SUCCESS-0006"
    },
    {
      "event_id": 4624,
      "timestamp": "13/06/2026 09:02:19",
      "provider_name": "Microsoft-Windows-Security-Auditing",
      "machine_name": "WIN-H96JM6F374S",
      "message": "An account was successfully logged on.",
      "subject_account": "WIN-H96JM6F374S$",
      "subject_domain": "WORKGROUP",
      "subject_security_id": "S-1-5-18",
      "subject_logon_id": "0x39CE6",
      "new_logon_account": "testuser8",
      "new_logon_domain": "WIN-H96JM6F374S",
      "new_logon_security_id": "S-1-5-21-1843355061-959072039-615746888-6743",
      "new_logon_logon_id": "0x42A9D",
      "target_account": null,
      "target_domain": null,
      "target_security_id": null,
      "logon_type": "2",
      "elevated_token": "No",
      "virtual_account": "No",
      "restricted_admin_mode": "-",
      "workstation_name": "WIN-H96JM6F374S",
      "source_network_address": "127.0.0.1",
      "source_port": "0",
      "process_name": "C:\\Windows\\System32\\svchost.exe",
      "failure_reason": null,
      "status": null,
      "substatus": null,
      "logon_process": null,
      "authentication_package": null,
      "privileges": [],
      "scenario_id": "BASELINE-SUCCESS-0007"
    },
    {
      "event_id": 4624,
      "timestamp": "13/06/2026 09:02:38",
      "provider_name": "Microsoft-Windows-Security-Auditing",
      "machine_name": "WIN-H96JM6F374S",
      "message": "An account was successfully logged on.",
      "subject_account": "WIN-H96JM6F374S$",
      "subject_domain": "WORKGROUP",
      "subject_security_id": "S-1-5-18",
      "subject_logon_id": "0x62D8B",
      "new_logon_account": "testuser17",
      "new_logon_domain": "WIN-H96JM6F374S",
      "new_logon_security_id": "S-1-5-21-1843355061-959072039-615746888-1090",
      "new_logon_logon_id": "0x7F326",
      "target_account": null,
      "target_domain": null,
      "target_security_id": null,
      "logon_type": "2",
      "elevated_token": "No",
      "virtual_account": "No",
      "restricted_admin_mode": "-",
      "workstation_name": "WIN-H96JM6F374S",
      "source_network_address": "127.0.0.1",
      "source_port": "0",
      "process_name": "C:\\Windows\\System32\\svchost.exe",
      "failure_reason": null,
      "status": null,
      "substatus": null,
      "logon_process": null,
      "authentication_package": null,
      "privileges": [],
      "scenario_id": "BASELINE-SUCCESS-0008"
    },
    {
      "event_id": 4624,
      "timestamp": "13/06/2026 09:03:11",
      "provider_name": "Microsoft-Windows-Security-Auditing",
      "machine_name": "WS2022-LAB01",
      "message": "An account was successfully logged on.",
      "subject_account": "WS2022-LAB01$",
      "subject_domain": "WORKGROUP",
      "subject_security_id": "S-1-5-18",
      "subject_logon_id": "0xAC824",
      "new_logon_account": "testuser13",
      "new_logon_domain": "WS2022-LAB01",
      "new_logon_security_id": "S-1-5-21-1843355061-959072039-615746888-3314",
      "new_logon_logon_id": "0xF33C3",
      "target_account": null,
      "target_domain": null,
      "target_security_id": null,
      "logon_type": "2",
      "elevated_token": "No",
      "virtual_account": "No",
      "restricted_admin_mode": "-",
      "workstation_name": "WS2022-LAB01",
      "source_network_address": "127.0.0.1",
      "source_port": "0",
      "process_name": "C:\\Windows\\System32\\svchost.exe",
      "failure_reason": null,
      "status": null,
      "substatus": null,
      "logon_process": null,
      "authentication_package": null,
      "privileges": [],
      "scenario_id": "BASELINE-SUCCESS-0009"
    },
    {
      "event_id": 4624,
      "timestamp": "13/06/2026 09:03:41",
      "provider_name": "Microsoft-Windows-Security-Auditing",
      "machine_name": "WS2022-LAB02",
      "message": "An account was successfully logged on.",
      "subject_account": "WS2022-LAB02$",
      "subject_domain": "WORKGROUP",
      "subject_security_id": "S-1-5-18",
      "subject_logon_id": "0xE82D8",
      "new_logon_account": "testuser4",
      "new_logon_domain": "WS2022-LAB02",
      "new_logon_security_id": "S-1-5-21-1843355061-959072039-615746888-8618",
      "new_logon_logon_id": "0x5B198",
      "target_account": null,
      "target_domain": null,
      "target_security_id": null,
      "logon_type": "2",
      "elevated_token": "No",
      "virtual_account": "No",
      "restricted_admin_mode": "-",
      "workstation_name": "WS2022-LAB02",
      "source_network_address": "127.0.0.1",
      "source_port": "0",
      "process_name": "C:\\Windows\\System32\\svchost.exe",
      "failure_reason": null,
      "status": null,
      "substatus": null,
      "logon_process": null,
      "authentication_package": null,
      "privileges": [],
      "scenario_id": "BASELINE-SUCCESS-0010"
    },
    {
      "event_id": 4624,
      "timestamp": "13/06/2026 09:03:48",
      "provider_name": "Microsoft-Windows-Security-Auditing",
      "machine_name": "WS2022-LAB01",
      "message": "An account was successfully logged on.",
      "subject_account": "WS2022-LAB01$",
      "subject_domain": "WORKGROUP",
      "subject_security_id": "S-1-5-18",
      "subject_logon_id": "0x2EC4F",
      "new_logon_account": "testuser9",
      "new_logon_domain": "WS2022-LAB01",
      "new_logon_security_id": "S-1-5-21-1843355061-959072039-615746888-9075",
      "new_logon_logon_id": "0xDC68C",
      "target_account": null,
      "target_domain": null,
      "target_security_id": null,
      "logon_type": "2",
      "elevated_token": "No",
      "virtual_account": "No",
      "restricted_admin_mode": "-",
      "workstation_name": "WS2022-LAB01",
      "source_network_address": "127.0.0.1",
      "source_port": "0",
      "process_name": "C:\\Windows\\System32\\svchost.exe",
      "failure_reason": null,
      "status": null,
      "substatus": null,
      "logon_process": null,
      "authentication_package": null,
      "privileges": [],
      "scenario_id": "BASELINE-SUCCESS-0011"
    },
    {
      "event_id": 4624,
      "timestamp": "13/06/2026 09:04:13",
      "provider_name": "Microsoft-Windows-Security-Auditing",
      "machine_name": "WIN-H96JM6F374S",
      "message": "An account was successfully logged on.",
      "subject_account": "WIN-H96JM6F374S$",
      "subject_domain": "WORKGROUP",
      "subject_security_id": "S-1-5-18",
      "subject_logon_id": "0x759C9",
      "new_logon_account": "testuser15",
      "new_logon_domain": "WIN-H96JM6F374S",
      "new_logon_security_id": "S-1-5-21-1843355061-959072039-615746888-7658",
      "new_logon_logon_id": "0x4031B",
      "target_account": null,
      "target_domain": null,
      "target_security_id": null,
      "logon_type": "2",
      "elevated_token": "No",
      "virtual_account": "No",
      "restricted_admin_mode": "-",
      "workstation_name": "WIN-H96JM6F374S",
      "source_network_address": "127.0.0.1",
      "source_port": "0",
      "process_name": "C:\\Windows\\System32\\svchost.exe",
      "failure_reason": null,
      "status": null,
      "substatus": null,
      "logon_process": null,
      "authentication_package": null,
      "privileges": [],
      "scenario_id": "BASELINE-SUCCESS-0012"
    },
    {
      "event_id": 4624,
      "timestamp": "13/06/2026 09:04:30",
      "provider_name": "Microsoft-Windows-Security-Auditing",
      "machine_name": "WS2022-LAB01",
      "message": "An account was successfully logged on.",
      "subject_account": "WS2022-LAB01$",
      "subject_domain": "WORKGROUP",
      "subject_security_id": "S-1-5-18",
      "subject_logon_id": "0x337CD",
      "new_logon_account": "testuser18",
      "new_logon_domain": "WS2022-LAB01",
      "new_logon_security_id": "S-1-5-21-1843355061-959072039-615746888-8762",
      "new_logon_logon_id": "0x648B4",
      "target_account": null,
      "target_domain": null,
      "target_security_id": null,
      "logon_type": "2",
      "elevated_token": "No",
      "virtual_account": "No",
      "restricted_admin_mode": "-",
      "workstation_name": "WS2022-LAB01",
      "source_network_address": "127.0.0.1",
      "source_port": "0",
      "process_name": "C:\\Windows\\System32\\svchost.exe",
      "failure_reason": null,
      "status": null,
      "substatus": null,
      "logon_process": null,
      "authentication_package": null,
      "privileges": [],
      "scenario_id": "BASELINE-SUCCESS-0013"
    },
    {
      "event_id": 4624,
      "timestamp": "13/06/2026 09:04:49",
      "provider_name": "Microsoft-Windows-Security-Auditing",
      "machine_name": "WIN-H96JM6F374S",
      "message": "An account was successfully logged on.",
      "subject_account": "WIN-H96JM6F374S$",
      "subject_domain": "WORKGROUP",
      "subject_security_id": "S-1-5-18",
      "subject_logon_id": "0x11D07",
      "new_logon_account": "testuser16",
      "new_logon_domain": "WIN-H96JM6F374S",
      "new_logon_security_id": "S-1-5-21-1843355061-959072039-615746888-1890",
      "new_logon_logon_id": "0xE9A67",
      "target_account": null,
      "target_domain": null,
      "target_security_id": null,
      "logon_type": "2",
      "elevated_token": "No",
      "virtual_account": "No",
      "restricted_admin_mode": "-",
      "workstation_name": "WIN-H96JM6F374S",
      "source_network_address": "127.0.0.1",
      "source_port": "0",
      "process_name": "C:\\Windows\\System32\\svchost.exe",
      "failure_reason": null,
      "status": null,
      "substatus": null,
      "logon_process": null,
      "authentication_package": null,
      "privileges": [],
      "scenario_id": "BASELINE-SUCCESS-0014"
    },
    {
      "event_id": 4624,
      "timestamp": "13/06/2026 09:05:25",
      "provider_name": "Microsoft-Windows-Security-Auditing",
      "machine_name": "WS2022-LAB01",
      "message": "An account was successfully logged on.",
      "subject_account": "WS2022-LAB01$",
      "subject_domain": "WORKGROUP",
      "subject_security_id": "S-1-5-18",
      "subject_logon_id": "0xE29CF",
      "new_logon_account": "testuser6",
      "new_logon_domain": "WS2022-LAB01",
      "new_logon_security_id": "S-1-5-21-1843355061-959072039-615746888-6552",
      "new_logon_logon_id": "0xA6CF6",
      "target_account": null,
      "target_domain": null,
      "target_security_id": null,
      "logon_type": "2",
      "elevated_token": "No",
      "virtual_account": "No",
      "restricted_admin_mode": "-",
      "workstation_name": "WS2022-LAB01",
      "source_network_address": "127.0.0.1",
      "source_port": "0",
      "process_name": "C:\\Windows\\System32\\svchost.exe",
      "failure_reason": null,
      "status": null,
      "substatus": null,
      "logon_process": null,
      "authentication_package": null,
      "privileges": [],
      "scenario_id": "BASELINE-SUCCESS-0015"
    },
    {
      "event_id": 4624,
      "timestamp": "13/06/2026 09:06:04",
      "provider_name": "Microsoft-Windows-Security-Auditing",
      "machine_name": "WIN-H96JM6F374S",
      "message": "An account was successfully logged on.",
      "subject_account": "WIN-H96JM6F374S$",
      "subject_domain": "WORKGROUP",
      "subject_security_id": "S-1-5-18",
      "subject_logon_id": "0xE1C4F",
      "new_logon_account": "testuser9",
      "new_logon_domain": "WIN-H96JM6F374S",
      "new_logon_security_id": "S-1-5-21-1843355061-959072039-615746888-5792",
      "new_logon_logon_id": "0xCBA8F",
      "target_account": null,
      "target_domain": null,
      "target_security_id": null,
      "logon_type": "2",
      "elevated_token": "No",
      "virtual_account": "No",
      "restricted_admin_mode": "-",
      "workstation_name": "WIN-H96JM6F374S",
      "source_network_address": "127.0.0.1",
      "source_port": "0",
      "process_name": "C:\\Windows\\System32\\svchost.exe",
      "failure_reason": null,
      "status": null,
      "substatus": null,
      "logon_process": null,
      "authentication_package": null,
      "privileges": [],
      "scenario_id": "BASELINE-SUCCESS-0016"
    },
    {
      "event_id": 4624,
      "timestamp": "13/06/2026 09:06:28",
      "provider_name": "Microsoft-Windows-Security-Auditing",
      "machine_name": "WS2022-LAB02",
      "message": "An account was successfully logged on.",
      "subject_account": "WS2022-LAB02$",
      "subject_domain": "WORKGROUP",
      "subject_security_id": "S-1-5-18",
      "subject_logon_id": "0xA90B7",
      "new_logon_account": "testuser18",
      "new_logon_domain": "WS2022-LAB02",
      "new_logon_security_id": "S-1-5-21-1843355061-959072039-615746888-4729",
      "new_logon_logon_id": "0x10469",
      "target_account": null,
      "target_domain": null,
      "target_security_id": null,
      "logon_type": "2",
      "elevated_token": "No",
      "virtual_account": "No",
      "restricted_admin_mode": "-",
      "workstation_name": "WS2022-LAB02",
      "source_network_address": "172.16.10.149",
      "source_port": "0",
      "process_name": "C:\\Windows\\System32\\svchost.exe",
      "failure_reason": null,
      "status": null,
      "substatus": null,
      "logon_process": null,
      "authentication_package": null,
      "privileges": [],
      "scenario_id": "BASELINE-SUCCESS-0017"
    },
    {
      "event_id": 4624,
      "timestamp": "13/06/2026 09:07:02",
      "provider_name": "Microsoft-Windows-Security-Auditing",
      "machine_name": "WIN-H96JM6F374S",
      "message": "An account was successfully logged on.",
      "subject_account": "WIN-H96JM6F374S$",
      "subject_domain": "WORKGROUP",
      "subject_security_id": "S-1-5-18",
      "subject_logon_id": "0xA006D",
      "new_logon_account": "testuser2",
      "new_logon_domain": "WIN-H96JM6F374S",
      "new_logon_security_id": "S-1-5-21-1843355061-959072039-615746888-1323",
      "new_logon_logon_id": "0xBCA93",
      "target_account": null,
      "target_domain": null,
      "target_security_id": null,
      "logon_type": "2",
      "elevated_token": "No",
      "virtual_account": "No",
      "restricted_admin_mode": "-",
      "workstation_name": "WIN-H96JM6F374S",
      "source_network_address": "127.0.0.1",
      "source_port": "0",
      "process_name": "C:\\Windows\\System32\\svchost.exe",
      "failure_reason": null,
      "status": null,
      "substatus": null,
      "logon_process": null,
      "authentication_package": null,
      "privileges": [],
      "scenario_id": "BASELINE-SUCCESS-0018"
    },
    {
      "event_id": 4624,
      "timestamp": "13/06/2026 09:07:24",
      "provider_name": "Microsoft-Windows-Security-Auditing",
      "machine_name": "WIN-H96JM6F374S",
      "message": "An account was successfully logged on.",
      "subject_account": "WIN-H96JM6F374S$",
      "subject_domain": "WORKGROUP",
      "subject_security_id": "S-1-5-18",
      "subject_logon_id": "0x4B375",
      "new_logon_account": "testuser6",
      "new_logon_domain": "WIN-H96JM6F374S",
      "new_logon_security_id": "S-1-5-21-1843355061-959072039-615746888-8465",
      "new_logon_logon_id": "0xA1530",
      "target_account": null,
      "target_domain": null,
      "target_security_id": null,
      "logon_type": "2",
      "elevated_token": "No",
      "virtual_account": "No",
      "restricted_admin_mode": "-",
      "workstation_name": "WIN-H96JM6F374S",
      "source_network_address": "127.0.0.1",
      "source_port": "0",
      "process_name": "C:\\Windows\\System32\\svchost.exe",
      "failure_reason": null,
      "status": null,
      "substatus": null,
      "logon_process": null,
      "authentication_package": null,
      "privileges": [],
      "scenario_id": "BASELINE-SUCCESS-0019"
    },
    {
      "event_id": 4624,
      "timestamp": "13/06/2026 09:08:08",
      "provider_name": "Microsoft-Windows-Security-Auditing",
      "machine_name": "WS2022-LAB01",
      "message": "An account was successfully logged on.",
      "subject_account": "WS2022-LAB01$",
      "subject_domain": "WORKGROUP",
      "subject_security_id": "S-1-5-18",
      "subject_logon_id": "0x1BE65",
      "new_logon_account": "testuser3",
      "new_logon_domain": "WS2022-LAB01",
      "new_logon_security_id": "S-1-5-21-1843355061-959072039-615746888-2510",
      "new_logon_logon_id": "0x6D166",
      "target_account": null,
      "target_domain": null,
      "target_security_id": null,
      "logon_type": "2",
      "elevated_token": "No",
      "virtual_account": "No",
      "restricted_admin_mode": "-",
      "workstation_name": "WS2022-LAB01",
      "source_network_address": "127.0.0.1",
      "source_port": "0",
      "process_name": "C:\\Windows\\System32\\svchost.exe",
      "failure_reason": null,
      "status": null,
      "substatus": null,
      "logon_process": null,
      "authentication_package": null,
      "privileges": [],
      "scenario_id": "BASELINE-SUCCESS-0020"
    },
    {
      "event_id": 4624,
      "timestamp": "13/06/2026 09:08:44",
      "provider_name": "Microsoft-Windows-Security-Auditing",
      "machine_name": "WS2022-LAB01",
      "message": "An account was successfully logged on.",
      "subject_account": "WS2022-LAB01$",
      "subject_domain": "WORKGROUP",
      "subject_security_id": "S-1-5-18",
      "subject_logon_id": "0x97FBD",
      "new_logon_account": "testuser16",
      "new_logon_domain": "WS2022-LAB01",
      "new_logon_security_id": "S-1-5-21-1843355061-959072039-615746888-1001",
      "new_logon_logon_id": "0x69FE9",
      "target_account": null,
      "target_domain": null,
      "target_security_id": null,
      "logon_type": "2",
      "elevated_token": "No",
      "virtual_account": "No",
      "restricted_admin_mode": "-",
      "workstation_name": "WS2022-LAB01",
      "source_network_address": "172.16.10.190",
      "source_port": "0",
      "process_name": "C:\\Windows\\System32\\svchost.exe",
      "failure_reason": null,
      "status": null,
      "substatus": null,
      "logon_process": null,
      "authentication_package": null,
      "privileges": [],
      "scenario_id": "BASELINE-SUCCESS-0021"
    },
    {
      "event_id": 4624,
      "timestamp": "13/06/2026 09:09:03",
      "provider_name": "Microsoft-Windows-Security-Auditing",
      "machine_name": "WIN-H96JM6F374S",
      "message": "An account was successfully logged on.",
      "subject_account": "WIN-H96JM6F374S$",
      "subject_domain": "WORKGROUP",
      "subject_security_id": "S-1-5-18",
      "subject_logon_id": "0x6FF86",
      "new_logon_account": "testuser16",
      "new_logon_domain": "WIN-H96JM6F374S",
      "new_logon_security_id": "S-1-5-21-1843355061-959072039-615746888-6261",
      "new_logon_logon_id": "0x54526",
      "target_account": null,
      "target_domain": null,
      "target_security_id": null,
      "logon_type": "2",
      "elevated_token": "No",
      "virtual_account": "No",
      "restricted_admin_mode": "-",
      "workstation_name": "WIN-H96JM6F374S",
      "source_network_address": "127.0.0.1",
      "source_port": "0",
      "process_name": "C:\\Windows\\System32\\svchost.exe",
      "failure_reason": null,
      "status": null,
      "substatus": null,
      "logon_process": null,
      "authentication_package": null,
      "privileges": [],
      "scenario_id": "BASELINE-SUCCESS-0022"
    },
    {
      "event_id": 4624,
      "timestamp": "13/06/2026 09:09:45",
      "provider_name": "Microsoft-Windows-Security-Auditing",
      "machine_name": "WS2022-LAB01",
      "message": "An account was successfully logged on.",
      "subject_account": "WS2022-LAB01$",
      "subject_domain": "WORKGROUP",
      "subject_security_id": "S-1-5-18",
      "subject_logon_id": "0xDB9DB",
      "new_logon_account": "testuser16",
      "new_logon_domain": "WS2022-LAB01",
      "new_logon_security_id": "S-1-5-21-1843355061-959072039-615746888-6983",
      "new_logon_logon_id": "0xCC8D2",
      "target_account": null,
      "target_domain": null,
      "target_security_id": null,
      "logon_type": "2",
      "elevated_token": "No",
      "virtual_account": "No",
      "restricted_admin_mode": "-",
      "workstation_name": "WS2022-LAB01",
      "source_network_address": "127.0.0.1",
      "source_port": "0",
      "process_name": "C:\\Windows\\System32\\svchost.exe",
      "failure_reason": null,
      "status": null,
      "substatus": null,
      "logon_process": null,
      "authentication_package": null,
      "privileges": [],
      "scenario_id": "BASELINE-SUCCESS-0023"
    },
    {
      "event_id": 4624,
      "timestamp": "13/06/2026 09:10:23",
      "provider_name": "Microsoft-Windows-Security-Auditing",
      "machine_name": "WIN-H96JM6F374S",
      "message": "An account was successfully logged on.",
      "subject_account": "WIN-H96JM6F374S$",
      "subject_domain": "WORKGROUP",
      "subject_security_id": "S-1-5-18",
      "subject_logon_id": "0x64733",
      "new_logon_account": "testuser8",
      "new_logon_domain": "WIN-H96JM6F374S",
      "new_logon_security_id": "S-1-5-21-1843355061-959072039-615746888-8585",
      "new_logon_logon_id": "0xE86CA",
      "target_account": null,
      "target_domain": null,
      "target_security_id": null,
      "logon_type": "2",
      "elevated_token": "No",
      "virtual_account": "No",
      "restricted_admin_mode": "-",
      "workstation_name": "WIN-H96JM6F374S",
      "source_network_address": "10.0.0.118",
      "source_port": "0",
      "process_name": "C:\\Windows\\System32\\svchost.exe",
      "failure_reason": null,
      "status": null,
      "substatus": null,
      "logon_process": null,
      "authentication_package": null,
      "privileges": [],
      "scenario_id": "BASELINE-SUCCESS-0024"
    },
    {
      "event_id": 4624,
      "timestamp": "13/06/2026 09:10:56",
      "provider_name": "Microsoft-Windows-Security-Auditing",
      "machine_name": "WS2022-LAB02",
      "message": "An account was successfully logged on.",
      "subject_account": "WS2022-LAB02$",
      "subject_domain": "WORKGROUP",
      "subject_security_id": "S-1-5-18",
      "subject_logon_id": "0x39878",
      "new_logon_account": "testuser2",
      "new_logon_domain": "WS2022-LAB02",
      "new_logon_security_id": "S-1-5-21-1843355061-959072039-615746888-6790",
      "new_logon_logon_id": "0xE9ED9",
      "target_account": null,
      "target_domain": null,
      "target_security_id": null,
      "logon_type": "2",
      "elevated_token": "No",
      "virtual_account": "No",
      "restricted_admin_mode": "-",
      "workstation_name": "WS2022-LAB02",
      "source_network_address": "127.0.0.1",
      "source_port": "0",
      "process_name": "C:\\Windows\\System32\\svchost.exe",
      "failure_reason": null,
      "status": null,
      "substatus": null,
      "logon_process": null,
      "authentication_package": null,
      "privileges": [],
      "scenario_id": "BASELINE-SUCCESS-0025"
    },
    {
      "event_id": 4624,
      "timestamp": "13/06/2026 09:11:39",
      "provider_name": "Microsoft-Windows-Security-Auditing",
      "machine_name": "WIN-H96JM6F374S",
      "message": "An account was successfully logged on.",
      "subject_account": "WIN-H96JM6F374S$",
      "subject_domain": "WORKGROUP",
      "subject_security_id": "S-1-5-18",
      "subject_logon_id": "0xEA7CC",
      "new_logon_account": "testuser13",
      "new_logon_domain": "WIN-H96JM6F374S",
      "new_logon_security_id": "S-1-5-21-1843355061-959072039-615746888-1815",
      "new_logon_logon_id": "0x5EC92",
      "target_account": null,
      "target_domain": null,
      "target_security_id": null,
      "logon_type": "2",
      "elevated_token": "No",
      "virtual_account": "No",
      "restricted_admin_mode": "-",
      "workstation_name": "WIN-H96JM6F374S",
      "source_network_address": "127.0.0.1",
      "source_port": "0",
      "process_name": "C:\\Windows\\System32\\svchost.exe",
      "failure_reason": null,
      "status": null,
      "substatus": null,
      "logon_process": null,
      "authentication_package": null,
      "privileges": [],
      "scenario_id": "BASELINE-SUCCESS-0026"
    },
    {
      "event_id": 4624,
      "timestamp": "13/06/2026 09:11:45",
      "provider_name": "Microsoft-Windows-Security-Auditing",
      "machine_name": "WS2022-LAB01",
      "message": "An account was successfully logged on.",
      "subject_account": "WS2022-LAB01$",
      "subject_domain": "WORKGROUP",
      "subject_security_id": "S-1-5-18",
      "subject_logon_id": "0x29082",
      "new_logon_account": "testuser7",
      "new_logon_domain": "WS2022-LAB01",
      "new_logon_security_id": "S-1-5-21-1843355061-959072039-615746888-9227",
      "new_logon_logon_id": "0xAB965",
      "target_account": null,
      "target_domain": null,
      "target_security_id": null,
      "logon_type": "2",
      "elevated_token": "No",
      "virtual_account": "No",
      "restricted_admin_mode": "-",
      "workstation_name": "WS2022-LAB01",
      "source_network_address": "127.0.0.1",
      "source_port": "0",
      "process_name": "C:\\Windows\\System32\\svchost.exe",
      "failure_reason": null,
      "status": null,
      "substatus": null,
      "logon_process": null,
      "authentication_package": null,
      "privileges": [],
      "scenario_id": "BASELINE-SUCCESS-0027"
    },
    {
      "event_id": 4624,
      "timestamp": "13/06/2026 09:12:09",
      "provider_name": "Microsoft-Windows-Security-Auditing",
      "machine_name": "WIN-H96JM6F374S",
      "message": "An account was successfully logged on.",
      "subject_account": "WIN-H96JM6F374S$",
      "subject_domain": "WORKGROUP",
      "subject_security_id": "S-1-5-18",
      "subject_logon_id": "0x9607A",
      "new_logon_account": "testuser9",
      "new_logon_domain": "WIN-H96JM6F374S",
      "new_logon_security_id": "S-1-5-21-1843355061-959072039-615746888-3865",
      "new_logon_logon_id": "0x3CBC3",
      "target_account": null,
      "target_domain": null,
      "target_security_id": null,
      "logon_type": "2",
      "elevated_token": "No",
      "virtual_account": "No",
      "restricted_admin_mode": "-",
      "workstation_name": "WIN-H96JM6F374S",
      "source_network_address": "127.0.0.1",
      "source_port": "0",
      "process_name": "C:\\Windows\\System32\\svchost.exe",
      "failure_reason": null,
      "status": null,
      "substatus": null,
      "logon_process": null,
      "authentication_package": null,
      "privileges": [],
      "scenario_id": "BASELINE-SUCCESS-0028"
    },
    {
      "event_id": 4624,
      "timestamp": "13/06/2026 09:12:31",
      "provider_name": "Microsoft-Windows-Security-Auditing",
      "machine_name": "WS2022-LAB01",
      "message": "An account was successfully logged on.",
      "subject_account": "WS2022-LAB01$",
      "subject_domain": "WORKGROUP",
      "subject_security_id": "S-1-5-18",
      "subject_logon_id": "0x573DF",
      "new_logon_account": "testuser9",
      "new_logon_domain": "WS2022-LAB01",
      "new_logon_security_id": "S-1-5-21-1843355061-959072039-615746888-1644",
      "new_logon_logon_id": "0xB9D6B",
      "target_account": null,
      "target_domain": null,
      "target_security_id": null,
      "logon_type": "2",
      "elevated_token": "No",
      "virtual_account": "No",
      "restricted_admin_mode": "-",
      "workstation_name": "WS2022-LAB01",
      "source_network_address": "10.0.0.88",
      "source_port": "0",
      "process_name": "C:\\Windows\\System32\\svchost.exe",
      "failure_reason": null,
      "status": null,
      "substatus": null,
      "logon_process": null,
      "authentication_package": null,
      "privileges": [],
      "scenario_id": "BASELINE-SUCCESS-0029"
    },
    {
      "event_id": 4624,
      "timestamp": "13/06/2026 09:12:54",
      "provider_name": "Microsoft-Windows-Security-Auditing",
      "machine_name": "WIN-H96JM6F374S",
      "message": "An account was successfully logged on.",
      "subject_account": "WIN-H96JM6F374S$",
      "subject_domain": "WORKGROUP",
      "subject_security_id": "S-1-5-18",
      "subject_logon_id": "0xAA854",
      "new_logon_account": "testuser5",
      "new_logon_domain": "WIN-H96JM6F374S",
      "new_logon_security_id": "S-1-5-21-1843355061-959072039-615746888-1734",
      "new_logon_logon_id": "0x1DFA0",
      "target_account": null,
      "target_domain": null,
      "target_security_id": null,
      "logon_type": "2",
      "elevated_token": "No",
      "virtual_account": "No",
      "restricted_admin_mode": "-",
      "workstation_name": "WIN-H96JM6F374S",
      "source_network_address": "127.0.0.1",
      "source_port": "0",
      "process_name": "C:\\Windows\\System32\\svchost.exe",
      "failure_reason": null,
      "status": null,
      "substatus": null,
      "logon_process": null,
      "authentication_package": null,
      "privileges": [],
      "scenario_id": "BASELINE-SUCCESS-0030"
    },
    {
      "event_id": 4624,
      "timestamp": "13/06/2026 09:12:59",
      "provider_name": "Microsoft-Windows-Security-Auditing",
      "machine_name": "WIN-H96JM6F374S",
      "message": "An account was successfully logged on.",
      "subject_account": "WIN-H96JM6F374S$",
      "subject_domain": "WORKGROUP",
      "subject_security_id": "S-1-5-18",
      "subject_logon_id": "0xA858C",
      "new_logon_account": "testuser16",
      "new_logon_domain": "WIN-H96JM6F374S",
      "new_logon_security_id": "S-1-5-21-1843355061-959072039-615746888-3628",
      "new_logon_logon_id": "0x422F4",
      "target_account": null,
      "target_domain": null,
      "target_security_id": null,
      "logon_type": "2",
      "elevated_token": "No",
      "virtual_account": "No",
      "restricted_admin_mode": "-",
      "workstation_name": "WIN-H96JM6F374S",
      "source_network_address": "127.0.0.1",
      "source_port": "0",
      "process_name": "C:\\Windows\\System32\\svchost.exe",
      "failure_reason": null,
      "status": null,
      "substatus": null,
      "logon_process": null,
      "authentication_package": null,
      "privileges": [],
      "scenario_id": "BASELINE-SUCCESS-0031"
    },
    {
      "event_id": 4624,
      "timestamp": "13/06/2026 09:13:14",
      "provider_name": "Microsoft-Windows-Security-Auditing",
      "machine_name": "WIN-H96JM6F374S",
      "message": "An account was successfully logged on.",
      "subject_account": "WIN-H96JM6F374S$",
      "subject_domain": "WORKGROUP",
      "subject_security_id": "S-1-5-18",
      "subject_logon_id": "0xC4AFB",
      "new_logon_account": "testuser15",
      "new_logon_domain": "WIN-H96JM6F374S",
      "new_logon_security_id": "S-1-5-21-1843355061-959072039-615746888-1994",
      "new_logon_logon_id": "0xDBD31",
      "target_account": null,
      "target_domain": null,
      "target_security_id": null,
      "logon_type": "2",
      "elevated_token": "No",
      "virtual_account": "No",
      "restricted_admin_mode": "-",
      "workstation_name": "WIN-H96JM6F374S",
      "source_network_address": "127.0.0.1",
      "source_port": "0",
      "process_name": "C:\\Windows\\System32\\svchost.exe",
      "failure_reason": null,
      "status": null,
      "substatus": null,
      "logon_process": null,
      "authentication_package": null,
      "privileges": [],
      "scenario_id": "BASELINE-SUCCESS-0032"
    },
    {
      "event_id": 4624,
      "timestamp": "13/06/2026 09:13:25",
      "provider_name": "Microsoft-Windows-Security-Auditing",
      "machine_name": "WIN-H96JM6F374S",
      "message": "An account was successfully logged on.",
      "subject_account": "WIN-H96JM6F374S$",
      "subject_domain": "WORKGROUP",
      "subject_security_id": "S-1-5-18",
      "subject_logon_id": "0x4BB4F",
      "new_logon_account": "testuser1",
      "new_logon_domain": "WIN-H96JM6F374S",
      "new_logon_security_id": "S-1-5-21-1843355061-959072039-615746888-7299",
      "new_logon_logon_id": "0xD02A2",
      "target_account": null,
      "target_domain": null,
      "target_security_id": null,
      "logon_type": "2",
      "elevated_token": "No",
      "virtual_account": "No",
      "restricted_admin_mode": "-",
      "workstation_name": "WIN-H96JM6F374S",
      "source_network_address": "127.0.0.1",
      "source_port": "0",
      "process_name": "C:\\Windows\\System32\\svchost.exe",
      "failure_reason": null,
      "status": null,
      "substatus": null,
      "logon_process": null,
      "authentication_package": null,
      "privileges": [],
      "scenario_id": "BASELINE-SUCCESS-0033"
    },
    {
      "event_id": 4624,
      "timestamp": "13/06/2026 09:13:42",
      "provider_name": "Microsoft-Windows-Security-Auditing",
      "machine_name": "WS2022-LAB02",
      "message": "An account was successfully logged on.",
      "subject_account": "WS2022-LAB02$",
      "subject_domain": "WORKGROUP",
      "subject_security_id": "S-1-5-18",
      "subject_logon_id": "0x7F5E7",
      "new_logon_account": "testuser4",
      "new_logon_domain": "WS2022-LAB02",
      "new_logon_security_id": "S-1-5-21-1843355061-959072039-615746888-9350",
      "new_logon_logon_id": "0xBB5EF",
      "target_account": null,
      "target_domain": null,
      "target_security_id": null,
      "logon_type": "2",
      "elevated_token": "No",
      "virtual_account": "No",
      "restricted_admin_mode": "-",
      "workstation_name": "WS2022-LAB02",
      "source_network_address": "10.0.0.212",
      "source_port": "0",
      "process_name": "C:\\Windows\\System32\\svchost.exe",
      "failure_reason": null,
      "status": null,
      "substatus": null,
      "logon_process": null,
      "authentication_package": null,
      "privileges": [],
      "scenario_id": "BASELINE-SUCCESS-0034"
    },
    {
      "event_id": 4624,
      "timestamp": "13/06/2026 09:13:56",
      "provider_name": "Microsoft-Windows-Security-Auditing",
      "machine_name": "WS2022-LAB02",
      "message": "An account was successfully logged on.",
      "subject_account": "WS2022-LAB02$",
      "subject_domain": "WORKGROUP",
      "subject_security_id": "S-1-5-18",
      "subject_logon_id": "0xC2DCE",
      "new_logon_account": "testuser4",
      "new_logon_domain": "WS2022-LAB02",
      "new_logon_security_id": "S-1-5-21-1843355061-959072039-615746888-8779",
      "new_logon_logon_id": "0xE7B2B",
      "target_account": null,
      "target_domain": null,
      "target_security_id": null,
      "logon_type": "2",
      "elevated_token": "No",
      "virtual_account": "No",
      "restricted_admin_mode": "-",
      "workstation_name": "WS2022-LAB02",
      "source_network_address": "192.168.56.16",
      "source_port": "0",
      "process_name": "C:\\Windows\\System32\\svchost.exe",
      "failure_reason": null,
      "status": null,
      "substatus": null,
      "logon_process": null,
      "authentication_package": null,
      "privileges": [],
      "scenario_id": "BASELINE-SUCCESS-0035"
    },
    {
      "event_id": 4624,
      "timestamp": "13/06/2026 09:14:04",
      "provider_name": "Microsoft-Windows-Security-Auditing",
      "machine_name": "WS2022-LAB01",
      "message": "An account was successfully logged on.",
      "subject_account": "WS2022-LAB01$",
      "subject_domain": "WORKGROUP",
      "subject_security_id": "S-1-5-18",
      "subject_logon_id": "0x515FF",
      "new_logon_account": "testuser17",
      "new_logon_domain": "WS2022-LAB01",
      "new_logon_security_id": "S-1-5-21-1843355061-959072039-615746888-2842",
      "new_logon_logon_id": "0x2EF8F",
      "target_account": null,
      "target_domain": null,
      "target_security_id": null,
      "logon_type": "2",
      "elevated_token": "No",
      "virtual_account": "No",
      "restricted_admin_mode": "-",
      "workstation_name": "WS2022-LAB01",
      "source_network_address": "127.0.0.1",
      "source_port": "0",
      "process_name": "C:\\Windows\\System32\\svchost.exe",
      "failure_reason": null,
      "status": null,
      "substatus": null,
      "logon_process": null,
      "authentication_package": null,
      "privileges": [],
      "scenario_id": "BASELINE-SUCCESS-0036"
    },
    {
      "event_id": 4624,
      "timestamp": "13/06/2026 09:14:32",
      "provider_name": "Microsoft-Windows-Security-Auditing",
      "machine_name": "WIN-H96JM6F374S",
      "message": "An account was successfully logged on.",
      "subject_account": "WIN-H96JM6F374S$",
      "subject_domain": "WORKGROUP",
      "subject_security_id": "S-1-5-18",
      "subject_logon_id": "0x52BED",
      "new_logon_account": "testuser9",
      "new_logon_domain": "WIN-H96JM6F374S",
      "new_logon_security_id": "S-1-5-21-1843355061-959072039-615746888-9063",
      "new_logon_logon_id": "0x8CB32",
      "target_account": null,
      "target_domain": null,
      "target_security_id": null,
      "logon_type": "2",
      "elevated_token": "No",
      "virtual_account": "No",
      "restricted_admin_mode": "-",
      "workstation_name": "WIN-H96JM6F374S",
      "source_network_address": "127.0.0.1",
      "source_port": "0",
      "process_name": "C:\\Windows\\System32\\svchost.exe",
      "failure_reason": null,
      "status": null,
      "substatus": null,
      "logon_process": null,
      "authentication_package": null,
      "privileges": [],
      "scenario_id": "BASELINE-SUCCESS-0037"
    },
    {
      "event_id": 4624,
      "timestamp": "13/06/2026 09:15:12",
      "provider_name": "Microsoft-Windows-Security-Auditing",
      "machine_name": "WIN-H96JM6F374S",
      "message": "An account was successfully logged on.",
      "subject_account": "WIN-H96JM6F374S$",
      "subject_domain": "WORKGROUP",
      "subject_security_id": "S-1-5-18",
      "subject_logon_id": "0x507C7",
      "new_logon_account": "testuser18",
      "new_logon_domain": "WIN-H96JM6F374S",
      "new_logon_security_id": "S-1-5-21-1843355061-959072039-615746888-5048",
      "new_logon_logon_id": "0xDDB48",
      "target_account": null,
      "target_domain": null,
      "target_security_id": null,
      "logon_type": "2",
      "elevated_token": "No",
      "virtual_account": "No",
      "restricted_admin_mode": "-",
      "workstation_name": "WIN-H96JM6F374S",
      "source_network_address": "127.0.0.1",
      "source_port": "0",
      "process_name": "C:\\Windows\\System32\\svchost.exe",
      "failure_reason": null,
      "status": null,
      "substatus": null,
      "logon_process": null,
      "authentication_package": null,
      "privileges": [],
      "scenario_id": "BASELINE-SUCCESS-0038"
    },
    {
      "event_id": 4624,
      "timestamp": "13/06/2026 09:15:27",
      "provider_name": "Microsoft-Windows-Security-Auditing",
      "machine_name": "WS2022-LAB02",
      "message": "An account was successfully logged on.",
      "subject_account": "WS2022-LAB02$",
      "subject_domain": "WORKGROUP",
      "subject_security_id": "S-1-5-18",
      "subject_logon_id": "0xE61C2",
      "new_logon_account": "testuser2",
      "new_logon_domain": "WS2022-LAB02",
      "new_logon_security_id": "S-1-5-21-1843355061-959072039-615746888-8771",
      "new_logon_logon_id": "0xDAC37",
      "target_account": null,
      "target_domain": null,
      "target_security_id": null,
      "logon_type": "2",
      "elevated_token": "No",
      "virtual_account": "No",
      "restricted_admin_mode": "-",
      "workstation_name": "WS2022-LAB02",
      "source_network_address": "127.0.0.1",
      "source_port": "0",
      "process_name": "C:\\Windows\\System32\\svchost.exe",
      "failure_reason": null,
      "status": null,
      "substatus": null,
      "logon_process": null,
      "authentication_package": null,
      "privileges": [],
      "scenario_id": "BASELINE-SUCCESS-0039"
    },
    {
      "event_id": 4624,
      "timestamp": "13/06/2026 09:15:48",
      "provider_name": "Microsoft-Windows-Security-Auditing",
      "machine_name": "WIN-H96JM6F374S",
      "message": "An account was successfully logged on.",
      "subject_account": "WIN-H96JM6F374S$",
      "subject_domain": "WORKGROUP",
      "subject_security_id": "S-1-5-18",
      "subject_logon_id": "0x1F07B",
      "new_logon_account": "testuser14",
      "new_logon_domain": "WIN-H96JM6F374S",
      "new_logon_security_id": "S-1-5-21-1843355061-959072039-615746888-3921",
      "new_logon_logon_id": "0xA3614",
      "target_account": null,
      "target_domain": null,
      "target_security_id": null,
      "logon_type": "2",
      "elevated_token": "No",
      "virtual_account": "No",
      "restricted_admin_mode": "-",
      "workstation_name": "WIN-H96JM6F374S",
      "source_network_address": "127.0.0.1",
      "source_port": "0",
      "process_name": "C:\\Windows\\System32\\svchost.exe",
      "failure_reason": null,
      "status": null,
      "substatus": null,
      "logon_process": null,
      "authentication_package": null,
      "privileges": [],
      "scenario_id": "BASELINE-SUCCESS-0040"
    },
