TimeCreated  : 13/06/2026 17:53:49
Id           : 4720
ProviderName : Microsoft-Windows-Security-Auditing
MachineName  : WS2022-LAB01
Message      : A user account was created.

               Subject:
               	Security ID:		S-1-5-21-1843355061-959072039-615746888-1936
               	Account Name:		opsadmin3
               	Account Domain:		WS2022-LAB01
               	Logon ID:		0x8F828

               New Account:
               	Security ID:		S-1-5-21-1843355061-959072039-615746888-9450
               	Account Name:		tempuser004
               	Account Domain:		WS2022-LAB01

TimeCreated  : 13/06/2026 17:54:30
Id           : 4720
ProviderName : Microsoft-Windows-Security-Auditing
MachineName  : WIN-H96JM6F374S
Message      : A user account was created.

               Subject:
               	Security ID:		S-1-5-21-1843355061-959072039-615746888-8980
               	Account Name:		opsadmin3
               	Account Domain:		WIN-H96JM6F374S
               	Logon ID:		0x8C8B8

               New Account:
               	Security ID:		S-1-5-21-1843355061-959072039-615746888-6918
               	Account Name:		tempuser005
               	Account Domain:		WIN-H96JM6F374S

TimeCreated  : 13/06/2026 17:54:43
Id           : 4720
ProviderName : Microsoft-Windows-Security-Auditing
MachineName  : WS2022-LAB01
Message      : A user account was created.

               Subject:
               	Security ID:		S-1-5-21-1843355061-959072039-615746888-5957
               	Account Name:		opsadmin1
               	Account Domain:		WS2022-LAB01
               	Logon ID:		0x4EFE5

               New Account:
               	Security ID:		S-1-5-21-1843355061-959072039-615746888-7906
               	Account Name:		tempuser006
               	Account Domain:		WS2022-LAB01

TimeCreated  : 13/06/2026 17:55:24
Id           : 4720
ProviderName : Microsoft-Windows-Security-Auditing
MachineName  : WS2022-LAB01
Message      : A user account was created.

               Subject:
               	Security ID:		S-1-5-21-1843355061-959072039-615746888-6546
               	Account Name:		opsadmin1
               	Account Domain:		WS2022-LAB01
               	Logon ID:		0x838A6

               New Account:
               	Security ID:		S-1-5-21-1843355061-959072039-615746888-5150
               	Account Name:		tempuser007
               	Account Domain:		WS2022-LAB01

TimeCreated  : 13/06/2026 17:55:46
Id           : 4720
ProviderName : Microsoft-Windows-Security-Auditing
MachineName  : WS2022-LAB01
Message      : A user account was created.

               Subject:
               	Security ID:		S-1-5-21-1843355061-959072039-615746888-4493
               	Account Name:		opsadmin3
               	Account Domain:		WS2022-LAB01
               	Logon ID:		0xB66EF

               New Account:
               	Security ID:		S-1-5-21-1843355061-959072039-615746888-8971
               	Account Name:		tempuser008
               	Account Domain:		WS2022-LAB01

TimeCreated  : 13/06/2026 17:56:31
Id           : 4720
ProviderName : Microsoft-Windows-Security-Auditing
MachineName  : WIN-H96JM6F374S
Message      : A user account was created.

               Subject:
               	Security ID:		S-1-5-21-1843355061-959072039-615746888-1717
               	Account Name:		labadmin
               	Account Domain:		WIN-H96JM6F374S
               	Logon ID:		0x1840E

               New Account:
               	Security ID:		S-1-5-21-1843355061-959072039-615746888-5321
               	Account Name:		tempuser009
               	Account Domain:		WIN-H96JM6F374S

TimeCreated  : 13/06/2026 17:57:14
Id           : 4720
ProviderName : Microsoft-Windows-Security-Auditing
MachineName  : WS2022-LAB01
Message      : A user account was created.

               Subject:
               	Security ID:		S-1-5-21-1843355061-959072039-615746888-5602
               	Account Name:		opsadmin3
               	Account Domain:		WS2022-LAB01
               	Logon ID:		0xE2399

               New Account:
               	Security ID:		S-1-5-21-1843355061-959072039-615746888-4342
               	Account Name:		tempuser010
               	Account Domain:		WS2022-LAB01

TimeCreated  : 13/06/2026 17:57:34
Id           : 4720
ProviderName : Microsoft-Windows-Security-Auditing
MachineName  : WS2022-LAB02
Message      : A user account was created.

               Subject:
               	Security ID:		S-1-5-21-1843355061-959072039-615746888-4570
               	Account Name:		opsadmin3
               	Account Domain:		WS2022-LAB02
               	Logon ID:		0x585B0

               New Account:
               	Security ID:		S-1-5-21-1843355061-959072039-615746888-3892
               	Account Name:		tempuser011
               	Account Domain:		WS2022-LAB02

TimeCreated  : 13/06/2026 17:58:10
Id           : 4720
ProviderName : Microsoft-Windows-Security-Auditing
MachineName  : WS2022-LAB01
Message      : A user account was created.

               Subject:
               	Security ID:		S-1-5-21-1843355061-959072039-615746888-9275
               	Account Name:		opsadmin2
               	Account Domain:		WS2022-LAB01
               	Logon ID:		0x72BAC

               New Account:
               	Security ID:		S-1-5-21-1843355061-959072039-615746888-7280
               	Account Name:		tempuser012
               	Account Domain:		WS2022-LAB01

TimeCreated  : 13/06/2026 17:58:43
Id           : 4720
ProviderName : Microsoft-Windows-Security-Auditing
MachineName  : WS2022-LAB01
Message      : A user account was created.

               Subject:
               	Security ID:		S-1-5-21-1843355061-959072039-615746888-1618
               	Account Name:		opsadmin3
               	Account Domain:		WS2022-LAB01
               	Logon ID:		0x826F4

               New Account:
               	Security ID:		S-1-5-21-1843355061-959072039-615746888-7560
               	Account Name:		tempuser013
               	Account Domain:		WS2022-LAB01

TimeCreated  : 13/06/2026 17:59:16
Id           : 4720
ProviderName : Microsoft-Windows-Security-Auditing
MachineName  : WS2022-LAB02
Message      : A user account was created.

               Subject:
               	Security ID:		S-1-5-21-1843355061-959072039-615746888-8303
               	Account Name:		labadmin
               	Account Domain:		WS2022-LAB02
               	Logon ID:		0xE7A6A

               New Account:
               	Security ID:		S-1-5-21-1843355061-959072039-615746888-1582
               	Account Name:		tempuser014
               	Account Domain:		WS2022-LAB02

TimeCreated  : 13/06/2026 17:59:46
Id           : 4720
ProviderName : Microsoft-Windows-Security-Auditing
MachineName  : WS2022-LAB02
Message      : A user account was created.

               Subject:
               	Security ID:		S-1-5-21-1843355061-959072039-615746888-4169
               	Account Name:		labadmin
               	Account Domain:		WS2022-LAB02
               	Logon ID:		0xBF084

               New Account:
               	Security ID:		S-1-5-21-1843355061-959072039-615746888-5018
               	Account Name:		tempuser015
               	Account Domain:		WS2022-LAB02

TimeCreated  : 13/06/2026 18:00:21
Id           : 4720
ProviderName : Microsoft-Windows-Security-Auditing
MachineName  : WIN-H96JM6F374S
Message      : A user account was created.

               Subject:
               	Security ID:		S-1-5-21-1843355061-959072039-615746888-6242
               	Account Name:		opsadmin3
               	Account Domain:		WIN-H96JM6F374S
               	Logon ID:		0xA7A4A

               New Account:
               	Security ID:		S-1-5-21-1843355061-959072039-615746888-2054
               	Account Name:		tempuser016
               	Account Domain:		WIN-H96JM6F374S

TimeCreated  : 13/06/2026 18:00:59
Id           : 4720
ProviderName : Microsoft-Windows-Security-Auditing
MachineName  : WIN-H96JM6F374S
Message      : A user account was created.

               Subject:
               	Security ID:		S-1-5-21-1843355061-959072039-615746888-2363
               	Account Name:		labadmin
               	Account Domain:		WIN-H96JM6F374S
               	Logon ID:		0x2DED3

               New Account:
               	Security ID:		S-1-5-21-1843355061-959072039-615746888-5207
               	Account Name:		tempuser017
               	Account Domain:		WIN-H96JM6F374S

TimeCreated  : 13/06/2026 18:01:33
Id           : 4720
ProviderName : Microsoft-Windows-Security-Auditing
MachineName  : WS2022-LAB02
Message      : A user account was created.

               Subject:
               	Security ID:		S-1-5-21-1843355061-959072039-615746888-3783
               	Account Name:		opsadmin2
               	Account Domain:		WS2022-LAB02
               	Logon ID:		0xC0C74

               New Account:
               	Security ID:		S-1-5-21-1843355061-959072039-615746888-7251
               	Account Name:		tempuser018
               	Account Domain:		WS2022-LAB02

TimeCreated  : 13/06/2026 18:02:07
Id           : 4720
ProviderName : Microsoft-Windows-Security-Auditing
MachineName  : WIN-H96JM6F374S
Message      : A user account was created.

               Subject:
               	Security ID:		S-1-5-21-1843355061-959072039-615746888-7275
               	Account Name:		opsadmin3
               	Account Domain:		WIN-H96JM6F374S
               	Logon ID:		0x54533

               New Account:
               	Security ID:		S-1-5-21-1843355061-959072039-615746888-6014
               	Account Name:		tempuser019
               	Account Domain:		WIN-H96JM6F374S

TimeCreated  : 13/06/2026 18:02:45
Id           : 4720
ProviderName : Microsoft-Windows-Security-Auditing
MachineName  : WS2022-LAB02
Message      : A user account was created.

               Subject:
               	Security ID:		S-1-5-21-1843355061-959072039-615746888-6901
               	Account Name:		opsadmin1
               	Account Domain:		WS2022-LAB02
               	Logon ID:		0x2582A

               New Account:
               	Security ID:		S-1-5-21-1843355061-959072039-615746888-3472
               	Account Name:		tempuser020
               	Account Domain:		WS2022-LAB02

TimeCreated  : 13/06/2026 18:03:02
Id           : 4720
ProviderName : Microsoft-Windows-Security-Auditing
MachineName  : WS2022-LAB02
Message      : A user account was created.

               Subject:
               	Security ID:		S-1-5-21-1843355061-959072039-615746888-6080
               	Account Name:		opsadmin1
               	Account Domain:		WS2022-LAB02
               	Logon ID:		0x52564

               New Account:
               	Security ID:		S-1-5-21-1843355061-959072039-615746888-8593
               	Account Name:		tempuser021
               	Account Domain:		WS2022-LAB02

TimeCreated  : 13/06/2026 18:03:13
Id           : 4720
ProviderName : Microsoft-Windows-Security-Auditing
MachineName  : WS2022-LAB02
Message      : A user account was created.

               Subject:
               	Security ID:		S-1-5-21-1843355061-959072039-615746888-6260
               	Account Name:		opsadmin1
               	Account Domain:		WS2022-LAB02
               	Logon ID:		0xA813E

               New Account:
               	Security ID:		S-1-5-21-1843355061-959072039-615746888-5803
               	Account Name:		tempuser022
               	Account Domain:		WS2022-LAB02

TimeCreated  : 13/06/2026 18:03:39
Id           : 4720
ProviderName : Microsoft-Windows-Security-Auditing
MachineName  : WS2022-LAB02
Message      : A user account was created.

               Subject:
               	Security ID:		S-1-5-21-1843355061-959072039-615746888-1253
               	Account Name:		opsadmin2
               	Account Domain:		WS2022-LAB02
               	Logon ID:		0x91018

               New Account:
               	Security ID:		S-1-5-21-1843355061-959072039-615746888-7648
               	Account Name:		tempuser023
               	Account Domain:		WS2022-LAB02

TimeCreated  : 13/06/2026 18:04:04
Id           : 4720
ProviderName : Microsoft-Windows-Security-Auditing
MachineName  : WS2022-LAB02
Message      : A user account was created.

               Subject:
               	Security ID:		S-1-5-21-1843355061-959072039-615746888-4588
               	Account Name:		labadmin
               	Account Domain:		WS2022-LAB02
               	Logon ID:		0x56D2A

               New Account:
               	Security ID:		S-1-5-21-1843355061-959072039-615746888-4504
               	Account Name:		tempuser024
               	Account Domain:		WS2022-LAB02

TimeCreated  : 13/06/2026 18:04:35
Id           : 4720
ProviderName : Microsoft-Windows-Security-Auditing
MachineName  : WIN-H96JM6F374S
Message      : A user account was created.

               Subject:
               	Security ID:		S-1-5-21-1843355061-959072039-615746888-4702
               	Account Name:		labadmin
               	Account Domain:		WIN-H96JM6F374S
               	Logon ID:		0xCBD46

               New Account:
               	Security ID:		S-1-5-21-1843355061-959072039-615746888-2208
               	Account Name:		tempuser025
               	Account Domain:		WIN-H96JM6F374S

TimeCreated  : 13/06/2026 18:04:54
Id           : 4720
ProviderName : Microsoft-Windows-Security-Auditing
MachineName  : WS2022-LAB02
Message      : A user account was created.

               Subject:
               	Security ID:		S-1-5-21-1843355061-959072039-615746888-3863
               	Account Name:		opsadmin3
               	Account Domain:		WS2022-LAB02
               	Logon ID:		0xF28FC

               New Account:
               	Security ID:		S-1-5-21-1843355061-959072039-615746888-1087
               	Account Name:		tempuser026
               	Account Domain:		WS2022-LAB02

TimeCreated  : 13/06/2026 18:05:02
Id           : 4720
ProviderName : Microsoft-Windows-Security-Auditing
MachineName  : WIN-H96JM6F374S
Message      : A user account was created.

               Subject:
               	Security ID:		S-1-5-21-1843355061-959072039-615746888-4063
               	Account Name:		opsadmin1
               	Account Domain:		WIN-H96JM6F374S
               	Logon ID:		0x6D934

               New Account:
               	Security ID:		S-1-5-21-1843355061-959072039-615746888-5329
               	Account Name:		tempuser027
               	Account Domain:		WIN-H96JM6F374S

TimeCreated  : 13/06/2026 18:05:41
Id           : 4720
ProviderName : Microsoft-Windows-Security-Auditing
MachineName  : WIN-H96JM6F374S
Message      : A user account was created.

               Subject:
               	Security ID:		S-1-5-21-1843355061-959072039-615746888-2779
               	Account Name:		labadmin
               	Account Domain:		WIN-H96JM6F374S
               	Logon ID:		0xD5843

               New Account:
               	Security ID:		S-1-5-21-1843355061-959072039-615746888-9304
               	Account Name:		tempuser028
               	Account Domain:		WIN-H96JM6F374S

TimeCreated  : 13/06/2026 18:06:21
Id           : 4720
ProviderName : Microsoft-Windows-Security-Auditing
MachineName  : WIN-H96JM6F374S
Message      : A user account was created.

               Subject:
               	Security ID:		S-1-5-21-1843355061-959072039-615746888-8589
               	Account Name:		opsadmin3
               	Account Domain:		WIN-H96JM6F374S
               	Logon ID:		0xC4091

               New Account:
               	Security ID:		S-1-5-21-1843355061-959072039-615746888-4689
               	Account Name:		tempuser029
               	Account Domain:		WIN-H96JM6F374S

TimeCreated  : 13/06/2026 18:06:59
Id           : 4720
ProviderName : Microsoft-Windows-Security-Auditing
MachineName  : WS2022-LAB01
Message      : A user account was created.

               Subject:
               	Security ID:		S-1-5-21-1843355061-959072039-615746888-9829
               	Account Name:		opsadmin3
               	Account Domain:		WS2022-LAB01
               	Logon ID:		0x2BF80

               New Account:
               	Security ID:		S-1-5-21-1843355061-959072039-615746888-5445
               	Account Name:		tempuser030
               	Account Domain:		WS2022-LAB01

TimeCreated  : 13/06/2026 18:07:30
Id           : 4720
ProviderName : Microsoft-Windows-Security-Auditing
MachineName  : WS2022-LAB01
Message      : A user account was created.

               Subject:
               	Security ID:		S-1-5-21-1843355061-959072039-615746888-6270
               	Account Name:		opsadmin3
               	Account Domain:		WS2022-LAB01
               	Logon ID:		0x3DE46

               New Account:
               	Security ID:		S-1-5-21-1843355061-959072039-615746888-5874
               	Account Name:		tempuser031
               	Account Domain:		WS2022-LAB01

TimeCreated  : 13/06/2026 18:08:03
Id           : 4720
ProviderName : Microsoft-Windows-Security-Auditing
MachineName  : WS2022-LAB01
Message      : A user account was created.

               Subject:
               	Security ID:		S-1-5-21-1843355061-959072039-615746888-7085
               	Account Name:		labadmin
               	Account Domain:		WS2022-LAB01
               	Logon ID:		0xC06F2

               New Account:
               	Security ID:		S-1-5-21-1843355061-959072039-615746888-5914
               	Account Name:		tempuser032
               	Account Domain:		WS2022-LAB01

TimeCreated  : 13/06/2026 18:08:16
Id           : 4720
ProviderName : Microsoft-Windows-Security-Auditing
MachineName  : WS2022-LAB01
Message      : A user account was created.

               Subject:
               	Security ID:		S-1-5-21-1843355061-959072039-615746888-3596
               	Account Name:		opsadmin1
               	Account Domain:		WS2022-LAB01
               	Logon ID:		0xDAEFC

               New Account:
               	Security ID:		S-1-5-21-1843355061-959072039-615746888-3706
               	Account Name:		tempuser033
               	Account Domain:		WS2022-LAB01

TimeCreated  : 13/06/2026 18:08:51
Id           : 4720
ProviderName : Microsoft-Windows-Security-Auditing
MachineName  : WIN-H96JM6F374S
Message      : A user account was created.

               Subject:
               	Security ID:		S-1-5-21-1843355061-959072039-615746888-1255
               	Account Name:		opsadmin2
               	Account Domain:		WIN-H96JM6F374S
               	Logon ID:		0xAA49E

               New Account:
               	Security ID:		S-1-5-21-1843355061-959072039-615746888-7613
               	Account Name:		tempuser034
               	Account Domain:		WIN-H96JM6F374S

TimeCreated  : 13/06/2026 18:09:14
Id           : 4720
ProviderName : Microsoft-Windows-Security-Auditing
MachineName  : WS2022-LAB01
Message      : A user account was created.

               Subject:
               	Security ID:		S-1-5-21-1843355061-959072039-615746888-1507
               	Account Name:		opsadmin1
               	Account Domain:		WS2022-LAB01
               	Logon ID:		0x75FDB

               New Account:
               	Security ID:		S-1-5-21-1843355061-959072039-615746888-5387
               	Account Name:		tempuser035
               	Account Domain:		WS2022-LAB01

TimeCreated  : 13/06/2026 18:09:36
Id           : 4720
ProviderName : Microsoft-Windows-Security-Auditing
MachineName  : WIN-H96JM6F374S
Message      : A user account was created.

               Subject:
               	Security ID:		S-1-5-21-1843355061-959072039-615746888-9318
               	Account Name:		opsadmin2
               	Account Domain:		WIN-H96JM6F374S
               	Logon ID:		0xAA74F

               New Account:
               	Security ID:		S-1-5-21-1843355061-959072039-615746888-5949
               	Account Name:		tempuser036
               	Account Domain:		WIN-H96JM6F374S

TimeCreated  : 13/06/2026 18:10:16
Id           : 4720
ProviderName : Microsoft-Windows-Security-Auditing
MachineName  : WS2022-LAB01
Message      : A user account was created.

               Subject:
               	Security ID:		S-1-5-21-1843355061-959072039-615746888-9147
               	Account Name:		opsadmin2
               	Account Domain:		WS2022-LAB01
               	Logon ID:		0x25F0E

               New Account:
               	Security ID:		S-1-5-21-1843355061-959072039-615746888-2948
               	Account Name:		tempuser037
               	Account Domain:		WS2022-LAB01

TimeCreated  : 13/06/2026 18:10:23
Id           : 4720
ProviderName : Microsoft-Windows-Security-Auditing
MachineName  : WS2022-LAB02
Message      : A user account was created.

               Subject:
               	Security ID:		S-1-5-21-1843355061-959072039-615746888-4198
               	Account Name:		opsadmin3
               	Account Domain:		WS2022-LAB02
               	Logon ID:		0x7B672

               New Account:
               	Security ID:		S-1-5-21-1843355061-959072039-615746888-8935
               	Account Name:		tempuser038
               	Account Domain:		WS2022-LAB02

TimeCreated  : 13/06/2026 18:10:42
Id           : 4720
ProviderName : Microsoft-Windows-Security-Auditing
MachineName  : WS2022-LAB02
Message      : A user account was created.

               Subject:
               	Security ID:		S-1-5-21-1843355061-959072039-615746888-8380
               	Account Name:		labadmin
               	Account Domain:		WS2022-LAB02
               	Logon ID:		0xBD623

               New Account:
               	Security ID:		S-1-5-21-1843355061-959072039-615746888-4416
               	Account Name:		tempuser039
               	Account Domain:		WS2022-LAB02

TimeCreated  : 13/06/2026 18:11:07
Id           : 4720
ProviderName : Microsoft-Windows-Security-Auditing
MachineName  : WS2022-LAB02
Message      : A user account was created.

               Subject:
               	Security ID:		S-1-5-21-1843355061-959072039-615746888-8037
               	Account Name:		opsadmin1
               	Account Domain:		WS2022-LAB02
               	Logon ID:		0x4FF7F

               New Account:
               	Security ID:		S-1-5-21-1843355061-959072039-615746888-4929
               	Account Name:		tempuser040
               	Account Domain:		WS2022-LAB02

TimeCreated  : 13/06/2026 18:11:21
Id           : 4720
ProviderName : Microsoft-Windows-Security-Auditing
MachineName  : WS2022-LAB02
Message      : A user account was created.

               Subject:
               	Security ID:		S-1-5-21-1843355061-959072039-615746888-9564
               	Account Name:		opsadmin1
               	Account Domain:		WS2022-LAB02
               	Logon ID:		0x5FB09

               New Account:
               	Security ID:		S-1-5-21-1843355061-959072039-615746888-5739
               	Account Name:		tempuser041
               	Account Domain:		WS2022-LAB02

TimeCreated  : 13/06/2026 18:11:53
Id           : 4720
ProviderName : Microsoft-Windows-Security-Auditing
MachineName  : WS2022-LAB02
Message      : A user account was created.

               Subject:
               	Security ID:		S-1-5-21-1843355061-959072039-615746888-3973
               	Account Name:		labadmin
               	Account Domain:		WS2022-LAB02
               	Logon ID:		0xCC5C5

               New Account:
               	Security ID:		S-1-5-21-1843355061-959072039-615746888-8535
               	Account Name:		tempuser042
               	Account Domain:		WS2022-LAB02

TimeCreated  : 13/06/2026 18:12:21
Id           : 4720
ProviderName : Microsoft-Windows-Security-Auditing
MachineName  : WS2022-LAB02
Message      : A user account was created.

               Subject:
               	Security ID:		S-1-5-21-1843355061-959072039-615746888-4861
               	Account Name:		opsadmin1
               	Account Domain:		WS2022-LAB02
               	Logon ID:		0xA6395

               New Account:
               	Security ID:		S-1-5-21-1843355061-959072039-615746888-4756
               	Account Name:		tempuser043
               	Account Domain:		WS2022-LAB02

TimeCreated  : 13/06/2026 18:12:27
Id           : 4720
ProviderName : Microsoft-Windows-Security-Auditing
MachineName  : WS2022-LAB02
Message      : A user account was created.

               Subject:
               	Security ID:		S-1-5-21-1843355061-959072039-615746888-5328
               	Account Name:		opsadmin1
               	Account Domain:		WS2022-LAB02
               	Logon ID:		0x2BBF5

               New Account:
               	Security ID:		S-1-5-21-1843355061-959072039-615746888-1977
               	Account Name:		tempuser044
               	Account Domain:		WS2022-LAB02

TimeCreated  : 13/06/2026 18:12:36
Id           : 4720
ProviderName : Microsoft-Windows-Security-Auditing
MachineName  : WS2022-LAB01
Message      : A user account was created.

               Subject:
               	Security ID:		S-1-5-21-1843355061-959072039-615746888-3909
               	Account Name:		opsadmin1
               	Account Domain:		WS2022-LAB01
               	Logon ID:		0xD6137

               New Account:
               	Security ID:		S-1-5-21-1843355061-959072039-615746888-6706
               	Account Name:		tempuser045
               	Account Domain:		WS2022-LAB01

TimeCreated  : 13/06/2026 18:12:58
Id           : 4720
ProviderName : Microsoft-Windows-Security-Auditing
MachineName  : WS2022-LAB01
Message      : A user account was created.

               Subject:
               	Security ID:		S-1-5-21-1843355061-959072039-615746888-5429
               	Account Name:		opsadmin1
               	Account Domain:		WS2022-LAB01
               	Logon ID:		0x7DCDA

               New Account:
               	Security ID:		S-1-5-21-1843355061-959072039-615746888-3380
               	Account Name:		tempuser046
               	Account Domain:		WS2022-LAB01

TimeCreated  : 13/06/2026 18:13:16
Id           : 4720
ProviderName : Microsoft-Windows-Security-Auditing
MachineName  : WIN-H96JM6F374S
Message      : A user account was created.

               Subject:
               	Security ID:		S-1-5-21-1843355061-959072039-615746888-2786
               	Account Name:		labadmin
               	Account Domain:		WIN-H96JM6F374S
               	Logon ID:		0xA334D

               New Account:
               	Security ID:		S-1-5-21-1843355061-959072039-615746888-6783
               	Account Name:		tempuser047
               	Account Domain:		WIN-H96JM6F374S

TimeCreated  : 13/06/2026 18:13:39
Id           : 4720
ProviderName : Microsoft-Windows-Security-Auditing
MachineName  : WS2022-LAB01
Message      : A user account was created.

               Subject:
               	Security ID:		S-1-5-21-1843355061-959072039-615746888-9208
               	Account Name:		labadmin
               	Account Domain:		WS2022-LAB01
               	Logon ID:		0x5E75E

               New Account:
               	Security ID:		S-1-5-21-1843355061-959072039-615746888-8594
               	Account Name:		tempuser048
               	Account Domain:		WS2022-LAB01

TimeCreated  : 13/06/2026 18:14:19
Id           : 4720
ProviderName : Microsoft-Windows-Security-Auditing
MachineName  : WS2022-LAB01
Message      : A user account was created.

               Subject:
               	Security ID:		S-1-5-21-1843355061-959072039-615746888-1494
               	Account Name:		labadmin
               	Account Domain:		WS2022-LAB01
               	Logon ID:		0x4C40B

               New Account:
               	Security ID:		S-1-5-21-1843355061-959072039-615746888-4978
               	Account Name:		tempuser049
               	Account Domain:		WS2022-LAB01

TimeCreated  : 13/06/2026 18:14:59
Id           : 4720
ProviderName : Microsoft-Windows-Security-Auditing
MachineName  : WS2022-LAB02
Message      : A user account was created.

               Subject:
               	Security ID:		S-1-5-21-1843355061-959072039-615746888-5665
               	Account Name:		opsadmin1
               	Account Domain:		WS2022-LAB02
               	Logon ID:		0x3F3D3

               New Account:
               	Security ID:		S-1-5-21-1843355061-959072039-615746888-1659
               	Account Name:		tempuser050
               	Account Domain:		WS2022-LAB02

TimeCreated  : 13/06/2026 18:15:26
Id           : 4720
ProviderName : Microsoft-Windows-Security-Auditing
MachineName  : WS2022-LAB02
Message      : A user account was created.

               Subject:
               	Security ID:		S-1-5-21-1843355061-959072039-615746888-8453
               	Account Name:		opsadmin2
               	Account Domain:		WS2022-LAB02
               	Logon ID:		0x2A455

               New Account:
               	Security ID:		S-1-5-21-1843355061-959072039-615746888-6972
               	Account Name:		tempuser051
               	Account Domain:		WS2022-LAB02

TimeCreated  : 13/06/2026 18:15:47
Id           : 4720
ProviderName : Microsoft-Windows-Security-Auditing
MachineName  : WIN-H96JM6F374S
Message      : A user account was created.

               Subject:
               	Security ID:		S-1-5-21-1843355061-959072039-615746888-4136
               	Account Name:		opsadmin1
               	Account Domain:		WIN-H96JM6F374S
               	Logon ID:		0x65536

               New Account:
               	Security ID:		S-1-5-21-1843355061-959072039-615746888-2751
               	Account Name:		tempuser052
               	Account Domain:		WIN-H96JM6F374S

TimeCreated  : 13/06/2026 18:16:20
Id           : 4720
ProviderName : Microsoft-Windows-Security-Auditing
MachineName  : WS2022-LAB01
Message      : A user account was created.

               Subject:
               	Security ID:		S-1-5-21-1843355061-959072039-615746888-5641
               	Account Name:		labadmin
               	Account Domain:		WS2022-LAB01
               	Logon ID:		0xC46A5

               New Account:
               	Security ID:		S-1-5-21-1843355061-959072039-615746888-7933
               	Account Name:		tempuser053
               	Account Domain:		WS2022-LAB01

TimeCreated  : 13/06/2026 18:16:38
Id           : 4720
ProviderName : Microsoft-Windows-Security-Auditing
MachineName  : WS2022-LAB01
Message      : A user account was created.

               Subject:
               	Security ID:		S-1-5-21-1843355061-959072039-615746888-1254
               	Account Name:		opsadmin3
               	Account Domain:		WS2022-LAB01
               	Logon ID:		0x73C56

               New Account:
               	Security ID:		S-1-5-21-1843355061-959072039-615746888-1785
               	Account Name:		tempuser054
               	Account Domain:		WS2022-LAB01

TimeCreated  : 13/06/2026 18:17:21
Id           : 4720
ProviderName : Microsoft-Windows-Security-Auditing
MachineName  : WIN-H96JM6F374S
Message      : A user account was created.

               Subject:
               	Security ID:		S-1-5-21-1843355061-959072039-615746888-5463
               	Account Name:		opsadmin1
               	Account Domain:		WIN-H96JM6F374S
               	Logon ID:		0xAAA4D

               New Account:
               	Security ID:		S-1-5-21-1843355061-959072039-615746888-8348
               	Account Name:		tempuser055
               	Account Domain:		WIN-H96JM6F374S

TimeCreated  : 13/06/2026 18:17:26
Id           : 4720
ProviderName : Microsoft-Windows-Security-Auditing
MachineName  : WS2022-LAB02
Message      : A user account was created.

               Subject:
               	Security ID:		S-1-5-21-1843355061-959072039-615746888-7047
               	Account Name:		opsadmin2
               	Account Domain:		WS2022-LAB02
               	Logon ID:		0x61B16

               New Account:
               	Security ID:		S-1-5-21-1843355061-959072039-615746888-3090
               	Account Name:		tempuser056
               	Account Domain:		WS2022-LAB02

TimeCreated  : 13/06/2026 18:17:50
Id           : 4720
ProviderName : Microsoft-Windows-Security-Auditing
MachineName  : WIN-H96JM6F374S
Message      : A user account was created.

               Subject:
               	Security ID:		S-1-5-21-1843355061-959072039-615746888-2304
               	Account Name:		opsadmin3
               	Account Domain:		WIN-H96JM6F374S
               	Logon ID:		0x65327

               New Account:
               	Security ID:		S-1-5-21-1843355061-959072039-615746888-7520
               	Account Name:		tempuser057
               	Account Domain:		WIN-H96JM6F374S

TimeCreated  : 13/06/2026 18:17:57
Id           : 4720
ProviderName : Microsoft-Windows-Security-Auditing
MachineName  : WIN-H96JM6F374S
Message      : A user account was created.

               Subject:
               	Security ID:		S-1-5-21-1843355061-959072039-615746888-3225
               	Account Name:		labadmin
               	Account Domain:		WIN-H96JM6F374S
               	Logon ID:		0xCA4B4

               New Account:
               	Security ID:		S-1-5-21-1843355061-959072039-615746888-7804
               	Account Name:		tempuser058
               	Account Domain:		WIN-H96JM6F374S

TimeCreated  : 13/06/2026 18:18:37
Id           : 4720
ProviderName : Microsoft-Windows-Security-Auditing
MachineName  : WS2022-LAB02
Message      : A user account was created.

               Subject:
               	Security ID:		S-1-5-21-1843355061-959072039-615746888-9276
               	Account Name:		labadmin
               	Account Domain:		WS2022-LAB02
               	Logon ID:		0x37F22

               New Account:
               	Security ID:		S-1-5-21-1843355061-959072039-615746888-1116
               	Account Name:		tempuser059
               	Account Domain:		WS2022-LAB02

TimeCreated  : 13/06/2026 18:19:18
Id           : 4720
ProviderName : Microsoft-Windows-Security-Auditing
MachineName  : WS2022-LAB01
Message      : A user account was created.

               Subject:
               	Security ID:		S-1-5-21-1843355061-959072039-615746888-6507
               	Account Name:		opsadmin2
               	Account Domain:		WS2022-LAB01
               	Logon ID:		0x525E7

               New Account:
               	Security ID:		S-1-5-21-1843355061-959072039-615746888-2045
               	Account Name:		tempuser060
               	Account Domain:		WS2022-LAB01

TimeCreated  : 13/06/2026 18:19:50
Id           : 4720
ProviderName : Microsoft-Windows-Security-Auditing
MachineName  : WIN-H96JM6F374S
Message      : A user account was created.

               Subject:
               	Security ID:		S-1-5-21-1843355061-959072039-615746888-3759
               	Account Name:		opsadmin2
               	Account Domain:		WIN-H96JM6F374S
               	Logon ID:		0x1A5A8

               New Account:
               	Security ID:		S-1-5-21-1843355061-959072039-615746888-4085
               	Account Name:		tempuser061
               	Account Domain:		WIN-H96JM6F374S

TimeCreated  : 13/06/2026 18:20:09
Id           : 4720
ProviderName : Microsoft-Windows-Security-Auditing
MachineName  : WS2022-LAB01
Message      : A user account was created.

               Subject:
               	Security ID:		S-1-5-21-1843355061-959072039-615746888-1029
               	Account Name:		opsadmin2
               	Account Domain:		WS2022-LAB01
               	Logon ID:		0x38142

               New Account:
               	Security ID:		S-1-5-21-1843355061-959072039-615746888-5859
               	Account Name:		tempuser062
               	Account Domain:		WS2022-LAB01

TimeCreated  : 13/06/2026 18:20:25
Id           : 4720
ProviderName : Microsoft-Windows-Security-Auditing
MachineName  : WS2022-LAB01
Message      : A user account was created.

               Subject:
               	Security ID:		S-1-5-21-1843355061-959072039-615746888-4076
               	Account Name:		opsadmin2
               	Account Domain:		WS2022-LAB01
               	Logon ID:		0x94DA5

               New Account:
               	Security ID:		S-1-5-21-1843355061-959072039-615746888-5789
               	Account Name:		tempuser063
               	Account Domain:		WS2022-LAB01

TimeCreated  : 13/06/2026 18:20:46
Id           : 4720
ProviderName : Microsoft-Windows-Security-Auditing
MachineName  : WS2022-LAB02
Message      : A user account was created.

               Subject:
               	Security ID:		S-1-5-21-1843355061-959072039-615746888-8861
               	Account Name:		opsadmin2
               	Account Domain:		WS2022-LAB02
               	Logon ID:		0x13414

               New Account:
               	Security ID:		S-1-5-21-1843355061-959072039-615746888-1635
               	Account Name:		tempuser064
               	Account Domain:		WS2022-LAB02

TimeCreated  : 13/06/2026 18:21:11
Id           : 4720
ProviderName : Microsoft-Windows-Security-Auditing
MachineName  : WS2022-LAB02
Message      : A user account was created.

               Subject:
               	Security ID:		S-1-5-21-1843355061-959072039-615746888-1997
               	Account Name:		opsadmin2
               	Account Domain:		WS2022-LAB02
               	Logon ID:		0x98FFC

               New Account:
               	Security ID:		S-1-5-21-1843355061-959072039-615746888-9146
               	Account Name:		tempuser065
               	Account Domain:		WS2022-LAB02

TimeCreated  : 13/06/2026 18:21:16
Id           : 4720
ProviderName : Microsoft-Windows-Security-Auditing
MachineName  : WS2022-LAB02
Message      : A user account was created.

               Subject:
               	Security ID:		S-1-5-21-1843355061-959072039-615746888-6933
               	Account Name:		opsadmin1
               	Account Domain:		WS2022-LAB02
               	Logon ID:		0x1587F

               New Account:
               	Security ID:		S-1-5-21-1843355061-959072039-615746888-8945
               	Account Name:		tempuser066
               	Account Domain:		WS2022-LAB02

TimeCreated  : 13/06/2026 18:21:23
Id           : 4720
ProviderName : Microsoft-Windows-Security-Auditing
MachineName  : WS2022-LAB01
Message      : A user account was created.

               Subject:
               	Security ID:		S-1-5-21-1843355061-959072039-615746888-4746
               	Account Name:		opsadmin3
               	Account Domain:		WS2022-LAB01
               	Logon ID:		0xD681A

               New Account:
               	Security ID:		S-1-5-21-1843355061-959072039-615746888-1357
               	Account Name:		tempuser067
               	Account Domain:		WS2022-LAB01

TimeCreated  : 13/06/2026 18:22:05
Id           : 4720
ProviderName : Microsoft-Windows-Security-Auditing
MachineName  : WS2022-LAB02
Message      : A user account was created.

               Subject:
               	Security ID:		S-1-5-21-1843355061-959072039-615746888-8844
               	Account Name:		labadmin
               	Account Domain:		WS2022-LAB02
               	Logon ID:		0x1012B

               New Account:
               	Security ID:		S-1-5-21-1843355061-959072039-615746888-5782
               	Account Name:		tempuser068
               	Account Domain:		WS2022-LAB02

TimeCreated  : 13/06/2026 18:22:46
Id           : 4720
ProviderName : Microsoft-Windows-Security-Auditing
MachineName  : WIN-H96JM6F374S
Message      : A user account was created.

               Subject:
               	Security ID:		S-1-5-21-1843355061-959072039-615746888-8435
               	Account Name:		opsadmin2
               	Account Domain:		WIN-H96JM6F374S
               	Logon ID:		0x60596

               New Account:
               	Security ID:		S-1-5-21-1843355061-959072039-615746888-9258
               	Account Name:		tempuser069
               	Account Domain:		WIN-H96JM6F374S

TimeCreated  : 13/06/2026 18:22:54
Id           : 4720
ProviderName : Microsoft-Windows-Security-Auditing
MachineName  : WS2022-LAB01
Message      : A user account was created.

               Subject:
               	Security ID:		S-1-5-21-1843355061-959072039-615746888-2525
               	Account Name:		opsadmin1
               	Account Domain:		WS2022-LAB01
               	Logon ID:		0xEE0BE

               New Account:
               	Security ID:		S-1-5-21-1843355061-959072039-615746888-1838
               	Account Name:		tempuser070
               	Account Domain:		WS2022-LAB01

TimeCreated  : 13/06/2026 18:23:26
Id           : 4720
ProviderName : Microsoft-Windows-Security-Auditing
MachineName  : WS2022-LAB01
Message      : A user account was created.

               Subject:
               	Security ID:		S-1-5-21-1843355061-959072039-615746888-8023
               	Account Name:		labadmin
               	Account Domain:		WS2022-LAB01
               	Logon ID:		0x6F95D

               New Account:
               	Security ID:		S-1-5-21-1843355061-959072039-615746888-8948
               	Account Name:		tempuser071
               	Account Domain:		WS2022-LAB01

TimeCreated  : 13/06/2026 18:23:47
Id           : 4720
ProviderName : Microsoft-Windows-Security-Auditing
MachineName  : WIN-H96JM6F374S
Message      : A user account was created.

               Subject:
               	Security ID:		S-1-5-21-1843355061-959072039-615746888-6858
               	Account Name:		opsadmin3
               	Account Domain:		WIN-H96JM6F374S
               	Logon ID:		0xA7B54

               New Account:
               	Security ID:		S-1-5-21-1843355061-959072039-615746888-8345
               	Account Name:		tempuser072
               	Account Domain:		WIN-H96JM6F374S

TimeCreated  : 13/06/2026 18:24:28
Id           : 4720
ProviderName : Microsoft-Windows-Security-Auditing
MachineName  : WS2022-LAB02
Message      : A user account was created.

               Subject:
               	Security ID:		S-1-5-21-1843355061-959072039-615746888-1970
               	Account Name:		opsadmin1
               	Account Domain:		WS2022-LAB02
               	Logon ID:		0x628B1

               New Account:
               	Security ID:		S-1-5-21-1843355061-959072039-615746888-8186
               	Account Name:		tempuser073
               	Account Domain:		WS2022-LAB02

TimeCreated  : 13/06/2026 18:24:35
Id           : 4720
ProviderName : Microsoft-Windows-Security-Auditing
MachineName  : WIN-H96JM6F374S
Message      : A user account was created.

               Subject:
               	Security ID:		S-1-5-21-1843355061-959072039-615746888-4463
               	Account Name:		opsadmin3
               	Account Domain:		WIN-H96JM6F374S
               	Logon ID:		0x5FC81

               New Account:
               	Security ID:		S-1-5-21-1843355061-959072039-615746888-1239
               	Account Name:		tempuser074
               	Account Domain:		WIN-H96JM6F374S

TimeCreated  : 13/06/2026 18:24:49
Id           : 4720
ProviderName : Microsoft-Windows-Security-Auditing
MachineName  : WS2022-LAB02
Message      : A user account was created.

               Subject:
               	Security ID:		S-1-5-21-1843355061-959072039-615746888-8101
               	Account Name:		labadmin
               	Account Domain:		WS2022-LAB02
               	Logon ID:		0xE5C81

               New Account:
               	Security ID:		S-1-5-21-1843355061-959072039-615746888-1382
               	Account Name:		tempuser075
               	Account Domain:		WS2022-LAB02

TimeCreated  : 13/06/2026 18:25:22
Id           : 4720
ProviderName : Microsoft-Windows-Security-Auditing
MachineName  : WIN-H96JM6F374S
Message      : A user account was created.

               Subject:
               	Security ID:		S-1-5-21-1843355061-959072039-615746888-8283
               	Account Name:		opsadmin2
               	Account Domain:		WIN-H96JM6F374S
               	Logon ID:		0xE9065

               New Account:
               	Security ID:		S-1-5-21-1843355061-959072039-615746888-9682
               	Account Name:		tempuser076
               	Account Domain:		WIN-H96JM6F374S

TimeCreated  : 13/06/2026 18:26:03
Id           : 4720
ProviderName : Microsoft-Windows-Security-Auditing
MachineName  : WS2022-LAB01
Message      : A user account was created.

               Subject:
               	Security ID:		S-1-5-21-1843355061-959072039-615746888-6653
               	Account Name:		labadmin
               	Account Domain:		WS2022-LAB01
               	Logon ID:		0xAE575

               New Account:
               	Security ID:		S-1-5-21-1843355061-959072039-615746888-4619
               	Account Name:		tempuser077
               	Account Domain:		WS2022-LAB01

TimeCreated  : 13/06/2026 18:26:48
Id           : 4720
ProviderName : Microsoft-Windows-Security-Auditing
MachineName  : WIN-H96JM6F374S
Message      : A user account was created.

               Subject:
               	Security ID:		S-1-5-21-1843355061-959072039-615746888-6214
               	Account Name:		opsadmin2
               	Account Domain:		WIN-H96JM6F374S
               	Logon ID:		0x6137B

               New Account:
               	Security ID:		S-1-5-21-1843355061-959072039-615746888-7861
               	Account Name:		tempuser078
               	Account Domain:		WIN-H96JM6F374S

TimeCreated  : 13/06/2026 18:27:26
Id           : 4720
ProviderName : Microsoft-Windows-Security-Auditing
MachineName  : WS2022-LAB02
Message      : A user account was created.

               Subject:
               	Security ID:		S-1-5-21-1843355061-959072039-615746888-7109
               	Account Name:		opsadmin3
               	Account Domain:		WS2022-LAB02
               	Logon ID:		0x9DDA5

               New Account:
               	Security ID:		S-1-5-21-1843355061-959072039-615746888-6655
               	Account Name:		tempuser079
               	Account Domain:		WS2022-LAB02

TimeCreated  : 13/06/2026 18:28:11
Id           : 4720
ProviderName : Microsoft-Windows-Security-Auditing
MachineName  : WS2022-LAB02
Message      : A user account was created.

               Subject:
               	Security ID:		S-1-5-21-1843355061-959072039-615746888-6736
               	Account Name:		opsadmin1
               	Account Domain:		WS2022-LAB02
               	Logon ID:		0xE2C4E

               New Account:
               	Security ID:		S-1-5-21-1843355061-959072039-615746888-7460
               	Account Name:		tempuser080
               	Account Domain:		WS2022-LAB02

TimeCreated  : 13/06/2026 18:28:48
Id           : 4720
ProviderName : Microsoft-Windows-Security-Auditing
MachineName  : WIN-H96JM6F374S
Message      : A user account was created.

               Subject:
               	Security ID:		S-1-5-21-1843355061-959072039-615746888-2217
               	Account Name:		opsadmin2
               	Account Domain:		WIN-H96JM6F374S
               	Logon ID:		0x5EB0B

               New Account:
               	Security ID:		S-1-5-21-1843355061-959072039-615746888-4137
               	Account Name:		tempuser081
               	Account Domain:		WIN-H96JM6F374S

TimeCreated  : 13/06/2026 18:29:05
Id           : 4720
ProviderName : Microsoft-Windows-Security-Auditing
MachineName  : WS2022-LAB02
Message      : A user account was created.

               Subject:
               	Security ID:		S-1-5-21-1843355061-959072039-615746888-2201
               	Account Name:		opsadmin2
               	Account Domain:		WS2022-LAB02
               	Logon ID:		0xAF417

               New Account:
               	Security ID:		S-1-5-21-1843355061-959072039-615746888-1657
               	Account Name:		tempuser082
               	Account Domain:		WS2022-LAB02

TimeCreated  : 13/06/2026 18:29:49
Id           : 4720
ProviderName : Microsoft-Windows-Security-Auditing
MachineName  : WIN-H96JM6F374S
Message      : A user account was created.

               Subject:
               	Security ID:		S-1-5-21-1843355061-959072039-615746888-1889
               	Account Name:		labadmin
               	Account Domain:		WIN-H96JM6F374S
               	Logon ID:		0x1D816

               New Account:
               	Security ID:		S-1-5-21-1843355061-959072039-615746888-7834
               	Account Name:		tempuser083
               	Account Domain:		WIN-H96JM6F374S

TimeCreated  : 13/06/2026 18:30:19
Id           : 4720
ProviderName : Microsoft-Windows-Security-Auditing
MachineName  : WS2022-LAB02
Message      : A user account was created.

               Subject:
               	Security ID:		S-1-5-21-1843355061-959072039-615746888-4094
               	Account Name:		opsadmin3
               	Account Domain:		WS2022-LAB02
               	Logon ID:		0x24109

               New Account:
               	Security ID:		S-1-5-21-1843355061-959072039-615746888-1771
               	Account Name:		tempuser084
               	Account Domain:		WS2022-LAB02

TimeCreated  : 13/06/2026 18:30:57
Id           : 4720
ProviderName : Microsoft-Windows-Security-Auditing
MachineName  : WIN-H96JM6F374S
Message      : A user account was created.

               Subject:
               	Security ID:		S-1-5-21-1843355061-959072039-615746888-6934
               	Account Name:		labadmin
               	Account Domain:		WIN-H96JM6F374S
               	Logon ID:		0x26D4F

               New Account:
               	Security ID:		S-1-5-21-1843355061-959072039-615746888-2413
               	Account Name:		tempuser085
               	Account Domain:		WIN-H96JM6F374S

TimeCreated  : 13/06/2026 18:31:22
Id           : 4720
ProviderName : Microsoft-Windows-Security-Auditing
MachineName  : WS2022-LAB02
Message      : A user account was created.

               Subject:
               	Security ID:		S-1-5-21-1843355061-959072039-615746888-9165
               	Account Name:		opsadmin2
               	Account Domain:		WS2022-LAB02
               	Logon ID:		0x57822

               New Account:
               	Security ID:		S-1-5-21-1843355061-959072039-615746888-3149
               	Account Name:		tempuser086
               	Account Domain:		WS2022-LAB02

