TimeCreated  : 13/06/2026 21:07:28
Id           : 1102
ProviderName : Microsoft-Windows-Security-Auditing
MachineName  : WS2022-LAB01
Message      : The audit log was cleared.

               Subject:
               	Security ID:		S-1-5-21-1843355061-959072039-615746888-2207
               	Account Name:		labadmin
               	Account Domain:		WS2022-LAB01
               	Logon ID:		0xE58B2

TimeCreated  : 13/06/2026 21:08:00
Id           : 1102
ProviderName : Microsoft-Windows-Security-Auditing
MachineName  : WIN-H96JM6F374S
Message      : The audit log was cleared.

               Subject:
               	Security ID:		S-1-5-21-1843355061-959072039-615746888-9523
               	Account Name:		labadmin
               	Account Domain:		WIN-H96JM6F374S
               	Logon ID:		0x54051

TimeCreated  : 13/06/2026 21:08:21
Id           : 1102
ProviderName : Microsoft-Windows-Security-Auditing
MachineName  : WS2022-LAB02
Message      : The audit log was cleared.

               Subject:
               	Security ID:		S-1-5-21-1843355061-959072039-615746888-9415
               	Account Name:		opsadmin3
               	Account Domain:		WS2022-LAB02
               	Logon ID:		0xDAE07

TimeCreated  : 13/06/2026 21:08:59
Id           : 1102
ProviderName : Microsoft-Windows-Security-Auditing
MachineName  : WS2022-LAB01
Message      : The audit log was cleared.

               Subject:
               	Security ID:		S-1-5-21-1843355061-959072039-615746888-1171
               	Account Name:		opsadmin1
               	Account Domain:		WS2022-LAB01
               	Logon ID:		0x85CD6

TimeCreated  : 13/06/2026 21:09:12
Id           : 1102
ProviderName : Microsoft-Windows-Security-Auditing
MachineName  : WS2022-LAB01
Message      : The audit log was cleared.

               Subject:
               	Security ID:		S-1-5-21-1843355061-959072039-615746888-9668
               	Account Name:		labadmin
               	Account Domain:		WS2022-LAB01
               	Logon ID:		0x7AA32

TimeCreated  : 13/06/2026 21:09:30
Id           : 1102
ProviderName : Microsoft-Windows-Security-Auditing
MachineName  : WS2022-LAB02
Message      : The audit log was cleared.

               Subject:
               	Security ID:		S-1-5-21-1843355061-959072039-615746888-1881
               	Account Name:		opsadmin3
               	Account Domain:		WS2022-LAB02
               	Logon ID:		0xCE945

TimeCreated  : 13/06/2026 21:09:40
Id           : 1102
ProviderName : Microsoft-Windows-Security-Auditing
MachineName  : WS2022-LAB01
Message      : The audit log was cleared.

               Subject:
               	Security ID:		S-1-5-21-1843355061-959072039-615746888-5795
               	Account Name:		opsadmin1
               	Account Domain:		WS2022-LAB01
               	Logon ID:		0xBA47B

TimeCreated  : 13/06/2026 21:10:08
Id           : 1102
ProviderName : Microsoft-Windows-Security-Auditing
MachineName  : WIN-H96JM6F374S
Message      : The audit log was cleared.

               Subject:
               	Security ID:		S-1-5-21-1843355061-959072039-615746888-2223
               	Account Name:		opsadmin1
               	Account Domain:		WIN-H96JM6F374S
               	Logon ID:		0x55530

TimeCreated  : 13/06/2026 21:10:41
Id           : 1102
ProviderName : Microsoft-Windows-Security-Auditing
MachineName  : WS2022-LAB01
Message      : The audit log was cleared.

               Subject:
               	Security ID:		S-1-5-21-1843355061-959072039-615746888-9954
               	Account Name:		opsadmin2
               	Account Domain:		WS2022-LAB01
               	Logon ID:		0x58735

TimeCreated  : 13/06/2026 21:11:04
Id           : 1102
ProviderName : Microsoft-Windows-Security-Auditing
MachineName  : WIN-H96JM6F374S
Message      : The audit log was cleared.

               Subject:
               	Security ID:		S-1-5-21-1843355061-959072039-615746888-9271
               	Account Name:		opsadmin3
               	Account Domain:		WIN-H96JM6F374S
               	Logon ID:		0x66073

TimeCreated  : 13/06/2026 21:11:38
Id           : 1102
ProviderName : Microsoft-Windows-Security-Auditing
MachineName  : WIN-H96JM6F374S
Message      : The audit log was cleared.

               Subject:
               	Security ID:		S-1-5-21-1843355061-959072039-615746888-2844
               	Account Name:		opsadmin1
               	Account Domain:		WIN-H96JM6F374S
               	Logon ID:		0xEEFA5

TimeCreated  : 13/06/2026 21:12:09
Id           : 1102
ProviderName : Microsoft-Windows-Security-Auditing
MachineName  : WS2022-LAB01
Message      : The audit log was cleared.

               Subject:
               	Security ID:		S-1-5-21-1843355061-959072039-615746888-8569
               	Account Name:		labadmin
               	Account Domain:		WS2022-LAB01
               	Logon ID:		0x50A44

TimeCreated  : 13/06/2026 21:12:42
Id           : 1102
ProviderName : Microsoft-Windows-Security-Auditing
MachineName  : WS2022-LAB01
Message      : The audit log was cleared.

               Subject:
               	Security ID:		S-1-5-21-1843355061-959072039-615746888-8490
               	Account Name:		opsadmin2
               	Account Domain:		WS2022-LAB01
               	Logon ID:		0x59A7C

TimeCreated  : 13/06/2026 21:13:08
Id           : 1102
ProviderName : Microsoft-Windows-Security-Auditing
MachineName  : WS2022-LAB02
Message      : The audit log was cleared.

               Subject:
               	Security ID:		S-1-5-21-1843355061-959072039-615746888-4426
               	Account Name:		opsadmin3
               	Account Domain:		WS2022-LAB02
               	Logon ID:		0x4A60B

TimeCreated  : 13/06/2026 21:13:15
Id           : 1102
ProviderName : Microsoft-Windows-Security-Auditing
MachineName  : WIN-H96JM6F374S
Message      : The audit log was cleared.

               Subject:
               	Security ID:		S-1-5-21-1843355061-959072039-615746888-2532
               	Account Name:		opsadmin1
               	Account Domain:		WIN-H96JM6F374S
               	Logon ID:		0xC8036

TimeCreated  : 13/06/2026 21:13:51
Id           : 1102
ProviderName : Microsoft-Windows-Security-Auditing
MachineName  : WS2022-LAB02
Message      : The audit log was cleared.

               Subject:
               	Security ID:		S-1-5-21-1843355061-959072039-615746888-5192
               	Account Name:		opsadmin2
               	Account Domain:		WS2022-LAB02
               	Logon ID:		0xD5AA6

TimeCreated  : 13/06/2026 21:14:10
Id           : 1102
ProviderName : Microsoft-Windows-Security-Auditing
MachineName  : WS2022-LAB02
Message      : The audit log was cleared.

               Subject:
               	Security ID:		S-1-5-21-1843355061-959072039-615746888-1175
               	Account Name:		opsadmin2
               	Account Domain:		WS2022-LAB02
               	Logon ID:		0xC20FA

TimeCreated  : 13/06/2026 21:14:46
Id           : 1102
ProviderName : Microsoft-Windows-Security-Auditing
MachineName  : WS2022-LAB02
Message      : The audit log was cleared.

               Subject:
               	Security ID:		S-1-5-21-1843355061-959072039-615746888-1054
               	Account Name:		opsadmin1
               	Account Domain:		WS2022-LAB02
               	Logon ID:		0x3F4F7

TimeCreated  : 13/06/2026 21:15:31
Id           : 1102
ProviderName : Microsoft-Windows-Security-Auditing
MachineName  : WS2022-LAB01
Message      : The audit log was cleared.

               Subject:
               	Security ID:		S-1-5-21-1843355061-959072039-615746888-1675
               	Account Name:		opsadmin3
               	Account Domain:		WS2022-LAB01
               	Logon ID:		0x5B37D

TimeCreated  : 13/06/2026 21:15:40
Id           : 1102
ProviderName : Microsoft-Windows-Security-Auditing
MachineName  : WS2022-LAB02
Message      : The audit log was cleared.

               Subject:
               	Security ID:		S-1-5-21-1843355061-959072039-615746888-2348
               	Account Name:		labadmin
               	Account Domain:		WS2022-LAB02
               	Logon ID:		0xBC22D

TimeCreated  : 13/06/2026 21:15:53
Id           : 1102
ProviderName : Microsoft-Windows-Security-Auditing
MachineName  : WIN-H96JM6F374S
Message      : The audit log was cleared.

               Subject:
               	Security ID:		S-1-5-21-1843355061-959072039-615746888-1177
               	Account Name:		opsadmin3
               	Account Domain:		WIN-H96JM6F374S
               	Logon ID:		0x3CEFD

TimeCreated  : 13/06/2026 21:16:37
Id           : 1102
ProviderName : Microsoft-Windows-Security-Auditing
MachineName  : WIN-H96JM6F374S
Message      : The audit log was cleared.

               Subject:
               	Security ID:		S-1-5-21-1843355061-959072039-615746888-5958
               	Account Name:		labadmin
               	Account Domain:		WIN-H96JM6F374S
               	Logon ID:		0xE5478

TimeCreated  : 13/06/2026 21:16:43
Id           : 1102
ProviderName : Microsoft-Windows-Security-Auditing
MachineName  : WS2022-LAB02
Message      : The audit log was cleared.

               Subject:
               	Security ID:		S-1-5-21-1843355061-959072039-615746888-4433
               	Account Name:		opsadmin1
               	Account Domain:		WS2022-LAB02
               	Logon ID:		0x403CF

TimeCreated  : 13/06/2026 21:17:23
Id           : 1102
ProviderName : Microsoft-Windows-Security-Auditing
MachineName  : WS2022-LAB01
Message      : The audit log was cleared.

               Subject:
               	Security ID:		S-1-5-21-1843355061-959072039-615746888-6371
               	Account Name:		opsadmin3
               	Account Domain:		WS2022-LAB01
               	Logon ID:		0x28186

TimeCreated  : 13/06/2026 21:17:32
Id           : 1102
ProviderName : Microsoft-Windows-Security-Auditing
MachineName  : WS2022-LAB02
Message      : The audit log was cleared.

               Subject:
               	Security ID:		S-1-5-21-1843355061-959072039-615746888-1474
               	Account Name:		labadmin
               	Account Domain:		WS2022-LAB02
               	Logon ID:		0xAB1B9

TimeCreated  : 13/06/2026 21:18:15
Id           : 1102
ProviderName : Microsoft-Windows-Security-Auditing
MachineName  : WIN-H96JM6F374S
Message      : The audit log was cleared.

               Subject:
               	Security ID:		S-1-5-21-1843355061-959072039-615746888-8910
               	Account Name:		opsadmin2
               	Account Domain:		WIN-H96JM6F374S
               	Logon ID:		0xCFEF4

TimeCreated  : 13/06/2026 21:18:55
Id           : 1102
ProviderName : Microsoft-Windows-Security-Auditing
MachineName  : WIN-H96JM6F374S
Message      : The audit log was cleared.

               Subject:
               	Security ID:		S-1-5-21-1843355061-959072039-615746888-2958
               	Account Name:		labadmin
               	Account Domain:		WIN-H96JM6F374S
               	Logon ID:		0xA3651

TimeCreated  : 13/06/2026 21:19:39
Id           : 1102
ProviderName : Microsoft-Windows-Security-Auditing
MachineName  : WS2022-LAB02
Message      : The audit log was cleared.

               Subject:
               	Security ID:		S-1-5-21-1843355061-959072039-615746888-7643
               	Account Name:		opsadmin1
               	Account Domain:		WS2022-LAB02
               	Logon ID:		0xD0AA5

TimeCreated  : 13/06/2026 21:20:12
Id           : 1102
ProviderName : Microsoft-Windows-Security-Auditing
MachineName  : WS2022-LAB02
Message      : The audit log was cleared.

               Subject:
               	Security ID:		S-1-5-21-1843355061-959072039-615746888-5724
               	Account Name:		opsadmin2
               	Account Domain:		WS2022-LAB02
               	Logon ID:		0x40706

TimeCreated  : 13/06/2026 21:20:36
Id           : 1102
ProviderName : Microsoft-Windows-Security-Auditing
MachineName  : WS2022-LAB02
Message      : The audit log was cleared.

               Subject:
               	Security ID:		S-1-5-21-1843355061-959072039-615746888-9924
               	Account Name:		labadmin
               	Account Domain:		WS2022-LAB02
               	Logon ID:		0x619BD

TimeCreated  : 13/06/2026 21:20:52
Id           : 1102
ProviderName : Microsoft-Windows-Security-Auditing
MachineName  : WS2022-LAB02
Message      : The audit log was cleared.

               Subject:
               	Security ID:		S-1-5-21-1843355061-959072039-615746888-1027
               	Account Name:		opsadmin2
               	Account Domain:		WS2022-LAB02
               	Logon ID:		0x94779

TimeCreated  : 13/06/2026 21:21:26
Id           : 1102
ProviderName : Microsoft-Windows-Security-Auditing
MachineName  : WIN-H96JM6F374S
Message      : The audit log was cleared.

               Subject:
               	Security ID:		S-1-5-21-1843355061-959072039-615746888-9683
               	Account Name:		opsadmin2
               	Account Domain:		WIN-H96JM6F374S
               	Logon ID:		0xD4DF8

TimeCreated  : 13/06/2026 21:21:42
Id           : 1102
ProviderName : Microsoft-Windows-Security-Auditing
MachineName  : WS2022-LAB02
Message      : The audit log was cleared.

               Subject:
               	Security ID:		S-1-5-21-1843355061-959072039-615746888-7755
               	Account Name:		opsadmin3
               	Account Domain:		WS2022-LAB02
               	Logon ID:		0x4096D

TimeCreated  : 13/06/2026 21:22:00
Id           : 1102
ProviderName : Microsoft-Windows-Security-Auditing
MachineName  : WIN-H96JM6F374S
Message      : The audit log was cleared.

               Subject:
               	Security ID:		S-1-5-21-1843355061-959072039-615746888-4518
               	Account Name:		opsadmin2
               	Account Domain:		WIN-H96JM6F374S
               	Logon ID:		0xCAAFC