TimeCreated  : 13/06/2026 20:38:13
Id           : 4733
ProviderName : Microsoft-Windows-Security-Auditing
MachineName  : WS2022-LAB02
Message      : A member was removed from a security-enabled local group.

               Subject:
               	Security ID:		S-1-5-21-1843355061-959072039-615746888-3801
               	Account Name:		opsadmin3
               	Account Domain:		WS2022-LAB02
               	Logon ID:		0x15A44

               Member:
               	Security ID:		S-1-5-21-1843355061-959072039-615746888-7810
               	Account Name:		testuser18

               Group:
               	Group Name:		Remote Desktop Users
               	Group Domain:		WS2022-LAB02

TimeCreated  : 13/06/2026 20:38:27
Id           : 4733
ProviderName : Microsoft-Windows-Security-Auditing
MachineName  : WS2022-LAB02
Message      : A member was removed from a security-enabled local group.

               Subject:
               	Security ID:		S-1-5-21-1843355061-959072039-615746888-7039
               	Account Name:		opsadmin1
               	Account Domain:		WS2022-LAB02
               	Logon ID:		0x62D55

               Member:
               	Security ID:		S-1-5-21-1843355061-959072039-615746888-1443
               	Account Name:		testuser9

               Group:
               	Group Name:		Remote Desktop Users
               	Group Domain:		WS2022-LAB02

TimeCreated  : 13/06/2026 20:38:34
Id           : 4733
ProviderName : Microsoft-Windows-Security-Auditing
MachineName  : WS2022-LAB01
Message      : A member was removed from a security-enabled local group.

               Subject:
               	Security ID:		S-1-5-21-1843355061-959072039-615746888-2545
               	Account Name:		labadmin
               	Account Domain:		WS2022-LAB01
               	Logon ID:		0x5E119

               Member:
               	Security ID:		S-1-5-21-1843355061-959072039-615746888-2370
               	Account Name:		testuser18

               Group:
               	Group Name:		Remote Desktop Users
               	Group Domain:		WS2022-LAB01

TimeCreated  : 13/06/2026 20:38:45
Id           : 4733
ProviderName : Microsoft-Windows-Security-Auditing
MachineName  : WIN-H96JM6F374S
Message      : A member was removed from a security-enabled local group.

               Subject:
               	Security ID:		S-1-5-21-1843355061-959072039-615746888-3143
               	Account Name:		labadmin
               	Account Domain:		WIN-H96JM6F374S
               	Logon ID:		0x92DDD

               Member:
               	Security ID:		S-1-5-21-1843355061-959072039-615746888-6131
               	Account Name:		testuser8

               Group:
               	Group Name:		Remote Desktop Users
               	Group Domain:		WIN-H96JM6F374S

TimeCreated  : 13/06/2026 20:39:17
Id           : 4733
ProviderName : Microsoft-Windows-Security-Auditing
MachineName  : WS2022-LAB02
Message      : A member was removed from a security-enabled local group.

               Subject:
               	Security ID:		S-1-5-21-1843355061-959072039-615746888-3157
               	Account Name:		opsadmin3
               	Account Domain:		WS2022-LAB02
               	Logon ID:		0x45312

               Member:
               	Security ID:		S-1-5-21-1843355061-959072039-615746888-8415
               	Account Name:		testuser18

               Group:
               	Group Name:		Backup Operators
               	Group Domain:		WS2022-LAB02

TimeCreated  : 13/06/2026 20:39:24
Id           : 4733
ProviderName : Microsoft-Windows-Security-Auditing
MachineName  : WIN-H96JM6F374S
Message      : A member was removed from a security-enabled local group.

               Subject:
               	Security ID:		S-1-5-21-1843355061-959072039-615746888-1285
               	Account Name:		opsadmin1
               	Account Domain:		WIN-H96JM6F374S
               	Logon ID:		0x178D8

               Member:
               	Security ID:		S-1-5-21-1843355061-959072039-615746888-4595
               	Account Name:		testuser10

               Group:
               	Group Name:		Backup Operators
               	Group Domain:		WIN-H96JM6F374S

TimeCreated  : 13/06/2026 20:39:57
Id           : 4733
ProviderName : Microsoft-Windows-Security-Auditing
MachineName  : WS2022-LAB02
Message      : A member was removed from a security-enabled local group.

               Subject:
               	Security ID:		S-1-5-21-1843355061-959072039-615746888-2088
               	Account Name:		labadmin
               	Account Domain:		WS2022-LAB02
               	Logon ID:		0x353F9

               Member:
               	Security ID:		S-1-5-21-1843355061-959072039-615746888-9890
               	Account Name:		testuser13

               Group:
               	Group Name:		Remote Desktop Users
               	Group Domain:		WS2022-LAB02

TimeCreated  : 13/06/2026 20:40:11
Id           : 4733
ProviderName : Microsoft-Windows-Security-Auditing
MachineName  : WS2022-LAB02
Message      : A member was removed from a security-enabled local group.

               Subject:
               	Security ID:		S-1-5-21-1843355061-959072039-615746888-2345
               	Account Name:		labadmin
               	Account Domain:		WS2022-LAB02
               	Logon ID:		0xB0D17

               Member:
               	Security ID:		S-1-5-21-1843355061-959072039-615746888-8554
               	Account Name:		opsadmin2

               Group:
               	Group Name:		Backup Operators
               	Group Domain:		WS2022-LAB02

TimeCreated  : 13/06/2026 20:40:26
Id           : 4733
ProviderName : Microsoft-Windows-Security-Auditing
MachineName  : WS2022-LAB02
Message      : A member was removed from a security-enabled local group.

               Subject:
               	Security ID:		S-1-5-21-1843355061-959072039-615746888-6311
               	Account Name:		labadmin
               	Account Domain:		WS2022-LAB02
               	Logon ID:		0x8F462

               Member:
               	Security ID:		S-1-5-21-1843355061-959072039-615746888-1805
               	Account Name:		testuser16

               Group:
               	Group Name:		Backup Operators
               	Group Domain:		WS2022-LAB02

TimeCreated  : 13/06/2026 20:40:59
Id           : 4733
ProviderName : Microsoft-Windows-Security-Auditing
MachineName  : WS2022-LAB02
Message      : A member was removed from a security-enabled local group.

               Subject:
               	Security ID:		S-1-5-21-1843355061-959072039-615746888-5646
               	Account Name:		opsadmin3
               	Account Domain:		WS2022-LAB02
               	Logon ID:		0x1524A

               Member:
               	Security ID:		S-1-5-21-1843355061-959072039-615746888-6748
               	Account Name:		testuser11

               Group:
               	Group Name:		Backup Operators
               	Group Domain:		WS2022-LAB02

TimeCreated  : 13/06/2026 20:41:12
Id           : 4733
ProviderName : Microsoft-Windows-Security-Auditing
MachineName  : WIN-H96JM6F374S
Message      : A member was removed from a security-enabled local group.

               Subject:
               	Security ID:		S-1-5-21-1843355061-959072039-615746888-3688
               	Account Name:		opsadmin1
               	Account Domain:		WIN-H96JM6F374S
               	Logon ID:		0xA8C6C

               Member:
               	Security ID:		S-1-5-21-1843355061-959072039-615746888-6399
               	Account Name:		testuser8

               Group:
               	Group Name:		Remote Desktop Users
               	Group Domain:		WIN-H96JM6F374S

TimeCreated  : 13/06/2026 20:41:29
Id           : 4733
ProviderName : Microsoft-Windows-Security-Auditing
MachineName  : WIN-H96JM6F374S
Message      : A member was removed from a security-enabled local group.

               Subject:
               	Security ID:		S-1-5-21-1843355061-959072039-615746888-8978
               	Account Name:		labadmin
               	Account Domain:		WIN-H96JM6F374S
               	Logon ID:		0x2C938

               Member:
               	Security ID:		S-1-5-21-1843355061-959072039-615746888-8052
               	Account Name:		testuser18

               Group:
               	Group Name:		Remote Desktop Users
               	Group Domain:		WIN-H96JM6F374S

TimeCreated  : 13/06/2026 20:41:54
Id           : 4733
ProviderName : Microsoft-Windows-Security-Auditing
MachineName  : WIN-H96JM6F374S
Message      : A member was removed from a security-enabled local group.

               Subject:
               	Security ID:		S-1-5-21-1843355061-959072039-615746888-1261
               	Account Name:		opsadmin2
               	Account Domain:		WIN-H96JM6F374S
               	Logon ID:		0xE05AF

               Member:
               	Security ID:		S-1-5-21-1843355061-959072039-615746888-5588
               	Account Name:		testuser18

               Group:
               	Group Name:		Remote Desktop Users
               	Group Domain:		WIN-H96JM6F374S

TimeCreated  : 13/06/2026 20:41:59
Id           : 4733
ProviderName : Microsoft-Windows-Security-Auditing
MachineName  : WS2022-LAB02
Message      : A member was removed from a security-enabled local group.

               Subject:
               	Security ID:		S-1-5-21-1843355061-959072039-615746888-4070
               	Account Name:		opsadmin3
               	Account Domain:		WS2022-LAB02
               	Logon ID:		0x92608

               Member:
               	Security ID:		S-1-5-21-1843355061-959072039-615746888-3287
               	Account Name:		testuser18

               Group:
               	Group Name:		Administrators
               	Group Domain:		WS2022-LAB02

TimeCreated  : 13/06/2026 20:42:19
Id           : 4733
ProviderName : Microsoft-Windows-Security-Auditing
MachineName  : WIN-H96JM6F374S
Message      : A member was removed from a security-enabled local group.

               Subject:
               	Security ID:		S-1-5-21-1843355061-959072039-615746888-5437
               	Account Name:		labadmin
               	Account Domain:		WIN-H96JM6F374S
               	Logon ID:		0x316E8

               Member:
               	Security ID:		S-1-5-21-1843355061-959072039-615746888-7618
               	Account Name:		opsadmin1

               Group:
               	Group Name:		Administrators
               	Group Domain:		WIN-H96JM6F374S

TimeCreated  : 13/06/2026 20:42:57
Id           : 4733
ProviderName : Microsoft-Windows-Security-Auditing
MachineName  : WS2022-LAB01
Message      : A member was removed from a security-enabled local group.

               Subject:
               	Security ID:		S-1-5-21-1843355061-959072039-615746888-7079
               	Account Name:		opsadmin3
               	Account Domain:		WS2022-LAB01
               	Logon ID:		0x8FC3F

               Member:
               	Security ID:		S-1-5-21-1843355061-959072039-615746888-8439
               	Account Name:		testuser5

               Group:
               	Group Name:		Administrators
               	Group Domain:		WS2022-LAB01

TimeCreated  : 13/06/2026 20:43:19
Id           : 4733
ProviderName : Microsoft-Windows-Security-Auditing
MachineName  : WS2022-LAB02
Message      : A member was removed from a security-enabled local group.

               Subject:
               	Security ID:		S-1-5-21-1843355061-959072039-615746888-6923
               	Account Name:		opsadmin1
               	Account Domain:		WS2022-LAB02
               	Logon ID:		0xCCD7F

               Member:
               	Security ID:		S-1-5-21-1843355061-959072039-615746888-6353
               	Account Name:		testuser18

               Group:
               	Group Name:		Backup Operators
               	Group Domain:		WS2022-LAB02

TimeCreated  : 13/06/2026 20:43:41
Id           : 4733
ProviderName : Microsoft-Windows-Security-Auditing
MachineName  : WS2022-LAB02
Message      : A member was removed from a security-enabled local group.

               Subject:
               	Security ID:		S-1-5-21-1843355061-959072039-615746888-4147
               	Account Name:		labadmin
               	Account Domain:		WS2022-LAB02
               	Logon ID:		0xA0D5E

               Member:
               	Security ID:		S-1-5-21-1843355061-959072039-615746888-7949
               	Account Name:		testuser3

               Group:
               	Group Name:		Remote Desktop Users
               	Group Domain:		WS2022-LAB02

TimeCreated  : 13/06/2026 20:44:22
Id           : 4733
ProviderName : Microsoft-Windows-Security-Auditing
MachineName  : WS2022-LAB01
Message      : A member was removed from a security-enabled local group.

               Subject:
               	Security ID:		S-1-5-21-1843355061-959072039-615746888-2944
               	Account Name:		opsadmin1
               	Account Domain:		WS2022-LAB01
               	Logon ID:		0x88697

               Member:
               	Security ID:		S-1-5-21-1843355061-959072039-615746888-4399
               	Account Name:		testuser6

               Group:
               	Group Name:		Backup Operators
               	Group Domain:		WS2022-LAB01

TimeCreated  : 13/06/2026 20:44:55
Id           : 4733
ProviderName : Microsoft-Windows-Security-Auditing
MachineName  : WS2022-LAB02
Message      : A member was removed from a security-enabled local group.

               Subject:
               	Security ID:		S-1-5-21-1843355061-959072039-615746888-5630
               	Account Name:		labadmin
               	Account Domain:		WS2022-LAB02
               	Logon ID:		0xB6415

               Member:
               	Security ID:		S-1-5-21-1843355061-959072039-615746888-3146
               	Account Name:		opsadmin3

               Group:
               	Group Name:		Administrators
               	Group Domain:		WS2022-LAB02

TimeCreated  : 13/06/2026 20:45:36
Id           : 4733
ProviderName : Microsoft-Windows-Security-Auditing
MachineName  : WS2022-LAB02
Message      : A member was removed from a security-enabled local group.

               Subject:
               	Security ID:		S-1-5-21-1843355061-959072039-615746888-8267
               	Account Name:		opsadmin3
               	Account Domain:		WS2022-LAB02
               	Logon ID:		0x37A76

               Member:
               	Security ID:		S-1-5-21-1843355061-959072039-615746888-5477
               	Account Name:		testuser12

               Group:
               	Group Name:		Remote Desktop Users
               	Group Domain:		WS2022-LAB02

TimeCreated  : 13/06/2026 20:46:08
Id           : 4733
ProviderName : Microsoft-Windows-Security-Auditing
MachineName  : WS2022-LAB01
Message      : A member was removed from a security-enabled local group.

               Subject:
               	Security ID:		S-1-5-21-1843355061-959072039-615746888-3534
               	Account Name:		labadmin
               	Account Domain:		WS2022-LAB01
               	Logon ID:		0xC516E

               Member:
               	Security ID:		S-1-5-21-1843355061-959072039-615746888-3298
               	Account Name:		opsadmin2

               Group:
               	Group Name:		Administrators
               	Group Domain:		WS2022-LAB01

TimeCreated  : 13/06/2026 20:46:20
Id           : 4733
ProviderName : Microsoft-Windows-Security-Auditing
MachineName  : WS2022-LAB02
Message      : A member was removed from a security-enabled local group.

               Subject:
               	Security ID:		S-1-5-21-1843355061-959072039-615746888-3878
               	Account Name:		opsadmin1
               	Account Domain:		WS2022-LAB02
               	Logon ID:		0x5D3E7

               Member:
               	Security ID:		S-1-5-21-1843355061-959072039-615746888-5124
               	Account Name:		testuser3

               Group:
               	Group Name:		Administrators
               	Group Domain:		WS2022-LAB02

TimeCreated  : 13/06/2026 20:47:00
Id           : 4733
ProviderName : Microsoft-Windows-Security-Auditing
MachineName  : WS2022-LAB02
Message      : A member was removed from a security-enabled local group.

               Subject:
               	Security ID:		S-1-5-21-1843355061-959072039-615746888-8518
               	Account Name:		labadmin
               	Account Domain:		WS2022-LAB02
               	Logon ID:		0x730B4

               Member:
               	Security ID:		S-1-5-21-1843355061-959072039-615746888-5462
               	Account Name:		testuser17

               Group:
               	Group Name:		Backup Operators
               	Group Domain:		WS2022-LAB02

TimeCreated  : 13/06/2026 20:47:34
Id           : 4733
ProviderName : Microsoft-Windows-Security-Auditing
MachineName  : WS2022-LAB01
Message      : A member was removed from a security-enabled local group.

               Subject:
               	Security ID:		S-1-5-21-1843355061-959072039-615746888-1326
               	Account Name:		opsadmin2
               	Account Domain:		WS2022-LAB01
               	Logon ID:		0x793B6

               Member:
               	Security ID:		S-1-5-21-1843355061-959072039-615746888-9972
               	Account Name:		testuser13

               Group:
               	Group Name:		Remote Desktop Users
               	Group Domain:		WS2022-LAB01

TimeCreated  : 13/06/2026 20:47:57
Id           : 4733
ProviderName : Microsoft-Windows-Security-Auditing
MachineName  : WS2022-LAB02
Message      : A member was removed from a security-enabled local group.

               Subject:
               	Security ID:		S-1-5-21-1843355061-959072039-615746888-3449
               	Account Name:		opsadmin3
               	Account Domain:		WS2022-LAB02
               	Logon ID:		0xA6252

               Member:
               	Security ID:		S-1-5-21-1843355061-959072039-615746888-1333
               	Account Name:		testuser12

               Group:
               	Group Name:		Remote Desktop Users
               	Group Domain:		WS2022-LAB02

TimeCreated  : 13/06/2026 20:48:11
Id           : 4733
ProviderName : Microsoft-Windows-Security-Auditing
MachineName  : WS2022-LAB01
Message      : A member was removed from a security-enabled local group.

               Subject:
               	Security ID:		S-1-5-21-1843355061-959072039-615746888-1333
               	Account Name:		opsadmin2
               	Account Domain:		WS2022-LAB01
               	Logon ID:		0xB0E8D

               Member:
               	Security ID:		S-1-5-21-1843355061-959072039-615746888-1648
               	Account Name:		testuser20

               Group:
               	Group Name:		Backup Operators
               	Group Domain:		WS2022-LAB01

TimeCreated  : 13/06/2026 20:48:51
Id           : 4733
ProviderName : Microsoft-Windows-Security-Auditing
MachineName  : WIN-H96JM6F374S
Message      : A member was removed from a security-enabled local group.

               Subject:
               	Security ID:		S-1-5-21-1843355061-959072039-615746888-3553
               	Account Name:		opsadmin1
               	Account Domain:		WIN-H96JM6F374S
               	Logon ID:		0x2655F

               Member:
               	Security ID:		S-1-5-21-1843355061-959072039-615746888-9223
               	Account Name:		testuser9

               Group:
               	Group Name:		Administrators
               	Group Domain:		WIN-H96JM6F374S

TimeCreated  : 13/06/2026 20:48:59
Id           : 4733
ProviderName : Microsoft-Windows-Security-Auditing
MachineName  : WS2022-LAB02
Message      : A member was removed from a security-enabled local group.

               Subject:
               	Security ID:		S-1-5-21-1843355061-959072039-615746888-7793
               	Account Name:		opsadmin2
               	Account Domain:		WS2022-LAB02
               	Logon ID:		0x2EF3A

               Member:
               	Security ID:		S-1-5-21-1843355061-959072039-615746888-3462
               	Account Name:		labadmin

               Group:
               	Group Name:		Remote Desktop Users
               	Group Domain:		WS2022-LAB02

TimeCreated  : 13/06/2026 20:49:05
Id           : 4733
ProviderName : Microsoft-Windows-Security-Auditing
MachineName  : WIN-H96JM6F374S
Message      : A member was removed from a security-enabled local group.

               Subject:
               	Security ID:		S-1-5-21-1843355061-959072039-615746888-5591
               	Account Name:		opsadmin1
               	Account Domain:		WIN-H96JM6F374S
               	Logon ID:		0x75C6C

               Member:
               	Security ID:		S-1-5-21-1843355061-959072039-615746888-4149
               	Account Name:		opsadmin1

               Group:
               	Group Name:		Administrators
               	Group Domain:		WIN-H96JM6F374S

TimeCreated  : 13/06/2026 20:49:18
Id           : 4733
ProviderName : Microsoft-Windows-Security-Auditing
MachineName  : WS2022-LAB01
Message      : A member was removed from a security-enabled local group.

               Subject:
               	Security ID:		S-1-5-21-1843355061-959072039-615746888-4095
               	Account Name:		opsadmin3
               	Account Domain:		WS2022-LAB01
               	Logon ID:		0xDCF8C

               Member:
               	Security ID:		S-1-5-21-1843355061-959072039-615746888-1911
               	Account Name:		testuser7

               Group:
               	Group Name:		Backup Operators
               	Group Domain:		WS2022-LAB01

TimeCreated  : 13/06/2026 20:49:59
Id           : 4733
ProviderName : Microsoft-Windows-Security-Auditing
MachineName  : WS2022-LAB01
Message      : A member was removed from a security-enabled local group.

               Subject:
               	Security ID:		S-1-5-21-1843355061-959072039-615746888-3126
               	Account Name:		opsadmin1
               	Account Domain:		WS2022-LAB01
               	Logon ID:		0x40476

               Member:
               	Security ID:		S-1-5-21-1843355061-959072039-615746888-5981
               	Account Name:		testuser20

               Group:
               	Group Name:		Administrators
               	Group Domain:		WS2022-LAB01

TimeCreated  : 13/06/2026 20:50:11
Id           : 4733
ProviderName : Microsoft-Windows-Security-Auditing
MachineName  : WS2022-LAB02
Message      : A member was removed from a security-enabled local group.

               Subject:
               	Security ID:		S-1-5-21-1843355061-959072039-615746888-3558
               	Account Name:		opsadmin3
               	Account Domain:		WS2022-LAB02
               	Logon ID:		0xAE818

               Member:
               	Security ID:		S-1-5-21-1843355061-959072039-615746888-7082
               	Account Name:		testuser12

               Group:
               	Group Name:		Backup Operators
               	Group Domain:		WS2022-LAB02

TimeCreated  : 13/06/2026 20:50:38
Id           : 4733
ProviderName : Microsoft-Windows-Security-Auditing
MachineName  : WS2022-LAB02
Message      : A member was removed from a security-enabled local group.

               Subject:
               	Security ID:		S-1-5-21-1843355061-959072039-615746888-9863
               	Account Name:		labadmin
               	Account Domain:		WS2022-LAB02
               	Logon ID:		0xB04E2

               Member:
               	Security ID:		S-1-5-21-1843355061-959072039-615746888-5672
               	Account Name:		opsadmin1

               Group:
               	Group Name:		Backup Operators
               	Group Domain:		WS2022-LAB02

TimeCreated  : 13/06/2026 20:51:23
Id           : 4733
ProviderName : Microsoft-Windows-Security-Auditing
MachineName  : WS2022-LAB01
Message      : A member was removed from a security-enabled local group.

               Subject:
               	Security ID:		S-1-5-21-1843355061-959072039-615746888-9431
               	Account Name:		opsadmin2
               	Account Domain:		WS2022-LAB01
               	Logon ID:		0x237B2

               Member:
               	Security ID:		S-1-5-21-1843355061-959072039-615746888-7522
               	Account Name:		testuser11

               Group:
               	Group Name:		Administrators
               	Group Domain:		WS2022-LAB01

TimeCreated  : 13/06/2026 20:52:00
Id           : 4733
ProviderName : Microsoft-Windows-Security-Auditing
MachineName  : WS2022-LAB01
Message      : A member was removed from a security-enabled local group.

               Subject:
               	Security ID:		S-1-5-21-1843355061-959072039-615746888-1404
               	Account Name:		opsadmin2
               	Account Domain:		WS2022-LAB01
               	Logon ID:		0x7FD88

               Member:
               	Security ID:		S-1-5-21-1843355061-959072039-615746888-8999
               	Account Name:		testuser11

               Group:
               	Group Name:		Administrators
               	Group Domain:		WS2022-LAB01

TimeCreated  : 13/06/2026 20:52:39
Id           : 4733
ProviderName : Microsoft-Windows-Security-Auditing
MachineName  : WIN-H96JM6F374S
Message      : A member was removed from a security-enabled local group.

               Subject:
               	Security ID:		S-1-5-21-1843355061-959072039-615746888-1677
               	Account Name:		opsadmin2
               	Account Domain:		WIN-H96JM6F374S
               	Logon ID:		0xB9A3A

               Member:
               	Security ID:		S-1-5-21-1843355061-959072039-615746888-8079
               	Account Name:		opsadmin3

               Group:
               	Group Name:		Administrators
               	Group Domain:		WIN-H96JM6F374S

TimeCreated  : 13/06/2026 20:53:01
Id           : 4733
ProviderName : Microsoft-Windows-Security-Auditing
MachineName  : WIN-H96JM6F374S
Message      : A member was removed from a security-enabled local group.

               Subject:
               	Security ID:		S-1-5-21-1843355061-959072039-615746888-6342
               	Account Name:		opsadmin1
               	Account Domain:		WIN-H96JM6F374S
               	Logon ID:		0x9C34D

               Member:
               	Security ID:		S-1-5-21-1843355061-959072039-615746888-2169
               	Account Name:		testuser1

               Group:
               	Group Name:		Remote Desktop Users
               	Group Domain:		WIN-H96JM6F374S

TimeCreated  : 13/06/2026 20:53:07
Id           : 4733
ProviderName : Microsoft-Windows-Security-Auditing
MachineName  : WS2022-LAB01
Message      : A member was removed from a security-enabled local group.

               Subject:
               	Security ID:		S-1-5-21-1843355061-959072039-615746888-9656
               	Account Name:		labadmin
               	Account Domain:		WS2022-LAB01
               	Logon ID:		0x78C57

               Member:
               	Security ID:		S-1-5-21-1843355061-959072039-615746888-8225
               	Account Name:		testuser4

               Group:
               	Group Name:		Remote Desktop Users
               	Group Domain:		WS2022-LAB01

TimeCreated  : 13/06/2026 20:53:39
Id           : 4733
ProviderName : Microsoft-Windows-Security-Auditing
MachineName  : WS2022-LAB01
Message      : A member was removed from a security-enabled local group.

               Subject:
               	Security ID:		S-1-5-21-1843355061-959072039-615746888-6019
               	Account Name:		opsadmin2
               	Account Domain:		WS2022-LAB01
               	Logon ID:		0x6D277

               Member:
               	Security ID:		S-1-5-21-1843355061-959072039-615746888-2388
               	Account Name:		testuser8

               Group:
               	Group Name:		Remote Desktop Users
               	Group Domain:		WS2022-LAB01

TimeCreated  : 13/06/2026 20:53:58
Id           : 4733
ProviderName : Microsoft-Windows-Security-Auditing
MachineName  : WS2022-LAB01
Message      : A member was removed from a security-enabled local group.

               Subject:
               	Security ID:		S-1-5-21-1843355061-959072039-615746888-6170
               	Account Name:		opsadmin3
               	Account Domain:		WS2022-LAB01
               	Logon ID:		0xF2F40

               Member:
               	Security ID:		S-1-5-21-1843355061-959072039-615746888-8054
               	Account Name:		testuser12

               Group:
               	Group Name:		Administrators
               	Group Domain:		WS2022-LAB01

TimeCreated  : 13/06/2026 20:54:04
Id           : 4733
ProviderName : Microsoft-Windows-Security-Auditing
MachineName  : WS2022-LAB02
Message      : A member was removed from a security-enabled local group.

               Subject:
               	Security ID:		S-1-5-21-1843355061-959072039-615746888-4408
               	Account Name:		labadmin
               	Account Domain:		WS2022-LAB02
               	Logon ID:		0xC7D27

               Member:
               	Security ID:		S-1-5-21-1843355061-959072039-615746888-2056
               	Account Name:		testuser12

               Group:
               	Group Name:		Remote Desktop Users
               	Group Domain:		WS2022-LAB02

TimeCreated  : 13/06/2026 20:54:43
Id           : 4733
ProviderName : Microsoft-Windows-Security-Auditing
MachineName  : WIN-H96JM6F374S
Message      : A member was removed from a security-enabled local group.

               Subject:
               	Security ID:		S-1-5-21-1843355061-959072039-615746888-5539
               	Account Name:		opsadmin2
               	Account Domain:		WIN-H96JM6F374S
               	Logon ID:		0x5F311

               Member:
               	Security ID:		S-1-5-21-1843355061-959072039-615746888-7809
               	Account Name:		testuser12

               Group:
               	Group Name:		Remote Desktop Users
               	Group Domain:		WIN-H96JM6F374S

TimeCreated  : 13/06/2026 20:55:15
Id           : 4733
ProviderName : Microsoft-Windows-Security-Auditing
MachineName  : WS2022-LAB02
Message      : A member was removed from a security-enabled local group.

               Subject:
               	Security ID:		S-1-5-21-1843355061-959072039-615746888-8345
               	Account Name:		opsadmin3
               	Account Domain:		WS2022-LAB02
               	Logon ID:		0xDB66A

               Member:
               	Security ID:		S-1-5-21-1843355061-959072039-615746888-7161
               	Account Name:		testuser6

               Group:
               	Group Name:		Backup Operators
               	Group Domain:		WS2022-LAB02

TimeCreated  : 13/06/2026 20:55:59
Id           : 4733
ProviderName : Microsoft-Windows-Security-Auditing
MachineName  : WS2022-LAB02
Message      : A member was removed from a security-enabled local group.

               Subject:
               	Security ID:		S-1-5-21-1843355061-959072039-615746888-4080
               	Account Name:		opsadmin1
               	Account Domain:		WS2022-LAB02
               	Logon ID:		0x7052D

               Member:
               	Security ID:		S-1-5-21-1843355061-959072039-615746888-9695
               	Account Name:		testuser11

               Group:
               	Group Name:		Backup Operators
               	Group Domain:		WS2022-LAB02

TimeCreated  : 13/06/2026 20:56:10
Id           : 4733
ProviderName : Microsoft-Windows-Security-Auditing
MachineName  : WS2022-LAB01
Message      : A member was removed from a security-enabled local group.

               Subject:
               	Security ID:		S-1-5-21-1843355061-959072039-615746888-7409
               	Account Name:		opsadmin1
               	Account Domain:		WS2022-LAB01
               	Logon ID:		0x87C96

               Member:
               	Security ID:		S-1-5-21-1843355061-959072039-615746888-4841
               	Account Name:		labadmin

               Group:
               	Group Name:		Administrators
               	Group Domain:		WS2022-LAB01

TimeCreated  : 13/06/2026 20:56:38
Id           : 4733
ProviderName : Microsoft-Windows-Security-Auditing
MachineName  : WIN-H96JM6F374S
Message      : A member was removed from a security-enabled local group.

               Subject:
               	Security ID:		S-1-5-21-1843355061-959072039-615746888-1065
               	Account Name:		opsadmin2
               	Account Domain:		WIN-H96JM6F374S
               	Logon ID:		0x5C22A

               Member:
               	Security ID:		S-1-5-21-1843355061-959072039-615746888-6530
               	Account Name:		testuser16

               Group:
               	Group Name:		Backup Operators
               	Group Domain:		WIN-H96JM6F374S

TimeCreated  : 13/06/2026 20:56:47
Id           : 4733
ProviderName : Microsoft-Windows-Security-Auditing
MachineName  : WS2022-LAB01
Message      : A member was removed from a security-enabled local group.

               Subject:
               	Security ID:		S-1-5-21-1843355061-959072039-615746888-5071
               	Account Name:		opsadmin1
               	Account Domain:		WS2022-LAB01
               	Logon ID:		0x1E6B7

               Member:
               	Security ID:		S-1-5-21-1843355061-959072039-615746888-3999
               	Account Name:		testuser13

               Group:
               	Group Name:		Remote Desktop Users
               	Group Domain:		WS2022-LAB01

TimeCreated  : 13/06/2026 20:57:02
Id           : 4733
ProviderName : Microsoft-Windows-Security-Auditing
MachineName  : WS2022-LAB02
Message      : A member was removed from a security-enabled local group.

               Subject:
               	Security ID:		S-1-5-21-1843355061-959072039-615746888-3770
               	Account Name:		opsadmin2
               	Account Domain:		WS2022-LAB02
               	Logon ID:		0xA80FA

               Member:
               	Security ID:		S-1-5-21-1843355061-959072039-615746888-1455
               	Account Name:		testuser4

               Group:
               	Group Name:		Backup Operators
               	Group Domain:		WS2022-LAB02

TimeCreated  : 13/06/2026 20:57:37
Id           : 4733
ProviderName : Microsoft-Windows-Security-Auditing
MachineName  : WS2022-LAB02
Message      : A member was removed from a security-enabled local group.

               Subject:
               	Security ID:		S-1-5-21-1843355061-959072039-615746888-6661
               	Account Name:		opsadmin2
               	Account Domain:		WS2022-LAB02
               	Logon ID:		0x90CF7

               Member:
               	Security ID:		S-1-5-21-1843355061-959072039-615746888-7607
               	Account Name:		testuser20

               Group:
               	Group Name:		Backup Operators
               	Group Domain:		WS2022-LAB02

TimeCreated  : 13/06/2026 20:58:00
Id           : 4733
ProviderName : Microsoft-Windows-Security-Auditing
MachineName  : WS2022-LAB01
Message      : A member was removed from a security-enabled local group.

               Subject:
               	Security ID:		S-1-5-21-1843355061-959072039-615746888-9837
               	Account Name:		opsadmin1
               	Account Domain:		WS2022-LAB01
               	Logon ID:		0x10AEC

               Member:
               	Security ID:		S-1-5-21-1843355061-959072039-615746888-5542
               	Account Name:		testuser12

               Group:
               	Group Name:		Administrators
               	Group Domain:		WS2022-LAB01

TimeCreated  : 13/06/2026 20:58:30
Id           : 4733
ProviderName : Microsoft-Windows-Security-Auditing
MachineName  : WIN-H96JM6F374S
Message      : A member was removed from a security-enabled local group.

               Subject:
               	Security ID:		S-1-5-21-1843355061-959072039-615746888-6818
               	Account Name:		labadmin
               	Account Domain:		WIN-H96JM6F374S
               	Logon ID:		0xD177C

               Member:
               	Security ID:		S-1-5-21-1843355061-959072039-615746888-5562
               	Account Name:		testuser10

               Group:
               	Group Name:		Remote Desktop Users
               	Group Domain:		WIN-H96JM6F374S

TimeCreated  : 13/06/2026 20:58:36
Id           : 4733
ProviderName : Microsoft-Windows-Security-Auditing
MachineName  : WS2022-LAB02
Message      : A member was removed from a security-enabled local group.

               Subject:
               	Security ID:		S-1-5-21-1843355061-959072039-615746888-6310
               	Account Name:		opsadmin1
               	Account Domain:		WS2022-LAB02
               	Logon ID:		0xC56C3

               Member:
               	Security ID:		S-1-5-21-1843355061-959072039-615746888-6136
               	Account Name:		testuser10

               Group:
               	Group Name:		Administrators
               	Group Domain:		WS2022-LAB02

TimeCreated  : 13/06/2026 20:58:44
Id           : 4733
ProviderName : Microsoft-Windows-Security-Auditing
MachineName  : WS2022-LAB02
Message      : A member was removed from a security-enabled local group.

               Subject:
               	Security ID:		S-1-5-21-1843355061-959072039-615746888-6031
               	Account Name:		labadmin
               	Account Domain:		WS2022-LAB02
               	Logon ID:		0x461AA

               Member:
               	Security ID:		S-1-5-21-1843355061-959072039-615746888-7627
               	Account Name:		testuser13

               Group:
               	Group Name:		Backup Operators
               	Group Domain:		WS2022-LAB02

TimeCreated  : 13/06/2026 20:59:21
Id           : 4733
ProviderName : Microsoft-Windows-Security-Auditing
MachineName  : WS2022-LAB01
Message      : A member was removed from a security-enabled local group.

               Subject:
               	Security ID:		S-1-5-21-1843355061-959072039-615746888-5254
               	Account Name:		opsadmin2
               	Account Domain:		WS2022-LAB01
               	Logon ID:		0x22358

               Member:
               	Security ID:		S-1-5-21-1843355061-959072039-615746888-1564
               	Account Name:		testuser3

               Group:
               	Group Name:		Backup Operators
               	Group Domain:		WS2022-LAB01

TimeCreated  : 13/06/2026 20:59:44
Id           : 4733
ProviderName : Microsoft-Windows-Security-Auditing
MachineName  : WIN-H96JM6F374S
Message      : A member was removed from a security-enabled local group.

               Subject:
               	Security ID:		S-1-5-21-1843355061-959072039-615746888-2978
               	Account Name:		opsadmin2
               	Account Domain:		WIN-H96JM6F374S
               	Logon ID:		0x4F100

               Member:
               	Security ID:		S-1-5-21-1843355061-959072039-615746888-3325
               	Account Name:		testuser15

               Group:
               	Group Name:		Backup Operators
               	Group Domain:		WIN-H96JM6F374S

TimeCreated  : 13/06/2026 21:00:22
Id           : 4733
ProviderName : Microsoft-Windows-Security-Auditing
MachineName  : WIN-H96JM6F374S
Message      : A member was removed from a security-enabled local group.

               Subject:
               	Security ID:		S-1-5-21-1843355061-959072039-615746888-5016
               	Account Name:		opsadmin1
               	Account Domain:		WIN-H96JM6F374S
               	Logon ID:		0xED3A4

               Member:
               	Security ID:		S-1-5-21-1843355061-959072039-615746888-9632
               	Account Name:		labadmin

               Group:
               	Group Name:		Backup Operators
               	Group Domain:		WIN-H96JM6F374S

TimeCreated  : 13/06/2026 21:00:32
Id           : 4733
ProviderName : Microsoft-Windows-Security-Auditing
MachineName  : WIN-H96JM6F374S
Message      : A member was removed from a security-enabled local group.

               Subject:
               	Security ID:		S-1-5-21-1843355061-959072039-615746888-3998
               	Account Name:		opsadmin3
               	Account Domain:		WIN-H96JM6F374S
               	Logon ID:		0x45AA0

               Member:
               	Security ID:		S-1-5-21-1843355061-959072039-615746888-9242
               	Account Name:		testuser7

               Group:
               	Group Name:		Backup Operators
               	Group Domain:		WIN-H96JM6F374S

TimeCreated  : 13/06/2026 21:01:07
Id           : 4733
ProviderName : Microsoft-Windows-Security-Auditing
MachineName  : WIN-H96JM6F374S
Message      : A member was removed from a security-enabled local group.

               Subject:
               	Security ID:		S-1-5-21-1843355061-959072039-615746888-7060
               	Account Name:		opsadmin3
               	Account Domain:		WIN-H96JM6F374S
               	Logon ID:		0xD36EE

               Member:
               	Security ID:		S-1-5-21-1843355061-959072039-615746888-8835
               	Account Name:		testuser18

               Group:
               	Group Name:		Backup Operators
               	Group Domain:		WIN-H96JM6F374S

TimeCreated  : 13/06/2026 21:01:36
Id           : 4733
ProviderName : Microsoft-Windows-Security-Auditing
MachineName  : WS2022-LAB01
Message      : A member was removed from a security-enabled local group.

               Subject:
               	Security ID:		S-1-5-21-1843355061-959072039-615746888-6592
               	Account Name:		opsadmin3
               	Account Domain:		WS2022-LAB01
               	Logon ID:		0x5D88B

               Member:
               	Security ID:		S-1-5-21-1843355061-959072039-615746888-6761
               	Account Name:		testuser18

               Group:
               	Group Name:		Remote Desktop Users
               	Group Domain:		WS2022-LAB01

TimeCreated  : 13/06/2026 21:01:43
Id           : 4733
ProviderName : Microsoft-Windows-Security-Auditing
MachineName  : WIN-H96JM6F374S
Message      : A member was removed from a security-enabled local group.

               Subject:
               	Security ID:		S-1-5-21-1843355061-959072039-615746888-2713
               	Account Name:		opsadmin2
               	Account Domain:		WIN-H96JM6F374S
               	Logon ID:		0xC1E6A

               Member:
               	Security ID:		S-1-5-21-1843355061-959072039-615746888-1803
               	Account Name:		testuser16

               Group:
               	Group Name:		Remote Desktop Users
               	Group Domain:		WIN-H96JM6F374S

TimeCreated  : 13/06/2026 21:02:27
Id           : 4733
ProviderName : Microsoft-Windows-Security-Auditing
MachineName  : WS2022-LAB01
Message      : A member was removed from a security-enabled local group.

               Subject:
               	Security ID:		S-1-5-21-1843355061-959072039-615746888-8599
               	Account Name:		labadmin
               	Account Domain:		WS2022-LAB01
               	Logon ID:		0x699F4

               Member:
               	Security ID:		S-1-5-21-1843355061-959072039-615746888-1308
               	Account Name:		testuser13

               Group:
               	Group Name:		Administrators
               	Group Domain:		WS2022-LAB01

TimeCreated  : 13/06/2026 21:02:45
Id           : 4733
ProviderName : Microsoft-Windows-Security-Auditing
MachineName  : WS2022-LAB01
Message      : A member was removed from a security-enabled local group.

               Subject:
               	Security ID:		S-1-5-21-1843355061-959072039-615746888-8486
               	Account Name:		opsadmin3
               	Account Domain:		WS2022-LAB01
               	Logon ID:		0x68098

               Member:
               	Security ID:		S-1-5-21-1843355061-959072039-615746888-7324
               	Account Name:		testuser10

               Group:
               	Group Name:		Remote Desktop Users
               	Group Domain:		WS2022-LAB01

TimeCreated  : 13/06/2026 21:03:17
Id           : 4733
ProviderName : Microsoft-Windows-Security-Auditing
MachineName  : WS2022-LAB01
Message      : A member was removed from a security-enabled local group.

               Subject:
               	Security ID:		S-1-5-21-1843355061-959072039-615746888-2922
               	Account Name:		opsadmin3
               	Account Domain:		WS2022-LAB01
               	Logon ID:		0x67F00

               Member:
               	Security ID:		S-1-5-21-1843355061-959072039-615746888-5894
               	Account Name:		testuser10

               Group:
               	Group Name:		Administrators
               	Group Domain:		WS2022-LAB01

TimeCreated  : 13/06/2026 21:03:59
Id           : 4733
ProviderName : Microsoft-Windows-Security-Auditing
MachineName  : WIN-H96JM6F374S
Message      : A member was removed from a security-enabled local group.

               Subject:
               	Security ID:		S-1-5-21-1843355061-959072039-615746888-6161
               	Account Name:		labadmin
               	Account Domain:		WIN-H96JM6F374S
               	Logon ID:		0x1BB78

               Member:
               	Security ID:		S-1-5-21-1843355061-959072039-615746888-6386
               	Account Name:		testuser12

               Group:
               	Group Name:		Administrators
               	Group Domain:		WIN-H96JM6F374S

TimeCreated  : 13/06/2026 21:04:06
Id           : 4733
ProviderName : Microsoft-Windows-Security-Auditing
MachineName  : WS2022-LAB01
Message      : A member was removed from a security-enabled local group.

               Subject:
               	Security ID:		S-1-5-21-1843355061-959072039-615746888-8937
               	Account Name:		opsadmin1
               	Account Domain:		WS2022-LAB01
               	Logon ID:		0xD0A5F

               Member:
               	Security ID:		S-1-5-21-1843355061-959072039-615746888-4147
               	Account Name:		testuser4

               Group:
               	Group Name:		Administrators
               	Group Domain:		WS2022-LAB01

TimeCreated  : 13/06/2026 21:04:13
Id           : 4733
ProviderName : Microsoft-Windows-Security-Auditing
MachineName  : WS2022-LAB01
Message      : A member was removed from a security-enabled local group.

               Subject:
               	Security ID:		S-1-5-21-1843355061-959072039-615746888-3261
               	Account Name:		labadmin
               	Account Domain:		WS2022-LAB01
               	Logon ID:		0x6ABA1

               Member:
               	Security ID:		S-1-5-21-1843355061-959072039-615746888-2560
               	Account Name:		testuser14

               Group:
               	Group Name:		Backup Operators
               	Group Domain:		WS2022-LAB01

TimeCreated  : 13/06/2026 21:04:18
Id           : 4733
ProviderName : Microsoft-Windows-Security-Auditing
MachineName  : WS2022-LAB01
Message      : A member was removed from a security-enabled local group.

               Subject:
               	Security ID:		S-1-5-21-1843355061-959072039-615746888-7691
               	Account Name:		opsadmin2
               	Account Domain:		WS2022-LAB01
               	Logon ID:		0x1B739

               Member:
               	Security ID:		S-1-5-21-1843355061-959072039-615746888-2733
               	Account Name:		testuser13

               Group:
               	Group Name:		Remote Desktop Users
               	Group Domain:		WS2022-LAB01

TimeCreated  : 13/06/2026 21:04:38
Id           : 4733
ProviderName : Microsoft-Windows-Security-Auditing
MachineName  : WIN-H96JM6F374S
Message      : A member was removed from a security-enabled local group.

               Subject:
               	Security ID:		S-1-5-21-1843355061-959072039-615746888-3539
               	Account Name:		opsadmin1
               	Account Domain:		WIN-H96JM6F374S
               	Logon ID:		0x4B683

               Member:
               	Security ID:		S-1-5-21-1843355061-959072039-615746888-4300
               	Account Name:		testuser16

               Group:
               	Group Name:		Backup Operators
               	Group Domain:		WIN-H96JM6F374S

TimeCreated  : 13/06/2026 21:05:13
Id           : 1102
ProviderName : Microsoft-Windows-Security-Auditing
MachineName  : WS2022-LAB01
Message      : The audit log was cleared.

               Subject:
               	Security ID:		S-1-5-21-1843355061-959072039-615746888-6205
               	Account Name:		labadmin
               	Account Domain:		WS2022-LAB01
               	Logon ID:		0xEE585

TimeCreated  : 13/06/2026 21:05:21
Id           : 1102
ProviderName : Microsoft-Windows-Security-Auditing
MachineName  : WS2022-LAB02
Message      : The audit log was cleared.

               Subject:
               	Security ID:		S-1-5-21-1843355061-959072039-615746888-6985
               	Account Name:		opsadmin3
               	Account Domain:		WS2022-LAB02
               	Logon ID:		0xA5494

TimeCreated  : 13/06/2026 21:06:05
Id           : 1102
ProviderName : Microsoft-Windows-Security-Auditing
MachineName  : WIN-H96JM6F374S
Message      : The audit log was cleared.

               Subject:
               	Security ID:		S-1-5-21-1843355061-959072039-615746888-7116
               	Account Name:		opsadmin3
               	Account Domain:		WIN-H96JM6F374S
               	Logon ID:		0x70292

TimeCreated  : 13/06/2026 21:06:49
Id           : 1102
ProviderName : Microsoft-Windows-Security-Auditing
MachineName  : WS2022-LAB01
Message      : The audit log was cleared.

               Subject:
               	Security ID:		S-1-5-21-1843355061-959072039-615746888-7141
               	Account Name:		opsadmin1
               	Account Domain:		WS2022-LAB01
               	Logon ID:		0x35483

TimeCreated  : 13/06/2026 21:07:04
Id           : 1102
ProviderName : Microsoft-Windows-Security-Auditing
MachineName  : WIN-H96JM6F374S
Message      : The audit log was cleared.

               Subject:
               	Security ID:		S-1-5-21-1843355061-959072039-615746888-5814
               	Account Name:		labadmin
               	Account Domain:		WIN-H96JM6F374S
               	Logon ID:		0x82A4E

TimeCreated  : 13/06/2026 21:07:10
Id           : 1102
ProviderName : Microsoft-Windows-Security-Auditing
MachineName  : WIN-H96JM6F374S
Message      : The audit log was cleared.

               Subject:
               	Security ID:		S-1-5-21-1843355061-959072039-615746888-7283
               	Account Name:		opsadmin1
               	Account Domain:		WIN-H96JM6F374S
               	Logon ID:		0x2C107

