TimeCreated  : 13/06/2026 09:57:21
Id           : 4624
ProviderName : Microsoft-Windows-Security-Auditing
MachineName  : WS2022-LAB02
Message      : An account was successfully logged on.

               Subject:
               	Security ID:		S-1-5-18
               	Account Name:		WS2022-LAB02$
               	Account Domain:		WORKGROUP
               	Logon ID:		0xBC4E7

               Logon Information:
               	Logon Type:		2
               	Restricted Admin Mode:		-
               	Virtual Account:		No
               	Elevated Token:		No

               New Logon:
               	Security ID:		S-1-5-21-1843355061-959072039-615746888-2896
               	Account Name:		testuser19
               	Account Domain:		WS2022-LAB02
               	Logon ID:		0xE228D

               Process Information:
               	Process Name:		C:\Windows\System32\svchost.exe

               Network Information:
               	Workstation Name:		WS2022-LAB02
               	Source Network Address:		10.0.0.134
               	Source Port:		0

TimeCreated  : 13/06/2026 09:57:46
Id           : 4624
ProviderName : Microsoft-Windows-Security-Auditing
MachineName  : WIN-H96JM6F374S
Message      : An account was successfully logged on.

               Subject:
               	Security ID:		S-1-5-18
               	Account Name:		WIN-H96JM6F374S$
               	Account Domain:		WORKGROUP
               	Logon ID:		0x15336

               Logon Information:
               	Logon Type:		2
               	Restricted Admin Mode:		-
               	Virtual Account:		No
               	Elevated Token:		No

               New Logon:
               	Security ID:		S-1-5-21-1843355061-959072039-615746888-2325
               	Account Name:		testuser2
               	Account Domain:		WIN-H96JM6F374S
               	Logon ID:		0xC0CD9

               Process Information:
               	Process Name:		C:\Windows\System32\svchost.exe

               Network Information:
               	Workstation Name:		WIN-H96JM6F374S
               	Source Network Address:		127.0.0.1
               	Source Port:		0

TimeCreated  : 13/06/2026 09:58:29
Id           : 4624
ProviderName : Microsoft-Windows-Security-Auditing
MachineName  : WS2022-LAB01
Message      : An account was successfully logged on.

               Subject:
               	Security ID:		S-1-5-18
               	Account Name:		WS2022-LAB01$
               	Account Domain:		WORKGROUP
               	Logon ID:		0x50297

               Logon Information:
               	Logon Type:		2
               	Restricted Admin Mode:		-
               	Virtual Account:		No
               	Elevated Token:		No

               New Logon:
               	Security ID:		S-1-5-21-1843355061-959072039-615746888-8430
               	Account Name:		testuser11
               	Account Domain:		WS2022-LAB01
               	Logon ID:		0x448DA

               Process Information:
               	Process Name:		C:\Windows\System32\svchost.exe

               Network Information:
               	Workstation Name:		WS2022-LAB01
               	Source Network Address:		192.168.56.71
               	Source Port:		0

TimeCreated  : 13/06/2026 09:58:46
Id           : 4624
ProviderName : Microsoft-Windows-Security-Auditing
MachineName  : WS2022-LAB02
Message      : An account was successfully logged on.

               Subject:
               	Security ID:		S-1-5-18
               	Account Name:		WS2022-LAB02$
               	Account Domain:		WORKGROUP
               	Logon ID:		0x1BC5E

               Logon Information:
               	Logon Type:		2
               	Restricted Admin Mode:		-
               	Virtual Account:		No
               	Elevated Token:		No

               New Logon:
               	Security ID:		S-1-5-21-1843355061-959072039-615746888-8256
               	Account Name:		testuser3
               	Account Domain:		WS2022-LAB02
               	Logon ID:		0xE9EBD

               Process Information:
               	Process Name:		C:\Windows\System32\svchost.exe

               Network Information:
               	Workstation Name:		WS2022-LAB02
               	Source Network Address:		127.0.0.1
               	Source Port:		0

TimeCreated  : 13/06/2026 09:59:31
Id           : 4624
ProviderName : Microsoft-Windows-Security-Auditing
MachineName  : WIN-H96JM6F374S
Message      : An account was successfully logged on.

               Subject:
               	Security ID:		S-1-5-18
               	Account Name:		WIN-H96JM6F374S$
               	Account Domain:		WORKGROUP
               	Logon ID:		0xC8D96

               Logon Information:
               	Logon Type:		2
               	Restricted Admin Mode:		-
               	Virtual Account:		No
               	Elevated Token:		No

               New Logon:
               	Security ID:		S-1-5-21-1843355061-959072039-615746888-6634
               	Account Name:		testuser9
               	Account Domain:		WIN-H96JM6F374S
               	Logon ID:		0x52EBA

               Process Information:
               	Process Name:		C:\Windows\System32\svchost.exe

               Network Information:
               	Workstation Name:		WIN-H96JM6F374S
               	Source Network Address:		127.0.0.1
               	Source Port:		0

TimeCreated  : 13/06/2026 09:59:50
Id           : 4624
ProviderName : Microsoft-Windows-Security-Auditing
MachineName  : WS2022-LAB01
Message      : An account was successfully logged on.

               Subject:
               	Security ID:		S-1-5-18
               	Account Name:		WS2022-LAB01$
               	Account Domain:		WORKGROUP
               	Logon ID:		0xC4D2A

               Logon Information:
               	Logon Type:		2
               	Restricted Admin Mode:		-
               	Virtual Account:		No
               	Elevated Token:		No

               New Logon:
               	Security ID:		S-1-5-21-1843355061-959072039-615746888-7677
               	Account Name:		testuser2
               	Account Domain:		WS2022-LAB01
               	Logon ID:		0xE9B37

               Process Information:
               	Process Name:		C:\Windows\System32\svchost.exe

               Network Information:
               	Workstation Name:		WS2022-LAB01
               	Source Network Address:		192.168.56.108
               	Source Port:		0

TimeCreated  : 13/06/2026 10:00:21
Id           : 4624
ProviderName : Microsoft-Windows-Security-Auditing
MachineName  : WS2022-LAB01
Message      : An account was successfully logged on.

               Subject:
               	Security ID:		S-1-5-18
               	Account Name:		WS2022-LAB01$
               	Account Domain:		WORKGROUP
               	Logon ID:		0x3DD89

               Logon Information:
               	Logon Type:		2
               	Restricted Admin Mode:		-
               	Virtual Account:		No
               	Elevated Token:		No

               New Logon:
               	Security ID:		S-1-5-21-1843355061-959072039-615746888-6823
               	Account Name:		testuser16
               	Account Domain:		WS2022-LAB01
               	Logon ID:		0xDE946

               Process Information:
               	Process Name:		C:\Windows\System32\svchost.exe

               Network Information:
               	Workstation Name:		WS2022-LAB01
               	Source Network Address:		127.0.0.1
               	Source Port:		0

TimeCreated  : 13/06/2026 10:01:01
Id           : 4624
ProviderName : Microsoft-Windows-Security-Auditing
MachineName  : WIN-H96JM6F374S
Message      : An account was successfully logged on.

               Subject:
               	Security ID:		S-1-5-18
               	Account Name:		WIN-H96JM6F374S$
               	Account Domain:		WORKGROUP
               	Logon ID:		0xB4C50

               Logon Information:
               	Logon Type:		2
               	Restricted Admin Mode:		-
               	Virtual Account:		No
               	Elevated Token:		No

               New Logon:
               	Security ID:		S-1-5-21-1843355061-959072039-615746888-5982
               	Account Name:		testuser14
               	Account Domain:		WIN-H96JM6F374S
               	Logon ID:		0xE0EE7

               Process Information:
               	Process Name:		C:\Windows\System32\svchost.exe

               Network Information:
               	Workstation Name:		WIN-H96JM6F374S
               	Source Network Address:		127.0.0.1
               	Source Port:		0

TimeCreated  : 13/06/2026 10:01:32
Id           : 4624
ProviderName : Microsoft-Windows-Security-Auditing
MachineName  : WS2022-LAB02
Message      : An account was successfully logged on.

               Subject:
               	Security ID:		S-1-5-18
               	Account Name:		WS2022-LAB02$
               	Account Domain:		WORKGROUP
               	Logon ID:		0x8850C

               Logon Information:
               	Logon Type:		2
               	Restricted Admin Mode:		-
               	Virtual Account:		No
               	Elevated Token:		No

               New Logon:
               	Security ID:		S-1-5-21-1843355061-959072039-615746888-3010
               	Account Name:		testuser1
               	Account Domain:		WS2022-LAB02
               	Logon ID:		0xC60C7

               Process Information:
               	Process Name:		C:\Windows\System32\svchost.exe

               Network Information:
               	Workstation Name:		WS2022-LAB02
               	Source Network Address:		127.0.0.1
               	Source Port:		0

TimeCreated  : 13/06/2026 10:02:17
Id           : 4624
ProviderName : Microsoft-Windows-Security-Auditing
MachineName  : WS2022-LAB01
Message      : An account was successfully logged on.

               Subject:
               	Security ID:		S-1-5-18
               	Account Name:		WS2022-LAB01$
               	Account Domain:		WORKGROUP
               	Logon ID:		0x2205E

               Logon Information:
               	Logon Type:		2
               	Restricted Admin Mode:		-
               	Virtual Account:		No
               	Elevated Token:		No

               New Logon:
               	Security ID:		S-1-5-21-1843355061-959072039-615746888-7099
               	Account Name:		testuser18
               	Account Domain:		WS2022-LAB01
               	Logon ID:		0xEA834

               Process Information:
               	Process Name:		C:\Windows\System32\svchost.exe

               Network Information:
               	Workstation Name:		WS2022-LAB01
               	Source Network Address:		127.0.0.1
               	Source Port:		0

TimeCreated  : 13/06/2026 10:02:52
Id           : 4624
ProviderName : Microsoft-Windows-Security-Auditing
MachineName  : WS2022-LAB02
Message      : An account was successfully logged on.

               Subject:
               	Security ID:		S-1-5-18
               	Account Name:		WS2022-LAB02$
               	Account Domain:		WORKGROUP
               	Logon ID:		0xA45FF

               Logon Information:
               	Logon Type:		2
               	Restricted Admin Mode:		-
               	Virtual Account:		No
               	Elevated Token:		No

               New Logon:
               	Security ID:		S-1-5-21-1843355061-959072039-615746888-1333
               	Account Name:		testuser18
               	Account Domain:		WS2022-LAB02
               	Logon ID:		0xD68F8

               Process Information:
               	Process Name:		C:\Windows\System32\svchost.exe

               Network Information:
               	Workstation Name:		WS2022-LAB02
               	Source Network Address:		192.168.56.194
               	Source Port:		0

TimeCreated  : 13/06/2026 10:03:01
Id           : 4624
ProviderName : Microsoft-Windows-Security-Auditing
MachineName  : WIN-H96JM6F374S
Message      : An account was successfully logged on.

               Subject:
               	Security ID:		S-1-5-18
               	Account Name:		WIN-H96JM6F374S$
               	Account Domain:		WORKGROUP
               	Logon ID:		0xEAC46

               Logon Information:
               	Logon Type:		2
               	Restricted Admin Mode:		-
               	Virtual Account:		No
               	Elevated Token:		No

               New Logon:
               	Security ID:		S-1-5-21-1843355061-959072039-615746888-1234
               	Account Name:		testuser20
               	Account Domain:		WIN-H96JM6F374S
               	Logon ID:		0x4ED10

               Process Information:
               	Process Name:		C:\Windows\System32\svchost.exe

               Network Information:
               	Workstation Name:		WIN-H96JM6F374S
               	Source Network Address:		127.0.0.1
               	Source Port:		0

TimeCreated  : 13/06/2026 10:03:18
Id           : 4624
ProviderName : Microsoft-Windows-Security-Auditing
MachineName  : WS2022-LAB02
Message      : An account was successfully logged on.

               Subject:
               	Security ID:		S-1-5-18
               	Account Name:		WS2022-LAB02$
               	Account Domain:		WORKGROUP
               	Logon ID:		0x4083D

               Logon Information:
               	Logon Type:		2
               	Restricted Admin Mode:		-
               	Virtual Account:		No
               	Elevated Token:		No

               New Logon:
               	Security ID:		S-1-5-21-1843355061-959072039-615746888-8114
               	Account Name:		testuser14
               	Account Domain:		WS2022-LAB02
               	Logon ID:		0x902B8

               Process Information:
               	Process Name:		C:\Windows\System32\svchost.exe

               Network Information:
               	Workstation Name:		WS2022-LAB02
               	Source Network Address:		127.0.0.1
               	Source Port:		0

TimeCreated  : 13/06/2026 10:04:03
Id           : 4624
ProviderName : Microsoft-Windows-Security-Auditing
MachineName  : WS2022-LAB01
Message      : An account was successfully logged on.

               Subject:
               	Security ID:		S-1-5-18
               	Account Name:		WS2022-LAB01$
               	Account Domain:		WORKGROUP
               	Logon ID:		0xAA899

               Logon Information:
               	Logon Type:		2
               	Restricted Admin Mode:		-
               	Virtual Account:		No
               	Elevated Token:		No

               New Logon:
               	Security ID:		S-1-5-21-1843355061-959072039-615746888-4378
               	Account Name:		testuser18
               	Account Domain:		WS2022-LAB01
               	Logon ID:		0xA0030

               Process Information:
               	Process Name:		C:\Windows\System32\svchost.exe

               Network Information:
               	Workstation Name:		WS2022-LAB01
               	Source Network Address:		127.0.0.1
               	Source Port:		0

TimeCreated  : 13/06/2026 10:04:37
Id           : 4624
ProviderName : Microsoft-Windows-Security-Auditing
MachineName  : WS2022-LAB02
Message      : An account was successfully logged on.

               Subject:
               	Security ID:		S-1-5-18
               	Account Name:		WS2022-LAB02$
               	Account Domain:		WORKGROUP
               	Logon ID:		0x8E483

               Logon Information:
               	Logon Type:		2
               	Restricted Admin Mode:		-
               	Virtual Account:		No
               	Elevated Token:		No

               New Logon:
               	Security ID:		S-1-5-21-1843355061-959072039-615746888-4021
               	Account Name:		testuser4
               	Account Domain:		WS2022-LAB02
               	Logon ID:		0x4C2B6

               Process Information:
               	Process Name:		C:\Windows\System32\svchost.exe

               Network Information:
               	Workstation Name:		WS2022-LAB02
               	Source Network Address:		192.168.56.18
               	Source Port:		0

TimeCreated  : 13/06/2026 10:04:50
Id           : 4624
ProviderName : Microsoft-Windows-Security-Auditing
MachineName  : WS2022-LAB02
Message      : An account was successfully logged on.

               Subject:
               	Security ID:		S-1-5-18
               	Account Name:		WS2022-LAB02$
               	Account Domain:		WORKGROUP
               	Logon ID:		0xB7E49

               Logon Information:
               	Logon Type:		2
               	Restricted Admin Mode:		-
               	Virtual Account:		No
               	Elevated Token:		No

               New Logon:
               	Security ID:		S-1-5-21-1843355061-959072039-615746888-1536
               	Account Name:		testuser12
               	Account Domain:		WS2022-LAB02
               	Logon ID:		0x5A9E6

               Process Information:
               	Process Name:		C:\Windows\System32\svchost.exe

               Network Information:
               	Workstation Name:		WS2022-LAB02
               	Source Network Address:		127.0.0.1
               	Source Port:		0

TimeCreated  : 13/06/2026 10:05:22
Id           : 4624
ProviderName : Microsoft-Windows-Security-Auditing
MachineName  : WIN-H96JM6F374S
Message      : An account was successfully logged on.

               Subject:
               	Security ID:		S-1-5-18
               	Account Name:		WIN-H96JM6F374S$
               	Account Domain:		WORKGROUP
               	Logon ID:		0x1669F

               Logon Information:
               	Logon Type:		2
               	Restricted Admin Mode:		-
               	Virtual Account:		No
               	Elevated Token:		No

               New Logon:
               	Security ID:		S-1-5-21-1843355061-959072039-615746888-7814
               	Account Name:		testuser7
               	Account Domain:		WIN-H96JM6F374S
               	Logon ID:		0x2782D

               Process Information:
               	Process Name:		C:\Windows\System32\svchost.exe

               Network Information:
               	Workstation Name:		WIN-H96JM6F374S
               	Source Network Address:		10.0.0.216
               	Source Port:		0

TimeCreated  : 13/06/2026 10:06:07
Id           : 4624
ProviderName : Microsoft-Windows-Security-Auditing
MachineName  : WS2022-LAB01
Message      : An account was successfully logged on.

               Subject:
               	Security ID:		S-1-5-18
               	Account Name:		WS2022-LAB01$
               	Account Domain:		WORKGROUP
               	Logon ID:		0xC7662

               Logon Information:
               	Logon Type:		2
               	Restricted Admin Mode:		-
               	Virtual Account:		No
               	Elevated Token:		No

               New Logon:
               	Security ID:		S-1-5-21-1843355061-959072039-615746888-7566
               	Account Name:		testuser11
               	Account Domain:		WS2022-LAB01
               	Logon ID:		0xC9D15

               Process Information:
               	Process Name:		C:\Windows\System32\svchost.exe

               Network Information:
               	Workstation Name:		WS2022-LAB01
               	Source Network Address:		127.0.0.1
               	Source Port:		0

TimeCreated  : 13/06/2026 10:06:47
Id           : 4624
ProviderName : Microsoft-Windows-Security-Auditing
MachineName  : WS2022-LAB01
Message      : An account was successfully logged on.

               Subject:
               	Security ID:		S-1-5-18
               	Account Name:		WS2022-LAB01$
               	Account Domain:		WORKGROUP
               	Logon ID:		0x2179B

               Logon Information:
               	Logon Type:		2
               	Restricted Admin Mode:		-
               	Virtual Account:		No
               	Elevated Token:		No

               New Logon:
               	Security ID:		S-1-5-21-1843355061-959072039-615746888-8372
               	Account Name:		testuser5
               	Account Domain:		WS2022-LAB01
               	Logon ID:		0x7CBCF

               Process Information:
               	Process Name:		C:\Windows\System32\svchost.exe

               Network Information:
               	Workstation Name:		WS2022-LAB01
               	Source Network Address:		127.0.0.1
               	Source Port:		0

TimeCreated  : 13/06/2026 10:07:13
Id           : 4624
ProviderName : Microsoft-Windows-Security-Auditing
MachineName  : WS2022-LAB02
Message      : An account was successfully logged on.

               Subject:
               	Security ID:		S-1-5-18
               	Account Name:		WS2022-LAB02$
               	Account Domain:		WORKGROUP
               	Logon ID:		0xE64E0

               Logon Information:
               	Logon Type:		2
               	Restricted Admin Mode:		-
               	Virtual Account:		No
               	Elevated Token:		No

               New Logon:
               	Security ID:		S-1-5-21-1843355061-959072039-615746888-1609
               	Account Name:		testuser5
               	Account Domain:		WS2022-LAB02
               	Logon ID:		0xD8754

               Process Information:
               	Process Name:		C:\Windows\System32\svchost.exe

               Network Information:
               	Workstation Name:		WS2022-LAB02
               	Source Network Address:		10.0.0.197
               	Source Port:		0

TimeCreated  : 13/06/2026 10:07:40
Id           : 4624
ProviderName : Microsoft-Windows-Security-Auditing
MachineName  : WS2022-LAB02
Message      : An account was successfully logged on.

               Subject:
               	Security ID:		S-1-5-18
               	Account Name:		WS2022-LAB02$
               	Account Domain:		WORKGROUP
               	Logon ID:		0x20AC2

               Logon Information:
               	Logon Type:		2
               	Restricted Admin Mode:		-
               	Virtual Account:		No
               	Elevated Token:		No

               New Logon:
               	Security ID:		S-1-5-21-1843355061-959072039-615746888-4209
               	Account Name:		testuser3
               	Account Domain:		WS2022-LAB02
               	Logon ID:		0xF239C

               Process Information:
               	Process Name:		C:\Windows\System32\svchost.exe

               Network Information:
               	Workstation Name:		WS2022-LAB02
               	Source Network Address:		127.0.0.1
               	Source Port:		0

TimeCreated  : 13/06/2026 10:07:48
Id           : 4624
ProviderName : Microsoft-Windows-Security-Auditing
MachineName  : WIN-H96JM6F374S
Message      : An account was successfully logged on.

               Subject:
               	Security ID:		S-1-5-18
               	Account Name:		WIN-H96JM6F374S$
               	Account Domain:		WORKGROUP
               	Logon ID:		0x7D790

               Logon Information:
               	Logon Type:		2
               	Restricted Admin Mode:		-
               	Virtual Account:		No
               	Elevated Token:		No

               New Logon:
               	Security ID:		S-1-5-21-1843355061-959072039-615746888-2087
               	Account Name:		testuser9
               	Account Domain:		WIN-H96JM6F374S
               	Logon ID:		0x27A8F

               Process Information:
               	Process Name:		C:\Windows\System32\svchost.exe

               Network Information:
               	Workstation Name:		WIN-H96JM6F374S
               	Source Network Address:		127.0.0.1
               	Source Port:		0

TimeCreated  : 13/06/2026 10:08:32
Id           : 4624
ProviderName : Microsoft-Windows-Security-Auditing
MachineName  : WS2022-LAB02
Message      : An account was successfully logged on.

               Subject:
               	Security ID:		S-1-5-18
               	Account Name:		WS2022-LAB02$
               	Account Domain:		WORKGROUP
               	Logon ID:		0xD81C0

               Logon Information:
               	Logon Type:		2
               	Restricted Admin Mode:		-
               	Virtual Account:		No
               	Elevated Token:		No

               New Logon:
               	Security ID:		S-1-5-21-1843355061-959072039-615746888-5584
               	Account Name:		testuser15
               	Account Domain:		WS2022-LAB02
               	Logon ID:		0xA07B0

               Process Information:
               	Process Name:		C:\Windows\System32\svchost.exe

               Network Information:
               	Workstation Name:		WS2022-LAB02
               	Source Network Address:		127.0.0.1
               	Source Port:		0

TimeCreated  : 13/06/2026 10:09:17
Id           : 4624
ProviderName : Microsoft-Windows-Security-Auditing
MachineName  : WS2022-LAB02
Message      : An account was successfully logged on.

               Subject:
               	Security ID:		S-1-5-18
               	Account Name:		WS2022-LAB02$
               	Account Domain:		WORKGROUP
               	Logon ID:		0x5DD41

               Logon Information:
               	Logon Type:		2
               	Restricted Admin Mode:		-
               	Virtual Account:		No
               	Elevated Token:		No

               New Logon:
               	Security ID:		S-1-5-21-1843355061-959072039-615746888-2273
               	Account Name:		testuser1
               	Account Domain:		WS2022-LAB02
               	Logon ID:		0x21F0C

               Process Information:
               	Process Name:		C:\Windows\System32\svchost.exe

               Network Information:
               	Workstation Name:		WS2022-LAB02
               	Source Network Address:		127.0.0.1
               	Source Port:		0

TimeCreated  : 13/06/2026 10:09:33
Id           : 4624
ProviderName : Microsoft-Windows-Security-Auditing
MachineName  : WS2022-LAB01
Message      : An account was successfully logged on.

               Subject:
               	Security ID:		S-1-5-18
               	Account Name:		WS2022-LAB01$
               	Account Domain:		WORKGROUP
               	Logon ID:		0x30B38

               Logon Information:
               	Logon Type:		2
               	Restricted Admin Mode:		-
               	Virtual Account:		No
               	Elevated Token:		No

               New Logon:
               	Security ID:		S-1-5-21-1843355061-959072039-615746888-8614
               	Account Name:		testuser2
               	Account Domain:		WS2022-LAB01
               	Logon ID:		0xDC5D0

               Process Information:
               	Process Name:		C:\Windows\System32\svchost.exe

               Network Information:
               	Workstation Name:		WS2022-LAB01
               	Source Network Address:		172.16.10.222
               	Source Port:		0

TimeCreated  : 13/06/2026 10:09:42
Id           : 4624
ProviderName : Microsoft-Windows-Security-Auditing
MachineName  : WIN-H96JM6F374S
Message      : An account was successfully logged on.

               Subject:
               	Security ID:		S-1-5-18
               	Account Name:		WIN-H96JM6F374S$
               	Account Domain:		WORKGROUP
               	Logon ID:		0x16B61

               Logon Information:
               	Logon Type:		2
               	Restricted Admin Mode:		-
               	Virtual Account:		No
               	Elevated Token:		No

               New Logon:
               	Security ID:		S-1-5-21-1843355061-959072039-615746888-2339
               	Account Name:		testuser13
               	Account Domain:		WIN-H96JM6F374S
               	Logon ID:		0x3FA39

               Process Information:
               	Process Name:		C:\Windows\System32\svchost.exe

               Network Information:
               	Workstation Name:		WIN-H96JM6F374S
               	Source Network Address:		127.0.0.1
               	Source Port:		0

TimeCreated  : 13/06/2026 10:10:22
Id           : 4624
ProviderName : Microsoft-Windows-Security-Auditing
MachineName  : WIN-H96JM6F374S
Message      : An account was successfully logged on.

               Subject:
               	Security ID:		S-1-5-18
               	Account Name:		WIN-H96JM6F374S$
               	Account Domain:		WORKGROUP
               	Logon ID:		0x68B11

               Logon Information:
               	Logon Type:		2
               	Restricted Admin Mode:		-
               	Virtual Account:		No
               	Elevated Token:		No

               New Logon:
               	Security ID:		S-1-5-21-1843355061-959072039-615746888-2447
               	Account Name:		testuser6
               	Account Domain:		WIN-H96JM6F374S
               	Logon ID:		0x285C9

               Process Information:
               	Process Name:		C:\Windows\System32\svchost.exe

               Network Information:
               	Workstation Name:		WIN-H96JM6F374S
               	Source Network Address:		127.0.0.1
               	Source Port:		0

TimeCreated  : 13/06/2026 10:10:58
Id           : 4624
ProviderName : Microsoft-Windows-Security-Auditing
MachineName  : WS2022-LAB01
Message      : An account was successfully logged on.

               Subject:
               	Security ID:		S-1-5-18
               	Account Name:		WS2022-LAB01$
               	Account Domain:		WORKGROUP
               	Logon ID:		0x85297

               Logon Information:
               	Logon Type:		2
               	Restricted Admin Mode:		-
               	Virtual Account:		No
               	Elevated Token:		No

               New Logon:
               	Security ID:		S-1-5-21-1843355061-959072039-615746888-5429
               	Account Name:		testuser9
               	Account Domain:		WS2022-LAB01
               	Logon ID:		0x9D2AE

               Process Information:
               	Process Name:		C:\Windows\System32\svchost.exe

               Network Information:
               	Workstation Name:		WS2022-LAB01
               	Source Network Address:		127.0.0.1
               	Source Port:		0

TimeCreated  : 13/06/2026 10:11:31
Id           : 4624
ProviderName : Microsoft-Windows-Security-Auditing
MachineName  : WS2022-LAB01
Message      : An account was successfully logged on.

               Subject:
               	Security ID:		S-1-5-18
               	Account Name:		WS2022-LAB01$
               	Account Domain:		WORKGROUP
               	Logon ID:		0xD8C5B

               Logon Information:
               	Logon Type:		2
               	Restricted Admin Mode:		-
               	Virtual Account:		No
               	Elevated Token:		No

               New Logon:
               	Security ID:		S-1-5-21-1843355061-959072039-615746888-5659
               	Account Name:		testuser12
               	Account Domain:		WS2022-LAB01
               	Logon ID:		0x4B770

               Process Information:
               	Process Name:		C:\Windows\System32\svchost.exe

               Network Information:
               	Workstation Name:		WS2022-LAB01
               	Source Network Address:		10.0.0.39
               	Source Port:		0

TimeCreated  : 13/06/2026 10:11:56
Id           : 4624
ProviderName : Microsoft-Windows-Security-Auditing
MachineName  : WS2022-LAB01
Message      : An account was successfully logged on.

               Subject:
               	Security ID:		S-1-5-18
               	Account Name:		WS2022-LAB01$
               	Account Domain:		WORKGROUP
               	Logon ID:		0xF33FD

               Logon Information:
               	Logon Type:		2
               	Restricted Admin Mode:		-
               	Virtual Account:		No
               	Elevated Token:		No

               New Logon:
               	Security ID:		S-1-5-21-1843355061-959072039-615746888-4120
               	Account Name:		testuser13
               	Account Domain:		WS2022-LAB01
               	Logon ID:		0xD6134

               Process Information:
               	Process Name:		C:\Windows\System32\svchost.exe

               Network Information:
               	Workstation Name:		WS2022-LAB01
               	Source Network Address:		127.0.0.1
               	Source Port:		0

TimeCreated  : 13/06/2026 10:12:15
Id           : 4624
ProviderName : Microsoft-Windows-Security-Auditing
MachineName  : WS2022-LAB01
Message      : An account was successfully logged on.

               Subject:
               	Security ID:		S-1-5-18
               	Account Name:		WS2022-LAB01$
               	Account Domain:		WORKGROUP
               	Logon ID:		0x5FC2F

               Logon Information:
               	Logon Type:		2
               	Restricted Admin Mode:		-
               	Virtual Account:		No
               	Elevated Token:		No

               New Logon:
               	Security ID:		S-1-5-21-1843355061-959072039-615746888-3625
               	Account Name:		testuser8
               	Account Domain:		WS2022-LAB01
               	Logon ID:		0xE0F47

               Process Information:
               	Process Name:		C:\Windows\System32\svchost.exe

               Network Information:
               	Workstation Name:		WS2022-LAB01
               	Source Network Address:		127.0.0.1
               	Source Port:		0

TimeCreated  : 13/06/2026 10:12:23
Id           : 4624
ProviderName : Microsoft-Windows-Security-Auditing
MachineName  : WIN-H96JM6F374S
Message      : An account was successfully logged on.

               Subject:
               	Security ID:		S-1-5-18
               	Account Name:		WIN-H96JM6F374S$
               	Account Domain:		WORKGROUP
               	Logon ID:		0x8035E

               Logon Information:
               	Logon Type:		2
               	Restricted Admin Mode:		-
               	Virtual Account:		No
               	Elevated Token:		No

               New Logon:
               	Security ID:		S-1-5-21-1843355061-959072039-615746888-1994
               	Account Name:		testuser8
               	Account Domain:		WIN-H96JM6F374S
               	Logon ID:		0x9CA90

               Process Information:
               	Process Name:		C:\Windows\System32\svchost.exe

               Network Information:
               	Workstation Name:		WIN-H96JM6F374S
               	Source Network Address:		127.0.0.1
               	Source Port:		0

TimeCreated  : 13/06/2026 10:13:08
Id           : 4624
ProviderName : Microsoft-Windows-Security-Auditing
MachineName  : WS2022-LAB02
Message      : An account was successfully logged on.

               Subject:
               	Security ID:		S-1-5-18
               	Account Name:		WS2022-LAB02$
               	Account Domain:		WORKGROUP
               	Logon ID:		0x4319C

               Logon Information:
               	Logon Type:		2
               	Restricted Admin Mode:		-
               	Virtual Account:		No
               	Elevated Token:		No

               New Logon:
               	Security ID:		S-1-5-21-1843355061-959072039-615746888-6177
               	Account Name:		testuser11
               	Account Domain:		WS2022-LAB02
               	Logon ID:		0x19C49

               Process Information:
               	Process Name:		C:\Windows\System32\svchost.exe

               Network Information:
               	Workstation Name:		WS2022-LAB02
               	Source Network Address:		127.0.0.1
               	Source Port:		0

TimeCreated  : 13/06/2026 10:13:52
Id           : 4624
ProviderName : Microsoft-Windows-Security-Auditing
MachineName  : WS2022-LAB02
Message      : An account was successfully logged on.

               Subject:
               	Security ID:		S-1-5-18
               	Account Name:		WS2022-LAB02$
               	Account Domain:		WORKGROUP
               	Logon ID:		0x1F905

               Logon Information:
               	Logon Type:		2
               	Restricted Admin Mode:		-
               	Virtual Account:		No
               	Elevated Token:		No

               New Logon:
               	Security ID:		S-1-5-21-1843355061-959072039-615746888-1617
               	Account Name:		testuser15
               	Account Domain:		WS2022-LAB02
               	Logon ID:		0x52DC0

               Process Information:
               	Process Name:		C:\Windows\System32\svchost.exe

               Network Information:
               	Workstation Name:		WS2022-LAB02
               	Source Network Address:		127.0.0.1
               	Source Port:		0

TimeCreated  : 13/06/2026 10:14:02
Id           : 4624
ProviderName : Microsoft-Windows-Security-Auditing
MachineName  : WS2022-LAB01
Message      : An account was successfully logged on.

               Subject:
               	Security ID:		S-1-5-18
               	Account Name:		WS2022-LAB01$
               	Account Domain:		WORKGROUP
               	Logon ID:		0x97494

               Logon Information:
               	Logon Type:		2
               	Restricted Admin Mode:		-
               	Virtual Account:		No
               	Elevated Token:		No

               New Logon:
               	Security ID:		S-1-5-21-1843355061-959072039-615746888-7977
               	Account Name:		testuser11
               	Account Domain:		WS2022-LAB01
               	Logon ID:		0xB3518

               Process Information:
               	Process Name:		C:\Windows\System32\svchost.exe

               Network Information:
               	Workstation Name:		WS2022-LAB01
               	Source Network Address:		127.0.0.1
               	Source Port:		0

TimeCreated  : 13/06/2026 10:14:11
Id           : 4624
ProviderName : Microsoft-Windows-Security-Auditing
MachineName  : WIN-H96JM6F374S
Message      : An account was successfully logged on.

               Subject:
               	Security ID:		S-1-5-18
               	Account Name:		WIN-H96JM6F374S$
               	Account Domain:		WORKGROUP
               	Logon ID:		0x340D2

               Logon Information:
               	Logon Type:		2
               	Restricted Admin Mode:		-
               	Virtual Account:		No
               	Elevated Token:		No

               New Logon:
               	Security ID:		S-1-5-21-1843355061-959072039-615746888-4628
               	Account Name:		testuser9
               	Account Domain:		WIN-H96JM6F374S
               	Logon ID:		0x7209E

               Process Information:
               	Process Name:		C:\Windows\System32\svchost.exe

               Network Information:
               	Workstation Name:		WIN-H96JM6F374S
               	Source Network Address:		127.0.0.1
               	Source Port:		0

TimeCreated  : 13/06/2026 10:14:24
Id           : 4624
ProviderName : Microsoft-Windows-Security-Auditing
MachineName  : WS2022-LAB01
Message      : An account was successfully logged on.

               Subject:
               	Security ID:		S-1-5-18
               	Account Name:		WS2022-LAB01$
               	Account Domain:		WORKGROUP
               	Logon ID:		0xD7198

               Logon Information:
               	Logon Type:		2
               	Restricted Admin Mode:		-
               	Virtual Account:		No
               	Elevated Token:		No

               New Logon:
               	Security ID:		S-1-5-21-1843355061-959072039-615746888-7905
               	Account Name:		testuser1
               	Account Domain:		WS2022-LAB01
               	Logon ID:		0xC81EE

               Process Information:
               	Process Name:		C:\Windows\System32\svchost.exe

               Network Information:
               	Workstation Name:		WS2022-LAB01
               	Source Network Address:		127.0.0.1
               	Source Port:		0

TimeCreated  : 13/06/2026 10:15:01
Id           : 4624
ProviderName : Microsoft-Windows-Security-Auditing
MachineName  : WS2022-LAB02
Message      : An account was successfully logged on.

               Subject:
               	Security ID:		S-1-5-18
               	Account Name:		WS2022-LAB02$
               	Account Domain:		WORKGROUP
               	Logon ID:		0x4DDA8

               Logon Information:
               	Logon Type:		2
               	Restricted Admin Mode:		-
               	Virtual Account:		No
               	Elevated Token:		No

               New Logon:
               	Security ID:		S-1-5-21-1843355061-959072039-615746888-7184
               	Account Name:		testuser6
               	Account Domain:		WS2022-LAB02
               	Logon ID:		0x1E525

               Process Information:
               	Process Name:		C:\Windows\System32\svchost.exe

               Network Information:
               	Workstation Name:		WS2022-LAB02
               	Source Network Address:		127.0.0.1
               	Source Port:		0

TimeCreated  : 13/06/2026 10:15:06
Id           : 4624
ProviderName : Microsoft-Windows-Security-Auditing
MachineName  : WS2022-LAB02
Message      : An account was successfully logged on.

               Subject:
               	Security ID:		S-1-5-18
               	Account Name:		WS2022-LAB02$
               	Account Domain:		WORKGROUP
               	Logon ID:		0x8F684

               Logon Information:
               	Logon Type:		2
               	Restricted Admin Mode:		-
               	Virtual Account:		No
               	Elevated Token:		No

               New Logon:
               	Security ID:		S-1-5-21-1843355061-959072039-615746888-7177
               	Account Name:		testuser17
               	Account Domain:		WS2022-LAB02
               	Logon ID:		0x4E050

               Process Information:
               	Process Name:		C:\Windows\System32\svchost.exe

               Network Information:
               	Workstation Name:		WS2022-LAB02
               	Source Network Address:		127.0.0.1
               	Source Port:		0

TimeCreated  : 13/06/2026 10:15:19
Id           : 4624
ProviderName : Microsoft-Windows-Security-Auditing
MachineName  : WIN-H96JM6F374S
Message      : An account was successfully logged on.

               Subject:
               	Security ID:		S-1-5-18
               	Account Name:		WIN-H96JM6F374S$
               	Account Domain:		WORKGROUP
               	Logon ID:		0xA83C4

               Logon Information:
               	Logon Type:		2
               	Restricted Admin Mode:		-
               	Virtual Account:		No
               	Elevated Token:		No

               New Logon:
               	Security ID:		S-1-5-21-1843355061-959072039-615746888-3378
               	Account Name:		testuser3
               	Account Domain:		WIN-H96JM6F374S
               	Logon ID:		0x34D8B

               Process Information:
               	Process Name:		C:\Windows\System32\svchost.exe

               Network Information:
               	Workstation Name:		WIN-H96JM6F374S
               	Source Network Address:		127.0.0.1
               	Source Port:		0

TimeCreated  : 13/06/2026 10:15:56
Id           : 4624
ProviderName : Microsoft-Windows-Security-Auditing
MachineName  : WIN-H96JM6F374S
Message      : An account was successfully logged on.

               Subject:
               	Security ID:		S-1-5-18
               	Account Name:		WIN-H96JM6F374S$
               	Account Domain:		WORKGROUP
               	Logon ID:		0x6B334

               Logon Information:
               	Logon Type:		2
               	Restricted Admin Mode:		-
               	Virtual Account:		No
               	Elevated Token:		No

               New Logon:
               	Security ID:		S-1-5-21-1843355061-959072039-615746888-6278
               	Account Name:		testuser11
               	Account Domain:		WIN-H96JM6F374S
               	Logon ID:		0xCD159

               Process Information:
               	Process Name:		C:\Windows\System32\svchost.exe

               Network Information:
               	Workstation Name:		WIN-H96JM6F374S
               	Source Network Address:		127.0.0.1
               	Source Port:		0

TimeCreated  : 13/06/2026 10:16:03
Id           : 4624
ProviderName : Microsoft-Windows-Security-Auditing
MachineName  : WIN-H96JM6F374S
Message      : An account was successfully logged on.

               Subject:
               	Security ID:		S-1-5-18
               	Account Name:		WIN-H96JM6F374S$
               	Account Domain:		WORKGROUP
               	Logon ID:		0xC56E1

               Logon Information:
               	Logon Type:		2
               	Restricted Admin Mode:		-
               	Virtual Account:		No
               	Elevated Token:		No

               New Logon:
               	Security ID:		S-1-5-21-1843355061-959072039-615746888-3269
               	Account Name:		testuser20
               	Account Domain:		WIN-H96JM6F374S
               	Logon ID:		0x4A9EB

               Process Information:
               	Process Name:		C:\Windows\System32\svchost.exe

               Network Information:
               	Workstation Name:		WIN-H96JM6F374S
               	Source Network Address:		10.0.0.92
               	Source Port:		0

TimeCreated  : 13/06/2026 10:16:37
Id           : 4624
ProviderName : Microsoft-Windows-Security-Auditing
MachineName  : WS2022-LAB01
Message      : An account was successfully logged on.

               Subject:
               	Security ID:		S-1-5-18
               	Account Name:		WS2022-LAB01$
               	Account Domain:		WORKGROUP
               	Logon ID:		0xA705C

               Logon Information:
               	Logon Type:		2
               	Restricted Admin Mode:		-
               	Virtual Account:		No
               	Elevated Token:		No

               New Logon:
               	Security ID:		S-1-5-21-1843355061-959072039-615746888-4365
               	Account Name:		testuser3
               	Account Domain:		WS2022-LAB01
               	Logon ID:		0x80D8F

               Process Information:
               	Process Name:		C:\Windows\System32\svchost.exe

               Network Information:
               	Workstation Name:		WS2022-LAB01
               	Source Network Address:		127.0.0.1
               	Source Port:		0

TimeCreated  : 13/06/2026 10:17:02
Id           : 4624
ProviderName : Microsoft-Windows-Security-Auditing
MachineName  : WS2022-LAB01
Message      : An account was successfully logged on.

               Subject:
               	Security ID:		S-1-5-18
               	Account Name:		WS2022-LAB01$
               	Account Domain:		WORKGROUP
               	Logon ID:		0xDFB2A

               Logon Information:
               	Logon Type:		2
               	Restricted Admin Mode:		-
               	Virtual Account:		No
               	Elevated Token:		No

               New Logon:
               	Security ID:		S-1-5-21-1843355061-959072039-615746888-1914
               	Account Name:		testuser12
               	Account Domain:		WS2022-LAB01
               	Logon ID:		0xF31E6

               Process Information:
               	Process Name:		C:\Windows\System32\svchost.exe

               Network Information:
               	Workstation Name:		WS2022-LAB01
               	Source Network Address:		127.0.0.1
               	Source Port:		0

TimeCreated  : 13/06/2026 10:17:44
Id           : 4624
ProviderName : Microsoft-Windows-Security-Auditing
MachineName  : WIN-H96JM6F374S
Message      : An account was successfully logged on.

               Subject:
               	Security ID:		S-1-5-18
               	Account Name:		WIN-H96JM6F374S$
               	Account Domain:		WORKGROUP
               	Logon ID:		0xBA865

               Logon Information:
               	Logon Type:		2
               	Restricted Admin Mode:		-
               	Virtual Account:		No
               	Elevated Token:		No

               New Logon:
               	Security ID:		S-1-5-21-1843355061-959072039-615746888-3220
               	Account Name:		testuser18
               	Account Domain:		WIN-H96JM6F374S
               	Logon ID:		0x8E56D

               Process Information:
               	Process Name:		C:\Windows\System32\svchost.exe

               Network Information:
               	Workstation Name:		WIN-H96JM6F374S
               	Source Network Address:		127.0.0.1
               	Source Port:		0

TimeCreated  : 13/06/2026 10:17:49
Id           : 4624
ProviderName : Microsoft-Windows-Security-Auditing
MachineName  : WS2022-LAB01
Message      : An account was successfully logged on.

               Subject:
               	Security ID:		S-1-5-18
               	Account Name:		WS2022-LAB01$
               	Account Domain:		WORKGROUP
               	Logon ID:		0x7129F

               Logon Information:
               	Logon Type:		2
               	Restricted Admin Mode:		-
               	Virtual Account:		No
               	Elevated Token:		No

               New Logon:
               	Security ID:		S-1-5-21-1843355061-959072039-615746888-2404
               	Account Name:		testuser4
               	Account Domain:		WS2022-LAB01
               	Logon ID:		0x8BAED

               Process Information:
               	Process Name:		C:\Windows\System32\svchost.exe

               Network Information:
               	Workstation Name:		WS2022-LAB01
               	Source Network Address:		127.0.0.1
               	Source Port:		0

TimeCreated  : 13/06/2026 10:18:17
Id           : 4624
ProviderName : Microsoft-Windows-Security-Auditing
MachineName  : WS2022-LAB01
Message      : An account was successfully logged on.

               Subject:
               	Security ID:		S-1-5-18
               	Account Name:		WS2022-LAB01$
               	Account Domain:		WORKGROUP
               	Logon ID:		0x5DB07

               Logon Information:
               	Logon Type:		2
               	Restricted Admin Mode:		-
               	Virtual Account:		No
               	Elevated Token:		No

               New Logon:
               	Security ID:		S-1-5-21-1843355061-959072039-615746888-9198
               	Account Name:		testuser12
               	Account Domain:		WS2022-LAB01
               	Logon ID:		0x736B5

               Process Information:
               	Process Name:		C:\Windows\System32\svchost.exe

               Network Information:
               	Workstation Name:		WS2022-LAB01
               	Source Network Address:		127.0.0.1
               	Source Port:		0

