    {
      "event_id": 4720,
      "timestamp": "13/06/2026 18:01:33",
      "provider_name": "Microsoft-Windows-Security-Auditing",
      "machine_name": "WS2022-LAB02",
      "message": "A user account was created.",
      "subject_account": "opsadmin2",
      "subject_domain": "WS2022-LAB02",
      "subject_security_id": "S-1-5-21-1843355061-959072039-615746888-3783",
      "subject_logon_id": "0xC0C74",
      "new_logon_account": null,
      "new_logon_domain": null,
      "new_logon_security_id": null,
      "new_logon_logon_id": null,
      "target_account": null,
      "target_domain": null,
      "target_security_id": null,
      "logon_type": null,
      "elevated_token": null,
      "virtual_account": null,
      "restricted_admin_mode": null,
      "workstation_name": null,
      "source_network_address": null,
      "source_port": null,
      "process_name": "C:\\Windows\\System32\\mmc.exe",
      "failure_reason": null,
      "status": null,
      "substatus": null,
      "logon_process": null,
      "authentication_package": null,
      "privileges": [],
      "scenario_id": "ACCOUNT-CREATED-0017",
      "extra_new_account": "tempuser018",
      "extra_new_account_domain": "WS2022-LAB02",
      "extra_new_account_sid": "S-1-5-21-1843355061-959072039-615746888-7251"
    },
    {
      "event_id": 4720,
      "timestamp": "13/06/2026 18:02:07",
      "provider_name": "Microsoft-Windows-Security-Auditing",
      "machine_name": "WIN-H96JM6F374S",
      "message": "A user account was created.",
      "subject_account": "opsadmin3",
      "subject_domain": "WIN-H96JM6F374S",
      "subject_security_id": "S-1-5-21-1843355061-959072039-615746888-7275",
      "subject_logon_id": "0x54533",
      "new_logon_account": null,
      "new_logon_domain": null,
      "new_logon_security_id": null,
      "new_logon_logon_id": null,
      "target_account": null,
      "target_domain": null,
      "target_security_id": null,
      "logon_type": null,
      "elevated_token": null,
      "virtual_account": null,
      "restricted_admin_mode": null,
      "workstation_name": null,
      "source_network_address": null,
      "source_port": null,
      "process_name": "C:\\Windows\\System32\\mmc.exe",
      "failure_reason": null,
      "status": null,
      "substatus": null,
      "logon_process": null,
      "authentication_package": null,
      "privileges": [],
      "scenario_id": "ACCOUNT-CREATED-0018",
      "extra_new_account": "tempuser019",
      "extra_new_account_domain": "WIN-H96JM6F374S",
      "extra_new_account_sid": "S-1-5-21-1843355061-959072039-615746888-6014"
    },
    {
      "event_id": 4720,
      "timestamp": "13/06/2026 18:02:45",
      "provider_name": "Microsoft-Windows-Security-Auditing",
      "machine_name": "WS2022-LAB02",
      "message": "A user account was created.",
      "subject_account": "opsadmin1",
      "subject_domain": "WS2022-LAB02",
      "subject_security_id": "S-1-5-21-1843355061-959072039-615746888-6901",
      "subject_logon_id": "0x2582A",
      "new_logon_account": null,
      "new_logon_domain": null,
      "new_logon_security_id": null,
      "new_logon_logon_id": null,
      "target_account": null,
      "target_domain": null,
      "target_security_id": null,
      "logon_type": null,
      "elevated_token": null,
      "virtual_account": null,
      "restricted_admin_mode": null,
      "workstation_name": null,
      "source_network_address": null,
      "source_port": null,
      "process_name": "C:\\Windows\\System32\\mmc.exe",
      "failure_reason": null,
      "status": null,
      "substatus": null,
      "logon_process": null,
      "authentication_package": null,
      "privileges": [],
      "scenario_id": "ACCOUNT-CREATED-0019",
      "extra_new_account": "tempuser020",
      "extra_new_account_domain": "WS2022-LAB02",
      "extra_new_account_sid": "S-1-5-21-1843355061-959072039-615746888-3472"
    },
    {
      "event_id": 4720,
      "timestamp": "13/06/2026 18:03:02",
      "provider_name": "Microsoft-Windows-Security-Auditing",
      "machine_name": "WS2022-LAB02",
      "message": "A user account was created.",
      "subject_account": "opsadmin1",
      "subject_domain": "WS2022-LAB02",
      "subject_security_id": "S-1-5-21-1843355061-959072039-615746888-6080",
      "subject_logon_id": "0x52564",
      "new_logon_account": null,
      "new_logon_domain": null,
      "new_logon_security_id": null,
      "new_logon_logon_id": null,
      "target_account": null,
      "target_domain": null,
      "target_security_id": null,
      "logon_type": null,
      "elevated_token": null,
      "virtual_account": null,
      "restricted_admin_mode": null,
      "workstation_name": null,
      "source_network_address": null,
      "source_port": null,
      "process_name": "C:\\Windows\\System32\\mmc.exe",
      "failure_reason": null,
      "status": null,
      "substatus": null,
      "logon_process": null,
      "authentication_package": null,
      "privileges": [],
      "scenario_id": "ACCOUNT-CREATED-0020",
      "extra_new_account": "tempuser021",
      "extra_new_account_domain": "WS2022-LAB02",
      "extra_new_account_sid": "S-1-5-21-1843355061-959072039-615746888-8593"
    },
    {
      "event_id": 4720,
      "timestamp": "13/06/2026 18:03:13",
      "provider_name": "Microsoft-Windows-Security-Auditing",
      "machine_name": "WS2022-LAB02",
      "message": "A user account was created.",
      "subject_account": "opsadmin1",
      "subject_domain": "WS2022-LAB02",
      "subject_security_id": "S-1-5-21-1843355061-959072039-615746888-6260",
      "subject_logon_id": "0xA813E",
      "new_logon_account": null,
      "new_logon_domain": null,
      "new_logon_security_id": null,
      "new_logon_logon_id": null,
      "target_account": null,
      "target_domain": null,
      "target_security_id": null,
      "logon_type": null,
      "elevated_token": null,
      "virtual_account": null,
      "restricted_admin_mode": null,
      "workstation_name": null,
      "source_network_address": null,
      "source_port": null,
      "process_name": "C:\\Windows\\System32\\mmc.exe",
      "failure_reason": null,
      "status": null,
      "substatus": null,
      "logon_process": null,
      "authentication_package": null,
      "privileges": [],
      "scenario_id": "ACCOUNT-CREATED-0021",
      "extra_new_account": "tempuser022",
      "extra_new_account_domain": "WS2022-LAB02",
      "extra_new_account_sid": "S-1-5-21-1843355061-959072039-615746888-5803"
    },
    {
      "event_id": 4720,
      "timestamp": "13/06/2026 18:03:39",
      "provider_name": "Microsoft-Windows-Security-Auditing",
      "machine_name": "WS2022-LAB02",
      "message": "A user account was created.",
      "subject_account": "opsadmin2",
      "subject_domain": "WS2022-LAB02",
      "subject_security_id": "S-1-5-21-1843355061-959072039-615746888-1253",
      "subject_logon_id": "0x91018",
      "new_logon_account": null,
      "new_logon_domain": null,
      "new_logon_security_id": null,
      "new_logon_logon_id": null,
      "target_account": null,
      "target_domain": null,
      "target_security_id": null,
      "logon_type": null,
      "elevated_token": null,
      "virtual_account": null,
      "restricted_admin_mode": null,
      "workstation_name": null,
      "source_network_address": null,
      "source_port": null,
      "process_name": "C:\\Windows\\System32\\mmc.exe",
      "failure_reason": null,
      "status": null,
      "substatus": null,
      "logon_process": null,
      "authentication_package": null,
      "privileges": [],
      "scenario_id": "ACCOUNT-CREATED-0022",
      "extra_new_account": "tempuser023",
      "extra_new_account_domain": "WS2022-LAB02",
      "extra_new_account_sid": "S-1-5-21-1843355061-959072039-615746888-7648"
    },
    {
      "event_id": 4720,
      "timestamp": "13/06/2026 18:04:04",
      "provider_name": "Microsoft-Windows-Security-Auditing",
      "machine_name": "WS2022-LAB02",
      "message": "A user account was created.",
      "subject_account": "labadmin",
      "subject_domain": "WS2022-LAB02",
      "subject_security_id": "S-1-5-21-1843355061-959072039-615746888-4588",
      "subject_logon_id": "0x56D2A",
      "new_logon_account": null,
      "new_logon_domain": null,
      "new_logon_security_id": null,
      "new_logon_logon_id": null,
      "target_account": null,
      "target_domain": null,
      "target_security_id": null,
      "logon_type": null,
      "elevated_token": null,
      "virtual_account": null,
      "restricted_admin_mode": null,
      "workstation_name": null,
      "source_network_address": null,
      "source_port": null,
      "process_name": "C:\\Windows\\System32\\mmc.exe",
      "failure_reason": null,
      "status": null,
      "substatus": null,
      "logon_process": null,
      "authentication_package": null,
      "privileges": [],
      "scenario_id": "ACCOUNT-CREATED-0023",
      "extra_new_account": "tempuser024",
      "extra_new_account_domain": "WS2022-LAB02",
      "extra_new_account_sid": "S-1-5-21-1843355061-959072039-615746888-4504"
    },
    {
      "event_id": 4720,
      "timestamp": "13/06/2026 18:04:35",
      "provider_name": "Microsoft-Windows-Security-Auditing",
      "machine_name": "WIN-H96JM6F374S",
      "message": "A user account was created.",
      "subject_account": "labadmin",
      "subject_domain": "WIN-H96JM6F374S",
      "subject_security_id": "S-1-5-21-1843355061-959072039-615746888-4702",
      "subject_logon_id": "0xCBD46",
      "new_logon_account": null,
      "new_logon_domain": null,
      "new_logon_security_id": null,
      "new_logon_logon_id": null,
      "target_account": null,
      "target_domain": null,
      "target_security_id": null,
      "logon_type": null,
      "elevated_token": null,
      "virtual_account": null,
      "restricted_admin_mode": null,
      "workstation_name": null,
      "source_network_address": null,
      "source_port": null,
      "process_name": "C:\\Windows\\System32\\mmc.exe",
      "failure_reason": null,
      "status": null,
      "substatus": null,
      "logon_process": null,
      "authentication_package": null,
      "privileges": [],
      "scenario_id": "ACCOUNT-CREATED-0024",
      "extra_new_account": "tempuser025",
      "extra_new_account_domain": "WIN-H96JM6F374S",
      "extra_new_account_sid": "S-1-5-21-1843355061-959072039-615746888-2208"
    },
    {
      "event_id": 4720,
      "timestamp": "13/06/2026 18:04:54",
      "provider_name": "Microsoft-Windows-Security-Auditing",
      "machine_name": "WS2022-LAB02",
      "message": "A user account was created.",
      "subject_account": "opsadmin3",
      "subject_domain": "WS2022-LAB02",
      "subject_security_id": "S-1-5-21-1843355061-959072039-615746888-3863",
      "subject_logon_id": "0xF28FC",
      "new_logon_account": null,
      "new_logon_domain": null,
      "new_logon_security_id": null,
      "new_logon_logon_id": null,
      "target_account": null,
      "target_domain": null,
      "target_security_id": null,
      "logon_type": null,
      "elevated_token": null,
      "virtual_account": null,
      "restricted_admin_mode": null,
      "workstation_name": null,
      "source_network_address": null,
      "source_port": null,
      "process_name": "C:\\Windows\\System32\\mmc.exe",
      "failure_reason": null,
      "status": null,
      "substatus": null,
      "logon_process": null,
      "authentication_package": null,
      "privileges": [],
      "scenario_id": "ACCOUNT-CREATED-0025",
      "extra_new_account": "tempuser026",
      "extra_new_account_domain": "WS2022-LAB02",
      "extra_new_account_sid": "S-1-5-21-1843355061-959072039-615746888-1087"
    },
    {
      "event_id": 4720,
      "timestamp": "13/06/2026 18:05:02",
      "provider_name": "Microsoft-Windows-Security-Auditing",
      "machine_name": "WIN-H96JM6F374S",
      "message": "A user account was created.",
      "subject_account": "opsadmin1",
      "subject_domain": "WIN-H96JM6F374S",
      "subject_security_id": "S-1-5-21-1843355061-959072039-615746888-4063",
      "subject_logon_id": "0x6D934",
      "new_logon_account": null,
      "new_logon_domain": null,
      "new_logon_security_id": null,
      "new_logon_logon_id": null,
      "target_account": null,
      "target_domain": null,
      "target_security_id": null,
      "logon_type": null,
      "elevated_token": null,
      "virtual_account": null,
      "restricted_admin_mode": null,
      "workstation_name": null,
      "source_network_address": null,
      "source_port": null,
      "process_name": "C:\\Windows\\System32\\mmc.exe",
      "failure_reason": null,
      "status": null,
      "substatus": null,
      "logon_process": null,
      "authentication_package": null,
      "privileges": [],
      "scenario_id": "ACCOUNT-CREATED-0026",
      "extra_new_account": "tempuser027",
      "extra_new_account_domain": "WIN-H96JM6F374S",
      "extra_new_account_sid": "S-1-5-21-1843355061-959072039-615746888-5329"
    },
    {
      "event_id": 4720,
      "timestamp": "13/06/2026 18:05:41",
      "provider_name": "Microsoft-Windows-Security-Auditing",
      "machine_name": "WIN-H96JM6F374S",
      "message": "A user account was created.",
      "subject_account": "labadmin",
      "subject_domain": "WIN-H96JM6F374S",
      "subject_security_id": "S-1-5-21-1843355061-959072039-615746888-2779",
      "subject_logon_id": "0xD5843",
      "new_logon_account": null,
      "new_logon_domain": null,
      "new_logon_security_id": null,
      "new_logon_logon_id": null,
      "target_account": null,
      "target_domain": null,
      "target_security_id": null,
      "logon_type": null,
      "elevated_token": null,
      "virtual_account": null,
      "restricted_admin_mode": null,
      "workstation_name": null,
      "source_network_address": null,
      "source_port": null,
      "process_name": "C:\\Windows\\System32\\mmc.exe",
      "failure_reason": null,
      "status": null,
      "substatus": null,
      "logon_process": null,
      "authentication_package": null,
      "privileges": [],
      "scenario_id": "ACCOUNT-CREATED-0027",
      "extra_new_account": "tempuser028",
      "extra_new_account_domain": "WIN-H96JM6F374S",
      "extra_new_account_sid": "S-1-5-21-1843355061-959072039-615746888-9304"
    },
    {
      "event_id": 4720,
      "timestamp": "13/06/2026 18:06:21",
      "provider_name": "Microsoft-Windows-Security-Auditing",
      "machine_name": "WIN-H96JM6F374S",
      "message": "A user account was created.",
      "subject_account": "opsadmin3",
      "subject_domain": "WIN-H96JM6F374S",
      "subject_security_id": "S-1-5-21-1843355061-959072039-615746888-8589",
      "subject_logon_id": "0xC4091",
      "new_logon_account": null,
      "new_logon_domain": null,
      "new_logon_security_id": null,
      "new_logon_logon_id": null,
      "target_account": null,
      "target_domain": null,
      "target_security_id": null,
      "logon_type": null,
      "elevated_token": null,
      "virtual_account": null,
      "restricted_admin_mode": null,
      "workstation_name": null,
      "source_network_address": null,
      "source_port": null,
      "process_name": "C:\\Windows\\System32\\mmc.exe",
      "failure_reason": null,
      "status": null,
      "substatus": null,
      "logon_process": null,
      "authentication_package": null,
      "privileges": [],
      "scenario_id": "ACCOUNT-CREATED-0028",
      "extra_new_account": "tempuser029",
      "extra_new_account_domain": "WIN-H96JM6F374S",
      "extra_new_account_sid": "S-1-5-21-1843355061-959072039-615746888-4689"
    },
    {
      "event_id": 4720,
      "timestamp": "13/06/2026 18:06:59",
      "provider_name": "Microsoft-Windows-Security-Auditing",
      "machine_name": "WS2022-LAB01",
      "message": "A user account was created.",
      "subject_account": "opsadmin3",
      "subject_domain": "WS2022-LAB01",
      "subject_security_id": "S-1-5-21-1843355061-959072039-615746888-9829",
      "subject_logon_id": "0x2BF80",
      "new_logon_account": null,
      "new_logon_domain": null,
      "new_logon_security_id": null,
      "new_logon_logon_id": null,
      "target_account": null,
      "target_domain": null,
      "target_security_id": null,
      "logon_type": null,
      "elevated_token": null,
      "virtual_account": null,
      "restricted_admin_mode": null,
      "workstation_name": null,
      "source_network_address": null,
      "source_port": null,
      "process_name": "C:\\Windows\\System32\\mmc.exe",
      "failure_reason": null,
      "status": null,
      "substatus": null,
      "logon_process": null,
      "authentication_package": null,
      "privileges": [],
      "scenario_id": "ACCOUNT-CREATED-0029",
      "extra_new_account": "tempuser030",
      "extra_new_account_domain": "WS2022-LAB01",
      "extra_new_account_sid": "S-1-5-21-1843355061-959072039-615746888-5445"
    },
    {
      "event_id": 4720,
      "timestamp": "13/06/2026 18:07:30",
      "provider_name": "Microsoft-Windows-Security-Auditing",
      "machine_name": "WS2022-LAB01",
      "message": "A user account was created.",
      "subject_account": "opsadmin3",
      "subject_domain": "WS2022-LAB01",
      "subject_security_id": "S-1-5-21-1843355061-959072039-615746888-6270",
      "subject_logon_id": "0x3DE46",
      "new_logon_account": null,
      "new_logon_domain": null,
      "new_logon_security_id": null,
      "new_logon_logon_id": null,
      "target_account": null,
      "target_domain": null,
      "target_security_id": null,
      "logon_type": null,
      "elevated_token": null,
      "virtual_account": null,
      "restricted_admin_mode": null,
      "workstation_name": null,
      "source_network_address": null,
      "source_port": null,
      "process_name": "C:\\Windows\\System32\\mmc.exe",
      "failure_reason": null,
      "status": null,
      "substatus": null,
      "logon_process": null,
      "authentication_package": null,
      "privileges": [],
      "scenario_id": "ACCOUNT-CREATED-0030",
      "extra_new_account": "tempuser031",
      "extra_new_account_domain": "WS2022-LAB01",
      "extra_new_account_sid": "S-1-5-21-1843355061-959072039-615746888-5874"
    },
    {
      "event_id": 4720,
      "timestamp": "13/06/2026 18:08:03",
      "provider_name": "Microsoft-Windows-Security-Auditing",
      "machine_name": "WS2022-LAB01",
      "message": "A user account was created.",
      "subject_account": "labadmin",
      "subject_domain": "WS2022-LAB01",
      "subject_security_id": "S-1-5-21-1843355061-959072039-615746888-7085",
      "subject_logon_id": "0xC06F2",
      "new_logon_account": null,
      "new_logon_domain": null,
      "new_logon_security_id": null,
      "new_logon_logon_id": null,
      "target_account": null,
      "target_domain": null,
      "target_security_id": null,
      "logon_type": null,
      "elevated_token": null,
      "virtual_account": null,
      "restricted_admin_mode": null,
      "workstation_name": null,
      "source_network_address": null,
      "source_port": null,
      "process_name": "C:\\Windows\\System32\\mmc.exe",
      "failure_reason": null,
      "status": null,
      "substatus": null,
      "logon_process": null,
      "authentication_package": null,
      "privileges": [],
      "scenario_id": "ACCOUNT-CREATED-0031",
      "extra_new_account": "tempuser032",
      "extra_new_account_domain": "WS2022-LAB01",
      "extra_new_account_sid": "S-1-5-21-1843355061-959072039-615746888-5914"
    },
    {
      "event_id": 4720,
      "timestamp": "13/06/2026 18:08:16",
      "provider_name": "Microsoft-Windows-Security-Auditing",
      "machine_name": "WS2022-LAB01",
      "message": "A user account was created.",
      "subject_account": "opsadmin1",
      "subject_domain": "WS2022-LAB01",
      "subject_security_id": "S-1-5-21-1843355061-959072039-615746888-3596",
      "subject_logon_id": "0xDAEFC",
      "new_logon_account": null,
      "new_logon_domain": null,
      "new_logon_security_id": null,
      "new_logon_logon_id": null,
      "target_account": null,
      "target_domain": null,
      "target_security_id": null,
      "logon_type": null,
      "elevated_token": null,
      "virtual_account": null,
      "restricted_admin_mode": null,
      "workstation_name": null,
      "source_network_address": null,
      "source_port": null,
      "process_name": "C:\\Windows\\System32\\mmc.exe",
      "failure_reason": null,
      "status": null,
      "substatus": null,
      "logon_process": null,
      "authentication_package": null,
      "privileges": [],
      "scenario_id": "ACCOUNT-CREATED-0032",
      "extra_new_account": "tempuser033",
      "extra_new_account_domain": "WS2022-LAB01",
      "extra_new_account_sid": "S-1-5-21-1843355061-959072039-615746888-3706"
    },
    {
      "event_id": 4720,
      "timestamp": "13/06/2026 18:08:51",
      "provider_name": "Microsoft-Windows-Security-Auditing",
      "machine_name": "WIN-H96JM6F374S",
      "message": "A user account was created.",
      "subject_account": "opsadmin2",
      "subject_domain": "WIN-H96JM6F374S",
      "subject_security_id": "S-1-5-21-1843355061-959072039-615746888-1255",
      "subject_logon_id": "0xAA49E",
      "new_logon_account": null,
      "new_logon_domain": null,
      "new_logon_security_id": null,
      "new_logon_logon_id": null,
      "target_account": null,
      "target_domain": null,
      "target_security_id": null,
      "logon_type": null,
      "elevated_token": null,
      "virtual_account": null,
      "restricted_admin_mode": null,
      "workstation_name": null,
      "source_network_address": null,
      "source_port": null,
      "process_name": "C:\\Windows\\System32\\mmc.exe",
      "failure_reason": null,
      "status": null,
      "substatus": null,
      "logon_process": null,
      "authentication_package": null,
      "privileges": [],
      "scenario_id": "ACCOUNT-CREATED-0033",
      "extra_new_account": "tempuser034",
      "extra_new_account_domain": "WIN-H96JM6F374S",
      "extra_new_account_sid": "S-1-5-21-1843355061-959072039-615746888-7613"
    },
    {
      "event_id": 4720,
      "timestamp": "13/06/2026 18:09:14",
      "provider_name": "Microsoft-Windows-Security-Auditing",
      "machine_name": "WS2022-LAB01",
      "message": "A user account was created.",
      "subject_account": "opsadmin1",
      "subject_domain": "WS2022-LAB01",
      "subject_security_id": "S-1-5-21-1843355061-959072039-615746888-1507",
      "subject_logon_id": "0x75FDB",
      "new_logon_account": null,
      "new_logon_domain": null,
      "new_logon_security_id": null,
      "new_logon_logon_id": null,
      "target_account": null,
      "target_domain": null,
      "target_security_id": null,
      "logon_type": null,
      "elevated_token": null,
      "virtual_account": null,
      "restricted_admin_mode": null,
      "workstation_name": null,
      "source_network_address": null,
      "source_port": null,
      "process_name": "C:\\Windows\\System32\\mmc.exe",
      "failure_reason": null,
      "status": null,
      "substatus": null,
      "logon_process": null,
      "authentication_package": null,
      "privileges": [],
      "scenario_id": "ACCOUNT-CREATED-0034",
      "extra_new_account": "tempuser035",
      "extra_new_account_domain": "WS2022-LAB01",
      "extra_new_account_sid": "S-1-5-21-1843355061-959072039-615746888-5387"
    },
    {
      "event_id": 4720,
      "timestamp": "13/06/2026 18:09:36",
      "provider_name": "Microsoft-Windows-Security-Auditing",
      "machine_name": "WIN-H96JM6F374S",
      "message": "A user account was created.",
      "subject_account": "opsadmin2",
      "subject_domain": "WIN-H96JM6F374S",
      "subject_security_id": "S-1-5-21-1843355061-959072039-615746888-9318",
      "subject_logon_id": "0xAA74F",
      "new_logon_account": null,
      "new_logon_domain": null,
      "new_logon_security_id": null,
      "new_logon_logon_id": null,
      "target_account": null,
      "target_domain": null,
      "target_security_id": null,
      "logon_type": null,
      "elevated_token": null,
      "virtual_account": null,
      "restricted_admin_mode": null,
      "workstation_name": null,
      "source_network_address": null,
      "source_port": null,
      "process_name": "C:\\Windows\\System32\\mmc.exe",
      "failure_reason": null,
      "status": null,
      "substatus": null,
      "logon_process": null,
      "authentication_package": null,
      "privileges": [],
      "scenario_id": "ACCOUNT-CREATED-0035",
      "extra_new_account": "tempuser036",
      "extra_new_account_domain": "WIN-H96JM6F374S",
      "extra_new_account_sid": "S-1-5-21-1843355061-959072039-615746888-5949"
    },
    {
      "event_id": 4720,
      "timestamp": "13/06/2026 18:10:16",
      "provider_name": "Microsoft-Windows-Security-Auditing",
      "machine_name": "WS2022-LAB01",
      "message": "A user account was created.",
      "subject_account": "opsadmin2",
      "subject_domain": "WS2022-LAB01",
      "subject_security_id": "S-1-5-21-1843355061-959072039-615746888-9147",
      "subject_logon_id": "0x25F0E",
      "new_logon_account": null,
      "new_logon_domain": null,
      "new_logon_security_id": null,
      "new_logon_logon_id": null,
      "target_account": null,
      "target_domain": null,
      "target_security_id": null,
      "logon_type": null,
      "elevated_token": null,
      "virtual_account": null,
      "restricted_admin_mode": null,
      "workstation_name": null,
      "source_network_address": null,
      "source_port": null,
      "process_name": "C:\\Windows\\System32\\mmc.exe",
      "failure_reason": null,
      "status": null,
      "substatus": null,
      "logon_process": null,
      "authentication_package": null,
      "privileges": [],
      "scenario_id": "ACCOUNT-CREATED-0036",
      "extra_new_account": "tempuser037",
      "extra_new_account_domain": "WS2022-LAB01",
      "extra_new_account_sid": "S-1-5-21-1843355061-959072039-615746888-2948"
    },
    {
      "event_id": 4720,
      "timestamp": "13/06/2026 18:10:23",
      "provider_name": "Microsoft-Windows-Security-Auditing",
      "machine_name": "WS2022-LAB02",
      "message": "A user account was created.",
      "subject_account": "opsadmin3",
      "subject_domain": "WS2022-LAB02",
      "subject_security_id": "S-1-5-21-1843355061-959072039-615746888-4198",
      "subject_logon_id": "0x7B672",
      "new_logon_account": null,
      "new_logon_domain": null,
      "new_logon_security_id": null,
      "new_logon_logon_id": null,
      "target_account": null,
      "target_domain": null,
      "target_security_id": null,
      "logon_type": null,
      "elevated_token": null,
      "virtual_account": null,
      "restricted_admin_mode": null,
      "workstation_name": null,
      "source_network_address": null,
      "source_port": null,
      "process_name": "C:\\Windows\\System32\\mmc.exe",
      "failure_reason": null,
      "status": null,
      "substatus": null,
      "logon_process": null,
      "authentication_package": null,
      "privileges": [],
      "scenario_id": "ACCOUNT-CREATED-0037",
      "extra_new_account": "tempuser038",
      "extra_new_account_domain": "WS2022-LAB02",
      "extra_new_account_sid": "S-1-5-21-1843355061-959072039-615746888-8935"
    },
    {
      "event_id": 4720,
      "timestamp": "13/06/2026 18:10:42",
      "provider_name": "Microsoft-Windows-Security-Auditing",
      "machine_name": "WS2022-LAB02",
      "message": "A user account was created.",
      "subject_account": "labadmin",
      "subject_domain": "WS2022-LAB02",
      "subject_security_id": "S-1-5-21-1843355061-959072039-615746888-8380",
      "subject_logon_id": "0xBD623",
      "new_logon_account": null,
      "new_logon_domain": null,
      "new_logon_security_id": null,
      "new_logon_logon_id": null,
      "target_account": null,
      "target_domain": null,
      "target_security_id": null,
      "logon_type": null,
      "elevated_token": null,
      "virtual_account": null,
      "restricted_admin_mode": null,
      "workstation_name": null,
      "source_network_address": null,
      "source_port": null,
      "process_name": "C:\\Windows\\System32\\mmc.exe",
      "failure_reason": null,
      "status": null,
      "substatus": null,
      "logon_process": null,
      "authentication_package": null,
      "privileges": [],
      "scenario_id": "ACCOUNT-CREATED-0038",
      "extra_new_account": "tempuser039",
      "extra_new_account_domain": "WS2022-LAB02",
      "extra_new_account_sid": "S-1-5-21-1843355061-959072039-615746888-4416"
    },
    {
      "event_id": 4720,
      "timestamp": "13/06/2026 18:11:07",
      "provider_name": "Microsoft-Windows-Security-Auditing",
      "machine_name": "WS2022-LAB02",
      "message": "A user account was created.",
      "subject_account": "opsadmin1",
      "subject_domain": "WS2022-LAB02",
      "subject_security_id": "S-1-5-21-1843355061-959072039-615746888-8037",
      "subject_logon_id": "0x4FF7F",
      "new_logon_account": null,
      "new_logon_domain": null,
      "new_logon_security_id": null,
      "new_logon_logon_id": null,
      "target_account": null,
      "target_domain": null,
      "target_security_id": null,
      "logon_type": null,
      "elevated_token": null,
      "virtual_account": null,
      "restricted_admin_mode": null,
      "workstation_name": null,
      "source_network_address": null,
      "source_port": null,
      "process_name": "C:\\Windows\\System32\\mmc.exe",
      "failure_reason": null,
      "status": null,
      "substatus": null,
      "logon_process": null,
      "authentication_package": null,
      "privileges": [],
      "scenario_id": "ACCOUNT-CREATED-0039",
      "extra_new_account": "tempuser040",
      "extra_new_account_domain": "WS2022-LAB02",
      "extra_new_account_sid": "S-1-5-21-1843355061-959072039-615746888-4929"
    },
    {
      "event_id": 4720,
      "timestamp": "13/06/2026 18:11:21",
      "provider_name": "Microsoft-Windows-Security-Auditing",
      "machine_name": "WS2022-LAB02",
      "message": "A user account was created.",
      "subject_account": "opsadmin1",
      "subject_domain": "WS2022-LAB02",
      "subject_security_id": "S-1-5-21-1843355061-959072039-615746888-9564",
      "subject_logon_id": "0x5FB09",
      "new_logon_account": null,
      "new_logon_domain": null,
      "new_logon_security_id": null,
      "new_logon_logon_id": null,
      "target_account": null,
      "target_domain": null,
      "target_security_id": null,
      "logon_type": null,
      "elevated_token": null,
      "virtual_account": null,
      "restricted_admin_mode": null,
      "workstation_name": null,
      "source_network_address": null,
      "source_port": null,
      "process_name": "C:\\Windows\\System32\\mmc.exe",
      "failure_reason": null,
      "status": null,
      "substatus": null,
      "logon_process": null,
      "authentication_package": null,
      "privileges": [],
      "scenario_id": "ACCOUNT-CREATED-0040",
      "extra_new_account": "tempuser041",
      "extra_new_account_domain": "WS2022-LAB02",
      "extra_new_account_sid": "S-1-5-21-1843355061-959072039-615746888-5739"
    },
    {
      "event_id": 4720,
      "timestamp": "13/06/2026 18:11:53",
      "provider_name": "Microsoft-Windows-Security-Auditing",
      "machine_name": "WS2022-LAB02",
      "message": "A user account was created.",
      "subject_account": "labadmin",
      "subject_domain": "WS2022-LAB02",
      "subject_security_id": "S-1-5-21-1843355061-959072039-615746888-3973",
      "subject_logon_id": "0xCC5C5",
      "new_logon_account": null,
      "new_logon_domain": null,
      "new_logon_security_id": null,
      "new_logon_logon_id": null,
      "target_account": null,
      "target_domain": null,
      "target_security_id": null,
      "logon_type": null,
      "elevated_token": null,
      "virtual_account": null,
      "restricted_admin_mode": null,
      "workstation_name": null,
      "source_network_address": null,
      "source_port": null,
      "process_name": "C:\\Windows\\System32\\mmc.exe",
      "failure_reason": null,
      "status": null,
      "substatus": null,
      "logon_process": null,
      "authentication_package": null,
      "privileges": [],
      "scenario_id": "ACCOUNT-CREATED-0041",
      "extra_new_account": "tempuser042",
      "extra_new_account_domain": "WS2022-LAB02",
      "extra_new_account_sid": "S-1-5-21-1843355061-959072039-615746888-8535"
    },
    {
      "event_id": 4720,
      "timestamp": "13/06/2026 18:12:21",
      "provider_name": "Microsoft-Windows-Security-Auditing",
      "machine_name": "WS2022-LAB02",
      "message": "A user account was created.",
      "subject_account": "opsadmin1",
      "subject_domain": "WS2022-LAB02",
      "subject_security_id": "S-1-5-21-1843355061-959072039-615746888-4861",
      "subject_logon_id": "0xA6395",
      "new_logon_account": null,
      "new_logon_domain": null,
      "new_logon_security_id": null,
      "new_logon_logon_id": null,
      "target_account": null,
      "target_domain": null,
      "target_security_id": null,
      "logon_type": null,
      "elevated_token": null,
      "virtual_account": null,
      "restricted_admin_mode": null,
      "workstation_name": null,
      "source_network_address": null,
      "source_port": null,
      "process_name": "C:\\Windows\\System32\\mmc.exe",
      "failure_reason": null,
      "status": null,
      "substatus": null,
      "logon_process": null,
      "authentication_package": null,
      "privileges": [],
      "scenario_id": "ACCOUNT-CREATED-0042",
      "extra_new_account": "tempuser043",
      "extra_new_account_domain": "WS2022-LAB02",
      "extra_new_account_sid": "S-1-5-21-1843355061-959072039-615746888-4756"
    },
    {
      "event_id": 4720,
      "timestamp": "13/06/2026 18:12:27",
      "provider_name": "Microsoft-Windows-Security-Auditing",
      "machine_name": "WS2022-LAB02",
      "message": "A user account was created.",
      "subject_account": "opsadmin1",
      "subject_domain": "WS2022-LAB02",
      "subject_security_id": "S-1-5-21-1843355061-959072039-615746888-5328",
      "subject_logon_id": "0x2BBF5",
      "new_logon_account": null,
      "new_logon_domain": null,
      "new_logon_security_id": null,
      "new_logon_logon_id": null,
      "target_account": null,
      "target_domain": null,
      "target_security_id": null,
      "logon_type": null,
      "elevated_token": null,
      "virtual_account": null,
      "restricted_admin_mode": null,
      "workstation_name": null,
      "source_network_address": null,
      "source_port": null,
      "process_name": "C:\\Windows\\System32\\mmc.exe",
      "failure_reason": null,
      "status": null,
      "substatus": null,
      "logon_process": null,
      "authentication_package": null,
      "privileges": [],
      "scenario_id": "ACCOUNT-CREATED-0043",
      "extra_new_account": "tempuser044",
      "extra_new_account_domain": "WS2022-LAB02",
      "extra_new_account_sid": "S-1-5-21-1843355061-959072039-615746888-1977"
    },
    {
      "event_id": 4720,
      "timestamp": "13/06/2026 18:12:36",
      "provider_name": "Microsoft-Windows-Security-Auditing",
      "machine_name": "WS2022-LAB01",
      "message": "A user account was created.",
      "subject_account": "opsadmin1",
      "subject_domain": "WS2022-LAB01",
      "subject_security_id": "S-1-5-21-1843355061-959072039-615746888-3909",
      "subject_logon_id": "0xD6137",
      "new_logon_account": null,
      "new_logon_domain": null,
      "new_logon_security_id": null,
      "new_logon_logon_id": null,
      "target_account": null,
      "target_domain": null,
      "target_security_id": null,
      "logon_type": null,
      "elevated_token": null,
      "virtual_account": null,
      "restricted_admin_mode": null,
      "workstation_name": null,
      "source_network_address": null,
      "source_port": null,
      "process_name": "C:\\Windows\\System32\\mmc.exe",
      "failure_reason": null,
      "status": null,
      "substatus": null,
      "logon_process": null,
      "authentication_package": null,
      "privileges": [],
      "scenario_id": "ACCOUNT-CREATED-0044",
      "extra_new_account": "tempuser045",
      "extra_new_account_domain": "WS2022-LAB01",
      "extra_new_account_sid": "S-1-5-21-1843355061-959072039-615746888-6706"
    },
    {
      "event_id": 4720,
      "timestamp": "13/06/2026 18:12:58",
      "provider_name": "Microsoft-Windows-Security-Auditing",
      "machine_name": "WS2022-LAB01",
      "message": "A user account was created.",
      "subject_account": "opsadmin1",
      "subject_domain": "WS2022-LAB01",
      "subject_security_id": "S-1-5-21-1843355061-959072039-615746888-5429",
      "subject_logon_id": "0x7DCDA",
      "new_logon_account": null,
      "new_logon_domain": null,
      "new_logon_security_id": null,
      "new_logon_logon_id": null,
      "target_account": null,
      "target_domain": null,
      "target_security_id": null,
      "logon_type": null,
      "elevated_token": null,
      "virtual_account": null,
      "restricted_admin_mode": null,
      "workstation_name": null,
      "source_network_address": null,
      "source_port": null,
      "process_name": "C:\\Windows\\System32\\mmc.exe",
      "failure_reason": null,
      "status": null,
      "substatus": null,
      "logon_process": null,
      "authentication_package": null,
      "privileges": [],
      "scenario_id": "ACCOUNT-CREATED-0045",
      "extra_new_account": "tempuser046",
      "extra_new_account_domain": "WS2022-LAB01",
      "extra_new_account_sid": "S-1-5-21-1843355061-959072039-615746888-3380"
    },
    {
      "event_id": 4720,
      "timestamp": "13/06/2026 18:13:16",
      "provider_name": "Microsoft-Windows-Security-Auditing",
      "machine_name": "WIN-H96JM6F374S",
      "message": "A user account was created.",
      "subject_account": "labadmin",
      "subject_domain": "WIN-H96JM6F374S",
      "subject_security_id": "S-1-5-21-1843355061-959072039-615746888-2786",
      "subject_logon_id": "0xA334D",
      "new_logon_account": null,
      "new_logon_domain": null,
      "new_logon_security_id": null,
      "new_logon_logon_id": null,
      "target_account": null,
      "target_domain": null,
      "target_security_id": null,
      "logon_type": null,
      "elevated_token": null,
      "virtual_account": null,
      "restricted_admin_mode": null,
      "workstation_name": null,
      "source_network_address": null,
      "source_port": null,
      "process_name": "C:\\Windows\\System32\\mmc.exe",
      "failure_reason": null,
      "status": null,
      "substatus": null,
      "logon_process": null,
      "authentication_package": null,
      "privileges": [],
      "scenario_id": "ACCOUNT-CREATED-0046",
      "extra_new_account": "tempuser047",
      "extra_new_account_domain": "WIN-H96JM6F374S",
      "extra_new_account_sid": "S-1-5-21-1843355061-959072039-615746888-6783"
    },
    {
      "event_id": 4720,
      "timestamp": "13/06/2026 18:13:39",
      "provider_name": "Microsoft-Windows-Security-Auditing",
      "machine_name": "WS2022-LAB01",
      "message": "A user account was created.",
      "subject_account": "labadmin",
      "subject_domain": "WS2022-LAB01",
      "subject_security_id": "S-1-5-21-1843355061-959072039-615746888-9208",
      "subject_logon_id": "0x5E75E",
      "new_logon_account": null,
      "new_logon_domain": null,
      "new_logon_security_id": null,
      "new_logon_logon_id": null,
      "target_account": null,
      "target_domain": null,
      "target_security_id": null,
      "logon_type": null,
      "elevated_token": null,
      "virtual_account": null,
      "restricted_admin_mode": null,
      "workstation_name": null,
      "source_network_address": null,
      "source_port": null,
      "process_name": "C:\\Windows\\System32\\mmc.exe",
      "failure_reason": null,
      "status": null,
      "substatus": null,
      "logon_process": null,
      "authentication_package": null,
      "privileges": [],
      "scenario_id": "ACCOUNT-CREATED-0047",
      "extra_new_account": "tempuser048",
      "extra_new_account_domain": "WS2022-LAB01",
      "extra_new_account_sid": "S-1-5-21-1843355061-959072039-615746888-8594"
    },
    {
      "event_id": 4720,
      "timestamp": "13/06/2026 18:14:19",
      "provider_name": "Microsoft-Windows-Security-Auditing",
      "machine_name": "WS2022-LAB01",
      "message": "A user account was created.",
      "subject_account": "labadmin",
      "subject_domain": "WS2022-LAB01",
      "subject_security_id": "S-1-5-21-1843355061-959072039-615746888-1494",
      "subject_logon_id": "0x4C40B",
      "new_logon_account": null,
      "new_logon_domain": null,
      "new_logon_security_id": null,
      "new_logon_logon_id": null,
      "target_account": null,
      "target_domain": null,
      "target_security_id": null,
      "logon_type": null,
      "elevated_token": null,
      "virtual_account": null,
      "restricted_admin_mode": null,
      "workstation_name": null,
      "source_network_address": null,
      "source_port": null,
      "process_name": "C:\\Windows\\System32\\mmc.exe",
      "failure_reason": null,
      "status": null,
      "substatus": null,
      "logon_process": null,
      "authentication_package": null,
      "privileges": [],
      "scenario_id": "ACCOUNT-CREATED-0048",
      "extra_new_account": "tempuser049",
      "extra_new_account_domain": "WS2022-LAB01",
      "extra_new_account_sid": "S-1-5-21-1843355061-959072039-615746888-4978"
    },
    {
      "event_id": 4720,
      "timestamp": "13/06/2026 18:14:59",
      "provider_name": "Microsoft-Windows-Security-Auditing",
      "machine_name": "WS2022-LAB02",
      "message": "A user account was created.",
      "subject_account": "opsadmin1",
      "subject_domain": "WS2022-LAB02",
      "subject_security_id": "S-1-5-21-1843355061-959072039-615746888-5665",
      "subject_logon_id": "0x3F3D3",
      "new_logon_account": null,
      "new_logon_domain": null,
      "new_logon_security_id": null,
      "new_logon_logon_id": null,
      "target_account": null,
      "target_domain": null,
      "target_security_id": null,
      "logon_type": null,
      "elevated_token": null,
      "virtual_account": null,
      "restricted_admin_mode": null,
      "workstation_name": null,
      "source_network_address": null,
      "source_port": null,
      "process_name": "C:\\Windows\\System32\\mmc.exe",
      "failure_reason": null,
      "status": null,
      "substatus": null,
      "logon_process": null,
      "authentication_package": null,
      "privileges": [],
      "scenario_id": "ACCOUNT-CREATED-0049",
      "extra_new_account": "tempuser050",
      "extra_new_account_domain": "WS2022-LAB02",
      "extra_new_account_sid": "S-1-5-21-1843355061-959072039-615746888-1659"
    },
    {
      "event_id": 4720,
      "timestamp": "13/06/2026 18:15:26",
      "provider_name": "Microsoft-Windows-Security-Auditing",
      "machine_name": "WS2022-LAB02",
      "message": "A user account was created.",
      "subject_account": "opsadmin2",
      "subject_domain": "WS2022-LAB02",
      "subject_security_id": "S-1-5-21-1843355061-959072039-615746888-8453",
      "subject_logon_id": "0x2A455",
      "new_logon_account": null,
      "new_logon_domain": null,
      "new_logon_security_id": null,
      "new_logon_logon_id": null,
      "target_account": null,
      "target_domain": null,
      "target_security_id": null,
      "logon_type": null,
      "elevated_token": null,
      "virtual_account": null,
      "restricted_admin_mode": null,
      "workstation_name": null,
      "source_network_address": null,
      "source_port": null,
      "process_name": "C:\\Windows\\System32\\mmc.exe",
      "failure_reason": null,
      "status": null,
      "substatus": null,
      "logon_process": null,
      "authentication_package": null,
      "privileges": [],
      "scenario_id": "ACCOUNT-CREATED-0050",
      "extra_new_account": "tempuser051",
      "extra_new_account_domain": "WS2022-LAB02",
      "extra_new_account_sid": "S-1-5-21-1843355061-959072039-615746888-6972"
    },
    {
      "event_id": 4720,
      "timestamp": "13/06/2026 18:15:47",
      "provider_name": "Microsoft-Windows-Security-Auditing",
      "machine_name": "WIN-H96JM6F374S",
      "message": "A user account was created.",
      "subject_account": "opsadmin1",
      "subject_domain": "WIN-H96JM6F374S",
      "subject_security_id": "S-1-5-21-1843355061-959072039-615746888-4136",
      "subject_logon_id": "0x65536",
      "new_logon_account": null,
      "new_logon_domain": null,
      "new_logon_security_id": null,
      "new_logon_logon_id": null,
      "target_account": null,
      "target_domain": null,
      "target_security_id": null,
      "logon_type": null,
      "elevated_token": null,
      "virtual_account": null,
      "restricted_admin_mode": null,
      "workstation_name": null,
      "source_network_address": null,
      "source_port": null,
      "process_name": "C:\\Windows\\System32\\mmc.exe",
      "failure_reason": null,
      "status": null,
      "substatus": null,
      "logon_process": null,
      "authentication_package": null,
      "privileges": [],
      "scenario_id": "ACCOUNT-CREATED-0051",
      "extra_new_account": "tempuser052",
      "extra_new_account_domain": "WIN-H96JM6F374S",
      "extra_new_account_sid": "S-1-5-21-1843355061-959072039-615746888-2751"
    },
    {
      "event_id": 4720,
      "timestamp": "13/06/2026 18:16:20",
      "provider_name": "Microsoft-Windows-Security-Auditing",
      "machine_name": "WS2022-LAB01",
      "message": "A user account was created.",
      "subject_account": "labadmin",
      "subject_domain": "WS2022-LAB01",
      "subject_security_id": "S-1-5-21-1843355061-959072039-615746888-5641",
      "subject_logon_id": "0xC46A5",
      "new_logon_account": null,
      "new_logon_domain": null,
      "new_logon_security_id": null,
      "new_logon_logon_id": null,
      "target_account": null,
      "target_domain": null,
      "target_security_id": null,
      "logon_type": null,
      "elevated_token": null,
      "virtual_account": null,
      "restricted_admin_mode": null,
      "workstation_name": null,
      "source_network_address": null,
      "source_port": null,
      "process_name": "C:\\Windows\\System32\\mmc.exe",
      "failure_reason": null,
      "status": null,
      "substatus": null,
      "logon_process": null,
      "authentication_package": null,
      "privileges": [],
      "scenario_id": "ACCOUNT-CREATED-0052",
      "extra_new_account": "tempuser053",
      "extra_new_account_domain": "WS2022-LAB01",
      "extra_new_account_sid": "S-1-5-21-1843355061-959072039-615746888-7933"
    },
    {
      "event_id": 4720,
      "timestamp": "13/06/2026 18:16:38",
      "provider_name": "Microsoft-Windows-Security-Auditing",
      "machine_name": "WS2022-LAB01",
      "message": "A user account was created.",
      "subject_account": "opsadmin3",
      "subject_domain": "WS2022-LAB01",
      "subject_security_id": "S-1-5-21-1843355061-959072039-615746888-1254",
      "subject_logon_id": "0x73C56",
      "new_logon_account": null,
      "new_logon_domain": null,
      "new_logon_security_id": null,
      "new_logon_logon_id": null,
      "target_account": null,
      "target_domain": null,
      "target_security_id": null,
      "logon_type": null,
      "elevated_token": null,
      "virtual_account": null,
      "restricted_admin_mode": null,
      "workstation_name": null,
      "source_network_address": null,
      "source_port": null,
      "process_name": "C:\\Windows\\System32\\mmc.exe",
      "failure_reason": null,
      "status": null,
      "substatus": null,
      "logon_process": null,
      "authentication_package": null,
      "privileges": [],
      "scenario_id": "ACCOUNT-CREATED-0053",
      "extra_new_account": "tempuser054",
      "extra_new_account_domain": "WS2022-LAB01",
      "extra_new_account_sid": "S-1-5-21-1843355061-959072039-615746888-1785"
    },
    {
      "event_id": 4720,
      "timestamp": "13/06/2026 18:17:21",
      "provider_name": "Microsoft-Windows-Security-Auditing",
      "machine_name": "WIN-H96JM6F374S",
      "message": "A user account was created.",
      "subject_account": "opsadmin1",
      "subject_domain": "WIN-H96JM6F374S",
      "subject_security_id": "S-1-5-21-1843355061-959072039-615746888-5463",
      "subject_logon_id": "0xAAA4D",
      "new_logon_account": null,
      "new_logon_domain": null,
      "new_logon_security_id": null,
      "new_logon_logon_id": null,
      "target_account": null,
      "target_domain": null,
      "target_security_id": null,
      "logon_type": null,
      "elevated_token": null,
      "virtual_account": null,
      "restricted_admin_mode": null,
      "workstation_name": null,
      "source_network_address": null,
      "source_port": null,
      "process_name": "C:\\Windows\\System32\\mmc.exe",
      "failure_reason": null,
      "status": null,
      "substatus": null,
      "logon_process": null,
      "authentication_package": null,
      "privileges": [],
      "scenario_id": "ACCOUNT-CREATED-0054",
      "extra_new_account": "tempuser055",
      "extra_new_account_domain": "WIN-H96JM6F374S",
      "extra_new_account_sid": "S-1-5-21-1843355061-959072039-615746888-8348"
    },
