TimeCreated  : 13/06/2026 15:36:12
Id           : 4625
ProviderName : Microsoft-Windows-Security-Auditing
MachineName  : WS2022-LAB02
Message      : An account failed to log on.

               Subject:
               	Security ID:		S-1-5-18
               	Account Name:		WS2022-LAB02$
               	Account Domain:		WORKGROUP
               	Logon ID:		0x3E7

               Logon Type:			2

               Account For Which Logon Failed:
               	Security ID:		S-1-5-21-1843355061-959072039-615746888-5136
               	Account Name:		testuser12
               	Account Domain:		WS2022-LAB02

               Failure Information:
               	Failure Reason:		Unknown user name or bad password.
               	Status:		0xC000006D
               	Sub Status:		0xC0000064

               Process Information:
               	Caller Process Name:		C:\Windows\System32\svchost.exe

               Network Information:
               	Workstation Name:		WS2022-LAB02
               	Source Network Address:		192.168.56.96
               	Source Port:		41837

TimeCreated  : 13/06/2026 15:36:19
Id           : 4625
ProviderName : Microsoft-Windows-Security-Auditing
MachineName  : WS2022-LAB02
Message      : An account failed to log on.

               Subject:
               	Security ID:		S-1-5-18
               	Account Name:		WS2022-LAB02$
               	Account Domain:		WORKGROUP
               	Logon ID:		0x3E7

               Logon Type:			2

               Account For Which Logon Failed:
               	Security ID:		S-1-5-21-1843355061-959072039-615746888-4356
               	Account Name:		testuser5
               	Account Domain:		WS2022-LAB02

               Failure Information:
               	Failure Reason:		Unknown user name or bad password.
               	Status:		0xC000006D
               	Sub Status:		0xC000006A

               Process Information:
               	Caller Process Name:		C:\Windows\System32\svchost.exe

               Network Information:
               	Workstation Name:		WS2022-LAB02
               	Source Network Address:		10.0.0.59
               	Source Port:		41199

TimeCreated  : 13/06/2026 15:36:42
Id           : 4625
ProviderName : Microsoft-Windows-Security-Auditing
MachineName  : WS2022-LAB01
Message      : An account failed to log on.

               Subject:
               	Security ID:		S-1-5-18
               	Account Name:		WS2022-LAB01$
               	Account Domain:		WORKGROUP
               	Logon ID:		0x3E7

               Logon Type:			2

               Account For Which Logon Failed:
               	Security ID:		S-1-5-21-1843355061-959072039-615746888-6753
               	Account Name:		testuser12
               	Account Domain:		WS2022-LAB01

               Failure Information:
               	Failure Reason:		Unknown user name or bad password.
               	Status:		0xC000006D
               	Sub Status:		0xC000006A

               Process Information:
               	Caller Process Name:		C:\Windows\System32\svchost.exe

               Network Information:
               	Workstation Name:		WS2022-LAB01
               	Source Network Address:		192.168.56.247
               	Source Port:		15358

TimeCreated  : 13/06/2026 15:37:06
Id           : 4625
ProviderName : Microsoft-Windows-Security-Auditing
MachineName  : WS2022-LAB01
Message      : An account failed to log on.

               Subject:
               	Security ID:		S-1-5-18
               	Account Name:		WS2022-LAB01$
               	Account Domain:		WORKGROUP
               	Logon ID:		0x3E7

               Logon Type:			2

               Account For Which Logon Failed:
               	Security ID:		S-1-5-21-1843355061-959072039-615746888-9264
               	Account Name:		testuser10
               	Account Domain:		WS2022-LAB01

               Failure Information:
               	Failure Reason:		User not allowed to log on at this computer.
               	Status:		0xC000006E
               	Sub Status:		0x0

               Process Information:
               	Caller Process Name:		C:\Windows\System32\svchost.exe

               Network Information:
               	Workstation Name:		WS2022-LAB01
               	Source Network Address:		192.168.56.138
               	Source Port:		35451

TimeCreated  : 13/06/2026 15:37:49
Id           : 4625
ProviderName : Microsoft-Windows-Security-Auditing
MachineName  : WS2022-LAB02
Message      : An account failed to log on.

               Subject:
               	Security ID:		S-1-5-18
               	Account Name:		WS2022-LAB02$
               	Account Domain:		WORKGROUP
               	Logon ID:		0x3E7

               Logon Type:			2

               Account For Which Logon Failed:
               	Security ID:		S-1-5-21-1843355061-959072039-615746888-6751
               	Account Name:		testuser1
               	Account Domain:		WS2022-LAB02

               Failure Information:
               	Failure Reason:		User not allowed to log on at this computer.
               	Status:		0xC000006E
               	Sub Status:		0x0

               Process Information:
               	Caller Process Name:		C:\Windows\System32\svchost.exe

               Network Information:
               	Workstation Name:		WS2022-LAB02
               	Source Network Address:		172.16.10.43
               	Source Port:		58140

TimeCreated  : 13/06/2026 15:38:32
Id           : 4625
ProviderName : Microsoft-Windows-Security-Auditing
MachineName  : WS2022-LAB01
Message      : An account failed to log on.

               Subject:
               	Security ID:		S-1-5-18
               	Account Name:		WS2022-LAB01$
               	Account Domain:		WORKGROUP
               	Logon ID:		0x3E7

               Logon Type:			2

               Account For Which Logon Failed:
               	Security ID:		S-1-5-21-1843355061-959072039-615746888-5275
               	Account Name:		testuser8
               	Account Domain:		WS2022-LAB01

               Failure Information:
               	Failure Reason:		User not allowed to log on at this computer.
               	Status:		0xC000006E
               	Sub Status:		0x0

               Process Information:
               	Caller Process Name:		C:\Windows\System32\svchost.exe

               Network Information:
               	Workstation Name:		WS2022-LAB01
               	Source Network Address:		172.16.10.120
               	Source Port:		34677

TimeCreated  : 13/06/2026 15:38:49
Id           : 4625
ProviderName : Microsoft-Windows-Security-Auditing
MachineName  : WS2022-LAB01
Message      : An account failed to log on.

               Subject:
               	Security ID:		S-1-5-18
               	Account Name:		WS2022-LAB01$
               	Account Domain:		WORKGROUP
               	Logon ID:		0x3E7

               Logon Type:			2

               Account For Which Logon Failed:
               	Security ID:		S-1-5-21-1843355061-959072039-615746888-5470
               	Account Name:		testuser20
               	Account Domain:		WS2022-LAB01

               Failure Information:
               	Failure Reason:		User not allowed to log on at this computer.
               	Status:		0xC000006E
               	Sub Status:		0x0

               Process Information:
               	Caller Process Name:		C:\Windows\System32\svchost.exe

               Network Information:
               	Workstation Name:		WS2022-LAB01
               	Source Network Address:		172.16.10.51
               	Source Port:		64726

TimeCreated  : 13/06/2026 15:39:07
Id           : 4625
ProviderName : Microsoft-Windows-Security-Auditing
MachineName  : WS2022-LAB01
Message      : An account failed to log on.

               Subject:
               	Security ID:		S-1-5-18
               	Account Name:		WS2022-LAB01$
               	Account Domain:		WORKGROUP
               	Logon ID:		0x3E7

               Logon Type:			2

               Account For Which Logon Failed:
               	Security ID:		S-1-5-21-1843355061-959072039-615746888-6645
               	Account Name:		testuser3
               	Account Domain:		WS2022-LAB01

               Failure Information:
               	Failure Reason:		User not allowed to log on at this computer.
               	Status:		0xC000006E
               	Sub Status:		0x0

               Process Information:
               	Caller Process Name:		C:\Windows\System32\svchost.exe

               Network Information:
               	Workstation Name:		WS2022-LAB01
               	Source Network Address:		172.16.10.178
               	Source Port:		45850

TimeCreated  : 13/06/2026 15:39:39
Id           : 4625
ProviderName : Microsoft-Windows-Security-Auditing
MachineName  : WIN-H96JM6F374S
Message      : An account failed to log on.

               Subject:
               	Security ID:		S-1-5-18
               	Account Name:		WIN-H96JM6F374S$
               	Account Domain:		WORKGROUP
               	Logon ID:		0x3E7

               Logon Type:			2

               Account For Which Logon Failed:
               	Security ID:		S-1-5-21-1843355061-959072039-615746888-5791
               	Account Name:		testuser12
               	Account Domain:		WIN-H96JM6F374S

               Failure Information:
               	Failure Reason:		User not allowed to log on at this computer.
               	Status:		0xC000006E
               	Sub Status:		0x0

               Process Information:
               	Caller Process Name:		C:\Windows\System32\svchost.exe

               Network Information:
               	Workstation Name:		WIN-H96JM6F374S
               	Source Network Address:		192.168.56.172
               	Source Port:		16667

TimeCreated  : 13/06/2026 15:39:55
Id           : 4625
ProviderName : Microsoft-Windows-Security-Auditing
MachineName  : WS2022-LAB01
Message      : An account failed to log on.

               Subject:
               	Security ID:		S-1-5-18
               	Account Name:		WS2022-LAB01$
               	Account Domain:		WORKGROUP
               	Logon ID:		0x3E7

               Logon Type:			2

               Account For Which Logon Failed:
               	Security ID:		S-1-5-21-1843355061-959072039-615746888-4984
               	Account Name:		testuser1
               	Account Domain:		WS2022-LAB01

               Failure Information:
               	Failure Reason:		Unknown user name or bad password.
               	Status:		0xC000006D
               	Sub Status:		0xC000006A

               Process Information:
               	Caller Process Name:		C:\Windows\System32\svchost.exe

               Network Information:
               	Workstation Name:		WS2022-LAB01
               	Source Network Address:		192.168.56.127
               	Source Port:		26754

TimeCreated  : 13/06/2026 15:40:10
Id           : 4625
ProviderName : Microsoft-Windows-Security-Auditing
MachineName  : WIN-H96JM6F374S
Message      : An account failed to log on.

               Subject:
               	Security ID:		S-1-5-18
               	Account Name:		WIN-H96JM6F374S$
               	Account Domain:		WORKGROUP
               	Logon ID:		0x3E7

               Logon Type:			2

               Account For Which Logon Failed:
               	Security ID:		S-1-5-21-1843355061-959072039-615746888-8163
               	Account Name:		testuser1
               	Account Domain:		WIN-H96JM6F374S

               Failure Information:
               	Failure Reason:		Unknown user name or bad password.
               	Status:		0xC000006D
               	Sub Status:		0xC000006A

               Process Information:
               	Caller Process Name:		C:\Windows\System32\svchost.exe

               Network Information:
               	Workstation Name:		WIN-H96JM6F374S
               	Source Network Address:		172.16.10.197
               	Source Port:		21635

TimeCreated  : 13/06/2026 15:40:36
Id           : 4625
ProviderName : Microsoft-Windows-Security-Auditing
MachineName  : WS2022-LAB01
Message      : An account failed to log on.

               Subject:
               	Security ID:		S-1-5-18
               	Account Name:		WS2022-LAB01$
               	Account Domain:		WORKGROUP
               	Logon ID:		0x3E7

               Logon Type:			2

               Account For Which Logon Failed:
               	Security ID:		S-1-5-21-1843355061-959072039-615746888-7400
               	Account Name:		testuser10
               	Account Domain:		WS2022-LAB01

               Failure Information:
               	Failure Reason:		User not allowed to log on at this computer.
               	Status:		0xC000006E
               	Sub Status:		0x0

               Process Information:
               	Caller Process Name:		C:\Windows\System32\svchost.exe

               Network Information:
               	Workstation Name:		WS2022-LAB01
               	Source Network Address:		172.16.10.91
               	Source Port:		44409

TimeCreated  : 13/06/2026 15:41:08
Id           : 4625
ProviderName : Microsoft-Windows-Security-Auditing
MachineName  : WIN-H96JM6F374S
Message      : An account failed to log on.

               Subject:
               	Security ID:		S-1-5-18
               	Account Name:		WIN-H96JM6F374S$
               	Account Domain:		WORKGROUP
               	Logon ID:		0x3E7

               Logon Type:			2

               Account For Which Logon Failed:
               	Security ID:		S-1-5-21-1843355061-959072039-615746888-6514
               	Account Name:		testuser15
               	Account Domain:		WIN-H96JM6F374S

               Failure Information:
               	Failure Reason:		Unknown user name or bad password.
               	Status:		0xC000006D
               	Sub Status:		0xC000006A

               Process Information:
               	Caller Process Name:		C:\Windows\System32\svchost.exe

               Network Information:
               	Workstation Name:		WIN-H96JM6F374S
               	Source Network Address:		172.16.10.44
               	Source Port:		57747

TimeCreated  : 13/06/2026 15:41:25
Id           : 4625
ProviderName : Microsoft-Windows-Security-Auditing
MachineName  : WS2022-LAB02
Message      : An account failed to log on.

               Subject:
               	Security ID:		S-1-5-18
               	Account Name:		WS2022-LAB02$
               	Account Domain:		WORKGROUP
               	Logon ID:		0x3E7

               Logon Type:			2

               Account For Which Logon Failed:
               	Security ID:		S-1-5-21-1843355061-959072039-615746888-5865
               	Account Name:		testuser13
               	Account Domain:		WS2022-LAB02

               Failure Information:
               	Failure Reason:		User not allowed to log on at this computer.
               	Status:		0xC000006E
               	Sub Status:		0x0

               Process Information:
               	Caller Process Name:		C:\Windows\System32\svchost.exe

               Network Information:
               	Workstation Name:		WS2022-LAB02
               	Source Network Address:		192.168.56.185
               	Source Port:		48923

TimeCreated  : 13/06/2026 15:41:44
Id           : 4625
ProviderName : Microsoft-Windows-Security-Auditing
MachineName  : WS2022-LAB02
Message      : An account failed to log on.

               Subject:
               	Security ID:		S-1-5-18
               	Account Name:		WS2022-LAB02$
               	Account Domain:		WORKGROUP
               	Logon ID:		0x3E7

               Logon Type:			2

               Account For Which Logon Failed:
               	Security ID:		S-1-5-21-1843355061-959072039-615746888-4941
               	Account Name:		testuser2
               	Account Domain:		WS2022-LAB02

               Failure Information:
               	Failure Reason:		User not allowed to log on at this computer.
               	Status:		0xC000006E
               	Sub Status:		0x0

               Process Information:
               	Caller Process Name:		C:\Windows\System32\svchost.exe

               Network Information:
               	Workstation Name:		WS2022-LAB02
               	Source Network Address:		172.16.10.163
               	Source Port:		12916

TimeCreated  : 13/06/2026 15:42:00
Id           : 4625
ProviderName : Microsoft-Windows-Security-Auditing
MachineName  : WS2022-LAB02
Message      : An account failed to log on.

               Subject:
               	Security ID:		S-1-5-18
               	Account Name:		WS2022-LAB02$
               	Account Domain:		WORKGROUP
               	Logon ID:		0x3E7

               Logon Type:			2

               Account For Which Logon Failed:
               	Security ID:		S-1-5-21-1843355061-959072039-615746888-3060
               	Account Name:		testuser14
               	Account Domain:		WS2022-LAB02

               Failure Information:
               	Failure Reason:		Unknown user name or bad password.
               	Status:		0xC000006D
               	Sub Status:		0xC000006A

               Process Information:
               	Caller Process Name:		C:\Windows\System32\svchost.exe

               Network Information:
               	Workstation Name:		WS2022-LAB02
               	Source Network Address:		172.16.10.64
               	Source Port:		22257

TimeCreated  : 13/06/2026 15:42:17
Id           : 4625
ProviderName : Microsoft-Windows-Security-Auditing
MachineName  : WS2022-LAB01
Message      : An account failed to log on.

               Subject:
               	Security ID:		S-1-5-18
               	Account Name:		WS2022-LAB01$
               	Account Domain:		WORKGROUP
               	Logon ID:		0x3E7

               Logon Type:			2

               Account For Which Logon Failed:
               	Security ID:		S-1-5-21-1843355061-959072039-615746888-9608
               	Account Name:		testuser16
               	Account Domain:		WS2022-LAB01

               Failure Information:
               	Failure Reason:		Unknown user name or bad password.
               	Status:		0xC000006D
               	Sub Status:		0xC0000064

               Process Information:
               	Caller Process Name:		C:\Windows\System32\svchost.exe

               Network Information:
               	Workstation Name:		WS2022-LAB01
               	Source Network Address:		172.16.10.12
               	Source Port:		10333

TimeCreated  : 13/06/2026 15:42:40
Id           : 4625
ProviderName : Microsoft-Windows-Security-Auditing
MachineName  : WIN-H96JM6F374S
Message      : An account failed to log on.

               Subject:
               	Security ID:		S-1-5-18
               	Account Name:		WIN-H96JM6F374S$
               	Account Domain:		WORKGROUP
               	Logon ID:		0x3E7

               Logon Type:			2

               Account For Which Logon Failed:
               	Security ID:		S-1-5-21-1843355061-959072039-615746888-7571
               	Account Name:		testuser18
               	Account Domain:		WIN-H96JM6F374S

               Failure Information:
               	Failure Reason:		Unknown user name or bad password.
               	Status:		0xC000006D
               	Sub Status:		0xC000006A

               Process Information:
               	Caller Process Name:		C:\Windows\System32\svchost.exe

               Network Information:
               	Workstation Name:		WIN-H96JM6F374S
               	Source Network Address:		172.16.10.59
               	Source Port:		45341

TimeCreated  : 13/06/2026 15:43:01
Id           : 4625
ProviderName : Microsoft-Windows-Security-Auditing
MachineName  : WS2022-LAB02
Message      : An account failed to log on.

               Subject:
               	Security ID:		S-1-5-18
               	Account Name:		WS2022-LAB02$
               	Account Domain:		WORKGROUP
               	Logon ID:		0x3E7

               Logon Type:			2

               Account For Which Logon Failed:
               	Security ID:		S-1-5-21-1843355061-959072039-615746888-8171
               	Account Name:		testuser6
               	Account Domain:		WS2022-LAB02

               Failure Information:
               	Failure Reason:		User not allowed to log on at this computer.
               	Status:		0xC000006E
               	Sub Status:		0x0

               Process Information:
               	Caller Process Name:		C:\Windows\System32\svchost.exe

               Network Information:
               	Workstation Name:		WS2022-LAB02
               	Source Network Address:		192.168.56.25
               	Source Port:		54792

TimeCreated  : 13/06/2026 15:43:09
Id           : 4625
ProviderName : Microsoft-Windows-Security-Auditing
MachineName  : WIN-H96JM6F374S
Message      : An account failed to log on.

               Subject:
               	Security ID:		S-1-5-18
               	Account Name:		WIN-H96JM6F374S$
               	Account Domain:		WORKGROUP
               	Logon ID:		0x3E7

               Logon Type:			2

               Account For Which Logon Failed:
               	Security ID:		S-1-5-21-1843355061-959072039-615746888-1594
               	Account Name:		testuser7
               	Account Domain:		WIN-H96JM6F374S

               Failure Information:
               	Failure Reason:		Unknown user name or bad password.
               	Status:		0xC000006D
               	Sub Status:		0xC000006A

               Process Information:
               	Caller Process Name:		C:\Windows\System32\svchost.exe

               Network Information:
               	Workstation Name:		WIN-H96JM6F374S
               	Source Network Address:		192.168.56.121
               	Source Port:		54454

TimeCreated  : 13/06/2026 15:43:16
Id           : 4625
ProviderName : Microsoft-Windows-Security-Auditing
MachineName  : WIN-H96JM6F374S
Message      : An account failed to log on.

               Subject:
               	Security ID:		S-1-5-18
               	Account Name:		WIN-H96JM6F374S$
               	Account Domain:		WORKGROUP
               	Logon ID:		0x3E7

               Logon Type:			2

               Account For Which Logon Failed:
               	Security ID:		S-1-5-21-1843355061-959072039-615746888-4779
               	Account Name:		testuser10
               	Account Domain:		WIN-H96JM6F374S

               Failure Information:
               	Failure Reason:		Unknown user name or bad password.
               	Status:		0xC000006D
               	Sub Status:		0xC000006A

               Process Information:
               	Caller Process Name:		C:\Windows\System32\svchost.exe

               Network Information:
               	Workstation Name:		WIN-H96JM6F374S
               	Source Network Address:		10.0.0.139
               	Source Port:		27615

TimeCreated  : 13/06/2026 15:43:55
Id           : 4625
ProviderName : Microsoft-Windows-Security-Auditing
MachineName  : WS2022-LAB01
Message      : An account failed to log on.

               Subject:
               	Security ID:		S-1-5-18
               	Account Name:		WS2022-LAB01$
               	Account Domain:		WORKGROUP
               	Logon ID:		0x3E7

               Logon Type:			2

               Account For Which Logon Failed:
               	Security ID:		S-1-5-21-1843355061-959072039-615746888-3430
               	Account Name:		testuser12
               	Account Domain:		WS2022-LAB01

               Failure Information:
               	Failure Reason:		Unknown user name or bad password.
               	Status:		0xC000006D
               	Sub Status:		0xC000006A

               Process Information:
               	Caller Process Name:		C:\Windows\System32\svchost.exe

               Network Information:
               	Workstation Name:		WS2022-LAB01
               	Source Network Address:		172.16.10.64
               	Source Port:		24120

TimeCreated  : 13/06/2026 15:44:24
Id           : 4625
ProviderName : Microsoft-Windows-Security-Auditing
MachineName  : WIN-H96JM6F374S
Message      : An account failed to log on.

               Subject:
               	Security ID:		S-1-5-18
               	Account Name:		WIN-H96JM6F374S$
               	Account Domain:		WORKGROUP
               	Logon ID:		0x3E7

               Logon Type:			2

               Account For Which Logon Failed:
               	Security ID:		S-1-5-21-1843355061-959072039-615746888-7738
               	Account Name:		testuser17
               	Account Domain:		WIN-H96JM6F374S

               Failure Information:
               	Failure Reason:		Unknown user name or bad password.
               	Status:		0xC000006D
               	Sub Status:		0xC000006A

               Process Information:
               	Caller Process Name:		C:\Windows\System32\svchost.exe

               Network Information:
               	Workstation Name:		WIN-H96JM6F374S
               	Source Network Address:		172.16.10.85
               	Source Port:		30345

TimeCreated  : 13/06/2026 15:45:06
Id           : 4625
ProviderName : Microsoft-Windows-Security-Auditing
MachineName  : WS2022-LAB01
Message      : An account failed to log on.

               Subject:
               	Security ID:		S-1-5-18
               	Account Name:		WS2022-LAB01$
               	Account Domain:		WORKGROUP
               	Logon ID:		0x3E7

               Logon Type:			2

               Account For Which Logon Failed:
               	Security ID:		S-1-5-21-1843355061-959072039-615746888-8237
               	Account Name:		testuser17
               	Account Domain:		WS2022-LAB01

               Failure Information:
               	Failure Reason:		User not allowed to log on at this computer.
               	Status:		0xC000006E
               	Sub Status:		0x0

               Process Information:
               	Caller Process Name:		C:\Windows\System32\svchost.exe

               Network Information:
               	Workstation Name:		WS2022-LAB01
               	Source Network Address:		192.168.56.192
               	Source Port:		27816

TimeCreated  : 13/06/2026 15:45:48
Id           : 4625
ProviderName : Microsoft-Windows-Security-Auditing
MachineName  : WS2022-LAB01
Message      : An account failed to log on.

               Subject:
               	Security ID:		S-1-5-18
               	Account Name:		WS2022-LAB01$
               	Account Domain:		WORKGROUP
               	Logon ID:		0x3E7

               Logon Type:			2

               Account For Which Logon Failed:
               	Security ID:		S-1-5-21-1843355061-959072039-615746888-4760
               	Account Name:		testuser17
               	Account Domain:		WS2022-LAB01

               Failure Information:
               	Failure Reason:		Unknown user name or bad password.
               	Status:		0xC000006D
               	Sub Status:		0xC0000064

               Process Information:
               	Caller Process Name:		C:\Windows\System32\svchost.exe

               Network Information:
               	Workstation Name:		WS2022-LAB01
               	Source Network Address:		172.16.10.77
               	Source Port:		27967

TimeCreated  : 13/06/2026 15:46:12
Id           : 4625
ProviderName : Microsoft-Windows-Security-Auditing
MachineName  : WIN-H96JM6F374S
Message      : An account failed to log on.

               Subject:
               	Security ID:		S-1-5-18
               	Account Name:		WIN-H96JM6F374S$
               	Account Domain:		WORKGROUP
               	Logon ID:		0x3E7

               Logon Type:			2

               Account For Which Logon Failed:
               	Security ID:		S-1-5-21-1843355061-959072039-615746888-1623
               	Account Name:		testuser2
               	Account Domain:		WIN-H96JM6F374S

               Failure Information:
               	Failure Reason:		User not allowed to log on at this computer.
               	Status:		0xC000006E
               	Sub Status:		0x0

               Process Information:
               	Caller Process Name:		C:\Windows\System32\svchost.exe

               Network Information:
               	Workstation Name:		WIN-H96JM6F374S
               	Source Network Address:		172.16.10.119
               	Source Port:		12632

TimeCreated  : 13/06/2026 15:46:55
Id           : 4625
ProviderName : Microsoft-Windows-Security-Auditing
MachineName  : WS2022-LAB01
Message      : An account failed to log on.

               Subject:
               	Security ID:		S-1-5-18
               	Account Name:		WS2022-LAB01$
               	Account Domain:		WORKGROUP
               	Logon ID:		0x3E7

               Logon Type:			2

               Account For Which Logon Failed:
               	Security ID:		S-1-5-21-1843355061-959072039-615746888-6598
               	Account Name:		testuser10
               	Account Domain:		WS2022-LAB01

               Failure Information:
               	Failure Reason:		Unknown user name or bad password.
               	Status:		0xC000006D
               	Sub Status:		0xC000006A

               Process Information:
               	Caller Process Name:		C:\Windows\System32\svchost.exe

               Network Information:
               	Workstation Name:		WS2022-LAB01
               	Source Network Address:		10.0.0.177
               	Source Port:		5252

TimeCreated  : 13/06/2026 15:47:06
Id           : 4625
ProviderName : Microsoft-Windows-Security-Auditing
MachineName  : WS2022-LAB02
Message      : An account failed to log on.

               Subject:
               	Security ID:		S-1-5-18
               	Account Name:		WS2022-LAB02$
               	Account Domain:		WORKGROUP
               	Logon ID:		0x3E7

               Logon Type:			2

               Account For Which Logon Failed:
               	Security ID:		S-1-5-21-1843355061-959072039-615746888-4803
               	Account Name:		testuser2
               	Account Domain:		WS2022-LAB02

               Failure Information:
               	Failure Reason:		Unknown user name or bad password.
               	Status:		0xC000006D
               	Sub Status:		0xC0000064

               Process Information:
               	Caller Process Name:		C:\Windows\System32\svchost.exe

               Network Information:
               	Workstation Name:		WS2022-LAB02
               	Source Network Address:		172.16.10.119
               	Source Port:		55945

TimeCreated  : 13/06/2026 15:47:24
Id           : 4625
ProviderName : Microsoft-Windows-Security-Auditing
MachineName  : WIN-H96JM6F374S
Message      : An account failed to log on.

               Subject:
               	Security ID:		S-1-5-18
               	Account Name:		WIN-H96JM6F374S$
               	Account Domain:		WORKGROUP
               	Logon ID:		0x3E7

               Logon Type:			2

               Account For Which Logon Failed:
               	Security ID:		S-1-5-21-1843355061-959072039-615746888-9550
               	Account Name:		testuser11
               	Account Domain:		WIN-H96JM6F374S

               Failure Information:
               	Failure Reason:		Unknown user name or bad password.
               	Status:		0xC000006D
               	Sub Status:		0xC000006A

               Process Information:
               	Caller Process Name:		C:\Windows\System32\svchost.exe

               Network Information:
               	Workstation Name:		WIN-H96JM6F374S
               	Source Network Address:		192.168.56.252
               	Source Port:		45767

TimeCreated  : 13/06/2026 15:47:52
Id           : 4625
ProviderName : Microsoft-Windows-Security-Auditing
MachineName  : WIN-H96JM6F374S
Message      : An account failed to log on.

               Subject:
               	Security ID:		S-1-5-18
               	Account Name:		WIN-H96JM6F374S$
               	Account Domain:		WORKGROUP
               	Logon ID:		0x3E7

               Logon Type:			2

               Account For Which Logon Failed:
               	Security ID:		S-1-5-21-1843355061-959072039-615746888-5942
               	Account Name:		testuser4
               	Account Domain:		WIN-H96JM6F374S

               Failure Information:
               	Failure Reason:		Unknown user name or bad password.
               	Status:		0xC000006D
               	Sub Status:		0xC000006A

               Process Information:
               	Caller Process Name:		C:\Windows\System32\svchost.exe

               Network Information:
               	Workstation Name:		WIN-H96JM6F374S
               	Source Network Address:		10.0.0.212
               	Source Port:		37679

TimeCreated  : 13/06/2026 15:48:30
Id           : 4625
ProviderName : Microsoft-Windows-Security-Auditing
MachineName  : WS2022-LAB01
Message      : An account failed to log on.

               Subject:
               	Security ID:		S-1-5-18
               	Account Name:		WS2022-LAB01$
               	Account Domain:		WORKGROUP
               	Logon ID:		0x3E7

               Logon Type:			2

               Account For Which Logon Failed:
               	Security ID:		S-1-5-21-1843355061-959072039-615746888-5401
               	Account Name:		testuser16
               	Account Domain:		WS2022-LAB01

               Failure Information:
               	Failure Reason:		User not allowed to log on at this computer.
               	Status:		0xC000006E
               	Sub Status:		0x0

               Process Information:
               	Caller Process Name:		C:\Windows\System32\svchost.exe

               Network Information:
               	Workstation Name:		WS2022-LAB01
               	Source Network Address:		172.16.10.220
               	Source Port:		44851

TimeCreated  : 13/06/2026 15:48:40
Id           : 4625
ProviderName : Microsoft-Windows-Security-Auditing
MachineName  : WIN-H96JM6F374S
Message      : An account failed to log on.

               Subject:
               	Security ID:		S-1-5-18
               	Account Name:		WIN-H96JM6F374S$
               	Account Domain:		WORKGROUP
               	Logon ID:		0x3E7

               Logon Type:			2

               Account For Which Logon Failed:
               	Security ID:		S-1-5-21-1843355061-959072039-615746888-4109
               	Account Name:		testuser18
               	Account Domain:		WIN-H96JM6F374S

               Failure Information:
               	Failure Reason:		Unknown user name or bad password.
               	Status:		0xC000006D
               	Sub Status:		0xC0000064

               Process Information:
               	Caller Process Name:		C:\Windows\System32\svchost.exe

               Network Information:
               	Workstation Name:		WIN-H96JM6F374S
               	Source Network Address:		192.168.56.14
               	Source Port:		38432

TimeCreated  : 13/06/2026 15:49:04
Id           : 4625
ProviderName : Microsoft-Windows-Security-Auditing
MachineName  : WS2022-LAB01
Message      : An account failed to log on.

               Subject:
               	Security ID:		S-1-5-18
               	Account Name:		WS2022-LAB01$
               	Account Domain:		WORKGROUP
               	Logon ID:		0x3E7

               Logon Type:			2

               Account For Which Logon Failed:
               	Security ID:		S-1-5-21-1843355061-959072039-615746888-9754
               	Account Name:		testuser18
               	Account Domain:		WS2022-LAB01

               Failure Information:
               	Failure Reason:		User not allowed to log on at this computer.
               	Status:		0xC000006E
               	Sub Status:		0x0

               Process Information:
               	Caller Process Name:		C:\Windows\System32\svchost.exe

               Network Information:
               	Workstation Name:		WS2022-LAB01
               	Source Network Address:		192.168.56.132
               	Source Port:		39093

TimeCreated  : 13/06/2026 15:49:42
Id           : 4625
ProviderName : Microsoft-Windows-Security-Auditing
MachineName  : WS2022-LAB02
Message      : An account failed to log on.

               Subject:
               	Security ID:		S-1-5-18
               	Account Name:		WS2022-LAB02$
               	Account Domain:		WORKGROUP
               	Logon ID:		0x3E7

               Logon Type:			2

               Account For Which Logon Failed:
               	Security ID:		S-1-5-21-1843355061-959072039-615746888-8219
               	Account Name:		testuser1
               	Account Domain:		WS2022-LAB02

               Failure Information:
               	Failure Reason:		User not allowed to log on at this computer.
               	Status:		0xC000006E
               	Sub Status:		0x0

               Process Information:
               	Caller Process Name:		C:\Windows\System32\svchost.exe

               Network Information:
               	Workstation Name:		WS2022-LAB02
               	Source Network Address:		10.0.0.59
               	Source Port:		36706

TimeCreated  : 13/06/2026 15:50:23
Id           : 4625
ProviderName : Microsoft-Windows-Security-Auditing
MachineName  : WS2022-LAB02
Message      : An account failed to log on.

               Subject:
               	Security ID:		S-1-5-18
               	Account Name:		WS2022-LAB02$
               	Account Domain:		WORKGROUP
               	Logon ID:		0x3E7

               Logon Type:			2

               Account For Which Logon Failed:
               	Security ID:		S-1-5-21-1843355061-959072039-615746888-4413
               	Account Name:		testuser4
               	Account Domain:		WS2022-LAB02

               Failure Information:
               	Failure Reason:		Unknown user name or bad password.
               	Status:		0xC000006D
               	Sub Status:		0xC000006A

               Process Information:
               	Caller Process Name:		C:\Windows\System32\svchost.exe

               Network Information:
               	Workstation Name:		WS2022-LAB02
               	Source Network Address:		172.16.10.10
               	Source Port:		45048

TimeCreated  : 13/06/2026 15:51:00
Id           : 4625
ProviderName : Microsoft-Windows-Security-Auditing
MachineName  : WIN-H96JM6F374S
Message      : An account failed to log on.

               Subject:
               	Security ID:		S-1-5-18
               	Account Name:		WIN-H96JM6F374S$
               	Account Domain:		WORKGROUP
               	Logon ID:		0x3E7

               Logon Type:			2

               Account For Which Logon Failed:
               	Security ID:		S-1-5-21-1843355061-959072039-615746888-4204
               	Account Name:		testuser14
               	Account Domain:		WIN-H96JM6F374S

               Failure Information:
               	Failure Reason:		Unknown user name or bad password.
               	Status:		0xC000006D
               	Sub Status:		0xC000006A

               Process Information:
               	Caller Process Name:		C:\Windows\System32\svchost.exe

               Network Information:
               	Workstation Name:		WIN-H96JM6F374S
               	Source Network Address:		192.168.56.158
               	Source Port:		4228

TimeCreated  : 13/06/2026 15:51:13
Id           : 4625
ProviderName : Microsoft-Windows-Security-Auditing
MachineName  : WS2022-LAB02
Message      : An account failed to log on.

               Subject:
               	Security ID:		S-1-5-18
               	Account Name:		WS2022-LAB02$
               	Account Domain:		WORKGROUP
               	Logon ID:		0x3E7

               Logon Type:			2

               Account For Which Logon Failed:
               	Security ID:		S-1-5-21-1843355061-959072039-615746888-1649
               	Account Name:		testuser12
               	Account Domain:		WS2022-LAB02

               Failure Information:
               	Failure Reason:		Unknown user name or bad password.
               	Status:		0xC000006D
               	Sub Status:		0xC000006A

               Process Information:
               	Caller Process Name:		C:\Windows\System32\svchost.exe

               Network Information:
               	Workstation Name:		WS2022-LAB02
               	Source Network Address:		192.168.56.184
               	Source Port:		11071

TimeCreated  : 13/06/2026 15:51:32
Id           : 4625
ProviderName : Microsoft-Windows-Security-Auditing
MachineName  : WS2022-LAB01
Message      : An account failed to log on.

               Subject:
               	Security ID:		S-1-5-18
               	Account Name:		WS2022-LAB01$
               	Account Domain:		WORKGROUP
               	Logon ID:		0x3E7

               Logon Type:			2

               Account For Which Logon Failed:
               	Security ID:		S-1-5-21-1843355061-959072039-615746888-3590
               	Account Name:		testuser2
               	Account Domain:		WS2022-LAB01

               Failure Information:
               	Failure Reason:		User not allowed to log on at this computer.
               	Status:		0xC000006E
               	Sub Status:		0x0

               Process Information:
               	Caller Process Name:		C:\Windows\System32\svchost.exe

               Network Information:
               	Workstation Name:		WS2022-LAB01
               	Source Network Address:		192.168.56.7
               	Source Port:		23818

TimeCreated  : 13/06/2026 15:52:09
Id           : 4625
ProviderName : Microsoft-Windows-Security-Auditing
MachineName  : WS2022-LAB01
Message      : An account failed to log on.

               Subject:
               	Security ID:		S-1-5-18
               	Account Name:		WS2022-LAB01$
               	Account Domain:		WORKGROUP
               	Logon ID:		0x3E7

               Logon Type:			2

               Account For Which Logon Failed:
               	Security ID:		S-1-5-21-1843355061-959072039-615746888-8120
               	Account Name:		testuser10
               	Account Domain:		WS2022-LAB01

               Failure Information:
               	Failure Reason:		Unknown user name or bad password.
               	Status:		0xC000006D
               	Sub Status:		0xC000006A

               Process Information:
               	Caller Process Name:		C:\Windows\System32\svchost.exe

               Network Information:
               	Workstation Name:		WS2022-LAB01
               	Source Network Address:		192.168.56.149
               	Source Port:		17679

TimeCreated  : 13/06/2026 15:52:36
Id           : 4625
ProviderName : Microsoft-Windows-Security-Auditing
MachineName  : WS2022-LAB02
Message      : An account failed to log on.

               Subject:
               	Security ID:		S-1-5-18
               	Account Name:		WS2022-LAB02$
               	Account Domain:		WORKGROUP
               	Logon ID:		0x3E7

               Logon Type:			2

               Account For Which Logon Failed:
               	Security ID:		S-1-5-21-1843355061-959072039-615746888-3092
               	Account Name:		testuser12
               	Account Domain:		WS2022-LAB02

               Failure Information:
               	Failure Reason:		Unknown user name or bad password.
               	Status:		0xC000006D
               	Sub Status:		0xC000006A

               Process Information:
               	Caller Process Name:		C:\Windows\System32\svchost.exe

               Network Information:
               	Workstation Name:		WS2022-LAB02
               	Source Network Address:		172.16.10.228
               	Source Port:		6909

TimeCreated  : 13/06/2026 15:53:05
Id           : 4625
ProviderName : Microsoft-Windows-Security-Auditing
MachineName  : WS2022-LAB02
Message      : An account failed to log on.

               Subject:
               	Security ID:		S-1-5-18
               	Account Name:		WS2022-LAB02$
               	Account Domain:		WORKGROUP
               	Logon ID:		0x3E7

               Logon Type:			2

               Account For Which Logon Failed:
               	Security ID:		S-1-5-21-1843355061-959072039-615746888-1974
               	Account Name:		testuser13
               	Account Domain:		WS2022-LAB02

               Failure Information:
               	Failure Reason:		User not allowed to log on at this computer.
               	Status:		0xC000006E
               	Sub Status:		0x0

               Process Information:
               	Caller Process Name:		C:\Windows\System32\svchost.exe

               Network Information:
               	Workstation Name:		WS2022-LAB02
               	Source Network Address:		10.0.0.54
               	Source Port:		44034

TimeCreated  : 13/06/2026 15:53:28
Id           : 4625
ProviderName : Microsoft-Windows-Security-Auditing
MachineName  : WS2022-LAB01
Message      : An account failed to log on.

               Subject:
               	Security ID:		S-1-5-18
               	Account Name:		WS2022-LAB01$
               	Account Domain:		WORKGROUP
               	Logon ID:		0x3E7

               Logon Type:			2

               Account For Which Logon Failed:
               	Security ID:		S-1-5-21-1843355061-959072039-615746888-3209
               	Account Name:		testuser6
               	Account Domain:		WS2022-LAB01

               Failure Information:
               	Failure Reason:		User not allowed to log on at this computer.
               	Status:		0xC000006E
               	Sub Status:		0x0

               Process Information:
               	Caller Process Name:		C:\Windows\System32\svchost.exe

               Network Information:
               	Workstation Name:		WS2022-LAB01
               	Source Network Address:		10.0.0.224
               	Source Port:		35989

TimeCreated  : 13/06/2026 15:53:48
Id           : 4625
ProviderName : Microsoft-Windows-Security-Auditing
MachineName  : WS2022-LAB02
Message      : An account failed to log on.

               Subject:
               	Security ID:		S-1-5-18
               	Account Name:		WS2022-LAB02$
               	Account Domain:		WORKGROUP
               	Logon ID:		0x3E7

               Logon Type:			2

               Account For Which Logon Failed:
               	Security ID:		S-1-5-21-1843355061-959072039-615746888-5303
               	Account Name:		testuser1
               	Account Domain:		WS2022-LAB02

               Failure Information:
               	Failure Reason:		User not allowed to log on at this computer.
               	Status:		0xC000006E
               	Sub Status:		0x0

               Process Information:
               	Caller Process Name:		C:\Windows\System32\svchost.exe

               Network Information:
               	Workstation Name:		WS2022-LAB02
               	Source Network Address:		192.168.56.231
               	Source Port:		3834

TimeCreated  : 13/06/2026 15:54:28
Id           : 4625
ProviderName : Microsoft-Windows-Security-Auditing
MachineName  : WS2022-LAB02
Message      : An account failed to log on.

               Subject:
               	Security ID:		S-1-5-18
               	Account Name:		WS2022-LAB02$
               	Account Domain:		WORKGROUP
               	Logon ID:		0x3E7

               Logon Type:			2

               Account For Which Logon Failed:
               	Security ID:		S-1-5-21-1843355061-959072039-615746888-4882
               	Account Name:		testuser17
               	Account Domain:		WS2022-LAB02

               Failure Information:
               	Failure Reason:		User not allowed to log on at this computer.
               	Status:		0xC000006E
               	Sub Status:		0x0

               Process Information:
               	Caller Process Name:		C:\Windows\System32\svchost.exe

               Network Information:
               	Workstation Name:		WS2022-LAB02
               	Source Network Address:		192.168.56.101
               	Source Port:		51413

TimeCreated  : 13/06/2026 15:54:51
Id           : 4625
ProviderName : Microsoft-Windows-Security-Auditing
MachineName  : WS2022-LAB02
Message      : An account failed to log on.

               Subject:
               	Security ID:		S-1-5-18
               	Account Name:		WS2022-LAB02$
               	Account Domain:		WORKGROUP
               	Logon ID:		0x3E7

               Logon Type:			2

               Account For Which Logon Failed:
               	Security ID:		S-1-5-21-1843355061-959072039-615746888-1812
               	Account Name:		testuser11
               	Account Domain:		WS2022-LAB02

               Failure Information:
               	Failure Reason:		Unknown user name or bad password.
               	Status:		0xC000006D
               	Sub Status:		0xC0000064

               Process Information:
               	Caller Process Name:		C:\Windows\System32\svchost.exe

               Network Information:
               	Workstation Name:		WS2022-LAB02
               	Source Network Address:		192.168.56.223
               	Source Port:		21888

TimeCreated  : 13/06/2026 15:55:20
Id           : 4625
ProviderName : Microsoft-Windows-Security-Auditing
MachineName  : WS2022-LAB02
Message      : An account failed to log on.

               Subject:
               	Security ID:		S-1-5-18
               	Account Name:		WS2022-LAB02$
               	Account Domain:		WORKGROUP
               	Logon ID:		0x3E7

               Logon Type:			2

               Account For Which Logon Failed:
               	Security ID:		S-1-5-21-1843355061-959072039-615746888-6334
               	Account Name:		testuser6
               	Account Domain:		WS2022-LAB02

               Failure Information:
               	Failure Reason:		Unknown user name or bad password.
               	Status:		0xC000006D
               	Sub Status:		0xC000006A

               Process Information:
               	Caller Process Name:		C:\Windows\System32\svchost.exe

               Network Information:
               	Workstation Name:		WS2022-LAB02
               	Source Network Address:		192.168.56.247
               	Source Port:		33168

