TimeCreated  : 13/06/2026 17:16:37
Id           : 4672
ProviderName : Microsoft-Windows-Security-Auditing
MachineName  : WS2022-LAB01
Message      : Special privileges assigned to new logon.

               Subject:
               	Security ID:		S-1-5-21-1843355061-959072039-615746888-3970
               	Account Name:		labadmin
               	Account Domain:		WS2022-LAB01
               	Logon ID:		0x36F04

               Privileges:		SeSecurityPrivilege
               			SeTakeOwnershipPrivilege
               			SeBackupPrivilege
               			SeRestorePrivilege

TimeCreated  : 13/06/2026 17:17:04
Id           : 4672
ProviderName : Microsoft-Windows-Security-Auditing
MachineName  : WS2022-LAB02
Message      : Special privileges assigned to new logon.

               Subject:
               	Security ID:		S-1-5-21-1843355061-959072039-615746888-9998
               	Account Name:		opsadmin1
               	Account Domain:		WS2022-LAB02
               	Logon ID:		0x283A5

               Privileges:		SeSecurityPrivilege
               			SeTakeOwnershipPrivilege
               			SeBackupPrivilege
               			SeRestorePrivilege

TimeCreated  : 13/06/2026 17:17:47
Id           : 4672
ProviderName : Microsoft-Windows-Security-Auditing
MachineName  : WS2022-LAB02
Message      : Special privileges assigned to new logon.

               Subject:
               	Security ID:		S-1-5-21-1843355061-959072039-615746888-2543
               	Account Name:		labadmin
               	Account Domain:		WS2022-LAB02
               	Logon ID:		0xABEF7

               Privileges:		SeSecurityPrivilege
               			SeTakeOwnershipPrivilege
               			SeBackupPrivilege
               			SeRestorePrivilege

TimeCreated  : 13/06/2026 17:18:18
Id           : 4672
ProviderName : Microsoft-Windows-Security-Auditing
MachineName  : WIN-H96JM6F374S
Message      : Special privileges assigned to new logon.

               Subject:
               	Security ID:		S-1-5-21-1843355061-959072039-615746888-8122
               	Account Name:		opsadmin1
               	Account Domain:		WIN-H96JM6F374S
               	Logon ID:		0x4CA89

               Privileges:		SeSecurityPrivilege
               			SeTakeOwnershipPrivilege
               			SeBackupPrivilege
               			SeRestorePrivilege

TimeCreated  : 13/06/2026 17:18:55
Id           : 4672
ProviderName : Microsoft-Windows-Security-Auditing
MachineName  : WIN-H96JM6F374S
Message      : Special privileges assigned to new logon.

               Subject:
               	Security ID:		S-1-5-21-1843355061-959072039-615746888-9954
               	Account Name:		labadmin
               	Account Domain:		WIN-H96JM6F374S
               	Logon ID:		0xE6182

               Privileges:		SeSecurityPrivilege
               			SeTakeOwnershipPrivilege
               			SeBackupPrivilege
               			SeRestorePrivilege

TimeCreated  : 13/06/2026 17:19:15
Id           : 4672
ProviderName : Microsoft-Windows-Security-Auditing
MachineName  : WS2022-LAB01
Message      : Special privileges assigned to new logon.

               Subject:
               	Security ID:		S-1-5-21-1843355061-959072039-615746888-7719
               	Account Name:		opsadmin2
               	Account Domain:		WS2022-LAB01
               	Logon ID:		0x43417

               Privileges:		SeSecurityPrivilege
               			SeTakeOwnershipPrivilege
               			SeBackupPrivilege
               			SeRestorePrivilege

TimeCreated  : 13/06/2026 17:19:41
Id           : 4672
ProviderName : Microsoft-Windows-Security-Auditing
MachineName  : WIN-H96JM6F374S
Message      : Special privileges assigned to new logon.

               Subject:
               	Security ID:		S-1-5-21-1843355061-959072039-615746888-8254
               	Account Name:		opsadmin2
               	Account Domain:		WIN-H96JM6F374S
               	Logon ID:		0xCE23D

               Privileges:		SeSecurityPrivilege
               			SeTakeOwnershipPrivilege
               			SeBackupPrivilege
               			SeRestorePrivilege

TimeCreated  : 13/06/2026 17:20:11
Id           : 4672
ProviderName : Microsoft-Windows-Security-Auditing
MachineName  : WS2022-LAB02
Message      : Special privileges assigned to new logon.

               Subject:
               	Security ID:		S-1-5-21-1843355061-959072039-615746888-6703
               	Account Name:		labadmin
               	Account Domain:		WS2022-LAB02
               	Logon ID:		0x57950

               Privileges:		SeSecurityPrivilege
               			SeTakeOwnershipPrivilege
               			SeBackupPrivilege
               			SeRestorePrivilege

TimeCreated  : 13/06/2026 17:20:37
Id           : 4672
ProviderName : Microsoft-Windows-Security-Auditing
MachineName  : WS2022-LAB02
Message      : Special privileges assigned to new logon.

               Subject:
               	Security ID:		S-1-5-21-1843355061-959072039-615746888-1035
               	Account Name:		opsadmin1
               	Account Domain:		WS2022-LAB02
               	Logon ID:		0x4A470

               Privileges:		SeSecurityPrivilege
               			SeTakeOwnershipPrivilege
               			SeBackupPrivilege
               			SeRestorePrivilege

TimeCreated  : 13/06/2026 17:21:02
Id           : 4672
ProviderName : Microsoft-Windows-Security-Auditing
MachineName  : WIN-H96JM6F374S
Message      : Special privileges assigned to new logon.

               Subject:
               	Security ID:		S-1-5-21-1843355061-959072039-615746888-8218
               	Account Name:		opsadmin1
               	Account Domain:		WIN-H96JM6F374S
               	Logon ID:		0x8F819

               Privileges:		SeSecurityPrivilege
               			SeTakeOwnershipPrivilege
               			SeBackupPrivilege
               			SeRestorePrivilege

TimeCreated  : 13/06/2026 17:21:27
Id           : 4672
ProviderName : Microsoft-Windows-Security-Auditing
MachineName  : WS2022-LAB01
Message      : Special privileges assigned to new logon.

               Subject:
               	Security ID:		S-1-5-21-1843355061-959072039-615746888-2446
               	Account Name:		opsadmin1
               	Account Domain:		WS2022-LAB01
               	Logon ID:		0x72508

               Privileges:		SeSecurityPrivilege
               			SeTakeOwnershipPrivilege
               			SeBackupPrivilege
               			SeRestorePrivilege

TimeCreated  : 13/06/2026 17:21:32
Id           : 4672
ProviderName : Microsoft-Windows-Security-Auditing
MachineName  : WIN-H96JM6F374S
Message      : Special privileges assigned to new logon.

               Subject:
               	Security ID:		S-1-5-21-1843355061-959072039-615746888-8656
               	Account Name:		opsadmin1
               	Account Domain:		WIN-H96JM6F374S
               	Logon ID:		0xBDFC3

               Privileges:		SeSecurityPrivilege
               			SeTakeOwnershipPrivilege
               			SeBackupPrivilege
               			SeRestorePrivilege

TimeCreated  : 13/06/2026 17:21:57
Id           : 4672
ProviderName : Microsoft-Windows-Security-Auditing
MachineName  : WIN-H96JM6F374S
Message      : Special privileges assigned to new logon.

               Subject:
               	Security ID:		S-1-5-21-1843355061-959072039-615746888-6675
               	Account Name:		opsadmin1
               	Account Domain:		WIN-H96JM6F374S
               	Logon ID:		0x5263D

               Privileges:		SeSecurityPrivilege
               			SeTakeOwnershipPrivilege
               			SeBackupPrivilege
               			SeRestorePrivilege

TimeCreated  : 13/06/2026 17:22:20
Id           : 4672
ProviderName : Microsoft-Windows-Security-Auditing
MachineName  : WS2022-LAB02
Message      : Special privileges assigned to new logon.

               Subject:
               	Security ID:		S-1-5-21-1843355061-959072039-615746888-8811
               	Account Name:		opsadmin1
               	Account Domain:		WS2022-LAB02
               	Logon ID:		0x27BDA

               Privileges:		SeSecurityPrivilege
               			SeTakeOwnershipPrivilege
               			SeBackupPrivilege
               			SeRestorePrivilege

TimeCreated  : 13/06/2026 17:23:05
Id           : 4672
ProviderName : Microsoft-Windows-Security-Auditing
MachineName  : WIN-H96JM6F374S
Message      : Special privileges assigned to new logon.

               Subject:
               	Security ID:		S-1-5-21-1843355061-959072039-615746888-3533
               	Account Name:		labadmin
               	Account Domain:		WIN-H96JM6F374S
               	Logon ID:		0x77A1F

               Privileges:		SeSecurityPrivilege
               			SeTakeOwnershipPrivilege
               			SeBackupPrivilege
               			SeRestorePrivilege

TimeCreated  : 13/06/2026 17:23:50
Id           : 4672
ProviderName : Microsoft-Windows-Security-Auditing
MachineName  : WS2022-LAB02
Message      : Special privileges assigned to new logon.

               Subject:
               	Security ID:		S-1-5-21-1843355061-959072039-615746888-3766
               	Account Name:		opsadmin2
               	Account Domain:		WS2022-LAB02
               	Logon ID:		0x4FB05

               Privileges:		SeSecurityPrivilege
               			SeTakeOwnershipPrivilege
               			SeBackupPrivilege
               			SeRestorePrivilege

TimeCreated  : 13/06/2026 17:24:12
Id           : 4672
ProviderName : Microsoft-Windows-Security-Auditing
MachineName  : WIN-H96JM6F374S
Message      : Special privileges assigned to new logon.

               Subject:
               	Security ID:		S-1-5-21-1843355061-959072039-615746888-4366
               	Account Name:		opsadmin2
               	Account Domain:		WIN-H96JM6F374S
               	Logon ID:		0x9272B

               Privileges:		SeSecurityPrivilege
               			SeTakeOwnershipPrivilege
               			SeBackupPrivilege
               			SeRestorePrivilege

TimeCreated  : 13/06/2026 17:24:38
Id           : 4672
ProviderName : Microsoft-Windows-Security-Auditing
MachineName  : WS2022-LAB01
Message      : Special privileges assigned to new logon.

               Subject:
               	Security ID:		S-1-5-21-1843355061-959072039-615746888-9674
               	Account Name:		opsadmin1
               	Account Domain:		WS2022-LAB01
               	Logon ID:		0xB197D

               Privileges:		SeSecurityPrivilege
               			SeTakeOwnershipPrivilege
               			SeBackupPrivilege
               			SeRestorePrivilege

TimeCreated  : 13/06/2026 17:24:43
Id           : 4672
ProviderName : Microsoft-Windows-Security-Auditing
MachineName  : WIN-H96JM6F374S
Message      : Special privileges assigned to new logon.

               Subject:
               	Security ID:		S-1-5-21-1843355061-959072039-615746888-6544
               	Account Name:		opsadmin3
               	Account Domain:		WIN-H96JM6F374S
               	Logon ID:		0xAAD7A

               Privileges:		SeSecurityPrivilege
               			SeTakeOwnershipPrivilege
               			SeBackupPrivilege
               			SeRestorePrivilege

TimeCreated  : 13/06/2026 17:24:58
Id           : 4672
ProviderName : Microsoft-Windows-Security-Auditing
MachineName  : WS2022-LAB02
Message      : Special privileges assigned to new logon.

               Subject:
               	Security ID:		S-1-5-21-1843355061-959072039-615746888-8552
               	Account Name:		opsadmin2
               	Account Domain:		WS2022-LAB02
               	Logon ID:		0xD685F

               Privileges:		SeSecurityPrivilege
               			SeTakeOwnershipPrivilege
               			SeBackupPrivilege
               			SeRestorePrivilege

TimeCreated  : 13/06/2026 17:25:08
Id           : 4672
ProviderName : Microsoft-Windows-Security-Auditing
MachineName  : WIN-H96JM6F374S
Message      : Special privileges assigned to new logon.

               Subject:
               	Security ID:		S-1-5-21-1843355061-959072039-615746888-6977
               	Account Name:		labadmin
               	Account Domain:		WIN-H96JM6F374S
               	Logon ID:		0x87C59

               Privileges:		SeSecurityPrivilege
               			SeTakeOwnershipPrivilege
               			SeBackupPrivilege
               			SeRestorePrivilege

TimeCreated  : 13/06/2026 17:25:42
Id           : 4672
ProviderName : Microsoft-Windows-Security-Auditing
MachineName  : WS2022-LAB01
Message      : Special privileges assigned to new logon.

               Subject:
               	Security ID:		S-1-5-21-1843355061-959072039-615746888-7347
               	Account Name:		opsadmin2
               	Account Domain:		WS2022-LAB01
               	Logon ID:		0x5ED80

               Privileges:		SeSecurityPrivilege
               			SeTakeOwnershipPrivilege
               			SeBackupPrivilege
               			SeRestorePrivilege

TimeCreated  : 13/06/2026 17:26:22
Id           : 4672
ProviderName : Microsoft-Windows-Security-Auditing
MachineName  : WIN-H96JM6F374S
Message      : Special privileges assigned to new logon.

               Subject:
               	Security ID:		S-1-5-21-1843355061-959072039-615746888-9092
               	Account Name:		opsadmin2
               	Account Domain:		WIN-H96JM6F374S
               	Logon ID:		0x76CF7

               Privileges:		SeSecurityPrivilege
               			SeTakeOwnershipPrivilege
               			SeBackupPrivilege
               			SeRestorePrivilege

TimeCreated  : 13/06/2026 17:26:32
Id           : 4672
ProviderName : Microsoft-Windows-Security-Auditing
MachineName  : WIN-H96JM6F374S
Message      : Special privileges assigned to new logon.

               Subject:
               	Security ID:		S-1-5-21-1843355061-959072039-615746888-1059
               	Account Name:		labadmin
               	Account Domain:		WIN-H96JM6F374S
               	Logon ID:		0xBED86

               Privileges:		SeSecurityPrivilege
               			SeTakeOwnershipPrivilege
               			SeBackupPrivilege
               			SeRestorePrivilege

TimeCreated  : 13/06/2026 17:27:05
Id           : 4672
ProviderName : Microsoft-Windows-Security-Auditing
MachineName  : WS2022-LAB02
Message      : Special privileges assigned to new logon.

               Subject:
               	Security ID:		S-1-5-21-1843355061-959072039-615746888-9259
               	Account Name:		opsadmin2
               	Account Domain:		WS2022-LAB02
               	Logon ID:		0x8363D

               Privileges:		SeSecurityPrivilege
               			SeTakeOwnershipPrivilege
               			SeBackupPrivilege
               			SeRestorePrivilege

TimeCreated  : 13/06/2026 17:27:46
Id           : 4672
ProviderName : Microsoft-Windows-Security-Auditing
MachineName  : WS2022-LAB02
Message      : Special privileges assigned to new logon.

               Subject:
               	Security ID:		S-1-5-21-1843355061-959072039-615746888-9633
               	Account Name:		opsadmin2
               	Account Domain:		WS2022-LAB02
               	Logon ID:		0x435C9

               Privileges:		SeSecurityPrivilege
               			SeTakeOwnershipPrivilege
               			SeBackupPrivilege
               			SeRestorePrivilege

TimeCreated  : 13/06/2026 17:28:27
Id           : 4672
ProviderName : Microsoft-Windows-Security-Auditing
MachineName  : WS2022-LAB01
Message      : Special privileges assigned to new logon.

               Subject:
               	Security ID:		S-1-5-21-1843355061-959072039-615746888-9190
               	Account Name:		opsadmin2
               	Account Domain:		WS2022-LAB01
               	Logon ID:		0x7A5AC

               Privileges:		SeSecurityPrivilege
               			SeTakeOwnershipPrivilege
               			SeBackupPrivilege
               			SeRestorePrivilege

TimeCreated  : 13/06/2026 17:29:11
Id           : 4672
ProviderName : Microsoft-Windows-Security-Auditing
MachineName  : WIN-H96JM6F374S
Message      : Special privileges assigned to new logon.

               Subject:
               	Security ID:		S-1-5-21-1843355061-959072039-615746888-6869
               	Account Name:		opsadmin3
               	Account Domain:		WIN-H96JM6F374S
               	Logon ID:		0xDCC59

               Privileges:		SeSecurityPrivilege
               			SeTakeOwnershipPrivilege
               			SeBackupPrivilege
               			SeRestorePrivilege

TimeCreated  : 13/06/2026 17:29:26
Id           : 4672
ProviderName : Microsoft-Windows-Security-Auditing
MachineName  : WS2022-LAB02
Message      : Special privileges assigned to new logon.

               Subject:
               	Security ID:		S-1-5-21-1843355061-959072039-615746888-4279
               	Account Name:		labadmin
               	Account Domain:		WS2022-LAB02
               	Logon ID:		0xEB499

               Privileges:		SeSecurityPrivilege
               			SeTakeOwnershipPrivilege
               			SeBackupPrivilege
               			SeRestorePrivilege

TimeCreated  : 13/06/2026 17:29:59
Id           : 4672
ProviderName : Microsoft-Windows-Security-Auditing
MachineName  : WS2022-LAB01
Message      : Special privileges assigned to new logon.

               Subject:
               	Security ID:		S-1-5-21-1843355061-959072039-615746888-3722
               	Account Name:		opsadmin3
               	Account Domain:		WS2022-LAB01
               	Logon ID:		0xA1AD4

               Privileges:		SeSecurityPrivilege
               			SeTakeOwnershipPrivilege
               			SeBackupPrivilege
               			SeRestorePrivilege

TimeCreated  : 13/06/2026 17:30:19
Id           : 4672
ProviderName : Microsoft-Windows-Security-Auditing
MachineName  : WIN-H96JM6F374S
Message      : Special privileges assigned to new logon.

               Subject:
               	Security ID:		S-1-5-21-1843355061-959072039-615746888-7291
               	Account Name:		opsadmin2
               	Account Domain:		WIN-H96JM6F374S
               	Logon ID:		0x9A5BA

               Privileges:		SeSecurityPrivilege
               			SeTakeOwnershipPrivilege
               			SeBackupPrivilege
               			SeRestorePrivilege

TimeCreated  : 13/06/2026 17:30:28
Id           : 4672
ProviderName : Microsoft-Windows-Security-Auditing
MachineName  : WS2022-LAB01
Message      : Special privileges assigned to new logon.

               Subject:
               	Security ID:		S-1-5-21-1843355061-959072039-615746888-9684
               	Account Name:		opsadmin3
               	Account Domain:		WS2022-LAB01
               	Logon ID:		0x8BB27

               Privileges:		SeSecurityPrivilege
               			SeTakeOwnershipPrivilege
               			SeBackupPrivilege
               			SeRestorePrivilege

TimeCreated  : 13/06/2026 17:31:01
Id           : 4672
ProviderName : Microsoft-Windows-Security-Auditing
MachineName  : WS2022-LAB02
Message      : Special privileges assigned to new logon.

               Subject:
               	Security ID:		S-1-5-21-1843355061-959072039-615746888-9401
               	Account Name:		opsadmin2
               	Account Domain:		WS2022-LAB02
               	Logon ID:		0x24BE1

               Privileges:		SeSecurityPrivilege
               			SeTakeOwnershipPrivilege
               			SeBackupPrivilege
               			SeRestorePrivilege

TimeCreated  : 13/06/2026 17:31:13
Id           : 4672
ProviderName : Microsoft-Windows-Security-Auditing
MachineName  : WS2022-LAB02
Message      : Special privileges assigned to new logon.

               Subject:
               	Security ID:		S-1-5-21-1843355061-959072039-615746888-1714
               	Account Name:		opsadmin2
               	Account Domain:		WS2022-LAB02
               	Logon ID:		0xECD00

               Privileges:		SeSecurityPrivilege
               			SeTakeOwnershipPrivilege
               			SeBackupPrivilege
               			SeRestorePrivilege

TimeCreated  : 13/06/2026 17:31:47
Id           : 4672
ProviderName : Microsoft-Windows-Security-Auditing
MachineName  : WIN-H96JM6F374S
Message      : Special privileges assigned to new logon.

               Subject:
               	Security ID:		S-1-5-21-1843355061-959072039-615746888-4390
               	Account Name:		opsadmin2
               	Account Domain:		WIN-H96JM6F374S
               	Logon ID:		0x8DE56

               Privileges:		SeSecurityPrivilege
               			SeTakeOwnershipPrivilege
               			SeBackupPrivilege
               			SeRestorePrivilege

TimeCreated  : 13/06/2026 17:32:22
Id           : 4672
ProviderName : Microsoft-Windows-Security-Auditing
MachineName  : WS2022-LAB01
Message      : Special privileges assigned to new logon.

               Subject:
               	Security ID:		S-1-5-21-1843355061-959072039-615746888-5634
               	Account Name:		opsadmin1
               	Account Domain:		WS2022-LAB01
               	Logon ID:		0x85D8A

               Privileges:		SeSecurityPrivilege
               			SeTakeOwnershipPrivilege
               			SeBackupPrivilege
               			SeRestorePrivilege

TimeCreated  : 13/06/2026 17:32:59
Id           : 4672
ProviderName : Microsoft-Windows-Security-Auditing
MachineName  : WS2022-LAB01
Message      : Special privileges assigned to new logon.

               Subject:
               	Security ID:		S-1-5-21-1843355061-959072039-615746888-1224
               	Account Name:		opsadmin2
               	Account Domain:		WS2022-LAB01
               	Logon ID:		0x88FC0

               Privileges:		SeSecurityPrivilege
               			SeTakeOwnershipPrivilege
               			SeBackupPrivilege
               			SeRestorePrivilege

TimeCreated  : 13/06/2026 17:33:21
Id           : 4672
ProviderName : Microsoft-Windows-Security-Auditing
MachineName  : WIN-H96JM6F374S
Message      : Special privileges assigned to new logon.

               Subject:
               	Security ID:		S-1-5-21-1843355061-959072039-615746888-1845
               	Account Name:		opsadmin2
               	Account Domain:		WIN-H96JM6F374S
               	Logon ID:		0x93503

               Privileges:		SeSecurityPrivilege
               			SeTakeOwnershipPrivilege
               			SeBackupPrivilege
               			SeRestorePrivilege

TimeCreated  : 13/06/2026 17:33:37
Id           : 4672
ProviderName : Microsoft-Windows-Security-Auditing
MachineName  : WS2022-LAB01
Message      : Special privileges assigned to new logon.

               Subject:
               	Security ID:		S-1-5-21-1843355061-959072039-615746888-8125
               	Account Name:		opsadmin1
               	Account Domain:		WS2022-LAB01
               	Logon ID:		0x3593E

               Privileges:		SeSecurityPrivilege
               			SeTakeOwnershipPrivilege
               			SeBackupPrivilege
               			SeRestorePrivilege

TimeCreated  : 13/06/2026 17:34:00
Id           : 4672
ProviderName : Microsoft-Windows-Security-Auditing
MachineName  : WS2022-LAB01
Message      : Special privileges assigned to new logon.

               Subject:
               	Security ID:		S-1-5-21-1843355061-959072039-615746888-7153
               	Account Name:		opsadmin2
               	Account Domain:		WS2022-LAB01
               	Logon ID:		0xC3A0E

               Privileges:		SeSecurityPrivilege
               			SeTakeOwnershipPrivilege
               			SeBackupPrivilege
               			SeRestorePrivilege

TimeCreated  : 13/06/2026 17:34:30
Id           : 4672
ProviderName : Microsoft-Windows-Security-Auditing
MachineName  : WIN-H96JM6F374S
Message      : Special privileges assigned to new logon.

               Subject:
               	Security ID:		S-1-5-21-1843355061-959072039-615746888-7775
               	Account Name:		opsadmin3
               	Account Domain:		WIN-H96JM6F374S
               	Logon ID:		0x5C459

               Privileges:		SeSecurityPrivilege
               			SeTakeOwnershipPrivilege
               			SeBackupPrivilege
               			SeRestorePrivilege

TimeCreated  : 13/06/2026 17:35:11
Id           : 4672
ProviderName : Microsoft-Windows-Security-Auditing
MachineName  : WS2022-LAB02
Message      : Special privileges assigned to new logon.

               Subject:
               	Security ID:		S-1-5-21-1843355061-959072039-615746888-4019
               	Account Name:		opsadmin3
               	Account Domain:		WS2022-LAB02
               	Logon ID:		0x85BC6

               Privileges:		SeSecurityPrivilege
               			SeTakeOwnershipPrivilege
               			SeBackupPrivilege
               			SeRestorePrivilege

TimeCreated  : 13/06/2026 17:35:41
Id           : 4672
ProviderName : Microsoft-Windows-Security-Auditing
MachineName  : WIN-H96JM6F374S
Message      : Special privileges assigned to new logon.

               Subject:
               	Security ID:		S-1-5-21-1843355061-959072039-615746888-9354
               	Account Name:		labadmin
               	Account Domain:		WIN-H96JM6F374S
               	Logon ID:		0x8AAD9

               Privileges:		SeSecurityPrivilege
               			SeTakeOwnershipPrivilege
               			SeBackupPrivilege
               			SeRestorePrivilege

TimeCreated  : 13/06/2026 17:35:53
Id           : 4672
ProviderName : Microsoft-Windows-Security-Auditing
MachineName  : WIN-H96JM6F374S
Message      : Special privileges assigned to new logon.

               Subject:
               	Security ID:		S-1-5-21-1843355061-959072039-615746888-1343
               	Account Name:		opsadmin2
               	Account Domain:		WIN-H96JM6F374S
               	Logon ID:		0xAD93A

               Privileges:		SeSecurityPrivilege
               			SeTakeOwnershipPrivilege
               			SeBackupPrivilege
               			SeRestorePrivilege

TimeCreated  : 13/06/2026 17:35:59
Id           : 4672
ProviderName : Microsoft-Windows-Security-Auditing
MachineName  : WS2022-LAB01
Message      : Special privileges assigned to new logon.

               Subject:
               	Security ID:		S-1-5-21-1843355061-959072039-615746888-6982
               	Account Name:		labadmin
               	Account Domain:		WS2022-LAB01
               	Logon ID:		0x8FF7E

               Privileges:		SeSecurityPrivilege
               			SeTakeOwnershipPrivilege
               			SeBackupPrivilege
               			SeRestorePrivilege

TimeCreated  : 13/06/2026 17:36:20
Id           : 4672
ProviderName : Microsoft-Windows-Security-Auditing
MachineName  : WS2022-LAB01
Message      : Special privileges assigned to new logon.

               Subject:
               	Security ID:		S-1-5-21-1843355061-959072039-615746888-1802
               	Account Name:		opsadmin3
               	Account Domain:		WS2022-LAB01
               	Logon ID:		0x9C6FD

               Privileges:		SeSecurityPrivilege
               			SeTakeOwnershipPrivilege
               			SeBackupPrivilege
               			SeRestorePrivilege

TimeCreated  : 13/06/2026 17:36:31
Id           : 4672
ProviderName : Microsoft-Windows-Security-Auditing
MachineName  : WIN-H96JM6F374S
Message      : Special privileges assigned to new logon.

               Subject:
               	Security ID:		S-1-5-21-1843355061-959072039-615746888-1838
               	Account Name:		opsadmin2
               	Account Domain:		WIN-H96JM6F374S
               	Logon ID:		0x4BA28

               Privileges:		SeSecurityPrivilege
               			SeTakeOwnershipPrivilege
               			SeBackupPrivilege
               			SeRestorePrivilege

TimeCreated  : 13/06/2026 17:37:01
Id           : 4672
ProviderName : Microsoft-Windows-Security-Auditing
MachineName  : WS2022-LAB02
Message      : Special privileges assigned to new logon.

               Subject:
               	Security ID:		S-1-5-21-1843355061-959072039-615746888-7454
               	Account Name:		opsadmin1
               	Account Domain:		WS2022-LAB02
               	Logon ID:		0x36046

               Privileges:		SeSecurityPrivilege
               			SeTakeOwnershipPrivilege
               			SeBackupPrivilege
               			SeRestorePrivilege

TimeCreated  : 13/06/2026 17:37:24
Id           : 4672
ProviderName : Microsoft-Windows-Security-Auditing
MachineName  : WIN-H96JM6F374S
Message      : Special privileges assigned to new logon.

               Subject:
               	Security ID:		S-1-5-21-1843355061-959072039-615746888-8678
               	Account Name:		opsadmin1
               	Account Domain:		WIN-H96JM6F374S
               	Logon ID:		0x68870

               Privileges:		SeSecurityPrivilege
               			SeTakeOwnershipPrivilege
               			SeBackupPrivilege
               			SeRestorePrivilege

TimeCreated  : 13/06/2026 17:37:33
Id           : 4672
ProviderName : Microsoft-Windows-Security-Auditing
MachineName  : WS2022-LAB02
Message      : Special privileges assigned to new logon.

               Subject:
               	Security ID:		S-1-5-21-1843355061-959072039-615746888-4843
               	Account Name:		labadmin
               	Account Domain:		WS2022-LAB02
               	Logon ID:		0x3D292

               Privileges:		SeSecurityPrivilege
               			SeTakeOwnershipPrivilege
               			SeBackupPrivilege
               			SeRestorePrivilege

TimeCreated  : 13/06/2026 17:37:42
Id           : 4672
ProviderName : Microsoft-Windows-Security-Auditing
MachineName  : WS2022-LAB02
Message      : Special privileges assigned to new logon.

               Subject:
               	Security ID:		S-1-5-21-1843355061-959072039-615746888-8102
               	Account Name:		opsadmin2
               	Account Domain:		WS2022-LAB02
               	Logon ID:		0x3280E

               Privileges:		SeSecurityPrivilege
               			SeTakeOwnershipPrivilege
               			SeBackupPrivilege
               			SeRestorePrivilege

TimeCreated  : 13/06/2026 17:38:03
Id           : 4672
ProviderName : Microsoft-Windows-Security-Auditing
MachineName  : WIN-H96JM6F374S
Message      : Special privileges assigned to new logon.

               Subject:
               	Security ID:		S-1-5-21-1843355061-959072039-615746888-7506
               	Account Name:		opsadmin3
               	Account Domain:		WIN-H96JM6F374S
               	Logon ID:		0xEC045

               Privileges:		SeSecurityPrivilege
               			SeTakeOwnershipPrivilege
               			SeBackupPrivilege
               			SeRestorePrivilege

TimeCreated  : 13/06/2026 17:38:24
Id           : 4672
ProviderName : Microsoft-Windows-Security-Auditing
MachineName  : WS2022-LAB01
Message      : Special privileges assigned to new logon.

               Subject:
               	Security ID:		S-1-5-21-1843355061-959072039-615746888-7779
               	Account Name:		opsadmin1
               	Account Domain:		WS2022-LAB01
               	Logon ID:		0x56791

               Privileges:		SeSecurityPrivilege
               			SeTakeOwnershipPrivilege
               			SeBackupPrivilege
               			SeRestorePrivilege

TimeCreated  : 13/06/2026 17:38:47
Id           : 4672
ProviderName : Microsoft-Windows-Security-Auditing
MachineName  : WS2022-LAB01
Message      : Special privileges assigned to new logon.

               Subject:
               	Security ID:		S-1-5-21-1843355061-959072039-615746888-3635
               	Account Name:		labadmin
               	Account Domain:		WS2022-LAB01
               	Logon ID:		0x362E6

               Privileges:		SeSecurityPrivilege
               			SeTakeOwnershipPrivilege
               			SeBackupPrivilege
               			SeRestorePrivilege

TimeCreated  : 13/06/2026 17:39:11
Id           : 4672
ProviderName : Microsoft-Windows-Security-Auditing
MachineName  : WIN-H96JM6F374S
Message      : Special privileges assigned to new logon.

               Subject:
               	Security ID:		S-1-5-21-1843355061-959072039-615746888-6352
               	Account Name:		labadmin
               	Account Domain:		WIN-H96JM6F374S
               	Logon ID:		0xDA01B

               Privileges:		SeSecurityPrivilege
               			SeTakeOwnershipPrivilege
               			SeBackupPrivilege
               			SeRestorePrivilege

TimeCreated  : 13/06/2026 17:39:47
Id           : 4672
ProviderName : Microsoft-Windows-Security-Auditing
MachineName  : WS2022-LAB01
Message      : Special privileges assigned to new logon.

               Subject:
               	Security ID:		S-1-5-21-1843355061-959072039-615746888-5729
               	Account Name:		opsadmin3
               	Account Domain:		WS2022-LAB01
               	Logon ID:		0xD8866

               Privileges:		SeSecurityPrivilege
               			SeTakeOwnershipPrivilege
               			SeBackupPrivilege
               			SeRestorePrivilege

TimeCreated  : 13/06/2026 17:40:18
Id           : 4672
ProviderName : Microsoft-Windows-Security-Auditing
MachineName  : WS2022-LAB01
Message      : Special privileges assigned to new logon.

               Subject:
               	Security ID:		S-1-5-21-1843355061-959072039-615746888-1337
               	Account Name:		opsadmin1
               	Account Domain:		WS2022-LAB01
               	Logon ID:		0xC88AD

               Privileges:		SeSecurityPrivilege
               			SeTakeOwnershipPrivilege
               			SeBackupPrivilege
               			SeRestorePrivilege

TimeCreated  : 13/06/2026 17:40:31
Id           : 4672
ProviderName : Microsoft-Windows-Security-Auditing
MachineName  : WIN-H96JM6F374S
Message      : Special privileges assigned to new logon.

               Subject:
               	Security ID:		S-1-5-21-1843355061-959072039-615746888-4728
               	Account Name:		opsadmin2
               	Account Domain:		WIN-H96JM6F374S
               	Logon ID:		0x36907

               Privileges:		SeSecurityPrivilege
               			SeTakeOwnershipPrivilege
               			SeBackupPrivilege
               			SeRestorePrivilege

TimeCreated  : 13/06/2026 17:41:14
Id           : 4672
ProviderName : Microsoft-Windows-Security-Auditing
MachineName  : WS2022-LAB02
Message      : Special privileges assigned to new logon.

               Subject:
               	Security ID:		S-1-5-21-1843355061-959072039-615746888-3571
               	Account Name:		labadmin
               	Account Domain:		WS2022-LAB02
               	Logon ID:		0x67518

               Privileges:		SeSecurityPrivilege
               			SeTakeOwnershipPrivilege
               			SeBackupPrivilege
               			SeRestorePrivilege

TimeCreated  : 13/06/2026 17:41:19
Id           : 4672
ProviderName : Microsoft-Windows-Security-Auditing
MachineName  : WIN-H96JM6F374S
Message      : Special privileges assigned to new logon.

               Subject:
               	Security ID:		S-1-5-21-1843355061-959072039-615746888-4766
               	Account Name:		opsadmin3
               	Account Domain:		WIN-H96JM6F374S
               	Logon ID:		0x9CBD3

               Privileges:		SeSecurityPrivilege
               			SeTakeOwnershipPrivilege
               			SeBackupPrivilege
               			SeRestorePrivilege

TimeCreated  : 13/06/2026 17:41:46
Id           : 4672
ProviderName : Microsoft-Windows-Security-Auditing
MachineName  : WS2022-LAB01
Message      : Special privileges assigned to new logon.

               Subject:
               	Security ID:		S-1-5-21-1843355061-959072039-615746888-2651
               	Account Name:		opsadmin3
               	Account Domain:		WS2022-LAB01
               	Logon ID:		0x8C513

               Privileges:		SeSecurityPrivilege
               			SeTakeOwnershipPrivilege
               			SeBackupPrivilege
               			SeRestorePrivilege

TimeCreated  : 13/06/2026 17:42:30
Id           : 4672
ProviderName : Microsoft-Windows-Security-Auditing
MachineName  : WS2022-LAB02
Message      : Special privileges assigned to new logon.

               Subject:
               	Security ID:		S-1-5-21-1843355061-959072039-615746888-8754
               	Account Name:		opsadmin1
               	Account Domain:		WS2022-LAB02
               	Logon ID:		0x6F267

               Privileges:		SeSecurityPrivilege
               			SeTakeOwnershipPrivilege
               			SeBackupPrivilege
               			SeRestorePrivilege

TimeCreated  : 13/06/2026 17:42:52
Id           : 4672
ProviderName : Microsoft-Windows-Security-Auditing
MachineName  : WIN-H96JM6F374S
Message      : Special privileges assigned to new logon.

               Subject:
               	Security ID:		S-1-5-21-1843355061-959072039-615746888-4229
               	Account Name:		opsadmin1
               	Account Domain:		WIN-H96JM6F374S
               	Logon ID:		0x2E7A1

               Privileges:		SeSecurityPrivilege
               			SeTakeOwnershipPrivilege
               			SeBackupPrivilege
               			SeRestorePrivilege

TimeCreated  : 13/06/2026 17:43:06
Id           : 4672
ProviderName : Microsoft-Windows-Security-Auditing
MachineName  : WS2022-LAB02
Message      : Special privileges assigned to new logon.

               Subject:
               	Security ID:		S-1-5-21-1843355061-959072039-615746888-6152
               	Account Name:		opsadmin1
               	Account Domain:		WS2022-LAB02
               	Logon ID:		0x4BD20

               Privileges:		SeSecurityPrivilege
               			SeTakeOwnershipPrivilege
               			SeBackupPrivilege
               			SeRestorePrivilege

TimeCreated  : 13/06/2026 17:43:14
Id           : 4672
ProviderName : Microsoft-Windows-Security-Auditing
MachineName  : WS2022-LAB01
Message      : Special privileges assigned to new logon.

               Subject:
               	Security ID:		S-1-5-21-1843355061-959072039-615746888-3350
               	Account Name:		opsadmin1
               	Account Domain:		WS2022-LAB01
               	Logon ID:		0x8C317

               Privileges:		SeSecurityPrivilege
               			SeTakeOwnershipPrivilege
               			SeBackupPrivilege
               			SeRestorePrivilege

TimeCreated  : 13/06/2026 17:43:33
Id           : 4672
ProviderName : Microsoft-Windows-Security-Auditing
MachineName  : WS2022-LAB02
Message      : Special privileges assigned to new logon.

               Subject:
               	Security ID:		S-1-5-21-1843355061-959072039-615746888-6028
               	Account Name:		labadmin
               	Account Domain:		WS2022-LAB02
               	Logon ID:		0x80266

               Privileges:		SeSecurityPrivilege
               			SeTakeOwnershipPrivilege
               			SeBackupPrivilege
               			SeRestorePrivilege

TimeCreated  : 13/06/2026 17:44:15
Id           : 4672
ProviderName : Microsoft-Windows-Security-Auditing
MachineName  : WS2022-LAB02
Message      : Special privileges assigned to new logon.

               Subject:
               	Security ID:		S-1-5-21-1843355061-959072039-615746888-7737
               	Account Name:		opsadmin3
               	Account Domain:		WS2022-LAB02
               	Logon ID:		0x422EC

               Privileges:		SeSecurityPrivilege
               			SeTakeOwnershipPrivilege
               			SeBackupPrivilege
               			SeRestorePrivilege

TimeCreated  : 13/06/2026 17:44:43
Id           : 4672
ProviderName : Microsoft-Windows-Security-Auditing
MachineName  : WS2022-LAB01
Message      : Special privileges assigned to new logon.

               Subject:
               	Security ID:		S-1-5-21-1843355061-959072039-615746888-1341
               	Account Name:		opsadmin3
               	Account Domain:		WS2022-LAB01
               	Logon ID:		0xA91F2

               Privileges:		SeSecurityPrivilege
               			SeTakeOwnershipPrivilege
               			SeBackupPrivilege
               			SeRestorePrivilege

TimeCreated  : 13/06/2026 17:44:52
Id           : 4672
ProviderName : Microsoft-Windows-Security-Auditing
MachineName  : WS2022-LAB01
Message      : Special privileges assigned to new logon.

               Subject:
               	Security ID:		S-1-5-21-1843355061-959072039-615746888-4747
               	Account Name:		opsadmin3
               	Account Domain:		WS2022-LAB01
               	Logon ID:		0x522F6

               Privileges:		SeSecurityPrivilege
               			SeTakeOwnershipPrivilege
               			SeBackupPrivilege
               			SeRestorePrivilege

TimeCreated  : 13/06/2026 17:45:11
Id           : 4672
ProviderName : Microsoft-Windows-Security-Auditing
MachineName  : WS2022-LAB01
Message      : Special privileges assigned to new logon.

               Subject:
               	Security ID:		S-1-5-21-1843355061-959072039-615746888-6411
               	Account Name:		opsadmin2
               	Account Domain:		WS2022-LAB01
               	Logon ID:		0x5EA43

               Privileges:		SeSecurityPrivilege
               			SeTakeOwnershipPrivilege
               			SeBackupPrivilege
               			SeRestorePrivilege

TimeCreated  : 13/06/2026 17:45:53
Id           : 4672
ProviderName : Microsoft-Windows-Security-Auditing
MachineName  : WIN-H96JM6F374S
Message      : Special privileges assigned to new logon.

               Subject:
               	Security ID:		S-1-5-21-1843355061-959072039-615746888-3192
               	Account Name:		opsadmin2
               	Account Domain:		WIN-H96JM6F374S
               	Logon ID:		0xE0959

               Privileges:		SeSecurityPrivilege
               			SeTakeOwnershipPrivilege
               			SeBackupPrivilege
               			SeRestorePrivilege

TimeCreated  : 13/06/2026 17:46:30
Id           : 4672
ProviderName : Microsoft-Windows-Security-Auditing
MachineName  : WIN-H96JM6F374S
Message      : Special privileges assigned to new logon.

               Subject:
               	Security ID:		S-1-5-21-1843355061-959072039-615746888-9023
               	Account Name:		opsadmin3
               	Account Domain:		WIN-H96JM6F374S
               	Logon ID:		0xA9433

               Privileges:		SeSecurityPrivilege
               			SeTakeOwnershipPrivilege
               			SeBackupPrivilege
               			SeRestorePrivilege

TimeCreated  : 13/06/2026 17:46:49
Id           : 4672
ProviderName : Microsoft-Windows-Security-Auditing
MachineName  : WIN-H96JM6F374S
Message      : Special privileges assigned to new logon.

               Subject:
               	Security ID:		S-1-5-21-1843355061-959072039-615746888-8387
               	Account Name:		opsadmin1
               	Account Domain:		WIN-H96JM6F374S
               	Logon ID:		0x94DC2

               Privileges:		SeSecurityPrivilege
               			SeTakeOwnershipPrivilege
               			SeBackupPrivilege
               			SeRestorePrivilege

TimeCreated  : 13/06/2026 17:47:32
Id           : 4672
ProviderName : Microsoft-Windows-Security-Auditing
MachineName  : WS2022-LAB02
Message      : Special privileges assigned to new logon.

               Subject:
               	Security ID:		S-1-5-21-1843355061-959072039-615746888-9778
               	Account Name:		opsadmin1
               	Account Domain:		WS2022-LAB02
               	Logon ID:		0x35F82

               Privileges:		SeSecurityPrivilege
               			SeTakeOwnershipPrivilege
               			SeBackupPrivilege
               			SeRestorePrivilege

TimeCreated  : 13/06/2026 17:48:05
Id           : 4672
ProviderName : Microsoft-Windows-Security-Auditing
MachineName  : WS2022-LAB01
Message      : Special privileges assigned to new logon.

               Subject:
               	Security ID:		S-1-5-21-1843355061-959072039-615746888-9730
               	Account Name:		labadmin
               	Account Domain:		WS2022-LAB01
               	Logon ID:		0xC853F

               Privileges:		SeSecurityPrivilege
               			SeTakeOwnershipPrivilege
               			SeBackupPrivilege
               			SeRestorePrivilege

TimeCreated  : 13/06/2026 17:48:49
Id           : 4672
ProviderName : Microsoft-Windows-Security-Auditing
MachineName  : WS2022-LAB02
Message      : Special privileges assigned to new logon.

               Subject:
               	Security ID:		S-1-5-21-1843355061-959072039-615746888-3137
               	Account Name:		opsadmin1
               	Account Domain:		WS2022-LAB02
               	Logon ID:		0x4406C

               Privileges:		SeSecurityPrivilege
               			SeTakeOwnershipPrivilege
               			SeBackupPrivilege
               			SeRestorePrivilege

TimeCreated  : 13/06/2026 17:49:10
Id           : 4672
ProviderName : Microsoft-Windows-Security-Auditing
MachineName  : WS2022-LAB02
Message      : Special privileges assigned to new logon.

               Subject:
               	Security ID:		S-1-5-21-1843355061-959072039-615746888-7776
               	Account Name:		opsadmin2
               	Account Domain:		WS2022-LAB02
               	Logon ID:		0x13B9D

               Privileges:		SeSecurityPrivilege
               			SeTakeOwnershipPrivilege
               			SeBackupPrivilege
               			SeRestorePrivilege

TimeCreated  : 13/06/2026 17:49:45
Id           : 4672
ProviderName : Microsoft-Windows-Security-Auditing
MachineName  : WS2022-LAB01
Message      : Special privileges assigned to new logon.

               Subject:
               	Security ID:		S-1-5-21-1843355061-959072039-615746888-8498
               	Account Name:		labadmin
               	Account Domain:		WS2022-LAB01
               	Logon ID:		0x4C987

               Privileges:		SeSecurityPrivilege
               			SeTakeOwnershipPrivilege
               			SeBackupPrivilege
               			SeRestorePrivilege

TimeCreated  : 13/06/2026 17:50:29
Id           : 4672
ProviderName : Microsoft-Windows-Security-Auditing
MachineName  : WIN-H96JM6F374S
Message      : Special privileges assigned to new logon.

               Subject:
               	Security ID:		S-1-5-21-1843355061-959072039-615746888-4165
               	Account Name:		opsadmin3
               	Account Domain:		WIN-H96JM6F374S
               	Logon ID:		0xD5FCF

               Privileges:		SeSecurityPrivilege
               			SeTakeOwnershipPrivilege
               			SeBackupPrivilege
               			SeRestorePrivilege

TimeCreated  : 13/06/2026 17:50:42
Id           : 4672
ProviderName : Microsoft-Windows-Security-Auditing
MachineName  : WIN-H96JM6F374S
Message      : Special privileges assigned to new logon.

               Subject:
               	Security ID:		S-1-5-21-1843355061-959072039-615746888-7624
               	Account Name:		labadmin
               	Account Domain:		WIN-H96JM6F374S
               	Logon ID:		0xD5F8A

               Privileges:		SeSecurityPrivilege
               			SeTakeOwnershipPrivilege
               			SeBackupPrivilege
               			SeRestorePrivilege

TimeCreated  : 13/06/2026 17:51:10
Id           : 4672
ProviderName : Microsoft-Windows-Security-Auditing
MachineName  : WS2022-LAB02
Message      : Special privileges assigned to new logon.

               Subject:
               	Security ID:		S-1-5-21-1843355061-959072039-615746888-3799
               	Account Name:		opsadmin1
               	Account Domain:		WS2022-LAB02
               	Logon ID:		0xE4E9E

               Privileges:		SeSecurityPrivilege
               			SeTakeOwnershipPrivilege
               			SeBackupPrivilege
               			SeRestorePrivilege

TimeCreated  : 13/06/2026 17:51:38
Id           : 4672
ProviderName : Microsoft-Windows-Security-Auditing
MachineName  : WIN-H96JM6F374S
Message      : Special privileges assigned to new logon.

               Subject:
               	Security ID:		S-1-5-21-1843355061-959072039-615746888-7917
               	Account Name:		opsadmin2
               	Account Domain:		WIN-H96JM6F374S
               	Logon ID:		0xDFBAD

               Privileges:		SeSecurityPrivilege
               			SeTakeOwnershipPrivilege
               			SeBackupPrivilege
               			SeRestorePrivilege

TimeCreated  : 13/06/2026 17:52:06
Id           : 4720
ProviderName : Microsoft-Windows-Security-Auditing
MachineName  : WIN-H96JM6F374S
Message      : A user account was created.

               Subject:
               	Security ID:		S-1-5-21-1843355061-959072039-615746888-7617
               	Account Name:		opsadmin3
               	Account Domain:		WIN-H96JM6F374S
               	Logon ID:		0x54654

               New Account:
               	Security ID:		S-1-5-21-1843355061-959072039-615746888-1135
               	Account Name:		tempuser001
               	Account Domain:		WIN-H96JM6F374S

TimeCreated  : 13/06/2026 17:52:42
Id           : 4720
ProviderName : Microsoft-Windows-Security-Auditing
MachineName  : WIN-H96JM6F374S
Message      : A user account was created.

               Subject:
               	Security ID:		S-1-5-21-1843355061-959072039-615746888-9265
               	Account Name:		opsadmin3
               	Account Domain:		WIN-H96JM6F374S
               	Logon ID:		0x3A063

               New Account:
               	Security ID:		S-1-5-21-1843355061-959072039-615746888-3267
               	Account Name:		tempuser002
               	Account Domain:		WIN-H96JM6F374S

TimeCreated  : 13/06/2026 17:53:06
Id           : 4720
ProviderName : Microsoft-Windows-Security-Auditing
MachineName  : WS2022-LAB01
Message      : A user account was created.

               Subject:
               	Security ID:		S-1-5-21-1843355061-959072039-615746888-7304
               	Account Name:		opsadmin2
               	Account Domain:		WS2022-LAB01
               	Logon ID:		0x2E7DF

               New Account:
               	Security ID:		S-1-5-21-1843355061-959072039-615746888-3790
               	Account Name:		tempuser003
               	Account Domain:		WS2022-LAB01

