    {
      "event_id": 4625,
      "timestamp": "13/06/2026 15:37:49",
      "provider_name": "Microsoft-Windows-Security-Auditing",
      "machine_name": "WS2022-LAB02",
      "message": "An account failed to log on.",
      "subject_account": "WS2022-LAB02$",
      "subject_domain": "WORKGROUP",
      "subject_security_id": "S-1-5-18",
      "subject_logon_id": "0x3E7",
      "new_logon_account": null,
      "new_logon_domain": null,
      "new_logon_security_id": null,
      "new_logon_logon_id": null,
      "target_account": "testuser1",
      "target_domain": "WS2022-LAB02",
      "target_security_id": "S-1-5-21-1843355061-959072039-615746888-6751",
      "logon_type": "2",
      "elevated_token": null,
      "virtual_account": null,
      "restricted_admin_mode": null,
      "workstation_name": "WS2022-LAB02",
      "source_network_address": "172.16.10.43",
      "source_port": "58140",
      "process_name": "C:\\Windows\\System32\\svchost.exe",
      "failure_reason": "User not allowed to log on at this computer.",
      "status": "0xC000006E",
      "substatus": "0x0",
      "logon_process": null,
      "authentication_package": null,
      "privileges": [],
      "scenario_id": "FAILED-SINGLE-0232"
    },
    {
      "event_id": 4625,
      "timestamp": "13/06/2026 15:38:32",
      "provider_name": "Microsoft-Windows-Security-Auditing",
      "machine_name": "WS2022-LAB01",
      "message": "An account failed to log on.",
      "subject_account": "WS2022-LAB01$",
      "subject_domain": "WORKGROUP",
      "subject_security_id": "S-1-5-18",
      "subject_logon_id": "0x3E7",
      "new_logon_account": null,
      "new_logon_domain": null,
      "new_logon_security_id": null,
      "new_logon_logon_id": null,
      "target_account": "testuser8",
      "target_domain": "WS2022-LAB01",
      "target_security_id": "S-1-5-21-1843355061-959072039-615746888-5275",
      "logon_type": "2",
      "elevated_token": null,
      "virtual_account": null,
      "restricted_admin_mode": null,
      "workstation_name": "WS2022-LAB01",
      "source_network_address": "172.16.10.120",
      "source_port": "34677",
      "process_name": "C:\\Windows\\System32\\svchost.exe",
      "failure_reason": "User not allowed to log on at this computer.",
      "status": "0xC000006E",
      "substatus": "0x0",
      "logon_process": null,
      "authentication_package": null,
      "privileges": [],
      "scenario_id": "FAILED-SINGLE-0233"
    },
    {
      "event_id": 4625,
      "timestamp": "13/06/2026 15:38:49",
      "provider_name": "Microsoft-Windows-Security-Auditing",
      "machine_name": "WS2022-LAB01",
      "message": "An account failed to log on.",
      "subject_account": "WS2022-LAB01$",
      "subject_domain": "WORKGROUP",
      "subject_security_id": "S-1-5-18",
      "subject_logon_id": "0x3E7",
      "new_logon_account": null,
      "new_logon_domain": null,
      "new_logon_security_id": null,
      "new_logon_logon_id": null,
      "target_account": "testuser20",
      "target_domain": "WS2022-LAB01",
      "target_security_id": "S-1-5-21-1843355061-959072039-615746888-5470",
      "logon_type": "2",
      "elevated_token": null,
      "virtual_account": null,
      "restricted_admin_mode": null,
      "workstation_name": "WS2022-LAB01",
      "source_network_address": "172.16.10.51",
      "source_port": "64726",
      "process_name": "C:\\Windows\\System32\\svchost.exe",
      "failure_reason": "User not allowed to log on at this computer.",
      "status": "0xC000006E",
      "substatus": "0x0",
      "logon_process": null,
      "authentication_package": null,
      "privileges": [],
      "scenario_id": "FAILED-SINGLE-0234"
    },
    {
      "event_id": 4625,
      "timestamp": "13/06/2026 15:39:07",
      "provider_name": "Microsoft-Windows-Security-Auditing",
      "machine_name": "WS2022-LAB01",
      "message": "An account failed to log on.",
      "subject_account": "WS2022-LAB01$",
      "subject_domain": "WORKGROUP",
      "subject_security_id": "S-1-5-18",
      "subject_logon_id": "0x3E7",
      "new_logon_account": null,
      "new_logon_domain": null,
      "new_logon_security_id": null,
      "new_logon_logon_id": null,
      "target_account": "testuser3",
      "target_domain": "WS2022-LAB01",
      "target_security_id": "S-1-5-21-1843355061-959072039-615746888-6645",
      "logon_type": "2",
      "elevated_token": null,
      "virtual_account": null,
      "restricted_admin_mode": null,
      "workstation_name": "WS2022-LAB01",
      "source_network_address": "172.16.10.178",
      "source_port": "45850",
      "process_name": "C:\\Windows\\System32\\svchost.exe",
      "failure_reason": "User not allowed to log on at this computer.",
      "status": "0xC000006E",
      "substatus": "0x0",
      "logon_process": null,
      "authentication_package": null,
      "privileges": [],
      "scenario_id": "FAILED-SINGLE-0235"
    },
    {
      "event_id": 4625,
      "timestamp": "13/06/2026 15:39:39",
      "provider_name": "Microsoft-Windows-Security-Auditing",
      "machine_name": "WIN-H96JM6F374S",
      "message": "An account failed to log on.",
      "subject_account": "WIN-H96JM6F374S$",
      "subject_domain": "WORKGROUP",
      "subject_security_id": "S-1-5-18",
      "subject_logon_id": "0x3E7",
      "new_logon_account": null,
      "new_logon_domain": null,
      "new_logon_security_id": null,
      "new_logon_logon_id": null,
      "target_account": "testuser12",
      "target_domain": "WIN-H96JM6F374S",
      "target_security_id": "S-1-5-21-1843355061-959072039-615746888-5791",
      "logon_type": "2",
      "elevated_token": null,
      "virtual_account": null,
      "restricted_admin_mode": null,
      "workstation_name": "WIN-H96JM6F374S",
      "source_network_address": "192.168.56.172",
      "source_port": "16667",
      "process_name": "C:\\Windows\\System32\\svchost.exe",
      "failure_reason": "User not allowed to log on at this computer.",
      "status": "0xC000006E",
      "substatus": "0x0",
      "logon_process": null,
      "authentication_package": null,
      "privileges": [],
      "scenario_id": "FAILED-SINGLE-0236"
    },
    {
      "event_id": 4625,
      "timestamp": "13/06/2026 15:39:55",
      "provider_name": "Microsoft-Windows-Security-Auditing",
      "machine_name": "WS2022-LAB01",
      "message": "An account failed to log on.",
      "subject_account": "WS2022-LAB01$",
      "subject_domain": "WORKGROUP",
      "subject_security_id": "S-1-5-18",
      "subject_logon_id": "0x3E7",
      "new_logon_account": null,
      "new_logon_domain": null,
      "new_logon_security_id": null,
      "new_logon_logon_id": null,
      "target_account": "testuser1",
      "target_domain": "WS2022-LAB01",
      "target_security_id": "S-1-5-21-1843355061-959072039-615746888-4984",
      "logon_type": "2",
      "elevated_token": null,
      "virtual_account": null,
      "restricted_admin_mode": null,
      "workstation_name": "WS2022-LAB01",
      "source_network_address": "192.168.56.127",
      "source_port": "26754",
      "process_name": "C:\\Windows\\System32\\svchost.exe",
      "failure_reason": "Unknown user name or bad password.",
      "status": "0xC000006D",
      "substatus": "0xC000006A",
      "logon_process": null,
      "authentication_package": null,
      "privileges": [],
      "scenario_id": "FAILED-SINGLE-0237"
    },
    {
      "event_id": 4625,
      "timestamp": "13/06/2026 15:40:10",
      "provider_name": "Microsoft-Windows-Security-Auditing",
      "machine_name": "WIN-H96JM6F374S",
      "message": "An account failed to log on.",
      "subject_account": "WIN-H96JM6F374S$",
      "subject_domain": "WORKGROUP",
      "subject_security_id": "S-1-5-18",
      "subject_logon_id": "0x3E7",
      "new_logon_account": null,
      "new_logon_domain": null,
      "new_logon_security_id": null,
      "new_logon_logon_id": null,
      "target_account": "testuser1",
      "target_domain": "WIN-H96JM6F374S",
      "target_security_id": "S-1-5-21-1843355061-959072039-615746888-8163",
      "logon_type": "2",
      "elevated_token": null,
      "virtual_account": null,
      "restricted_admin_mode": null,
      "workstation_name": "WIN-H96JM6F374S",
      "source_network_address": "172.16.10.197",
      "source_port": "21635",
      "process_name": "C:\\Windows\\System32\\svchost.exe",
      "failure_reason": "Unknown user name or bad password.",
      "status": "0xC000006D",
      "substatus": "0xC000006A",
      "logon_process": null,
      "authentication_package": null,
      "privileges": [],
      "scenario_id": "FAILED-SINGLE-0238"
    },
    {
      "event_id": 4625,
      "timestamp": "13/06/2026 15:40:36",
      "provider_name": "Microsoft-Windows-Security-Auditing",
      "machine_name": "WS2022-LAB01",
      "message": "An account failed to log on.",
      "subject_account": "WS2022-LAB01$",
      "subject_domain": "WORKGROUP",
      "subject_security_id": "S-1-5-18",
      "subject_logon_id": "0x3E7",
      "new_logon_account": null,
      "new_logon_domain": null,
      "new_logon_security_id": null,
      "new_logon_logon_id": null,
      "target_account": "testuser10",
      "target_domain": "WS2022-LAB01",
      "target_security_id": "S-1-5-21-1843355061-959072039-615746888-7400",
      "logon_type": "2",
      "elevated_token": null,
      "virtual_account": null,
      "restricted_admin_mode": null,
      "workstation_name": "WS2022-LAB01",
      "source_network_address": "172.16.10.91",
      "source_port": "44409",
      "process_name": "C:\\Windows\\System32\\svchost.exe",
      "failure_reason": "User not allowed to log on at this computer.",
      "status": "0xC000006E",
      "substatus": "0x0",
      "logon_process": null,
      "authentication_package": null,
      "privileges": [],
      "scenario_id": "FAILED-SINGLE-0239"
    },
    {
      "event_id": 4625,
      "timestamp": "13/06/2026 15:41:08",
      "provider_name": "Microsoft-Windows-Security-Auditing",
      "machine_name": "WIN-H96JM6F374S",
      "message": "An account failed to log on.",
      "subject_account": "WIN-H96JM6F374S$",
      "subject_domain": "WORKGROUP",
      "subject_security_id": "S-1-5-18",
      "subject_logon_id": "0x3E7",
      "new_logon_account": null,
      "new_logon_domain": null,
      "new_logon_security_id": null,
      "new_logon_logon_id": null,
      "target_account": "testuser15",
      "target_domain": "WIN-H96JM6F374S",
      "target_security_id": "S-1-5-21-1843355061-959072039-615746888-6514",
      "logon_type": "2",
      "elevated_token": null,
      "virtual_account": null,
      "restricted_admin_mode": null,
      "workstation_name": "WIN-H96JM6F374S",
      "source_network_address": "172.16.10.44",
      "source_port": "57747",
      "process_name": "C:\\Windows\\System32\\svchost.exe",
      "failure_reason": "Unknown user name or bad password.",
      "status": "0xC000006D",
      "substatus": "0xC000006A",
      "logon_process": null,
      "authentication_package": null,
      "privileges": [],
      "scenario_id": "FAILED-SINGLE-0240"
    },
    {
      "event_id": 4625,
      "timestamp": "13/06/2026 15:41:25",
      "provider_name": "Microsoft-Windows-Security-Auditing",
      "machine_name": "WS2022-LAB02",
      "message": "An account failed to log on.",
      "subject_account": "WS2022-LAB02$",
      "subject_domain": "WORKGROUP",
      "subject_security_id": "S-1-5-18",
      "subject_logon_id": "0x3E7",
      "new_logon_account": null,
      "new_logon_domain": null,
      "new_logon_security_id": null,
      "new_logon_logon_id": null,
      "target_account": "testuser13",
      "target_domain": "WS2022-LAB02",
      "target_security_id": "S-1-5-21-1843355061-959072039-615746888-5865",
      "logon_type": "2",
      "elevated_token": null,
      "virtual_account": null,
      "restricted_admin_mode": null,
      "workstation_name": "WS2022-LAB02",
      "source_network_address": "192.168.56.185",
      "source_port": "48923",
      "process_name": "C:\\Windows\\System32\\svchost.exe",
      "failure_reason": "User not allowed to log on at this computer.",
      "status": "0xC000006E",
      "substatus": "0x0",
      "logon_process": null,
      "authentication_package": null,
      "privileges": [],
      "scenario_id": "FAILED-SINGLE-0241"
    },
    {
      "event_id": 4625,
      "timestamp": "13/06/2026 15:41:44",
      "provider_name": "Microsoft-Windows-Security-Auditing",
      "machine_name": "WS2022-LAB02",
      "message": "An account failed to log on.",
      "subject_account": "WS2022-LAB02$",
      "subject_domain": "WORKGROUP",
      "subject_security_id": "S-1-5-18",
      "subject_logon_id": "0x3E7",
      "new_logon_account": null,
      "new_logon_domain": null,
      "new_logon_security_id": null,
      "new_logon_logon_id": null,
      "target_account": "testuser2",
      "target_domain": "WS2022-LAB02",
      "target_security_id": "S-1-5-21-1843355061-959072039-615746888-4941",
      "logon_type": "2",
      "elevated_token": null,
      "virtual_account": null,
      "restricted_admin_mode": null,
      "workstation_name": "WS2022-LAB02",
      "source_network_address": "172.16.10.163",
      "source_port": "12916",
      "process_name": "C:\\Windows\\System32\\svchost.exe",
      "failure_reason": "User not allowed to log on at this computer.",
      "status": "0xC000006E",
      "substatus": "0x0",
      "logon_process": null,
      "authentication_package": null,
      "privileges": [],
      "scenario_id": "FAILED-SINGLE-0242"
    },
    {
      "event_id": 4625,
      "timestamp": "13/06/2026 15:42:00",
      "provider_name": "Microsoft-Windows-Security-Auditing",
      "machine_name": "WS2022-LAB02",
      "message": "An account failed to log on.",
      "subject_account": "WS2022-LAB02$",
      "subject_domain": "WORKGROUP",
      "subject_security_id": "S-1-5-18",
      "subject_logon_id": "0x3E7",
      "new_logon_account": null,
      "new_logon_domain": null,
      "new_logon_security_id": null,
      "new_logon_logon_id": null,
      "target_account": "testuser14",
      "target_domain": "WS2022-LAB02",
      "target_security_id": "S-1-5-21-1843355061-959072039-615746888-3060",
      "logon_type": "2",
      "elevated_token": null,
      "virtual_account": null,
      "restricted_admin_mode": null,
      "workstation_name": "WS2022-LAB02",
      "source_network_address": "172.16.10.64",
      "source_port": "22257",
      "process_name": "C:\\Windows\\System32\\svchost.exe",
      "failure_reason": "Unknown user name or bad password.",
      "status": "0xC000006D",
      "substatus": "0xC000006A",
      "logon_process": null,
      "authentication_package": null,
      "privileges": [],
      "scenario_id": "FAILED-SINGLE-0243"
    },
    {
      "event_id": 4625,
      "timestamp": "13/06/2026 15:42:17",
      "provider_name": "Microsoft-Windows-Security-Auditing",
      "machine_name": "WS2022-LAB01",
      "message": "An account failed to log on.",
      "subject_account": "WS2022-LAB01$",
      "subject_domain": "WORKGROUP",
      "subject_security_id": "S-1-5-18",
      "subject_logon_id": "0x3E7",
      "new_logon_account": null,
      "new_logon_domain": null,
      "new_logon_security_id": null,
      "new_logon_logon_id": null,
      "target_account": "testuser16",
      "target_domain": "WS2022-LAB01",
      "target_security_id": "S-1-5-21-1843355061-959072039-615746888-9608",
      "logon_type": "2",
      "elevated_token": null,
      "virtual_account": null,
      "restricted_admin_mode": null,
      "workstation_name": "WS2022-LAB01",
      "source_network_address": "172.16.10.12",
      "source_port": "10333",
      "process_name": "C:\\Windows\\System32\\svchost.exe",
      "failure_reason": "Unknown user name or bad password.",
      "status": "0xC000006D",
      "substatus": "0xC0000064",
      "logon_process": null,
      "authentication_package": null,
      "privileges": [],
      "scenario_id": "FAILED-SINGLE-0244"
    },
    {
      "event_id": 4625,
      "timestamp": "13/06/2026 15:42:40",
      "provider_name": "Microsoft-Windows-Security-Auditing",
      "machine_name": "WIN-H96JM6F374S",
      "message": "An account failed to log on.",
      "subject_account": "WIN-H96JM6F374S$",
      "subject_domain": "WORKGROUP",
      "subject_security_id": "S-1-5-18",
      "subject_logon_id": "0x3E7",
      "new_logon_account": null,
      "new_logon_domain": null,
      "new_logon_security_id": null,
      "new_logon_logon_id": null,
      "target_account": "testuser18",
      "target_domain": "WIN-H96JM6F374S",
      "target_security_id": "S-1-5-21-1843355061-959072039-615746888-7571",
      "logon_type": "2",
      "elevated_token": null,
      "virtual_account": null,
      "restricted_admin_mode": null,
      "workstation_name": "WIN-H96JM6F374S",
      "source_network_address": "172.16.10.59",
      "source_port": "45341",
      "process_name": "C:\\Windows\\System32\\svchost.exe",
      "failure_reason": "Unknown user name or bad password.",
      "status": "0xC000006D",
      "substatus": "0xC000006A",
      "logon_process": null,
      "authentication_package": null,
      "privileges": [],
      "scenario_id": "FAILED-SINGLE-0245"
    },
    {
      "event_id": 4625,
      "timestamp": "13/06/2026 15:43:01",
      "provider_name": "Microsoft-Windows-Security-Auditing",
      "machine_name": "WS2022-LAB02",
      "message": "An account failed to log on.",
      "subject_account": "WS2022-LAB02$",
      "subject_domain": "WORKGROUP",
      "subject_security_id": "S-1-5-18",
      "subject_logon_id": "0x3E7",
      "new_logon_account": null,
      "new_logon_domain": null,
      "new_logon_security_id": null,
      "new_logon_logon_id": null,
      "target_account": "testuser6",
      "target_domain": "WS2022-LAB02",
      "target_security_id": "S-1-5-21-1843355061-959072039-615746888-8171",
      "logon_type": "2",
      "elevated_token": null,
      "virtual_account": null,
      "restricted_admin_mode": null,
      "workstation_name": "WS2022-LAB02",
      "source_network_address": "192.168.56.25",
      "source_port": "54792",
      "process_name": "C:\\Windows\\System32\\svchost.exe",
      "failure_reason": "User not allowed to log on at this computer.",
      "status": "0xC000006E",
      "substatus": "0x0",
      "logon_process": null,
      "authentication_package": null,
      "privileges": [],
      "scenario_id": "FAILED-SINGLE-0246"
    },
    {
      "event_id": 4625,
      "timestamp": "13/06/2026 15:43:09",
      "provider_name": "Microsoft-Windows-Security-Auditing",
      "machine_name": "WIN-H96JM6F374S",
      "message": "An account failed to log on.",
      "subject_account": "WIN-H96JM6F374S$",
      "subject_domain": "WORKGROUP",
      "subject_security_id": "S-1-5-18",
      "subject_logon_id": "0x3E7",
      "new_logon_account": null,
      "new_logon_domain": null,
      "new_logon_security_id": null,
      "new_logon_logon_id": null,
      "target_account": "testuser7",
      "target_domain": "WIN-H96JM6F374S",
      "target_security_id": "S-1-5-21-1843355061-959072039-615746888-1594",
      "logon_type": "2",
      "elevated_token": null,
      "virtual_account": null,
      "restricted_admin_mode": null,
      "workstation_name": "WIN-H96JM6F374S",
      "source_network_address": "192.168.56.121",
      "source_port": "54454",
      "process_name": "C:\\Windows\\System32\\svchost.exe",
      "failure_reason": "Unknown user name or bad password.",
      "status": "0xC000006D",
      "substatus": "0xC000006A",
      "logon_process": null,
      "authentication_package": null,
      "privileges": [],
      "scenario_id": "FAILED-SINGLE-0247"
    },
    {
      "event_id": 4625,
      "timestamp": "13/06/2026 15:43:16",
      "provider_name": "Microsoft-Windows-Security-Auditing",
      "machine_name": "WIN-H96JM6F374S",
      "message": "An account failed to log on.",
      "subject_account": "WIN-H96JM6F374S$",
      "subject_domain": "WORKGROUP",
      "subject_security_id": "S-1-5-18",
      "subject_logon_id": "0x3E7",
      "new_logon_account": null,
      "new_logon_domain": null,
      "new_logon_security_id": null,
      "new_logon_logon_id": null,
      "target_account": "testuser10",
      "target_domain": "WIN-H96JM6F374S",
      "target_security_id": "S-1-5-21-1843355061-959072039-615746888-4779",
      "logon_type": "2",
      "elevated_token": null,
      "virtual_account": null,
      "restricted_admin_mode": null,
      "workstation_name": "WIN-H96JM6F374S",
      "source_network_address": "10.0.0.139",
      "source_port": "27615",
      "process_name": "C:\\Windows\\System32\\svchost.exe",
      "failure_reason": "Unknown user name or bad password.",
      "status": "0xC000006D",
      "substatus": "0xC000006A",
      "logon_process": null,
      "authentication_package": null,
      "privileges": [],
      "scenario_id": "FAILED-SINGLE-0248"
    },
    {
      "event_id": 4625,
      "timestamp": "13/06/2026 15:43:55",
      "provider_name": "Microsoft-Windows-Security-Auditing",
      "machine_name": "WS2022-LAB01",
      "message": "An account failed to log on.",
      "subject_account": "WS2022-LAB01$",
      "subject_domain": "WORKGROUP",
      "subject_security_id": "S-1-5-18",
      "subject_logon_id": "0x3E7",
      "new_logon_account": null,
      "new_logon_domain": null,
      "new_logon_security_id": null,
      "new_logon_logon_id": null,
      "target_account": "testuser12",
      "target_domain": "WS2022-LAB01",
      "target_security_id": "S-1-5-21-1843355061-959072039-615746888-3430",
      "logon_type": "2",
      "elevated_token": null,
      "virtual_account": null,
      "restricted_admin_mode": null,
      "workstation_name": "WS2022-LAB01",
      "source_network_address": "172.16.10.64",
      "source_port": "24120",
      "process_name": "C:\\Windows\\System32\\svchost.exe",
      "failure_reason": "Unknown user name or bad password.",
      "status": "0xC000006D",
      "substatus": "0xC000006A",
      "logon_process": null,
      "authentication_package": null,
      "privileges": [],
      "scenario_id": "FAILED-SINGLE-0249"
    },
    {
      "event_id": 4625,
      "timestamp": "13/06/2026 15:44:24",
      "provider_name": "Microsoft-Windows-Security-Auditing",
      "machine_name": "WIN-H96JM6F374S",
      "message": "An account failed to log on.",
      "subject_account": "WIN-H96JM6F374S$",
      "subject_domain": "WORKGROUP",
      "subject_security_id": "S-1-5-18",
      "subject_logon_id": "0x3E7",
      "new_logon_account": null,
      "new_logon_domain": null,
      "new_logon_security_id": null,
      "new_logon_logon_id": null,
      "target_account": "testuser17",
      "target_domain": "WIN-H96JM6F374S",
      "target_security_id": "S-1-5-21-1843355061-959072039-615746888-7738",
      "logon_type": "2",
      "elevated_token": null,
      "virtual_account": null,
      "restricted_admin_mode": null,
      "workstation_name": "WIN-H96JM6F374S",
      "source_network_address": "172.16.10.85",
      "source_port": "30345",
      "process_name": "C:\\Windows\\System32\\svchost.exe",
      "failure_reason": "Unknown user name or bad password.",
      "status": "0xC000006D",
      "substatus": "0xC000006A",
      "logon_process": null,
      "authentication_package": null,
      "privileges": [],
      "scenario_id": "FAILED-SINGLE-0250"
    },
    {
      "event_id": 4625,
      "timestamp": "13/06/2026 15:45:06",
      "provider_name": "Microsoft-Windows-Security-Auditing",
      "machine_name": "WS2022-LAB01",
      "message": "An account failed to log on.",
      "subject_account": "WS2022-LAB01$",
      "subject_domain": "WORKGROUP",
      "subject_security_id": "S-1-5-18",
      "subject_logon_id": "0x3E7",
      "new_logon_account": null,
      "new_logon_domain": null,
      "new_logon_security_id": null,
      "new_logon_logon_id": null,
      "target_account": "testuser17",
      "target_domain": "WS2022-LAB01",
      "target_security_id": "S-1-5-21-1843355061-959072039-615746888-8237",
      "logon_type": "2",
      "elevated_token": null,
      "virtual_account": null,
      "restricted_admin_mode": null,
      "workstation_name": "WS2022-LAB01",
      "source_network_address": "192.168.56.192",
      "source_port": "27816",
      "process_name": "C:\\Windows\\System32\\svchost.exe",
      "failure_reason": "User not allowed to log on at this computer.",
      "status": "0xC000006E",
      "substatus": "0x0",
      "logon_process": null,
      "authentication_package": null,
      "privileges": [],
      "scenario_id": "FAILED-SINGLE-0251"
    },
    {
      "event_id": 4625,
      "timestamp": "13/06/2026 15:45:48",
      "provider_name": "Microsoft-Windows-Security-Auditing",
      "machine_name": "WS2022-LAB01",
      "message": "An account failed to log on.",
      "subject_account": "WS2022-LAB01$",
      "subject_domain": "WORKGROUP",
      "subject_security_id": "S-1-5-18",
      "subject_logon_id": "0x3E7",
      "new_logon_account": null,
      "new_logon_domain": null,
      "new_logon_security_id": null,
      "new_logon_logon_id": null,
      "target_account": "testuser17",
      "target_domain": "WS2022-LAB01",
      "target_security_id": "S-1-5-21-1843355061-959072039-615746888-4760",
      "logon_type": "2",
      "elevated_token": null,
      "virtual_account": null,
      "restricted_admin_mode": null,
      "workstation_name": "WS2022-LAB01",
      "source_network_address": "172.16.10.77",
      "source_port": "27967",
      "process_name": "C:\\Windows\\System32\\svchost.exe",
      "failure_reason": "Unknown user name or bad password.",
      "status": "0xC000006D",
      "substatus": "0xC0000064",
      "logon_process": null,
      "authentication_package": null,
      "privileges": [],
      "scenario_id": "FAILED-SINGLE-0252"
    },
    {
      "event_id": 4625,
      "timestamp": "13/06/2026 15:46:12",
      "provider_name": "Microsoft-Windows-Security-Auditing",
      "machine_name": "WIN-H96JM6F374S",
      "message": "An account failed to log on.",
      "subject_account": "WIN-H96JM6F374S$",
      "subject_domain": "WORKGROUP",
      "subject_security_id": "S-1-5-18",
      "subject_logon_id": "0x3E7",
      "new_logon_account": null,
      "new_logon_domain": null,
      "new_logon_security_id": null,
      "new_logon_logon_id": null,
      "target_account": "testuser2",
      "target_domain": "WIN-H96JM6F374S",
      "target_security_id": "S-1-5-21-1843355061-959072039-615746888-1623",
      "logon_type": "2",
      "elevated_token": null,
      "virtual_account": null,
      "restricted_admin_mode": null,
      "workstation_name": "WIN-H96JM6F374S",
      "source_network_address": "172.16.10.119",
      "source_port": "12632",
      "process_name": "C:\\Windows\\System32\\svchost.exe",
      "failure_reason": "User not allowed to log on at this computer.",
      "status": "0xC000006E",
      "substatus": "0x0",
      "logon_process": null,
      "authentication_package": null,
      "privileges": [],
      "scenario_id": "FAILED-SINGLE-0253"
    },
    {
      "event_id": 4625,
      "timestamp": "13/06/2026 15:46:55",
      "provider_name": "Microsoft-Windows-Security-Auditing",
      "machine_name": "WS2022-LAB01",
      "message": "An account failed to log on.",
      "subject_account": "WS2022-LAB01$",
      "subject_domain": "WORKGROUP",
      "subject_security_id": "S-1-5-18",
      "subject_logon_id": "0x3E7",
      "new_logon_account": null,
      "new_logon_domain": null,
      "new_logon_security_id": null,
      "new_logon_logon_id": null,
      "target_account": "testuser10",
      "target_domain": "WS2022-LAB01",
      "target_security_id": "S-1-5-21-1843355061-959072039-615746888-6598",
      "logon_type": "2",
      "elevated_token": null,
      "virtual_account": null,
      "restricted_admin_mode": null,
      "workstation_name": "WS2022-LAB01",
      "source_network_address": "10.0.0.177",
      "source_port": "5252",
      "process_name": "C:\\Windows\\System32\\svchost.exe",
      "failure_reason": "Unknown user name or bad password.",
      "status": "0xC000006D",
      "substatus": "0xC000006A",
      "logon_process": null,
      "authentication_package": null,
      "privileges": [],
      "scenario_id": "FAILED-SINGLE-0254"
    },
    {
      "event_id": 4625,
      "timestamp": "13/06/2026 15:47:06",
      "provider_name": "Microsoft-Windows-Security-Auditing",
      "machine_name": "WS2022-LAB02",
      "message": "An account failed to log on.",
      "subject_account": "WS2022-LAB02$",
      "subject_domain": "WORKGROUP",
      "subject_security_id": "S-1-5-18",
      "subject_logon_id": "0x3E7",
      "new_logon_account": null,
      "new_logon_domain": null,
      "new_logon_security_id": null,
      "new_logon_logon_id": null,
      "target_account": "testuser2",
      "target_domain": "WS2022-LAB02",
      "target_security_id": "S-1-5-21-1843355061-959072039-615746888-4803",
      "logon_type": "2",
      "elevated_token": null,
      "virtual_account": null,
      "restricted_admin_mode": null,
      "workstation_name": "WS2022-LAB02",
      "source_network_address": "172.16.10.119",
      "source_port": "55945",
      "process_name": "C:\\Windows\\System32\\svchost.exe",
      "failure_reason": "Unknown user name or bad password.",
      "status": "0xC000006D",
      "substatus": "0xC0000064",
      "logon_process": null,
      "authentication_package": null,
      "privileges": [],
      "scenario_id": "FAILED-SINGLE-0255"
    },
    {
      "event_id": 4625,
      "timestamp": "13/06/2026 15:47:24",
      "provider_name": "Microsoft-Windows-Security-Auditing",
      "machine_name": "WIN-H96JM6F374S",
      "message": "An account failed to log on.",
      "subject_account": "WIN-H96JM6F374S$",
      "subject_domain": "WORKGROUP",
      "subject_security_id": "S-1-5-18",
      "subject_logon_id": "0x3E7",
      "new_logon_account": null,
      "new_logon_domain": null,
      "new_logon_security_id": null,
      "new_logon_logon_id": null,
      "target_account": "testuser11",
      "target_domain": "WIN-H96JM6F374S",
      "target_security_id": "S-1-5-21-1843355061-959072039-615746888-9550",
      "logon_type": "2",
      "elevated_token": null,
      "virtual_account": null,
      "restricted_admin_mode": null,
      "workstation_name": "WIN-H96JM6F374S",
      "source_network_address": "192.168.56.252",
      "source_port": "45767",
      "process_name": "C:\\Windows\\System32\\svchost.exe",
      "failure_reason": "Unknown user name or bad password.",
      "status": "0xC000006D",
      "substatus": "0xC000006A",
      "logon_process": null,
      "authentication_package": null,
      "privileges": [],
      "scenario_id": "FAILED-SINGLE-0256"
    },
    {
      "event_id": 4625,
      "timestamp": "13/06/2026 15:47:52",
      "provider_name": "Microsoft-Windows-Security-Auditing",
      "machine_name": "WIN-H96JM6F374S",
      "message": "An account failed to log on.",
      "subject_account": "WIN-H96JM6F374S$",
      "subject_domain": "WORKGROUP",
      "subject_security_id": "S-1-5-18",
      "subject_logon_id": "0x3E7",
      "new_logon_account": null,
      "new_logon_domain": null,
      "new_logon_security_id": null,
      "new_logon_logon_id": null,
      "target_account": "testuser4",
      "target_domain": "WIN-H96JM6F374S",
      "target_security_id": "S-1-5-21-1843355061-959072039-615746888-5942",
      "logon_type": "2",
      "elevated_token": null,
      "virtual_account": null,
      "restricted_admin_mode": null,
      "workstation_name": "WIN-H96JM6F374S",
      "source_network_address": "10.0.0.212",
      "source_port": "37679",
      "process_name": "C:\\Windows\\System32\\svchost.exe",
      "failure_reason": "Unknown user name or bad password.",
      "status": "0xC000006D",
      "substatus": "0xC000006A",
      "logon_process": null,
      "authentication_package": null,
      "privileges": [],
      "scenario_id": "FAILED-SINGLE-0257"
    },
    {
      "event_id": 4625,
      "timestamp": "13/06/2026 15:48:30",
      "provider_name": "Microsoft-Windows-Security-Auditing",
      "machine_name": "WS2022-LAB01",
      "message": "An account failed to log on.",
      "subject_account": "WS2022-LAB01$",
      "subject_domain": "WORKGROUP",
      "subject_security_id": "S-1-5-18",
      "subject_logon_id": "0x3E7",
      "new_logon_account": null,
      "new_logon_domain": null,
      "new_logon_security_id": null,
      "new_logon_logon_id": null,
      "target_account": "testuser16",
      "target_domain": "WS2022-LAB01",
      "target_security_id": "S-1-5-21-1843355061-959072039-615746888-5401",
      "logon_type": "2",
      "elevated_token": null,
      "virtual_account": null,
      "restricted_admin_mode": null,
      "workstation_name": "WS2022-LAB01",
      "source_network_address": "172.16.10.220",
      "source_port": "44851",
      "process_name": "C:\\Windows\\System32\\svchost.exe",
      "failure_reason": "User not allowed to log on at this computer.",
      "status": "0xC000006E",
      "substatus": "0x0",
      "logon_process": null,
      "authentication_package": null,
      "privileges": [],
      "scenario_id": "FAILED-SINGLE-0258"
    },
    {
      "event_id": 4625,
      "timestamp": "13/06/2026 15:48:40",
      "provider_name": "Microsoft-Windows-Security-Auditing",
      "machine_name": "WIN-H96JM6F374S",
      "message": "An account failed to log on.",
      "subject_account": "WIN-H96JM6F374S$",
      "subject_domain": "WORKGROUP",
      "subject_security_id": "S-1-5-18",
      "subject_logon_id": "0x3E7",
      "new_logon_account": null,
      "new_logon_domain": null,
      "new_logon_security_id": null,
      "new_logon_logon_id": null,
      "target_account": "testuser18",
      "target_domain": "WIN-H96JM6F374S",
      "target_security_id": "S-1-5-21-1843355061-959072039-615746888-4109",
      "logon_type": "2",
      "elevated_token": null,
      "virtual_account": null,
      "restricted_admin_mode": null,
      "workstation_name": "WIN-H96JM6F374S",
      "source_network_address": "192.168.56.14",
      "source_port": "38432",
      "process_name": "C:\\Windows\\System32\\svchost.exe",
      "failure_reason": "Unknown user name or bad password.",
      "status": "0xC000006D",
      "substatus": "0xC0000064",
      "logon_process": null,
      "authentication_package": null,
      "privileges": [],
      "scenario_id": "FAILED-SINGLE-0259"
    },
    {
      "event_id": 4625,
      "timestamp": "13/06/2026 15:49:04",
      "provider_name": "Microsoft-Windows-Security-Auditing",
      "machine_name": "WS2022-LAB01",
      "message": "An account failed to log on.",
      "subject_account": "WS2022-LAB01$",
      "subject_domain": "WORKGROUP",
      "subject_security_id": "S-1-5-18",
      "subject_logon_id": "0x3E7",
      "new_logon_account": null,
      "new_logon_domain": null,
      "new_logon_security_id": null,
      "new_logon_logon_id": null,
      "target_account": "testuser18",
      "target_domain": "WS2022-LAB01",
      "target_security_id": "S-1-5-21-1843355061-959072039-615746888-9754",
      "logon_type": "2",
      "elevated_token": null,
      "virtual_account": null,
      "restricted_admin_mode": null,
      "workstation_name": "WS2022-LAB01",
      "source_network_address": "192.168.56.132",
      "source_port": "39093",
      "process_name": "C:\\Windows\\System32\\svchost.exe",
      "failure_reason": "User not allowed to log on at this computer.",
      "status": "0xC000006E",
      "substatus": "0x0",
      "logon_process": null,
      "authentication_package": null,
      "privileges": [],
      "scenario_id": "FAILED-SINGLE-0260"
    },
    {
      "event_id": 4625,
      "timestamp": "13/06/2026 15:49:42",
      "provider_name": "Microsoft-Windows-Security-Auditing",
      "machine_name": "WS2022-LAB02",
      "message": "An account failed to log on.",
      "subject_account": "WS2022-LAB02$",
      "subject_domain": "WORKGROUP",
      "subject_security_id": "S-1-5-18",
      "subject_logon_id": "0x3E7",
      "new_logon_account": null,
      "new_logon_domain": null,
      "new_logon_security_id": null,
      "new_logon_logon_id": null,
      "target_account": "testuser1",
      "target_domain": "WS2022-LAB02",
      "target_security_id": "S-1-5-21-1843355061-959072039-615746888-8219",
      "logon_type": "2",
      "elevated_token": null,
      "virtual_account": null,
      "restricted_admin_mode": null,
      "workstation_name": "WS2022-LAB02",
      "source_network_address": "10.0.0.59",
      "source_port": "36706",
      "process_name": "C:\\Windows\\System32\\svchost.exe",
      "failure_reason": "User not allowed to log on at this computer.",
      "status": "0xC000006E",
      "substatus": "0x0",
      "logon_process": null,
      "authentication_package": null,
      "privileges": [],
      "scenario_id": "FAILED-SINGLE-0261"
    },
    {
      "event_id": 4625,
      "timestamp": "13/06/2026 15:50:23",
      "provider_name": "Microsoft-Windows-Security-Auditing",
      "machine_name": "WS2022-LAB02",
      "message": "An account failed to log on.",
      "subject_account": "WS2022-LAB02$",
      "subject_domain": "WORKGROUP",
      "subject_security_id": "S-1-5-18",
      "subject_logon_id": "0x3E7",
      "new_logon_account": null,
      "new_logon_domain": null,
      "new_logon_security_id": null,
      "new_logon_logon_id": null,
      "target_account": "testuser4",
      "target_domain": "WS2022-LAB02",
      "target_security_id": "S-1-5-21-1843355061-959072039-615746888-4413",
      "logon_type": "2",
      "elevated_token": null,
      "virtual_account": null,
      "restricted_admin_mode": null,
      "workstation_name": "WS2022-LAB02",
      "source_network_address": "172.16.10.10",
      "source_port": "45048",
      "process_name": "C:\\Windows\\System32\\svchost.exe",
      "failure_reason": "Unknown user name or bad password.",
      "status": "0xC000006D",
      "substatus": "0xC000006A",
      "logon_process": null,
      "authentication_package": null,
      "privileges": [],
      "scenario_id": "FAILED-SINGLE-0262"
    },
    {
      "event_id": 4625,
      "timestamp": "13/06/2026 15:51:00",
      "provider_name": "Microsoft-Windows-Security-Auditing",
      "machine_name": "WIN-H96JM6F374S",
      "message": "An account failed to log on.",
      "subject_account": "WIN-H96JM6F374S$",
      "subject_domain": "WORKGROUP",
      "subject_security_id": "S-1-5-18",
      "subject_logon_id": "0x3E7",
      "new_logon_account": null,
      "new_logon_domain": null,
      "new_logon_security_id": null,
      "new_logon_logon_id": null,
      "target_account": "testuser14",
      "target_domain": "WIN-H96JM6F374S",
      "target_security_id": "S-1-5-21-1843355061-959072039-615746888-4204",
      "logon_type": "2",
      "elevated_token": null,
      "virtual_account": null,
      "restricted_admin_mode": null,
      "workstation_name": "WIN-H96JM6F374S",
      "source_network_address": "192.168.56.158",
      "source_port": "4228",
      "process_name": "C:\\Windows\\System32\\svchost.exe",
      "failure_reason": "Unknown user name or bad password.",
      "status": "0xC000006D",
      "substatus": "0xC000006A",
      "logon_process": null,
      "authentication_package": null,
      "privileges": [],
      "scenario_id": "FAILED-SINGLE-0263"
    },
    {
      "event_id": 4625,
      "timestamp": "13/06/2026 15:51:13",
      "provider_name": "Microsoft-Windows-Security-Auditing",
      "machine_name": "WS2022-LAB02",
      "message": "An account failed to log on.",
      "subject_account": "WS2022-LAB02$",
      "subject_domain": "WORKGROUP",
      "subject_security_id": "S-1-5-18",
      "subject_logon_id": "0x3E7",
      "new_logon_account": null,
      "new_logon_domain": null,
      "new_logon_security_id": null,
      "new_logon_logon_id": null,
      "target_account": "testuser12",
      "target_domain": "WS2022-LAB02",
      "target_security_id": "S-1-5-21-1843355061-959072039-615746888-1649",
      "logon_type": "2",
      "elevated_token": null,
      "virtual_account": null,
      "restricted_admin_mode": null,
      "workstation_name": "WS2022-LAB02",
      "source_network_address": "192.168.56.184",
      "source_port": "11071",
      "process_name": "C:\\Windows\\System32\\svchost.exe",
      "failure_reason": "Unknown user name or bad password.",
      "status": "0xC000006D",
      "substatus": "0xC000006A",
      "logon_process": null,
      "authentication_package": null,
      "privileges": [],
      "scenario_id": "FAILED-SINGLE-0264"
    },
    {
      "event_id": 4625,
      "timestamp": "13/06/2026 15:51:32",
      "provider_name": "Microsoft-Windows-Security-Auditing",
      "machine_name": "WS2022-LAB01",
      "message": "An account failed to log on.",
      "subject_account": "WS2022-LAB01$",
      "subject_domain": "WORKGROUP",
      "subject_security_id": "S-1-5-18",
      "subject_logon_id": "0x3E7",
      "new_logon_account": null,
      "new_logon_domain": null,
      "new_logon_security_id": null,
      "new_logon_logon_id": null,
      "target_account": "testuser2",
      "target_domain": "WS2022-LAB01",
      "target_security_id": "S-1-5-21-1843355061-959072039-615746888-3590",
      "logon_type": "2",
      "elevated_token": null,
      "virtual_account": null,
      "restricted_admin_mode": null,
      "workstation_name": "WS2022-LAB01",
      "source_network_address": "192.168.56.7",
      "source_port": "23818",
      "process_name": "C:\\Windows\\System32\\svchost.exe",
      "failure_reason": "User not allowed to log on at this computer.",
      "status": "0xC000006E",
      "substatus": "0x0",
      "logon_process": null,
      "authentication_package": null,
      "privileges": [],
      "scenario_id": "FAILED-SINGLE-0265"
    },
    {
      "event_id": 4625,
      "timestamp": "13/06/2026 15:52:09",
      "provider_name": "Microsoft-Windows-Security-Auditing",
      "machine_name": "WS2022-LAB01",
      "message": "An account failed to log on.",
      "subject_account": "WS2022-LAB01$",
      "subject_domain": "WORKGROUP",
      "subject_security_id": "S-1-5-18",
      "subject_logon_id": "0x3E7",
      "new_logon_account": null,
      "new_logon_domain": null,
      "new_logon_security_id": null,
      "new_logon_logon_id": null,
      "target_account": "testuser10",
      "target_domain": "WS2022-LAB01",
      "target_security_id": "S-1-5-21-1843355061-959072039-615746888-8120",
      "logon_type": "2",
      "elevated_token": null,
      "virtual_account": null,
      "restricted_admin_mode": null,
      "workstation_name": "WS2022-LAB01",
      "source_network_address": "192.168.56.149",
      "source_port": "17679",
      "process_name": "C:\\Windows\\System32\\svchost.exe",
      "failure_reason": "Unknown user name or bad password.",
      "status": "0xC000006D",
      "substatus": "0xC000006A",
      "logon_process": null,
      "authentication_package": null,
      "privileges": [],
      "scenario_id": "FAILED-SINGLE-0266"
    },
    {
      "event_id": 4625,
      "timestamp": "13/06/2026 15:52:36",
      "provider_name": "Microsoft-Windows-Security-Auditing",
      "machine_name": "WS2022-LAB02",
      "message": "An account failed to log on.",
      "subject_account": "WS2022-LAB02$",
      "subject_domain": "WORKGROUP",
      "subject_security_id": "S-1-5-18",
      "subject_logon_id": "0x3E7",
      "new_logon_account": null,
      "new_logon_domain": null,
      "new_logon_security_id": null,
      "new_logon_logon_id": null,
      "target_account": "testuser12",
      "target_domain": "WS2022-LAB02",
      "target_security_id": "S-1-5-21-1843355061-959072039-615746888-3092",
      "logon_type": "2",
      "elevated_token": null,
      "virtual_account": null,
      "restricted_admin_mode": null,
      "workstation_name": "WS2022-LAB02",
      "source_network_address": "172.16.10.228",
      "source_port": "6909",
      "process_name": "C:\\Windows\\System32\\svchost.exe",
      "failure_reason": "Unknown user name or bad password.",
      "status": "0xC000006D",
      "substatus": "0xC000006A",
      "logon_process": null,
      "authentication_package": null,
      "privileges": [],
      "scenario_id": "FAILED-SINGLE-0267"
    },
    {
      "event_id": 4625,
      "timestamp": "13/06/2026 15:53:05",
      "provider_name": "Microsoft-Windows-Security-Auditing",
      "machine_name": "WS2022-LAB02",
      "message": "An account failed to log on.",
      "subject_account": "WS2022-LAB02$",
      "subject_domain": "WORKGROUP",
      "subject_security_id": "S-1-5-18",
      "subject_logon_id": "0x3E7",
      "new_logon_account": null,
      "new_logon_domain": null,
      "new_logon_security_id": null,
      "new_logon_logon_id": null,
      "target_account": "testuser13",
      "target_domain": "WS2022-LAB02",
      "target_security_id": "S-1-5-21-1843355061-959072039-615746888-1974",
      "logon_type": "2",
      "elevated_token": null,
      "virtual_account": null,
      "restricted_admin_mode": null,
      "workstation_name": "WS2022-LAB02",
      "source_network_address": "10.0.0.54",
      "source_port": "44034",
      "process_name": "C:\\Windows\\System32\\svchost.exe",
      "failure_reason": "User not allowed to log on at this computer.",
      "status": "0xC000006E",
      "substatus": "0x0",
      "logon_process": null,
      "authentication_package": null,
      "privileges": [],
      "scenario_id": "FAILED-SINGLE-0268"
    },
    {
      "event_id": 4625,
      "timestamp": "13/06/2026 15:53:28",
      "provider_name": "Microsoft-Windows-Security-Auditing",
      "machine_name": "WS2022-LAB01",
      "message": "An account failed to log on.",
      "subject_account": "WS2022-LAB01$",
      "subject_domain": "WORKGROUP",
      "subject_security_id": "S-1-5-18",
      "subject_logon_id": "0x3E7",
      "new_logon_account": null,
      "new_logon_domain": null,
      "new_logon_security_id": null,
      "new_logon_logon_id": null,
      "target_account": "testuser6",
      "target_domain": "WS2022-LAB01",
      "target_security_id": "S-1-5-21-1843355061-959072039-615746888-3209",
      "logon_type": "2",
      "elevated_token": null,
      "virtual_account": null,
      "restricted_admin_mode": null,
      "workstation_name": "WS2022-LAB01",
      "source_network_address": "10.0.0.224",
      "source_port": "35989",
      "process_name": "C:\\Windows\\System32\\svchost.exe",
      "failure_reason": "User not allowed to log on at this computer.",
      "status": "0xC000006E",
      "substatus": "0x0",
      "logon_process": null,
      "authentication_package": null,
      "privileges": [],
      "scenario_id": "FAILED-SINGLE-0269"
    },
    {
      "event_id": 4625,
      "timestamp": "13/06/2026 15:53:48",
      "provider_name": "Microsoft-Windows-Security-Auditing",
      "machine_name": "WS2022-LAB02",
      "message": "An account failed to log on.",
      "subject_account": "WS2022-LAB02$",
      "subject_domain": "WORKGROUP",
      "subject_security_id": "S-1-5-18",
      "subject_logon_id": "0x3E7",
      "new_logon_account": null,
      "new_logon_domain": null,
      "new_logon_security_id": null,
      "new_logon_logon_id": null,
      "target_account": "testuser1",
      "target_domain": "WS2022-LAB02",
      "target_security_id": "S-1-5-21-1843355061-959072039-615746888-5303",
      "logon_type": "2",
      "elevated_token": null,
      "virtual_account": null,
      "restricted_admin_mode": null,
      "workstation_name": "WS2022-LAB02",
      "source_network_address": "192.168.56.231",
      "source_port": "3834",
      "process_name": "C:\\Windows\\System32\\svchost.exe",
      "failure_reason": "User not allowed to log on at this computer.",
      "status": "0xC000006E",
      "substatus": "0x0",
      "logon_process": null,
      "authentication_package": null,
      "privileges": [],
      "scenario_id": "FAILED-SINGLE-0270"
    },
    {
      "event_id": 4625,
      "timestamp": "13/06/2026 15:54:28",
      "provider_name": "Microsoft-Windows-Security-Auditing",
      "machine_name": "WS2022-LAB02",
      "message": "An account failed to log on.",
      "subject_account": "WS2022-LAB02$",
      "subject_domain": "WORKGROUP",
      "subject_security_id": "S-1-5-18",
      "subject_logon_id": "0x3E7",
      "new_logon_account": null,
      "new_logon_domain": null,
      "new_logon_security_id": null,
      "new_logon_logon_id": null,
      "target_account": "testuser17",
      "target_domain": "WS2022-LAB02",
      "target_security_id": "S-1-5-21-1843355061-959072039-615746888-4882",
      "logon_type": "2",
      "elevated_token": null,
      "virtual_account": null,
      "restricted_admin_mode": null,
      "workstation_name": "WS2022-LAB02",
      "source_network_address": "192.168.56.101",
      "source_port": "51413",
      "process_name": "C:\\Windows\\System32\\svchost.exe",
      "failure_reason": "User not allowed to log on at this computer.",
      "status": "0xC000006E",
      "substatus": "0x0",
      "logon_process": null,
      "authentication_package": null,
      "privileges": [],
      "scenario_id": "FAILED-SINGLE-0271"
    },
