    {
      "event_id": 4624,
      "timestamp": "13/06/2026 11:37:53",
      "provider_name": "Microsoft-Windows-Security-Auditing",
      "machine_name": "WS2022-LAB01",
      "message": "An account was successfully logged on.",
      "subject_account": "WS2022-LAB01$",
      "subject_domain": "WORKGROUP",
      "subject_security_id": "S-1-5-18",
      "subject_logon_id": "0xD9A14",
      "new_logon_account": "testuser4",
      "new_logon_domain": "WS2022-LAB01",
      "new_logon_security_id": "S-1-5-21-1843355061-959072039-615746888-2670",
      "new_logon_logon_id": "0x36212",
      "target_account": null,
      "target_domain": null,
      "target_security_id": null,
      "logon_type": "2",
      "elevated_token": "No",
      "virtual_account": "No",
      "restricted_admin_mode": "-",
      "workstation_name": "WS2022-LAB01",
      "source_network_address": "127.0.0.1",
      "source_port": "0",
      "process_name": "C:\\Windows\\System32\\svchost.exe",
      "failure_reason": null,
      "status": null,
      "substatus": null,
      "logon_process": null,
      "authentication_package": null,
      "privileges": [],
      "scenario_id": "BASELINE-SUCCESS-0369"
    },
    {
      "event_id": 4624,
      "timestamp": "13/06/2026 11:38:34",
      "provider_name": "Microsoft-Windows-Security-Auditing",
      "machine_name": "WIN-H96JM6F374S",
      "message": "An account was successfully logged on.",
      "subject_account": "WIN-H96JM6F374S$",
      "subject_domain": "WORKGROUP",
      "subject_security_id": "S-1-5-18",
      "subject_logon_id": "0xD95CD",
      "new_logon_account": "testuser20",
      "new_logon_domain": "WIN-H96JM6F374S",
      "new_logon_security_id": "S-1-5-21-1843355061-959072039-615746888-8942",
      "new_logon_logon_id": "0x798E6",
      "target_account": null,
      "target_domain": null,
      "target_security_id": null,
      "logon_type": "2",
      "elevated_token": "No",
      "virtual_account": "No",
      "restricted_admin_mode": "-",
      "workstation_name": "WIN-H96JM6F374S",
      "source_network_address": "10.0.0.143",
      "source_port": "0",
      "process_name": "C:\\Windows\\System32\\svchost.exe",
      "failure_reason": null,
      "status": null,
      "substatus": null,
      "logon_process": null,
      "authentication_package": null,
      "privileges": [],
      "scenario_id": "BASELINE-SUCCESS-0370"
    },
    {
      "event_id": 4624,
      "timestamp": "13/06/2026 11:39:18",
      "provider_name": "Microsoft-Windows-Security-Auditing",
      "machine_name": "WS2022-LAB02",
      "message": "An account was successfully logged on.",
      "subject_account": "WS2022-LAB02$",
      "subject_domain": "WORKGROUP",
      "subject_security_id": "S-1-5-18",
      "subject_logon_id": "0xC5616",
      "new_logon_account": "testuser11",
      "new_logon_domain": "WS2022-LAB02",
      "new_logon_security_id": "S-1-5-21-1843355061-959072039-615746888-8961",
      "new_logon_logon_id": "0x8DAA3",
      "target_account": null,
      "target_domain": null,
      "target_security_id": null,
      "logon_type": "2",
      "elevated_token": "No",
      "virtual_account": "No",
      "restricted_admin_mode": "-",
      "workstation_name": "WS2022-LAB02",
      "source_network_address": "127.0.0.1",
      "source_port": "0",
      "process_name": "C:\\Windows\\System32\\svchost.exe",
      "failure_reason": null,
      "status": null,
      "substatus": null,
      "logon_process": null,
      "authentication_package": null,
      "privileges": [],
      "scenario_id": "BASELINE-SUCCESS-0371"
    },
    {
      "event_id": 4624,
      "timestamp": "13/06/2026 11:39:24",
      "provider_name": "Microsoft-Windows-Security-Auditing",
      "machine_name": "WS2022-LAB02",
      "message": "An account was successfully logged on.",
      "subject_account": "WS2022-LAB02$",
      "subject_domain": "WORKGROUP",
      "subject_security_id": "S-1-5-18",
      "subject_logon_id": "0x52AC5",
      "new_logon_account": "testuser17",
      "new_logon_domain": "WS2022-LAB02",
      "new_logon_security_id": "S-1-5-21-1843355061-959072039-615746888-4835",
      "new_logon_logon_id": "0xEFFCA",
      "target_account": null,
      "target_domain": null,
      "target_security_id": null,
      "logon_type": "2",
      "elevated_token": "No",
      "virtual_account": "No",
      "restricted_admin_mode": "-",
      "workstation_name": "WS2022-LAB02",
      "source_network_address": "127.0.0.1",
      "source_port": "0",
      "process_name": "C:\\Windows\\System32\\svchost.exe",
      "failure_reason": null,
      "status": null,
      "substatus": null,
      "logon_process": null,
      "authentication_package": null,
      "privileges": [],
      "scenario_id": "BASELINE-SUCCESS-0372"
    },
    {
      "event_id": 4624,
      "timestamp": "13/06/2026 11:39:35",
      "provider_name": "Microsoft-Windows-Security-Auditing",
      "machine_name": "WIN-H96JM6F374S",
      "message": "An account was successfully logged on.",
      "subject_account": "WIN-H96JM6F374S$",
      "subject_domain": "WORKGROUP",
      "subject_security_id": "S-1-5-18",
      "subject_logon_id": "0xB8242",
      "new_logon_account": "testuser8",
      "new_logon_domain": "WIN-H96JM6F374S",
      "new_logon_security_id": "S-1-5-21-1843355061-959072039-615746888-5824",
      "new_logon_logon_id": "0x4FA2E",
      "target_account": null,
      "target_domain": null,
      "target_security_id": null,
      "logon_type": "2",
      "elevated_token": "No",
      "virtual_account": "No",
      "restricted_admin_mode": "-",
      "workstation_name": "WIN-H96JM6F374S",
      "source_network_address": "127.0.0.1",
      "source_port": "0",
      "process_name": "C:\\Windows\\System32\\svchost.exe",
      "failure_reason": null,
      "status": null,
      "substatus": null,
      "logon_process": null,
      "authentication_package": null,
      "privileges": [],
      "scenario_id": "BASELINE-SUCCESS-0373"
    },
    {
      "event_id": 4624,
      "timestamp": "13/06/2026 11:40:18",
      "provider_name": "Microsoft-Windows-Security-Auditing",
      "machine_name": "WIN-H96JM6F374S",
      "message": "An account was successfully logged on.",
      "subject_account": "WIN-H96JM6F374S$",
      "subject_domain": "WORKGROUP",
      "subject_security_id": "S-1-5-18",
      "subject_logon_id": "0x91261",
      "new_logon_account": "testuser13",
      "new_logon_domain": "WIN-H96JM6F374S",
      "new_logon_security_id": "S-1-5-21-1843355061-959072039-615746888-4018",
      "new_logon_logon_id": "0xC7243",
      "target_account": null,
      "target_domain": null,
      "target_security_id": null,
      "logon_type": "2",
      "elevated_token": "No",
      "virtual_account": "No",
      "restricted_admin_mode": "-",
      "workstation_name": "WIN-H96JM6F374S",
      "source_network_address": "127.0.0.1",
      "source_port": "0",
      "process_name": "C:\\Windows\\System32\\svchost.exe",
      "failure_reason": null,
      "status": null,
      "substatus": null,
      "logon_process": null,
      "authentication_package": null,
      "privileges": [],
      "scenario_id": "BASELINE-SUCCESS-0374"
    },
    {
      "event_id": 4624,
      "timestamp": "13/06/2026 11:41:01",
      "provider_name": "Microsoft-Windows-Security-Auditing",
      "machine_name": "WIN-H96JM6F374S",
      "message": "An account was successfully logged on.",
      "subject_account": "WIN-H96JM6F374S$",
      "subject_domain": "WORKGROUP",
      "subject_security_id": "S-1-5-18",
      "subject_logon_id": "0x265C7",
      "new_logon_account": "testuser3",
      "new_logon_domain": "WIN-H96JM6F374S",
      "new_logon_security_id": "S-1-5-21-1843355061-959072039-615746888-9058",
      "new_logon_logon_id": "0x9855F",
      "target_account": null,
      "target_domain": null,
      "target_security_id": null,
      "logon_type": "2",
      "elevated_token": "No",
      "virtual_account": "No",
      "restricted_admin_mode": "-",
      "workstation_name": "WIN-H96JM6F374S",
      "source_network_address": "10.0.0.133",
      "source_port": "0",
      "process_name": "C:\\Windows\\System32\\svchost.exe",
      "failure_reason": null,
      "status": null,
      "substatus": null,
      "logon_process": null,
      "authentication_package": null,
      "privileges": [],
      "scenario_id": "BASELINE-SUCCESS-0375"
    },
    {
      "event_id": 4624,
      "timestamp": "13/06/2026 11:41:28",
      "provider_name": "Microsoft-Windows-Security-Auditing",
      "machine_name": "WIN-H96JM6F374S",
      "message": "An account was successfully logged on.",
      "subject_account": "WIN-H96JM6F374S$",
      "subject_domain": "WORKGROUP",
      "subject_security_id": "S-1-5-18",
      "subject_logon_id": "0x2E858",
      "new_logon_account": "testuser15",
      "new_logon_domain": "WIN-H96JM6F374S",
      "new_logon_security_id": "S-1-5-21-1843355061-959072039-615746888-4674",
      "new_logon_logon_id": "0x9117B",
      "target_account": null,
      "target_domain": null,
      "target_security_id": null,
      "logon_type": "2",
      "elevated_token": "No",
      "virtual_account": "No",
      "restricted_admin_mode": "-",
      "workstation_name": "WIN-H96JM6F374S",
      "source_network_address": "127.0.0.1",
      "source_port": "0",
      "process_name": "C:\\Windows\\System32\\svchost.exe",
      "failure_reason": null,
      "status": null,
      "substatus": null,
      "logon_process": null,
      "authentication_package": null,
      "privileges": [],
      "scenario_id": "BASELINE-SUCCESS-0376"
    },
    {
      "event_id": 4624,
      "timestamp": "13/06/2026 11:41:40",
      "provider_name": "Microsoft-Windows-Security-Auditing",
      "machine_name": "WS2022-LAB01",
      "message": "An account was successfully logged on.",
      "subject_account": "WS2022-LAB01$",
      "subject_domain": "WORKGROUP",
      "subject_security_id": "S-1-5-18",
      "subject_logon_id": "0x8FA47",
      "new_logon_account": "testuser12",
      "new_logon_domain": "WS2022-LAB01",
      "new_logon_security_id": "S-1-5-21-1843355061-959072039-615746888-5279",
      "new_logon_logon_id": "0xA963F",
      "target_account": null,
      "target_domain": null,
      "target_security_id": null,
      "logon_type": "2",
      "elevated_token": "No",
      "virtual_account": "No",
      "restricted_admin_mode": "-",
      "workstation_name": "WS2022-LAB01",
      "source_network_address": "127.0.0.1",
      "source_port": "0",
      "process_name": "C:\\Windows\\System32\\svchost.exe",
      "failure_reason": null,
      "status": null,
      "substatus": null,
      "logon_process": null,
      "authentication_package": null,
      "privileges": [],
      "scenario_id": "BASELINE-SUCCESS-0377"
    },
    {
      "event_id": 4624,
      "timestamp": "13/06/2026 11:42:13",
      "provider_name": "Microsoft-Windows-Security-Auditing",
      "machine_name": "WS2022-LAB02",
      "message": "An account was successfully logged on.",
      "subject_account": "WS2022-LAB02$",
      "subject_domain": "WORKGROUP",
      "subject_security_id": "S-1-5-18",
      "subject_logon_id": "0xC3F0F",
      "new_logon_account": "testuser4",
      "new_logon_domain": "WS2022-LAB02",
      "new_logon_security_id": "S-1-5-21-1843355061-959072039-615746888-3663",
      "new_logon_logon_id": "0x65D4A",
      "target_account": null,
      "target_domain": null,
      "target_security_id": null,
      "logon_type": "2",
      "elevated_token": "No",
      "virtual_account": "No",
      "restricted_admin_mode": "-",
      "workstation_name": "WS2022-LAB02",
      "source_network_address": "127.0.0.1",
      "source_port": "0",
      "process_name": "C:\\Windows\\System32\\svchost.exe",
      "failure_reason": null,
      "status": null,
      "substatus": null,
      "logon_process": null,
      "authentication_package": null,
      "privileges": [],
      "scenario_id": "BASELINE-SUCCESS-0378"
    },
    {
      "event_id": 4624,
      "timestamp": "13/06/2026 11:42:28",
      "provider_name": "Microsoft-Windows-Security-Auditing",
      "machine_name": "WS2022-LAB02",
      "message": "An account was successfully logged on.",
      "subject_account": "WS2022-LAB02$",
      "subject_domain": "WORKGROUP",
      "subject_security_id": "S-1-5-18",
      "subject_logon_id": "0x3400F",
      "new_logon_account": "testuser15",
      "new_logon_domain": "WS2022-LAB02",
      "new_logon_security_id": "S-1-5-21-1843355061-959072039-615746888-8521",
      "new_logon_logon_id": "0xD583F",
      "target_account": null,
      "target_domain": null,
      "target_security_id": null,
      "logon_type": "2",
      "elevated_token": "No",
      "virtual_account": "No",
      "restricted_admin_mode": "-",
      "workstation_name": "WS2022-LAB02",
      "source_network_address": "127.0.0.1",
      "source_port": "0",
      "process_name": "C:\\Windows\\System32\\svchost.exe",
      "failure_reason": null,
      "status": null,
      "substatus": null,
      "logon_process": null,
      "authentication_package": null,
      "privileges": [],
      "scenario_id": "BASELINE-SUCCESS-0379"
    },
    {
      "event_id": 4624,
      "timestamp": "13/06/2026 11:43:11",
      "provider_name": "Microsoft-Windows-Security-Auditing",
      "machine_name": "WIN-H96JM6F374S",
      "message": "An account was successfully logged on.",
      "subject_account": "WIN-H96JM6F374S$",
      "subject_domain": "WORKGROUP",
      "subject_security_id": "S-1-5-18",
      "subject_logon_id": "0x112CC",
      "new_logon_account": "testuser18",
      "new_logon_domain": "WIN-H96JM6F374S",
      "new_logon_security_id": "S-1-5-21-1843355061-959072039-615746888-6994",
      "new_logon_logon_id": "0xF0FC9",
      "target_account": null,
      "target_domain": null,
      "target_security_id": null,
      "logon_type": "2",
      "elevated_token": "No",
      "virtual_account": "No",
      "restricted_admin_mode": "-",
      "workstation_name": "WIN-H96JM6F374S",
      "source_network_address": "127.0.0.1",
      "source_port": "0",
      "process_name": "C:\\Windows\\System32\\svchost.exe",
      "failure_reason": null,
      "status": null,
      "substatus": null,
      "logon_process": null,
      "authentication_package": null,
      "privileges": [],
      "scenario_id": "BASELINE-SUCCESS-0380"
    },
    {
      "event_id": 4624,
      "timestamp": "13/06/2026 11:43:42",
      "provider_name": "Microsoft-Windows-Security-Auditing",
      "machine_name": "WIN-H96JM6F374S",
      "message": "An account was successfully logged on.",
      "subject_account": "WIN-H96JM6F374S$",
      "subject_domain": "WORKGROUP",
      "subject_security_id": "S-1-5-18",
      "subject_logon_id": "0x295E9",
      "new_logon_account": "testuser5",
      "new_logon_domain": "WIN-H96JM6F374S",
      "new_logon_security_id": "S-1-5-21-1843355061-959072039-615746888-5477",
      "new_logon_logon_id": "0xD44B8",
      "target_account": null,
      "target_domain": null,
      "target_security_id": null,
      "logon_type": "2",
      "elevated_token": "No",
      "virtual_account": "No",
      "restricted_admin_mode": "-",
      "workstation_name": "WIN-H96JM6F374S",
      "source_network_address": "127.0.0.1",
      "source_port": "0",
      "process_name": "C:\\Windows\\System32\\svchost.exe",
      "failure_reason": null,
      "status": null,
      "substatus": null,
      "logon_process": null,
      "authentication_package": null,
      "privileges": [],
      "scenario_id": "BASELINE-SUCCESS-0381"
    },
    {
      "event_id": 4624,
      "timestamp": "13/06/2026 11:43:48",
      "provider_name": "Microsoft-Windows-Security-Auditing",
      "machine_name": "WS2022-LAB01",
      "message": "An account was successfully logged on.",
      "subject_account": "WS2022-LAB01$",
      "subject_domain": "WORKGROUP",
      "subject_security_id": "S-1-5-18",
      "subject_logon_id": "0x58BE7",
      "new_logon_account": "testuser7",
      "new_logon_domain": "WS2022-LAB01",
      "new_logon_security_id": "S-1-5-21-1843355061-959072039-615746888-3055",
      "new_logon_logon_id": "0xD4B92",
      "target_account": null,
      "target_domain": null,
      "target_security_id": null,
      "logon_type": "2",
      "elevated_token": "No",
      "virtual_account": "No",
      "restricted_admin_mode": "-",
      "workstation_name": "WS2022-LAB01",
      "source_network_address": "127.0.0.1",
      "source_port": "0",
      "process_name": "C:\\Windows\\System32\\svchost.exe",
      "failure_reason": null,
      "status": null,
      "substatus": null,
      "logon_process": null,
      "authentication_package": null,
      "privileges": [],
      "scenario_id": "BASELINE-SUCCESS-0382"
    },
    {
      "event_id": 4624,
      "timestamp": "13/06/2026 11:44:16",
      "provider_name": "Microsoft-Windows-Security-Auditing",
      "machine_name": "WS2022-LAB01",
      "message": "An account was successfully logged on.",
      "subject_account": "WS2022-LAB01$",
      "subject_domain": "WORKGROUP",
      "subject_security_id": "S-1-5-18",
      "subject_logon_id": "0x46913",
      "new_logon_account": "testuser20",
      "new_logon_domain": "WS2022-LAB01",
      "new_logon_security_id": "S-1-5-21-1843355061-959072039-615746888-1239",
      "new_logon_logon_id": "0xBCAC7",
      "target_account": null,
      "target_domain": null,
      "target_security_id": null,
      "logon_type": "2",
      "elevated_token": "No",
      "virtual_account": "No",
      "restricted_admin_mode": "-",
      "workstation_name": "WS2022-LAB01",
      "source_network_address": "127.0.0.1",
      "source_port": "0",
      "process_name": "C:\\Windows\\System32\\svchost.exe",
      "failure_reason": null,
      "status": null,
      "substatus": null,
      "logon_process": null,
      "authentication_package": null,
      "privileges": [],
      "scenario_id": "BASELINE-SUCCESS-0383"
    },
    {
      "event_id": 4624,
      "timestamp": "13/06/2026 11:44:27",
      "provider_name": "Microsoft-Windows-Security-Auditing",
      "machine_name": "WS2022-LAB02",
      "message": "An account was successfully logged on.",
      "subject_account": "WS2022-LAB02$",
      "subject_domain": "WORKGROUP",
      "subject_security_id": "S-1-5-18",
      "subject_logon_id": "0x3C42E",
      "new_logon_account": "testuser15",
      "new_logon_domain": "WS2022-LAB02",
      "new_logon_security_id": "S-1-5-21-1843355061-959072039-615746888-5465",
      "new_logon_logon_id": "0x28E7B",
      "target_account": null,
      "target_domain": null,
      "target_security_id": null,
      "logon_type": "2",
      "elevated_token": "No",
      "virtual_account": "No",
      "restricted_admin_mode": "-",
      "workstation_name": "WS2022-LAB02",
      "source_network_address": "10.0.0.96",
      "source_port": "0",
      "process_name": "C:\\Windows\\System32\\svchost.exe",
      "failure_reason": null,
      "status": null,
      "substatus": null,
      "logon_process": null,
      "authentication_package": null,
      "privileges": [],
      "scenario_id": "BASELINE-SUCCESS-0384"
    },
    {
      "event_id": 4624,
      "timestamp": "13/06/2026 11:44:53",
      "provider_name": "Microsoft-Windows-Security-Auditing",
      "machine_name": "WIN-H96JM6F374S",
      "message": "An account was successfully logged on.",
      "subject_account": "WIN-H96JM6F374S$",
      "subject_domain": "WORKGROUP",
      "subject_security_id": "S-1-5-18",
      "subject_logon_id": "0xB7B8A",
      "new_logon_account": "testuser1",
      "new_logon_domain": "WIN-H96JM6F374S",
      "new_logon_security_id": "S-1-5-21-1843355061-959072039-615746888-7517",
      "new_logon_logon_id": "0x83189",
      "target_account": null,
      "target_domain": null,
      "target_security_id": null,
      "logon_type": "2",
      "elevated_token": "No",
      "virtual_account": "No",
      "restricted_admin_mode": "-",
      "workstation_name": "WIN-H96JM6F374S",
      "source_network_address": "10.0.0.145",
      "source_port": "0",
      "process_name": "C:\\Windows\\System32\\svchost.exe",
      "failure_reason": null,
      "status": null,
      "substatus": null,
      "logon_process": null,
      "authentication_package": null,
      "privileges": [],
      "scenario_id": "BASELINE-SUCCESS-0385"
    },
    {
      "event_id": 4624,
      "timestamp": "13/06/2026 11:45:30",
      "provider_name": "Microsoft-Windows-Security-Auditing",
      "machine_name": "WIN-H96JM6F374S",
      "message": "An account was successfully logged on.",
      "subject_account": "WIN-H96JM6F374S$",
      "subject_domain": "WORKGROUP",
      "subject_security_id": "S-1-5-18",
      "subject_logon_id": "0xB04DE",
      "new_logon_account": "testuser17",
      "new_logon_domain": "WIN-H96JM6F374S",
      "new_logon_security_id": "S-1-5-21-1843355061-959072039-615746888-6223",
      "new_logon_logon_id": "0xBBB4C",
      "target_account": null,
      "target_domain": null,
      "target_security_id": null,
      "logon_type": "2",
      "elevated_token": "No",
      "virtual_account": "No",
      "restricted_admin_mode": "-",
      "workstation_name": "WIN-H96JM6F374S",
      "source_network_address": "127.0.0.1",
      "source_port": "0",
      "process_name": "C:\\Windows\\System32\\svchost.exe",
      "failure_reason": null,
      "status": null,
      "substatus": null,
      "logon_process": null,
      "authentication_package": null,
      "privileges": [],
      "scenario_id": "BASELINE-SUCCESS-0386"
    },
    {
      "event_id": 4624,
      "timestamp": "13/06/2026 11:46:14",
      "provider_name": "Microsoft-Windows-Security-Auditing",
      "machine_name": "WIN-H96JM6F374S",
      "message": "An account was successfully logged on.",
      "subject_account": "WIN-H96JM6F374S$",
      "subject_domain": "WORKGROUP",
      "subject_security_id": "S-1-5-18",
      "subject_logon_id": "0xF01CE",
      "new_logon_account": "testuser14",
      "new_logon_domain": "WIN-H96JM6F374S",
      "new_logon_security_id": "S-1-5-21-1843355061-959072039-615746888-6230",
      "new_logon_logon_id": "0xBDBBB",
      "target_account": null,
      "target_domain": null,
      "target_security_id": null,
      "logon_type": "2",
      "elevated_token": "No",
      "virtual_account": "No",
      "restricted_admin_mode": "-",
      "workstation_name": "WIN-H96JM6F374S",
      "source_network_address": "127.0.0.1",
      "source_port": "0",
      "process_name": "C:\\Windows\\System32\\svchost.exe",
      "failure_reason": null,
      "status": null,
      "substatus": null,
      "logon_process": null,
      "authentication_package": null,
      "privileges": [],
      "scenario_id": "BASELINE-SUCCESS-0387"
    },
    {
      "event_id": 4624,
      "timestamp": "13/06/2026 11:46:20",
      "provider_name": "Microsoft-Windows-Security-Auditing",
      "machine_name": "WIN-H96JM6F374S",
      "message": "An account was successfully logged on.",
      "subject_account": "WIN-H96JM6F374S$",
      "subject_domain": "WORKGROUP",
      "subject_security_id": "S-1-5-18",
      "subject_logon_id": "0x7BD5D",
      "new_logon_account": "testuser5",
      "new_logon_domain": "WIN-H96JM6F374S",
      "new_logon_security_id": "S-1-5-21-1843355061-959072039-615746888-8791",
      "new_logon_logon_id": "0x75C4B",
      "target_account": null,
      "target_domain": null,
      "target_security_id": null,
      "logon_type": "2",
      "elevated_token": "No",
      "virtual_account": "No",
      "restricted_admin_mode": "-",
      "workstation_name": "WIN-H96JM6F374S",
      "source_network_address": "127.0.0.1",
      "source_port": "0",
      "process_name": "C:\\Windows\\System32\\svchost.exe",
      "failure_reason": null,
      "status": null,
      "substatus": null,
      "logon_process": null,
      "authentication_package": null,
      "privileges": [],
      "scenario_id": "BASELINE-SUCCESS-0388"
    },
    {
      "event_id": 4624,
      "timestamp": "13/06/2026 11:46:36",
      "provider_name": "Microsoft-Windows-Security-Auditing",
      "machine_name": "WS2022-LAB01",
      "message": "An account was successfully logged on.",
      "subject_account": "WS2022-LAB01$",
      "subject_domain": "WORKGROUP",
      "subject_security_id": "S-1-5-18",
      "subject_logon_id": "0x15A92",
      "new_logon_account": "testuser20",
      "new_logon_domain": "WS2022-LAB01",
      "new_logon_security_id": "S-1-5-21-1843355061-959072039-615746888-2415",
      "new_logon_logon_id": "0xEF6AE",
      "target_account": null,
      "target_domain": null,
      "target_security_id": null,
      "logon_type": "2",
      "elevated_token": "No",
      "virtual_account": "No",
      "restricted_admin_mode": "-",
      "workstation_name": "WS2022-LAB01",
      "source_network_address": "127.0.0.1",
      "source_port": "0",
      "process_name": "C:\\Windows\\System32\\svchost.exe",
      "failure_reason": null,
      "status": null,
      "substatus": null,
      "logon_process": null,
      "authentication_package": null,
      "privileges": [],
      "scenario_id": "BASELINE-SUCCESS-0389"
    },
    {
      "event_id": 4624,
      "timestamp": "13/06/2026 11:46:48",
      "provider_name": "Microsoft-Windows-Security-Auditing",
      "machine_name": "WIN-H96JM6F374S",
      "message": "An account was successfully logged on.",
      "subject_account": "WIN-H96JM6F374S$",
      "subject_domain": "WORKGROUP",
      "subject_security_id": "S-1-5-18",
      "subject_logon_id": "0x655E8",
      "new_logon_account": "testuser13",
      "new_logon_domain": "WIN-H96JM6F374S",
      "new_logon_security_id": "S-1-5-21-1843355061-959072039-615746888-2329",
      "new_logon_logon_id": "0x2CACE",
      "target_account": null,
      "target_domain": null,
      "target_security_id": null,
      "logon_type": "2",
      "elevated_token": "No",
      "virtual_account": "No",
      "restricted_admin_mode": "-",
      "workstation_name": "WIN-H96JM6F374S",
      "source_network_address": "127.0.0.1",
      "source_port": "0",
      "process_name": "C:\\Windows\\System32\\svchost.exe",
      "failure_reason": null,
      "status": null,
      "substatus": null,
      "logon_process": null,
      "authentication_package": null,
      "privileges": [],
      "scenario_id": "BASELINE-SUCCESS-0390"
    },
    {
      "event_id": 4624,
      "timestamp": "13/06/2026 11:47:08",
      "provider_name": "Microsoft-Windows-Security-Auditing",
      "machine_name": "WS2022-LAB01",
      "message": "An account was successfully logged on.",
      "subject_account": "WS2022-LAB01$",
      "subject_domain": "WORKGROUP",
      "subject_security_id": "S-1-5-18",
      "subject_logon_id": "0xCE866",
      "new_logon_account": "testuser12",
      "new_logon_domain": "WS2022-LAB01",
      "new_logon_security_id": "S-1-5-21-1843355061-959072039-615746888-4221",
      "new_logon_logon_id": "0x35201",
      "target_account": null,
      "target_domain": null,
      "target_security_id": null,
      "logon_type": "2",
      "elevated_token": "No",
      "virtual_account": "No",
      "restricted_admin_mode": "-",
      "workstation_name": "WS2022-LAB01",
      "source_network_address": "127.0.0.1",
      "source_port": "0",
      "process_name": "C:\\Windows\\System32\\svchost.exe",
      "failure_reason": null,
      "status": null,
      "substatus": null,
      "logon_process": null,
      "authentication_package": null,
      "privileges": [],
      "scenario_id": "BASELINE-SUCCESS-0391"
    },
    {
      "event_id": 4624,
      "timestamp": "13/06/2026 11:47:48",
      "provider_name": "Microsoft-Windows-Security-Auditing",
      "machine_name": "WS2022-LAB02",
      "message": "An account was successfully logged on.",
      "subject_account": "WS2022-LAB02$",
      "subject_domain": "WORKGROUP",
      "subject_security_id": "S-1-5-18",
      "subject_logon_id": "0x32A03",
      "new_logon_account": "testuser11",
      "new_logon_domain": "WS2022-LAB02",
      "new_logon_security_id": "S-1-5-21-1843355061-959072039-615746888-2049",
      "new_logon_logon_id": "0x11857",
      "target_account": null,
      "target_domain": null,
      "target_security_id": null,
      "logon_type": "2",
      "elevated_token": "No",
      "virtual_account": "No",
      "restricted_admin_mode": "-",
      "workstation_name": "WS2022-LAB02",
      "source_network_address": "127.0.0.1",
      "source_port": "0",
      "process_name": "C:\\Windows\\System32\\svchost.exe",
      "failure_reason": null,
      "status": null,
      "substatus": null,
      "logon_process": null,
      "authentication_package": null,
      "privileges": [],
      "scenario_id": "BASELINE-SUCCESS-0392"
    },
    {
      "event_id": 4624,
      "timestamp": "13/06/2026 11:48:21",
      "provider_name": "Microsoft-Windows-Security-Auditing",
      "machine_name": "WIN-H96JM6F374S",
      "message": "An account was successfully logged on.",
      "subject_account": "WIN-H96JM6F374S$",
      "subject_domain": "WORKGROUP",
      "subject_security_id": "S-1-5-18",
      "subject_logon_id": "0xCEAB9",
      "new_logon_account": "testuser5",
      "new_logon_domain": "WIN-H96JM6F374S",
      "new_logon_security_id": "S-1-5-21-1843355061-959072039-615746888-3998",
      "new_logon_logon_id": "0x5D7FD",
      "target_account": null,
      "target_domain": null,
      "target_security_id": null,
      "logon_type": "2",
      "elevated_token": "No",
      "virtual_account": "No",
      "restricted_admin_mode": "-",
      "workstation_name": "WIN-H96JM6F374S",
      "source_network_address": "127.0.0.1",
      "source_port": "0",
      "process_name": "C:\\Windows\\System32\\svchost.exe",
      "failure_reason": null,
      "status": null,
      "substatus": null,
      "logon_process": null,
      "authentication_package": null,
      "privileges": [],
      "scenario_id": "BASELINE-SUCCESS-0393"
    },
    {
      "event_id": 4624,
      "timestamp": "13/06/2026 11:49:04",
      "provider_name": "Microsoft-Windows-Security-Auditing",
      "machine_name": "WS2022-LAB02",
      "message": "An account was successfully logged on.",
      "subject_account": "WS2022-LAB02$",
      "subject_domain": "WORKGROUP",
      "subject_security_id": "S-1-5-18",
      "subject_logon_id": "0xA10DD",
      "new_logon_account": "testuser7",
      "new_logon_domain": "WS2022-LAB02",
      "new_logon_security_id": "S-1-5-21-1843355061-959072039-615746888-2450",
      "new_logon_logon_id": "0x73225",
      "target_account": null,
      "target_domain": null,
      "target_security_id": null,
      "logon_type": "2",
      "elevated_token": "No",
      "virtual_account": "No",
      "restricted_admin_mode": "-",
      "workstation_name": "WS2022-LAB02",
      "source_network_address": "127.0.0.1",
      "source_port": "0",
      "process_name": "C:\\Windows\\System32\\svchost.exe",
      "failure_reason": null,
      "status": null,
      "substatus": null,
      "logon_process": null,
      "authentication_package": null,
      "privileges": [],
      "scenario_id": "BASELINE-SUCCESS-0394"
    },
    {
      "event_id": 4624,
      "timestamp": "13/06/2026 11:49:42",
      "provider_name": "Microsoft-Windows-Security-Auditing",
      "machine_name": "WIN-H96JM6F374S",
      "message": "An account was successfully logged on.",
      "subject_account": "WIN-H96JM6F374S$",
      "subject_domain": "WORKGROUP",
      "subject_security_id": "S-1-5-18",
      "subject_logon_id": "0x926E6",
      "new_logon_account": "testuser5",
      "new_logon_domain": "WIN-H96JM6F374S",
      "new_logon_security_id": "S-1-5-21-1843355061-959072039-615746888-8847",
      "new_logon_logon_id": "0x302BC",
      "target_account": null,
      "target_domain": null,
      "target_security_id": null,
      "logon_type": "2",
      "elevated_token": "No",
      "virtual_account": "No",
      "restricted_admin_mode": "-",
      "workstation_name": "WIN-H96JM6F374S",
      "source_network_address": "127.0.0.1",
      "source_port": "0",
      "process_name": "C:\\Windows\\System32\\svchost.exe",
      "failure_reason": null,
      "status": null,
      "substatus": null,
      "logon_process": null,
      "authentication_package": null,
      "privileges": [],
      "scenario_id": "BASELINE-SUCCESS-0395"
    },
    {
      "event_id": 4624,
      "timestamp": "13/06/2026 11:50:25",
      "provider_name": "Microsoft-Windows-Security-Auditing",
      "machine_name": "WS2022-LAB01",
      "message": "An account was successfully logged on.",
      "subject_account": "WS2022-LAB01$",
      "subject_domain": "WORKGROUP",
      "subject_security_id": "S-1-5-18",
      "subject_logon_id": "0xC1024",
      "new_logon_account": "testuser17",
      "new_logon_domain": "WS2022-LAB01",
      "new_logon_security_id": "S-1-5-21-1843355061-959072039-615746888-5265",
      "new_logon_logon_id": "0x7E4AB",
      "target_account": null,
      "target_domain": null,
      "target_security_id": null,
      "logon_type": "2",
      "elevated_token": "No",
      "virtual_account": "No",
      "restricted_admin_mode": "-",
      "workstation_name": "WS2022-LAB01",
      "source_network_address": "127.0.0.1",
      "source_port": "0",
      "process_name": "C:\\Windows\\System32\\svchost.exe",
      "failure_reason": null,
      "status": null,
      "substatus": null,
      "logon_process": null,
      "authentication_package": null,
      "privileges": [],
      "scenario_id": "BASELINE-SUCCESS-0396"
    },
    {
      "event_id": 4624,
      "timestamp": "13/06/2026 11:50:45",
      "provider_name": "Microsoft-Windows-Security-Auditing",
      "machine_name": "WS2022-LAB01",
      "message": "An account was successfully logged on.",
      "subject_account": "WS2022-LAB01$",
      "subject_domain": "WORKGROUP",
      "subject_security_id": "S-1-5-18",
      "subject_logon_id": "0x70C35",
      "new_logon_account": "testuser17",
      "new_logon_domain": "WS2022-LAB01",
      "new_logon_security_id": "S-1-5-21-1843355061-959072039-615746888-9828",
      "new_logon_logon_id": "0x3E2EB",
      "target_account": null,
      "target_domain": null,
      "target_security_id": null,
      "logon_type": "2",
      "elevated_token": "No",
      "virtual_account": "No",
      "restricted_admin_mode": "-",
      "workstation_name": "WS2022-LAB01",
      "source_network_address": "127.0.0.1",
      "source_port": "0",
      "process_name": "C:\\Windows\\System32\\svchost.exe",
      "failure_reason": null,
      "status": null,
      "substatus": null,
      "logon_process": null,
      "authentication_package": null,
      "privileges": [],
      "scenario_id": "BASELINE-SUCCESS-0397"
    },
    {
      "event_id": 4624,
      "timestamp": "13/06/2026 11:51:01",
      "provider_name": "Microsoft-Windows-Security-Auditing",
      "machine_name": "WS2022-LAB01",
      "message": "An account was successfully logged on.",
      "subject_account": "WS2022-LAB01$",
      "subject_domain": "WORKGROUP",
      "subject_security_id": "S-1-5-18",
      "subject_logon_id": "0xAF5A9",
      "new_logon_account": "testuser2",
      "new_logon_domain": "WS2022-LAB01",
      "new_logon_security_id": "S-1-5-21-1843355061-959072039-615746888-4038",
      "new_logon_logon_id": "0xE5922",
      "target_account": null,
      "target_domain": null,
      "target_security_id": null,
      "logon_type": "2",
      "elevated_token": "No",
      "virtual_account": "No",
      "restricted_admin_mode": "-",
      "workstation_name": "WS2022-LAB01",
      "source_network_address": "127.0.0.1",
      "source_port": "0",
      "process_name": "C:\\Windows\\System32\\svchost.exe",
      "failure_reason": null,
      "status": null,
      "substatus": null,
      "logon_process": null,
      "authentication_package": null,
      "privileges": [],
      "scenario_id": "BASELINE-SUCCESS-0398"
    },
    {
      "event_id": 4624,
      "timestamp": "13/06/2026 11:51:26",
      "provider_name": "Microsoft-Windows-Security-Auditing",
      "machine_name": "WS2022-LAB01",
      "message": "An account was successfully logged on.",
      "subject_account": "WS2022-LAB01$",
      "subject_domain": "WORKGROUP",
      "subject_security_id": "S-1-5-18",
      "subject_logon_id": "0xC3AAA",
      "new_logon_account": "testuser14",
      "new_logon_domain": "WS2022-LAB01",
      "new_logon_security_id": "S-1-5-21-1843355061-959072039-615746888-1197",
      "new_logon_logon_id": "0x6E1CE",
      "target_account": null,
      "target_domain": null,
      "target_security_id": null,
      "logon_type": "2",
      "elevated_token": "No",
      "virtual_account": "No",
      "restricted_admin_mode": "-",
      "workstation_name": "WS2022-LAB01",
      "source_network_address": "127.0.0.1",
      "source_port": "0",
      "process_name": "C:\\Windows\\System32\\svchost.exe",
      "failure_reason": null,
      "status": null,
      "substatus": null,
      "logon_process": null,
      "authentication_package": null,
      "privileges": [],
      "scenario_id": "BASELINE-SUCCESS-0399"
    },
    {
      "event_id": 4624,
      "timestamp": "13/06/2026 11:51:34",
      "provider_name": "Microsoft-Windows-Security-Auditing",
      "machine_name": "WS2022-LAB02",
      "message": "An account was successfully logged on.",
      "subject_account": "SYSTEM",
      "subject_domain": "NT AUTHORITY",
      "subject_security_id": "S-1-5-18",
      "subject_logon_id": "0x3E7",
      "new_logon_account": "UMFD-1",
      "new_logon_domain": "Window Manager",
      "new_logon_security_id": "S-1-5-90-0-1",
      "new_logon_logon_id": "0x8499F",
      "target_account": null,
      "target_domain": null,
      "target_security_id": null,
      "logon_type": "5",
      "elevated_token": "Yes",
      "virtual_account": "No",
      "restricted_admin_mode": "-",
      "workstation_name": "WS2022-LAB02",
      "source_network_address": "-",
      "source_port": "0",
      "process_name": "C:\\Windows\\System32\\services.exe",
      "failure_reason": null,
      "status": null,
      "substatus": null,
      "logon_process": null,
      "authentication_package": null,
      "privileges": [],
      "scenario_id": "SYSTEM-NOISE-0000"
    },
    {
      "event_id": 4624,
      "timestamp": "13/06/2026 11:51:57",
      "provider_name": "Microsoft-Windows-Security-Auditing",
      "machine_name": "WS2022-LAB02",
      "message": "An account was successfully logged on.",
      "subject_account": "SYSTEM",
      "subject_domain": "NT AUTHORITY",
      "subject_security_id": "S-1-5-18",
      "subject_logon_id": "0x3E7",
      "new_logon_account": "SYSTEM",
      "new_logon_domain": "Window Manager",
      "new_logon_security_id": "S-1-5-90-0-1",
      "new_logon_logon_id": "0xDB0C8",
      "target_account": null,
      "target_domain": null,
      "target_security_id": null,
      "logon_type": "5",
      "elevated_token": "Yes",
      "virtual_account": "No",
      "restricted_admin_mode": "-",
      "workstation_name": "WS2022-LAB02",
      "source_network_address": "-",
      "source_port": "0",
      "process_name": "C:\\Windows\\System32\\services.exe",
      "failure_reason": null,
      "status": null,
      "substatus": null,
      "logon_process": null,
      "authentication_package": null,
      "privileges": [],
      "scenario_id": "SYSTEM-NOISE-0001"
    },
    {
      "event_id": 4624,
      "timestamp": "13/06/2026 11:52:34",
      "provider_name": "Microsoft-Windows-Security-Auditing",
      "machine_name": "WIN-H96JM6F374S",
      "message": "An account was successfully logged on.",
      "subject_account": "SYSTEM",
      "subject_domain": "NT AUTHORITY",
      "subject_security_id": "S-1-5-18",
      "subject_logon_id": "0x3E7",
      "new_logon_account": "UMFD-2",
      "new_logon_domain": "Window Manager",
      "new_logon_security_id": "S-1-5-90-0-1",
      "new_logon_logon_id": "0x3D663",
      "target_account": null,
      "target_domain": null,
      "target_security_id": null,
      "logon_type": "5",
      "elevated_token": "Yes",
      "virtual_account": "No",
      "restricted_admin_mode": "-",
      "workstation_name": "WIN-H96JM6F374S",
      "source_network_address": "-",
      "source_port": "0",
      "process_name": "C:\\Windows\\System32\\services.exe",
      "failure_reason": null,
      "status": null,
      "substatus": null,
      "logon_process": null,
      "authentication_package": null,
      "privileges": [],
      "scenario_id": "SYSTEM-NOISE-0002"
    },
    {
      "event_id": 4624,
      "timestamp": "13/06/2026 11:52:59",
      "provider_name": "Microsoft-Windows-Security-Auditing",
      "machine_name": "WIN-H96JM6F374S",
      "message": "An account was successfully logged on.",
      "subject_account": "SYSTEM",
      "subject_domain": "NT AUTHORITY",
      "subject_security_id": "S-1-5-18",
      "subject_logon_id": "0x3E7",
      "new_logon_account": "DWM-1",
      "new_logon_domain": "Window Manager",
      "new_logon_security_id": "S-1-5-90-0-1",
      "new_logon_logon_id": "0xA68E9",
      "target_account": null,
      "target_domain": null,
      "target_security_id": null,
      "logon_type": "5",
      "elevated_token": "Yes",
      "virtual_account": "No",
      "restricted_admin_mode": "-",
      "workstation_name": "WIN-H96JM6F374S",
      "source_network_address": "-",
      "source_port": "0",
      "process_name": "C:\\Windows\\System32\\services.exe",
      "failure_reason": null,
      "status": null,
      "substatus": null,
      "logon_process": null,
      "authentication_package": null,
      "privileges": [],
      "scenario_id": "SYSTEM-NOISE-0003"
    },
    {
      "event_id": 4624,
      "timestamp": "13/06/2026 11:53:12",
      "provider_name": "Microsoft-Windows-Security-Auditing",
      "machine_name": "WS2022-LAB01",
      "message": "An account was successfully logged on.",
      "subject_account": "SYSTEM",
      "subject_domain": "NT AUTHORITY",
      "subject_security_id": "S-1-5-18",
      "subject_logon_id": "0x3E7",
      "new_logon_account": "SYSTEM",
      "new_logon_domain": "Window Manager",
      "new_logon_security_id": "S-1-5-90-0-1",
      "new_logon_logon_id": "0x593E6",
      "target_account": null,
      "target_domain": null,
      "target_security_id": null,
      "logon_type": "5",
      "elevated_token": "Yes",
      "virtual_account": "No",
      "restricted_admin_mode": "-",
      "workstation_name": "WS2022-LAB01",
      "source_network_address": "-",
      "source_port": "0",
      "process_name": "C:\\Windows\\System32\\services.exe",
      "failure_reason": null,
      "status": null,
      "substatus": null,
      "logon_process": null,
      "authentication_package": null,
      "privileges": [],
      "scenario_id": "SYSTEM-NOISE-0004"
    },
    {
      "event_id": 4624,
      "timestamp": "13/06/2026 11:53:39",
      "provider_name": "Microsoft-Windows-Security-Auditing",
      "machine_name": "WS2022-LAB02",
      "message": "An account was successfully logged on.",
      "subject_account": "SYSTEM",
      "subject_domain": "NT AUTHORITY",
      "subject_security_id": "S-1-5-18",
      "subject_logon_id": "0x3E7",
      "new_logon_account": "DWM-1",
      "new_logon_domain": "Window Manager",
      "new_logon_security_id": "S-1-5-90-0-1",
      "new_logon_logon_id": "0x61C19",
      "target_account": null,
      "target_domain": null,
      "target_security_id": null,
      "logon_type": "5",
      "elevated_token": "Yes",
      "virtual_account": "No",
      "restricted_admin_mode": "-",
      "workstation_name": "WS2022-LAB02",
      "source_network_address": "-",
      "source_port": "0",
      "process_name": "C:\\Windows\\System32\\services.exe",
      "failure_reason": null,
      "status": null,
      "substatus": null,
      "logon_process": null,
      "authentication_package": null,
      "privileges": [],
      "scenario_id": "SYSTEM-NOISE-0005"
    },
    {
      "event_id": 4624,
      "timestamp": "13/06/2026 11:54:06",
      "provider_name": "Microsoft-Windows-Security-Auditing",
      "machine_name": "WS2022-LAB01",
      "message": "An account was successfully logged on.",
      "subject_account": "SYSTEM",
      "subject_domain": "NT AUTHORITY",
      "subject_security_id": "S-1-5-18",
      "subject_logon_id": "0x3E7",
      "new_logon_account": "DWM-1",
      "new_logon_domain": "Window Manager",
      "new_logon_security_id": "S-1-5-90-0-1",
      "new_logon_logon_id": "0x856EA",
      "target_account": null,
      "target_domain": null,
      "target_security_id": null,
      "logon_type": "5",
      "elevated_token": "Yes",
      "virtual_account": "No",
      "restricted_admin_mode": "-",
      "workstation_name": "WS2022-LAB01",
      "source_network_address": "-",
      "source_port": "0",
      "process_name": "C:\\Windows\\System32\\services.exe",
      "failure_reason": null,
      "status": null,
      "substatus": null,
      "logon_process": null,
      "authentication_package": null,
      "privileges": [],
      "scenario_id": "SYSTEM-NOISE-0006"
    },
    {
      "event_id": 4624,
      "timestamp": "13/06/2026 11:54:31",
      "provider_name": "Microsoft-Windows-Security-Auditing",
      "machine_name": "WS2022-LAB01",
      "message": "An account was successfully logged on.",
      "subject_account": "SYSTEM",
      "subject_domain": "NT AUTHORITY",
      "subject_security_id": "S-1-5-18",
      "subject_logon_id": "0x3E7",
      "new_logon_account": "UMFD-1",
      "new_logon_domain": "Window Manager",
      "new_logon_security_id": "S-1-5-90-0-1",
      "new_logon_logon_id": "0xAD7A5",
      "target_account": null,
      "target_domain": null,
      "target_security_id": null,
      "logon_type": "5",
      "elevated_token": "Yes",
      "virtual_account": "No",
      "restricted_admin_mode": "-",
      "workstation_name": "WS2022-LAB01",
      "source_network_address": "-",
      "source_port": "0",
      "process_name": "C:\\Windows\\System32\\services.exe",
      "failure_reason": null,
      "status": null,
      "substatus": null,
      "logon_process": null,
      "authentication_package": null,
      "privileges": [],
      "scenario_id": "SYSTEM-NOISE-0007"
    },
    {
      "event_id": 4624,
      "timestamp": "13/06/2026 11:54:41",
      "provider_name": "Microsoft-Windows-Security-Auditing",
      "machine_name": "WS2022-LAB01",
      "message": "An account was successfully logged on.",
      "subject_account": "SYSTEM",
      "subject_domain": "NT AUTHORITY",
      "subject_security_id": "S-1-5-18",
      "subject_logon_id": "0x3E7",
      "new_logon_account": "SYSTEM",
      "new_logon_domain": "Window Manager",
      "new_logon_security_id": "S-1-5-90-0-1",
      "new_logon_logon_id": "0x9C8B0",
      "target_account": null,
      "target_domain": null,
      "target_security_id": null,
      "logon_type": "5",
      "elevated_token": "Yes",
      "virtual_account": "No",
      "restricted_admin_mode": "-",
      "workstation_name": "WS2022-LAB01",
      "source_network_address": "-",
      "source_port": "0",
      "process_name": "C:\\Windows\\System32\\services.exe",
      "failure_reason": null,
      "status": null,
      "substatus": null,
      "logon_process": null,
      "authentication_package": null,
      "privileges": [],
      "scenario_id": "SYSTEM-NOISE-0008"
    },
    {
      "event_id": 4624,
      "timestamp": "13/06/2026 11:54:48",
      "provider_name": "Microsoft-Windows-Security-Auditing",
      "machine_name": "WIN-H96JM6F374S",
      "message": "An account was successfully logged on.",
      "subject_account": "SYSTEM",
      "subject_domain": "NT AUTHORITY",
      "subject_security_id": "S-1-5-18",
      "subject_logon_id": "0x3E7",
      "new_logon_account": "DWM-1",
      "new_logon_domain": "Window Manager",
      "new_logon_security_id": "S-1-5-90-0-1",
      "new_logon_logon_id": "0xAC31C",
      "target_account": null,
      "target_domain": null,
      "target_security_id": null,
      "logon_type": "5",
      "elevated_token": "Yes",
      "virtual_account": "No",
      "restricted_admin_mode": "-",
      "workstation_name": "WIN-H96JM6F374S",
      "source_network_address": "-",
      "source_port": "0",
      "process_name": "C:\\Windows\\System32\\services.exe",
      "failure_reason": null,
      "status": null,
      "substatus": null,
      "logon_process": null,
      "authentication_package": null,
      "privileges": [],
      "scenario_id": "SYSTEM-NOISE-0009"
    },
    {
      "event_id": 4624,
      "timestamp": "13/06/2026 11:55:33",
      "provider_name": "Microsoft-Windows-Security-Auditing",
      "machine_name": "WS2022-LAB02",
      "message": "An account was successfully logged on.",
      "subject_account": "SYSTEM",
      "subject_domain": "NT AUTHORITY",
      "subject_security_id": "S-1-5-18",
      "subject_logon_id": "0x3E7",
      "new_logon_account": "UMFD-2",
      "new_logon_domain": "Window Manager",
      "new_logon_security_id": "S-1-5-90-0-1",
      "new_logon_logon_id": "0x6C15B",
      "target_account": null,
      "target_domain": null,
      "target_security_id": null,
      "logon_type": "5",
      "elevated_token": "Yes",
      "virtual_account": "No",
      "restricted_admin_mode": "-",
      "workstation_name": "WS2022-LAB02",
      "source_network_address": "-",
      "source_port": "0",
      "process_name": "C:\\Windows\\System32\\services.exe",
      "failure_reason": null,
      "status": null,
      "substatus": null,
      "logon_process": null,
      "authentication_package": null,
      "privileges": [],
      "scenario_id": "SYSTEM-NOISE-0010"
    },
