    {
      "event_id": 4624,
      "timestamp": "13/06/2026 11:01:19",
      "provider_name": "Microsoft-Windows-Security-Auditing",
      "machine_name": "WS2022-LAB02",
      "message": "An account was successfully logged on.",
      "subject_account": "WS2022-LAB02$",
      "subject_domain": "WORKGROUP",
      "subject_security_id": "S-1-5-18",
      "subject_logon_id": "0x82FC4",
      "new_logon_account": "testuser12",
      "new_logon_domain": "WS2022-LAB02",
      "new_logon_security_id": "S-1-5-21-1843355061-959072039-615746888-2888",
      "new_logon_logon_id": "0xDC79F",
      "target_account": null,
      "target_domain": null,
      "target_security_id": null,
      "logon_type": "2",
      "elevated_token": "No",
      "virtual_account": "No",
      "restricted_admin_mode": "-",
      "workstation_name": "WS2022-LAB02",
      "source_network_address": "10.0.0.212",
      "source_port": "0",
      "process_name": "C:\\Windows\\System32\\svchost.exe",
      "failure_reason": null,
      "status": null,
      "substatus": null,
      "logon_process": null,
      "authentication_package": null,
      "privileges": [],
      "scenario_id": "BASELINE-SUCCESS-0287"
    },
    {
      "event_id": 4624,
      "timestamp": "13/06/2026 11:01:37",
      "provider_name": "Microsoft-Windows-Security-Auditing",
      "machine_name": "WS2022-LAB02",
      "message": "An account was successfully logged on.",
      "subject_account": "WS2022-LAB02$",
      "subject_domain": "WORKGROUP",
      "subject_security_id": "S-1-5-18",
      "subject_logon_id": "0x674CE",
      "new_logon_account": "testuser16",
      "new_logon_domain": "WS2022-LAB02",
      "new_logon_security_id": "S-1-5-21-1843355061-959072039-615746888-6671",
      "new_logon_logon_id": "0x3D83A",
      "target_account": null,
      "target_domain": null,
      "target_security_id": null,
      "logon_type": "2",
      "elevated_token": "No",
      "virtual_account": "No",
      "restricted_admin_mode": "-",
      "workstation_name": "WS2022-LAB02",
      "source_network_address": "127.0.0.1",
      "source_port": "0",
      "process_name": "C:\\Windows\\System32\\svchost.exe",
      "failure_reason": null,
      "status": null,
      "substatus": null,
      "logon_process": null,
      "authentication_package": null,
      "privileges": [],
      "scenario_id": "BASELINE-SUCCESS-0288"
    },
    {
      "event_id": 4624,
      "timestamp": "13/06/2026 11:01:56",
      "provider_name": "Microsoft-Windows-Security-Auditing",
      "machine_name": "WS2022-LAB02",
      "message": "An account was successfully logged on.",
      "subject_account": "WS2022-LAB02$",
      "subject_domain": "WORKGROUP",
      "subject_security_id": "S-1-5-18",
      "subject_logon_id": "0xAFB50",
      "new_logon_account": "testuser9",
      "new_logon_domain": "WS2022-LAB02",
      "new_logon_security_id": "S-1-5-21-1843355061-959072039-615746888-9741",
      "new_logon_logon_id": "0xE1DD6",
      "target_account": null,
      "target_domain": null,
      "target_security_id": null,
      "logon_type": "2",
      "elevated_token": "No",
      "virtual_account": "No",
      "restricted_admin_mode": "-",
      "workstation_name": "WS2022-LAB02",
      "source_network_address": "10.0.0.77",
      "source_port": "0",
      "process_name": "C:\\Windows\\System32\\svchost.exe",
      "failure_reason": null,
      "status": null,
      "substatus": null,
      "logon_process": null,
      "authentication_package": null,
      "privileges": [],
      "scenario_id": "BASELINE-SUCCESS-0289"
    },
    {
      "event_id": 4624,
      "timestamp": "13/06/2026 11:02:40",
      "provider_name": "Microsoft-Windows-Security-Auditing",
      "machine_name": "WS2022-LAB01",
      "message": "An account was successfully logged on.",
      "subject_account": "WS2022-LAB01$",
      "subject_domain": "WORKGROUP",
      "subject_security_id": "S-1-5-18",
      "subject_logon_id": "0xADD07",
      "new_logon_account": "testuser11",
      "new_logon_domain": "WS2022-LAB01",
      "new_logon_security_id": "S-1-5-21-1843355061-959072039-615746888-3479",
      "new_logon_logon_id": "0x3306F",
      "target_account": null,
      "target_domain": null,
      "target_security_id": null,
      "logon_type": "2",
      "elevated_token": "No",
      "virtual_account": "No",
      "restricted_admin_mode": "-",
      "workstation_name": "WS2022-LAB01",
      "source_network_address": "127.0.0.1",
      "source_port": "0",
      "process_name": "C:\\Windows\\System32\\svchost.exe",
      "failure_reason": null,
      "status": null,
      "substatus": null,
      "logon_process": null,
      "authentication_package": null,
      "privileges": [],
      "scenario_id": "BASELINE-SUCCESS-0290"
    },
    {
      "event_id": 4624,
      "timestamp": "13/06/2026 11:02:59",
      "provider_name": "Microsoft-Windows-Security-Auditing",
      "machine_name": "WIN-H96JM6F374S",
      "message": "An account was successfully logged on.",
      "subject_account": "WIN-H96JM6F374S$",
      "subject_domain": "WORKGROUP",
      "subject_security_id": "S-1-5-18",
      "subject_logon_id": "0x3C0BE",
      "new_logon_account": "testuser6",
      "new_logon_domain": "WIN-H96JM6F374S",
      "new_logon_security_id": "S-1-5-21-1843355061-959072039-615746888-7722",
      "new_logon_logon_id": "0x9F0DA",
      "target_account": null,
      "target_domain": null,
      "target_security_id": null,
      "logon_type": "2",
      "elevated_token": "No",
      "virtual_account": "No",
      "restricted_admin_mode": "-",
      "workstation_name": "WIN-H96JM6F374S",
      "source_network_address": "127.0.0.1",
      "source_port": "0",
      "process_name": "C:\\Windows\\System32\\svchost.exe",
      "failure_reason": null,
      "status": null,
      "substatus": null,
      "logon_process": null,
      "authentication_package": null,
      "privileges": [],
      "scenario_id": "BASELINE-SUCCESS-0291"
    },
    {
      "event_id": 4624,
      "timestamp": "13/06/2026 11:03:13",
      "provider_name": "Microsoft-Windows-Security-Auditing",
      "machine_name": "WIN-H96JM6F374S",
      "message": "An account was successfully logged on.",
      "subject_account": "WIN-H96JM6F374S$",
      "subject_domain": "WORKGROUP",
      "subject_security_id": "S-1-5-18",
      "subject_logon_id": "0x276E4",
      "new_logon_account": "testuser18",
      "new_logon_domain": "WIN-H96JM6F374S",
      "new_logon_security_id": "S-1-5-21-1843355061-959072039-615746888-2194",
      "new_logon_logon_id": "0x1C2B3",
      "target_account": null,
      "target_domain": null,
      "target_security_id": null,
      "logon_type": "2",
      "elevated_token": "No",
      "virtual_account": "No",
      "restricted_admin_mode": "-",
      "workstation_name": "WIN-H96JM6F374S",
      "source_network_address": "127.0.0.1",
      "source_port": "0",
      "process_name": "C:\\Windows\\System32\\svchost.exe",
      "failure_reason": null,
      "status": null,
      "substatus": null,
      "logon_process": null,
      "authentication_package": null,
      "privileges": [],
      "scenario_id": "BASELINE-SUCCESS-0292"
    },
    {
      "event_id": 4624,
      "timestamp": "13/06/2026 11:03:23",
      "provider_name": "Microsoft-Windows-Security-Auditing",
      "machine_name": "WS2022-LAB01",
      "message": "An account was successfully logged on.",
      "subject_account": "WS2022-LAB01$",
      "subject_domain": "WORKGROUP",
      "subject_security_id": "S-1-5-18",
      "subject_logon_id": "0x906BB",
      "new_logon_account": "testuser9",
      "new_logon_domain": "WS2022-LAB01",
      "new_logon_security_id": "S-1-5-21-1843355061-959072039-615746888-5860",
      "new_logon_logon_id": "0xC17B8",
      "target_account": null,
      "target_domain": null,
      "target_security_id": null,
      "logon_type": "2",
      "elevated_token": "No",
      "virtual_account": "No",
      "restricted_admin_mode": "-",
      "workstation_name": "WS2022-LAB01",
      "source_network_address": "127.0.0.1",
      "source_port": "0",
      "process_name": "C:\\Windows\\System32\\svchost.exe",
      "failure_reason": null,
      "status": null,
      "substatus": null,
      "logon_process": null,
      "authentication_package": null,
      "privileges": [],
      "scenario_id": "BASELINE-SUCCESS-0293"
    },
    {
      "event_id": 4624,
      "timestamp": "13/06/2026 11:03:47",
      "provider_name": "Microsoft-Windows-Security-Auditing",
      "machine_name": "WS2022-LAB01",
      "message": "An account was successfully logged on.",
      "subject_account": "WS2022-LAB01$",
      "subject_domain": "WORKGROUP",
      "subject_security_id": "S-1-5-18",
      "subject_logon_id": "0x79645",
      "new_logon_account": "testuser3",
      "new_logon_domain": "WS2022-LAB01",
      "new_logon_security_id": "S-1-5-21-1843355061-959072039-615746888-3859",
      "new_logon_logon_id": "0x59872",
      "target_account": null,
      "target_domain": null,
      "target_security_id": null,
      "logon_type": "2",
      "elevated_token": "No",
      "virtual_account": "No",
      "restricted_admin_mode": "-",
      "workstation_name": "WS2022-LAB01",
      "source_network_address": "10.0.0.216",
      "source_port": "0",
      "process_name": "C:\\Windows\\System32\\svchost.exe",
      "failure_reason": null,
      "status": null,
      "substatus": null,
      "logon_process": null,
      "authentication_package": null,
      "privileges": [],
      "scenario_id": "BASELINE-SUCCESS-0294"
    },
    {
      "event_id": 4624,
      "timestamp": "13/06/2026 11:04:07",
      "provider_name": "Microsoft-Windows-Security-Auditing",
      "machine_name": "WS2022-LAB01",
      "message": "An account was successfully logged on.",
      "subject_account": "WS2022-LAB01$",
      "subject_domain": "WORKGROUP",
      "subject_security_id": "S-1-5-18",
      "subject_logon_id": "0xEE62A",
      "new_logon_account": "testuser17",
      "new_logon_domain": "WS2022-LAB01",
      "new_logon_security_id": "S-1-5-21-1843355061-959072039-615746888-2564",
      "new_logon_logon_id": "0x436DD",
      "target_account": null,
      "target_domain": null,
      "target_security_id": null,
      "logon_type": "2",
      "elevated_token": "No",
      "virtual_account": "No",
      "restricted_admin_mode": "-",
      "workstation_name": "WS2022-LAB01",
      "source_network_address": "127.0.0.1",
      "source_port": "0",
      "process_name": "C:\\Windows\\System32\\svchost.exe",
      "failure_reason": null,
      "status": null,
      "substatus": null,
      "logon_process": null,
      "authentication_package": null,
      "privileges": [],
      "scenario_id": "BASELINE-SUCCESS-0295"
    },
    {
      "event_id": 4624,
      "timestamp": "13/06/2026 11:04:34",
      "provider_name": "Microsoft-Windows-Security-Auditing",
      "machine_name": "WIN-H96JM6F374S",
      "message": "An account was successfully logged on.",
      "subject_account": "WIN-H96JM6F374S$",
      "subject_domain": "WORKGROUP",
      "subject_security_id": "S-1-5-18",
      "subject_logon_id": "0x90A63",
      "new_logon_account": "testuser9",
      "new_logon_domain": "WIN-H96JM6F374S",
      "new_logon_security_id": "S-1-5-21-1843355061-959072039-615746888-1517",
      "new_logon_logon_id": "0x70C7E",
      "target_account": null,
      "target_domain": null,
      "target_security_id": null,
      "logon_type": "2",
      "elevated_token": "No",
      "virtual_account": "No",
      "restricted_admin_mode": "-",
      "workstation_name": "WIN-H96JM6F374S",
      "source_network_address": "127.0.0.1",
      "source_port": "0",
      "process_name": "C:\\Windows\\System32\\svchost.exe",
      "failure_reason": null,
      "status": null,
      "substatus": null,
      "logon_process": null,
      "authentication_package": null,
      "privileges": [],
      "scenario_id": "BASELINE-SUCCESS-0296"
    },
    {
      "event_id": 4624,
      "timestamp": "13/06/2026 11:04:53",
      "provider_name": "Microsoft-Windows-Security-Auditing",
      "machine_name": "WIN-H96JM6F374S",
      "message": "An account was successfully logged on.",
      "subject_account": "WIN-H96JM6F374S$",
      "subject_domain": "WORKGROUP",
      "subject_security_id": "S-1-5-18",
      "subject_logon_id": "0xC0241",
      "new_logon_account": "testuser2",
      "new_logon_domain": "WIN-H96JM6F374S",
      "new_logon_security_id": "S-1-5-21-1843355061-959072039-615746888-3777",
      "new_logon_logon_id": "0x65376",
      "target_account": null,
      "target_domain": null,
      "target_security_id": null,
      "logon_type": "2",
      "elevated_token": "No",
      "virtual_account": "No",
      "restricted_admin_mode": "-",
      "workstation_name": "WIN-H96JM6F374S",
      "source_network_address": "127.0.0.1",
      "source_port": "0",
      "process_name": "C:\\Windows\\System32\\svchost.exe",
      "failure_reason": null,
      "status": null,
      "substatus": null,
      "logon_process": null,
      "authentication_package": null,
      "privileges": [],
      "scenario_id": "BASELINE-SUCCESS-0297"
    },
    {
      "event_id": 4624,
      "timestamp": "13/06/2026 11:05:36",
      "provider_name": "Microsoft-Windows-Security-Auditing",
      "machine_name": "WS2022-LAB01",
      "message": "An account was successfully logged on.",
      "subject_account": "WS2022-LAB01$",
      "subject_domain": "WORKGROUP",
      "subject_security_id": "S-1-5-18",
      "subject_logon_id": "0x6C47F",
      "new_logon_account": "testuser17",
      "new_logon_domain": "WS2022-LAB01",
      "new_logon_security_id": "S-1-5-21-1843355061-959072039-615746888-4482",
      "new_logon_logon_id": "0xCB581",
      "target_account": null,
      "target_domain": null,
      "target_security_id": null,
      "logon_type": "2",
      "elevated_token": "No",
      "virtual_account": "No",
      "restricted_admin_mode": "-",
      "workstation_name": "WS2022-LAB01",
      "source_network_address": "10.0.0.35",
      "source_port": "0",
      "process_name": "C:\\Windows\\System32\\svchost.exe",
      "failure_reason": null,
      "status": null,
      "substatus": null,
      "logon_process": null,
      "authentication_package": null,
      "privileges": [],
      "scenario_id": "BASELINE-SUCCESS-0298"
    },
    {
      "event_id": 4624,
      "timestamp": "13/06/2026 11:05:51",
      "provider_name": "Microsoft-Windows-Security-Auditing",
      "machine_name": "WS2022-LAB02",
      "message": "An account was successfully logged on.",
      "subject_account": "WS2022-LAB02$",
      "subject_domain": "WORKGROUP",
      "subject_security_id": "S-1-5-18",
      "subject_logon_id": "0x2A1B8",
      "new_logon_account": "testuser17",
      "new_logon_domain": "WS2022-LAB02",
      "new_logon_security_id": "S-1-5-21-1843355061-959072039-615746888-5348",
      "new_logon_logon_id": "0x3E5A2",
      "target_account": null,
      "target_domain": null,
      "target_security_id": null,
      "logon_type": "2",
      "elevated_token": "No",
      "virtual_account": "No",
      "restricted_admin_mode": "-",
      "workstation_name": "WS2022-LAB02",
      "source_network_address": "127.0.0.1",
      "source_port": "0",
      "process_name": "C:\\Windows\\System32\\svchost.exe",
      "failure_reason": null,
      "status": null,
      "substatus": null,
      "logon_process": null,
      "authentication_package": null,
      "privileges": [],
      "scenario_id": "BASELINE-SUCCESS-0299"
    },
    {
      "event_id": 4624,
      "timestamp": "13/06/2026 11:06:33",
      "provider_name": "Microsoft-Windows-Security-Auditing",
      "machine_name": "WS2022-LAB01",
      "message": "An account was successfully logged on.",
      "subject_account": "WS2022-LAB01$",
      "subject_domain": "WORKGROUP",
      "subject_security_id": "S-1-5-18",
      "subject_logon_id": "0x3BC5D",
      "new_logon_account": "testuser15",
      "new_logon_domain": "WS2022-LAB01",
      "new_logon_security_id": "S-1-5-21-1843355061-959072039-615746888-8485",
      "new_logon_logon_id": "0xC0EFD",
      "target_account": null,
      "target_domain": null,
      "target_security_id": null,
      "logon_type": "2",
      "elevated_token": "No",
      "virtual_account": "No",
      "restricted_admin_mode": "-",
      "workstation_name": "WS2022-LAB01",
      "source_network_address": "192.168.56.134",
      "source_port": "0",
      "process_name": "C:\\Windows\\System32\\svchost.exe",
      "failure_reason": null,
      "status": null,
      "substatus": null,
      "logon_process": null,
      "authentication_package": null,
      "privileges": [],
      "scenario_id": "BASELINE-SUCCESS-0300"
    },
    {
      "event_id": 4624,
      "timestamp": "13/06/2026 11:06:41",
      "provider_name": "Microsoft-Windows-Security-Auditing",
      "machine_name": "WS2022-LAB02",
      "message": "An account was successfully logged on.",
      "subject_account": "WS2022-LAB02$",
      "subject_domain": "WORKGROUP",
      "subject_security_id": "S-1-5-18",
      "subject_logon_id": "0xC2ABA",
      "new_logon_account": "testuser5",
      "new_logon_domain": "WS2022-LAB02",
      "new_logon_security_id": "S-1-5-21-1843355061-959072039-615746888-9324",
      "new_logon_logon_id": "0x4ED83",
      "target_account": null,
      "target_domain": null,
      "target_security_id": null,
      "logon_type": "2",
      "elevated_token": "No",
      "virtual_account": "No",
      "restricted_admin_mode": "-",
      "workstation_name": "WS2022-LAB02",
      "source_network_address": "192.168.56.63",
      "source_port": "0",
      "process_name": "C:\\Windows\\System32\\svchost.exe",
      "failure_reason": null,
      "status": null,
      "substatus": null,
      "logon_process": null,
      "authentication_package": null,
      "privileges": [],
      "scenario_id": "BASELINE-SUCCESS-0301"
    },
    {
      "event_id": 4624,
      "timestamp": "13/06/2026 11:07:24",
      "provider_name": "Microsoft-Windows-Security-Auditing",
      "machine_name": "WS2022-LAB02",
      "message": "An account was successfully logged on.",
      "subject_account": "WS2022-LAB02$",
      "subject_domain": "WORKGROUP",
      "subject_security_id": "S-1-5-18",
      "subject_logon_id": "0xA8913",
      "new_logon_account": "testuser6",
      "new_logon_domain": "WS2022-LAB02",
      "new_logon_security_id": "S-1-5-21-1843355061-959072039-615746888-8972",
      "new_logon_logon_id": "0x7A8A9",
      "target_account": null,
      "target_domain": null,
      "target_security_id": null,
      "logon_type": "2",
      "elevated_token": "No",
      "virtual_account": "No",
      "restricted_admin_mode": "-",
      "workstation_name": "WS2022-LAB02",
      "source_network_address": "127.0.0.1",
      "source_port": "0",
      "process_name": "C:\\Windows\\System32\\svchost.exe",
      "failure_reason": null,
      "status": null,
      "substatus": null,
      "logon_process": null,
      "authentication_package": null,
      "privileges": [],
      "scenario_id": "BASELINE-SUCCESS-0302"
    },
    {
      "event_id": 4624,
      "timestamp": "13/06/2026 11:07:43",
      "provider_name": "Microsoft-Windows-Security-Auditing",
      "machine_name": "WIN-H96JM6F374S",
      "message": "An account was successfully logged on.",
      "subject_account": "WIN-H96JM6F374S$",
      "subject_domain": "WORKGROUP",
      "subject_security_id": "S-1-5-18",
      "subject_logon_id": "0x2A947",
      "new_logon_account": "testuser1",
      "new_logon_domain": "WIN-H96JM6F374S",
      "new_logon_security_id": "S-1-5-21-1843355061-959072039-615746888-3331",
      "new_logon_logon_id": "0x39443",
      "target_account": null,
      "target_domain": null,
      "target_security_id": null,
      "logon_type": "2",
      "elevated_token": "No",
      "virtual_account": "No",
      "restricted_admin_mode": "-",
      "workstation_name": "WIN-H96JM6F374S",
      "source_network_address": "127.0.0.1",
      "source_port": "0",
      "process_name": "C:\\Windows\\System32\\svchost.exe",
      "failure_reason": null,
      "status": null,
      "substatus": null,
      "logon_process": null,
      "authentication_package": null,
      "privileges": [],
      "scenario_id": "BASELINE-SUCCESS-0303"
    },
    {
      "event_id": 4624,
      "timestamp": "13/06/2026 11:07:57",
      "provider_name": "Microsoft-Windows-Security-Auditing",
      "machine_name": "WIN-H96JM6F374S",
      "message": "An account was successfully logged on.",
      "subject_account": "WIN-H96JM6F374S$",
      "subject_domain": "WORKGROUP",
      "subject_security_id": "S-1-5-18",
      "subject_logon_id": "0x4AE2E",
      "new_logon_account": "testuser7",
      "new_logon_domain": "WIN-H96JM6F374S",
      "new_logon_security_id": "S-1-5-21-1843355061-959072039-615746888-2903",
      "new_logon_logon_id": "0x5B869",
      "target_account": null,
      "target_domain": null,
      "target_security_id": null,
      "logon_type": "2",
      "elevated_token": "No",
      "virtual_account": "No",
      "restricted_admin_mode": "-",
      "workstation_name": "WIN-H96JM6F374S",
      "source_network_address": "127.0.0.1",
      "source_port": "0",
      "process_name": "C:\\Windows\\System32\\svchost.exe",
      "failure_reason": null,
      "status": null,
      "substatus": null,
      "logon_process": null,
      "authentication_package": null,
      "privileges": [],
      "scenario_id": "BASELINE-SUCCESS-0304"
    },
    {
      "event_id": 4624,
      "timestamp": "13/06/2026 11:08:40",
      "provider_name": "Microsoft-Windows-Security-Auditing",
      "machine_name": "WS2022-LAB02",
      "message": "An account was successfully logged on.",
      "subject_account": "WS2022-LAB02$",
      "subject_domain": "WORKGROUP",
      "subject_security_id": "S-1-5-18",
      "subject_logon_id": "0xA6E72",
      "new_logon_account": "testuser16",
      "new_logon_domain": "WS2022-LAB02",
      "new_logon_security_id": "S-1-5-21-1843355061-959072039-615746888-8246",
      "new_logon_logon_id": "0xB4E76",
      "target_account": null,
      "target_domain": null,
      "target_security_id": null,
      "logon_type": "2",
      "elevated_token": "No",
      "virtual_account": "No",
      "restricted_admin_mode": "-",
      "workstation_name": "WS2022-LAB02",
      "source_network_address": "10.0.0.99",
      "source_port": "0",
      "process_name": "C:\\Windows\\System32\\svchost.exe",
      "failure_reason": null,
      "status": null,
      "substatus": null,
      "logon_process": null,
      "authentication_package": null,
      "privileges": [],
      "scenario_id": "BASELINE-SUCCESS-0305"
    },
    {
      "event_id": 4624,
      "timestamp": "13/06/2026 11:09:13",
      "provider_name": "Microsoft-Windows-Security-Auditing",
      "machine_name": "WIN-H96JM6F374S",
      "message": "An account was successfully logged on.",
      "subject_account": "WIN-H96JM6F374S$",
      "subject_domain": "WORKGROUP",
      "subject_security_id": "S-1-5-18",
      "subject_logon_id": "0xE5FA4",
      "new_logon_account": "testuser17",
      "new_logon_domain": "WIN-H96JM6F374S",
      "new_logon_security_id": "S-1-5-21-1843355061-959072039-615746888-6815",
      "new_logon_logon_id": "0x1FFDE",
      "target_account": null,
      "target_domain": null,
      "target_security_id": null,
      "logon_type": "2",
      "elevated_token": "No",
      "virtual_account": "No",
      "restricted_admin_mode": "-",
      "workstation_name": "WIN-H96JM6F374S",
      "source_network_address": "127.0.0.1",
      "source_port": "0",
      "process_name": "C:\\Windows\\System32\\svchost.exe",
      "failure_reason": null,
      "status": null,
      "substatus": null,
      "logon_process": null,
      "authentication_package": null,
      "privileges": [],
      "scenario_id": "BASELINE-SUCCESS-0306"
    },
    {
      "event_id": 4624,
      "timestamp": "13/06/2026 11:09:31",
      "provider_name": "Microsoft-Windows-Security-Auditing",
      "machine_name": "WS2022-LAB01",
      "message": "An account was successfully logged on.",
      "subject_account": "WS2022-LAB01$",
      "subject_domain": "WORKGROUP",
      "subject_security_id": "S-1-5-18",
      "subject_logon_id": "0x96362",
      "new_logon_account": "testuser11",
      "new_logon_domain": "WS2022-LAB01",
      "new_logon_security_id": "S-1-5-21-1843355061-959072039-615746888-6160",
      "new_logon_logon_id": "0xC17D2",
      "target_account": null,
      "target_domain": null,
      "target_security_id": null,
      "logon_type": "2",
      "elevated_token": "No",
      "virtual_account": "No",
      "restricted_admin_mode": "-",
      "workstation_name": "WS2022-LAB01",
      "source_network_address": "127.0.0.1",
      "source_port": "0",
      "process_name": "C:\\Windows\\System32\\svchost.exe",
      "failure_reason": null,
      "status": null,
      "substatus": null,
      "logon_process": null,
      "authentication_package": null,
      "privileges": [],
      "scenario_id": "BASELINE-SUCCESS-0307"
    },
    {
      "event_id": 4624,
      "timestamp": "13/06/2026 11:10:08",
      "provider_name": "Microsoft-Windows-Security-Auditing",
      "machine_name": "WS2022-LAB01",
      "message": "An account was successfully logged on.",
      "subject_account": "WS2022-LAB01$",
      "subject_domain": "WORKGROUP",
      "subject_security_id": "S-1-5-18",
      "subject_logon_id": "0xBA611",
      "new_logon_account": "testuser6",
      "new_logon_domain": "WS2022-LAB01",
      "new_logon_security_id": "S-1-5-21-1843355061-959072039-615746888-8687",
      "new_logon_logon_id": "0xB71D3",
      "target_account": null,
      "target_domain": null,
      "target_security_id": null,
      "logon_type": "2",
      "elevated_token": "No",
      "virtual_account": "No",
      "restricted_admin_mode": "-",
      "workstation_name": "WS2022-LAB01",
      "source_network_address": "127.0.0.1",
      "source_port": "0",
      "process_name": "C:\\Windows\\System32\\svchost.exe",
      "failure_reason": null,
      "status": null,
      "substatus": null,
      "logon_process": null,
      "authentication_package": null,
      "privileges": [],
      "scenario_id": "BASELINE-SUCCESS-0308"
    },
    {
      "event_id": 4624,
      "timestamp": "13/06/2026 11:10:29",
      "provider_name": "Microsoft-Windows-Security-Auditing",
      "machine_name": "WIN-H96JM6F374S",
      "message": "An account was successfully logged on.",
      "subject_account": "WIN-H96JM6F374S$",
      "subject_domain": "WORKGROUP",
      "subject_security_id": "S-1-5-18",
      "subject_logon_id": "0x38AD7",
      "new_logon_account": "testuser19",
      "new_logon_domain": "WIN-H96JM6F374S",
      "new_logon_security_id": "S-1-5-21-1843355061-959072039-615746888-7683",
      "new_logon_logon_id": "0x395F0",
      "target_account": null,
      "target_domain": null,
      "target_security_id": null,
      "logon_type": "2",
      "elevated_token": "No",
      "virtual_account": "No",
      "restricted_admin_mode": "-",
      "workstation_name": "WIN-H96JM6F374S",
      "source_network_address": "127.0.0.1",
      "source_port": "0",
      "process_name": "C:\\Windows\\System32\\svchost.exe",
      "failure_reason": null,
      "status": null,
      "substatus": null,
      "logon_process": null,
      "authentication_package": null,
      "privileges": [],
      "scenario_id": "BASELINE-SUCCESS-0309"
    },
    {
      "event_id": 4624,
      "timestamp": "13/06/2026 11:11:14",
      "provider_name": "Microsoft-Windows-Security-Auditing",
      "machine_name": "WIN-H96JM6F374S",
      "message": "An account was successfully logged on.",
      "subject_account": "WIN-H96JM6F374S$",
      "subject_domain": "WORKGROUP",
      "subject_security_id": "S-1-5-18",
      "subject_logon_id": "0x9E755",
      "new_logon_account": "testuser11",
      "new_logon_domain": "WIN-H96JM6F374S",
      "new_logon_security_id": "S-1-5-21-1843355061-959072039-615746888-5703",
      "new_logon_logon_id": "0x53415",
      "target_account": null,
      "target_domain": null,
      "target_security_id": null,
      "logon_type": "2",
      "elevated_token": "No",
      "virtual_account": "No",
      "restricted_admin_mode": "-",
      "workstation_name": "WIN-H96JM6F374S",
      "source_network_address": "10.0.0.91",
      "source_port": "0",
      "process_name": "C:\\Windows\\System32\\svchost.exe",
      "failure_reason": null,
      "status": null,
      "substatus": null,
      "logon_process": null,
      "authentication_package": null,
      "privileges": [],
      "scenario_id": "BASELINE-SUCCESS-0310"
    },
    {
      "event_id": 4624,
      "timestamp": "13/06/2026 11:11:49",
      "provider_name": "Microsoft-Windows-Security-Auditing",
      "machine_name": "WS2022-LAB02",
      "message": "An account was successfully logged on.",
      "subject_account": "WS2022-LAB02$",
      "subject_domain": "WORKGROUP",
      "subject_security_id": "S-1-5-18",
      "subject_logon_id": "0xAE483",
      "new_logon_account": "testuser14",
      "new_logon_domain": "WS2022-LAB02",
      "new_logon_security_id": "S-1-5-21-1843355061-959072039-615746888-1312",
      "new_logon_logon_id": "0x14620",
      "target_account": null,
      "target_domain": null,
      "target_security_id": null,
      "logon_type": "2",
      "elevated_token": "No",
      "virtual_account": "No",
      "restricted_admin_mode": "-",
      "workstation_name": "WS2022-LAB02",
      "source_network_address": "127.0.0.1",
      "source_port": "0",
      "process_name": "C:\\Windows\\System32\\svchost.exe",
      "failure_reason": null,
      "status": null,
      "substatus": null,
      "logon_process": null,
      "authentication_package": null,
      "privileges": [],
      "scenario_id": "BASELINE-SUCCESS-0311"
    },
    {
      "event_id": 4624,
      "timestamp": "13/06/2026 11:12:02",
      "provider_name": "Microsoft-Windows-Security-Auditing",
      "machine_name": "WIN-H96JM6F374S",
      "message": "An account was successfully logged on.",
      "subject_account": "WIN-H96JM6F374S$",
      "subject_domain": "WORKGROUP",
      "subject_security_id": "S-1-5-18",
      "subject_logon_id": "0x30DD8",
      "new_logon_account": "testuser13",
      "new_logon_domain": "WIN-H96JM6F374S",
      "new_logon_security_id": "S-1-5-21-1843355061-959072039-615746888-7718",
      "new_logon_logon_id": "0xC9453",
      "target_account": null,
      "target_domain": null,
      "target_security_id": null,
      "logon_type": "2",
      "elevated_token": "No",
      "virtual_account": "No",
      "restricted_admin_mode": "-",
      "workstation_name": "WIN-H96JM6F374S",
      "source_network_address": "127.0.0.1",
      "source_port": "0",
      "process_name": "C:\\Windows\\System32\\svchost.exe",
      "failure_reason": null,
      "status": null,
      "substatus": null,
      "logon_process": null,
      "authentication_package": null,
      "privileges": [],
      "scenario_id": "BASELINE-SUCCESS-0312"
    },
    {
      "event_id": 4624,
      "timestamp": "13/06/2026 11:12:44",
      "provider_name": "Microsoft-Windows-Security-Auditing",
      "machine_name": "WS2022-LAB02",
      "message": "An account was successfully logged on.",
      "subject_account": "WS2022-LAB02$",
      "subject_domain": "WORKGROUP",
      "subject_security_id": "S-1-5-18",
      "subject_logon_id": "0x1F029",
      "new_logon_account": "testuser2",
      "new_logon_domain": "WS2022-LAB02",
      "new_logon_security_id": "S-1-5-21-1843355061-959072039-615746888-1027",
      "new_logon_logon_id": "0x97A60",
      "target_account": null,
      "target_domain": null,
      "target_security_id": null,
      "logon_type": "2",
      "elevated_token": "No",
      "virtual_account": "No",
      "restricted_admin_mode": "-",
      "workstation_name": "WS2022-LAB02",
      "source_network_address": "127.0.0.1",
      "source_port": "0",
      "process_name": "C:\\Windows\\System32\\svchost.exe",
      "failure_reason": null,
      "status": null,
      "substatus": null,
      "logon_process": null,
      "authentication_package": null,
      "privileges": [],
      "scenario_id": "BASELINE-SUCCESS-0313"
    },
    {
      "event_id": 4624,
      "timestamp": "13/06/2026 11:13:22",
      "provider_name": "Microsoft-Windows-Security-Auditing",
      "machine_name": "WS2022-LAB01",
      "message": "An account was successfully logged on.",
      "subject_account": "WS2022-LAB01$",
      "subject_domain": "WORKGROUP",
      "subject_security_id": "S-1-5-18",
      "subject_logon_id": "0x453D9",
      "new_logon_account": "testuser14",
      "new_logon_domain": "WS2022-LAB01",
      "new_logon_security_id": "S-1-5-21-1843355061-959072039-615746888-7109",
      "new_logon_logon_id": "0x2D0E7",
      "target_account": null,
      "target_domain": null,
      "target_security_id": null,
      "logon_type": "2",
      "elevated_token": "No",
      "virtual_account": "No",
      "restricted_admin_mode": "-",
      "workstation_name": "WS2022-LAB01",
      "source_network_address": "10.0.0.48",
      "source_port": "0",
      "process_name": "C:\\Windows\\System32\\svchost.exe",
      "failure_reason": null,
      "status": null,
      "substatus": null,
      "logon_process": null,
      "authentication_package": null,
      "privileges": [],
      "scenario_id": "BASELINE-SUCCESS-0314"
    },
    {
      "event_id": 4624,
      "timestamp": "13/06/2026 11:13:56",
      "provider_name": "Microsoft-Windows-Security-Auditing",
      "machine_name": "WS2022-LAB02",
      "message": "An account was successfully logged on.",
      "subject_account": "WS2022-LAB02$",
      "subject_domain": "WORKGROUP",
      "subject_security_id": "S-1-5-18",
      "subject_logon_id": "0x891C4",
      "new_logon_account": "testuser18",
      "new_logon_domain": "WS2022-LAB02",
      "new_logon_security_id": "S-1-5-21-1843355061-959072039-615746888-4411",
      "new_logon_logon_id": "0xB9CCE",
      "target_account": null,
      "target_domain": null,
      "target_security_id": null,
      "logon_type": "2",
      "elevated_token": "No",
      "virtual_account": "No",
      "restricted_admin_mode": "-",
      "workstation_name": "WS2022-LAB02",
      "source_network_address": "127.0.0.1",
      "source_port": "0",
      "process_name": "C:\\Windows\\System32\\svchost.exe",
      "failure_reason": null,
      "status": null,
      "substatus": null,
      "logon_process": null,
      "authentication_package": null,
      "privileges": [],
      "scenario_id": "BASELINE-SUCCESS-0315"
    },
    {
      "event_id": 4624,
      "timestamp": "13/06/2026 11:14:32",
      "provider_name": "Microsoft-Windows-Security-Auditing",
      "machine_name": "WS2022-LAB02",
      "message": "An account was successfully logged on.",
      "subject_account": "WS2022-LAB02$",
      "subject_domain": "WORKGROUP",
      "subject_security_id": "S-1-5-18",
      "subject_logon_id": "0xB2897",
      "new_logon_account": "testuser4",
      "new_logon_domain": "WS2022-LAB02",
      "new_logon_security_id": "S-1-5-21-1843355061-959072039-615746888-5407",
      "new_logon_logon_id": "0xC5A52",
      "target_account": null,
      "target_domain": null,
      "target_security_id": null,
      "logon_type": "2",
      "elevated_token": "No",
      "virtual_account": "No",
      "restricted_admin_mode": "-",
      "workstation_name": "WS2022-LAB02",
      "source_network_address": "127.0.0.1",
      "source_port": "0",
      "process_name": "C:\\Windows\\System32\\svchost.exe",
      "failure_reason": null,
      "status": null,
      "substatus": null,
      "logon_process": null,
      "authentication_package": null,
      "privileges": [],
      "scenario_id": "BASELINE-SUCCESS-0316"
    },
    {
      "event_id": 4624,
      "timestamp": "13/06/2026 11:14:55",
      "provider_name": "Microsoft-Windows-Security-Auditing",
      "machine_name": "WS2022-LAB01",
      "message": "An account was successfully logged on.",
      "subject_account": "WS2022-LAB01$",
      "subject_domain": "WORKGROUP",
      "subject_security_id": "S-1-5-18",
      "subject_logon_id": "0xDC32C",
      "new_logon_account": "testuser15",
      "new_logon_domain": "WS2022-LAB01",
      "new_logon_security_id": "S-1-5-21-1843355061-959072039-615746888-5698",
      "new_logon_logon_id": "0xF1E58",
      "target_account": null,
      "target_domain": null,
      "target_security_id": null,
      "logon_type": "2",
      "elevated_token": "No",
      "virtual_account": "No",
      "restricted_admin_mode": "-",
      "workstation_name": "WS2022-LAB01",
      "source_network_address": "127.0.0.1",
      "source_port": "0",
      "process_name": "C:\\Windows\\System32\\svchost.exe",
      "failure_reason": null,
      "status": null,
      "substatus": null,
      "logon_process": null,
      "authentication_package": null,
      "privileges": [],
      "scenario_id": "BASELINE-SUCCESS-0317"
    },
    {
      "event_id": 4624,
      "timestamp": "13/06/2026 11:15:05",
      "provider_name": "Microsoft-Windows-Security-Auditing",
      "machine_name": "WS2022-LAB01",
      "message": "An account was successfully logged on.",
      "subject_account": "WS2022-LAB01$",
      "subject_domain": "WORKGROUP",
      "subject_security_id": "S-1-5-18",
      "subject_logon_id": "0x18F59",
      "new_logon_account": "testuser4",
      "new_logon_domain": "WS2022-LAB01",
      "new_logon_security_id": "S-1-5-21-1843355061-959072039-615746888-9125",
      "new_logon_logon_id": "0xA04B5",
      "target_account": null,
      "target_domain": null,
      "target_security_id": null,
      "logon_type": "2",
      "elevated_token": "No",
      "virtual_account": "No",
      "restricted_admin_mode": "-",
      "workstation_name": "WS2022-LAB01",
      "source_network_address": "127.0.0.1",
      "source_port": "0",
      "process_name": "C:\\Windows\\System32\\svchost.exe",
      "failure_reason": null,
      "status": null,
      "substatus": null,
      "logon_process": null,
      "authentication_package": null,
      "privileges": [],
      "scenario_id": "BASELINE-SUCCESS-0318"
    },
    {
      "event_id": 4624,
      "timestamp": "13/06/2026 11:15:48",
      "provider_name": "Microsoft-Windows-Security-Auditing",
      "machine_name": "WS2022-LAB01",
      "message": "An account was successfully logged on.",
      "subject_account": "WS2022-LAB01$",
      "subject_domain": "WORKGROUP",
      "subject_security_id": "S-1-5-18",
      "subject_logon_id": "0x7F33E",
      "new_logon_account": "testuser15",
      "new_logon_domain": "WS2022-LAB01",
      "new_logon_security_id": "S-1-5-21-1843355061-959072039-615746888-8640",
      "new_logon_logon_id": "0x6653F",
      "target_account": null,
      "target_domain": null,
      "target_security_id": null,
      "logon_type": "2",
      "elevated_token": "No",
      "virtual_account": "No",
      "restricted_admin_mode": "-",
      "workstation_name": "WS2022-LAB01",
      "source_network_address": "127.0.0.1",
      "source_port": "0",
      "process_name": "C:\\Windows\\System32\\svchost.exe",
      "failure_reason": null,
      "status": null,
      "substatus": null,
      "logon_process": null,
      "authentication_package": null,
      "privileges": [],
      "scenario_id": "BASELINE-SUCCESS-0319"
    },
    {
      "event_id": 4624,
      "timestamp": "13/06/2026 11:16:14",
      "provider_name": "Microsoft-Windows-Security-Auditing",
      "machine_name": "WS2022-LAB02",
      "message": "An account was successfully logged on.",
      "subject_account": "WS2022-LAB02$",
      "subject_domain": "WORKGROUP",
      "subject_security_id": "S-1-5-18",
      "subject_logon_id": "0x13A7B",
      "new_logon_account": "testuser14",
      "new_logon_domain": "WS2022-LAB02",
      "new_logon_security_id": "S-1-5-21-1843355061-959072039-615746888-3858",
      "new_logon_logon_id": "0xDA1F0",
      "target_account": null,
      "target_domain": null,
      "target_security_id": null,
      "logon_type": "2",
      "elevated_token": "No",
      "virtual_account": "No",
      "restricted_admin_mode": "-",
      "workstation_name": "WS2022-LAB02",
      "source_network_address": "127.0.0.1",
      "source_port": "0",
      "process_name": "C:\\Windows\\System32\\svchost.exe",
      "failure_reason": null,
      "status": null,
      "substatus": null,
      "logon_process": null,
      "authentication_package": null,
      "privileges": [],
      "scenario_id": "BASELINE-SUCCESS-0320"
    },
    {
      "event_id": 4624,
      "timestamp": "13/06/2026 11:16:39",
      "provider_name": "Microsoft-Windows-Security-Auditing",
      "machine_name": "WIN-H96JM6F374S",
      "message": "An account was successfully logged on.",
      "subject_account": "WIN-H96JM6F374S$",
      "subject_domain": "WORKGROUP",
      "subject_security_id": "S-1-5-18",
      "subject_logon_id": "0x410E5",
      "new_logon_account": "testuser9",
      "new_logon_domain": "WIN-H96JM6F374S",
      "new_logon_security_id": "S-1-5-21-1843355061-959072039-615746888-6310",
      "new_logon_logon_id": "0x9BE2D",
      "target_account": null,
      "target_domain": null,
      "target_security_id": null,
      "logon_type": "2",
      "elevated_token": "No",
      "virtual_account": "No",
      "restricted_admin_mode": "-",
      "workstation_name": "WIN-H96JM6F374S",
      "source_network_address": "10.0.0.104",
      "source_port": "0",
      "process_name": "C:\\Windows\\System32\\svchost.exe",
      "failure_reason": null,
      "status": null,
      "substatus": null,
      "logon_process": null,
      "authentication_package": null,
      "privileges": [],
      "scenario_id": "BASELINE-SUCCESS-0321"
    },
    {
      "event_id": 4624,
      "timestamp": "13/06/2026 11:17:22",
      "provider_name": "Microsoft-Windows-Security-Auditing",
      "machine_name": "WIN-H96JM6F374S",
      "message": "An account was successfully logged on.",
      "subject_account": "WIN-H96JM6F374S$",
      "subject_domain": "WORKGROUP",
      "subject_security_id": "S-1-5-18",
      "subject_logon_id": "0x790C1",
      "new_logon_account": "testuser8",
      "new_logon_domain": "WIN-H96JM6F374S",
      "new_logon_security_id": "S-1-5-21-1843355061-959072039-615746888-7344",
      "new_logon_logon_id": "0xB77FF",
      "target_account": null,
      "target_domain": null,
      "target_security_id": null,
      "logon_type": "2",
      "elevated_token": "No",
      "virtual_account": "No",
      "restricted_admin_mode": "-",
      "workstation_name": "WIN-H96JM6F374S",
      "source_network_address": "127.0.0.1",
      "source_port": "0",
      "process_name": "C:\\Windows\\System32\\svchost.exe",
      "failure_reason": null,
      "status": null,
      "substatus": null,
      "logon_process": null,
      "authentication_package": null,
      "privileges": [],
      "scenario_id": "BASELINE-SUCCESS-0322"
    },
    {
      "event_id": 4624,
      "timestamp": "13/06/2026 11:17:44",
      "provider_name": "Microsoft-Windows-Security-Auditing",
      "machine_name": "WS2022-LAB01",
      "message": "An account was successfully logged on.",
      "subject_account": "WS2022-LAB01$",
      "subject_domain": "WORKGROUP",
      "subject_security_id": "S-1-5-18",
      "subject_logon_id": "0x7CC7E",
      "new_logon_account": "testuser19",
      "new_logon_domain": "WS2022-LAB01",
      "new_logon_security_id": "S-1-5-21-1843355061-959072039-615746888-5185",
      "new_logon_logon_id": "0x6F9D0",
      "target_account": null,
      "target_domain": null,
      "target_security_id": null,
      "logon_type": "2",
      "elevated_token": "No",
      "virtual_account": "No",
      "restricted_admin_mode": "-",
      "workstation_name": "WS2022-LAB01",
      "source_network_address": "127.0.0.1",
      "source_port": "0",
      "process_name": "C:\\Windows\\System32\\svchost.exe",
      "failure_reason": null,
      "status": null,
      "substatus": null,
      "logon_process": null,
      "authentication_package": null,
      "privileges": [],
      "scenario_id": "BASELINE-SUCCESS-0323"
    },
    {
      "event_id": 4624,
      "timestamp": "13/06/2026 11:18:21",
      "provider_name": "Microsoft-Windows-Security-Auditing",
      "machine_name": "WS2022-LAB02",
      "message": "An account was successfully logged on.",
      "subject_account": "WS2022-LAB02$",
      "subject_domain": "WORKGROUP",
      "subject_security_id": "S-1-5-18",
      "subject_logon_id": "0x37A8A",
      "new_logon_account": "testuser16",
      "new_logon_domain": "WS2022-LAB02",
      "new_logon_security_id": "S-1-5-21-1843355061-959072039-615746888-2490",
      "new_logon_logon_id": "0xBE723",
      "target_account": null,
      "target_domain": null,
      "target_security_id": null,
      "logon_type": "2",
      "elevated_token": "No",
      "virtual_account": "No",
      "restricted_admin_mode": "-",
      "workstation_name": "WS2022-LAB02",
      "source_network_address": "10.0.0.46",
      "source_port": "0",
      "process_name": "C:\\Windows\\System32\\svchost.exe",
      "failure_reason": null,
      "status": null,
      "substatus": null,
      "logon_process": null,
      "authentication_package": null,
      "privileges": [],
      "scenario_id": "BASELINE-SUCCESS-0324"
    },
    {
      "event_id": 4624,
      "timestamp": "13/06/2026 11:18:38",
      "provider_name": "Microsoft-Windows-Security-Auditing",
      "machine_name": "WS2022-LAB01",
      "message": "An account was successfully logged on.",
      "subject_account": "WS2022-LAB01$",
      "subject_domain": "WORKGROUP",
      "subject_security_id": "S-1-5-18",
      "subject_logon_id": "0xE5D2E",
      "new_logon_account": "testuser2",
      "new_logon_domain": "WS2022-LAB01",
      "new_logon_security_id": "S-1-5-21-1843355061-959072039-615746888-9537",
      "new_logon_logon_id": "0x9D5B8",
      "target_account": null,
      "target_domain": null,
      "target_security_id": null,
      "logon_type": "2",
      "elevated_token": "No",
      "virtual_account": "No",
      "restricted_admin_mode": "-",
      "workstation_name": "WS2022-LAB01",
      "source_network_address": "127.0.0.1",
      "source_port": "0",
      "process_name": "C:\\Windows\\System32\\svchost.exe",
      "failure_reason": null,
      "status": null,
      "substatus": null,
      "logon_process": null,
      "authentication_package": null,
      "privileges": [],
      "scenario_id": "BASELINE-SUCCESS-0325"
    },
    {
      "event_id": 4624,
      "timestamp": "13/06/2026 11:19:12",
      "provider_name": "Microsoft-Windows-Security-Auditing",
      "machine_name": "WS2022-LAB01",
      "message": "An account was successfully logged on.",
      "subject_account": "WS2022-LAB01$",
      "subject_domain": "WORKGROUP",
      "subject_security_id": "S-1-5-18",
      "subject_logon_id": "0xDBD63",
      "new_logon_account": "testuser11",
      "new_logon_domain": "WS2022-LAB01",
      "new_logon_security_id": "S-1-5-21-1843355061-959072039-615746888-7204",
      "new_logon_logon_id": "0xAB50D",
      "target_account": null,
      "target_domain": null,
      "target_security_id": null,
      "logon_type": "2",
      "elevated_token": "No",
      "virtual_account": "No",
      "restricted_admin_mode": "-",
      "workstation_name": "WS2022-LAB01",
      "source_network_address": "192.168.56.134",
      "source_port": "0",
      "process_name": "C:\\Windows\\System32\\svchost.exe",
      "failure_reason": null,
      "status": null,
      "substatus": null,
      "logon_process": null,
      "authentication_package": null,
      "privileges": [],
      "scenario_id": "BASELINE-SUCCESS-0326"
    },
    {
      "event_id": 4624,
      "timestamp": "13/06/2026 11:19:45",
      "provider_name": "Microsoft-Windows-Security-Auditing",
      "machine_name": "WS2022-LAB01",
      "message": "An account was successfully logged on.",
      "subject_account": "WS2022-LAB01$",
      "subject_domain": "WORKGROUP",
      "subject_security_id": "S-1-5-18",
      "subject_logon_id": "0x9806C",
      "new_logon_account": "testuser5",
      "new_logon_domain": "WS2022-LAB01",
      "new_logon_security_id": "S-1-5-21-1843355061-959072039-615746888-8906",
      "new_logon_logon_id": "0xC3F9C",
      "target_account": null,
      "target_domain": null,
      "target_security_id": null,
      "logon_type": "2",
      "elevated_token": "No",
      "virtual_account": "No",
      "restricted_admin_mode": "-",
      "workstation_name": "WS2022-LAB01",
      "source_network_address": "172.16.10.155",
      "source_port": "0",
      "process_name": "C:\\Windows\\System32\\svchost.exe",
      "failure_reason": null,
      "status": null,
      "substatus": null,
      "logon_process": null,
      "authentication_package": null,
      "privileges": [],
      "scenario_id": "BASELINE-SUCCESS-0327"
    },
