    {
      "event_id": 4720,
      "timestamp": "13/06/2026 18:17:26",
      "provider_name": "Microsoft-Windows-Security-Auditing",
      "machine_name": "WS2022-LAB02",
      "message": "A user account was created.",
      "subject_account": "opsadmin2",
      "subject_domain": "WS2022-LAB02",
      "subject_security_id": "S-1-5-21-1843355061-959072039-615746888-7047",
      "subject_logon_id": "0x61B16",
      "new_logon_account": null,
      "new_logon_domain": null,
      "new_logon_security_id": null,
      "new_logon_logon_id": null,
      "target_account": null,
      "target_domain": null,
      "target_security_id": null,
      "logon_type": null,
      "elevated_token": null,
      "virtual_account": null,
      "restricted_admin_mode": null,
      "workstation_name": null,
      "source_network_address": null,
      "source_port": null,
      "process_name": "C:\\Windows\\System32\\mmc.exe",
      "failure_reason": null,
      "status": null,
      "substatus": null,
      "logon_process": null,
      "authentication_package": null,
      "privileges": [],
      "scenario_id": "ACCOUNT-CREATED-0055",
      "extra_new_account": "tempuser056",
      "extra_new_account_domain": "WS2022-LAB02",
      "extra_new_account_sid": "S-1-5-21-1843355061-959072039-615746888-3090"
    },
    {
      "event_id": 4720,
      "timestamp": "13/06/2026 18:17:50",
      "provider_name": "Microsoft-Windows-Security-Auditing",
      "machine_name": "WIN-H96JM6F374S",
      "message": "A user account was created.",
      "subject_account": "opsadmin3",
      "subject_domain": "WIN-H96JM6F374S",
      "subject_security_id": "S-1-5-21-1843355061-959072039-615746888-2304",
      "subject_logon_id": "0x65327",
      "new_logon_account": null,
      "new_logon_domain": null,
      "new_logon_security_id": null,
      "new_logon_logon_id": null,
      "target_account": null,
      "target_domain": null,
      "target_security_id": null,
      "logon_type": null,
      "elevated_token": null,
      "virtual_account": null,
      "restricted_admin_mode": null,
      "workstation_name": null,
      "source_network_address": null,
      "source_port": null,
      "process_name": "C:\\Windows\\System32\\mmc.exe",
      "failure_reason": null,
      "status": null,
      "substatus": null,
      "logon_process": null,
      "authentication_package": null,
      "privileges": [],
      "scenario_id": "ACCOUNT-CREATED-0056",
      "extra_new_account": "tempuser057",
      "extra_new_account_domain": "WIN-H96JM6F374S",
      "extra_new_account_sid": "S-1-5-21-1843355061-959072039-615746888-7520"
    },
    {
      "event_id": 4720,
      "timestamp": "13/06/2026 18:17:57",
      "provider_name": "Microsoft-Windows-Security-Auditing",
      "machine_name": "WIN-H96JM6F374S",
      "message": "A user account was created.",
      "subject_account": "labadmin",
      "subject_domain": "WIN-H96JM6F374S",
      "subject_security_id": "S-1-5-21-1843355061-959072039-615746888-3225",
      "subject_logon_id": "0xCA4B4",
      "new_logon_account": null,
      "new_logon_domain": null,
      "new_logon_security_id": null,
      "new_logon_logon_id": null,
      "target_account": null,
      "target_domain": null,
      "target_security_id": null,
      "logon_type": null,
      "elevated_token": null,
      "virtual_account": null,
      "restricted_admin_mode": null,
      "workstation_name": null,
      "source_network_address": null,
      "source_port": null,
      "process_name": "C:\\Windows\\System32\\mmc.exe",
      "failure_reason": null,
      "status": null,
      "substatus": null,
      "logon_process": null,
      "authentication_package": null,
      "privileges": [],
      "scenario_id": "ACCOUNT-CREATED-0057",
      "extra_new_account": "tempuser058",
      "extra_new_account_domain": "WIN-H96JM6F374S",
      "extra_new_account_sid": "S-1-5-21-1843355061-959072039-615746888-7804"
    },
    {
      "event_id": 4720,
      "timestamp": "13/06/2026 18:18:37",
      "provider_name": "Microsoft-Windows-Security-Auditing",
      "machine_name": "WS2022-LAB02",
      "message": "A user account was created.",
      "subject_account": "labadmin",
      "subject_domain": "WS2022-LAB02",
      "subject_security_id": "S-1-5-21-1843355061-959072039-615746888-9276",
      "subject_logon_id": "0x37F22",
      "new_logon_account": null,
      "new_logon_domain": null,
      "new_logon_security_id": null,
      "new_logon_logon_id": null,
      "target_account": null,
      "target_domain": null,
      "target_security_id": null,
      "logon_type": null,
      "elevated_token": null,
      "virtual_account": null,
      "restricted_admin_mode": null,
      "workstation_name": null,
      "source_network_address": null,
      "source_port": null,
      "process_name": "C:\\Windows\\System32\\mmc.exe",
      "failure_reason": null,
      "status": null,
      "substatus": null,
      "logon_process": null,
      "authentication_package": null,
      "privileges": [],
      "scenario_id": "ACCOUNT-CREATED-0058",
      "extra_new_account": "tempuser059",
      "extra_new_account_domain": "WS2022-LAB02",
      "extra_new_account_sid": "S-1-5-21-1843355061-959072039-615746888-1116"
    },
    {
      "event_id": 4720,
      "timestamp": "13/06/2026 18:19:18",
      "provider_name": "Microsoft-Windows-Security-Auditing",
      "machine_name": "WS2022-LAB01",
      "message": "A user account was created.",
      "subject_account": "opsadmin2",
      "subject_domain": "WS2022-LAB01",
      "subject_security_id": "S-1-5-21-1843355061-959072039-615746888-6507",
      "subject_logon_id": "0x525E7",
      "new_logon_account": null,
      "new_logon_domain": null,
      "new_logon_security_id": null,
      "new_logon_logon_id": null,
      "target_account": null,
      "target_domain": null,
      "target_security_id": null,
      "logon_type": null,
      "elevated_token": null,
      "virtual_account": null,
      "restricted_admin_mode": null,
      "workstation_name": null,
      "source_network_address": null,
      "source_port": null,
      "process_name": "C:\\Windows\\System32\\mmc.exe",
      "failure_reason": null,
      "status": null,
      "substatus": null,
      "logon_process": null,
      "authentication_package": null,
      "privileges": [],
      "scenario_id": "ACCOUNT-CREATED-0059",
      "extra_new_account": "tempuser060",
      "extra_new_account_domain": "WS2022-LAB01",
      "extra_new_account_sid": "S-1-5-21-1843355061-959072039-615746888-2045"
    },
    {
      "event_id": 4720,
      "timestamp": "13/06/2026 18:19:50",
      "provider_name": "Microsoft-Windows-Security-Auditing",
      "machine_name": "WIN-H96JM6F374S",
      "message": "A user account was created.",
      "subject_account": "opsadmin2",
      "subject_domain": "WIN-H96JM6F374S",
      "subject_security_id": "S-1-5-21-1843355061-959072039-615746888-3759",
      "subject_logon_id": "0x1A5A8",
      "new_logon_account": null,
      "new_logon_domain": null,
      "new_logon_security_id": null,
      "new_logon_logon_id": null,
      "target_account": null,
      "target_domain": null,
      "target_security_id": null,
      "logon_type": null,
      "elevated_token": null,
      "virtual_account": null,
      "restricted_admin_mode": null,
      "workstation_name": null,
      "source_network_address": null,
      "source_port": null,
      "process_name": "C:\\Windows\\System32\\mmc.exe",
      "failure_reason": null,
      "status": null,
      "substatus": null,
      "logon_process": null,
      "authentication_package": null,
      "privileges": [],
      "scenario_id": "ACCOUNT-CREATED-0060",
      "extra_new_account": "tempuser061",
      "extra_new_account_domain": "WIN-H96JM6F374S",
      "extra_new_account_sid": "S-1-5-21-1843355061-959072039-615746888-4085"
    },
    {
      "event_id": 4720,
      "timestamp": "13/06/2026 18:20:09",
      "provider_name": "Microsoft-Windows-Security-Auditing",
      "machine_name": "WS2022-LAB01",
      "message": "A user account was created.",
      "subject_account": "opsadmin2",
      "subject_domain": "WS2022-LAB01",
      "subject_security_id": "S-1-5-21-1843355061-959072039-615746888-1029",
      "subject_logon_id": "0x38142",
      "new_logon_account": null,
      "new_logon_domain": null,
      "new_logon_security_id": null,
      "new_logon_logon_id": null,
      "target_account": null,
      "target_domain": null,
      "target_security_id": null,
      "logon_type": null,
      "elevated_token": null,
      "virtual_account": null,
      "restricted_admin_mode": null,
      "workstation_name": null,
      "source_network_address": null,
      "source_port": null,
      "process_name": "C:\\Windows\\System32\\mmc.exe",
      "failure_reason": null,
      "status": null,
      "substatus": null,
      "logon_process": null,
      "authentication_package": null,
      "privileges": [],
      "scenario_id": "ACCOUNT-CREATED-0061",
      "extra_new_account": "tempuser062",
      "extra_new_account_domain": "WS2022-LAB01",
      "extra_new_account_sid": "S-1-5-21-1843355061-959072039-615746888-5859"
    },
    {
      "event_id": 4720,
      "timestamp": "13/06/2026 18:20:25",
      "provider_name": "Microsoft-Windows-Security-Auditing",
      "machine_name": "WS2022-LAB01",
      "message": "A user account was created.",
      "subject_account": "opsadmin2",
      "subject_domain": "WS2022-LAB01",
      "subject_security_id": "S-1-5-21-1843355061-959072039-615746888-4076",
      "subject_logon_id": "0x94DA5",
      "new_logon_account": null,
      "new_logon_domain": null,
      "new_logon_security_id": null,
      "new_logon_logon_id": null,
      "target_account": null,
      "target_domain": null,
      "target_security_id": null,
      "logon_type": null,
      "elevated_token": null,
      "virtual_account": null,
      "restricted_admin_mode": null,
      "workstation_name": null,
      "source_network_address": null,
      "source_port": null,
      "process_name": "C:\\Windows\\System32\\mmc.exe",
      "failure_reason": null,
      "status": null,
      "substatus": null,
      "logon_process": null,
      "authentication_package": null,
      "privileges": [],
      "scenario_id": "ACCOUNT-CREATED-0062",
      "extra_new_account": "tempuser063",
      "extra_new_account_domain": "WS2022-LAB01",
      "extra_new_account_sid": "S-1-5-21-1843355061-959072039-615746888-5789"
    },
    {
      "event_id": 4720,
      "timestamp": "13/06/2026 18:20:46",
      "provider_name": "Microsoft-Windows-Security-Auditing",
      "machine_name": "WS2022-LAB02",
      "message": "A user account was created.",
      "subject_account": "opsadmin2",
      "subject_domain": "WS2022-LAB02",
      "subject_security_id": "S-1-5-21-1843355061-959072039-615746888-8861",
      "subject_logon_id": "0x13414",
      "new_logon_account": null,
      "new_logon_domain": null,
      "new_logon_security_id": null,
      "new_logon_logon_id": null,
      "target_account": null,
      "target_domain": null,
      "target_security_id": null,
      "logon_type": null,
      "elevated_token": null,
      "virtual_account": null,
      "restricted_admin_mode": null,
      "workstation_name": null,
      "source_network_address": null,
      "source_port": null,
      "process_name": "C:\\Windows\\System32\\mmc.exe",
      "failure_reason": null,
      "status": null,
      "substatus": null,
      "logon_process": null,
      "authentication_package": null,
      "privileges": [],
      "scenario_id": "ACCOUNT-CREATED-0063",
      "extra_new_account": "tempuser064",
      "extra_new_account_domain": "WS2022-LAB02",
      "extra_new_account_sid": "S-1-5-21-1843355061-959072039-615746888-1635"
    },
    {
      "event_id": 4720,
      "timestamp": "13/06/2026 18:21:11",
      "provider_name": "Microsoft-Windows-Security-Auditing",
      "machine_name": "WS2022-LAB02",
      "message": "A user account was created.",
      "subject_account": "opsadmin2",
      "subject_domain": "WS2022-LAB02",
      "subject_security_id": "S-1-5-21-1843355061-959072039-615746888-1997",
      "subject_logon_id": "0x98FFC",
      "new_logon_account": null,
      "new_logon_domain": null,
      "new_logon_security_id": null,
      "new_logon_logon_id": null,
      "target_account": null,
      "target_domain": null,
      "target_security_id": null,
      "logon_type": null,
      "elevated_token": null,
      "virtual_account": null,
      "restricted_admin_mode": null,
      "workstation_name": null,
      "source_network_address": null,
      "source_port": null,
      "process_name": "C:\\Windows\\System32\\mmc.exe",
      "failure_reason": null,
      "status": null,
      "substatus": null,
      "logon_process": null,
      "authentication_package": null,
      "privileges": [],
      "scenario_id": "ACCOUNT-CREATED-0064",
      "extra_new_account": "tempuser065",
      "extra_new_account_domain": "WS2022-LAB02",
      "extra_new_account_sid": "S-1-5-21-1843355061-959072039-615746888-9146"
    },
    {
      "event_id": 4720,
      "timestamp": "13/06/2026 18:21:16",
      "provider_name": "Microsoft-Windows-Security-Auditing",
      "machine_name": "WS2022-LAB02",
      "message": "A user account was created.",
      "subject_account": "opsadmin1",
      "subject_domain": "WS2022-LAB02",
      "subject_security_id": "S-1-5-21-1843355061-959072039-615746888-6933",
      "subject_logon_id": "0x1587F",
      "new_logon_account": null,
      "new_logon_domain": null,
      "new_logon_security_id": null,
      "new_logon_logon_id": null,
      "target_account": null,
      "target_domain": null,
      "target_security_id": null,
      "logon_type": null,
      "elevated_token": null,
      "virtual_account": null,
      "restricted_admin_mode": null,
      "workstation_name": null,
      "source_network_address": null,
      "source_port": null,
      "process_name": "C:\\Windows\\System32\\mmc.exe",
      "failure_reason": null,
      "status": null,
      "substatus": null,
      "logon_process": null,
      "authentication_package": null,
      "privileges": [],
      "scenario_id": "ACCOUNT-CREATED-0065",
      "extra_new_account": "tempuser066",
      "extra_new_account_domain": "WS2022-LAB02",
      "extra_new_account_sid": "S-1-5-21-1843355061-959072039-615746888-8945"
    },
    {
      "event_id": 4720,
      "timestamp": "13/06/2026 18:21:23",
      "provider_name": "Microsoft-Windows-Security-Auditing",
      "machine_name": "WS2022-LAB01",
      "message": "A user account was created.",
      "subject_account": "opsadmin3",
      "subject_domain": "WS2022-LAB01",
      "subject_security_id": "S-1-5-21-1843355061-959072039-615746888-4746",
      "subject_logon_id": "0xD681A",
      "new_logon_account": null,
      "new_logon_domain": null,
      "new_logon_security_id": null,
      "new_logon_logon_id": null,
      "target_account": null,
      "target_domain": null,
      "target_security_id": null,
      "logon_type": null,
      "elevated_token": null,
      "virtual_account": null,
      "restricted_admin_mode": null,
      "workstation_name": null,
      "source_network_address": null,
      "source_port": null,
      "process_name": "C:\\Windows\\System32\\mmc.exe",
      "failure_reason": null,
      "status": null,
      "substatus": null,
      "logon_process": null,
      "authentication_package": null,
      "privileges": [],
      "scenario_id": "ACCOUNT-CREATED-0066",
      "extra_new_account": "tempuser067",
      "extra_new_account_domain": "WS2022-LAB01",
      "extra_new_account_sid": "S-1-5-21-1843355061-959072039-615746888-1357"
    },
    {
      "event_id": 4720,
      "timestamp": "13/06/2026 18:22:05",
      "provider_name": "Microsoft-Windows-Security-Auditing",
      "machine_name": "WS2022-LAB02",
      "message": "A user account was created.",
      "subject_account": "labadmin",
      "subject_domain": "WS2022-LAB02",
      "subject_security_id": "S-1-5-21-1843355061-959072039-615746888-8844",
      "subject_logon_id": "0x1012B",
      "new_logon_account": null,
      "new_logon_domain": null,
      "new_logon_security_id": null,
      "new_logon_logon_id": null,
      "target_account": null,
      "target_domain": null,
      "target_security_id": null,
      "logon_type": null,
      "elevated_token": null,
      "virtual_account": null,
      "restricted_admin_mode": null,
      "workstation_name": null,
      "source_network_address": null,
      "source_port": null,
      "process_name": "C:\\Windows\\System32\\mmc.exe",
      "failure_reason": null,
      "status": null,
      "substatus": null,
      "logon_process": null,
      "authentication_package": null,
      "privileges": [],
      "scenario_id": "ACCOUNT-CREATED-0067",
      "extra_new_account": "tempuser068",
      "extra_new_account_domain": "WS2022-LAB02",
      "extra_new_account_sid": "S-1-5-21-1843355061-959072039-615746888-5782"
    },
    {
      "event_id": 4720,
      "timestamp": "13/06/2026 18:22:46",
      "provider_name": "Microsoft-Windows-Security-Auditing",
      "machine_name": "WIN-H96JM6F374S",
      "message": "A user account was created.",
      "subject_account": "opsadmin2",
      "subject_domain": "WIN-H96JM6F374S",
      "subject_security_id": "S-1-5-21-1843355061-959072039-615746888-8435",
      "subject_logon_id": "0x60596",
      "new_logon_account": null,
      "new_logon_domain": null,
      "new_logon_security_id": null,
      "new_logon_logon_id": null,
      "target_account": null,
      "target_domain": null,
      "target_security_id": null,
      "logon_type": null,
      "elevated_token": null,
      "virtual_account": null,
      "restricted_admin_mode": null,
      "workstation_name": null,
      "source_network_address": null,
      "source_port": null,
      "process_name": "C:\\Windows\\System32\\mmc.exe",
      "failure_reason": null,
      "status": null,
      "substatus": null,
      "logon_process": null,
      "authentication_package": null,
      "privileges": [],
      "scenario_id": "ACCOUNT-CREATED-0068",
      "extra_new_account": "tempuser069",
      "extra_new_account_domain": "WIN-H96JM6F374S",
      "extra_new_account_sid": "S-1-5-21-1843355061-959072039-615746888-9258"
    },
    {
      "event_id": 4720,
      "timestamp": "13/06/2026 18:22:54",
      "provider_name": "Microsoft-Windows-Security-Auditing",
      "machine_name": "WS2022-LAB01",
      "message": "A user account was created.",
      "subject_account": "opsadmin1",
      "subject_domain": "WS2022-LAB01",
      "subject_security_id": "S-1-5-21-1843355061-959072039-615746888-2525",
      "subject_logon_id": "0xEE0BE",
      "new_logon_account": null,
      "new_logon_domain": null,
      "new_logon_security_id": null,
      "new_logon_logon_id": null,
      "target_account": null,
      "target_domain": null,
      "target_security_id": null,
      "logon_type": null,
      "elevated_token": null,
      "virtual_account": null,
      "restricted_admin_mode": null,
      "workstation_name": null,
      "source_network_address": null,
      "source_port": null,
      "process_name": "C:\\Windows\\System32\\mmc.exe",
      "failure_reason": null,
      "status": null,
      "substatus": null,
      "logon_process": null,
      "authentication_package": null,
      "privileges": [],
      "scenario_id": "ACCOUNT-CREATED-0069",
      "extra_new_account": "tempuser070",
      "extra_new_account_domain": "WS2022-LAB01",
      "extra_new_account_sid": "S-1-5-21-1843355061-959072039-615746888-1838"
    },
    {
      "event_id": 4720,
      "timestamp": "13/06/2026 18:23:26",
      "provider_name": "Microsoft-Windows-Security-Auditing",
      "machine_name": "WS2022-LAB01",
      "message": "A user account was created.",
      "subject_account": "labadmin",
      "subject_domain": "WS2022-LAB01",
      "subject_security_id": "S-1-5-21-1843355061-959072039-615746888-8023",
      "subject_logon_id": "0x6F95D",
      "new_logon_account": null,
      "new_logon_domain": null,
      "new_logon_security_id": null,
      "new_logon_logon_id": null,
      "target_account": null,
      "target_domain": null,
      "target_security_id": null,
      "logon_type": null,
      "elevated_token": null,
      "virtual_account": null,
      "restricted_admin_mode": null,
      "workstation_name": null,
      "source_network_address": null,
      "source_port": null,
      "process_name": "C:\\Windows\\System32\\mmc.exe",
      "failure_reason": null,
      "status": null,
      "substatus": null,
      "logon_process": null,
      "authentication_package": null,
      "privileges": [],
      "scenario_id": "ACCOUNT-CREATED-0070",
      "extra_new_account": "tempuser071",
      "extra_new_account_domain": "WS2022-LAB01",
      "extra_new_account_sid": "S-1-5-21-1843355061-959072039-615746888-8948"
    },
    {
      "event_id": 4720,
      "timestamp": "13/06/2026 18:23:47",
      "provider_name": "Microsoft-Windows-Security-Auditing",
      "machine_name": "WIN-H96JM6F374S",
      "message": "A user account was created.",
      "subject_account": "opsadmin3",
      "subject_domain": "WIN-H96JM6F374S",
      "subject_security_id": "S-1-5-21-1843355061-959072039-615746888-6858",
      "subject_logon_id": "0xA7B54",
      "new_logon_account": null,
      "new_logon_domain": null,
      "new_logon_security_id": null,
      "new_logon_logon_id": null,
      "target_account": null,
      "target_domain": null,
      "target_security_id": null,
      "logon_type": null,
      "elevated_token": null,
      "virtual_account": null,
      "restricted_admin_mode": null,
      "workstation_name": null,
      "source_network_address": null,
      "source_port": null,
      "process_name": "C:\\Windows\\System32\\mmc.exe",
      "failure_reason": null,
      "status": null,
      "substatus": null,
      "logon_process": null,
      "authentication_package": null,
      "privileges": [],
      "scenario_id": "ACCOUNT-CREATED-0071",
      "extra_new_account": "tempuser072",
      "extra_new_account_domain": "WIN-H96JM6F374S",
      "extra_new_account_sid": "S-1-5-21-1843355061-959072039-615746888-8345"
    },
    {
      "event_id": 4720,
      "timestamp": "13/06/2026 18:24:28",
      "provider_name": "Microsoft-Windows-Security-Auditing",
      "machine_name": "WS2022-LAB02",
      "message": "A user account was created.",
      "subject_account": "opsadmin1",
      "subject_domain": "WS2022-LAB02",
      "subject_security_id": "S-1-5-21-1843355061-959072039-615746888-1970",
      "subject_logon_id": "0x628B1",
      "new_logon_account": null,
      "new_logon_domain": null,
      "new_logon_security_id": null,
      "new_logon_logon_id": null,
      "target_account": null,
      "target_domain": null,
      "target_security_id": null,
      "logon_type": null,
      "elevated_token": null,
      "virtual_account": null,
      "restricted_admin_mode": null,
      "workstation_name": null,
      "source_network_address": null,
      "source_port": null,
      "process_name": "C:\\Windows\\System32\\mmc.exe",
      "failure_reason": null,
      "status": null,
      "substatus": null,
      "logon_process": null,
      "authentication_package": null,
      "privileges": [],
      "scenario_id": "ACCOUNT-CREATED-0072",
      "extra_new_account": "tempuser073",
      "extra_new_account_domain": "WS2022-LAB02",
      "extra_new_account_sid": "S-1-5-21-1843355061-959072039-615746888-8186"
    },
    {
      "event_id": 4720,
      "timestamp": "13/06/2026 18:24:35",
      "provider_name": "Microsoft-Windows-Security-Auditing",
      "machine_name": "WIN-H96JM6F374S",
      "message": "A user account was created.",
      "subject_account": "opsadmin3",
      "subject_domain": "WIN-H96JM6F374S",
      "subject_security_id": "S-1-5-21-1843355061-959072039-615746888-4463",
      "subject_logon_id": "0x5FC81",
      "new_logon_account": null,
      "new_logon_domain": null,
      "new_logon_security_id": null,
      "new_logon_logon_id": null,
      "target_account": null,
      "target_domain": null,
      "target_security_id": null,
      "logon_type": null,
      "elevated_token": null,
      "virtual_account": null,
      "restricted_admin_mode": null,
      "workstation_name": null,
      "source_network_address": null,
      "source_port": null,
      "process_name": "C:\\Windows\\System32\\mmc.exe",
      "failure_reason": null,
      "status": null,
      "substatus": null,
      "logon_process": null,
      "authentication_package": null,
      "privileges": [],
      "scenario_id": "ACCOUNT-CREATED-0073",
      "extra_new_account": "tempuser074",
      "extra_new_account_domain": "WIN-H96JM6F374S",
      "extra_new_account_sid": "S-1-5-21-1843355061-959072039-615746888-1239"
    },
    {
      "event_id": 4720,
      "timestamp": "13/06/2026 18:24:49",
      "provider_name": "Microsoft-Windows-Security-Auditing",
      "machine_name": "WS2022-LAB02",
      "message": "A user account was created.",
      "subject_account": "labadmin",
      "subject_domain": "WS2022-LAB02",
      "subject_security_id": "S-1-5-21-1843355061-959072039-615746888-8101",
      "subject_logon_id": "0xE5C81",
      "new_logon_account": null,
      "new_logon_domain": null,
      "new_logon_security_id": null,
      "new_logon_logon_id": null,
      "target_account": null,
      "target_domain": null,
      "target_security_id": null,
      "logon_type": null,
      "elevated_token": null,
      "virtual_account": null,
      "restricted_admin_mode": null,
      "workstation_name": null,
      "source_network_address": null,
      "source_port": null,
      "process_name": "C:\\Windows\\System32\\mmc.exe",
      "failure_reason": null,
      "status": null,
      "substatus": null,
      "logon_process": null,
      "authentication_package": null,
      "privileges": [],
      "scenario_id": "ACCOUNT-CREATED-0074",
      "extra_new_account": "tempuser075",
      "extra_new_account_domain": "WS2022-LAB02",
      "extra_new_account_sid": "S-1-5-21-1843355061-959072039-615746888-1382"
    },
    {
      "event_id": 4720,
      "timestamp": "13/06/2026 18:25:22",
      "provider_name": "Microsoft-Windows-Security-Auditing",
      "machine_name": "WIN-H96JM6F374S",
      "message": "A user account was created.",
      "subject_account": "opsadmin2",
      "subject_domain": "WIN-H96JM6F374S",
      "subject_security_id": "S-1-5-21-1843355061-959072039-615746888-8283",
      "subject_logon_id": "0xE9065",
      "new_logon_account": null,
      "new_logon_domain": null,
      "new_logon_security_id": null,
      "new_logon_logon_id": null,
      "target_account": null,
      "target_domain": null,
      "target_security_id": null,
      "logon_type": null,
      "elevated_token": null,
      "virtual_account": null,
      "restricted_admin_mode": null,
      "workstation_name": null,
      "source_network_address": null,
      "source_port": null,
      "process_name": "C:\\Windows\\System32\\mmc.exe",
      "failure_reason": null,
      "status": null,
      "substatus": null,
      "logon_process": null,
      "authentication_package": null,
      "privileges": [],
      "scenario_id": "ACCOUNT-CREATED-0075",
      "extra_new_account": "tempuser076",
      "extra_new_account_domain": "WIN-H96JM6F374S",
      "extra_new_account_sid": "S-1-5-21-1843355061-959072039-615746888-9682"
    },
    {
      "event_id": 4720,
      "timestamp": "13/06/2026 18:26:03",
      "provider_name": "Microsoft-Windows-Security-Auditing",
      "machine_name": "WS2022-LAB01",
      "message": "A user account was created.",
      "subject_account": "labadmin",
      "subject_domain": "WS2022-LAB01",
      "subject_security_id": "S-1-5-21-1843355061-959072039-615746888-6653",
      "subject_logon_id": "0xAE575",
      "new_logon_account": null,
      "new_logon_domain": null,
      "new_logon_security_id": null,
      "new_logon_logon_id": null,
      "target_account": null,
      "target_domain": null,
      "target_security_id": null,
      "logon_type": null,
      "elevated_token": null,
      "virtual_account": null,
      "restricted_admin_mode": null,
      "workstation_name": null,
      "source_network_address": null,
      "source_port": null,
      "process_name": "C:\\Windows\\System32\\mmc.exe",
      "failure_reason": null,
      "status": null,
      "substatus": null,
      "logon_process": null,
      "authentication_package": null,
      "privileges": [],
      "scenario_id": "ACCOUNT-CREATED-0076",
      "extra_new_account": "tempuser077",
      "extra_new_account_domain": "WS2022-LAB01",
      "extra_new_account_sid": "S-1-5-21-1843355061-959072039-615746888-4619"
    },
    {
      "event_id": 4720,
      "timestamp": "13/06/2026 18:26:48",
      "provider_name": "Microsoft-Windows-Security-Auditing",
      "machine_name": "WIN-H96JM6F374S",
      "message": "A user account was created.",
      "subject_account": "opsadmin2",
      "subject_domain": "WIN-H96JM6F374S",
      "subject_security_id": "S-1-5-21-1843355061-959072039-615746888-6214",
      "subject_logon_id": "0x6137B",
      "new_logon_account": null,
      "new_logon_domain": null,
      "new_logon_security_id": null,
      "new_logon_logon_id": null,
      "target_account": null,
      "target_domain": null,
      "target_security_id": null,
      "logon_type": null,
      "elevated_token": null,
      "virtual_account": null,
      "restricted_admin_mode": null,
      "workstation_name": null,
      "source_network_address": null,
      "source_port": null,
      "process_name": "C:\\Windows\\System32\\mmc.exe",
      "failure_reason": null,
      "status": null,
      "substatus": null,
      "logon_process": null,
      "authentication_package": null,
      "privileges": [],
      "scenario_id": "ACCOUNT-CREATED-0077",
      "extra_new_account": "tempuser078",
      "extra_new_account_domain": "WIN-H96JM6F374S",
      "extra_new_account_sid": "S-1-5-21-1843355061-959072039-615746888-7861"
    },
    {
      "event_id": 4720,
      "timestamp": "13/06/2026 18:27:26",
      "provider_name": "Microsoft-Windows-Security-Auditing",
      "machine_name": "WS2022-LAB02",
      "message": "A user account was created.",
      "subject_account": "opsadmin3",
      "subject_domain": "WS2022-LAB02",
      "subject_security_id": "S-1-5-21-1843355061-959072039-615746888-7109",
      "subject_logon_id": "0x9DDA5",
      "new_logon_account": null,
      "new_logon_domain": null,
      "new_logon_security_id": null,
      "new_logon_logon_id": null,
      "target_account": null,
      "target_domain": null,
      "target_security_id": null,
      "logon_type": null,
      "elevated_token": null,
      "virtual_account": null,
      "restricted_admin_mode": null,
      "workstation_name": null,
      "source_network_address": null,
      "source_port": null,
      "process_name": "C:\\Windows\\System32\\mmc.exe",
      "failure_reason": null,
      "status": null,
      "substatus": null,
      "logon_process": null,
      "authentication_package": null,
      "privileges": [],
      "scenario_id": "ACCOUNT-CREATED-0078",
      "extra_new_account": "tempuser079",
      "extra_new_account_domain": "WS2022-LAB02",
      "extra_new_account_sid": "S-1-5-21-1843355061-959072039-615746888-6655"
    },
    {
      "event_id": 4720,
      "timestamp": "13/06/2026 18:28:11",
      "provider_name": "Microsoft-Windows-Security-Auditing",
      "machine_name": "WS2022-LAB02",
      "message": "A user account was created.",
      "subject_account": "opsadmin1",
      "subject_domain": "WS2022-LAB02",
      "subject_security_id": "S-1-5-21-1843355061-959072039-615746888-6736",
      "subject_logon_id": "0xE2C4E",
      "new_logon_account": null,
      "new_logon_domain": null,
      "new_logon_security_id": null,
      "new_logon_logon_id": null,
      "target_account": null,
      "target_domain": null,
      "target_security_id": null,
      "logon_type": null,
      "elevated_token": null,
      "virtual_account": null,
      "restricted_admin_mode": null,
      "workstation_name": null,
      "source_network_address": null,
      "source_port": null,
      "process_name": "C:\\Windows\\System32\\mmc.exe",
      "failure_reason": null,
      "status": null,
      "substatus": null,
      "logon_process": null,
      "authentication_package": null,
      "privileges": [],
      "scenario_id": "ACCOUNT-CREATED-0079",
      "extra_new_account": "tempuser080",
      "extra_new_account_domain": "WS2022-LAB02",
      "extra_new_account_sid": "S-1-5-21-1843355061-959072039-615746888-7460"
    },
    {
      "event_id": 4720,
      "timestamp": "13/06/2026 18:28:48",
      "provider_name": "Microsoft-Windows-Security-Auditing",
      "machine_name": "WIN-H96JM6F374S",
      "message": "A user account was created.",
      "subject_account": "opsadmin2",
      "subject_domain": "WIN-H96JM6F374S",
      "subject_security_id": "S-1-5-21-1843355061-959072039-615746888-2217",
      "subject_logon_id": "0x5EB0B",
      "new_logon_account": null,
      "new_logon_domain": null,
      "new_logon_security_id": null,
      "new_logon_logon_id": null,
      "target_account": null,
      "target_domain": null,
      "target_security_id": null,
      "logon_type": null,
      "elevated_token": null,
      "virtual_account": null,
      "restricted_admin_mode": null,
      "workstation_name": null,
      "source_network_address": null,
      "source_port": null,
      "process_name": "C:\\Windows\\System32\\mmc.exe",
      "failure_reason": null,
      "status": null,
      "substatus": null,
      "logon_process": null,
      "authentication_package": null,
      "privileges": [],
      "scenario_id": "ACCOUNT-CREATED-0080",
      "extra_new_account": "tempuser081",
      "extra_new_account_domain": "WIN-H96JM6F374S",
      "extra_new_account_sid": "S-1-5-21-1843355061-959072039-615746888-4137"
    },
    {
      "event_id": 4720,
      "timestamp": "13/06/2026 18:29:05",
      "provider_name": "Microsoft-Windows-Security-Auditing",
      "machine_name": "WS2022-LAB02",
      "message": "A user account was created.",
      "subject_account": "opsadmin2",
      "subject_domain": "WS2022-LAB02",
      "subject_security_id": "S-1-5-21-1843355061-959072039-615746888-2201",
      "subject_logon_id": "0xAF417",
      "new_logon_account": null,
      "new_logon_domain": null,
      "new_logon_security_id": null,
      "new_logon_logon_id": null,
      "target_account": null,
      "target_domain": null,
      "target_security_id": null,
      "logon_type": null,
      "elevated_token": null,
      "virtual_account": null,
      "restricted_admin_mode": null,
      "workstation_name": null,
      "source_network_address": null,
      "source_port": null,
      "process_name": "C:\\Windows\\System32\\mmc.exe",
      "failure_reason": null,
      "status": null,
      "substatus": null,
      "logon_process": null,
      "authentication_package": null,
      "privileges": [],
      "scenario_id": "ACCOUNT-CREATED-0081",
      "extra_new_account": "tempuser082",
      "extra_new_account_domain": "WS2022-LAB02",
      "extra_new_account_sid": "S-1-5-21-1843355061-959072039-615746888-1657"
    },
    {
      "event_id": 4720,
      "timestamp": "13/06/2026 18:29:49",
      "provider_name": "Microsoft-Windows-Security-Auditing",
      "machine_name": "WIN-H96JM6F374S",
      "message": "A user account was created.",
      "subject_account": "labadmin",
      "subject_domain": "WIN-H96JM6F374S",
      "subject_security_id": "S-1-5-21-1843355061-959072039-615746888-1889",
      "subject_logon_id": "0x1D816",
      "new_logon_account": null,
      "new_logon_domain": null,
      "new_logon_security_id": null,
      "new_logon_logon_id": null,
      "target_account": null,
      "target_domain": null,
      "target_security_id": null,
      "logon_type": null,
      "elevated_token": null,
      "virtual_account": null,
      "restricted_admin_mode": null,
      "workstation_name": null,
      "source_network_address": null,
      "source_port": null,
      "process_name": "C:\\Windows\\System32\\mmc.exe",
      "failure_reason": null,
      "status": null,
      "substatus": null,
      "logon_process": null,
      "authentication_package": null,
      "privileges": [],
      "scenario_id": "ACCOUNT-CREATED-0082",
      "extra_new_account": "tempuser083",
      "extra_new_account_domain": "WIN-H96JM6F374S",
      "extra_new_account_sid": "S-1-5-21-1843355061-959072039-615746888-7834"
    },
    {
      "event_id": 4720,
      "timestamp": "13/06/2026 18:30:19",
      "provider_name": "Microsoft-Windows-Security-Auditing",
      "machine_name": "WS2022-LAB02",
      "message": "A user account was created.",
      "subject_account": "opsadmin3",
      "subject_domain": "WS2022-LAB02",
      "subject_security_id": "S-1-5-21-1843355061-959072039-615746888-4094",
      "subject_logon_id": "0x24109",
      "new_logon_account": null,
      "new_logon_domain": null,
      "new_logon_security_id": null,
      "new_logon_logon_id": null,
      "target_account": null,
      "target_domain": null,
      "target_security_id": null,
      "logon_type": null,
      "elevated_token": null,
      "virtual_account": null,
      "restricted_admin_mode": null,
      "workstation_name": null,
      "source_network_address": null,
      "source_port": null,
      "process_name": "C:\\Windows\\System32\\mmc.exe",
      "failure_reason": null,
      "status": null,
      "substatus": null,
      "logon_process": null,
      "authentication_package": null,
      "privileges": [],
      "scenario_id": "ACCOUNT-CREATED-0083",
      "extra_new_account": "tempuser084",
      "extra_new_account_domain": "WS2022-LAB02",
      "extra_new_account_sid": "S-1-5-21-1843355061-959072039-615746888-1771"
    },
    {
      "event_id": 4720,
      "timestamp": "13/06/2026 18:30:57",
      "provider_name": "Microsoft-Windows-Security-Auditing",
      "machine_name": "WIN-H96JM6F374S",
      "message": "A user account was created.",
      "subject_account": "labadmin",
      "subject_domain": "WIN-H96JM6F374S",
      "subject_security_id": "S-1-5-21-1843355061-959072039-615746888-6934",
      "subject_logon_id": "0x26D4F",
      "new_logon_account": null,
      "new_logon_domain": null,
      "new_logon_security_id": null,
      "new_logon_logon_id": null,
      "target_account": null,
      "target_domain": null,
      "target_security_id": null,
      "logon_type": null,
      "elevated_token": null,
      "virtual_account": null,
      "restricted_admin_mode": null,
      "workstation_name": null,
      "source_network_address": null,
      "source_port": null,
      "process_name": "C:\\Windows\\System32\\mmc.exe",
      "failure_reason": null,
      "status": null,
      "substatus": null,
      "logon_process": null,
      "authentication_package": null,
      "privileges": [],
      "scenario_id": "ACCOUNT-CREATED-0084",
      "extra_new_account": "tempuser085",
      "extra_new_account_domain": "WIN-H96JM6F374S",
      "extra_new_account_sid": "S-1-5-21-1843355061-959072039-615746888-2413"
    },
    {
      "event_id": 4720,
      "timestamp": "13/06/2026 18:31:22",
      "provider_name": "Microsoft-Windows-Security-Auditing",
      "machine_name": "WS2022-LAB02",
      "message": "A user account was created.",
      "subject_account": "opsadmin2",
      "subject_domain": "WS2022-LAB02",
      "subject_security_id": "S-1-5-21-1843355061-959072039-615746888-9165",
      "subject_logon_id": "0x57822",
      "new_logon_account": null,
      "new_logon_domain": null,
      "new_logon_security_id": null,
      "new_logon_logon_id": null,
      "target_account": null,
      "target_domain": null,
      "target_security_id": null,
      "logon_type": null,
      "elevated_token": null,
      "virtual_account": null,
      "restricted_admin_mode": null,
      "workstation_name": null,
      "source_network_address": null,
      "source_port": null,
      "process_name": "C:\\Windows\\System32\\mmc.exe",
      "failure_reason": null,
      "status": null,
      "substatus": null,
      "logon_process": null,
      "authentication_package": null,
      "privileges": [],
      "scenario_id": "ACCOUNT-CREATED-0085",
      "extra_new_account": "tempuser086",
      "extra_new_account_domain": "WS2022-LAB02",
      "extra_new_account_sid": "S-1-5-21-1843355061-959072039-615746888-3149"
    },
    {
      "event_id": 4720,
      "timestamp": "13/06/2026 18:31:57",
      "provider_name": "Microsoft-Windows-Security-Auditing",
      "machine_name": "WS2022-LAB02",
      "message": "A user account was created.",
      "subject_account": "opsadmin1",
      "subject_domain": "WS2022-LAB02",
      "subject_security_id": "S-1-5-21-1843355061-959072039-615746888-1878",
      "subject_logon_id": "0xE78D3",
      "new_logon_account": null,
      "new_logon_domain": null,
      "new_logon_security_id": null,
      "new_logon_logon_id": null,
      "target_account": null,
      "target_domain": null,
      "target_security_id": null,
      "logon_type": null,
      "elevated_token": null,
      "virtual_account": null,
      "restricted_admin_mode": null,
      "workstation_name": null,
      "source_network_address": null,
      "source_port": null,
      "process_name": "C:\\Windows\\System32\\mmc.exe",
      "failure_reason": null,
      "status": null,
      "substatus": null,
      "logon_process": null,
      "authentication_package": null,
      "privileges": [],
      "scenario_id": "ACCOUNT-CREATED-0086",
      "extra_new_account": "tempuser087",
      "extra_new_account_domain": "WS2022-LAB02",
      "extra_new_account_sid": "S-1-5-21-1843355061-959072039-615746888-3033"
    },
    {
      "event_id": 4720,
      "timestamp": "13/06/2026 18:32:21",
      "provider_name": "Microsoft-Windows-Security-Auditing",
      "machine_name": "WS2022-LAB01",
      "message": "A user account was created.",
      "subject_account": "opsadmin3",
      "subject_domain": "WS2022-LAB01",
      "subject_security_id": "S-1-5-21-1843355061-959072039-615746888-3969",
      "subject_logon_id": "0x64792",
      "new_logon_account": null,
      "new_logon_domain": null,
      "new_logon_security_id": null,
      "new_logon_logon_id": null,
      "target_account": null,
      "target_domain": null,
      "target_security_id": null,
      "logon_type": null,
      "elevated_token": null,
      "virtual_account": null,
      "restricted_admin_mode": null,
      "workstation_name": null,
      "source_network_address": null,
      "source_port": null,
      "process_name": "C:\\Windows\\System32\\mmc.exe",
      "failure_reason": null,
      "status": null,
      "substatus": null,
      "logon_process": null,
      "authentication_package": null,
      "privileges": [],
      "scenario_id": "ACCOUNT-CREATED-0087",
      "extra_new_account": "tempuser088",
      "extra_new_account_domain": "WS2022-LAB01",
      "extra_new_account_sid": "S-1-5-21-1843355061-959072039-615746888-3719"
    },
    {
      "event_id": 4720,
      "timestamp": "13/06/2026 18:32:27",
      "provider_name": "Microsoft-Windows-Security-Auditing",
      "machine_name": "WS2022-LAB01",
      "message": "A user account was created.",
      "subject_account": "labadmin",
      "subject_domain": "WS2022-LAB01",
      "subject_security_id": "S-1-5-21-1843355061-959072039-615746888-1252",
      "subject_logon_id": "0x26F91",
      "new_logon_account": null,
      "new_logon_domain": null,
      "new_logon_security_id": null,
      "new_logon_logon_id": null,
      "target_account": null,
      "target_domain": null,
      "target_security_id": null,
      "logon_type": null,
      "elevated_token": null,
      "virtual_account": null,
      "restricted_admin_mode": null,
      "workstation_name": null,
      "source_network_address": null,
      "source_port": null,
      "process_name": "C:\\Windows\\System32\\mmc.exe",
      "failure_reason": null,
      "status": null,
      "substatus": null,
      "logon_process": null,
      "authentication_package": null,
      "privileges": [],
      "scenario_id": "ACCOUNT-CREATED-0088",
      "extra_new_account": "tempuser089",
      "extra_new_account_domain": "WS2022-LAB01",
      "extra_new_account_sid": "S-1-5-21-1843355061-959072039-615746888-4753"
    },
    {
      "event_id": 4720,
      "timestamp": "13/06/2026 18:32:36",
      "provider_name": "Microsoft-Windows-Security-Auditing",
      "machine_name": "WS2022-LAB02",
      "message": "A user account was created.",
      "subject_account": "opsadmin3",
      "subject_domain": "WS2022-LAB02",
      "subject_security_id": "S-1-5-21-1843355061-959072039-615746888-3712",
      "subject_logon_id": "0x1E705",
      "new_logon_account": null,
      "new_logon_domain": null,
      "new_logon_security_id": null,
      "new_logon_logon_id": null,
      "target_account": null,
      "target_domain": null,
      "target_security_id": null,
      "logon_type": null,
      "elevated_token": null,
      "virtual_account": null,
      "restricted_admin_mode": null,
      "workstation_name": null,
      "source_network_address": null,
      "source_port": null,
      "process_name": "C:\\Windows\\System32\\mmc.exe",
      "failure_reason": null,
      "status": null,
      "substatus": null,
      "logon_process": null,
      "authentication_package": null,
      "privileges": [],
      "scenario_id": "ACCOUNT-CREATED-0089",
      "extra_new_account": "tempuser090",
      "extra_new_account_domain": "WS2022-LAB02",
      "extra_new_account_sid": "S-1-5-21-1843355061-959072039-615746888-6570"
    },
    {
      "event_id": 4720,
      "timestamp": "13/06/2026 18:32:44",
      "provider_name": "Microsoft-Windows-Security-Auditing",
      "machine_name": "WIN-H96JM6F374S",
      "message": "A user account was created.",
      "subject_account": "opsadmin3",
      "subject_domain": "WIN-H96JM6F374S",
      "subject_security_id": "S-1-5-21-1843355061-959072039-615746888-9918",
      "subject_logon_id": "0xE59A5",
      "new_logon_account": null,
      "new_logon_domain": null,
      "new_logon_security_id": null,
      "new_logon_logon_id": null,
      "target_account": null,
      "target_domain": null,
      "target_security_id": null,
      "logon_type": null,
      "elevated_token": null,
      "virtual_account": null,
      "restricted_admin_mode": null,
      "workstation_name": null,
      "source_network_address": null,
      "source_port": null,
      "process_name": "C:\\Windows\\System32\\mmc.exe",
      "failure_reason": null,
      "status": null,
      "substatus": null,
      "logon_process": null,
      "authentication_package": null,
      "privileges": [],
      "scenario_id": "ACCOUNT-CREATED-0090",
      "extra_new_account": "tempuser091",
      "extra_new_account_domain": "WIN-H96JM6F374S",
      "extra_new_account_sid": "S-1-5-21-1843355061-959072039-615746888-8752"
    },
    {
      "event_id": 4720,
      "timestamp": "13/06/2026 18:33:01",
      "provider_name": "Microsoft-Windows-Security-Auditing",
      "machine_name": "WS2022-LAB01",
      "message": "A user account was created.",
      "subject_account": "opsadmin2",
      "subject_domain": "WS2022-LAB01",
      "subject_security_id": "S-1-5-21-1843355061-959072039-615746888-1091",
      "subject_logon_id": "0x3D110",
      "new_logon_account": null,
      "new_logon_domain": null,
      "new_logon_security_id": null,
      "new_logon_logon_id": null,
      "target_account": null,
      "target_domain": null,
      "target_security_id": null,
      "logon_type": null,
      "elevated_token": null,
      "virtual_account": null,
      "restricted_admin_mode": null,
      "workstation_name": null,
      "source_network_address": null,
      "source_port": null,
      "process_name": "C:\\Windows\\System32\\mmc.exe",
      "failure_reason": null,
      "status": null,
      "substatus": null,
      "logon_process": null,
      "authentication_package": null,
      "privileges": [],
      "scenario_id": "ACCOUNT-CREATED-0091",
      "extra_new_account": "tempuser092",
      "extra_new_account_domain": "WS2022-LAB01",
      "extra_new_account_sid": "S-1-5-21-1843355061-959072039-615746888-9590"
    },
    {
      "event_id": 4720,
      "timestamp": "13/06/2026 18:33:32",
      "provider_name": "Microsoft-Windows-Security-Auditing",
      "machine_name": "WS2022-LAB01",
      "message": "A user account was created.",
      "subject_account": "labadmin",
      "subject_domain": "WS2022-LAB01",
      "subject_security_id": "S-1-5-21-1843355061-959072039-615746888-7950",
      "subject_logon_id": "0x6C758",
      "new_logon_account": null,
      "new_logon_domain": null,
      "new_logon_security_id": null,
      "new_logon_logon_id": null,
      "target_account": null,
      "target_domain": null,
      "target_security_id": null,
      "logon_type": null,
      "elevated_token": null,
      "virtual_account": null,
      "restricted_admin_mode": null,
      "workstation_name": null,
      "source_network_address": null,
      "source_port": null,
      "process_name": "C:\\Windows\\System32\\mmc.exe",
      "failure_reason": null,
      "status": null,
      "substatus": null,
      "logon_process": null,
      "authentication_package": null,
      "privileges": [],
      "scenario_id": "ACCOUNT-CREATED-0092",
      "extra_new_account": "tempuser093",
      "extra_new_account_domain": "WS2022-LAB01",
      "extra_new_account_sid": "S-1-5-21-1843355061-959072039-615746888-4325"
    },
