    {
      "event_id": 4624,
      "timestamp": "13/06/2026 11:20:30",
      "provider_name": "Microsoft-Windows-Security-Auditing",
      "machine_name": "WS2022-LAB02",
      "message": "An account was successfully logged on.",
      "subject_account": "WS2022-LAB02$",
      "subject_domain": "WORKGROUP",
      "subject_security_id": "S-1-5-18",
      "subject_logon_id": "0xBE4AD",
      "new_logon_account": "testuser20",
      "new_logon_domain": "WS2022-LAB02",
      "new_logon_security_id": "S-1-5-21-1843355061-959072039-615746888-2300",
      "new_logon_logon_id": "0xDB77D",
      "target_account": null,
      "target_domain": null,
      "target_security_id": null,
      "logon_type": "2",
      "elevated_token": "No",
      "virtual_account": "No",
      "restricted_admin_mode": "-",
      "workstation_name": "WS2022-LAB02",
      "source_network_address": "192.168.56.206",
      "source_port": "0",
      "process_name": "C:\\Windows\\System32\\svchost.exe",
      "failure_reason": null,
      "status": null,
      "substatus": null,
      "logon_process": null,
      "authentication_package": null,
      "privileges": [],
      "scenario_id": "BASELINE-SUCCESS-0328"
    },
    {
      "event_id": 4624,
      "timestamp": "13/06/2026 11:20:50",
      "provider_name": "Microsoft-Windows-Security-Auditing",
      "machine_name": "WS2022-LAB01",
      "message": "An account was successfully logged on.",
      "subject_account": "WS2022-LAB01$",
      "subject_domain": "WORKGROUP",
      "subject_security_id": "S-1-5-18",
      "subject_logon_id": "0x87E23",
      "new_logon_account": "testuser20",
      "new_logon_domain": "WS2022-LAB01",
      "new_logon_security_id": "S-1-5-21-1843355061-959072039-615746888-1696",
      "new_logon_logon_id": "0xAA9E4",
      "target_account": null,
      "target_domain": null,
      "target_security_id": null,
      "logon_type": "2",
      "elevated_token": "No",
      "virtual_account": "No",
      "restricted_admin_mode": "-",
      "workstation_name": "WS2022-LAB01",
      "source_network_address": "127.0.0.1",
      "source_port": "0",
      "process_name": "C:\\Windows\\System32\\svchost.exe",
      "failure_reason": null,
      "status": null,
      "substatus": null,
      "logon_process": null,
      "authentication_package": null,
      "privileges": [],
      "scenario_id": "BASELINE-SUCCESS-0329"
    },
    {
      "event_id": 4624,
      "timestamp": "13/06/2026 11:21:13",
      "provider_name": "Microsoft-Windows-Security-Auditing",
      "machine_name": "WS2022-LAB02",
      "message": "An account was successfully logged on.",
      "subject_account": "WS2022-LAB02$",
      "subject_domain": "WORKGROUP",
      "subject_security_id": "S-1-5-18",
      "subject_logon_id": "0x51C19",
      "new_logon_account": "testuser19",
      "new_logon_domain": "WS2022-LAB02",
      "new_logon_security_id": "S-1-5-21-1843355061-959072039-615746888-7180",
      "new_logon_logon_id": "0x3AAA6",
      "target_account": null,
      "target_domain": null,
      "target_security_id": null,
      "logon_type": "2",
      "elevated_token": "No",
      "virtual_account": "No",
      "restricted_admin_mode": "-",
      "workstation_name": "WS2022-LAB02",
      "source_network_address": "192.168.56.93",
      "source_port": "0",
      "process_name": "C:\\Windows\\System32\\svchost.exe",
      "failure_reason": null,
      "status": null,
      "substatus": null,
      "logon_process": null,
      "authentication_package": null,
      "privileges": [],
      "scenario_id": "BASELINE-SUCCESS-0330"
    },
    {
      "event_id": 4624,
      "timestamp": "13/06/2026 11:21:41",
      "provider_name": "Microsoft-Windows-Security-Auditing",
      "machine_name": "WIN-H96JM6F374S",
      "message": "An account was successfully logged on.",
      "subject_account": "WIN-H96JM6F374S$",
      "subject_domain": "WORKGROUP",
      "subject_security_id": "S-1-5-18",
      "subject_logon_id": "0x6073B",
      "new_logon_account": "testuser6",
      "new_logon_domain": "WIN-H96JM6F374S",
      "new_logon_security_id": "S-1-5-21-1843355061-959072039-615746888-2836",
      "new_logon_logon_id": "0xD4EA1",
      "target_account": null,
      "target_domain": null,
      "target_security_id": null,
      "logon_type": "2",
      "elevated_token": "No",
      "virtual_account": "No",
      "restricted_admin_mode": "-",
      "workstation_name": "WIN-H96JM6F374S",
      "source_network_address": "192.168.56.245",
      "source_port": "0",
      "process_name": "C:\\Windows\\System32\\svchost.exe",
      "failure_reason": null,
      "status": null,
      "substatus": null,
      "logon_process": null,
      "authentication_package": null,
      "privileges": [],
      "scenario_id": "BASELINE-SUCCESS-0331"
    },
    {
      "event_id": 4624,
      "timestamp": "13/06/2026 11:22:01",
      "provider_name": "Microsoft-Windows-Security-Auditing",
      "machine_name": "WS2022-LAB01",
      "message": "An account was successfully logged on.",
      "subject_account": "WS2022-LAB01$",
      "subject_domain": "WORKGROUP",
      "subject_security_id": "S-1-5-18",
      "subject_logon_id": "0x436CE",
      "new_logon_account": "testuser10",
      "new_logon_domain": "WS2022-LAB01",
      "new_logon_security_id": "S-1-5-21-1843355061-959072039-615746888-5102",
      "new_logon_logon_id": "0xBF604",
      "target_account": null,
      "target_domain": null,
      "target_security_id": null,
      "logon_type": "2",
      "elevated_token": "No",
      "virtual_account": "No",
      "restricted_admin_mode": "-",
      "workstation_name": "WS2022-LAB01",
      "source_network_address": "127.0.0.1",
      "source_port": "0",
      "process_name": "C:\\Windows\\System32\\svchost.exe",
      "failure_reason": null,
      "status": null,
      "substatus": null,
      "logon_process": null,
      "authentication_package": null,
      "privileges": [],
      "scenario_id": "BASELINE-SUCCESS-0332"
    },
    {
      "event_id": 4624,
      "timestamp": "13/06/2026 11:22:23",
      "provider_name": "Microsoft-Windows-Security-Auditing",
      "machine_name": "WIN-H96JM6F374S",
      "message": "An account was successfully logged on.",
      "subject_account": "WIN-H96JM6F374S$",
      "subject_domain": "WORKGROUP",
      "subject_security_id": "S-1-5-18",
      "subject_logon_id": "0xDC2AE",
      "new_logon_account": "testuser12",
      "new_logon_domain": "WIN-H96JM6F374S",
      "new_logon_security_id": "S-1-5-21-1843355061-959072039-615746888-5972",
      "new_logon_logon_id": "0x115AD",
      "target_account": null,
      "target_domain": null,
      "target_security_id": null,
      "logon_type": "2",
      "elevated_token": "No",
      "virtual_account": "No",
      "restricted_admin_mode": "-",
      "workstation_name": "WIN-H96JM6F374S",
      "source_network_address": "127.0.0.1",
      "source_port": "0",
      "process_name": "C:\\Windows\\System32\\svchost.exe",
      "failure_reason": null,
      "status": null,
      "substatus": null,
      "logon_process": null,
      "authentication_package": null,
      "privileges": [],
      "scenario_id": "BASELINE-SUCCESS-0333"
    },
    {
      "event_id": 4624,
      "timestamp": "13/06/2026 11:22:44",
      "provider_name": "Microsoft-Windows-Security-Auditing",
      "machine_name": "WS2022-LAB01",
      "message": "An account was successfully logged on.",
      "subject_account": "WS2022-LAB01$",
      "subject_domain": "WORKGROUP",
      "subject_security_id": "S-1-5-18",
      "subject_logon_id": "0xA41C8",
      "new_logon_account": "testuser18",
      "new_logon_domain": "WS2022-LAB01",
      "new_logon_security_id": "S-1-5-21-1843355061-959072039-615746888-8519",
      "new_logon_logon_id": "0xC4937",
      "target_account": null,
      "target_domain": null,
      "target_security_id": null,
      "logon_type": "2",
      "elevated_token": "No",
      "virtual_account": "No",
      "restricted_admin_mode": "-",
      "workstation_name": "WS2022-LAB01",
      "source_network_address": "192.168.56.190",
      "source_port": "0",
      "process_name": "C:\\Windows\\System32\\svchost.exe",
      "failure_reason": null,
      "status": null,
      "substatus": null,
      "logon_process": null,
      "authentication_package": null,
      "privileges": [],
      "scenario_id": "BASELINE-SUCCESS-0334"
    },
    {
      "event_id": 4624,
      "timestamp": "13/06/2026 11:23:11",
      "provider_name": "Microsoft-Windows-Security-Auditing",
      "machine_name": "WS2022-LAB02",
      "message": "An account was successfully logged on.",
      "subject_account": "WS2022-LAB02$",
      "subject_domain": "WORKGROUP",
      "subject_security_id": "S-1-5-18",
      "subject_logon_id": "0x3E70C",
      "new_logon_account": "testuser8",
      "new_logon_domain": "WS2022-LAB02",
      "new_logon_security_id": "S-1-5-21-1843355061-959072039-615746888-3181",
      "new_logon_logon_id": "0x85D02",
      "target_account": null,
      "target_domain": null,
      "target_security_id": null,
      "logon_type": "2",
      "elevated_token": "No",
      "virtual_account": "No",
      "restricted_admin_mode": "-",
      "workstation_name": "WS2022-LAB02",
      "source_network_address": "127.0.0.1",
      "source_port": "0",
      "process_name": "C:\\Windows\\System32\\svchost.exe",
      "failure_reason": null,
      "status": null,
      "substatus": null,
      "logon_process": null,
      "authentication_package": null,
      "privileges": [],
      "scenario_id": "BASELINE-SUCCESS-0335"
    },
    {
      "event_id": 4624,
      "timestamp": "13/06/2026 11:23:54",
      "provider_name": "Microsoft-Windows-Security-Auditing",
      "machine_name": "WS2022-LAB02",
      "message": "An account was successfully logged on.",
      "subject_account": "WS2022-LAB02$",
      "subject_domain": "WORKGROUP",
      "subject_security_id": "S-1-5-18",
      "subject_logon_id": "0x61738",
      "new_logon_account": "testuser12",
      "new_logon_domain": "WS2022-LAB02",
      "new_logon_security_id": "S-1-5-21-1843355061-959072039-615746888-6973",
      "new_logon_logon_id": "0x5A9A2",
      "target_account": null,
      "target_domain": null,
      "target_security_id": null,
      "logon_type": "2",
      "elevated_token": "No",
      "virtual_account": "No",
      "restricted_admin_mode": "-",
      "workstation_name": "WS2022-LAB02",
      "source_network_address": "127.0.0.1",
      "source_port": "0",
      "process_name": "C:\\Windows\\System32\\svchost.exe",
      "failure_reason": null,
      "status": null,
      "substatus": null,
      "logon_process": null,
      "authentication_package": null,
      "privileges": [],
      "scenario_id": "BASELINE-SUCCESS-0336"
    },
    {
      "event_id": 4624,
      "timestamp": "13/06/2026 11:24:31",
      "provider_name": "Microsoft-Windows-Security-Auditing",
      "machine_name": "WIN-H96JM6F374S",
      "message": "An account was successfully logged on.",
      "subject_account": "WIN-H96JM6F374S$",
      "subject_domain": "WORKGROUP",
      "subject_security_id": "S-1-5-18",
      "subject_logon_id": "0xCF7E2",
      "new_logon_account": "testuser6",
      "new_logon_domain": "WIN-H96JM6F374S",
      "new_logon_security_id": "S-1-5-21-1843355061-959072039-615746888-1351",
      "new_logon_logon_id": "0x473FB",
      "target_account": null,
      "target_domain": null,
      "target_security_id": null,
      "logon_type": "2",
      "elevated_token": "No",
      "virtual_account": "No",
      "restricted_admin_mode": "-",
      "workstation_name": "WIN-H96JM6F374S",
      "source_network_address": "10.0.0.253",
      "source_port": "0",
      "process_name": "C:\\Windows\\System32\\svchost.exe",
      "failure_reason": null,
      "status": null,
      "substatus": null,
      "logon_process": null,
      "authentication_package": null,
      "privileges": [],
      "scenario_id": "BASELINE-SUCCESS-0337"
    },
    {
      "event_id": 4624,
      "timestamp": "13/06/2026 11:24:48",
      "provider_name": "Microsoft-Windows-Security-Auditing",
      "machine_name": "WS2022-LAB02",
      "message": "An account was successfully logged on.",
      "subject_account": "WS2022-LAB02$",
      "subject_domain": "WORKGROUP",
      "subject_security_id": "S-1-5-18",
      "subject_logon_id": "0xEA1FC",
      "new_logon_account": "testuser12",
      "new_logon_domain": "WS2022-LAB02",
      "new_logon_security_id": "S-1-5-21-1843355061-959072039-615746888-4809",
      "new_logon_logon_id": "0x7DC7D",
      "target_account": null,
      "target_domain": null,
      "target_security_id": null,
      "logon_type": "2",
      "elevated_token": "No",
      "virtual_account": "No",
      "restricted_admin_mode": "-",
      "workstation_name": "WS2022-LAB02",
      "source_network_address": "127.0.0.1",
      "source_port": "0",
      "process_name": "C:\\Windows\\System32\\svchost.exe",
      "failure_reason": null,
      "status": null,
      "substatus": null,
      "logon_process": null,
      "authentication_package": null,
      "privileges": [],
      "scenario_id": "BASELINE-SUCCESS-0338"
    },
    {
      "event_id": 4624,
      "timestamp": "13/06/2026 11:24:55",
      "provider_name": "Microsoft-Windows-Security-Auditing",
      "machine_name": "WS2022-LAB01",
      "message": "An account was successfully logged on.",
      "subject_account": "WS2022-LAB01$",
      "subject_domain": "WORKGROUP",
      "subject_security_id": "S-1-5-18",
      "subject_logon_id": "0x3FBEF",
      "new_logon_account": "testuser5",
      "new_logon_domain": "WS2022-LAB01",
      "new_logon_security_id": "S-1-5-21-1843355061-959072039-615746888-8385",
      "new_logon_logon_id": "0x50F90",
      "target_account": null,
      "target_domain": null,
      "target_security_id": null,
      "logon_type": "2",
      "elevated_token": "No",
      "virtual_account": "No",
      "restricted_admin_mode": "-",
      "workstation_name": "WS2022-LAB01",
      "source_network_address": "127.0.0.1",
      "source_port": "0",
      "process_name": "C:\\Windows\\System32\\svchost.exe",
      "failure_reason": null,
      "status": null,
      "substatus": null,
      "logon_process": null,
      "authentication_package": null,
      "privileges": [],
      "scenario_id": "BASELINE-SUCCESS-0339"
    },
    {
      "event_id": 4624,
      "timestamp": "13/06/2026 11:25:13",
      "provider_name": "Microsoft-Windows-Security-Auditing",
      "machine_name": "WS2022-LAB01",
      "message": "An account was successfully logged on.",
      "subject_account": "WS2022-LAB01$",
      "subject_domain": "WORKGROUP",
      "subject_security_id": "S-1-5-18",
      "subject_logon_id": "0x2DC22",
      "new_logon_account": "testuser5",
      "new_logon_domain": "WS2022-LAB01",
      "new_logon_security_id": "S-1-5-21-1843355061-959072039-615746888-5849",
      "new_logon_logon_id": "0x397AC",
      "target_account": null,
      "target_domain": null,
      "target_security_id": null,
      "logon_type": "2",
      "elevated_token": "No",
      "virtual_account": "No",
      "restricted_admin_mode": "-",
      "workstation_name": "WS2022-LAB01",
      "source_network_address": "127.0.0.1",
      "source_port": "0",
      "process_name": "C:\\Windows\\System32\\svchost.exe",
      "failure_reason": null,
      "status": null,
      "substatus": null,
      "logon_process": null,
      "authentication_package": null,
      "privileges": [],
      "scenario_id": "BASELINE-SUCCESS-0340"
    },
    {
      "event_id": 4624,
      "timestamp": "13/06/2026 11:25:34",
      "provider_name": "Microsoft-Windows-Security-Auditing",
      "machine_name": "WS2022-LAB02",
      "message": "An account was successfully logged on.",
      "subject_account": "WS2022-LAB02$",
      "subject_domain": "WORKGROUP",
      "subject_security_id": "S-1-5-18",
      "subject_logon_id": "0xE7391",
      "new_logon_account": "testuser10",
      "new_logon_domain": "WS2022-LAB02",
      "new_logon_security_id": "S-1-5-21-1843355061-959072039-615746888-8121",
      "new_logon_logon_id": "0xC37E2",
      "target_account": null,
      "target_domain": null,
      "target_security_id": null,
      "logon_type": "2",
      "elevated_token": "No",
      "virtual_account": "No",
      "restricted_admin_mode": "-",
      "workstation_name": "WS2022-LAB02",
      "source_network_address": "127.0.0.1",
      "source_port": "0",
      "process_name": "C:\\Windows\\System32\\svchost.exe",
      "failure_reason": null,
      "status": null,
      "substatus": null,
      "logon_process": null,
      "authentication_package": null,
      "privileges": [],
      "scenario_id": "BASELINE-SUCCESS-0341"
    },
    {
      "event_id": 4624,
      "timestamp": "13/06/2026 11:26:02",
      "provider_name": "Microsoft-Windows-Security-Auditing",
      "machine_name": "WIN-H96JM6F374S",
      "message": "An account was successfully logged on.",
      "subject_account": "WIN-H96JM6F374S$",
      "subject_domain": "WORKGROUP",
      "subject_security_id": "S-1-5-18",
      "subject_logon_id": "0x7B7A6",
      "new_logon_account": "testuser7",
      "new_logon_domain": "WIN-H96JM6F374S",
      "new_logon_security_id": "S-1-5-21-1843355061-959072039-615746888-2663",
      "new_logon_logon_id": "0x8B097",
      "target_account": null,
      "target_domain": null,
      "target_security_id": null,
      "logon_type": "2",
      "elevated_token": "No",
      "virtual_account": "No",
      "restricted_admin_mode": "-",
      "workstation_name": "WIN-H96JM6F374S",
      "source_network_address": "127.0.0.1",
      "source_port": "0",
      "process_name": "C:\\Windows\\System32\\svchost.exe",
      "failure_reason": null,
      "status": null,
      "substatus": null,
      "logon_process": null,
      "authentication_package": null,
      "privileges": [],
      "scenario_id": "BASELINE-SUCCESS-0342"
    },
    {
      "event_id": 4624,
      "timestamp": "13/06/2026 11:26:42",
      "provider_name": "Microsoft-Windows-Security-Auditing",
      "machine_name": "WS2022-LAB02",
      "message": "An account was successfully logged on.",
      "subject_account": "WS2022-LAB02$",
      "subject_domain": "WORKGROUP",
      "subject_security_id": "S-1-5-18",
      "subject_logon_id": "0xDD63E",
      "new_logon_account": "testuser18",
      "new_logon_domain": "WS2022-LAB02",
      "new_logon_security_id": "S-1-5-21-1843355061-959072039-615746888-8468",
      "new_logon_logon_id": "0xE7528",
      "target_account": null,
      "target_domain": null,
      "target_security_id": null,
      "logon_type": "2",
      "elevated_token": "No",
      "virtual_account": "No",
      "restricted_admin_mode": "-",
      "workstation_name": "WS2022-LAB02",
      "source_network_address": "127.0.0.1",
      "source_port": "0",
      "process_name": "C:\\Windows\\System32\\svchost.exe",
      "failure_reason": null,
      "status": null,
      "substatus": null,
      "logon_process": null,
      "authentication_package": null,
      "privileges": [],
      "scenario_id": "BASELINE-SUCCESS-0343"
    },
    {
      "event_id": 4624,
      "timestamp": "13/06/2026 11:27:10",
      "provider_name": "Microsoft-Windows-Security-Auditing",
      "machine_name": "WIN-H96JM6F374S",
      "message": "An account was successfully logged on.",
      "subject_account": "WIN-H96JM6F374S$",
      "subject_domain": "WORKGROUP",
      "subject_security_id": "S-1-5-18",
      "subject_logon_id": "0xAD02E",
      "new_logon_account": "testuser18",
      "new_logon_domain": "WIN-H96JM6F374S",
      "new_logon_security_id": "S-1-5-21-1843355061-959072039-615746888-8478",
      "new_logon_logon_id": "0x35BB7",
      "target_account": null,
      "target_domain": null,
      "target_security_id": null,
      "logon_type": "2",
      "elevated_token": "No",
      "virtual_account": "No",
      "restricted_admin_mode": "-",
      "workstation_name": "WIN-H96JM6F374S",
      "source_network_address": "127.0.0.1",
      "source_port": "0",
      "process_name": "C:\\Windows\\System32\\svchost.exe",
      "failure_reason": null,
      "status": null,
      "substatus": null,
      "logon_process": null,
      "authentication_package": null,
      "privileges": [],
      "scenario_id": "BASELINE-SUCCESS-0344"
    },
    {
      "event_id": 4624,
      "timestamp": "13/06/2026 11:27:25",
      "provider_name": "Microsoft-Windows-Security-Auditing",
      "machine_name": "WS2022-LAB02",
      "message": "An account was successfully logged on.",
      "subject_account": "WS2022-LAB02$",
      "subject_domain": "WORKGROUP",
      "subject_security_id": "S-1-5-18",
      "subject_logon_id": "0xA99E4",
      "new_logon_account": "testuser11",
      "new_logon_domain": "WS2022-LAB02",
      "new_logon_security_id": "S-1-5-21-1843355061-959072039-615746888-7947",
      "new_logon_logon_id": "0x724DD",
      "target_account": null,
      "target_domain": null,
      "target_security_id": null,
      "logon_type": "2",
      "elevated_token": "No",
      "virtual_account": "No",
      "restricted_admin_mode": "-",
      "workstation_name": "WS2022-LAB02",
      "source_network_address": "127.0.0.1",
      "source_port": "0",
      "process_name": "C:\\Windows\\System32\\svchost.exe",
      "failure_reason": null,
      "status": null,
      "substatus": null,
      "logon_process": null,
      "authentication_package": null,
      "privileges": [],
      "scenario_id": "BASELINE-SUCCESS-0345"
    },
    {
      "event_id": 4624,
      "timestamp": "13/06/2026 11:27:46",
      "provider_name": "Microsoft-Windows-Security-Auditing",
      "machine_name": "WS2022-LAB02",
      "message": "An account was successfully logged on.",
      "subject_account": "WS2022-LAB02$",
      "subject_domain": "WORKGROUP",
      "subject_security_id": "S-1-5-18",
      "subject_logon_id": "0xEA84A",
      "new_logon_account": "testuser5",
      "new_logon_domain": "WS2022-LAB02",
      "new_logon_security_id": "S-1-5-21-1843355061-959072039-615746888-2012",
      "new_logon_logon_id": "0xA0258",
      "target_account": null,
      "target_domain": null,
      "target_security_id": null,
      "logon_type": "2",
      "elevated_token": "No",
      "virtual_account": "No",
      "restricted_admin_mode": "-",
      "workstation_name": "WS2022-LAB02",
      "source_network_address": "127.0.0.1",
      "source_port": "0",
      "process_name": "C:\\Windows\\System32\\svchost.exe",
      "failure_reason": null,
      "status": null,
      "substatus": null,
      "logon_process": null,
      "authentication_package": null,
      "privileges": [],
      "scenario_id": "BASELINE-SUCCESS-0346"
    },
    {
      "event_id": 4624,
      "timestamp": "13/06/2026 11:28:31",
      "provider_name": "Microsoft-Windows-Security-Auditing",
      "machine_name": "WS2022-LAB01",
      "message": "An account was successfully logged on.",
      "subject_account": "WS2022-LAB01$",
      "subject_domain": "WORKGROUP",
      "subject_security_id": "S-1-5-18",
      "subject_logon_id": "0xA32F9",
      "new_logon_account": "testuser19",
      "new_logon_domain": "WS2022-LAB01",
      "new_logon_security_id": "S-1-5-21-1843355061-959072039-615746888-9348",
      "new_logon_logon_id": "0x700BF",
      "target_account": null,
      "target_domain": null,
      "target_security_id": null,
      "logon_type": "2",
      "elevated_token": "No",
      "virtual_account": "No",
      "restricted_admin_mode": "-",
      "workstation_name": "WS2022-LAB01",
      "source_network_address": "127.0.0.1",
      "source_port": "0",
      "process_name": "C:\\Windows\\System32\\svchost.exe",
      "failure_reason": null,
      "status": null,
      "substatus": null,
      "logon_process": null,
      "authentication_package": null,
      "privileges": [],
      "scenario_id": "BASELINE-SUCCESS-0347"
    },
    {
      "event_id": 4624,
      "timestamp": "13/06/2026 11:29:06",
      "provider_name": "Microsoft-Windows-Security-Auditing",
      "machine_name": "WS2022-LAB02",
      "message": "An account was successfully logged on.",
      "subject_account": "WS2022-LAB02$",
      "subject_domain": "WORKGROUP",
      "subject_security_id": "S-1-5-18",
      "subject_logon_id": "0x8E77D",
      "new_logon_account": "testuser13",
      "new_logon_domain": "WS2022-LAB02",
      "new_logon_security_id": "S-1-5-21-1843355061-959072039-615746888-8193",
      "new_logon_logon_id": "0x5F8D2",
      "target_account": null,
      "target_domain": null,
      "target_security_id": null,
      "logon_type": "2",
      "elevated_token": "No",
      "virtual_account": "No",
      "restricted_admin_mode": "-",
      "workstation_name": "WS2022-LAB02",
      "source_network_address": "127.0.0.1",
      "source_port": "0",
      "process_name": "C:\\Windows\\System32\\svchost.exe",
      "failure_reason": null,
      "status": null,
      "substatus": null,
      "logon_process": null,
      "authentication_package": null,
      "privileges": [],
      "scenario_id": "BASELINE-SUCCESS-0348"
    },
    {
      "event_id": 4624,
      "timestamp": "13/06/2026 11:29:26",
      "provider_name": "Microsoft-Windows-Security-Auditing",
      "machine_name": "WS2022-LAB02",
      "message": "An account was successfully logged on.",
      "subject_account": "WS2022-LAB02$",
      "subject_domain": "WORKGROUP",
      "subject_security_id": "S-1-5-18",
      "subject_logon_id": "0x24CB8",
      "new_logon_account": "testuser16",
      "new_logon_domain": "WS2022-LAB02",
      "new_logon_security_id": "S-1-5-21-1843355061-959072039-615746888-1281",
      "new_logon_logon_id": "0x8B282",
      "target_account": null,
      "target_domain": null,
      "target_security_id": null,
      "logon_type": "2",
      "elevated_token": "No",
      "virtual_account": "No",
      "restricted_admin_mode": "-",
      "workstation_name": "WS2022-LAB02",
      "source_network_address": "127.0.0.1",
      "source_port": "0",
      "process_name": "C:\\Windows\\System32\\svchost.exe",
      "failure_reason": null,
      "status": null,
      "substatus": null,
      "logon_process": null,
      "authentication_package": null,
      "privileges": [],
      "scenario_id": "BASELINE-SUCCESS-0349"
    },
    {
      "event_id": 4624,
      "timestamp": "13/06/2026 11:29:53",
      "provider_name": "Microsoft-Windows-Security-Auditing",
      "machine_name": "WIN-H96JM6F374S",
      "message": "An account was successfully logged on.",
      "subject_account": "WIN-H96JM6F374S$",
      "subject_domain": "WORKGROUP",
      "subject_security_id": "S-1-5-18",
      "subject_logon_id": "0xB4076",
      "new_logon_account": "testuser2",
      "new_logon_domain": "WIN-H96JM6F374S",
      "new_logon_security_id": "S-1-5-21-1843355061-959072039-615746888-9074",
      "new_logon_logon_id": "0x4508A",
      "target_account": null,
      "target_domain": null,
      "target_security_id": null,
      "logon_type": "2",
      "elevated_token": "No",
      "virtual_account": "No",
      "restricted_admin_mode": "-",
      "workstation_name": "WIN-H96JM6F374S",
      "source_network_address": "127.0.0.1",
      "source_port": "0",
      "process_name": "C:\\Windows\\System32\\svchost.exe",
      "failure_reason": null,
      "status": null,
      "substatus": null,
      "logon_process": null,
      "authentication_package": null,
      "privileges": [],
      "scenario_id": "BASELINE-SUCCESS-0350"
    },
    {
      "event_id": 4624,
      "timestamp": "13/06/2026 11:30:27",
      "provider_name": "Microsoft-Windows-Security-Auditing",
      "machine_name": "WS2022-LAB01",
      "message": "An account was successfully logged on.",
      "subject_account": "WS2022-LAB01$",
      "subject_domain": "WORKGROUP",
      "subject_security_id": "S-1-5-18",
      "subject_logon_id": "0x27C37",
      "new_logon_account": "testuser13",
      "new_logon_domain": "WS2022-LAB01",
      "new_logon_security_id": "S-1-5-21-1843355061-959072039-615746888-2950",
      "new_logon_logon_id": "0x226F9",
      "target_account": null,
      "target_domain": null,
      "target_security_id": null,
      "logon_type": "2",
      "elevated_token": "No",
      "virtual_account": "No",
      "restricted_admin_mode": "-",
      "workstation_name": "WS2022-LAB01",
      "source_network_address": "127.0.0.1",
      "source_port": "0",
      "process_name": "C:\\Windows\\System32\\svchost.exe",
      "failure_reason": null,
      "status": null,
      "substatus": null,
      "logon_process": null,
      "authentication_package": null,
      "privileges": [],
      "scenario_id": "BASELINE-SUCCESS-0351"
    },
    {
      "event_id": 4624,
      "timestamp": "13/06/2026 11:30:52",
      "provider_name": "Microsoft-Windows-Security-Auditing",
      "machine_name": "WS2022-LAB01",
      "message": "An account was successfully logged on.",
      "subject_account": "WS2022-LAB01$",
      "subject_domain": "WORKGROUP",
      "subject_security_id": "S-1-5-18",
      "subject_logon_id": "0xE9225",
      "new_logon_account": "testuser5",
      "new_logon_domain": "WS2022-LAB01",
      "new_logon_security_id": "S-1-5-21-1843355061-959072039-615746888-3068",
      "new_logon_logon_id": "0x9E1A6",
      "target_account": null,
      "target_domain": null,
      "target_security_id": null,
      "logon_type": "2",
      "elevated_token": "No",
      "virtual_account": "No",
      "restricted_admin_mode": "-",
      "workstation_name": "WS2022-LAB01",
      "source_network_address": "127.0.0.1",
      "source_port": "0",
      "process_name": "C:\\Windows\\System32\\svchost.exe",
      "failure_reason": null,
      "status": null,
      "substatus": null,
      "logon_process": null,
      "authentication_package": null,
      "privileges": [],
      "scenario_id": "BASELINE-SUCCESS-0352"
    },
    {
      "event_id": 4624,
      "timestamp": "13/06/2026 11:31:32",
      "provider_name": "Microsoft-Windows-Security-Auditing",
      "machine_name": "WIN-H96JM6F374S",
      "message": "An account was successfully logged on.",
      "subject_account": "WIN-H96JM6F374S$",
      "subject_domain": "WORKGROUP",
      "subject_security_id": "S-1-5-18",
      "subject_logon_id": "0xAFC31",
      "new_logon_account": "testuser11",
      "new_logon_domain": "WIN-H96JM6F374S",
      "new_logon_security_id": "S-1-5-21-1843355061-959072039-615746888-8021",
      "new_logon_logon_id": "0x1FE79",
      "target_account": null,
      "target_domain": null,
      "target_security_id": null,
      "logon_type": "2",
      "elevated_token": "No",
      "virtual_account": "No",
      "restricted_admin_mode": "-",
      "workstation_name": "WIN-H96JM6F374S",
      "source_network_address": "127.0.0.1",
      "source_port": "0",
      "process_name": "C:\\Windows\\System32\\svchost.exe",
      "failure_reason": null,
      "status": null,
      "substatus": null,
      "logon_process": null,
      "authentication_package": null,
      "privileges": [],
      "scenario_id": "BASELINE-SUCCESS-0353"
    },
    {
      "event_id": 4624,
      "timestamp": "13/06/2026 11:32:17",
      "provider_name": "Microsoft-Windows-Security-Auditing",
      "machine_name": "WS2022-LAB01",
      "message": "An account was successfully logged on.",
      "subject_account": "WS2022-LAB01$",
      "subject_domain": "WORKGROUP",
      "subject_security_id": "S-1-5-18",
      "subject_logon_id": "0x1B2BB",
      "new_logon_account": "testuser17",
      "new_logon_domain": "WS2022-LAB01",
      "new_logon_security_id": "S-1-5-21-1843355061-959072039-615746888-5303",
      "new_logon_logon_id": "0xEA2F6",
      "target_account": null,
      "target_domain": null,
      "target_security_id": null,
      "logon_type": "2",
      "elevated_token": "No",
      "virtual_account": "No",
      "restricted_admin_mode": "-",
      "workstation_name": "WS2022-LAB01",
      "source_network_address": "10.0.0.169",
      "source_port": "0",
      "process_name": "C:\\Windows\\System32\\svchost.exe",
      "failure_reason": null,
      "status": null,
      "substatus": null,
      "logon_process": null,
      "authentication_package": null,
      "privileges": [],
      "scenario_id": "BASELINE-SUCCESS-0354"
    },
    {
      "event_id": 4624,
      "timestamp": "13/06/2026 11:32:38",
      "provider_name": "Microsoft-Windows-Security-Auditing",
      "machine_name": "WIN-H96JM6F374S",
      "message": "An account was successfully logged on.",
      "subject_account": "WIN-H96JM6F374S$",
      "subject_domain": "WORKGROUP",
      "subject_security_id": "S-1-5-18",
      "subject_logon_id": "0x5C653",
      "new_logon_account": "testuser7",
      "new_logon_domain": "WIN-H96JM6F374S",
      "new_logon_security_id": "S-1-5-21-1843355061-959072039-615746888-9505",
      "new_logon_logon_id": "0xBCAF4",
      "target_account": null,
      "target_domain": null,
      "target_security_id": null,
      "logon_type": "2",
      "elevated_token": "No",
      "virtual_account": "No",
      "restricted_admin_mode": "-",
      "workstation_name": "WIN-H96JM6F374S",
      "source_network_address": "127.0.0.1",
      "source_port": "0",
      "process_name": "C:\\Windows\\System32\\svchost.exe",
      "failure_reason": null,
      "status": null,
      "substatus": null,
      "logon_process": null,
      "authentication_package": null,
      "privileges": [],
      "scenario_id": "BASELINE-SUCCESS-0355"
    },
    {
      "event_id": 4624,
      "timestamp": "13/06/2026 11:33:09",
      "provider_name": "Microsoft-Windows-Security-Auditing",
      "machine_name": "WIN-H96JM6F374S",
      "message": "An account was successfully logged on.",
      "subject_account": "WIN-H96JM6F374S$",
      "subject_domain": "WORKGROUP",
      "subject_security_id": "S-1-5-18",
      "subject_logon_id": "0xE1358",
      "new_logon_account": "testuser14",
      "new_logon_domain": "WIN-H96JM6F374S",
      "new_logon_security_id": "S-1-5-21-1843355061-959072039-615746888-1508",
      "new_logon_logon_id": "0x35C3B",
      "target_account": null,
      "target_domain": null,
      "target_security_id": null,
      "logon_type": "2",
      "elevated_token": "No",
      "virtual_account": "No",
      "restricted_admin_mode": "-",
      "workstation_name": "WIN-H96JM6F374S",
      "source_network_address": "127.0.0.1",
      "source_port": "0",
      "process_name": "C:\\Windows\\System32\\svchost.exe",
      "failure_reason": null,
      "status": null,
      "substatus": null,
      "logon_process": null,
      "authentication_package": null,
      "privileges": [],
      "scenario_id": "BASELINE-SUCCESS-0356"
    },
    {
      "event_id": 4624,
      "timestamp": "13/06/2026 11:33:31",
      "provider_name": "Microsoft-Windows-Security-Auditing",
      "machine_name": "WIN-H96JM6F374S",
      "message": "An account was successfully logged on.",
      "subject_account": "WIN-H96JM6F374S$",
      "subject_domain": "WORKGROUP",
      "subject_security_id": "S-1-5-18",
      "subject_logon_id": "0xE15BD",
      "new_logon_account": "testuser4",
      "new_logon_domain": "WIN-H96JM6F374S",
      "new_logon_security_id": "S-1-5-21-1843355061-959072039-615746888-4054",
      "new_logon_logon_id": "0x9B549",
      "target_account": null,
      "target_domain": null,
      "target_security_id": null,
      "logon_type": "2",
      "elevated_token": "No",
      "virtual_account": "No",
      "restricted_admin_mode": "-",
      "workstation_name": "WIN-H96JM6F374S",
      "source_network_address": "127.0.0.1",
      "source_port": "0",
      "process_name": "C:\\Windows\\System32\\svchost.exe",
      "failure_reason": null,
      "status": null,
      "substatus": null,
      "logon_process": null,
      "authentication_package": null,
      "privileges": [],
      "scenario_id": "BASELINE-SUCCESS-0357"
    },
    {
      "event_id": 4624,
      "timestamp": "13/06/2026 11:33:43",
      "provider_name": "Microsoft-Windows-Security-Auditing",
      "machine_name": "WS2022-LAB02",
      "message": "An account was successfully logged on.",
      "subject_account": "WS2022-LAB02$",
      "subject_domain": "WORKGROUP",
      "subject_security_id": "S-1-5-18",
      "subject_logon_id": "0x8299C",
      "new_logon_account": "testuser14",
      "new_logon_domain": "WS2022-LAB02",
      "new_logon_security_id": "S-1-5-21-1843355061-959072039-615746888-4822",
      "new_logon_logon_id": "0xD97A9",
      "target_account": null,
      "target_domain": null,
      "target_security_id": null,
      "logon_type": "2",
      "elevated_token": "No",
      "virtual_account": "No",
      "restricted_admin_mode": "-",
      "workstation_name": "WS2022-LAB02",
      "source_network_address": "127.0.0.1",
      "source_port": "0",
      "process_name": "C:\\Windows\\System32\\svchost.exe",
      "failure_reason": null,
      "status": null,
      "substatus": null,
      "logon_process": null,
      "authentication_package": null,
      "privileges": [],
      "scenario_id": "BASELINE-SUCCESS-0358"
    },
    {
      "event_id": 4624,
      "timestamp": "13/06/2026 11:34:08",
      "provider_name": "Microsoft-Windows-Security-Auditing",
      "machine_name": "WIN-H96JM6F374S",
      "message": "An account was successfully logged on.",
      "subject_account": "WIN-H96JM6F374S$",
      "subject_domain": "WORKGROUP",
      "subject_security_id": "S-1-5-18",
      "subject_logon_id": "0x3EBA5",
      "new_logon_account": "testuser2",
      "new_logon_domain": "WIN-H96JM6F374S",
      "new_logon_security_id": "S-1-5-21-1843355061-959072039-615746888-9246",
      "new_logon_logon_id": "0xD8738",
      "target_account": null,
      "target_domain": null,
      "target_security_id": null,
      "logon_type": "2",
      "elevated_token": "No",
      "virtual_account": "No",
      "restricted_admin_mode": "-",
      "workstation_name": "WIN-H96JM6F374S",
      "source_network_address": "192.168.56.250",
      "source_port": "0",
      "process_name": "C:\\Windows\\System32\\svchost.exe",
      "failure_reason": null,
      "status": null,
      "substatus": null,
      "logon_process": null,
      "authentication_package": null,
      "privileges": [],
      "scenario_id": "BASELINE-SUCCESS-0359"
    },
    {
      "event_id": 4624,
      "timestamp": "13/06/2026 11:34:33",
      "provider_name": "Microsoft-Windows-Security-Auditing",
      "machine_name": "WS2022-LAB01",
      "message": "An account was successfully logged on.",
      "subject_account": "WS2022-LAB01$",
      "subject_domain": "WORKGROUP",
      "subject_security_id": "S-1-5-18",
      "subject_logon_id": "0xEB337",
      "new_logon_account": "testuser11",
      "new_logon_domain": "WS2022-LAB01",
      "new_logon_security_id": "S-1-5-21-1843355061-959072039-615746888-5337",
      "new_logon_logon_id": "0xD4EAE",
      "target_account": null,
      "target_domain": null,
      "target_security_id": null,
      "logon_type": "2",
      "elevated_token": "No",
      "virtual_account": "No",
      "restricted_admin_mode": "-",
      "workstation_name": "WS2022-LAB01",
      "source_network_address": "127.0.0.1",
      "source_port": "0",
      "process_name": "C:\\Windows\\System32\\svchost.exe",
      "failure_reason": null,
      "status": null,
      "substatus": null,
      "logon_process": null,
      "authentication_package": null,
      "privileges": [],
      "scenario_id": "BASELINE-SUCCESS-0360"
    },
    {
      "event_id": 4624,
      "timestamp": "13/06/2026 11:35:06",
      "provider_name": "Microsoft-Windows-Security-Auditing",
      "machine_name": "WS2022-LAB01",
      "message": "An account was successfully logged on.",
      "subject_account": "WS2022-LAB01$",
      "subject_domain": "WORKGROUP",
      "subject_security_id": "S-1-5-18",
      "subject_logon_id": "0x3D091",
      "new_logon_account": "testuser4",
      "new_logon_domain": "WS2022-LAB01",
      "new_logon_security_id": "S-1-5-21-1843355061-959072039-615746888-4586",
      "new_logon_logon_id": "0xA0163",
      "target_account": null,
      "target_domain": null,
      "target_security_id": null,
      "logon_type": "2",
      "elevated_token": "No",
      "virtual_account": "No",
      "restricted_admin_mode": "-",
      "workstation_name": "WS2022-LAB01",
      "source_network_address": "127.0.0.1",
      "source_port": "0",
      "process_name": "C:\\Windows\\System32\\svchost.exe",
      "failure_reason": null,
      "status": null,
      "substatus": null,
      "logon_process": null,
      "authentication_package": null,
      "privileges": [],
      "scenario_id": "BASELINE-SUCCESS-0361"
    },
    {
      "event_id": 4624,
      "timestamp": "13/06/2026 11:35:17",
      "provider_name": "Microsoft-Windows-Security-Auditing",
      "machine_name": "WS2022-LAB01",
      "message": "An account was successfully logged on.",
      "subject_account": "WS2022-LAB01$",
      "subject_domain": "WORKGROUP",
      "subject_security_id": "S-1-5-18",
      "subject_logon_id": "0x8CAD2",
      "new_logon_account": "testuser13",
      "new_logon_domain": "WS2022-LAB01",
      "new_logon_security_id": "S-1-5-21-1843355061-959072039-615746888-7497",
      "new_logon_logon_id": "0x9951F",
      "target_account": null,
      "target_domain": null,
      "target_security_id": null,
      "logon_type": "2",
      "elevated_token": "No",
      "virtual_account": "No",
      "restricted_admin_mode": "-",
      "workstation_name": "WS2022-LAB01",
      "source_network_address": "192.168.56.149",
      "source_port": "0",
      "process_name": "C:\\Windows\\System32\\svchost.exe",
      "failure_reason": null,
      "status": null,
      "substatus": null,
      "logon_process": null,
      "authentication_package": null,
      "privileges": [],
      "scenario_id": "BASELINE-SUCCESS-0362"
    },
    {
      "event_id": 4624,
      "timestamp": "13/06/2026 11:35:35",
      "provider_name": "Microsoft-Windows-Security-Auditing",
      "machine_name": "WIN-H96JM6F374S",
      "message": "An account was successfully logged on.",
      "subject_account": "WIN-H96JM6F374S$",
      "subject_domain": "WORKGROUP",
      "subject_security_id": "S-1-5-18",
      "subject_logon_id": "0xF3AEE",
      "new_logon_account": "testuser12",
      "new_logon_domain": "WIN-H96JM6F374S",
      "new_logon_security_id": "S-1-5-21-1843355061-959072039-615746888-6971",
      "new_logon_logon_id": "0x7B825",
      "target_account": null,
      "target_domain": null,
      "target_security_id": null,
      "logon_type": "2",
      "elevated_token": "No",
      "virtual_account": "No",
      "restricted_admin_mode": "-",
      "workstation_name": "WIN-H96JM6F374S",
      "source_network_address": "127.0.0.1",
      "source_port": "0",
      "process_name": "C:\\Windows\\System32\\svchost.exe",
      "failure_reason": null,
      "status": null,
      "substatus": null,
      "logon_process": null,
      "authentication_package": null,
      "privileges": [],
      "scenario_id": "BASELINE-SUCCESS-0363"
    },
    {
      "event_id": 4624,
      "timestamp": "13/06/2026 11:36:09",
      "provider_name": "Microsoft-Windows-Security-Auditing",
      "machine_name": "WS2022-LAB02",
      "message": "An account was successfully logged on.",
      "subject_account": "WS2022-LAB02$",
      "subject_domain": "WORKGROUP",
      "subject_security_id": "S-1-5-18",
      "subject_logon_id": "0xCF019",
      "new_logon_account": "testuser16",
      "new_logon_domain": "WS2022-LAB02",
      "new_logon_security_id": "S-1-5-21-1843355061-959072039-615746888-4092",
      "new_logon_logon_id": "0x2CE3F",
      "target_account": null,
      "target_domain": null,
      "target_security_id": null,
      "logon_type": "2",
      "elevated_token": "No",
      "virtual_account": "No",
      "restricted_admin_mode": "-",
      "workstation_name": "WS2022-LAB02",
      "source_network_address": "127.0.0.1",
      "source_port": "0",
      "process_name": "C:\\Windows\\System32\\svchost.exe",
      "failure_reason": null,
      "status": null,
      "substatus": null,
      "logon_process": null,
      "authentication_package": null,
      "privileges": [],
      "scenario_id": "BASELINE-SUCCESS-0364"
    },
    {
      "event_id": 4624,
      "timestamp": "13/06/2026 11:36:28",
      "provider_name": "Microsoft-Windows-Security-Auditing",
      "machine_name": "WS2022-LAB02",
      "message": "An account was successfully logged on.",
      "subject_account": "WS2022-LAB02$",
      "subject_domain": "WORKGROUP",
      "subject_security_id": "S-1-5-18",
      "subject_logon_id": "0xA4BDE",
      "new_logon_account": "testuser15",
      "new_logon_domain": "WS2022-LAB02",
      "new_logon_security_id": "S-1-5-21-1843355061-959072039-615746888-3120",
      "new_logon_logon_id": "0x295E2",
      "target_account": null,
      "target_domain": null,
      "target_security_id": null,
      "logon_type": "2",
      "elevated_token": "No",
      "virtual_account": "No",
      "restricted_admin_mode": "-",
      "workstation_name": "WS2022-LAB02",
      "source_network_address": "127.0.0.1",
      "source_port": "0",
      "process_name": "C:\\Windows\\System32\\svchost.exe",
      "failure_reason": null,
      "status": null,
      "substatus": null,
      "logon_process": null,
      "authentication_package": null,
      "privileges": [],
      "scenario_id": "BASELINE-SUCCESS-0365"
    },
    {
      "event_id": 4624,
      "timestamp": "13/06/2026 11:36:38",
      "provider_name": "Microsoft-Windows-Security-Auditing",
      "machine_name": "WS2022-LAB02",
      "message": "An account was successfully logged on.",
      "subject_account": "WS2022-LAB02$",
      "subject_domain": "WORKGROUP",
      "subject_security_id": "S-1-5-18",
      "subject_logon_id": "0x1EB3B",
      "new_logon_account": "testuser13",
      "new_logon_domain": "WS2022-LAB02",
      "new_logon_security_id": "S-1-5-21-1843355061-959072039-615746888-3840",
      "new_logon_logon_id": "0x2764A",
      "target_account": null,
      "target_domain": null,
      "target_security_id": null,
      "logon_type": "2",
      "elevated_token": "No",
      "virtual_account": "No",
      "restricted_admin_mode": "-",
      "workstation_name": "WS2022-LAB02",
      "source_network_address": "127.0.0.1",
      "source_port": "0",
      "process_name": "C:\\Windows\\System32\\svchost.exe",
      "failure_reason": null,
      "status": null,
      "substatus": null,
      "logon_process": null,
      "authentication_package": null,
      "privileges": [],
      "scenario_id": "BASELINE-SUCCESS-0366"
    },
    {
      "event_id": 4624,
      "timestamp": "13/06/2026 11:37:10",
      "provider_name": "Microsoft-Windows-Security-Auditing",
      "machine_name": "WS2022-LAB02",
      "message": "An account was successfully logged on.",
      "subject_account": "WS2022-LAB02$",
      "subject_domain": "WORKGROUP",
      "subject_security_id": "S-1-5-18",
      "subject_logon_id": "0x95EBF",
      "new_logon_account": "testuser16",
      "new_logon_domain": "WS2022-LAB02",
      "new_logon_security_id": "S-1-5-21-1843355061-959072039-615746888-5887",
      "new_logon_logon_id": "0xB5B74",
      "target_account": null,
      "target_domain": null,
      "target_security_id": null,
      "logon_type": "2",
      "elevated_token": "No",
      "virtual_account": "No",
      "restricted_admin_mode": "-",
      "workstation_name": "WS2022-LAB02",
      "source_network_address": "127.0.0.1",
      "source_port": "0",
      "process_name": "C:\\Windows\\System32\\svchost.exe",
      "failure_reason": null,
      "status": null,
      "substatus": null,
      "logon_process": null,
      "authentication_package": null,
      "privileges": [],
      "scenario_id": "BASELINE-SUCCESS-0367"
    },
    {
      "event_id": 4624,
      "timestamp": "13/06/2026 11:37:20",
      "provider_name": "Microsoft-Windows-Security-Auditing",
      "machine_name": "WS2022-LAB02",
      "message": "An account was successfully logged on.",
      "subject_account": "WS2022-LAB02$",
      "subject_domain": "WORKGROUP",
      "subject_security_id": "S-1-5-18",
      "subject_logon_id": "0xC2138",
      "new_logon_account": "testuser5",
      "new_logon_domain": "WS2022-LAB02",
      "new_logon_security_id": "S-1-5-21-1843355061-959072039-615746888-2443",
      "new_logon_logon_id": "0x6F5C6",
      "target_account": null,
      "target_domain": null,
      "target_security_id": null,
      "logon_type": "2",
      "elevated_token": "No",
      "virtual_account": "No",
      "restricted_admin_mode": "-",
      "workstation_name": "WS2022-LAB02",
      "source_network_address": "127.0.0.1",
      "source_port": "0",
      "process_name": "C:\\Windows\\System32\\svchost.exe",
      "failure_reason": null,
      "status": null,
      "substatus": null,
      "logon_process": null,
      "authentication_package": null,
      "privileges": [],
      "scenario_id": "BASELINE-SUCCESS-0368"
    },
