TimeCreated  : 13/06/2026 15:16:38
Id           : 4625
ProviderName : Microsoft-Windows-Security-Auditing
MachineName  : WS2022-LAB01
Message      : An account failed to log on.

               Subject:
               	Security ID:		S-1-5-18
               	Account Name:		WS2022-LAB01$
               	Account Domain:		WORKGROUP
               	Logon ID:		0x3E7

               Logon Type:			2

               Account For Which Logon Failed:
               	Security ID:		S-1-5-21-1843355061-959072039-615746888-7981
               	Account Name:		testuser8
               	Account Domain:		WS2022-LAB01

               Failure Information:
               	Failure Reason:		Unknown user name or bad password.
               	Status:		0xC000006D
               	Sub Status:		0xC0000064

               Process Information:
               	Caller Process Name:		C:\Windows\System32\svchost.exe

               Network Information:
               	Workstation Name:		WS2022-LAB01
               	Source Network Address:		10.0.0.138
               	Source Port:		61751

TimeCreated  : 13/06/2026 15:16:48
Id           : 4625
ProviderName : Microsoft-Windows-Security-Auditing
MachineName  : WS2022-LAB02
Message      : An account failed to log on.

               Subject:
               	Security ID:		S-1-5-18
               	Account Name:		WS2022-LAB02$
               	Account Domain:		WORKGROUP
               	Logon ID:		0x3E7

               Logon Type:			2

               Account For Which Logon Failed:
               	Security ID:		S-1-5-21-1843355061-959072039-615746888-4336
               	Account Name:		testuser16
               	Account Domain:		WS2022-LAB02

               Failure Information:
               	Failure Reason:		User not allowed to log on at this computer.
               	Status:		0xC000006E
               	Sub Status:		0x0

               Process Information:
               	Caller Process Name:		C:\Windows\System32\svchost.exe

               Network Information:
               	Workstation Name:		WS2022-LAB02
               	Source Network Address:		192.168.56.198
               	Source Port:		51954

TimeCreated  : 13/06/2026 15:17:14
Id           : 4625
ProviderName : Microsoft-Windows-Security-Auditing
MachineName  : WS2022-LAB01
Message      : An account failed to log on.

               Subject:
               	Security ID:		S-1-5-18
               	Account Name:		WS2022-LAB01$
               	Account Domain:		WORKGROUP
               	Logon ID:		0x3E7

               Logon Type:			2

               Account For Which Logon Failed:
               	Security ID:		S-1-5-21-1843355061-959072039-615746888-5490
               	Account Name:		testuser2
               	Account Domain:		WS2022-LAB01

               Failure Information:
               	Failure Reason:		Unknown user name or bad password.
               	Status:		0xC000006D
               	Sub Status:		0xC0000064

               Process Information:
               	Caller Process Name:		C:\Windows\System32\svchost.exe

               Network Information:
               	Workstation Name:		WS2022-LAB01
               	Source Network Address:		192.168.56.48
               	Source Port:		51101

TimeCreated  : 13/06/2026 15:17:42
Id           : 4625
ProviderName : Microsoft-Windows-Security-Auditing
MachineName  : WIN-H96JM6F374S
Message      : An account failed to log on.

               Subject:
               	Security ID:		S-1-5-18
               	Account Name:		WIN-H96JM6F374S$
               	Account Domain:		WORKGROUP
               	Logon ID:		0x3E7

               Logon Type:			2

               Account For Which Logon Failed:
               	Security ID:		S-1-5-21-1843355061-959072039-615746888-8790
               	Account Name:		testuser17
               	Account Domain:		WIN-H96JM6F374S

               Failure Information:
               	Failure Reason:		Unknown user name or bad password.
               	Status:		0xC000006D
               	Sub Status:		0xC0000064

               Process Information:
               	Caller Process Name:		C:\Windows\System32\svchost.exe

               Network Information:
               	Workstation Name:		WIN-H96JM6F374S
               	Source Network Address:		10.0.0.171
               	Source Port:		52812

TimeCreated  : 13/06/2026 15:18:00
Id           : 4625
ProviderName : Microsoft-Windows-Security-Auditing
MachineName  : WIN-H96JM6F374S
Message      : An account failed to log on.

               Subject:
               	Security ID:		S-1-5-18
               	Account Name:		WIN-H96JM6F374S$
               	Account Domain:		WORKGROUP
               	Logon ID:		0x3E7

               Logon Type:			2

               Account For Which Logon Failed:
               	Security ID:		S-1-5-21-1843355061-959072039-615746888-2982
               	Account Name:		testuser3
               	Account Domain:		WIN-H96JM6F374S

               Failure Information:
               	Failure Reason:		Unknown user name or bad password.
               	Status:		0xC000006D
               	Sub Status:		0xC0000064

               Process Information:
               	Caller Process Name:		C:\Windows\System32\svchost.exe

               Network Information:
               	Workstation Name:		WIN-H96JM6F374S
               	Source Network Address:		192.168.56.70
               	Source Port:		48762

TimeCreated  : 13/06/2026 15:18:11
Id           : 4625
ProviderName : Microsoft-Windows-Security-Auditing
MachineName  : WS2022-LAB01
Message      : An account failed to log on.

               Subject:
               	Security ID:		S-1-5-18
               	Account Name:		WS2022-LAB01$
               	Account Domain:		WORKGROUP
               	Logon ID:		0x3E7

               Logon Type:			2

               Account For Which Logon Failed:
               	Security ID:		S-1-5-21-1843355061-959072039-615746888-2513
               	Account Name:		testuser1
               	Account Domain:		WS2022-LAB01

               Failure Information:
               	Failure Reason:		Unknown user name or bad password.
               	Status:		0xC000006D
               	Sub Status:		0xC0000064

               Process Information:
               	Caller Process Name:		C:\Windows\System32\svchost.exe

               Network Information:
               	Workstation Name:		WS2022-LAB01
               	Source Network Address:		10.0.0.115
               	Source Port:		21452

TimeCreated  : 13/06/2026 15:18:19
Id           : 4625
ProviderName : Microsoft-Windows-Security-Auditing
MachineName  : WS2022-LAB02
Message      : An account failed to log on.

               Subject:
               	Security ID:		S-1-5-18
               	Account Name:		WS2022-LAB02$
               	Account Domain:		WORKGROUP
               	Logon ID:		0x3E7

               Logon Type:			2

               Account For Which Logon Failed:
               	Security ID:		S-1-5-21-1843355061-959072039-615746888-6563
               	Account Name:		testuser5
               	Account Domain:		WS2022-LAB02

               Failure Information:
               	Failure Reason:		User not allowed to log on at this computer.
               	Status:		0xC000006E
               	Sub Status:		0x0

               Process Information:
               	Caller Process Name:		C:\Windows\System32\svchost.exe

               Network Information:
               	Workstation Name:		WS2022-LAB02
               	Source Network Address:		10.0.0.52
               	Source Port:		36653

TimeCreated  : 13/06/2026 15:18:55
Id           : 4625
ProviderName : Microsoft-Windows-Security-Auditing
MachineName  : WIN-H96JM6F374S
Message      : An account failed to log on.

               Subject:
               	Security ID:		S-1-5-18
               	Account Name:		WIN-H96JM6F374S$
               	Account Domain:		WORKGROUP
               	Logon ID:		0x3E7

               Logon Type:			2

               Account For Which Logon Failed:
               	Security ID:		S-1-5-21-1843355061-959072039-615746888-6647
               	Account Name:		testuser19
               	Account Domain:		WIN-H96JM6F374S

               Failure Information:
               	Failure Reason:		User not allowed to log on at this computer.
               	Status:		0xC000006E
               	Sub Status:		0x0

               Process Information:
               	Caller Process Name:		C:\Windows\System32\svchost.exe

               Network Information:
               	Workstation Name:		WIN-H96JM6F374S
               	Source Network Address:		10.0.0.175
               	Source Port:		48513

TimeCreated  : 13/06/2026 15:19:28
Id           : 4625
ProviderName : Microsoft-Windows-Security-Auditing
MachineName  : WS2022-LAB02
Message      : An account failed to log on.

               Subject:
               	Security ID:		S-1-5-18
               	Account Name:		WS2022-LAB02$
               	Account Domain:		WORKGROUP
               	Logon ID:		0x3E7

               Logon Type:			2

               Account For Which Logon Failed:
               	Security ID:		S-1-5-21-1843355061-959072039-615746888-1982
               	Account Name:		testuser9
               	Account Domain:		WS2022-LAB02

               Failure Information:
               	Failure Reason:		User not allowed to log on at this computer.
               	Status:		0xC000006E
               	Sub Status:		0x0

               Process Information:
               	Caller Process Name:		C:\Windows\System32\svchost.exe

               Network Information:
               	Workstation Name:		WS2022-LAB02
               	Source Network Address:		10.0.0.113
               	Source Port:		3088

TimeCreated  : 13/06/2026 15:20:03
Id           : 4625
ProviderName : Microsoft-Windows-Security-Auditing
MachineName  : WS2022-LAB02
Message      : An account failed to log on.

               Subject:
               	Security ID:		S-1-5-18
               	Account Name:		WS2022-LAB02$
               	Account Domain:		WORKGROUP
               	Logon ID:		0x3E7

               Logon Type:			2

               Account For Which Logon Failed:
               	Security ID:		S-1-5-21-1843355061-959072039-615746888-5294
               	Account Name:		testuser14
               	Account Domain:		WS2022-LAB02

               Failure Information:
               	Failure Reason:		User not allowed to log on at this computer.
               	Status:		0xC000006E
               	Sub Status:		0x0

               Process Information:
               	Caller Process Name:		C:\Windows\System32\svchost.exe

               Network Information:
               	Workstation Name:		WS2022-LAB02
               	Source Network Address:		172.16.10.83
               	Source Port:		24358

TimeCreated  : 13/06/2026 15:20:32
Id           : 4625
ProviderName : Microsoft-Windows-Security-Auditing
MachineName  : WIN-H96JM6F374S
Message      : An account failed to log on.

               Subject:
               	Security ID:		S-1-5-18
               	Account Name:		WIN-H96JM6F374S$
               	Account Domain:		WORKGROUP
               	Logon ID:		0x3E7

               Logon Type:			2

               Account For Which Logon Failed:
               	Security ID:		S-1-5-21-1843355061-959072039-615746888-6057
               	Account Name:		testuser8
               	Account Domain:		WIN-H96JM6F374S

               Failure Information:
               	Failure Reason:		Unknown user name or bad password.
               	Status:		0xC000006D
               	Sub Status:		0xC0000064

               Process Information:
               	Caller Process Name:		C:\Windows\System32\svchost.exe

               Network Information:
               	Workstation Name:		WIN-H96JM6F374S
               	Source Network Address:		10.0.0.246
               	Source Port:		51880

TimeCreated  : 13/06/2026 15:20:45
Id           : 4625
ProviderName : Microsoft-Windows-Security-Auditing
MachineName  : WIN-H96JM6F374S
Message      : An account failed to log on.

               Subject:
               	Security ID:		S-1-5-18
               	Account Name:		WIN-H96JM6F374S$
               	Account Domain:		WORKGROUP
               	Logon ID:		0x3E7

               Logon Type:			2

               Account For Which Logon Failed:
               	Security ID:		S-1-5-21-1843355061-959072039-615746888-7577
               	Account Name:		testuser14
               	Account Domain:		WIN-H96JM6F374S

               Failure Information:
               	Failure Reason:		Unknown user name or bad password.
               	Status:		0xC000006D
               	Sub Status:		0xC0000064

               Process Information:
               	Caller Process Name:		C:\Windows\System32\svchost.exe

               Network Information:
               	Workstation Name:		WIN-H96JM6F374S
               	Source Network Address:		172.16.10.195
               	Source Port:		5564

TimeCreated  : 13/06/2026 15:21:09
Id           : 4625
ProviderName : Microsoft-Windows-Security-Auditing
MachineName  : WS2022-LAB01
Message      : An account failed to log on.

               Subject:
               	Security ID:		S-1-5-18
               	Account Name:		WS2022-LAB01$
               	Account Domain:		WORKGROUP
               	Logon ID:		0x3E7

               Logon Type:			2

               Account For Which Logon Failed:
               	Security ID:		S-1-5-21-1843355061-959072039-615746888-2894
               	Account Name:		testuser6
               	Account Domain:		WS2022-LAB01

               Failure Information:
               	Failure Reason:		Unknown user name or bad password.
               	Status:		0xC000006D
               	Sub Status:		0xC0000064

               Process Information:
               	Caller Process Name:		C:\Windows\System32\svchost.exe

               Network Information:
               	Workstation Name:		WS2022-LAB01
               	Source Network Address:		192.168.56.75
               	Source Port:		35856

TimeCreated  : 13/06/2026 15:21:29
Id           : 4625
ProviderName : Microsoft-Windows-Security-Auditing
MachineName  : WS2022-LAB01
Message      : An account failed to log on.

               Subject:
               	Security ID:		S-1-5-18
               	Account Name:		WS2022-LAB01$
               	Account Domain:		WORKGROUP
               	Logon ID:		0x3E7

               Logon Type:			2

               Account For Which Logon Failed:
               	Security ID:		S-1-5-21-1843355061-959072039-615746888-5784
               	Account Name:		testuser16
               	Account Domain:		WS2022-LAB01

               Failure Information:
               	Failure Reason:		User not allowed to log on at this computer.
               	Status:		0xC000006E
               	Sub Status:		0x0

               Process Information:
               	Caller Process Name:		C:\Windows\System32\svchost.exe

               Network Information:
               	Workstation Name:		WS2022-LAB01
               	Source Network Address:		172.16.10.86
               	Source Port:		31502

TimeCreated  : 13/06/2026 15:22:01
Id           : 4625
ProviderName : Microsoft-Windows-Security-Auditing
MachineName  : WIN-H96JM6F374S
Message      : An account failed to log on.

               Subject:
               	Security ID:		S-1-5-18
               	Account Name:		WIN-H96JM6F374S$
               	Account Domain:		WORKGROUP
               	Logon ID:		0x3E7

               Logon Type:			2

               Account For Which Logon Failed:
               	Security ID:		S-1-5-21-1843355061-959072039-615746888-3536
               	Account Name:		testuser1
               	Account Domain:		WIN-H96JM6F374S

               Failure Information:
               	Failure Reason:		User not allowed to log on at this computer.
               	Status:		0xC000006E
               	Sub Status:		0x0

               Process Information:
               	Caller Process Name:		C:\Windows\System32\svchost.exe

               Network Information:
               	Workstation Name:		WIN-H96JM6F374S
               	Source Network Address:		192.168.56.48
               	Source Port:		2439

TimeCreated  : 13/06/2026 15:22:46
Id           : 4625
ProviderName : Microsoft-Windows-Security-Auditing
MachineName  : WS2022-LAB01
Message      : An account failed to log on.

               Subject:
               	Security ID:		S-1-5-18
               	Account Name:		WS2022-LAB01$
               	Account Domain:		WORKGROUP
               	Logon ID:		0x3E7

               Logon Type:			2

               Account For Which Logon Failed:
               	Security ID:		S-1-5-21-1843355061-959072039-615746888-9373
               	Account Name:		testuser9
               	Account Domain:		WS2022-LAB01

               Failure Information:
               	Failure Reason:		Unknown user name or bad password.
               	Status:		0xC000006D
               	Sub Status:		0xC000006A

               Process Information:
               	Caller Process Name:		C:\Windows\System32\svchost.exe

               Network Information:
               	Workstation Name:		WS2022-LAB01
               	Source Network Address:		10.0.0.238
               	Source Port:		15052

TimeCreated  : 13/06/2026 15:23:13
Id           : 4625
ProviderName : Microsoft-Windows-Security-Auditing
MachineName  : WS2022-LAB02
Message      : An account failed to log on.

               Subject:
               	Security ID:		S-1-5-18
               	Account Name:		WS2022-LAB02$
               	Account Domain:		WORKGROUP
               	Logon ID:		0x3E7

               Logon Type:			2

               Account For Which Logon Failed:
               	Security ID:		S-1-5-21-1843355061-959072039-615746888-7490
               	Account Name:		testuser4
               	Account Domain:		WS2022-LAB02

               Failure Information:
               	Failure Reason:		Unknown user name or bad password.
               	Status:		0xC000006D
               	Sub Status:		0xC0000064

               Process Information:
               	Caller Process Name:		C:\Windows\System32\svchost.exe

               Network Information:
               	Workstation Name:		WS2022-LAB02
               	Source Network Address:		192.168.56.254
               	Source Port:		34366

TimeCreated  : 13/06/2026 15:23:51
Id           : 4625
ProviderName : Microsoft-Windows-Security-Auditing
MachineName  : WS2022-LAB01
Message      : An account failed to log on.

               Subject:
               	Security ID:		S-1-5-18
               	Account Name:		WS2022-LAB01$
               	Account Domain:		WORKGROUP
               	Logon ID:		0x3E7

               Logon Type:			2

               Account For Which Logon Failed:
               	Security ID:		S-1-5-21-1843355061-959072039-615746888-2638
               	Account Name:		testuser20
               	Account Domain:		WS2022-LAB01

               Failure Information:
               	Failure Reason:		Unknown user name or bad password.
               	Status:		0xC000006D
               	Sub Status:		0xC000006A

               Process Information:
               	Caller Process Name:		C:\Windows\System32\svchost.exe

               Network Information:
               	Workstation Name:		WS2022-LAB01
               	Source Network Address:		192.168.56.95
               	Source Port:		24299

TimeCreated  : 13/06/2026 15:24:34
Id           : 4625
ProviderName : Microsoft-Windows-Security-Auditing
MachineName  : WS2022-LAB02
Message      : An account failed to log on.

               Subject:
               	Security ID:		S-1-5-18
               	Account Name:		WS2022-LAB02$
               	Account Domain:		WORKGROUP
               	Logon ID:		0x3E7

               Logon Type:			2

               Account For Which Logon Failed:
               	Security ID:		S-1-5-21-1843355061-959072039-615746888-8737
               	Account Name:		testuser4
               	Account Domain:		WS2022-LAB02

               Failure Information:
               	Failure Reason:		Unknown user name or bad password.
               	Status:		0xC000006D
               	Sub Status:		0xC000006A

               Process Information:
               	Caller Process Name:		C:\Windows\System32\svchost.exe

               Network Information:
               	Workstation Name:		WS2022-LAB02
               	Source Network Address:		10.0.0.188
               	Source Port:		62128

TimeCreated  : 13/06/2026 15:24:41
Id           : 4625
ProviderName : Microsoft-Windows-Security-Auditing
MachineName  : WS2022-LAB01
Message      : An account failed to log on.

               Subject:
               	Security ID:		S-1-5-18
               	Account Name:		WS2022-LAB01$
               	Account Domain:		WORKGROUP
               	Logon ID:		0x3E7

               Logon Type:			2

               Account For Which Logon Failed:
               	Security ID:		S-1-5-21-1843355061-959072039-615746888-4645
               	Account Name:		testuser9
               	Account Domain:		WS2022-LAB01

               Failure Information:
               	Failure Reason:		Unknown user name or bad password.
               	Status:		0xC000006D
               	Sub Status:		0xC0000064

               Process Information:
               	Caller Process Name:		C:\Windows\System32\svchost.exe

               Network Information:
               	Workstation Name:		WS2022-LAB01
               	Source Network Address:		172.16.10.145
               	Source Port:		49030

TimeCreated  : 13/06/2026 15:25:01
Id           : 4625
ProviderName : Microsoft-Windows-Security-Auditing
MachineName  : WS2022-LAB01
Message      : An account failed to log on.

               Subject:
               	Security ID:		S-1-5-18
               	Account Name:		WS2022-LAB01$
               	Account Domain:		WORKGROUP
               	Logon ID:		0x3E7

               Logon Type:			2

               Account For Which Logon Failed:
               	Security ID:		S-1-5-21-1843355061-959072039-615746888-4066
               	Account Name:		testuser3
               	Account Domain:		WS2022-LAB01

               Failure Information:
               	Failure Reason:		Unknown user name or bad password.
               	Status:		0xC000006D
               	Sub Status:		0xC0000064

               Process Information:
               	Caller Process Name:		C:\Windows\System32\svchost.exe

               Network Information:
               	Workstation Name:		WS2022-LAB01
               	Source Network Address:		10.0.0.19
               	Source Port:		22366

TimeCreated  : 13/06/2026 15:25:16
Id           : 4625
ProviderName : Microsoft-Windows-Security-Auditing
MachineName  : WS2022-LAB01
Message      : An account failed to log on.

               Subject:
               	Security ID:		S-1-5-18
               	Account Name:		WS2022-LAB01$
               	Account Domain:		WORKGROUP
               	Logon ID:		0x3E7

               Logon Type:			2

               Account For Which Logon Failed:
               	Security ID:		S-1-5-21-1843355061-959072039-615746888-2001
               	Account Name:		testuser17
               	Account Domain:		WS2022-LAB01

               Failure Information:
               	Failure Reason:		Unknown user name or bad password.
               	Status:		0xC000006D
               	Sub Status:		0xC0000064

               Process Information:
               	Caller Process Name:		C:\Windows\System32\svchost.exe

               Network Information:
               	Workstation Name:		WS2022-LAB01
               	Source Network Address:		10.0.0.245
               	Source Port:		13379

TimeCreated  : 13/06/2026 15:25:28
Id           : 4625
ProviderName : Microsoft-Windows-Security-Auditing
MachineName  : WIN-H96JM6F374S
Message      : An account failed to log on.

               Subject:
               	Security ID:		S-1-5-18
               	Account Name:		WIN-H96JM6F374S$
               	Account Domain:		WORKGROUP
               	Logon ID:		0x3E7

               Logon Type:			2

               Account For Which Logon Failed:
               	Security ID:		S-1-5-21-1843355061-959072039-615746888-9076
               	Account Name:		testuser20
               	Account Domain:		WIN-H96JM6F374S

               Failure Information:
               	Failure Reason:		Unknown user name or bad password.
               	Status:		0xC000006D
               	Sub Status:		0xC000006A

               Process Information:
               	Caller Process Name:		C:\Windows\System32\svchost.exe

               Network Information:
               	Workstation Name:		WIN-H96JM6F374S
               	Source Network Address:		192.168.56.43
               	Source Port:		47111

TimeCreated  : 13/06/2026 15:26:00
Id           : 4625
ProviderName : Microsoft-Windows-Security-Auditing
MachineName  : WS2022-LAB01
Message      : An account failed to log on.

               Subject:
               	Security ID:		S-1-5-18
               	Account Name:		WS2022-LAB01$
               	Account Domain:		WORKGROUP
               	Logon ID:		0x3E7

               Logon Type:			2

               Account For Which Logon Failed:
               	Security ID:		S-1-5-21-1843355061-959072039-615746888-2036
               	Account Name:		testuser4
               	Account Domain:		WS2022-LAB01

               Failure Information:
               	Failure Reason:		User not allowed to log on at this computer.
               	Status:		0xC000006E
               	Sub Status:		0x0

               Process Information:
               	Caller Process Name:		C:\Windows\System32\svchost.exe

               Network Information:
               	Workstation Name:		WS2022-LAB01
               	Source Network Address:		10.0.0.214
               	Source Port:		51902

TimeCreated  : 13/06/2026 15:26:37
Id           : 4625
ProviderName : Microsoft-Windows-Security-Auditing
MachineName  : WS2022-LAB01
Message      : An account failed to log on.

               Subject:
               	Security ID:		S-1-5-18
               	Account Name:		WS2022-LAB01$
               	Account Domain:		WORKGROUP
               	Logon ID:		0x3E7

               Logon Type:			2

               Account For Which Logon Failed:
               	Security ID:		S-1-5-21-1843355061-959072039-615746888-1226
               	Account Name:		testuser5
               	Account Domain:		WS2022-LAB01

               Failure Information:
               	Failure Reason:		Unknown user name or bad password.
               	Status:		0xC000006D
               	Sub Status:		0xC0000064

               Process Information:
               	Caller Process Name:		C:\Windows\System32\svchost.exe

               Network Information:
               	Workstation Name:		WS2022-LAB01
               	Source Network Address:		192.168.56.90
               	Source Port:		40373

TimeCreated  : 13/06/2026 15:27:03
Id           : 4625
ProviderName : Microsoft-Windows-Security-Auditing
MachineName  : WS2022-LAB02
Message      : An account failed to log on.

               Subject:
               	Security ID:		S-1-5-18
               	Account Name:		WS2022-LAB02$
               	Account Domain:		WORKGROUP
               	Logon ID:		0x3E7

               Logon Type:			2

               Account For Which Logon Failed:
               	Security ID:		S-1-5-21-1843355061-959072039-615746888-3906
               	Account Name:		testuser15
               	Account Domain:		WS2022-LAB02

               Failure Information:
               	Failure Reason:		Unknown user name or bad password.
               	Status:		0xC000006D
               	Sub Status:		0xC000006A

               Process Information:
               	Caller Process Name:		C:\Windows\System32\svchost.exe

               Network Information:
               	Workstation Name:		WS2022-LAB02
               	Source Network Address:		10.0.0.110
               	Source Port:		1069

TimeCreated  : 13/06/2026 15:27:13
Id           : 4625
ProviderName : Microsoft-Windows-Security-Auditing
MachineName  : WS2022-LAB02
Message      : An account failed to log on.

               Subject:
               	Security ID:		S-1-5-18
               	Account Name:		WS2022-LAB02$
               	Account Domain:		WORKGROUP
               	Logon ID:		0x3E7

               Logon Type:			2

               Account For Which Logon Failed:
               	Security ID:		S-1-5-21-1843355061-959072039-615746888-4073
               	Account Name:		testuser17
               	Account Domain:		WS2022-LAB02

               Failure Information:
               	Failure Reason:		Unknown user name or bad password.
               	Status:		0xC000006D
               	Sub Status:		0xC000006A

               Process Information:
               	Caller Process Name:		C:\Windows\System32\svchost.exe

               Network Information:
               	Workstation Name:		WS2022-LAB02
               	Source Network Address:		192.168.56.79
               	Source Port:		29219

TimeCreated  : 13/06/2026 15:27:48
Id           : 4625
ProviderName : Microsoft-Windows-Security-Auditing
MachineName  : WS2022-LAB01
Message      : An account failed to log on.

               Subject:
               	Security ID:		S-1-5-18
               	Account Name:		WS2022-LAB01$
               	Account Domain:		WORKGROUP
               	Logon ID:		0x3E7

               Logon Type:			2

               Account For Which Logon Failed:
               	Security ID:		S-1-5-21-1843355061-959072039-615746888-4875
               	Account Name:		testuser16
               	Account Domain:		WS2022-LAB01

               Failure Information:
               	Failure Reason:		Unknown user name or bad password.
               	Status:		0xC000006D
               	Sub Status:		0xC000006A

               Process Information:
               	Caller Process Name:		C:\Windows\System32\svchost.exe

               Network Information:
               	Workstation Name:		WS2022-LAB01
               	Source Network Address:		192.168.56.169
               	Source Port:		12803

TimeCreated  : 13/06/2026 15:28:09
Id           : 4625
ProviderName : Microsoft-Windows-Security-Auditing
MachineName  : WS2022-LAB02
Message      : An account failed to log on.

               Subject:
               	Security ID:		S-1-5-18
               	Account Name:		WS2022-LAB02$
               	Account Domain:		WORKGROUP
               	Logon ID:		0x3E7

               Logon Type:			2

               Account For Which Logon Failed:
               	Security ID:		S-1-5-21-1843355061-959072039-615746888-2228
               	Account Name:		testuser20
               	Account Domain:		WS2022-LAB02

               Failure Information:
               	Failure Reason:		Unknown user name or bad password.
               	Status:		0xC000006D
               	Sub Status:		0xC0000064

               Process Information:
               	Caller Process Name:		C:\Windows\System32\svchost.exe

               Network Information:
               	Workstation Name:		WS2022-LAB02
               	Source Network Address:		10.0.0.164
               	Source Port:		20151

TimeCreated  : 13/06/2026 15:28:36
Id           : 4625
ProviderName : Microsoft-Windows-Security-Auditing
MachineName  : WIN-H96JM6F374S
Message      : An account failed to log on.

               Subject:
               	Security ID:		S-1-5-18
               	Account Name:		WIN-H96JM6F374S$
               	Account Domain:		WORKGROUP
               	Logon ID:		0x3E7

               Logon Type:			2

               Account For Which Logon Failed:
               	Security ID:		S-1-5-21-1843355061-959072039-615746888-4248
               	Account Name:		testuser19
               	Account Domain:		WIN-H96JM6F374S

               Failure Information:
               	Failure Reason:		Unknown user name or bad password.
               	Status:		0xC000006D
               	Sub Status:		0xC000006A

               Process Information:
               	Caller Process Name:		C:\Windows\System32\svchost.exe

               Network Information:
               	Workstation Name:		WIN-H96JM6F374S
               	Source Network Address:		172.16.10.112
               	Source Port:		6351

TimeCreated  : 13/06/2026 15:29:14
Id           : 4625
ProviderName : Microsoft-Windows-Security-Auditing
MachineName  : WS2022-LAB02
Message      : An account failed to log on.

               Subject:
               	Security ID:		S-1-5-18
               	Account Name:		WS2022-LAB02$
               	Account Domain:		WORKGROUP
               	Logon ID:		0x3E7

               Logon Type:			2

               Account For Which Logon Failed:
               	Security ID:		S-1-5-21-1843355061-959072039-615746888-4155
               	Account Name:		testuser17
               	Account Domain:		WS2022-LAB02

               Failure Information:
               	Failure Reason:		Unknown user name or bad password.
               	Status:		0xC000006D
               	Sub Status:		0xC0000064

               Process Information:
               	Caller Process Name:		C:\Windows\System32\svchost.exe

               Network Information:
               	Workstation Name:		WS2022-LAB02
               	Source Network Address:		172.16.10.124
               	Source Port:		5057

TimeCreated  : 13/06/2026 15:29:59
Id           : 4625
ProviderName : Microsoft-Windows-Security-Auditing
MachineName  : WS2022-LAB02
Message      : An account failed to log on.

               Subject:
               	Security ID:		S-1-5-18
               	Account Name:		WS2022-LAB02$
               	Account Domain:		WORKGROUP
               	Logon ID:		0x3E7

               Logon Type:			2

               Account For Which Logon Failed:
               	Security ID:		S-1-5-21-1843355061-959072039-615746888-9139
               	Account Name:		testuser7
               	Account Domain:		WS2022-LAB02

               Failure Information:
               	Failure Reason:		Unknown user name or bad password.
               	Status:		0xC000006D
               	Sub Status:		0xC0000064

               Process Information:
               	Caller Process Name:		C:\Windows\System32\svchost.exe

               Network Information:
               	Workstation Name:		WS2022-LAB02
               	Source Network Address:		10.0.0.187
               	Source Port:		36922

TimeCreated  : 13/06/2026 15:30:13
Id           : 4625
ProviderName : Microsoft-Windows-Security-Auditing
MachineName  : WS2022-LAB01
Message      : An account failed to log on.

               Subject:
               	Security ID:		S-1-5-18
               	Account Name:		WS2022-LAB01$
               	Account Domain:		WORKGROUP
               	Logon ID:		0x3E7

               Logon Type:			2

               Account For Which Logon Failed:
               	Security ID:		S-1-5-21-1843355061-959072039-615746888-4272
               	Account Name:		testuser10
               	Account Domain:		WS2022-LAB01

               Failure Information:
               	Failure Reason:		Unknown user name or bad password.
               	Status:		0xC000006D
               	Sub Status:		0xC0000064

               Process Information:
               	Caller Process Name:		C:\Windows\System32\svchost.exe

               Network Information:
               	Workstation Name:		WS2022-LAB01
               	Source Network Address:		172.16.10.80
               	Source Port:		53501

TimeCreated  : 13/06/2026 15:30:21
Id           : 4625
ProviderName : Microsoft-Windows-Security-Auditing
MachineName  : WS2022-LAB01
Message      : An account failed to log on.

               Subject:
               	Security ID:		S-1-5-18
               	Account Name:		WS2022-LAB01$
               	Account Domain:		WORKGROUP
               	Logon ID:		0x3E7

               Logon Type:			2

               Account For Which Logon Failed:
               	Security ID:		S-1-5-21-1843355061-959072039-615746888-7732
               	Account Name:		testuser10
               	Account Domain:		WS2022-LAB01

               Failure Information:
               	Failure Reason:		Unknown user name or bad password.
               	Status:		0xC000006D
               	Sub Status:		0xC0000064

               Process Information:
               	Caller Process Name:		C:\Windows\System32\svchost.exe

               Network Information:
               	Workstation Name:		WS2022-LAB01
               	Source Network Address:		10.0.0.117
               	Source Port:		14631

TimeCreated  : 13/06/2026 15:31:02
Id           : 4625
ProviderName : Microsoft-Windows-Security-Auditing
MachineName  : WIN-H96JM6F374S
Message      : An account failed to log on.

               Subject:
               	Security ID:		S-1-5-18
               	Account Name:		WIN-H96JM6F374S$
               	Account Domain:		WORKGROUP
               	Logon ID:		0x3E7

               Logon Type:			2

               Account For Which Logon Failed:
               	Security ID:		S-1-5-21-1843355061-959072039-615746888-7231
               	Account Name:		testuser17
               	Account Domain:		WIN-H96JM6F374S

               Failure Information:
               	Failure Reason:		Unknown user name or bad password.
               	Status:		0xC000006D
               	Sub Status:		0xC000006A

               Process Information:
               	Caller Process Name:		C:\Windows\System32\svchost.exe

               Network Information:
               	Workstation Name:		WIN-H96JM6F374S
               	Source Network Address:		192.168.56.154
               	Source Port:		61705

TimeCreated  : 13/06/2026 15:31:45
Id           : 4625
ProviderName : Microsoft-Windows-Security-Auditing
MachineName  : WIN-H96JM6F374S
Message      : An account failed to log on.

               Subject:
               	Security ID:		S-1-5-18
               	Account Name:		WIN-H96JM6F374S$
               	Account Domain:		WORKGROUP
               	Logon ID:		0x3E7

               Logon Type:			2

               Account For Which Logon Failed:
               	Security ID:		S-1-5-21-1843355061-959072039-615746888-9263
               	Account Name:		testuser5
               	Account Domain:		WIN-H96JM6F374S

               Failure Information:
               	Failure Reason:		User not allowed to log on at this computer.
               	Status:		0xC000006E
               	Sub Status:		0x0

               Process Information:
               	Caller Process Name:		C:\Windows\System32\svchost.exe

               Network Information:
               	Workstation Name:		WIN-H96JM6F374S
               	Source Network Address:		10.0.0.191
               	Source Port:		53305

TimeCreated  : 13/06/2026 15:32:27
Id           : 4625
ProviderName : Microsoft-Windows-Security-Auditing
MachineName  : WS2022-LAB01
Message      : An account failed to log on.

               Subject:
               	Security ID:		S-1-5-18
               	Account Name:		WS2022-LAB01$
               	Account Domain:		WORKGROUP
               	Logon ID:		0x3E7

               Logon Type:			2

               Account For Which Logon Failed:
               	Security ID:		S-1-5-21-1843355061-959072039-615746888-2102
               	Account Name:		testuser4
               	Account Domain:		WS2022-LAB01

               Failure Information:
               	Failure Reason:		Unknown user name or bad password.
               	Status:		0xC000006D
               	Sub Status:		0xC000006A

               Process Information:
               	Caller Process Name:		C:\Windows\System32\svchost.exe

               Network Information:
               	Workstation Name:		WS2022-LAB01
               	Source Network Address:		192.168.56.41
               	Source Port:		28422

TimeCreated  : 13/06/2026 15:32:58
Id           : 4625
ProviderName : Microsoft-Windows-Security-Auditing
MachineName  : WS2022-LAB02
Message      : An account failed to log on.

               Subject:
               	Security ID:		S-1-5-18
               	Account Name:		WS2022-LAB02$
               	Account Domain:		WORKGROUP
               	Logon ID:		0x3E7

               Logon Type:			2

               Account For Which Logon Failed:
               	Security ID:		S-1-5-21-1843355061-959072039-615746888-6088
               	Account Name:		testuser15
               	Account Domain:		WS2022-LAB02

               Failure Information:
               	Failure Reason:		User not allowed to log on at this computer.
               	Status:		0xC000006E
               	Sub Status:		0x0

               Process Information:
               	Caller Process Name:		C:\Windows\System32\svchost.exe

               Network Information:
               	Workstation Name:		WS2022-LAB02
               	Source Network Address:		172.16.10.86
               	Source Port:		6968

TimeCreated  : 13/06/2026 15:33:13
Id           : 4625
ProviderName : Microsoft-Windows-Security-Auditing
MachineName  : WIN-H96JM6F374S
Message      : An account failed to log on.

               Subject:
               	Security ID:		S-1-5-18
               	Account Name:		WIN-H96JM6F374S$
               	Account Domain:		WORKGROUP
               	Logon ID:		0x3E7

               Logon Type:			2

               Account For Which Logon Failed:
               	Security ID:		S-1-5-21-1843355061-959072039-615746888-8573
               	Account Name:		testuser7
               	Account Domain:		WIN-H96JM6F374S

               Failure Information:
               	Failure Reason:		Unknown user name or bad password.
               	Status:		0xC000006D
               	Sub Status:		0xC0000064

               Process Information:
               	Caller Process Name:		C:\Windows\System32\svchost.exe

               Network Information:
               	Workstation Name:		WIN-H96JM6F374S
               	Source Network Address:		192.168.56.97
               	Source Port:		10450

TimeCreated  : 13/06/2026 15:33:18
Id           : 4625
ProviderName : Microsoft-Windows-Security-Auditing
MachineName  : WS2022-LAB01
Message      : An account failed to log on.

               Subject:
               	Security ID:		S-1-5-18
               	Account Name:		WS2022-LAB01$
               	Account Domain:		WORKGROUP
               	Logon ID:		0x3E7

               Logon Type:			2

               Account For Which Logon Failed:
               	Security ID:		S-1-5-21-1843355061-959072039-615746888-2525
               	Account Name:		testuser2
               	Account Domain:		WS2022-LAB01

               Failure Information:
               	Failure Reason:		Unknown user name or bad password.
               	Status:		0xC000006D
               	Sub Status:		0xC0000064

               Process Information:
               	Caller Process Name:		C:\Windows\System32\svchost.exe

               Network Information:
               	Workstation Name:		WS2022-LAB01
               	Source Network Address:		10.0.0.177
               	Source Port:		8007

TimeCreated  : 13/06/2026 15:33:45
Id           : 4625
ProviderName : Microsoft-Windows-Security-Auditing
MachineName  : WIN-H96JM6F374S
Message      : An account failed to log on.

               Subject:
               	Security ID:		S-1-5-18
               	Account Name:		WIN-H96JM6F374S$
               	Account Domain:		WORKGROUP
               	Logon ID:		0x3E7

               Logon Type:			2

               Account For Which Logon Failed:
               	Security ID:		S-1-5-21-1843355061-959072039-615746888-2895
               	Account Name:		testuser11
               	Account Domain:		WIN-H96JM6F374S

               Failure Information:
               	Failure Reason:		Unknown user name or bad password.
               	Status:		0xC000006D
               	Sub Status:		0xC0000064

               Process Information:
               	Caller Process Name:		C:\Windows\System32\svchost.exe

               Network Information:
               	Workstation Name:		WIN-H96JM6F374S
               	Source Network Address:		172.16.10.14
               	Source Port:		45367

TimeCreated  : 13/06/2026 15:34:10
Id           : 4625
ProviderName : Microsoft-Windows-Security-Auditing
MachineName  : WIN-H96JM6F374S
Message      : An account failed to log on.

               Subject:
               	Security ID:		S-1-5-18
               	Account Name:		WIN-H96JM6F374S$
               	Account Domain:		WORKGROUP
               	Logon ID:		0x3E7

               Logon Type:			2

               Account For Which Logon Failed:
               	Security ID:		S-1-5-21-1843355061-959072039-615746888-2677
               	Account Name:		testuser3
               	Account Domain:		WIN-H96JM6F374S

               Failure Information:
               	Failure Reason:		User not allowed to log on at this computer.
               	Status:		0xC000006E
               	Sub Status:		0x0

               Process Information:
               	Caller Process Name:		C:\Windows\System32\svchost.exe

               Network Information:
               	Workstation Name:		WIN-H96JM6F374S
               	Source Network Address:		192.168.56.125
               	Source Port:		30853

TimeCreated  : 13/06/2026 15:34:34
Id           : 4625
ProviderName : Microsoft-Windows-Security-Auditing
MachineName  : WIN-H96JM6F374S
Message      : An account failed to log on.

               Subject:
               	Security ID:		S-1-5-18
               	Account Name:		WIN-H96JM6F374S$
               	Account Domain:		WORKGROUP
               	Logon ID:		0x3E7

               Logon Type:			2

               Account For Which Logon Failed:
               	Security ID:		S-1-5-21-1843355061-959072039-615746888-8349
               	Account Name:		testuser11
               	Account Domain:		WIN-H96JM6F374S

               Failure Information:
               	Failure Reason:		User not allowed to log on at this computer.
               	Status:		0xC000006E
               	Sub Status:		0x0

               Process Information:
               	Caller Process Name:		C:\Windows\System32\svchost.exe

               Network Information:
               	Workstation Name:		WIN-H96JM6F374S
               	Source Network Address:		172.16.10.219
               	Source Port:		8763

TimeCreated  : 13/06/2026 15:34:50
Id           : 4625
ProviderName : Microsoft-Windows-Security-Auditing
MachineName  : WIN-H96JM6F374S
Message      : An account failed to log on.

               Subject:
               	Security ID:		S-1-5-18
               	Account Name:		WIN-H96JM6F374S$
               	Account Domain:		WORKGROUP
               	Logon ID:		0x3E7

               Logon Type:			2

               Account For Which Logon Failed:
               	Security ID:		S-1-5-21-1843355061-959072039-615746888-7087
               	Account Name:		testuser10
               	Account Domain:		WIN-H96JM6F374S

               Failure Information:
               	Failure Reason:		Unknown user name or bad password.
               	Status:		0xC000006D
               	Sub Status:		0xC0000064

               Process Information:
               	Caller Process Name:		C:\Windows\System32\svchost.exe

               Network Information:
               	Workstation Name:		WIN-H96JM6F374S
               	Source Network Address:		10.0.0.89
               	Source Port:		36291

TimeCreated  : 13/06/2026 15:35:28
Id           : 4625
ProviderName : Microsoft-Windows-Security-Auditing
MachineName  : WS2022-LAB02
Message      : An account failed to log on.

               Subject:
               	Security ID:		S-1-5-18
               	Account Name:		WS2022-LAB02$
               	Account Domain:		WORKGROUP
               	Logon ID:		0x3E7

               Logon Type:			2

               Account For Which Logon Failed:
               	Security ID:		S-1-5-21-1843355061-959072039-615746888-3831
               	Account Name:		testuser3
               	Account Domain:		WS2022-LAB02

               Failure Information:
               	Failure Reason:		Unknown user name or bad password.
               	Status:		0xC000006D
               	Sub Status:		0xC000006A

               Process Information:
               	Caller Process Name:		C:\Windows\System32\svchost.exe

               Network Information:
               	Workstation Name:		WS2022-LAB02
               	Source Network Address:		192.168.56.221
               	Source Port:		17668

TimeCreated  : 13/06/2026 15:36:02
Id           : 4625
ProviderName : Microsoft-Windows-Security-Auditing
MachineName  : WIN-H96JM6F374S
Message      : An account failed to log on.

               Subject:
               	Security ID:		S-1-5-18
               	Account Name:		WIN-H96JM6F374S$
               	Account Domain:		WORKGROUP
               	Logon ID:		0x3E7

               Logon Type:			2

               Account For Which Logon Failed:
               	Security ID:		S-1-5-21-1843355061-959072039-615746888-5359
               	Account Name:		testuser15
               	Account Domain:		WIN-H96JM6F374S

               Failure Information:
               	Failure Reason:		Unknown user name or bad password.
               	Status:		0xC000006D
               	Sub Status:		0xC0000064

               Process Information:
               	Caller Process Name:		C:\Windows\System32\svchost.exe

               Network Information:
               	Workstation Name:		WIN-H96JM6F374S
               	Source Network Address:		172.16.10.55
               	Source Port:		36258

