    {
      "event_id": 4624,
      "timestamp": "13/06/2026 13:58:34",
      "provider_name": "Microsoft-Windows-Security-Auditing",
      "machine_name": "WIN-H96JM6F374S",
      "message": "An account was successfully logged on.",
      "subject_account": "SYSTEM",
      "subject_domain": "NT AUTHORITY",
      "subject_security_id": "S-1-5-18",
      "subject_logon_id": "0x3E7",
      "new_logon_account": "SYSTEM",
      "new_logon_domain": "Window Manager",
      "new_logon_security_id": "S-1-5-90-0-1",
      "new_logon_logon_id": "0x3BE11",
      "target_account": null,
      "target_domain": null,
      "target_security_id": null,
      "logon_type": "5",
      "elevated_token": "Yes",
      "virtual_account": "No",
      "restricted_admin_mode": "-",
      "workstation_name": "WIN-H96JM6F374S",
      "source_network_address": "-",
      "source_port": "0",
      "process_name": "C:\\Windows\\System32\\services.exe",
      "failure_reason": null,
      "status": null,
      "substatus": null,
      "logon_process": null,
      "authentication_package": null,
      "privileges": [],
      "scenario_id": "SYSTEM-NOISE-0312"
    },
    {
      "event_id": 4624,
      "timestamp": "13/06/2026 13:58:58",
      "provider_name": "Microsoft-Windows-Security-Auditing",
      "machine_name": "WIN-H96JM6F374S",
      "message": "An account was successfully logged on.",
      "subject_account": "SYSTEM",
      "subject_domain": "NT AUTHORITY",
      "subject_security_id": "S-1-5-18",
      "subject_logon_id": "0x3E7",
      "new_logon_account": "UMFD-1",
      "new_logon_domain": "Window Manager",
      "new_logon_security_id": "S-1-5-90-0-1",
      "new_logon_logon_id": "0xD8DCF",
      "target_account": null,
      "target_domain": null,
      "target_security_id": null,
      "logon_type": "5",
      "elevated_token": "Yes",
      "virtual_account": "No",
      "restricted_admin_mode": "-",
      "workstation_name": "WIN-H96JM6F374S",
      "source_network_address": "-",
      "source_port": "0",
      "process_name": "C:\\Windows\\System32\\services.exe",
      "failure_reason": null,
      "status": null,
      "substatus": null,
      "logon_process": null,
      "authentication_package": null,
      "privileges": [],
      "scenario_id": "SYSTEM-NOISE-0313"
    },
    {
      "event_id": 4624,
      "timestamp": "13/06/2026 13:59:32",
      "provider_name": "Microsoft-Windows-Security-Auditing",
      "machine_name": "WS2022-LAB02",
      "message": "An account was successfully logged on.",
      "subject_account": "SYSTEM",
      "subject_domain": "NT AUTHORITY",
      "subject_security_id": "S-1-5-18",
      "subject_logon_id": "0x3E7",
      "new_logon_account": "UMFD-1",
      "new_logon_domain": "Window Manager",
      "new_logon_security_id": "S-1-5-90-0-1",
      "new_logon_logon_id": "0xB61A2",
      "target_account": null,
      "target_domain": null,
      "target_security_id": null,
      "logon_type": "5",
      "elevated_token": "Yes",
      "virtual_account": "No",
      "restricted_admin_mode": "-",
      "workstation_name": "WS2022-LAB02",
      "source_network_address": "-",
      "source_port": "0",
      "process_name": "C:\\Windows\\System32\\services.exe",
      "failure_reason": null,
      "status": null,
      "substatus": null,
      "logon_process": null,
      "authentication_package": null,
      "privileges": [],
      "scenario_id": "SYSTEM-NOISE-0314"
    },
    {
      "event_id": 4624,
      "timestamp": "13/06/2026 13:59:37",
      "provider_name": "Microsoft-Windows-Security-Auditing",
      "machine_name": "WS2022-LAB02",
      "message": "An account was successfully logged on.",
      "subject_account": "SYSTEM",
      "subject_domain": "NT AUTHORITY",
      "subject_security_id": "S-1-5-18",
      "subject_logon_id": "0x3E7",
      "new_logon_account": "DWM-2",
      "new_logon_domain": "Window Manager",
      "new_logon_security_id": "S-1-5-90-0-1",
      "new_logon_logon_id": "0xC9913",
      "target_account": null,
      "target_domain": null,
      "target_security_id": null,
      "logon_type": "5",
      "elevated_token": "Yes",
      "virtual_account": "No",
      "restricted_admin_mode": "-",
      "workstation_name": "WS2022-LAB02",
      "source_network_address": "-",
      "source_port": "0",
      "process_name": "C:\\Windows\\System32\\services.exe",
      "failure_reason": null,
      "status": null,
      "substatus": null,
      "logon_process": null,
      "authentication_package": null,
      "privileges": [],
      "scenario_id": "SYSTEM-NOISE-0315"
    },
    {
      "event_id": 4624,
      "timestamp": "13/06/2026 13:59:51",
      "provider_name": "Microsoft-Windows-Security-Auditing",
      "machine_name": "WS2022-LAB02",
      "message": "An account was successfully logged on.",
      "subject_account": "SYSTEM",
      "subject_domain": "NT AUTHORITY",
      "subject_security_id": "S-1-5-18",
      "subject_logon_id": "0x3E7",
      "new_logon_account": "DWM-2",
      "new_logon_domain": "Window Manager",
      "new_logon_security_id": "S-1-5-90-0-1",
      "new_logon_logon_id": "0xBBFF7",
      "target_account": null,
      "target_domain": null,
      "target_security_id": null,
      "logon_type": "5",
      "elevated_token": "Yes",
      "virtual_account": "No",
      "restricted_admin_mode": "-",
      "workstation_name": "WS2022-LAB02",
      "source_network_address": "-",
      "source_port": "0",
      "process_name": "C:\\Windows\\System32\\services.exe",
      "failure_reason": null,
      "status": null,
      "substatus": null,
      "logon_process": null,
      "authentication_package": null,
      "privileges": [],
      "scenario_id": "SYSTEM-NOISE-0316"
    },
    {
      "event_id": 4624,
      "timestamp": "13/06/2026 14:00:16",
      "provider_name": "Microsoft-Windows-Security-Auditing",
      "machine_name": "WIN-H96JM6F374S",
      "message": "An account was successfully logged on.",
      "subject_account": "SYSTEM",
      "subject_domain": "NT AUTHORITY",
      "subject_security_id": "S-1-5-18",
      "subject_logon_id": "0x3E7",
      "new_logon_account": "DWM-1",
      "new_logon_domain": "Window Manager",
      "new_logon_security_id": "S-1-5-90-0-1",
      "new_logon_logon_id": "0x91B89",
      "target_account": null,
      "target_domain": null,
      "target_security_id": null,
      "logon_type": "5",
      "elevated_token": "Yes",
      "virtual_account": "No",
      "restricted_admin_mode": "-",
      "workstation_name": "WIN-H96JM6F374S",
      "source_network_address": "-",
      "source_port": "0",
      "process_name": "C:\\Windows\\System32\\services.exe",
      "failure_reason": null,
      "status": null,
      "substatus": null,
      "logon_process": null,
      "authentication_package": null,
      "privileges": [],
      "scenario_id": "SYSTEM-NOISE-0317"
    },
    {
      "event_id": 4624,
      "timestamp": "13/06/2026 14:00:47",
      "provider_name": "Microsoft-Windows-Security-Auditing",
      "machine_name": "WS2022-LAB02",
      "message": "An account was successfully logged on.",
      "subject_account": "SYSTEM",
      "subject_domain": "NT AUTHORITY",
      "subject_security_id": "S-1-5-18",
      "subject_logon_id": "0x3E7",
      "new_logon_account": "UMFD-1",
      "new_logon_domain": "Window Manager",
      "new_logon_security_id": "S-1-5-90-0-1",
      "new_logon_logon_id": "0xCC2A2",
      "target_account": null,
      "target_domain": null,
      "target_security_id": null,
      "logon_type": "5",
      "elevated_token": "Yes",
      "virtual_account": "No",
      "restricted_admin_mode": "-",
      "workstation_name": "WS2022-LAB02",
      "source_network_address": "-",
      "source_port": "0",
      "process_name": "C:\\Windows\\System32\\services.exe",
      "failure_reason": null,
      "status": null,
      "substatus": null,
      "logon_process": null,
      "authentication_package": null,
      "privileges": [],
      "scenario_id": "SYSTEM-NOISE-0318"
    },
    {
      "event_id": 4624,
      "timestamp": "13/06/2026 14:01:12",
      "provider_name": "Microsoft-Windows-Security-Auditing",
      "machine_name": "WIN-H96JM6F374S",
      "message": "An account was successfully logged on.",
      "subject_account": "SYSTEM",
      "subject_domain": "NT AUTHORITY",
      "subject_security_id": "S-1-5-18",
      "subject_logon_id": "0x3E7",
      "new_logon_account": "DWM-2",
      "new_logon_domain": "Window Manager",
      "new_logon_security_id": "S-1-5-90-0-1",
      "new_logon_logon_id": "0x7E0DA",
      "target_account": null,
      "target_domain": null,
      "target_security_id": null,
      "logon_type": "5",
      "elevated_token": "Yes",
      "virtual_account": "No",
      "restricted_admin_mode": "-",
      "workstation_name": "WIN-H96JM6F374S",
      "source_network_address": "-",
      "source_port": "0",
      "process_name": "C:\\Windows\\System32\\services.exe",
      "failure_reason": null,
      "status": null,
      "substatus": null,
      "logon_process": null,
      "authentication_package": null,
      "privileges": [],
      "scenario_id": "SYSTEM-NOISE-0319"
    },
    {
      "event_id": 4625,
      "timestamp": "13/06/2026 14:01:39",
      "provider_name": "Microsoft-Windows-Security-Auditing",
      "machine_name": "WIN-H96JM6F374S",
      "message": "An account failed to log on.",
      "subject_account": "WIN-H96JM6F374S$",
      "subject_domain": "WORKGROUP",
      "subject_security_id": "S-1-5-18",
      "subject_logon_id": "0x3E7",
      "new_logon_account": null,
      "new_logon_domain": null,
      "new_logon_security_id": null,
      "new_logon_logon_id": null,
      "target_account": "testuser17",
      "target_domain": "WIN-H96JM6F374S",
      "target_security_id": "S-1-5-21-1843355061-959072039-615746888-9438",
      "logon_type": "2",
      "elevated_token": null,
      "virtual_account": null,
      "restricted_admin_mode": null,
      "workstation_name": "WIN-H96JM6F374S",
      "source_network_address": "172.16.10.105",
      "source_port": "6670",
      "process_name": "C:\\Windows\\System32\\svchost.exe",
      "failure_reason": "Unknown user name or bad password.",
      "status": "0xC000006D",
      "substatus": "0xC000006A",
      "logon_process": null,
      "authentication_package": null,
      "privileges": [],
      "scenario_id": "FAILED-SINGLE-0000"
    },
    {
      "event_id": 4625,
      "timestamp": "13/06/2026 14:02:12",
      "provider_name": "Microsoft-Windows-Security-Auditing",
      "machine_name": "WS2022-LAB01",
      "message": "An account failed to log on.",
      "subject_account": "WS2022-LAB01$",
      "subject_domain": "WORKGROUP",
      "subject_security_id": "S-1-5-18",
      "subject_logon_id": "0x3E7",
      "new_logon_account": null,
      "new_logon_domain": null,
      "new_logon_security_id": null,
      "new_logon_logon_id": null,
      "target_account": "testuser3",
      "target_domain": "WS2022-LAB01",
      "target_security_id": "S-1-5-21-1843355061-959072039-615746888-9087",
      "logon_type": "2",
      "elevated_token": null,
      "virtual_account": null,
      "restricted_admin_mode": null,
      "workstation_name": "WS2022-LAB01",
      "source_network_address": "192.168.56.201",
      "source_port": "40879",
      "process_name": "C:\\Windows\\System32\\svchost.exe",
      "failure_reason": "User not allowed to log on at this computer.",
      "status": "0xC000006E",
      "substatus": "0x0",
      "logon_process": null,
      "authentication_package": null,
      "privileges": [],
      "scenario_id": "FAILED-SINGLE-0001"
    },
    {
      "event_id": 4625,
      "timestamp": "13/06/2026 14:02:52",
      "provider_name": "Microsoft-Windows-Security-Auditing",
      "machine_name": "WS2022-LAB02",
      "message": "An account failed to log on.",
      "subject_account": "WS2022-LAB02$",
      "subject_domain": "WORKGROUP",
      "subject_security_id": "S-1-5-18",
      "subject_logon_id": "0x3E7",
      "new_logon_account": null,
      "new_logon_domain": null,
      "new_logon_security_id": null,
      "new_logon_logon_id": null,
      "target_account": "testuser15",
      "target_domain": "WS2022-LAB02",
      "target_security_id": "S-1-5-21-1843355061-959072039-615746888-6641",
      "logon_type": "2",
      "elevated_token": null,
      "virtual_account": null,
      "restricted_admin_mode": null,
      "workstation_name": "WS2022-LAB02",
      "source_network_address": "10.0.0.20",
      "source_port": "58424",
      "process_name": "C:\\Windows\\System32\\svchost.exe",
      "failure_reason": "Unknown user name or bad password.",
      "status": "0xC000006D",
      "substatus": "0xC0000064",
      "logon_process": null,
      "authentication_package": null,
      "privileges": [],
      "scenario_id": "FAILED-SINGLE-0002"
    },
    {
      "event_id": 4625,
      "timestamp": "13/06/2026 14:03:35",
      "provider_name": "Microsoft-Windows-Security-Auditing",
      "machine_name": "WS2022-LAB01",
      "message": "An account failed to log on.",
      "subject_account": "WS2022-LAB01$",
      "subject_domain": "WORKGROUP",
      "subject_security_id": "S-1-5-18",
      "subject_logon_id": "0x3E7",
      "new_logon_account": null,
      "new_logon_domain": null,
      "new_logon_security_id": null,
      "new_logon_logon_id": null,
      "target_account": "testuser1",
      "target_domain": "WS2022-LAB01",
      "target_security_id": "S-1-5-21-1843355061-959072039-615746888-6288",
      "logon_type": "2",
      "elevated_token": null,
      "virtual_account": null,
      "restricted_admin_mode": null,
      "workstation_name": "WS2022-LAB01",
      "source_network_address": "192.168.56.102",
      "source_port": "3299",
      "process_name": "C:\\Windows\\System32\\svchost.exe",
      "failure_reason": "Unknown user name or bad password.",
      "status": "0xC000006D",
      "substatus": "0xC000006A",
      "logon_process": null,
      "authentication_package": null,
      "privileges": [],
      "scenario_id": "FAILED-SINGLE-0003"
    },
    {
      "event_id": 4625,
      "timestamp": "13/06/2026 14:03:47",
      "provider_name": "Microsoft-Windows-Security-Auditing",
      "machine_name": "WS2022-LAB01",
      "message": "An account failed to log on.",
      "subject_account": "WS2022-LAB01$",
      "subject_domain": "WORKGROUP",
      "subject_security_id": "S-1-5-18",
      "subject_logon_id": "0x3E7",
      "new_logon_account": null,
      "new_logon_domain": null,
      "new_logon_security_id": null,
      "new_logon_logon_id": null,
      "target_account": "testuser10",
      "target_domain": "WS2022-LAB01",
      "target_security_id": "S-1-5-21-1843355061-959072039-615746888-1530",
      "logon_type": "2",
      "elevated_token": null,
      "virtual_account": null,
      "restricted_admin_mode": null,
      "workstation_name": "WS2022-LAB01",
      "source_network_address": "172.16.10.23",
      "source_port": "56036",
      "process_name": "C:\\Windows\\System32\\svchost.exe",
      "failure_reason": "User not allowed to log on at this computer.",
      "status": "0xC000006E",
      "substatus": "0x0",
      "logon_process": null,
      "authentication_package": null,
      "privileges": [],
      "scenario_id": "FAILED-SINGLE-0004"
    },
    {
      "event_id": 4625,
      "timestamp": "13/06/2026 14:04:11",
      "provider_name": "Microsoft-Windows-Security-Auditing",
      "machine_name": "WS2022-LAB01",
      "message": "An account failed to log on.",
      "subject_account": "WS2022-LAB01$",
      "subject_domain": "WORKGROUP",
      "subject_security_id": "S-1-5-18",
      "subject_logon_id": "0x3E7",
      "new_logon_account": null,
      "new_logon_domain": null,
      "new_logon_security_id": null,
      "new_logon_logon_id": null,
      "target_account": "testuser20",
      "target_domain": "WS2022-LAB01",
      "target_security_id": "S-1-5-21-1843355061-959072039-615746888-8805",
      "logon_type": "2",
      "elevated_token": null,
      "virtual_account": null,
      "restricted_admin_mode": null,
      "workstation_name": "WS2022-LAB01",
      "source_network_address": "10.0.0.213",
      "source_port": "16709",
      "process_name": "C:\\Windows\\System32\\svchost.exe",
      "failure_reason": "Unknown user name or bad password.",
      "status": "0xC000006D",
      "substatus": "0xC0000064",
      "logon_process": null,
      "authentication_package": null,
      "privileges": [],
      "scenario_id": "FAILED-SINGLE-0005"
    },
    {
      "event_id": 4625,
      "timestamp": "13/06/2026 14:04:34",
      "provider_name": "Microsoft-Windows-Security-Auditing",
      "machine_name": "WS2022-LAB01",
      "message": "An account failed to log on.",
      "subject_account": "WS2022-LAB01$",
      "subject_domain": "WORKGROUP",
      "subject_security_id": "S-1-5-18",
      "subject_logon_id": "0x3E7",
      "new_logon_account": null,
      "new_logon_domain": null,
      "new_logon_security_id": null,
      "new_logon_logon_id": null,
      "target_account": "testuser10",
      "target_domain": "WS2022-LAB01",
      "target_security_id": "S-1-5-21-1843355061-959072039-615746888-5683",
      "logon_type": "2",
      "elevated_token": null,
      "virtual_account": null,
      "restricted_admin_mode": null,
      "workstation_name": "WS2022-LAB01",
      "source_network_address": "172.16.10.217",
      "source_port": "5499",
      "process_name": "C:\\Windows\\System32\\svchost.exe",
      "failure_reason": "Unknown user name or bad password.",
      "status": "0xC000006D",
      "substatus": "0xC0000064",
      "logon_process": null,
      "authentication_package": null,
      "privileges": [],
      "scenario_id": "FAILED-SINGLE-0006"
    },
    {
      "event_id": 4625,
      "timestamp": "13/06/2026 14:04:44",
      "provider_name": "Microsoft-Windows-Security-Auditing",
      "machine_name": "WS2022-LAB02",
      "message": "An account failed to log on.",
      "subject_account": "WS2022-LAB02$",
      "subject_domain": "WORKGROUP",
      "subject_security_id": "S-1-5-18",
      "subject_logon_id": "0x3E7",
      "new_logon_account": null,
      "new_logon_domain": null,
      "new_logon_security_id": null,
      "new_logon_logon_id": null,
      "target_account": "testuser14",
      "target_domain": "WS2022-LAB02",
      "target_security_id": "S-1-5-21-1843355061-959072039-615746888-4996",
      "logon_type": "2",
      "elevated_token": null,
      "virtual_account": null,
      "restricted_admin_mode": null,
      "workstation_name": "WS2022-LAB02",
      "source_network_address": "10.0.0.140",
      "source_port": "31038",
      "process_name": "C:\\Windows\\System32\\svchost.exe",
      "failure_reason": "User not allowed to log on at this computer.",
      "status": "0xC000006E",
      "substatus": "0x0",
      "logon_process": null,
      "authentication_package": null,
      "privileges": [],
      "scenario_id": "FAILED-SINGLE-0007"
    },
    {
      "event_id": 4625,
      "timestamp": "13/06/2026 14:05:11",
      "provider_name": "Microsoft-Windows-Security-Auditing",
      "machine_name": "WS2022-LAB01",
      "message": "An account failed to log on.",
      "subject_account": "WS2022-LAB01$",
      "subject_domain": "WORKGROUP",
      "subject_security_id": "S-1-5-18",
      "subject_logon_id": "0x3E7",
      "new_logon_account": null,
      "new_logon_domain": null,
      "new_logon_security_id": null,
      "new_logon_logon_id": null,
      "target_account": "testuser20",
      "target_domain": "WS2022-LAB01",
      "target_security_id": "S-1-5-21-1843355061-959072039-615746888-9188",
      "logon_type": "2",
      "elevated_token": null,
      "virtual_account": null,
      "restricted_admin_mode": null,
      "workstation_name": "WS2022-LAB01",
      "source_network_address": "10.0.0.110",
      "source_port": "46544",
      "process_name": "C:\\Windows\\System32\\svchost.exe",
      "failure_reason": "Unknown user name or bad password.",
      "status": "0xC000006D",
      "substatus": "0xC000006A",
      "logon_process": null,
      "authentication_package": null,
      "privileges": [],
      "scenario_id": "FAILED-SINGLE-0008"
    },
    {
      "event_id": 4625,
      "timestamp": "13/06/2026 14:05:25",
      "provider_name": "Microsoft-Windows-Security-Auditing",
      "machine_name": "WIN-H96JM6F374S",
      "message": "An account failed to log on.",
      "subject_account": "WIN-H96JM6F374S$",
      "subject_domain": "WORKGROUP",
      "subject_security_id": "S-1-5-18",
      "subject_logon_id": "0x3E7",
      "new_logon_account": null,
      "new_logon_domain": null,
      "new_logon_security_id": null,
      "new_logon_logon_id": null,
      "target_account": "testuser10",
      "target_domain": "WIN-H96JM6F374S",
      "target_security_id": "S-1-5-21-1843355061-959072039-615746888-4360",
      "logon_type": "2",
      "elevated_token": null,
      "virtual_account": null,
      "restricted_admin_mode": null,
      "workstation_name": "WIN-H96JM6F374S",
      "source_network_address": "192.168.56.213",
      "source_port": "15738",
      "process_name": "C:\\Windows\\System32\\svchost.exe",
      "failure_reason": "User not allowed to log on at this computer.",
      "status": "0xC000006E",
      "substatus": "0x0",
      "logon_process": null,
      "authentication_package": null,
      "privileges": [],
      "scenario_id": "FAILED-SINGLE-0009"
    },
    {
      "event_id": 4625,
      "timestamp": "13/06/2026 14:05:38",
      "provider_name": "Microsoft-Windows-Security-Auditing",
      "machine_name": "WIN-H96JM6F374S",
      "message": "An account failed to log on.",
      "subject_account": "WIN-H96JM6F374S$",
      "subject_domain": "WORKGROUP",
      "subject_security_id": "S-1-5-18",
      "subject_logon_id": "0x3E7",
      "new_logon_account": null,
      "new_logon_domain": null,
      "new_logon_security_id": null,
      "new_logon_logon_id": null,
      "target_account": "testuser19",
      "target_domain": "WIN-H96JM6F374S",
      "target_security_id": "S-1-5-21-1843355061-959072039-615746888-4605",
      "logon_type": "2",
      "elevated_token": null,
      "virtual_account": null,
      "restricted_admin_mode": null,
      "workstation_name": "WIN-H96JM6F374S",
      "source_network_address": "192.168.56.79",
      "source_port": "58244",
      "process_name": "C:\\Windows\\System32\\svchost.exe",
      "failure_reason": "User not allowed to log on at this computer.",
      "status": "0xC000006E",
      "substatus": "0x0",
      "logon_process": null,
      "authentication_package": null,
      "privileges": [],
      "scenario_id": "FAILED-SINGLE-0010"
    },
    {
      "event_id": 4625,
      "timestamp": "13/06/2026 14:06:01",
      "provider_name": "Microsoft-Windows-Security-Auditing",
      "machine_name": "WS2022-LAB02",
      "message": "An account failed to log on.",
      "subject_account": "WS2022-LAB02$",
      "subject_domain": "WORKGROUP",
      "subject_security_id": "S-1-5-18",
      "subject_logon_id": "0x3E7",
      "new_logon_account": null,
      "new_logon_domain": null,
      "new_logon_security_id": null,
      "new_logon_logon_id": null,
      "target_account": "testuser16",
      "target_domain": "WS2022-LAB02",
      "target_security_id": "S-1-5-21-1843355061-959072039-615746888-2019",
      "logon_type": "2",
      "elevated_token": null,
      "virtual_account": null,
      "restricted_admin_mode": null,
      "workstation_name": "WS2022-LAB02",
      "source_network_address": "10.0.0.26",
      "source_port": "54084",
      "process_name": "C:\\Windows\\System32\\svchost.exe",
      "failure_reason": "User not allowed to log on at this computer.",
      "status": "0xC000006E",
      "substatus": "0x0",
      "logon_process": null,
      "authentication_package": null,
      "privileges": [],
      "scenario_id": "FAILED-SINGLE-0011"
    },
    {
      "event_id": 4625,
      "timestamp": "13/06/2026 14:06:37",
      "provider_name": "Microsoft-Windows-Security-Auditing",
      "machine_name": "WS2022-LAB02",
      "message": "An account failed to log on.",
      "subject_account": "WS2022-LAB02$",
      "subject_domain": "WORKGROUP",
      "subject_security_id": "S-1-5-18",
      "subject_logon_id": "0x3E7",
      "new_logon_account": null,
      "new_logon_domain": null,
      "new_logon_security_id": null,
      "new_logon_logon_id": null,
      "target_account": "testuser5",
      "target_domain": "WS2022-LAB02",
      "target_security_id": "S-1-5-21-1843355061-959072039-615746888-2228",
      "logon_type": "2",
      "elevated_token": null,
      "virtual_account": null,
      "restricted_admin_mode": null,
      "workstation_name": "WS2022-LAB02",
      "source_network_address": "172.16.10.81",
      "source_port": "44359",
      "process_name": "C:\\Windows\\System32\\svchost.exe",
      "failure_reason": "Unknown user name or bad password.",
      "status": "0xC000006D",
      "substatus": "0xC000006A",
      "logon_process": null,
      "authentication_package": null,
      "privileges": [],
      "scenario_id": "FAILED-SINGLE-0012"
    },
    {
      "event_id": 4625,
      "timestamp": "13/06/2026 14:06:58",
      "provider_name": "Microsoft-Windows-Security-Auditing",
      "machine_name": "WIN-H96JM6F374S",
      "message": "An account failed to log on.",
      "subject_account": "WIN-H96JM6F374S$",
      "subject_domain": "WORKGROUP",
      "subject_security_id": "S-1-5-18",
      "subject_logon_id": "0x3E7",
      "new_logon_account": null,
      "new_logon_domain": null,
      "new_logon_security_id": null,
      "new_logon_logon_id": null,
      "target_account": "testuser20",
      "target_domain": "WIN-H96JM6F374S",
      "target_security_id": "S-1-5-21-1843355061-959072039-615746888-3446",
      "logon_type": "2",
      "elevated_token": null,
      "virtual_account": null,
      "restricted_admin_mode": null,
      "workstation_name": "WIN-H96JM6F374S",
      "source_network_address": "10.0.0.67",
      "source_port": "22494",
      "process_name": "C:\\Windows\\System32\\svchost.exe",
      "failure_reason": "Unknown user name or bad password.",
      "status": "0xC000006D",
      "substatus": "0xC0000064",
      "logon_process": null,
      "authentication_package": null,
      "privileges": [],
      "scenario_id": "FAILED-SINGLE-0013"
    },
    {
      "event_id": 4625,
      "timestamp": "13/06/2026 14:07:37",
      "provider_name": "Microsoft-Windows-Security-Auditing",
      "machine_name": "WS2022-LAB02",
      "message": "An account failed to log on.",
      "subject_account": "WS2022-LAB02$",
      "subject_domain": "WORKGROUP",
      "subject_security_id": "S-1-5-18",
      "subject_logon_id": "0x3E7",
      "new_logon_account": null,
      "new_logon_domain": null,
      "new_logon_security_id": null,
      "new_logon_logon_id": null,
      "target_account": "testuser19",
      "target_domain": "WS2022-LAB02",
      "target_security_id": "S-1-5-21-1843355061-959072039-615746888-6494",
      "logon_type": "2",
      "elevated_token": null,
      "virtual_account": null,
      "restricted_admin_mode": null,
      "workstation_name": "WS2022-LAB02",
      "source_network_address": "10.0.0.187",
      "source_port": "30731",
      "process_name": "C:\\Windows\\System32\\svchost.exe",
      "failure_reason": "Unknown user name or bad password.",
      "status": "0xC000006D",
      "substatus": "0xC000006A",
      "logon_process": null,
      "authentication_package": null,
      "privileges": [],
      "scenario_id": "FAILED-SINGLE-0014"
    },
    {
      "event_id": 4625,
      "timestamp": "13/06/2026 14:08:21",
      "provider_name": "Microsoft-Windows-Security-Auditing",
      "machine_name": "WS2022-LAB01",
      "message": "An account failed to log on.",
      "subject_account": "WS2022-LAB01$",
      "subject_domain": "WORKGROUP",
      "subject_security_id": "S-1-5-18",
      "subject_logon_id": "0x3E7",
      "new_logon_account": null,
      "new_logon_domain": null,
      "new_logon_security_id": null,
      "new_logon_logon_id": null,
      "target_account": "testuser9",
      "target_domain": "WS2022-LAB01",
      "target_security_id": "S-1-5-21-1843355061-959072039-615746888-5942",
      "logon_type": "2",
      "elevated_token": null,
      "virtual_account": null,
      "restricted_admin_mode": null,
      "workstation_name": "WS2022-LAB01",
      "source_network_address": "172.16.10.142",
      "source_port": "23250",
      "process_name": "C:\\Windows\\System32\\svchost.exe",
      "failure_reason": "Unknown user name or bad password.",
      "status": "0xC000006D",
      "substatus": "0xC0000064",
      "logon_process": null,
      "authentication_package": null,
      "privileges": [],
      "scenario_id": "FAILED-SINGLE-0015"
    },
    {
      "event_id": 4625,
      "timestamp": "13/06/2026 14:09:01",
      "provider_name": "Microsoft-Windows-Security-Auditing",
      "machine_name": "WS2022-LAB01",
      "message": "An account failed to log on.",
      "subject_account": "WS2022-LAB01$",
      "subject_domain": "WORKGROUP",
      "subject_security_id": "S-1-5-18",
      "subject_logon_id": "0x3E7",
      "new_logon_account": null,
      "new_logon_domain": null,
      "new_logon_security_id": null,
      "new_logon_logon_id": null,
      "target_account": "testuser9",
      "target_domain": "WS2022-LAB01",
      "target_security_id": "S-1-5-21-1843355061-959072039-615746888-3683",
      "logon_type": "2",
      "elevated_token": null,
      "virtual_account": null,
      "restricted_admin_mode": null,
      "workstation_name": "WS2022-LAB01",
      "source_network_address": "192.168.56.129",
      "source_port": "33213",
      "process_name": "C:\\Windows\\System32\\svchost.exe",
      "failure_reason": "User not allowed to log on at this computer.",
      "status": "0xC000006E",
      "substatus": "0x0",
      "logon_process": null,
      "authentication_package": null,
      "privileges": [],
      "scenario_id": "FAILED-SINGLE-0016"
    },
    {
      "event_id": 4625,
      "timestamp": "13/06/2026 14:09:40",
      "provider_name": "Microsoft-Windows-Security-Auditing",
      "machine_name": "WIN-H96JM6F374S",
      "message": "An account failed to log on.",
      "subject_account": "WIN-H96JM6F374S$",
      "subject_domain": "WORKGROUP",
      "subject_security_id": "S-1-5-18",
      "subject_logon_id": "0x3E7",
      "new_logon_account": null,
      "new_logon_domain": null,
      "new_logon_security_id": null,
      "new_logon_logon_id": null,
      "target_account": "testuser1",
      "target_domain": "WIN-H96JM6F374S",
      "target_security_id": "S-1-5-21-1843355061-959072039-615746888-5676",
      "logon_type": "2",
      "elevated_token": null,
      "virtual_account": null,
      "restricted_admin_mode": null,
      "workstation_name": "WIN-H96JM6F374S",
      "source_network_address": "192.168.56.71",
      "source_port": "54781",
      "process_name": "C:\\Windows\\System32\\svchost.exe",
      "failure_reason": "Unknown user name or bad password.",
      "status": "0xC000006D",
      "substatus": "0xC000006A",
      "logon_process": null,
      "authentication_package": null,
      "privileges": [],
      "scenario_id": "FAILED-SINGLE-0017"
    },
    {
      "event_id": 4625,
      "timestamp": "13/06/2026 14:09:56",
      "provider_name": "Microsoft-Windows-Security-Auditing",
      "machine_name": "WS2022-LAB01",
      "message": "An account failed to log on.",
      "subject_account": "WS2022-LAB01$",
      "subject_domain": "WORKGROUP",
      "subject_security_id": "S-1-5-18",
      "subject_logon_id": "0x3E7",
      "new_logon_account": null,
      "new_logon_domain": null,
      "new_logon_security_id": null,
      "new_logon_logon_id": null,
      "target_account": "testuser3",
      "target_domain": "WS2022-LAB01",
      "target_security_id": "S-1-5-21-1843355061-959072039-615746888-2913",
      "logon_type": "2",
      "elevated_token": null,
      "virtual_account": null,
      "restricted_admin_mode": null,
      "workstation_name": "WS2022-LAB01",
      "source_network_address": "192.168.56.235",
      "source_port": "50183",
      "process_name": "C:\\Windows\\System32\\svchost.exe",
      "failure_reason": "User not allowed to log on at this computer.",
      "status": "0xC000006E",
      "substatus": "0x0",
      "logon_process": null,
      "authentication_package": null,
      "privileges": [],
      "scenario_id": "FAILED-SINGLE-0018"
    },
    {
      "event_id": 4625,
      "timestamp": "13/06/2026 14:10:10",
      "provider_name": "Microsoft-Windows-Security-Auditing",
      "machine_name": "WS2022-LAB02",
      "message": "An account failed to log on.",
      "subject_account": "WS2022-LAB02$",
      "subject_domain": "WORKGROUP",
      "subject_security_id": "S-1-5-18",
      "subject_logon_id": "0x3E7",
      "new_logon_account": null,
      "new_logon_domain": null,
      "new_logon_security_id": null,
      "new_logon_logon_id": null,
      "target_account": "testuser13",
      "target_domain": "WS2022-LAB02",
      "target_security_id": "S-1-5-21-1843355061-959072039-615746888-2499",
      "logon_type": "2",
      "elevated_token": null,
      "virtual_account": null,
      "restricted_admin_mode": null,
      "workstation_name": "WS2022-LAB02",
      "source_network_address": "10.0.0.144",
      "source_port": "57576",
      "process_name": "C:\\Windows\\System32\\svchost.exe",
      "failure_reason": "User not allowed to log on at this computer.",
      "status": "0xC000006E",
      "substatus": "0x0",
      "logon_process": null,
      "authentication_package": null,
      "privileges": [],
      "scenario_id": "FAILED-SINGLE-0019"
    },
    {
      "event_id": 4625,
      "timestamp": "13/06/2026 14:10:42",
      "provider_name": "Microsoft-Windows-Security-Auditing",
      "machine_name": "WS2022-LAB02",
      "message": "An account failed to log on.",
      "subject_account": "WS2022-LAB02$",
      "subject_domain": "WORKGROUP",
      "subject_security_id": "S-1-5-18",
      "subject_logon_id": "0x3E7",
      "new_logon_account": null,
      "new_logon_domain": null,
      "new_logon_security_id": null,
      "new_logon_logon_id": null,
      "target_account": "testuser9",
      "target_domain": "WS2022-LAB02",
      "target_security_id": "S-1-5-21-1843355061-959072039-615746888-5392",
      "logon_type": "2",
      "elevated_token": null,
      "virtual_account": null,
      "restricted_admin_mode": null,
      "workstation_name": "WS2022-LAB02",
      "source_network_address": "172.16.10.157",
      "source_port": "41064",
      "process_name": "C:\\Windows\\System32\\svchost.exe",
      "failure_reason": "Unknown user name or bad password.",
      "status": "0xC000006D",
      "substatus": "0xC000006A",
      "logon_process": null,
      "authentication_package": null,
      "privileges": [],
      "scenario_id": "FAILED-SINGLE-0020"
    },
    {
      "event_id": 4625,
      "timestamp": "13/06/2026 14:11:22",
      "provider_name": "Microsoft-Windows-Security-Auditing",
      "machine_name": "WS2022-LAB02",
      "message": "An account failed to log on.",
      "subject_account": "WS2022-LAB02$",
      "subject_domain": "WORKGROUP",
      "subject_security_id": "S-1-5-18",
      "subject_logon_id": "0x3E7",
      "new_logon_account": null,
      "new_logon_domain": null,
      "new_logon_security_id": null,
      "new_logon_logon_id": null,
      "target_account": "testuser13",
      "target_domain": "WS2022-LAB02",
      "target_security_id": "S-1-5-21-1843355061-959072039-615746888-7804",
      "logon_type": "2",
      "elevated_token": null,
      "virtual_account": null,
      "restricted_admin_mode": null,
      "workstation_name": "WS2022-LAB02",
      "source_network_address": "10.0.0.42",
      "source_port": "43309",
      "process_name": "C:\\Windows\\System32\\svchost.exe",
      "failure_reason": "Unknown user name or bad password.",
      "status": "0xC000006D",
      "substatus": "0xC0000064",
      "logon_process": null,
      "authentication_package": null,
      "privileges": [],
      "scenario_id": "FAILED-SINGLE-0021"
    },
    {
      "event_id": 4625,
      "timestamp": "13/06/2026 14:11:47",
      "provider_name": "Microsoft-Windows-Security-Auditing",
      "machine_name": "WIN-H96JM6F374S",
      "message": "An account failed to log on.",
      "subject_account": "WIN-H96JM6F374S$",
      "subject_domain": "WORKGROUP",
      "subject_security_id": "S-1-5-18",
      "subject_logon_id": "0x3E7",
      "new_logon_account": null,
      "new_logon_domain": null,
      "new_logon_security_id": null,
      "new_logon_logon_id": null,
      "target_account": "testuser10",
      "target_domain": "WIN-H96JM6F374S",
      "target_security_id": "S-1-5-21-1843355061-959072039-615746888-9090",
      "logon_type": "2",
      "elevated_token": null,
      "virtual_account": null,
      "restricted_admin_mode": null,
      "workstation_name": "WIN-H96JM6F374S",
      "source_network_address": "10.0.0.200",
      "source_port": "23492",
      "process_name": "C:\\Windows\\System32\\svchost.exe",
      "failure_reason": "Unknown user name or bad password.",
      "status": "0xC000006D",
      "substatus": "0xC0000064",
      "logon_process": null,
      "authentication_package": null,
      "privileges": [],
      "scenario_id": "FAILED-SINGLE-0022"
    },
    {
      "event_id": 4625,
      "timestamp": "13/06/2026 14:12:32",
      "provider_name": "Microsoft-Windows-Security-Auditing",
      "machine_name": "WIN-H96JM6F374S",
      "message": "An account failed to log on.",
      "subject_account": "WIN-H96JM6F374S$",
      "subject_domain": "WORKGROUP",
      "subject_security_id": "S-1-5-18",
      "subject_logon_id": "0x3E7",
      "new_logon_account": null,
      "new_logon_domain": null,
      "new_logon_security_id": null,
      "new_logon_logon_id": null,
      "target_account": "testuser18",
      "target_domain": "WIN-H96JM6F374S",
      "target_security_id": "S-1-5-21-1843355061-959072039-615746888-1094",
      "logon_type": "2",
      "elevated_token": null,
      "virtual_account": null,
      "restricted_admin_mode": null,
      "workstation_name": "WIN-H96JM6F374S",
      "source_network_address": "10.0.0.97",
      "source_port": "40050",
      "process_name": "C:\\Windows\\System32\\svchost.exe",
      "failure_reason": "Unknown user name or bad password.",
      "status": "0xC000006D",
      "substatus": "0xC000006A",
      "logon_process": null,
      "authentication_package": null,
      "privileges": [],
      "scenario_id": "FAILED-SINGLE-0023"
    },
    {
      "event_id": 4625,
      "timestamp": "13/06/2026 14:13:16",
      "provider_name": "Microsoft-Windows-Security-Auditing",
      "machine_name": "WS2022-LAB02",
      "message": "An account failed to log on.",
      "subject_account": "WS2022-LAB02$",
      "subject_domain": "WORKGROUP",
      "subject_security_id": "S-1-5-18",
      "subject_logon_id": "0x3E7",
      "new_logon_account": null,
      "new_logon_domain": null,
      "new_logon_security_id": null,
      "new_logon_logon_id": null,
      "target_account": "testuser15",
      "target_domain": "WS2022-LAB02",
      "target_security_id": "S-1-5-21-1843355061-959072039-615746888-4845",
      "logon_type": "2",
      "elevated_token": null,
      "virtual_account": null,
      "restricted_admin_mode": null,
      "workstation_name": "WS2022-LAB02",
      "source_network_address": "192.168.56.134",
      "source_port": "6710",
      "process_name": "C:\\Windows\\System32\\svchost.exe",
      "failure_reason": "Unknown user name or bad password.",
      "status": "0xC000006D",
      "substatus": "0xC000006A",
      "logon_process": null,
      "authentication_package": null,
      "privileges": [],
      "scenario_id": "FAILED-SINGLE-0024"
    },
    {
      "event_id": 4625,
      "timestamp": "13/06/2026 14:13:55",
      "provider_name": "Microsoft-Windows-Security-Auditing",
      "machine_name": "WS2022-LAB02",
      "message": "An account failed to log on.",
      "subject_account": "WS2022-LAB02$",
      "subject_domain": "WORKGROUP",
      "subject_security_id": "S-1-5-18",
      "subject_logon_id": "0x3E7",
      "new_logon_account": null,
      "new_logon_domain": null,
      "new_logon_security_id": null,
      "new_logon_logon_id": null,
      "target_account": "testuser14",
      "target_domain": "WS2022-LAB02",
      "target_security_id": "S-1-5-21-1843355061-959072039-615746888-1766",
      "logon_type": "2",
      "elevated_token": null,
      "virtual_account": null,
      "restricted_admin_mode": null,
      "workstation_name": "WS2022-LAB02",
      "source_network_address": "10.0.0.107",
      "source_port": "60011",
      "process_name": "C:\\Windows\\System32\\svchost.exe",
      "failure_reason": "Unknown user name or bad password.",
      "status": "0xC000006D",
      "substatus": "0xC0000064",
      "logon_process": null,
      "authentication_package": null,
      "privileges": [],
      "scenario_id": "FAILED-SINGLE-0025"
    },
    {
      "event_id": 4625,
      "timestamp": "13/06/2026 14:14:34",
      "provider_name": "Microsoft-Windows-Security-Auditing",
      "machine_name": "WS2022-LAB02",
      "message": "An account failed to log on.",
      "subject_account": "WS2022-LAB02$",
      "subject_domain": "WORKGROUP",
      "subject_security_id": "S-1-5-18",
      "subject_logon_id": "0x3E7",
      "new_logon_account": null,
      "new_logon_domain": null,
      "new_logon_security_id": null,
      "new_logon_logon_id": null,
      "target_account": "testuser3",
      "target_domain": "WS2022-LAB02",
      "target_security_id": "S-1-5-21-1843355061-959072039-615746888-3951",
      "logon_type": "2",
      "elevated_token": null,
      "virtual_account": null,
      "restricted_admin_mode": null,
      "workstation_name": "WS2022-LAB02",
      "source_network_address": "10.0.0.20",
      "source_port": "27898",
      "process_name": "C:\\Windows\\System32\\svchost.exe",
      "failure_reason": "Unknown user name or bad password.",
      "status": "0xC000006D",
      "substatus": "0xC000006A",
      "logon_process": null,
      "authentication_package": null,
      "privileges": [],
      "scenario_id": "FAILED-SINGLE-0026"
    },
    {
      "event_id": 4625,
      "timestamp": "13/06/2026 14:15:12",
      "provider_name": "Microsoft-Windows-Security-Auditing",
      "machine_name": "WIN-H96JM6F374S",
      "message": "An account failed to log on.",
      "subject_account": "WIN-H96JM6F374S$",
      "subject_domain": "WORKGROUP",
      "subject_security_id": "S-1-5-18",
      "subject_logon_id": "0x3E7",
      "new_logon_account": null,
      "new_logon_domain": null,
      "new_logon_security_id": null,
      "new_logon_logon_id": null,
      "target_account": "testuser10",
      "target_domain": "WIN-H96JM6F374S",
      "target_security_id": "S-1-5-21-1843355061-959072039-615746888-6199",
      "logon_type": "2",
      "elevated_token": null,
      "virtual_account": null,
      "restricted_admin_mode": null,
      "workstation_name": "WIN-H96JM6F374S",
      "source_network_address": "192.168.56.111",
      "source_port": "15561",
      "process_name": "C:\\Windows\\System32\\svchost.exe",
      "failure_reason": "User not allowed to log on at this computer.",
      "status": "0xC000006E",
      "substatus": "0x0",
      "logon_process": null,
      "authentication_package": null,
      "privileges": [],
      "scenario_id": "FAILED-SINGLE-0027"
    },
    {
      "event_id": 4625,
      "timestamp": "13/06/2026 14:15:43",
      "provider_name": "Microsoft-Windows-Security-Auditing",
      "machine_name": "WIN-H96JM6F374S",
      "message": "An account failed to log on.",
      "subject_account": "WIN-H96JM6F374S$",
      "subject_domain": "WORKGROUP",
      "subject_security_id": "S-1-5-18",
      "subject_logon_id": "0x3E7",
      "new_logon_account": null,
      "new_logon_domain": null,
      "new_logon_security_id": null,
      "new_logon_logon_id": null,
      "target_account": "testuser8",
      "target_domain": "WIN-H96JM6F374S",
      "target_security_id": "S-1-5-21-1843355061-959072039-615746888-1850",
      "logon_type": "2",
      "elevated_token": null,
      "virtual_account": null,
      "restricted_admin_mode": null,
      "workstation_name": "WIN-H96JM6F374S",
      "source_network_address": "172.16.10.170",
      "source_port": "27263",
      "process_name": "C:\\Windows\\System32\\svchost.exe",
      "failure_reason": "Unknown user name or bad password.",
      "status": "0xC000006D",
      "substatus": "0xC000006A",
      "logon_process": null,
      "authentication_package": null,
      "privileges": [],
      "scenario_id": "FAILED-SINGLE-0028"
    },
    {
      "event_id": 4625,
      "timestamp": "13/06/2026 14:16:21",
      "provider_name": "Microsoft-Windows-Security-Auditing",
      "machine_name": "WS2022-LAB02",
      "message": "An account failed to log on.",
      "subject_account": "WS2022-LAB02$",
      "subject_domain": "WORKGROUP",
      "subject_security_id": "S-1-5-18",
      "subject_logon_id": "0x3E7",
      "new_logon_account": null,
      "new_logon_domain": null,
      "new_logon_security_id": null,
      "new_logon_logon_id": null,
      "target_account": "testuser18",
      "target_domain": "WS2022-LAB02",
      "target_security_id": "S-1-5-21-1843355061-959072039-615746888-7099",
      "logon_type": "2",
      "elevated_token": null,
      "virtual_account": null,
      "restricted_admin_mode": null,
      "workstation_name": "WS2022-LAB02",
      "source_network_address": "192.168.56.75",
      "source_port": "8075",
      "process_name": "C:\\Windows\\System32\\svchost.exe",
      "failure_reason": "User not allowed to log on at this computer.",
      "status": "0xC000006E",
      "substatus": "0x0",
      "logon_process": null,
      "authentication_package": null,
      "privileges": [],
      "scenario_id": "FAILED-SINGLE-0029"
    },
    {
      "event_id": 4625,
      "timestamp": "13/06/2026 14:16:37",
      "provider_name": "Microsoft-Windows-Security-Auditing",
      "machine_name": "WIN-H96JM6F374S",
      "message": "An account failed to log on.",
      "subject_account": "WIN-H96JM6F374S$",
      "subject_domain": "WORKGROUP",
      "subject_security_id": "S-1-5-18",
      "subject_logon_id": "0x3E7",
      "new_logon_account": null,
      "new_logon_domain": null,
      "new_logon_security_id": null,
      "new_logon_logon_id": null,
      "target_account": "testuser8",
      "target_domain": "WIN-H96JM6F374S",
      "target_security_id": "S-1-5-21-1843355061-959072039-615746888-3710",
      "logon_type": "2",
      "elevated_token": null,
      "virtual_account": null,
      "restricted_admin_mode": null,
      "workstation_name": "WIN-H96JM6F374S",
      "source_network_address": "10.0.0.179",
      "source_port": "48776",
      "process_name": "C:\\Windows\\System32\\svchost.exe",
      "failure_reason": "Unknown user name or bad password.",
      "status": "0xC000006D",
      "substatus": "0xC0000064",
      "logon_process": null,
      "authentication_package": null,
      "privileges": [],
      "scenario_id": "FAILED-SINGLE-0030"
    },
    {
      "event_id": 4625,
      "timestamp": "13/06/2026 14:16:59",
      "provider_name": "Microsoft-Windows-Security-Auditing",
      "machine_name": "WS2022-LAB02",
      "message": "An account failed to log on.",
      "subject_account": "WS2022-LAB02$",
      "subject_domain": "WORKGROUP",
      "subject_security_id": "S-1-5-18",
      "subject_logon_id": "0x3E7",
      "new_logon_account": null,
      "new_logon_domain": null,
      "new_logon_security_id": null,
      "new_logon_logon_id": null,
      "target_account": "testuser4",
      "target_domain": "WS2022-LAB02",
      "target_security_id": "S-1-5-21-1843355061-959072039-615746888-2886",
      "logon_type": "2",
      "elevated_token": null,
      "virtual_account": null,
      "restricted_admin_mode": null,
      "workstation_name": "WS2022-LAB02",
      "source_network_address": "192.168.56.220",
      "source_port": "58071",
      "process_name": "C:\\Windows\\System32\\svchost.exe",
      "failure_reason": "Unknown user name or bad password.",
      "status": "0xC000006D",
      "substatus": "0xC0000064",
      "logon_process": null,
      "authentication_package": null,
      "privileges": [],
      "scenario_id": "FAILED-SINGLE-0031"
    },
