TimeCreated  : 13/06/2026 19:40:55
Id           : 4726
ProviderName : Microsoft-Windows-Security-Auditing
MachineName  : WS2022-LAB01
Message      : A user account was deleted.

               Subject:
               	Security ID:		S-1-5-21-1843355061-959072039-615746888-9449
               	Account Name:		opsadmin1
               	Account Domain:		WS2022-LAB01
               	Logon ID:		0x9166F

               Deleted Account:
               	Security ID:		S-1-5-21-1843355061-959072039-615746888-7064
               	Account Name:		tempuser350
               	Account Domain:		WS2022-LAB01

TimeCreated  : 13/06/2026 19:41:18
Id           : 4726
ProviderName : Microsoft-Windows-Security-Auditing
MachineName  : WS2022-LAB02
Message      : A user account was deleted.

               Subject:
               	Security ID:		S-1-5-21-1843355061-959072039-615746888-1668
               	Account Name:		opsadmin1
               	Account Domain:		WS2022-LAB02
               	Logon ID:		0x272FB

               Deleted Account:
               	Security ID:		S-1-5-21-1843355061-959072039-615746888-1034
               	Account Name:		tempuser289
               	Account Domain:		WS2022-LAB02

TimeCreated  : 13/06/2026 19:41:28
Id           : 4726
ProviderName : Microsoft-Windows-Security-Auditing
MachineName  : WS2022-LAB01
Message      : A user account was deleted.

               Subject:
               	Security ID:		S-1-5-21-1843355061-959072039-615746888-8767
               	Account Name:		opsadmin3
               	Account Domain:		WS2022-LAB01
               	Logon ID:		0x29356

               Deleted Account:
               	Security ID:		S-1-5-21-1843355061-959072039-615746888-6728
               	Account Name:		testuser18
               	Account Domain:		WS2022-LAB01

TimeCreated  : 13/06/2026 19:41:44
Id           : 4726
ProviderName : Microsoft-Windows-Security-Auditing
MachineName  : WS2022-LAB02
Message      : A user account was deleted.

               Subject:
               	Security ID:		S-1-5-21-1843355061-959072039-615746888-2958
               	Account Name:		opsadmin3
               	Account Domain:		WS2022-LAB02
               	Logon ID:		0xC4DC4

               Deleted Account:
               	Security ID:		S-1-5-21-1843355061-959072039-615746888-7699
               	Account Name:		tempuser352
               	Account Domain:		WS2022-LAB02

TimeCreated  : 13/06/2026 19:42:27
Id           : 4726
ProviderName : Microsoft-Windows-Security-Auditing
MachineName  : WS2022-LAB02
Message      : A user account was deleted.

               Subject:
               	Security ID:		S-1-5-21-1843355061-959072039-615746888-6014
               	Account Name:		labadmin
               	Account Domain:		WS2022-LAB02
               	Logon ID:		0x7CDDF

               Deleted Account:
               	Security ID:		S-1-5-21-1843355061-959072039-615746888-5792
               	Account Name:		tempuser351
               	Account Domain:		WS2022-LAB02

TimeCreated  : 13/06/2026 19:42:49
Id           : 4726
ProviderName : Microsoft-Windows-Security-Auditing
MachineName  : WS2022-LAB01
Message      : A user account was deleted.

               Subject:
               	Security ID:		S-1-5-21-1843355061-959072039-615746888-9691
               	Account Name:		opsadmin2
               	Account Domain:		WS2022-LAB01
               	Logon ID:		0x20432

               Deleted Account:
               	Security ID:		S-1-5-21-1843355061-959072039-615746888-1469
               	Account Name:		tempuser243
               	Account Domain:		WS2022-LAB01

TimeCreated  : 13/06/2026 19:42:57
Id           : 4726
ProviderName : Microsoft-Windows-Security-Auditing
MachineName  : WIN-H96JM6F374S
Message      : A user account was deleted.

               Subject:
               	Security ID:		S-1-5-21-1843355061-959072039-615746888-1109
               	Account Name:		opsadmin3
               	Account Domain:		WIN-H96JM6F374S
               	Logon ID:		0x3370E

               Deleted Account:
               	Security ID:		S-1-5-21-1843355061-959072039-615746888-9124
               	Account Name:		testuser15
               	Account Domain:		WIN-H96JM6F374S

TimeCreated  : 13/06/2026 19:43:33
Id           : 4726
ProviderName : Microsoft-Windows-Security-Auditing
MachineName  : WIN-H96JM6F374S
Message      : A user account was deleted.

               Subject:
               	Security ID:		S-1-5-21-1843355061-959072039-615746888-4808
               	Account Name:		opsadmin2
               	Account Domain:		WIN-H96JM6F374S
               	Logon ID:		0x6312B

               Deleted Account:
               	Security ID:		S-1-5-21-1843355061-959072039-615746888-8217
               	Account Name:		tempuser366
               	Account Domain:		WIN-H96JM6F374S

TimeCreated  : 13/06/2026 19:44:03
Id           : 4726
ProviderName : Microsoft-Windows-Security-Auditing
MachineName  : WS2022-LAB01
Message      : A user account was deleted.

               Subject:
               	Security ID:		S-1-5-21-1843355061-959072039-615746888-6586
               	Account Name:		opsadmin1
               	Account Domain:		WS2022-LAB01
               	Logon ID:		0xDC333

               Deleted Account:
               	Security ID:		S-1-5-21-1843355061-959072039-615746888-5414
               	Account Name:		tempuser262
               	Account Domain:		WS2022-LAB01

TimeCreated  : 13/06/2026 19:44:33
Id           : 4726
ProviderName : Microsoft-Windows-Security-Auditing
MachineName  : WS2022-LAB01
Message      : A user account was deleted.

               Subject:
               	Security ID:		S-1-5-21-1843355061-959072039-615746888-5811
               	Account Name:		labadmin
               	Account Domain:		WS2022-LAB01
               	Logon ID:		0x23DEE

               Deleted Account:
               	Security ID:		S-1-5-21-1843355061-959072039-615746888-2588
               	Account Name:		tempuser332
               	Account Domain:		WS2022-LAB01

TimeCreated  : 13/06/2026 19:44:49
Id           : 4726
ProviderName : Microsoft-Windows-Security-Auditing
MachineName  : WIN-H96JM6F374S
Message      : A user account was deleted.

               Subject:
               	Security ID:		S-1-5-21-1843355061-959072039-615746888-8347
               	Account Name:		opsadmin1
               	Account Domain:		WIN-H96JM6F374S
               	Logon ID:		0x1601E

               Deleted Account:
               	Security ID:		S-1-5-21-1843355061-959072039-615746888-8040
               	Account Name:		tempuser375
               	Account Domain:		WIN-H96JM6F374S

TimeCreated  : 13/06/2026 19:44:59
Id           : 4726
ProviderName : Microsoft-Windows-Security-Auditing
MachineName  : WIN-H96JM6F374S
Message      : A user account was deleted.

               Subject:
               	Security ID:		S-1-5-21-1843355061-959072039-615746888-2189
               	Account Name:		labadmin
               	Account Domain:		WIN-H96JM6F374S
               	Logon ID:		0xB8EB2

               Deleted Account:
               	Security ID:		S-1-5-21-1843355061-959072039-615746888-2617
               	Account Name:		tempuser308
               	Account Domain:		WIN-H96JM6F374S

TimeCreated  : 13/06/2026 19:45:13
Id           : 4726
ProviderName : Microsoft-Windows-Security-Auditing
MachineName  : WS2022-LAB01
Message      : A user account was deleted.

               Subject:
               	Security ID:		S-1-5-21-1843355061-959072039-615746888-3140
               	Account Name:		opsadmin2
               	Account Domain:		WS2022-LAB01
               	Logon ID:		0x44F02

               Deleted Account:
               	Security ID:		S-1-5-21-1843355061-959072039-615746888-1869
               	Account Name:		tempuser271
               	Account Domain:		WS2022-LAB01

TimeCreated  : 13/06/2026 19:45:22
Id           : 4726
ProviderName : Microsoft-Windows-Security-Auditing
MachineName  : WIN-H96JM6F374S
Message      : A user account was deleted.

               Subject:
               	Security ID:		S-1-5-21-1843355061-959072039-615746888-1392
               	Account Name:		opsadmin3
               	Account Domain:		WIN-H96JM6F374S
               	Logon ID:		0xCD9BF

               Deleted Account:
               	Security ID:		S-1-5-21-1843355061-959072039-615746888-8690
               	Account Name:		tempuser357
               	Account Domain:		WIN-H96JM6F374S

TimeCreated  : 13/06/2026 19:45:27
Id           : 4726
ProviderName : Microsoft-Windows-Security-Auditing
MachineName  : WIN-H96JM6F374S
Message      : A user account was deleted.

               Subject:
               	Security ID:		S-1-5-21-1843355061-959072039-615746888-8824
               	Account Name:		opsadmin3
               	Account Domain:		WIN-H96JM6F374S
               	Logon ID:		0xE4BE9

               Deleted Account:
               	Security ID:		S-1-5-21-1843355061-959072039-615746888-6440
               	Account Name:		tempuser205
               	Account Domain:		WIN-H96JM6F374S

TimeCreated  : 13/06/2026 19:45:36
Id           : 4726
ProviderName : Microsoft-Windows-Security-Auditing
MachineName  : WS2022-LAB01
Message      : A user account was deleted.

               Subject:
               	Security ID:		S-1-5-21-1843355061-959072039-615746888-2729
               	Account Name:		labadmin
               	Account Domain:		WS2022-LAB01
               	Logon ID:		0x4C87F

               Deleted Account:
               	Security ID:		S-1-5-21-1843355061-959072039-615746888-7340
               	Account Name:		testuser6
               	Account Domain:		WS2022-LAB01

TimeCreated  : 13/06/2026 19:45:51
Id           : 4726
ProviderName : Microsoft-Windows-Security-Auditing
MachineName  : WS2022-LAB01
Message      : A user account was deleted.

               Subject:
               	Security ID:		S-1-5-21-1843355061-959072039-615746888-3470
               	Account Name:		opsadmin2
               	Account Domain:		WS2022-LAB01
               	Logon ID:		0x68274

               Deleted Account:
               	Security ID:		S-1-5-21-1843355061-959072039-615746888-2548
               	Account Name:		tempuser216
               	Account Domain:		WS2022-LAB01

TimeCreated  : 13/06/2026 19:46:11
Id           : 4726
ProviderName : Microsoft-Windows-Security-Auditing
MachineName  : WS2022-LAB01
Message      : A user account was deleted.

               Subject:
               	Security ID:		S-1-5-21-1843355061-959072039-615746888-3481
               	Account Name:		opsadmin3
               	Account Domain:		WS2022-LAB01
               	Logon ID:		0xB9598

               Deleted Account:
               	Security ID:		S-1-5-21-1843355061-959072039-615746888-1811
               	Account Name:		tempuser211
               	Account Domain:		WS2022-LAB01

TimeCreated  : 13/06/2026 19:46:39
Id           : 4726
ProviderName : Microsoft-Windows-Security-Auditing
MachineName  : WIN-H96JM6F374S
Message      : A user account was deleted.

               Subject:
               	Security ID:		S-1-5-21-1843355061-959072039-615746888-4883
               	Account Name:		opsadmin2
               	Account Domain:		WIN-H96JM6F374S
               	Logon ID:		0x4252A

               Deleted Account:
               	Security ID:		S-1-5-21-1843355061-959072039-615746888-9429
               	Account Name:		tempuser240
               	Account Domain:		WIN-H96JM6F374S

TimeCreated  : 13/06/2026 19:47:12
Id           : 4726
ProviderName : Microsoft-Windows-Security-Auditing
MachineName  : WS2022-LAB02
Message      : A user account was deleted.

               Subject:
               	Security ID:		S-1-5-21-1843355061-959072039-615746888-2403
               	Account Name:		opsadmin3
               	Account Domain:		WS2022-LAB02
               	Logon ID:		0x4828D

               Deleted Account:
               	Security ID:		S-1-5-21-1843355061-959072039-615746888-3399
               	Account Name:		tempuser229
               	Account Domain:		WS2022-LAB02

TimeCreated  : 13/06/2026 19:47:40
Id           : 4726
ProviderName : Microsoft-Windows-Security-Auditing
MachineName  : WS2022-LAB02
Message      : A user account was deleted.

               Subject:
               	Security ID:		S-1-5-21-1843355061-959072039-615746888-9660
               	Account Name:		opsadmin1
               	Account Domain:		WS2022-LAB02
               	Logon ID:		0x59E74

               Deleted Account:
               	Security ID:		S-1-5-21-1843355061-959072039-615746888-4416
               	Account Name:		testuser8
               	Account Domain:		WS2022-LAB02

TimeCreated  : 13/06/2026 19:48:16
Id           : 4726
ProviderName : Microsoft-Windows-Security-Auditing
MachineName  : WS2022-LAB02
Message      : A user account was deleted.

               Subject:
               	Security ID:		S-1-5-21-1843355061-959072039-615746888-9909
               	Account Name:		opsadmin1
               	Account Domain:		WS2022-LAB02
               	Logon ID:		0x48C4A

               Deleted Account:
               	Security ID:		S-1-5-21-1843355061-959072039-615746888-7514
               	Account Name:		testuser6
               	Account Domain:		WS2022-LAB02

TimeCreated  : 13/06/2026 19:48:46
Id           : 4726
ProviderName : Microsoft-Windows-Security-Auditing
MachineName  : WS2022-LAB02
Message      : A user account was deleted.

               Subject:
               	Security ID:		S-1-5-21-1843355061-959072039-615746888-2738
               	Account Name:		opsadmin2
               	Account Domain:		WS2022-LAB02
               	Logon ID:		0xA6D8E

               Deleted Account:
               	Security ID:		S-1-5-21-1843355061-959072039-615746888-8109
               	Account Name:		tempuser216
               	Account Domain:		WS2022-LAB02

TimeCreated  : 13/06/2026 19:49:00
Id           : 4726
ProviderName : Microsoft-Windows-Security-Auditing
MachineName  : WS2022-LAB02
Message      : A user account was deleted.

               Subject:
               	Security ID:		S-1-5-21-1843355061-959072039-615746888-5294
               	Account Name:		opsadmin1
               	Account Domain:		WS2022-LAB02
               	Logon ID:		0xE599E

               Deleted Account:
               	Security ID:		S-1-5-21-1843355061-959072039-615746888-6225
               	Account Name:		tempuser358
               	Account Domain:		WS2022-LAB02

TimeCreated  : 13/06/2026 19:49:20
Id           : 4726
ProviderName : Microsoft-Windows-Security-Auditing
MachineName  : WIN-H96JM6F374S
Message      : A user account was deleted.

               Subject:
               	Security ID:		S-1-5-21-1843355061-959072039-615746888-9020
               	Account Name:		labadmin
               	Account Domain:		WIN-H96JM6F374S
               	Logon ID:		0x74662

               Deleted Account:
               	Security ID:		S-1-5-21-1843355061-959072039-615746888-6686
               	Account Name:		tempuser321
               	Account Domain:		WIN-H96JM6F374S

TimeCreated  : 13/06/2026 19:49:44
Id           : 4726
ProviderName : Microsoft-Windows-Security-Auditing
MachineName  : WIN-H96JM6F374S
Message      : A user account was deleted.

               Subject:
               	Security ID:		S-1-5-21-1843355061-959072039-615746888-2140
               	Account Name:		opsadmin3
               	Account Domain:		WIN-H96JM6F374S
               	Logon ID:		0x20249

               Deleted Account:
               	Security ID:		S-1-5-21-1843355061-959072039-615746888-2766
               	Account Name:		tempuser294
               	Account Domain:		WIN-H96JM6F374S

TimeCreated  : 13/06/2026 19:50:08
Id           : 4726
ProviderName : Microsoft-Windows-Security-Auditing
MachineName  : WS2022-LAB02
Message      : A user account was deleted.

               Subject:
               	Security ID:		S-1-5-21-1843355061-959072039-615746888-8964
               	Account Name:		opsadmin2
               	Account Domain:		WS2022-LAB02
               	Logon ID:		0xEC4A5

               Deleted Account:
               	Security ID:		S-1-5-21-1843355061-959072039-615746888-7179
               	Account Name:		tempuser350
               	Account Domain:		WS2022-LAB02

TimeCreated  : 13/06/2026 19:50:13
Id           : 4726
ProviderName : Microsoft-Windows-Security-Auditing
MachineName  : WS2022-LAB01
Message      : A user account was deleted.

               Subject:
               	Security ID:		S-1-5-21-1843355061-959072039-615746888-6064
               	Account Name:		opsadmin1
               	Account Domain:		WS2022-LAB01
               	Logon ID:		0xB1B58

               Deleted Account:
               	Security ID:		S-1-5-21-1843355061-959072039-615746888-9055
               	Account Name:		tempuser386
               	Account Domain:		WS2022-LAB01

TimeCreated  : 13/06/2026 19:50:23
Id           : 4732
ProviderName : Microsoft-Windows-Security-Auditing
MachineName  : WS2022-LAB02
Message      : A member was added to a security-enabled local group.

               Subject:
               	Security ID:		S-1-5-21-1843355061-959072039-615746888-3739
               	Account Name:		labadmin
               	Account Domain:		WS2022-LAB02
               	Logon ID:		0x91FE4

               Member:
               	Security ID:		S-1-5-21-1843355061-959072039-615746888-4367
               	Account Name:		labadmin

               Group:
               	Group Name:		Administrators
               	Group Domain:		WS2022-LAB02

TimeCreated  : 13/06/2026 19:50:49
Id           : 4732
ProviderName : Microsoft-Windows-Security-Auditing
MachineName  : WIN-H96JM6F374S
Message      : A member was added to a security-enabled local group.

               Subject:
               	Security ID:		S-1-5-21-1843355061-959072039-615746888-3256
               	Account Name:		labadmin
               	Account Domain:		WIN-H96JM6F374S
               	Logon ID:		0x6A2D4

               Member:
               	Security ID:		S-1-5-21-1843355061-959072039-615746888-8852
               	Account Name:		testuser20

               Group:
               	Group Name:		Remote Desktop Users
               	Group Domain:		WIN-H96JM6F374S

TimeCreated  : 13/06/2026 19:51:26
Id           : 4732
ProviderName : Microsoft-Windows-Security-Auditing
MachineName  : WIN-H96JM6F374S
Message      : A member was added to a security-enabled local group.

               Subject:
               	Security ID:		S-1-5-21-1843355061-959072039-615746888-2024
               	Account Name:		labadmin
               	Account Domain:		WIN-H96JM6F374S
               	Logon ID:		0x726B4

               Member:
               	Security ID:		S-1-5-21-1843355061-959072039-615746888-1708
               	Account Name:		opsadmin3

               Group:
               	Group Name:		Backup Operators
               	Group Domain:		WIN-H96JM6F374S

TimeCreated  : 13/06/2026 19:51:35
Id           : 4732
ProviderName : Microsoft-Windows-Security-Auditing
MachineName  : WIN-H96JM6F374S
Message      : A member was added to a security-enabled local group.

               Subject:
               	Security ID:		S-1-5-21-1843355061-959072039-615746888-5794
               	Account Name:		labadmin
               	Account Domain:		WIN-H96JM6F374S
               	Logon ID:		0x8E727

               Member:
               	Security ID:		S-1-5-21-1843355061-959072039-615746888-1091
               	Account Name:		opsadmin1

               Group:
               	Group Name:		Administrators
               	Group Domain:		WIN-H96JM6F374S

TimeCreated  : 13/06/2026 19:52:09
Id           : 4732
ProviderName : Microsoft-Windows-Security-Auditing
MachineName  : WS2022-LAB02
Message      : A member was added to a security-enabled local group.

               Subject:
               	Security ID:		S-1-5-21-1843355061-959072039-615746888-9193
               	Account Name:		opsadmin2
               	Account Domain:		WS2022-LAB02
               	Logon ID:		0xEC863

               Member:
               	Security ID:		S-1-5-21-1843355061-959072039-615746888-7004
               	Account Name:		testuser4

               Group:
               	Group Name:		Administrators
               	Group Domain:		WS2022-LAB02

TimeCreated  : 13/06/2026 19:52:29
Id           : 4732
ProviderName : Microsoft-Windows-Security-Auditing
MachineName  : WIN-H96JM6F374S
Message      : A member was added to a security-enabled local group.

               Subject:
               	Security ID:		S-1-5-21-1843355061-959072039-615746888-6416
               	Account Name:		opsadmin1
               	Account Domain:		WIN-H96JM6F374S
               	Logon ID:		0x47F31

               Member:
               	Security ID:		S-1-5-21-1843355061-959072039-615746888-7530
               	Account Name:		opsadmin2

               Group:
               	Group Name:		Remote Desktop Users
               	Group Domain:		WIN-H96JM6F374S

TimeCreated  : 13/06/2026 19:52:58
Id           : 4732
ProviderName : Microsoft-Windows-Security-Auditing
MachineName  : WIN-H96JM6F374S
Message      : A member was added to a security-enabled local group.

               Subject:
               	Security ID:		S-1-5-21-1843355061-959072039-615746888-4391
               	Account Name:		opsadmin2
               	Account Domain:		WIN-H96JM6F374S
               	Logon ID:		0x21227

               Member:
               	Security ID:		S-1-5-21-1843355061-959072039-615746888-6460
               	Account Name:		testuser12

               Group:
               	Group Name:		Backup Operators
               	Group Domain:		WIN-H96JM6F374S

TimeCreated  : 13/06/2026 19:53:07
Id           : 4732
ProviderName : Microsoft-Windows-Security-Auditing
MachineName  : WIN-H96JM6F374S
Message      : A member was added to a security-enabled local group.

               Subject:
               	Security ID:		S-1-5-21-1843355061-959072039-615746888-3461
               	Account Name:		opsadmin2
               	Account Domain:		WIN-H96JM6F374S
               	Logon ID:		0x5164B

               Member:
               	Security ID:		S-1-5-21-1843355061-959072039-615746888-8881
               	Account Name:		testuser6

               Group:
               	Group Name:		Backup Operators
               	Group Domain:		WIN-H96JM6F374S

TimeCreated  : 13/06/2026 19:53:12
Id           : 4732
ProviderName : Microsoft-Windows-Security-Auditing
MachineName  : WS2022-LAB02
Message      : A member was added to a security-enabled local group.

               Subject:
               	Security ID:		S-1-5-21-1843355061-959072039-615746888-6064
               	Account Name:		opsadmin3
               	Account Domain:		WS2022-LAB02
               	Logon ID:		0x11957

               Member:
               	Security ID:		S-1-5-21-1843355061-959072039-615746888-2656
               	Account Name:		testuser5

               Group:
               	Group Name:		Backup Operators
               	Group Domain:		WS2022-LAB02

TimeCreated  : 13/06/2026 19:53:26
Id           : 4732
ProviderName : Microsoft-Windows-Security-Auditing
MachineName  : WIN-H96JM6F374S
Message      : A member was added to a security-enabled local group.

               Subject:
               	Security ID:		S-1-5-21-1843355061-959072039-615746888-9775
               	Account Name:		opsadmin2
               	Account Domain:		WIN-H96JM6F374S
               	Logon ID:		0x5AF56

               Member:
               	Security ID:		S-1-5-21-1843355061-959072039-615746888-2046
               	Account Name:		opsadmin3

               Group:
               	Group Name:		Remote Desktop Users
               	Group Domain:		WIN-H96JM6F374S

TimeCreated  : 13/06/2026 19:53:48
Id           : 4732
ProviderName : Microsoft-Windows-Security-Auditing
MachineName  : WS2022-LAB02
Message      : A member was added to a security-enabled local group.

               Subject:
               	Security ID:		S-1-5-21-1843355061-959072039-615746888-4183
               	Account Name:		opsadmin1
               	Account Domain:		WS2022-LAB02
               	Logon ID:		0x1A8FC

               Member:
               	Security ID:		S-1-5-21-1843355061-959072039-615746888-1162
               	Account Name:		testuser19

               Group:
               	Group Name:		Remote Desktop Users
               	Group Domain:		WS2022-LAB02

TimeCreated  : 13/06/2026 19:54:15
Id           : 4732
ProviderName : Microsoft-Windows-Security-Auditing
MachineName  : WS2022-LAB02
Message      : A member was added to a security-enabled local group.

               Subject:
               	Security ID:		S-1-5-21-1843355061-959072039-615746888-4016
               	Account Name:		opsadmin3
               	Account Domain:		WS2022-LAB02
               	Logon ID:		0xE1C05

               Member:
               	Security ID:		S-1-5-21-1843355061-959072039-615746888-9954
               	Account Name:		testuser2

               Group:
               	Group Name:		Administrators
               	Group Domain:		WS2022-LAB02

TimeCreated  : 13/06/2026 19:54:38
Id           : 4732
ProviderName : Microsoft-Windows-Security-Auditing
MachineName  : WS2022-LAB02
Message      : A member was added to a security-enabled local group.

               Subject:
               	Security ID:		S-1-5-21-1843355061-959072039-615746888-3832
               	Account Name:		labadmin
               	Account Domain:		WS2022-LAB02
               	Logon ID:		0xF03CB

               Member:
               	Security ID:		S-1-5-21-1843355061-959072039-615746888-1000
               	Account Name:		testuser6

               Group:
               	Group Name:		Administrators
               	Group Domain:		WS2022-LAB02

TimeCreated  : 13/06/2026 19:54:58
Id           : 4732
ProviderName : Microsoft-Windows-Security-Auditing
MachineName  : WS2022-LAB01
Message      : A member was added to a security-enabled local group.

               Subject:
               	Security ID:		S-1-5-21-1843355061-959072039-615746888-5353
               	Account Name:		opsadmin1
               	Account Domain:		WS2022-LAB01
               	Logon ID:		0x1E1C5

               Member:
               	Security ID:		S-1-5-21-1843355061-959072039-615746888-5844
               	Account Name:		testuser7

               Group:
               	Group Name:		Backup Operators
               	Group Domain:		WS2022-LAB01

TimeCreated  : 13/06/2026 19:55:37
Id           : 4732
ProviderName : Microsoft-Windows-Security-Auditing
MachineName  : WS2022-LAB02
Message      : A member was added to a security-enabled local group.

               Subject:
               	Security ID:		S-1-5-21-1843355061-959072039-615746888-2462
               	Account Name:		labadmin
               	Account Domain:		WS2022-LAB02
               	Logon ID:		0x5BD20

               Member:
               	Security ID:		S-1-5-21-1843355061-959072039-615746888-5736
               	Account Name:		testuser1

               Group:
               	Group Name:		Backup Operators
               	Group Domain:		WS2022-LAB02

TimeCreated  : 13/06/2026 19:56:22
Id           : 4732
ProviderName : Microsoft-Windows-Security-Auditing
MachineName  : WIN-H96JM6F374S
Message      : A member was added to a security-enabled local group.

               Subject:
               	Security ID:		S-1-5-21-1843355061-959072039-615746888-6752
               	Account Name:		opsadmin3
               	Account Domain:		WIN-H96JM6F374S
               	Logon ID:		0xBB294

               Member:
               	Security ID:		S-1-5-21-1843355061-959072039-615746888-5080
               	Account Name:		testuser2

               Group:
               	Group Name:		Backup Operators
               	Group Domain:		WIN-H96JM6F374S

TimeCreated  : 13/06/2026 19:56:32
Id           : 4732
ProviderName : Microsoft-Windows-Security-Auditing
MachineName  : WS2022-LAB01
Message      : A member was added to a security-enabled local group.

               Subject:
               	Security ID:		S-1-5-21-1843355061-959072039-615746888-9224
               	Account Name:		labadmin
               	Account Domain:		WS2022-LAB01
               	Logon ID:		0x48113

               Member:
               	Security ID:		S-1-5-21-1843355061-959072039-615746888-1030
               	Account Name:		testuser11

               Group:
               	Group Name:		Remote Desktop Users
               	Group Domain:		WS2022-LAB01

TimeCreated  : 13/06/2026 19:57:06
Id           : 4732
ProviderName : Microsoft-Windows-Security-Auditing
MachineName  : WS2022-LAB01
Message      : A member was added to a security-enabled local group.

               Subject:
               	Security ID:		S-1-5-21-1843355061-959072039-615746888-8139
               	Account Name:		opsadmin1
               	Account Domain:		WS2022-LAB01
               	Logon ID:		0xA9B8B

               Member:
               	Security ID:		S-1-5-21-1843355061-959072039-615746888-2833
               	Account Name:		testuser12

               Group:
               	Group Name:		Remote Desktop Users
               	Group Domain:		WS2022-LAB01

TimeCreated  : 13/06/2026 19:57:25
Id           : 4732
ProviderName : Microsoft-Windows-Security-Auditing
MachineName  : WS2022-LAB02
Message      : A member was added to a security-enabled local group.

               Subject:
               	Security ID:		S-1-5-21-1843355061-959072039-615746888-9940
               	Account Name:		opsadmin2
               	Account Domain:		WS2022-LAB02
               	Logon ID:		0x29F42

               Member:
               	Security ID:		S-1-5-21-1843355061-959072039-615746888-9003
               	Account Name:		testuser1

               Group:
               	Group Name:		Remote Desktop Users
               	Group Domain:		WS2022-LAB02

TimeCreated  : 13/06/2026 19:57:45
Id           : 4732
ProviderName : Microsoft-Windows-Security-Auditing
MachineName  : WS2022-LAB02
Message      : A member was added to a security-enabled local group.

               Subject:
               	Security ID:		S-1-5-21-1843355061-959072039-615746888-1940
               	Account Name:		opsadmin2
               	Account Domain:		WS2022-LAB02
               	Logon ID:		0xD6EB3

               Member:
               	Security ID:		S-1-5-21-1843355061-959072039-615746888-5757
               	Account Name:		testuser16

               Group:
               	Group Name:		Backup Operators
               	Group Domain:		WS2022-LAB02

TimeCreated  : 13/06/2026 19:57:50
Id           : 4732
ProviderName : Microsoft-Windows-Security-Auditing
MachineName  : WS2022-LAB02
Message      : A member was added to a security-enabled local group.

               Subject:
               	Security ID:		S-1-5-21-1843355061-959072039-615746888-3651
               	Account Name:		labadmin
               	Account Domain:		WS2022-LAB02
               	Logon ID:		0x3A027

               Member:
               	Security ID:		S-1-5-21-1843355061-959072039-615746888-8539
               	Account Name:		testuser13

               Group:
               	Group Name:		Administrators
               	Group Domain:		WS2022-LAB02

TimeCreated  : 13/06/2026 19:58:34
Id           : 4732
ProviderName : Microsoft-Windows-Security-Auditing
MachineName  : WS2022-LAB02
Message      : A member was added to a security-enabled local group.

               Subject:
               	Security ID:		S-1-5-21-1843355061-959072039-615746888-7196
               	Account Name:		opsadmin2
               	Account Domain:		WS2022-LAB02
               	Logon ID:		0xBD9D1

               Member:
               	Security ID:		S-1-5-21-1843355061-959072039-615746888-9789
               	Account Name:		testuser8

               Group:
               	Group Name:		Administrators
               	Group Domain:		WS2022-LAB02

TimeCreated  : 13/06/2026 19:59:03
Id           : 4732
ProviderName : Microsoft-Windows-Security-Auditing
MachineName  : WS2022-LAB02
Message      : A member was added to a security-enabled local group.

               Subject:
               	Security ID:		S-1-5-21-1843355061-959072039-615746888-1425
               	Account Name:		opsadmin3
               	Account Domain:		WS2022-LAB02
               	Logon ID:		0xD0242

               Member:
               	Security ID:		S-1-5-21-1843355061-959072039-615746888-8902
               	Account Name:		testuser15

               Group:
               	Group Name:		Remote Desktop Users
               	Group Domain:		WS2022-LAB02

TimeCreated  : 13/06/2026 19:59:11
Id           : 4732
ProviderName : Microsoft-Windows-Security-Auditing
MachineName  : WIN-H96JM6F374S
Message      : A member was added to a security-enabled local group.

               Subject:
               	Security ID:		S-1-5-21-1843355061-959072039-615746888-2841
               	Account Name:		opsadmin1
               	Account Domain:		WIN-H96JM6F374S
               	Logon ID:		0x45A8D

               Member:
               	Security ID:		S-1-5-21-1843355061-959072039-615746888-1704
               	Account Name:		testuser2

               Group:
               	Group Name:		Administrators
               	Group Domain:		WIN-H96JM6F374S

TimeCreated  : 13/06/2026 19:59:38
Id           : 4732
ProviderName : Microsoft-Windows-Security-Auditing
MachineName  : WIN-H96JM6F374S
Message      : A member was added to a security-enabled local group.

               Subject:
               	Security ID:		S-1-5-21-1843355061-959072039-615746888-6493
               	Account Name:		opsadmin2
               	Account Domain:		WIN-H96JM6F374S
               	Logon ID:		0x2F8BB

               Member:
               	Security ID:		S-1-5-21-1843355061-959072039-615746888-4720
               	Account Name:		testuser11

               Group:
               	Group Name:		Administrators
               	Group Domain:		WIN-H96JM6F374S

TimeCreated  : 13/06/2026 20:00:09
Id           : 4732
ProviderName : Microsoft-Windows-Security-Auditing
MachineName  : WS2022-LAB01
Message      : A member was added to a security-enabled local group.

               Subject:
               	Security ID:		S-1-5-21-1843355061-959072039-615746888-2934
               	Account Name:		labadmin
               	Account Domain:		WS2022-LAB01
               	Logon ID:		0x46E1E

               Member:
               	Security ID:		S-1-5-21-1843355061-959072039-615746888-3994
               	Account Name:		testuser13

               Group:
               	Group Name:		Administrators
               	Group Domain:		WS2022-LAB01

TimeCreated  : 13/06/2026 20:00:31
Id           : 4732
ProviderName : Microsoft-Windows-Security-Auditing
MachineName  : WS2022-LAB01
Message      : A member was added to a security-enabled local group.

               Subject:
               	Security ID:		S-1-5-21-1843355061-959072039-615746888-9022
               	Account Name:		labadmin
               	Account Domain:		WS2022-LAB01
               	Logon ID:		0x1A2A8

               Member:
               	Security ID:		S-1-5-21-1843355061-959072039-615746888-9826
               	Account Name:		testuser14

               Group:
               	Group Name:		Remote Desktop Users
               	Group Domain:		WS2022-LAB01

TimeCreated  : 13/06/2026 20:00:54
Id           : 4732
ProviderName : Microsoft-Windows-Security-Auditing
MachineName  : WS2022-LAB01
Message      : A member was added to a security-enabled local group.

               Subject:
               	Security ID:		S-1-5-21-1843355061-959072039-615746888-2758
               	Account Name:		opsadmin3
               	Account Domain:		WS2022-LAB01
               	Logon ID:		0xD69B5

               Member:
               	Security ID:		S-1-5-21-1843355061-959072039-615746888-5414
               	Account Name:		testuser18

               Group:
               	Group Name:		Backup Operators
               	Group Domain:		WS2022-LAB01

TimeCreated  : 13/06/2026 20:01:37
Id           : 4732
ProviderName : Microsoft-Windows-Security-Auditing
MachineName  : WS2022-LAB01
Message      : A member was added to a security-enabled local group.

               Subject:
               	Security ID:		S-1-5-21-1843355061-959072039-615746888-5219
               	Account Name:		opsadmin2
               	Account Domain:		WS2022-LAB01
               	Logon ID:		0xC712B

               Member:
               	Security ID:		S-1-5-21-1843355061-959072039-615746888-4210
               	Account Name:		testuser2

               Group:
               	Group Name:		Remote Desktop Users
               	Group Domain:		WS2022-LAB01

TimeCreated  : 13/06/2026 20:01:45
Id           : 4732
ProviderName : Microsoft-Windows-Security-Auditing
MachineName  : WS2022-LAB02
Message      : A member was added to a security-enabled local group.

               Subject:
               	Security ID:		S-1-5-21-1843355061-959072039-615746888-8431
               	Account Name:		labadmin
               	Account Domain:		WS2022-LAB02
               	Logon ID:		0x966B3

               Member:
               	Security ID:		S-1-5-21-1843355061-959072039-615746888-4596
               	Account Name:		opsadmin3

               Group:
               	Group Name:		Administrators
               	Group Domain:		WS2022-LAB02

TimeCreated  : 13/06/2026 20:02:00
Id           : 4732
ProviderName : Microsoft-Windows-Security-Auditing
MachineName  : WIN-H96JM6F374S
Message      : A member was added to a security-enabled local group.

               Subject:
               	Security ID:		S-1-5-21-1843355061-959072039-615746888-7895
               	Account Name:		opsadmin2
               	Account Domain:		WIN-H96JM6F374S
               	Logon ID:		0x1061C

               Member:
               	Security ID:		S-1-5-21-1843355061-959072039-615746888-5767
               	Account Name:		testuser9

               Group:
               	Group Name:		Administrators
               	Group Domain:		WIN-H96JM6F374S

TimeCreated  : 13/06/2026 20:02:45
Id           : 4732
ProviderName : Microsoft-Windows-Security-Auditing
MachineName  : WIN-H96JM6F374S
Message      : A member was added to a security-enabled local group.

               Subject:
               	Security ID:		S-1-5-21-1843355061-959072039-615746888-4344
               	Account Name:		opsadmin2
               	Account Domain:		WIN-H96JM6F374S
               	Logon ID:		0x313AC

               Member:
               	Security ID:		S-1-5-21-1843355061-959072039-615746888-6553
               	Account Name:		testuser8

               Group:
               	Group Name:		Administrators
               	Group Domain:		WIN-H96JM6F374S

TimeCreated  : 13/06/2026 20:03:11
Id           : 4732
ProviderName : Microsoft-Windows-Security-Auditing
MachineName  : WS2022-LAB01
Message      : A member was added to a security-enabled local group.

               Subject:
               	Security ID:		S-1-5-21-1843355061-959072039-615746888-9169
               	Account Name:		opsadmin1
               	Account Domain:		WS2022-LAB01
               	Logon ID:		0x82750

               Member:
               	Security ID:		S-1-5-21-1843355061-959072039-615746888-5868
               	Account Name:		testuser6

               Group:
               	Group Name:		Backup Operators
               	Group Domain:		WS2022-LAB01

TimeCreated  : 13/06/2026 20:03:18
Id           : 4732
ProviderName : Microsoft-Windows-Security-Auditing
MachineName  : WIN-H96JM6F374S
Message      : A member was added to a security-enabled local group.

               Subject:
               	Security ID:		S-1-5-21-1843355061-959072039-615746888-5291
               	Account Name:		labadmin
               	Account Domain:		WIN-H96JM6F374S
               	Logon ID:		0x9D093

               Member:
               	Security ID:		S-1-5-21-1843355061-959072039-615746888-1966
               	Account Name:		testuser9

               Group:
               	Group Name:		Backup Operators
               	Group Domain:		WIN-H96JM6F374S

TimeCreated  : 13/06/2026 20:03:42
Id           : 4732
ProviderName : Microsoft-Windows-Security-Auditing
MachineName  : WIN-H96JM6F374S
Message      : A member was added to a security-enabled local group.

               Subject:
               	Security ID:		S-1-5-21-1843355061-959072039-615746888-8938
               	Account Name:		labadmin
               	Account Domain:		WIN-H96JM6F374S
               	Logon ID:		0x6CC56

               Member:
               	Security ID:		S-1-5-21-1843355061-959072039-615746888-8815
               	Account Name:		testuser15

               Group:
               	Group Name:		Remote Desktop Users
               	Group Domain:		WIN-H96JM6F374S

TimeCreated  : 13/06/2026 20:04:26
Id           : 4732
ProviderName : Microsoft-Windows-Security-Auditing
MachineName  : WS2022-LAB01
Message      : A member was added to a security-enabled local group.

               Subject:
               	Security ID:		S-1-5-21-1843355061-959072039-615746888-2951
               	Account Name:		opsadmin3
               	Account Domain:		WS2022-LAB01
               	Logon ID:		0xECAB9

               Member:
               	Security ID:		S-1-5-21-1843355061-959072039-615746888-8387
               	Account Name:		testuser12

               Group:
               	Group Name:		Backup Operators
               	Group Domain:		WS2022-LAB01

TimeCreated  : 13/06/2026 20:04:43
Id           : 4732
ProviderName : Microsoft-Windows-Security-Auditing
MachineName  : WS2022-LAB01
Message      : A member was added to a security-enabled local group.

               Subject:
               	Security ID:		S-1-5-21-1843355061-959072039-615746888-5508
               	Account Name:		opsadmin3
               	Account Domain:		WS2022-LAB01
               	Logon ID:		0xD5C36

               Member:
               	Security ID:		S-1-5-21-1843355061-959072039-615746888-4596
               	Account Name:		opsadmin1

               Group:
               	Group Name:		Backup Operators
               	Group Domain:		WS2022-LAB01

TimeCreated  : 13/06/2026 20:05:03
Id           : 4732
ProviderName : Microsoft-Windows-Security-Auditing
MachineName  : WS2022-LAB01
Message      : A member was added to a security-enabled local group.

               Subject:
               	Security ID:		S-1-5-21-1843355061-959072039-615746888-9669
               	Account Name:		opsadmin2
               	Account Domain:		WS2022-LAB01
               	Logon ID:		0xE3B74

               Member:
               	Security ID:		S-1-5-21-1843355061-959072039-615746888-9363
               	Account Name:		testuser10

               Group:
               	Group Name:		Administrators
               	Group Domain:		WS2022-LAB01

TimeCreated  : 13/06/2026 20:05:08
Id           : 4732
ProviderName : Microsoft-Windows-Security-Auditing
MachineName  : WIN-H96JM6F374S
Message      : A member was added to a security-enabled local group.

               Subject:
               	Security ID:		S-1-5-21-1843355061-959072039-615746888-8879
               	Account Name:		opsadmin3
               	Account Domain:		WIN-H96JM6F374S
               	Logon ID:		0x16280

               Member:
               	Security ID:		S-1-5-21-1843355061-959072039-615746888-3238
               	Account Name:		testuser4

               Group:
               	Group Name:		Backup Operators
               	Group Domain:		WIN-H96JM6F374S

TimeCreated  : 13/06/2026 20:05:22
Id           : 4732
ProviderName : Microsoft-Windows-Security-Auditing
MachineName  : WS2022-LAB01
Message      : A member was added to a security-enabled local group.

               Subject:
               	Security ID:		S-1-5-21-1843355061-959072039-615746888-8735
               	Account Name:		opsadmin2
               	Account Domain:		WS2022-LAB01
               	Logon ID:		0x5163C

               Member:
               	Security ID:		S-1-5-21-1843355061-959072039-615746888-3000
               	Account Name:		testuser19

               Group:
               	Group Name:		Remote Desktop Users
               	Group Domain:		WS2022-LAB01

TimeCreated  : 13/06/2026 20:05:56
Id           : 4732
ProviderName : Microsoft-Windows-Security-Auditing
MachineName  : WIN-H96JM6F374S
Message      : A member was added to a security-enabled local group.

               Subject:
               	Security ID:		S-1-5-21-1843355061-959072039-615746888-5054
               	Account Name:		opsadmin1
               	Account Domain:		WIN-H96JM6F374S
               	Logon ID:		0x77198

               Member:
               	Security ID:		S-1-5-21-1843355061-959072039-615746888-7948
               	Account Name:		testuser16

               Group:
               	Group Name:		Backup Operators
               	Group Domain:		WIN-H96JM6F374S

TimeCreated  : 13/06/2026 20:06:30
Id           : 4732
ProviderName : Microsoft-Windows-Security-Auditing
MachineName  : WS2022-LAB01
Message      : A member was added to a security-enabled local group.

               Subject:
               	Security ID:		S-1-5-21-1843355061-959072039-615746888-1998
               	Account Name:		opsadmin2
               	Account Domain:		WS2022-LAB01
               	Logon ID:		0x76EC9

               Member:
               	Security ID:		S-1-5-21-1843355061-959072039-615746888-8202
               	Account Name:		testuser16

               Group:
               	Group Name:		Backup Operators
               	Group Domain:		WS2022-LAB01

TimeCreated  : 13/06/2026 20:06:45
Id           : 4732
ProviderName : Microsoft-Windows-Security-Auditing
MachineName  : WIN-H96JM6F374S
Message      : A member was added to a security-enabled local group.

               Subject:
               	Security ID:		S-1-5-21-1843355061-959072039-615746888-8539
               	Account Name:		opsadmin3
               	Account Domain:		WIN-H96JM6F374S
               	Logon ID:		0x16D1B

               Member:
               	Security ID:		S-1-5-21-1843355061-959072039-615746888-4267
               	Account Name:		opsadmin1

               Group:
               	Group Name:		Administrators
               	Group Domain:		WIN-H96JM6F374S

TimeCreated  : 13/06/2026 20:06:59
Id           : 4732
ProviderName : Microsoft-Windows-Security-Auditing
MachineName  : WS2022-LAB01
Message      : A member was added to a security-enabled local group.

               Subject:
               	Security ID:		S-1-5-21-1843355061-959072039-615746888-2677
               	Account Name:		opsadmin3
               	Account Domain:		WS2022-LAB01
               	Logon ID:		0x7D98A

               Member:
               	Security ID:		S-1-5-21-1843355061-959072039-615746888-1628
               	Account Name:		testuser17

               Group:
               	Group Name:		Backup Operators
               	Group Domain:		WS2022-LAB01

TimeCreated  : 13/06/2026 20:07:36
Id           : 4732
ProviderName : Microsoft-Windows-Security-Auditing
MachineName  : WS2022-LAB02
Message      : A member was added to a security-enabled local group.

               Subject:
               	Security ID:		S-1-5-21-1843355061-959072039-615746888-7180
               	Account Name:		labadmin
               	Account Domain:		WS2022-LAB02
               	Logon ID:		0xC93B3

               Member:
               	Security ID:		S-1-5-21-1843355061-959072039-615746888-4878
               	Account Name:		testuser19

               Group:
               	Group Name:		Backup Operators
               	Group Domain:		WS2022-LAB02

TimeCreated  : 13/06/2026 20:07:42
Id           : 4732
ProviderName : Microsoft-Windows-Security-Auditing
MachineName  : WS2022-LAB02
Message      : A member was added to a security-enabled local group.

               Subject:
               	Security ID:		S-1-5-21-1843355061-959072039-615746888-6210
               	Account Name:		opsadmin2
               	Account Domain:		WS2022-LAB02
               	Logon ID:		0x128DB

               Member:
               	Security ID:		S-1-5-21-1843355061-959072039-615746888-8448
               	Account Name:		testuser15

               Group:
               	Group Name:		Remote Desktop Users
               	Group Domain:		WS2022-LAB02

TimeCreated  : 13/06/2026 20:08:13
Id           : 4732
ProviderName : Microsoft-Windows-Security-Auditing
MachineName  : WIN-H96JM6F374S
Message      : A member was added to a security-enabled local group.

               Subject:
               	Security ID:		S-1-5-21-1843355061-959072039-615746888-8663
               	Account Name:		labadmin
               	Account Domain:		WIN-H96JM6F374S
               	Logon ID:		0xC5173

               Member:
               	Security ID:		S-1-5-21-1843355061-959072039-615746888-9490
               	Account Name:		testuser5

               Group:
               	Group Name:		Backup Operators
               	Group Domain:		WIN-H96JM6F374S

TimeCreated  : 13/06/2026 20:08:29
Id           : 4732
ProviderName : Microsoft-Windows-Security-Auditing
MachineName  : WIN-H96JM6F374S
Message      : A member was added to a security-enabled local group.

               Subject:
               	Security ID:		S-1-5-21-1843355061-959072039-615746888-3419
               	Account Name:		opsadmin3
               	Account Domain:		WIN-H96JM6F374S
               	Logon ID:		0xB73DB

               Member:
               	Security ID:		S-1-5-21-1843355061-959072039-615746888-1210
               	Account Name:		testuser2

               Group:
               	Group Name:		Remote Desktop Users
               	Group Domain:		WIN-H96JM6F374S

