TimeCreated  : 13/06/2026 20:08:53
Id           : 4732
ProviderName : Microsoft-Windows-Security-Auditing
MachineName  : WS2022-LAB02
Message      : A member was added to a security-enabled local group.

               Subject:
               	Security ID:		S-1-5-21-1843355061-959072039-615746888-1269
               	Account Name:		labadmin
               	Account Domain:		WS2022-LAB02
               	Logon ID:		0x1E8C8

               Member:
               	Security ID:		S-1-5-21-1843355061-959072039-615746888-6139
               	Account Name:		opsadmin2

               Group:
               	Group Name:		Backup Operators
               	Group Domain:		WS2022-LAB02

TimeCreated  : 13/06/2026 20:09:22
Id           : 4732
ProviderName : Microsoft-Windows-Security-Auditing
MachineName  : WS2022-LAB02
Message      : A member was added to a security-enabled local group.

               Subject:
               	Security ID:		S-1-5-21-1843355061-959072039-615746888-3842
               	Account Name:		labadmin
               	Account Domain:		WS2022-LAB02
               	Logon ID:		0xCDEE9

               Member:
               	Security ID:		S-1-5-21-1843355061-959072039-615746888-6884
               	Account Name:		opsadmin3

               Group:
               	Group Name:		Administrators
               	Group Domain:		WS2022-LAB02

TimeCreated  : 13/06/2026 20:09:35
Id           : 4732
ProviderName : Microsoft-Windows-Security-Auditing
MachineName  : WS2022-LAB02
Message      : A member was added to a security-enabled local group.

               Subject:
               	Security ID:		S-1-5-21-1843355061-959072039-615746888-8701
               	Account Name:		labadmin
               	Account Domain:		WS2022-LAB02
               	Logon ID:		0x5E34D

               Member:
               	Security ID:		S-1-5-21-1843355061-959072039-615746888-1361
               	Account Name:		testuser1

               Group:
               	Group Name:		Administrators
               	Group Domain:		WS2022-LAB02

TimeCreated  : 13/06/2026 20:09:48
Id           : 4732
ProviderName : Microsoft-Windows-Security-Auditing
MachineName  : WS2022-LAB02
Message      : A member was added to a security-enabled local group.

               Subject:
               	Security ID:		S-1-5-21-1843355061-959072039-615746888-5178
               	Account Name:		opsadmin1
               	Account Domain:		WS2022-LAB02
               	Logon ID:		0x761EF

               Member:
               	Security ID:		S-1-5-21-1843355061-959072039-615746888-3467
               	Account Name:		testuser8

               Group:
               	Group Name:		Remote Desktop Users
               	Group Domain:		WS2022-LAB02

TimeCreated  : 13/06/2026 20:10:31
Id           : 4732
ProviderName : Microsoft-Windows-Security-Auditing
MachineName  : WS2022-LAB01
Message      : A member was added to a security-enabled local group.

               Subject:
               	Security ID:		S-1-5-21-1843355061-959072039-615746888-3128
               	Account Name:		opsadmin1
               	Account Domain:		WS2022-LAB01
               	Logon ID:		0x1314C

               Member:
               	Security ID:		S-1-5-21-1843355061-959072039-615746888-1979
               	Account Name:		opsadmin1

               Group:
               	Group Name:		Administrators
               	Group Domain:		WS2022-LAB01

TimeCreated  : 13/06/2026 20:10:38
Id           : 4732
ProviderName : Microsoft-Windows-Security-Auditing
MachineName  : WS2022-LAB01
Message      : A member was added to a security-enabled local group.

               Subject:
               	Security ID:		S-1-5-21-1843355061-959072039-615746888-2764
               	Account Name:		opsadmin2
               	Account Domain:		WS2022-LAB01
               	Logon ID:		0x477AA

               Member:
               	Security ID:		S-1-5-21-1843355061-959072039-615746888-9015
               	Account Name:		testuser13

               Group:
               	Group Name:		Backup Operators
               	Group Domain:		WS2022-LAB01

TimeCreated  : 13/06/2026 20:10:49
Id           : 4732
ProviderName : Microsoft-Windows-Security-Auditing
MachineName  : WIN-H96JM6F374S
Message      : A member was added to a security-enabled local group.

               Subject:
               	Security ID:		S-1-5-21-1843355061-959072039-615746888-5431
               	Account Name:		labadmin
               	Account Domain:		WIN-H96JM6F374S
               	Logon ID:		0x16E7D

               Member:
               	Security ID:		S-1-5-21-1843355061-959072039-615746888-2997
               	Account Name:		testuser17

               Group:
               	Group Name:		Remote Desktop Users
               	Group Domain:		WIN-H96JM6F374S

TimeCreated  : 13/06/2026 20:11:26
Id           : 4732
ProviderName : Microsoft-Windows-Security-Auditing
MachineName  : WS2022-LAB02
Message      : A member was added to a security-enabled local group.

               Subject:
               	Security ID:		S-1-5-21-1843355061-959072039-615746888-3921
               	Account Name:		opsadmin2
               	Account Domain:		WS2022-LAB02
               	Logon ID:		0x49B4F

               Member:
               	Security ID:		S-1-5-21-1843355061-959072039-615746888-6945
               	Account Name:		testuser13

               Group:
               	Group Name:		Backup Operators
               	Group Domain:		WS2022-LAB02

TimeCreated  : 13/06/2026 20:11:38
Id           : 4732
ProviderName : Microsoft-Windows-Security-Auditing
MachineName  : WS2022-LAB02
Message      : A member was added to a security-enabled local group.

               Subject:
               	Security ID:		S-1-5-21-1843355061-959072039-615746888-3151
               	Account Name:		opsadmin3
               	Account Domain:		WS2022-LAB02
               	Logon ID:		0xC0056

               Member:
               	Security ID:		S-1-5-21-1843355061-959072039-615746888-1082
               	Account Name:		testuser1

               Group:
               	Group Name:		Remote Desktop Users
               	Group Domain:		WS2022-LAB02

TimeCreated  : 13/06/2026 20:12:16
Id           : 4732
ProviderName : Microsoft-Windows-Security-Auditing
MachineName  : WS2022-LAB01
Message      : A member was added to a security-enabled local group.

               Subject:
               	Security ID:		S-1-5-21-1843355061-959072039-615746888-2477
               	Account Name:		opsadmin3
               	Account Domain:		WS2022-LAB01
               	Logon ID:		0x96274

               Member:
               	Security ID:		S-1-5-21-1843355061-959072039-615746888-7326
               	Account Name:		testuser10

               Group:
               	Group Name:		Administrators
               	Group Domain:		WS2022-LAB01

TimeCreated  : 13/06/2026 20:12:28
Id           : 4732
ProviderName : Microsoft-Windows-Security-Auditing
MachineName  : WS2022-LAB02
Message      : A member was added to a security-enabled local group.

               Subject:
               	Security ID:		S-1-5-21-1843355061-959072039-615746888-3039
               	Account Name:		opsadmin1
               	Account Domain:		WS2022-LAB02
               	Logon ID:		0xD003C

               Member:
               	Security ID:		S-1-5-21-1843355061-959072039-615746888-6501
               	Account Name:		testuser10

               Group:
               	Group Name:		Administrators
               	Group Domain:		WS2022-LAB02

TimeCreated  : 13/06/2026 20:12:46
Id           : 4732
ProviderName : Microsoft-Windows-Security-Auditing
MachineName  : WIN-H96JM6F374S
Message      : A member was added to a security-enabled local group.

               Subject:
               	Security ID:		S-1-5-21-1843355061-959072039-615746888-5749
               	Account Name:		opsadmin2
               	Account Domain:		WIN-H96JM6F374S
               	Logon ID:		0x8B30D

               Member:
               	Security ID:		S-1-5-21-1843355061-959072039-615746888-6124
               	Account Name:		testuser7

               Group:
               	Group Name:		Remote Desktop Users
               	Group Domain:		WIN-H96JM6F374S

TimeCreated  : 13/06/2026 20:12:59
Id           : 4732
ProviderName : Microsoft-Windows-Security-Auditing
MachineName  : WS2022-LAB02
Message      : A member was added to a security-enabled local group.

               Subject:
               	Security ID:		S-1-5-21-1843355061-959072039-615746888-3669
               	Account Name:		labadmin
               	Account Domain:		WS2022-LAB02
               	Logon ID:		0xAFCB9

               Member:
               	Security ID:		S-1-5-21-1843355061-959072039-615746888-8430
               	Account Name:		testuser18

               Group:
               	Group Name:		Backup Operators
               	Group Domain:		WS2022-LAB02

TimeCreated  : 13/06/2026 20:13:38
Id           : 4732
ProviderName : Microsoft-Windows-Security-Auditing
MachineName  : WIN-H96JM6F374S
Message      : A member was added to a security-enabled local group.

               Subject:
               	Security ID:		S-1-5-21-1843355061-959072039-615746888-7192
               	Account Name:		labadmin
               	Account Domain:		WIN-H96JM6F374S
               	Logon ID:		0xB6848

               Member:
               	Security ID:		S-1-5-21-1843355061-959072039-615746888-9910
               	Account Name:		testuser4

               Group:
               	Group Name:		Remote Desktop Users
               	Group Domain:		WIN-H96JM6F374S

TimeCreated  : 13/06/2026 20:13:56
Id           : 4732
ProviderName : Microsoft-Windows-Security-Auditing
MachineName  : WS2022-LAB02
Message      : A member was added to a security-enabled local group.

               Subject:
               	Security ID:		S-1-5-21-1843355061-959072039-615746888-8824
               	Account Name:		opsadmin1
               	Account Domain:		WS2022-LAB02
               	Logon ID:		0x30B54

               Member:
               	Security ID:		S-1-5-21-1843355061-959072039-615746888-9393
               	Account Name:		testuser3

               Group:
               	Group Name:		Backup Operators
               	Group Domain:		WS2022-LAB02

TimeCreated  : 13/06/2026 20:14:33
Id           : 4732
ProviderName : Microsoft-Windows-Security-Auditing
MachineName  : WS2022-LAB01
Message      : A member was added to a security-enabled local group.

               Subject:
               	Security ID:		S-1-5-21-1843355061-959072039-615746888-3749
               	Account Name:		opsadmin1
               	Account Domain:		WS2022-LAB01
               	Logon ID:		0x88C8F

               Member:
               	Security ID:		S-1-5-21-1843355061-959072039-615746888-5342
               	Account Name:		testuser10

               Group:
               	Group Name:		Backup Operators
               	Group Domain:		WS2022-LAB01

TimeCreated  : 13/06/2026 20:15:10
Id           : 4732
ProviderName : Microsoft-Windows-Security-Auditing
MachineName  : WIN-H96JM6F374S
Message      : A member was added to a security-enabled local group.

               Subject:
               	Security ID:		S-1-5-21-1843355061-959072039-615746888-9076
               	Account Name:		opsadmin3
               	Account Domain:		WIN-H96JM6F374S
               	Logon ID:		0x6BE69

               Member:
               	Security ID:		S-1-5-21-1843355061-959072039-615746888-6469
               	Account Name:		testuser1

               Group:
               	Group Name:		Backup Operators
               	Group Domain:		WIN-H96JM6F374S

TimeCreated  : 13/06/2026 20:15:38
Id           : 4732
ProviderName : Microsoft-Windows-Security-Auditing
MachineName  : WS2022-LAB01
Message      : A member was added to a security-enabled local group.

               Subject:
               	Security ID:		S-1-5-21-1843355061-959072039-615746888-3796
               	Account Name:		opsadmin1
               	Account Domain:		WS2022-LAB01
               	Logon ID:		0x85461

               Member:
               	Security ID:		S-1-5-21-1843355061-959072039-615746888-3979
               	Account Name:		testuser19

               Group:
               	Group Name:		Backup Operators
               	Group Domain:		WS2022-LAB01

TimeCreated  : 13/06/2026 20:15:56
Id           : 4732
ProviderName : Microsoft-Windows-Security-Auditing
MachineName  : WS2022-LAB01
Message      : A member was added to a security-enabled local group.

               Subject:
               	Security ID:		S-1-5-21-1843355061-959072039-615746888-8479
               	Account Name:		opsadmin1
               	Account Domain:		WS2022-LAB01
               	Logon ID:		0x803B8

               Member:
               	Security ID:		S-1-5-21-1843355061-959072039-615746888-9498
               	Account Name:		labadmin

               Group:
               	Group Name:		Remote Desktop Users
               	Group Domain:		WS2022-LAB01

TimeCreated  : 13/06/2026 20:16:16
Id           : 4732
ProviderName : Microsoft-Windows-Security-Auditing
MachineName  : WIN-H96JM6F374S
Message      : A member was added to a security-enabled local group.

               Subject:
               	Security ID:		S-1-5-21-1843355061-959072039-615746888-2896
               	Account Name:		opsadmin2
               	Account Domain:		WIN-H96JM6F374S
               	Logon ID:		0xBCBE6

               Member:
               	Security ID:		S-1-5-21-1843355061-959072039-615746888-4154
               	Account Name:		testuser6

               Group:
               	Group Name:		Administrators
               	Group Domain:		WIN-H96JM6F374S

TimeCreated  : 13/06/2026 20:16:41
Id           : 4732
ProviderName : Microsoft-Windows-Security-Auditing
MachineName  : WIN-H96JM6F374S
Message      : A member was added to a security-enabled local group.

               Subject:
               	Security ID:		S-1-5-21-1843355061-959072039-615746888-6835
               	Account Name:		opsadmin2
               	Account Domain:		WIN-H96JM6F374S
               	Logon ID:		0xB7841

               Member:
               	Security ID:		S-1-5-21-1843355061-959072039-615746888-9116
               	Account Name:		testuser18

               Group:
               	Group Name:		Remote Desktop Users
               	Group Domain:		WIN-H96JM6F374S

TimeCreated  : 13/06/2026 20:17:11
Id           : 4732
ProviderName : Microsoft-Windows-Security-Auditing
MachineName  : WS2022-LAB02
Message      : A member was added to a security-enabled local group.

               Subject:
               	Security ID:		S-1-5-21-1843355061-959072039-615746888-8986
               	Account Name:		opsadmin3
               	Account Domain:		WS2022-LAB02
               	Logon ID:		0xCE958

               Member:
               	Security ID:		S-1-5-21-1843355061-959072039-615746888-1135
               	Account Name:		testuser15

               Group:
               	Group Name:		Administrators
               	Group Domain:		WS2022-LAB02

TimeCreated  : 13/06/2026 20:17:39
Id           : 4732
ProviderName : Microsoft-Windows-Security-Auditing
MachineName  : WIN-H96JM6F374S
Message      : A member was added to a security-enabled local group.

               Subject:
               	Security ID:		S-1-5-21-1843355061-959072039-615746888-2547
               	Account Name:		opsadmin2
               	Account Domain:		WIN-H96JM6F374S
               	Logon ID:		0x410DE

               Member:
               	Security ID:		S-1-5-21-1843355061-959072039-615746888-7147
               	Account Name:		testuser17

               Group:
               	Group Name:		Remote Desktop Users
               	Group Domain:		WIN-H96JM6F374S

TimeCreated  : 13/06/2026 20:18:11
Id           : 4732
ProviderName : Microsoft-Windows-Security-Auditing
MachineName  : WS2022-LAB02
Message      : A member was added to a security-enabled local group.

               Subject:
               	Security ID:		S-1-5-21-1843355061-959072039-615746888-3851
               	Account Name:		opsadmin2
               	Account Domain:		WS2022-LAB02
               	Logon ID:		0x32061

               Member:
               	Security ID:		S-1-5-21-1843355061-959072039-615746888-6484
               	Account Name:		testuser10

               Group:
               	Group Name:		Administrators
               	Group Domain:		WS2022-LAB02

TimeCreated  : 13/06/2026 20:18:26
Id           : 4732
ProviderName : Microsoft-Windows-Security-Auditing
MachineName  : WS2022-LAB01
Message      : A member was added to a security-enabled local group.

               Subject:
               	Security ID:		S-1-5-21-1843355061-959072039-615746888-4695
               	Account Name:		opsadmin3
               	Account Domain:		WS2022-LAB01
               	Logon ID:		0xE4464

               Member:
               	Security ID:		S-1-5-21-1843355061-959072039-615746888-7799
               	Account Name:		testuser7

               Group:
               	Group Name:		Administrators
               	Group Domain:		WS2022-LAB01

TimeCreated  : 13/06/2026 20:19:07
Id           : 4732
ProviderName : Microsoft-Windows-Security-Auditing
MachineName  : WIN-H96JM6F374S
Message      : A member was added to a security-enabled local group.

               Subject:
               	Security ID:		S-1-5-21-1843355061-959072039-615746888-6214
               	Account Name:		opsadmin1
               	Account Domain:		WIN-H96JM6F374S
               	Logon ID:		0x4FF37

               Member:
               	Security ID:		S-1-5-21-1843355061-959072039-615746888-9527
               	Account Name:		testuser3

               Group:
               	Group Name:		Administrators
               	Group Domain:		WIN-H96JM6F374S

TimeCreated  : 13/06/2026 20:19:51
Id           : 4732
ProviderName : Microsoft-Windows-Security-Auditing
MachineName  : WIN-H96JM6F374S
Message      : A member was added to a security-enabled local group.

               Subject:
               	Security ID:		S-1-5-21-1843355061-959072039-615746888-8473
               	Account Name:		opsadmin1
               	Account Domain:		WIN-H96JM6F374S
               	Logon ID:		0xD688D

               Member:
               	Security ID:		S-1-5-21-1843355061-959072039-615746888-7974
               	Account Name:		testuser1

               Group:
               	Group Name:		Remote Desktop Users
               	Group Domain:		WIN-H96JM6F374S

TimeCreated  : 13/06/2026 20:20:33
Id           : 4732
ProviderName : Microsoft-Windows-Security-Auditing
MachineName  : WS2022-LAB02
Message      : A member was added to a security-enabled local group.

               Subject:
               	Security ID:		S-1-5-21-1843355061-959072039-615746888-2037
               	Account Name:		labadmin
               	Account Domain:		WS2022-LAB02
               	Logon ID:		0xAB23F

               Member:
               	Security ID:		S-1-5-21-1843355061-959072039-615746888-8590
               	Account Name:		opsadmin2

               Group:
               	Group Name:		Administrators
               	Group Domain:		WS2022-LAB02

TimeCreated  : 13/06/2026 20:21:09
Id           : 4732
ProviderName : Microsoft-Windows-Security-Auditing
MachineName  : WS2022-LAB02
Message      : A member was added to a security-enabled local group.

               Subject:
               	Security ID:		S-1-5-21-1843355061-959072039-615746888-9669
               	Account Name:		opsadmin2
               	Account Domain:		WS2022-LAB02
               	Logon ID:		0xE84B4

               Member:
               	Security ID:		S-1-5-21-1843355061-959072039-615746888-6365
               	Account Name:		testuser11

               Group:
               	Group Name:		Remote Desktop Users
               	Group Domain:		WS2022-LAB02

TimeCreated  : 13/06/2026 20:21:33
Id           : 4732
ProviderName : Microsoft-Windows-Security-Auditing
MachineName  : WS2022-LAB02
Message      : A member was added to a security-enabled local group.

               Subject:
               	Security ID:		S-1-5-21-1843355061-959072039-615746888-7627
               	Account Name:		labadmin
               	Account Domain:		WS2022-LAB02
               	Logon ID:		0xDF35E

               Member:
               	Security ID:		S-1-5-21-1843355061-959072039-615746888-2465
               	Account Name:		testuser3

               Group:
               	Group Name:		Remote Desktop Users
               	Group Domain:		WS2022-LAB02

TimeCreated  : 13/06/2026 20:22:18
Id           : 4732
ProviderName : Microsoft-Windows-Security-Auditing
MachineName  : WS2022-LAB02
Message      : A member was added to a security-enabled local group.

               Subject:
               	Security ID:		S-1-5-21-1843355061-959072039-615746888-4595
               	Account Name:		labadmin
               	Account Domain:		WS2022-LAB02
               	Logon ID:		0x6D1DB

               Member:
               	Security ID:		S-1-5-21-1843355061-959072039-615746888-9904
               	Account Name:		testuser16

               Group:
               	Group Name:		Backup Operators
               	Group Domain:		WS2022-LAB02

TimeCreated  : 13/06/2026 20:22:24
Id           : 4732
ProviderName : Microsoft-Windows-Security-Auditing
MachineName  : WS2022-LAB02
Message      : A member was added to a security-enabled local group.

               Subject:
               	Security ID:		S-1-5-21-1843355061-959072039-615746888-6932
               	Account Name:		labadmin
               	Account Domain:		WS2022-LAB02
               	Logon ID:		0x3813D

               Member:
               	Security ID:		S-1-5-21-1843355061-959072039-615746888-2949
               	Account Name:		testuser1

               Group:
               	Group Name:		Backup Operators
               	Group Domain:		WS2022-LAB02

TimeCreated  : 13/06/2026 20:22:57
Id           : 4732
ProviderName : Microsoft-Windows-Security-Auditing
MachineName  : WS2022-LAB01
Message      : A member was added to a security-enabled local group.

               Subject:
               	Security ID:		S-1-5-21-1843355061-959072039-615746888-1640
               	Account Name:		labadmin
               	Account Domain:		WS2022-LAB01
               	Logon ID:		0xD485E

               Member:
               	Security ID:		S-1-5-21-1843355061-959072039-615746888-9392
               	Account Name:		testuser12

               Group:
               	Group Name:		Remote Desktop Users
               	Group Domain:		WS2022-LAB01

TimeCreated  : 13/06/2026 20:23:19
Id           : 4732
ProviderName : Microsoft-Windows-Security-Auditing
MachineName  : WIN-H96JM6F374S
Message      : A member was added to a security-enabled local group.

               Subject:
               	Security ID:		S-1-5-21-1843355061-959072039-615746888-1844
               	Account Name:		opsadmin2
               	Account Domain:		WIN-H96JM6F374S
               	Logon ID:		0x56784

               Member:
               	Security ID:		S-1-5-21-1843355061-959072039-615746888-8589
               	Account Name:		testuser14

               Group:
               	Group Name:		Backup Operators
               	Group Domain:		WIN-H96JM6F374S

TimeCreated  : 13/06/2026 20:24:01
Id           : 4732
ProviderName : Microsoft-Windows-Security-Auditing
MachineName  : WS2022-LAB02
Message      : A member was added to a security-enabled local group.

               Subject:
               	Security ID:		S-1-5-21-1843355061-959072039-615746888-9479
               	Account Name:		opsadmin2
               	Account Domain:		WS2022-LAB02
               	Logon ID:		0x376DB

               Member:
               	Security ID:		S-1-5-21-1843355061-959072039-615746888-1541
               	Account Name:		testuser19

               Group:
               	Group Name:		Backup Operators
               	Group Domain:		WS2022-LAB02

TimeCreated  : 13/06/2026 20:24:07
Id           : 4732
ProviderName : Microsoft-Windows-Security-Auditing
MachineName  : WIN-H96JM6F374S
Message      : A member was added to a security-enabled local group.

               Subject:
               	Security ID:		S-1-5-21-1843355061-959072039-615746888-4693
               	Account Name:		opsadmin1
               	Account Domain:		WIN-H96JM6F374S
               	Logon ID:		0xB7685

               Member:
               	Security ID:		S-1-5-21-1843355061-959072039-615746888-2534
               	Account Name:		testuser14

               Group:
               	Group Name:		Remote Desktop Users
               	Group Domain:		WIN-H96JM6F374S

TimeCreated  : 13/06/2026 20:24:37
Id           : 4732
ProviderName : Microsoft-Windows-Security-Auditing
MachineName  : WS2022-LAB02
Message      : A member was added to a security-enabled local group.

               Subject:
               	Security ID:		S-1-5-21-1843355061-959072039-615746888-3552
               	Account Name:		opsadmin3
               	Account Domain:		WS2022-LAB02
               	Logon ID:		0x795A1

               Member:
               	Security ID:		S-1-5-21-1843355061-959072039-615746888-6090
               	Account Name:		testuser12

               Group:
               	Group Name:		Administrators
               	Group Domain:		WS2022-LAB02

TimeCreated  : 13/06/2026 20:25:04
Id           : 4732
ProviderName : Microsoft-Windows-Security-Auditing
MachineName  : WIN-H96JM6F374S
Message      : A member was added to a security-enabled local group.

               Subject:
               	Security ID:		S-1-5-21-1843355061-959072039-615746888-5551
               	Account Name:		opsadmin2
               	Account Domain:		WIN-H96JM6F374S
               	Logon ID:		0x174C6

               Member:
               	Security ID:		S-1-5-21-1843355061-959072039-615746888-9835
               	Account Name:		testuser10

               Group:
               	Group Name:		Administrators
               	Group Domain:		WIN-H96JM6F374S

TimeCreated  : 13/06/2026 20:25:39
Id           : 4732
ProviderName : Microsoft-Windows-Security-Auditing
MachineName  : WS2022-LAB02
Message      : A member was added to a security-enabled local group.

               Subject:
               	Security ID:		S-1-5-21-1843355061-959072039-615746888-6209
               	Account Name:		opsadmin3
               	Account Domain:		WS2022-LAB02
               	Logon ID:		0xA2550

               Member:
               	Security ID:		S-1-5-21-1843355061-959072039-615746888-9798
               	Account Name:		opsadmin1

               Group:
               	Group Name:		Administrators
               	Group Domain:		WS2022-LAB02

TimeCreated  : 13/06/2026 20:26:03
Id           : 4732
ProviderName : Microsoft-Windows-Security-Auditing
MachineName  : WS2022-LAB01
Message      : A member was added to a security-enabled local group.

               Subject:
               	Security ID:		S-1-5-21-1843355061-959072039-615746888-6538
               	Account Name:		opsadmin1
               	Account Domain:		WS2022-LAB01
               	Logon ID:		0x98EB7

               Member:
               	Security ID:		S-1-5-21-1843355061-959072039-615746888-5395
               	Account Name:		testuser16

               Group:
               	Group Name:		Backup Operators
               	Group Domain:		WS2022-LAB01

TimeCreated  : 13/06/2026 20:26:21
Id           : 4732
ProviderName : Microsoft-Windows-Security-Auditing
MachineName  : WIN-H96JM6F374S
Message      : A member was added to a security-enabled local group.

               Subject:
               	Security ID:		S-1-5-21-1843355061-959072039-615746888-7463
               	Account Name:		opsadmin1
               	Account Domain:		WIN-H96JM6F374S
               	Logon ID:		0x5954A

               Member:
               	Security ID:		S-1-5-21-1843355061-959072039-615746888-1349
               	Account Name:		testuser1

               Group:
               	Group Name:		Backup Operators
               	Group Domain:		WIN-H96JM6F374S

TimeCreated  : 13/06/2026 20:26:42
Id           : 4732
ProviderName : Microsoft-Windows-Security-Auditing
MachineName  : WIN-H96JM6F374S
Message      : A member was added to a security-enabled local group.

               Subject:
               	Security ID:		S-1-5-21-1843355061-959072039-615746888-9592
               	Account Name:		labadmin
               	Account Domain:		WIN-H96JM6F374S
               	Logon ID:		0x14777

               Member:
               	Security ID:		S-1-5-21-1843355061-959072039-615746888-6526
               	Account Name:		testuser3

               Group:
               	Group Name:		Backup Operators
               	Group Domain:		WIN-H96JM6F374S

TimeCreated  : 13/06/2026 20:27:07
Id           : 4732
ProviderName : Microsoft-Windows-Security-Auditing
MachineName  : WS2022-LAB02
Message      : A member was added to a security-enabled local group.

               Subject:
               	Security ID:		S-1-5-21-1843355061-959072039-615746888-4907
               	Account Name:		opsadmin3
               	Account Domain:		WS2022-LAB02
               	Logon ID:		0xE53E2

               Member:
               	Security ID:		S-1-5-21-1843355061-959072039-615746888-9030
               	Account Name:		testuser8

               Group:
               	Group Name:		Remote Desktop Users
               	Group Domain:		WS2022-LAB02

TimeCreated  : 13/06/2026 20:27:23
Id           : 4732
ProviderName : Microsoft-Windows-Security-Auditing
MachineName  : WS2022-LAB02
Message      : A member was added to a security-enabled local group.

               Subject:
               	Security ID:		S-1-5-21-1843355061-959072039-615746888-5297
               	Account Name:		opsadmin2
               	Account Domain:		WS2022-LAB02
               	Logon ID:		0x9ED34

               Member:
               	Security ID:		S-1-5-21-1843355061-959072039-615746888-9061
               	Account Name:		opsadmin2

               Group:
               	Group Name:		Administrators
               	Group Domain:		WS2022-LAB02

TimeCreated  : 13/06/2026 20:28:05
Id           : 4732
ProviderName : Microsoft-Windows-Security-Auditing
MachineName  : WIN-H96JM6F374S
Message      : A member was added to a security-enabled local group.

               Subject:
               	Security ID:		S-1-5-21-1843355061-959072039-615746888-6888
               	Account Name:		opsadmin3
               	Account Domain:		WIN-H96JM6F374S
               	Logon ID:		0x9A41A

               Member:
               	Security ID:		S-1-5-21-1843355061-959072039-615746888-5312
               	Account Name:		testuser17

               Group:
               	Group Name:		Administrators
               	Group Domain:		WIN-H96JM6F374S

TimeCreated  : 13/06/2026 20:28:21
Id           : 4732
ProviderName : Microsoft-Windows-Security-Auditing
MachineName  : WIN-H96JM6F374S
Message      : A member was added to a security-enabled local group.

               Subject:
               	Security ID:		S-1-5-21-1843355061-959072039-615746888-7844
               	Account Name:		labadmin
               	Account Domain:		WIN-H96JM6F374S
               	Logon ID:		0x1F660

               Member:
               	Security ID:		S-1-5-21-1843355061-959072039-615746888-4544
               	Account Name:		testuser18

               Group:
               	Group Name:		Administrators
               	Group Domain:		WIN-H96JM6F374S

TimeCreated  : 13/06/2026 20:28:34
Id           : 4732
ProviderName : Microsoft-Windows-Security-Auditing
MachineName  : WS2022-LAB01
Message      : A member was added to a security-enabled local group.

               Subject:
               	Security ID:		S-1-5-21-1843355061-959072039-615746888-1160
               	Account Name:		opsadmin3
               	Account Domain:		WS2022-LAB01
               	Logon ID:		0x65AC0

               Member:
               	Security ID:		S-1-5-21-1843355061-959072039-615746888-5953
               	Account Name:		testuser1

               Group:
               	Group Name:		Remote Desktop Users
               	Group Domain:		WS2022-LAB01

TimeCreated  : 13/06/2026 20:28:41
Id           : 4732
ProviderName : Microsoft-Windows-Security-Auditing
MachineName  : WS2022-LAB01
Message      : A member was added to a security-enabled local group.

               Subject:
               	Security ID:		S-1-5-21-1843355061-959072039-615746888-5940
               	Account Name:		labadmin
               	Account Domain:		WS2022-LAB01
               	Logon ID:		0x33756

               Member:
               	Security ID:		S-1-5-21-1843355061-959072039-615746888-4209
               	Account Name:		testuser3

               Group:
               	Group Name:		Administrators
               	Group Domain:		WS2022-LAB01

TimeCreated  : 13/06/2026 20:28:46
Id           : 4732
ProviderName : Microsoft-Windows-Security-Auditing
MachineName  : WIN-H96JM6F374S
Message      : A member was added to a security-enabled local group.

               Subject:
               	Security ID:		S-1-5-21-1843355061-959072039-615746888-9897
               	Account Name:		opsadmin2
               	Account Domain:		WIN-H96JM6F374S
               	Logon ID:		0x79022

               Member:
               	Security ID:		S-1-5-21-1843355061-959072039-615746888-7104
               	Account Name:		testuser4

               Group:
               	Group Name:		Administrators
               	Group Domain:		WIN-H96JM6F374S

TimeCreated  : 13/06/2026 20:29:08
Id           : 4732
ProviderName : Microsoft-Windows-Security-Auditing
MachineName  : WS2022-LAB02
Message      : A member was added to a security-enabled local group.

               Subject:
               	Security ID:		S-1-5-21-1843355061-959072039-615746888-3836
               	Account Name:		opsadmin3
               	Account Domain:		WS2022-LAB02
               	Logon ID:		0x36CCE

               Member:
               	Security ID:		S-1-5-21-1843355061-959072039-615746888-7445
               	Account Name:		testuser13

               Group:
               	Group Name:		Remote Desktop Users
               	Group Domain:		WS2022-LAB02

TimeCreated  : 13/06/2026 20:29:13
Id           : 4732
ProviderName : Microsoft-Windows-Security-Auditing
MachineName  : WS2022-LAB02
Message      : A member was added to a security-enabled local group.

               Subject:
               	Security ID:		S-1-5-21-1843355061-959072039-615746888-3226
               	Account Name:		opsadmin3
               	Account Domain:		WS2022-LAB02
               	Logon ID:		0x2CB70

               Member:
               	Security ID:		S-1-5-21-1843355061-959072039-615746888-4067
               	Account Name:		labadmin

               Group:
               	Group Name:		Backup Operators
               	Group Domain:		WS2022-LAB02

TimeCreated  : 13/06/2026 20:29:31
Id           : 4732
ProviderName : Microsoft-Windows-Security-Auditing
MachineName  : WS2022-LAB01
Message      : A member was added to a security-enabled local group.

               Subject:
               	Security ID:		S-1-5-21-1843355061-959072039-615746888-5158
               	Account Name:		opsadmin2
               	Account Domain:		WS2022-LAB01
               	Logon ID:		0x5AE76

               Member:
               	Security ID:		S-1-5-21-1843355061-959072039-615746888-6020
               	Account Name:		testuser18

               Group:
               	Group Name:		Administrators
               	Group Domain:		WS2022-LAB01

TimeCreated  : 13/06/2026 20:30:00
Id           : 4732
ProviderName : Microsoft-Windows-Security-Auditing
MachineName  : WIN-H96JM6F374S
Message      : A member was added to a security-enabled local group.

               Subject:
               	Security ID:		S-1-5-21-1843355061-959072039-615746888-2312
               	Account Name:		opsadmin2
               	Account Domain:		WIN-H96JM6F374S
               	Logon ID:		0x6B6A9

               Member:
               	Security ID:		S-1-5-21-1843355061-959072039-615746888-8523
               	Account Name:		testuser17

               Group:
               	Group Name:		Remote Desktop Users
               	Group Domain:		WIN-H96JM6F374S

TimeCreated  : 13/06/2026 20:30:30
Id           : 4732
ProviderName : Microsoft-Windows-Security-Auditing
MachineName  : WS2022-LAB01
Message      : A member was added to a security-enabled local group.

               Subject:
               	Security ID:		S-1-5-21-1843355061-959072039-615746888-9002
               	Account Name:		opsadmin2
               	Account Domain:		WS2022-LAB01
               	Logon ID:		0xE696F

               Member:
               	Security ID:		S-1-5-21-1843355061-959072039-615746888-7667
               	Account Name:		testuser1

               Group:
               	Group Name:		Administrators
               	Group Domain:		WS2022-LAB01

TimeCreated  : 13/06/2026 20:30:54
Id           : 4732
ProviderName : Microsoft-Windows-Security-Auditing
MachineName  : WIN-H96JM6F374S
Message      : A member was added to a security-enabled local group.

               Subject:
               	Security ID:		S-1-5-21-1843355061-959072039-615746888-5269
               	Account Name:		labadmin
               	Account Domain:		WIN-H96JM6F374S
               	Logon ID:		0x3C8E3

               Member:
               	Security ID:		S-1-5-21-1843355061-959072039-615746888-3561
               	Account Name:		labadmin

               Group:
               	Group Name:		Remote Desktop Users
               	Group Domain:		WIN-H96JM6F374S

TimeCreated  : 13/06/2026 20:31:19
Id           : 4732
ProviderName : Microsoft-Windows-Security-Auditing
MachineName  : WS2022-LAB01
Message      : A member was added to a security-enabled local group.

               Subject:
               	Security ID:		S-1-5-21-1843355061-959072039-615746888-2050
               	Account Name:		opsadmin1
               	Account Domain:		WS2022-LAB01
               	Logon ID:		0x94C61

               Member:
               	Security ID:		S-1-5-21-1843355061-959072039-615746888-6689
               	Account Name:		testuser13

               Group:
               	Group Name:		Backup Operators
               	Group Domain:		WS2022-LAB01

TimeCreated  : 13/06/2026 20:31:56
Id           : 4732
ProviderName : Microsoft-Windows-Security-Auditing
MachineName  : WS2022-LAB01
Message      : A member was added to a security-enabled local group.

               Subject:
               	Security ID:		S-1-5-21-1843355061-959072039-615746888-4972
               	Account Name:		opsadmin2
               	Account Domain:		WS2022-LAB01
               	Logon ID:		0x15189

               Member:
               	Security ID:		S-1-5-21-1843355061-959072039-615746888-5951
               	Account Name:		testuser15

               Group:
               	Group Name:		Administrators
               	Group Domain:		WS2022-LAB01

TimeCreated  : 13/06/2026 20:32:17
Id           : 4732
ProviderName : Microsoft-Windows-Security-Auditing
MachineName  : WIN-H96JM6F374S
Message      : A member was added to a security-enabled local group.

               Subject:
               	Security ID:		S-1-5-21-1843355061-959072039-615746888-8488
               	Account Name:		opsadmin1
               	Account Domain:		WIN-H96JM6F374S
               	Logon ID:		0xA2724

               Member:
               	Security ID:		S-1-5-21-1843355061-959072039-615746888-2811
               	Account Name:		testuser14

               Group:
               	Group Name:		Remote Desktop Users
               	Group Domain:		WIN-H96JM6F374S

TimeCreated  : 13/06/2026 20:32:47
Id           : 4732
ProviderName : Microsoft-Windows-Security-Auditing
MachineName  : WS2022-LAB01
Message      : A member was added to a security-enabled local group.

               Subject:
               	Security ID:		S-1-5-21-1843355061-959072039-615746888-8747
               	Account Name:		labadmin
               	Account Domain:		WS2022-LAB01
               	Logon ID:		0x39F18

               Member:
               	Security ID:		S-1-5-21-1843355061-959072039-615746888-7125
               	Account Name:		testuser5

               Group:
               	Group Name:		Administrators
               	Group Domain:		WS2022-LAB01

TimeCreated  : 13/06/2026 20:32:56
Id           : 4732
ProviderName : Microsoft-Windows-Security-Auditing
MachineName  : WS2022-LAB01
Message      : A member was added to a security-enabled local group.

               Subject:
               	Security ID:		S-1-5-21-1843355061-959072039-615746888-5399
               	Account Name:		opsadmin1
               	Account Domain:		WS2022-LAB01
               	Logon ID:		0xC17FE

               Member:
               	Security ID:		S-1-5-21-1843355061-959072039-615746888-9116
               	Account Name:		testuser13

               Group:
               	Group Name:		Remote Desktop Users
               	Group Domain:		WS2022-LAB01

TimeCreated  : 13/06/2026 20:33:25
Id           : 4732
ProviderName : Microsoft-Windows-Security-Auditing
MachineName  : WS2022-LAB02
Message      : A member was added to a security-enabled local group.

               Subject:
               	Security ID:		S-1-5-21-1843355061-959072039-615746888-5503
               	Account Name:		opsadmin2
               	Account Domain:		WS2022-LAB02
               	Logon ID:		0xAC2D2

               Member:
               	Security ID:		S-1-5-21-1843355061-959072039-615746888-1235
               	Account Name:		testuser20

               Group:
               	Group Name:		Backup Operators
               	Group Domain:		WS2022-LAB02

TimeCreated  : 13/06/2026 20:33:46
Id           : 4732
ProviderName : Microsoft-Windows-Security-Auditing
MachineName  : WIN-H96JM6F374S
Message      : A member was added to a security-enabled local group.

               Subject:
               	Security ID:		S-1-5-21-1843355061-959072039-615746888-4917
               	Account Name:		opsadmin3
               	Account Domain:		WIN-H96JM6F374S
               	Logon ID:		0x747F6

               Member:
               	Security ID:		S-1-5-21-1843355061-959072039-615746888-7578
               	Account Name:		testuser8

               Group:
               	Group Name:		Remote Desktop Users
               	Group Domain:		WIN-H96JM6F374S

TimeCreated  : 13/06/2026 20:34:17
Id           : 4732
ProviderName : Microsoft-Windows-Security-Auditing
MachineName  : WIN-H96JM6F374S
Message      : A member was added to a security-enabled local group.

               Subject:
               	Security ID:		S-1-5-21-1843355061-959072039-615746888-2898
               	Account Name:		opsadmin2
               	Account Domain:		WIN-H96JM6F374S
               	Logon ID:		0xC15F8

               Member:
               	Security ID:		S-1-5-21-1843355061-959072039-615746888-5761
               	Account Name:		testuser12

               Group:
               	Group Name:		Remote Desktop Users
               	Group Domain:		WIN-H96JM6F374S

TimeCreated  : 13/06/2026 20:34:27
Id           : 4732
ProviderName : Microsoft-Windows-Security-Auditing
MachineName  : WIN-H96JM6F374S
Message      : A member was added to a security-enabled local group.

               Subject:
               	Security ID:		S-1-5-21-1843355061-959072039-615746888-4546
               	Account Name:		opsadmin2
               	Account Domain:		WIN-H96JM6F374S
               	Logon ID:		0x1E960

               Member:
               	Security ID:		S-1-5-21-1843355061-959072039-615746888-9542
               	Account Name:		testuser6

               Group:
               	Group Name:		Administrators
               	Group Domain:		WIN-H96JM6F374S

TimeCreated  : 13/06/2026 20:35:08
Id           : 4732
ProviderName : Microsoft-Windows-Security-Auditing
MachineName  : WS2022-LAB01
Message      : A member was added to a security-enabled local group.

               Subject:
               	Security ID:		S-1-5-21-1843355061-959072039-615746888-3416
               	Account Name:		opsadmin1
               	Account Domain:		WS2022-LAB01
               	Logon ID:		0xCC78E

               Member:
               	Security ID:		S-1-5-21-1843355061-959072039-615746888-9301
               	Account Name:		testuser9

               Group:
               	Group Name:		Remote Desktop Users
               	Group Domain:		WS2022-LAB01

TimeCreated  : 13/06/2026 20:35:20
Id           : 4732
ProviderName : Microsoft-Windows-Security-Auditing
MachineName  : WS2022-LAB02
Message      : A member was added to a security-enabled local group.

               Subject:
               	Security ID:		S-1-5-21-1843355061-959072039-615746888-5316
               	Account Name:		opsadmin3
               	Account Domain:		WS2022-LAB02
               	Logon ID:		0xA3FF3

               Member:
               	Security ID:		S-1-5-21-1843355061-959072039-615746888-4248
               	Account Name:		testuser14

               Group:
               	Group Name:		Backup Operators
               	Group Domain:		WS2022-LAB02

TimeCreated  : 13/06/2026 20:36:02
Id           : 4732
ProviderName : Microsoft-Windows-Security-Auditing
MachineName  : WS2022-LAB02
Message      : A member was added to a security-enabled local group.

               Subject:
               	Security ID:		S-1-5-21-1843355061-959072039-615746888-7220
               	Account Name:		opsadmin2
               	Account Domain:		WS2022-LAB02
               	Logon ID:		0x54534

               Member:
               	Security ID:		S-1-5-21-1843355061-959072039-615746888-1651
               	Account Name:		opsadmin3

               Group:
               	Group Name:		Remote Desktop Users
               	Group Domain:		WS2022-LAB02

TimeCreated  : 13/06/2026 20:36:09
Id           : 4732
ProviderName : Microsoft-Windows-Security-Auditing
MachineName  : WIN-H96JM6F374S
Message      : A member was added to a security-enabled local group.

               Subject:
               	Security ID:		S-1-5-21-1843355061-959072039-615746888-2291
               	Account Name:		opsadmin3
               	Account Domain:		WIN-H96JM6F374S
               	Logon ID:		0xAC8CC

               Member:
               	Security ID:		S-1-5-21-1843355061-959072039-615746888-9318
               	Account Name:		testuser17

               Group:
               	Group Name:		Remote Desktop Users
               	Group Domain:		WIN-H96JM6F374S

TimeCreated  : 13/06/2026 20:36:43
Id           : 4732
ProviderName : Microsoft-Windows-Security-Auditing
MachineName  : WS2022-LAB01
Message      : A member was added to a security-enabled local group.

               Subject:
               	Security ID:		S-1-5-21-1843355061-959072039-615746888-7066
               	Account Name:		opsadmin1
               	Account Domain:		WS2022-LAB01
               	Logon ID:		0x5A314

               Member:
               	Security ID:		S-1-5-21-1843355061-959072039-615746888-8525
               	Account Name:		testuser2

               Group:
               	Group Name:		Administrators
               	Group Domain:		WS2022-LAB01

TimeCreated  : 13/06/2026 20:36:48
Id           : 4732
ProviderName : Microsoft-Windows-Security-Auditing
MachineName  : WS2022-LAB02
Message      : A member was added to a security-enabled local group.

               Subject:
               	Security ID:		S-1-5-21-1843355061-959072039-615746888-8080
               	Account Name:		labadmin
               	Account Domain:		WS2022-LAB02
               	Logon ID:		0x79A41

               Member:
               	Security ID:		S-1-5-21-1843355061-959072039-615746888-2691
               	Account Name:		testuser12

               Group:
               	Group Name:		Remote Desktop Users
               	Group Domain:		WS2022-LAB02

TimeCreated  : 13/06/2026 20:37:21
Id           : 4732
ProviderName : Microsoft-Windows-Security-Auditing
MachineName  : WS2022-LAB01
Message      : A member was added to a security-enabled local group.

               Subject:
               	Security ID:		S-1-5-21-1843355061-959072039-615746888-8029
               	Account Name:		opsadmin3
               	Account Domain:		WS2022-LAB01
               	Logon ID:		0x2D2D0

               Member:
               	Security ID:		S-1-5-21-1843355061-959072039-615746888-6173
               	Account Name:		testuser6

               Group:
               	Group Name:		Administrators
               	Group Domain:		WS2022-LAB01

TimeCreated  : 13/06/2026 20:37:32
Id           : 4732
ProviderName : Microsoft-Windows-Security-Auditing
MachineName  : WIN-H96JM6F374S
Message      : A member was added to a security-enabled local group.

               Subject:
               	Security ID:		S-1-5-21-1843355061-959072039-615746888-4267
               	Account Name:		labadmin
               	Account Domain:		WIN-H96JM6F374S
               	Logon ID:		0x96004

               Member:
               	Security ID:		S-1-5-21-1843355061-959072039-615746888-7261
               	Account Name:		testuser20

               Group:
               	Group Name:		Remote Desktop Users
               	Group Domain:		WIN-H96JM6F374S

TimeCreated  : 13/06/2026 20:37:55
Id           : 4733
ProviderName : Microsoft-Windows-Security-Auditing
MachineName  : WS2022-LAB02
Message      : A member was removed from a security-enabled local group.

               Subject:
               	Security ID:		S-1-5-21-1843355061-959072039-615746888-9966
               	Account Name:		opsadmin2
               	Account Domain:		WS2022-LAB02
               	Logon ID:		0x591F3

               Member:
               	Security ID:		S-1-5-21-1843355061-959072039-615746888-3446
               	Account Name:		testuser11

               Group:
               	Group Name:		Backup Operators
               	Group Domain:		WS2022-LAB02

