TimeCreated  : 13/06/2026 16:33:43
Id           : 4625
ProviderName : Microsoft-Windows-Security-Auditing
MachineName  : WS2022-LAB01
Message      : An account failed to log on.

               Subject:
               	Security ID:		S-1-5-18
               	Account Name:		WS2022-LAB01$
               	Account Domain:		WORKGROUP
               	Logon ID:		0x3E7

               Logon Type:			2

               Account For Which Logon Failed:
               	Security ID:		S-1-5-21-1843355061-959072039-615746888-3059
               	Account Name:		testuser11
               	Account Domain:		WS2022-LAB01

               Failure Information:
               	Failure Reason:		Unknown user name or bad password.
               	Status:		0xC000006D
               	Sub Status:		0xC000006A

               Process Information:
               	Caller Process Name:		C:\Windows\System32\svchost.exe

               Network Information:
               	Workstation Name:		WS2022-LAB01
               	Source Network Address:		192.168.56.156
               	Source Port:		21845

TimeCreated  : 13/06/2026 16:33:44
Id           : 4624
ProviderName : Microsoft-Windows-Security-Auditing
MachineName  : WS2022-LAB01
Message      : An account was successfully logged on.

               Subject:
               	Security ID:		S-1-5-18
               	Account Name:		WS2022-LAB01$
               	Account Domain:		WORKGROUP
               	Logon ID:		0xC2D85

               Logon Information:
               	Logon Type:		2
               	Restricted Admin Mode:		-
               	Virtual Account:		No
               	Elevated Token:		No

               New Logon:
               	Security ID:		S-1-5-21-1843355061-959072039-615746888-1841
               	Account Name:		testuser11
               	Account Domain:		WS2022-LAB01
               	Logon ID:		0x7AEC7

               Process Information:
               	Process Name:		C:\Windows\System32\svchost.exe

               Network Information:
               	Workstation Name:		WS2022-LAB01
               	Source Network Address:		127.0.0.1
               	Source Port:		0

TimeCreated  : 13/06/2026 16:33:45
Id           : 4625
ProviderName : Microsoft-Windows-Security-Auditing
MachineName  : WS2022-LAB01
Message      : An account failed to log on.

               Subject:
               	Security ID:		S-1-5-18
               	Account Name:		WS2022-LAB01$
               	Account Domain:		WORKGROUP
               	Logon ID:		0x3E7

               Logon Type:			2

               Account For Which Logon Failed:
               	Security ID:		S-1-5-21-1843355061-959072039-615746888-1332
               	Account Name:		testuser7
               	Account Domain:		WS2022-LAB01

               Failure Information:
               	Failure Reason:		User not allowed to log on at this computer.
               	Status:		0xC000006E
               	Sub Status:		0x0

               Process Information:
               	Caller Process Name:		C:\Windows\System32\svchost.exe

               Network Information:
               	Workstation Name:		WS2022-LAB01
               	Source Network Address:		192.168.56.101
               	Source Port:		50301

TimeCreated  : 13/06/2026 16:33:46
Id           : 4625
ProviderName : Microsoft-Windows-Security-Auditing
MachineName  : WIN-H96JM6F374S
Message      : An account failed to log on.

               Subject:
               	Security ID:		S-1-5-18
               	Account Name:		WIN-H96JM6F374S$
               	Account Domain:		WORKGROUP
               	Logon ID:		0x3E7

               Logon Type:			2

               Account For Which Logon Failed:
               	Security ID:		S-1-5-21-1843355061-959072039-615746888-4201
               	Account Name:		testuser7
               	Account Domain:		WIN-H96JM6F374S

               Failure Information:
               	Failure Reason:		Unknown user name or bad password.
               	Status:		0xC000006D
               	Sub Status:		0xC0000064

               Process Information:
               	Caller Process Name:		C:\Windows\System32\svchost.exe

               Network Information:
               	Workstation Name:		WIN-H96JM6F374S
               	Source Network Address:		192.168.56.193
               	Source Port:		19214

TimeCreated  : 13/06/2026 16:33:49
Id           : 4625
ProviderName : Microsoft-Windows-Security-Auditing
MachineName  : WS2022-LAB02
Message      : An account failed to log on.

               Subject:
               	Security ID:		S-1-5-18
               	Account Name:		WS2022-LAB02$
               	Account Domain:		WORKGROUP
               	Logon ID:		0x3E7

               Logon Type:			2

               Account For Which Logon Failed:
               	Security ID:		S-1-5-21-1843355061-959072039-615746888-6075
               	Account Name:		testuser7
               	Account Domain:		WS2022-LAB02

               Failure Information:
               	Failure Reason:		Unknown user name or bad password.
               	Status:		0xC000006D
               	Sub Status:		0xC000006A

               Process Information:
               	Caller Process Name:		C:\Windows\System32\svchost.exe

               Network Information:
               	Workstation Name:		WS2022-LAB02
               	Source Network Address:		172.16.10.227
               	Source Port:		11485

TimeCreated  : 13/06/2026 16:33:54
Id           : 4624
ProviderName : Microsoft-Windows-Security-Auditing
MachineName  : WS2022-LAB02
Message      : An account was successfully logged on.

               Subject:
               	Security ID:		S-1-5-18
               	Account Name:		WS2022-LAB02$
               	Account Domain:		WORKGROUP
               	Logon ID:		0xDF70B

               Logon Information:
               	Logon Type:		2
               	Restricted Admin Mode:		-
               	Virtual Account:		No
               	Elevated Token:		No

               New Logon:
               	Security ID:		S-1-5-21-1843355061-959072039-615746888-3725
               	Account Name:		testuser7
               	Account Domain:		WS2022-LAB02
               	Logon ID:		0xCC4BC

               Process Information:
               	Process Name:		C:\Windows\System32\svchost.exe

               Network Information:
               	Workstation Name:		WS2022-LAB02
               	Source Network Address:		127.0.0.1
               	Source Port:		0

TimeCreated  : 13/06/2026 16:33:56
Id           : 4625
ProviderName : Microsoft-Windows-Security-Auditing
MachineName  : WS2022-LAB02
Message      : An account failed to log on.

               Subject:
               	Security ID:		S-1-5-18
               	Account Name:		WS2022-LAB02$
               	Account Domain:		WORKGROUP
               	Logon ID:		0x3E7

               Logon Type:			2

               Account For Which Logon Failed:
               	Security ID:		S-1-5-21-1843355061-959072039-615746888-8187
               	Account Name:		testuser18
               	Account Domain:		WS2022-LAB02

               Failure Information:
               	Failure Reason:		Unknown user name or bad password.
               	Status:		0xC000006D
               	Sub Status:		0xC000006A

               Process Information:
               	Caller Process Name:		C:\Windows\System32\svchost.exe

               Network Information:
               	Workstation Name:		WS2022-LAB02
               	Source Network Address:		192.168.56.252
               	Source Port:		37630

TimeCreated  : 13/06/2026 16:34:00
Id           : 4625
ProviderName : Microsoft-Windows-Security-Auditing
MachineName  : WS2022-LAB01
Message      : An account failed to log on.

               Subject:
               	Security ID:		S-1-5-18
               	Account Name:		WS2022-LAB01$
               	Account Domain:		WORKGROUP
               	Logon ID:		0x3E7

               Logon Type:			2

               Account For Which Logon Failed:
               	Security ID:		S-1-5-21-1843355061-959072039-615746888-6231
               	Account Name:		testuser18
               	Account Domain:		WS2022-LAB01

               Failure Information:
               	Failure Reason:		Unknown user name or bad password.
               	Status:		0xC000006D
               	Sub Status:		0xC000006A

               Process Information:
               	Caller Process Name:		C:\Windows\System32\svchost.exe

               Network Information:
               	Workstation Name:		WS2022-LAB01
               	Source Network Address:		192.168.56.134
               	Source Port:		31602

TimeCreated  : 13/06/2026 16:34:02
Id           : 4625
ProviderName : Microsoft-Windows-Security-Auditing
MachineName  : WIN-H96JM6F374S
Message      : An account failed to log on.

               Subject:
               	Security ID:		S-1-5-18
               	Account Name:		WIN-H96JM6F374S$
               	Account Domain:		WORKGROUP
               	Logon ID:		0x3E7

               Logon Type:			2

               Account For Which Logon Failed:
               	Security ID:		S-1-5-21-1843355061-959072039-615746888-1132
               	Account Name:		testuser18
               	Account Domain:		WIN-H96JM6F374S

               Failure Information:
               	Failure Reason:		User not allowed to log on at this computer.
               	Status:		0xC000006E
               	Sub Status:		0x0

               Process Information:
               	Caller Process Name:		C:\Windows\System32\svchost.exe

               Network Information:
               	Workstation Name:		WIN-H96JM6F374S
               	Source Network Address:		10.0.0.205
               	Source Port:		27386

TimeCreated  : 13/06/2026 16:34:05
Id           : 4624
ProviderName : Microsoft-Windows-Security-Auditing
MachineName  : WS2022-LAB02
Message      : An account was successfully logged on.

               Subject:
               	Security ID:		S-1-5-18
               	Account Name:		WS2022-LAB02$
               	Account Domain:		WORKGROUP
               	Logon ID:		0x79C41

               Logon Information:
               	Logon Type:		2
               	Restricted Admin Mode:		-
               	Virtual Account:		No
               	Elevated Token:		No

               New Logon:
               	Security ID:		S-1-5-21-1843355061-959072039-615746888-4742
               	Account Name:		testuser18
               	Account Domain:		WS2022-LAB02
               	Logon ID:		0xBFFC9

               Process Information:
               	Process Name:		C:\Windows\System32\svchost.exe

               Network Information:
               	Workstation Name:		WS2022-LAB02
               	Source Network Address:		127.0.0.1
               	Source Port:		0

TimeCreated  : 13/06/2026 16:34:07
Id           : 4625
ProviderName : Microsoft-Windows-Security-Auditing
MachineName  : WS2022-LAB01
Message      : An account failed to log on.

               Subject:
               	Security ID:		S-1-5-18
               	Account Name:		WS2022-LAB01$
               	Account Domain:		WORKGROUP
               	Logon ID:		0x3E7

               Logon Type:			2

               Account For Which Logon Failed:
               	Security ID:		S-1-5-21-1843355061-959072039-615746888-3314
               	Account Name:		testuser17
               	Account Domain:		WS2022-LAB01

               Failure Information:
               	Failure Reason:		Unknown user name or bad password.
               	Status:		0xC000006D
               	Sub Status:		0xC0000064

               Process Information:
               	Caller Process Name:		C:\Windows\System32\svchost.exe

               Network Information:
               	Workstation Name:		WS2022-LAB01
               	Source Network Address:		192.168.56.182
               	Source Port:		36046

TimeCreated  : 13/06/2026 16:34:12
Id           : 4625
ProviderName : Microsoft-Windows-Security-Auditing
MachineName  : WIN-H96JM6F374S
Message      : An account failed to log on.

               Subject:
               	Security ID:		S-1-5-18
               	Account Name:		WIN-H96JM6F374S$
               	Account Domain:		WORKGROUP
               	Logon ID:		0x3E7

               Logon Type:			2

               Account For Which Logon Failed:
               	Security ID:		S-1-5-21-1843355061-959072039-615746888-3874
               	Account Name:		testuser17
               	Account Domain:		WIN-H96JM6F374S

               Failure Information:
               	Failure Reason:		User not allowed to log on at this computer.
               	Status:		0xC000006E
               	Sub Status:		0x0

               Process Information:
               	Caller Process Name:		C:\Windows\System32\svchost.exe

               Network Information:
               	Workstation Name:		WIN-H96JM6F374S
               	Source Network Address:		172.16.10.38
               	Source Port:		34629

TimeCreated  : 13/06/2026 16:34:16
Id           : 4625
ProviderName : Microsoft-Windows-Security-Auditing
MachineName  : WS2022-LAB02
Message      : An account failed to log on.

               Subject:
               	Security ID:		S-1-5-18
               	Account Name:		WS2022-LAB02$
               	Account Domain:		WORKGROUP
               	Logon ID:		0x3E7

               Logon Type:			2

               Account For Which Logon Failed:
               	Security ID:		S-1-5-21-1843355061-959072039-615746888-5191
               	Account Name:		testuser17
               	Account Domain:		WS2022-LAB02

               Failure Information:
               	Failure Reason:		Unknown user name or bad password.
               	Status:		0xC000006D
               	Sub Status:		0xC0000064

               Process Information:
               	Caller Process Name:		C:\Windows\System32\svchost.exe

               Network Information:
               	Workstation Name:		WS2022-LAB02
               	Source Network Address:		172.16.10.45
               	Source Port:		21314

TimeCreated  : 13/06/2026 16:34:21
Id           : 4624
ProviderName : Microsoft-Windows-Security-Auditing
MachineName  : WS2022-LAB01
Message      : An account was successfully logged on.

               Subject:
               	Security ID:		S-1-5-18
               	Account Name:		WS2022-LAB01$
               	Account Domain:		WORKGROUP
               	Logon ID:		0xCBCA4

               Logon Information:
               	Logon Type:		2
               	Restricted Admin Mode:		-
               	Virtual Account:		No
               	Elevated Token:		No

               New Logon:
               	Security ID:		S-1-5-21-1843355061-959072039-615746888-2250
               	Account Name:		testuser17
               	Account Domain:		WS2022-LAB01
               	Logon ID:		0x743BF

               Process Information:
               	Process Name:		C:\Windows\System32\svchost.exe

               Network Information:
               	Workstation Name:		WS2022-LAB01
               	Source Network Address:		127.0.0.1
               	Source Port:		0

TimeCreated  : 13/06/2026 16:34:24
Id           : 4625
ProviderName : Microsoft-Windows-Security-Auditing
MachineName  : WS2022-LAB02
Message      : An account failed to log on.

               Subject:
               	Security ID:		S-1-5-18
               	Account Name:		WS2022-LAB02$
               	Account Domain:		WORKGROUP
               	Logon ID:		0x3E7

               Logon Type:			2

               Account For Which Logon Failed:
               	Security ID:		S-1-5-21-1843355061-959072039-615746888-4664
               	Account Name:		testuser18
               	Account Domain:		WS2022-LAB02

               Failure Information:
               	Failure Reason:		Unknown user name or bad password.
               	Status:		0xC000006D
               	Sub Status:		0xC0000064

               Process Information:
               	Caller Process Name:		C:\Windows\System32\svchost.exe

               Network Information:
               	Workstation Name:		WS2022-LAB02
               	Source Network Address:		192.168.56.210
               	Source Port:		32355

TimeCreated  : 13/06/2026 16:34:25
Id           : 4625
ProviderName : Microsoft-Windows-Security-Auditing
MachineName  : WS2022-LAB02
Message      : An account failed to log on.

               Subject:
               	Security ID:		S-1-5-18
               	Account Name:		WS2022-LAB02$
               	Account Domain:		WORKGROUP
               	Logon ID:		0x3E7

               Logon Type:			2

               Account For Which Logon Failed:
               	Security ID:		S-1-5-21-1843355061-959072039-615746888-9737
               	Account Name:		testuser18
               	Account Domain:		WS2022-LAB02

               Failure Information:
               	Failure Reason:		Unknown user name or bad password.
               	Status:		0xC000006D
               	Sub Status:		0xC0000064

               Process Information:
               	Caller Process Name:		C:\Windows\System32\svchost.exe

               Network Information:
               	Workstation Name:		WS2022-LAB02
               	Source Network Address:		10.0.0.118
               	Source Port:		14125

TimeCreated  : 13/06/2026 16:34:28
Id           : 4625
ProviderName : Microsoft-Windows-Security-Auditing
MachineName  : WS2022-LAB01
Message      : An account failed to log on.

               Subject:
               	Security ID:		S-1-5-18
               	Account Name:		WS2022-LAB01$
               	Account Domain:		WORKGROUP
               	Logon ID:		0x3E7

               Logon Type:			2

               Account For Which Logon Failed:
               	Security ID:		S-1-5-21-1843355061-959072039-615746888-8088
               	Account Name:		testuser18
               	Account Domain:		WS2022-LAB01

               Failure Information:
               	Failure Reason:		User not allowed to log on at this computer.
               	Status:		0xC000006E
               	Sub Status:		0x0

               Process Information:
               	Caller Process Name:		C:\Windows\System32\svchost.exe

               Network Information:
               	Workstation Name:		WS2022-LAB01
               	Source Network Address:		10.0.0.151
               	Source Port:		31569

TimeCreated  : 13/06/2026 16:34:31
Id           : 4624
ProviderName : Microsoft-Windows-Security-Auditing
MachineName  : WS2022-LAB02
Message      : An account was successfully logged on.

               Subject:
               	Security ID:		S-1-5-18
               	Account Name:		WS2022-LAB02$
               	Account Domain:		WORKGROUP
               	Logon ID:		0x8C3BA

               Logon Information:
               	Logon Type:		2
               	Restricted Admin Mode:		-
               	Virtual Account:		No
               	Elevated Token:		No

               New Logon:
               	Security ID:		S-1-5-21-1843355061-959072039-615746888-1527
               	Account Name:		testuser18
               	Account Domain:		WS2022-LAB02
               	Logon ID:		0x1BB25

               Process Information:
               	Process Name:		C:\Windows\System32\svchost.exe

               Network Information:
               	Workstation Name:		WS2022-LAB02
               	Source Network Address:		127.0.0.1
               	Source Port:		0

TimeCreated  : 13/06/2026 16:34:36
Id           : 4625
ProviderName : Microsoft-Windows-Security-Auditing
MachineName  : WS2022-LAB01
Message      : An account failed to log on.

               Subject:
               	Security ID:		S-1-5-18
               	Account Name:		WS2022-LAB01$
               	Account Domain:		WORKGROUP
               	Logon ID:		0x3E7

               Logon Type:			2

               Account For Which Logon Failed:
               	Security ID:		S-1-5-21-1843355061-959072039-615746888-9312
               	Account Name:		testuser18
               	Account Domain:		WS2022-LAB01

               Failure Information:
               	Failure Reason:		User not allowed to log on at this computer.
               	Status:		0xC000006E
               	Sub Status:		0x0

               Process Information:
               	Caller Process Name:		C:\Windows\System32\svchost.exe

               Network Information:
               	Workstation Name:		WS2022-LAB01
               	Source Network Address:		172.16.10.20
               	Source Port:		47975

TimeCreated  : 13/06/2026 16:34:39
Id           : 4625
ProviderName : Microsoft-Windows-Security-Auditing
MachineName  : WS2022-LAB02
Message      : An account failed to log on.

               Subject:
               	Security ID:		S-1-5-18
               	Account Name:		WS2022-LAB02$
               	Account Domain:		WORKGROUP
               	Logon ID:		0x3E7

               Logon Type:			2

               Account For Which Logon Failed:
               	Security ID:		S-1-5-21-1843355061-959072039-615746888-9807
               	Account Name:		testuser18
               	Account Domain:		WS2022-LAB02

               Failure Information:
               	Failure Reason:		User not allowed to log on at this computer.
               	Status:		0xC000006E
               	Sub Status:		0x0

               Process Information:
               	Caller Process Name:		C:\Windows\System32\svchost.exe

               Network Information:
               	Workstation Name:		WS2022-LAB02
               	Source Network Address:		10.0.0.56
               	Source Port:		64138

TimeCreated  : 13/06/2026 16:34:44
Id           : 4625
ProviderName : Microsoft-Windows-Security-Auditing
MachineName  : WS2022-LAB02
Message      : An account failed to log on.

               Subject:
               	Security ID:		S-1-5-18
               	Account Name:		WS2022-LAB02$
               	Account Domain:		WORKGROUP
               	Logon ID:		0x3E7

               Logon Type:			2

               Account For Which Logon Failed:
               	Security ID:		S-1-5-21-1843355061-959072039-615746888-8816
               	Account Name:		testuser18
               	Account Domain:		WS2022-LAB02

               Failure Information:
               	Failure Reason:		Unknown user name or bad password.
               	Status:		0xC000006D
               	Sub Status:		0xC000006A

               Process Information:
               	Caller Process Name:		C:\Windows\System32\svchost.exe

               Network Information:
               	Workstation Name:		WS2022-LAB02
               	Source Network Address:		10.0.0.78
               	Source Port:		23785

TimeCreated  : 13/06/2026 16:34:49
Id           : 4624
ProviderName : Microsoft-Windows-Security-Auditing
MachineName  : WS2022-LAB02
Message      : An account was successfully logged on.

               Subject:
               	Security ID:		S-1-5-18
               	Account Name:		WS2022-LAB02$
               	Account Domain:		WORKGROUP
               	Logon ID:		0x36C6A

               Logon Information:
               	Logon Type:		2
               	Restricted Admin Mode:		-
               	Virtual Account:		No
               	Elevated Token:		No

               New Logon:
               	Security ID:		S-1-5-21-1843355061-959072039-615746888-9263
               	Account Name:		testuser18
               	Account Domain:		WS2022-LAB02
               	Logon ID:		0x3C162

               Process Information:
               	Process Name:		C:\Windows\System32\svchost.exe

               Network Information:
               	Workstation Name:		WS2022-LAB02
               	Source Network Address:		192.168.56.204
               	Source Port:		0

TimeCreated  : 13/06/2026 16:34:53
Id           : 4625
ProviderName : Microsoft-Windows-Security-Auditing
MachineName  : WIN-H96JM6F374S
Message      : An account failed to log on.

               Subject:
               	Security ID:		S-1-5-18
               	Account Name:		WIN-H96JM6F374S$
               	Account Domain:		WORKGROUP
               	Logon ID:		0x3E7

               Logon Type:			2

               Account For Which Logon Failed:
               	Security ID:		S-1-5-21-1843355061-959072039-615746888-6427
               	Account Name:		testuser1
               	Account Domain:		WIN-H96JM6F374S

               Failure Information:
               	Failure Reason:		User not allowed to log on at this computer.
               	Status:		0xC000006E
               	Sub Status:		0x0

               Process Information:
               	Caller Process Name:		C:\Windows\System32\svchost.exe

               Network Information:
               	Workstation Name:		WIN-H96JM6F374S
               	Source Network Address:		192.168.56.221
               	Source Port:		55270

TimeCreated  : 13/06/2026 16:34:58
Id           : 4625
ProviderName : Microsoft-Windows-Security-Auditing
MachineName  : WIN-H96JM6F374S
Message      : An account failed to log on.

               Subject:
               	Security ID:		S-1-5-18
               	Account Name:		WIN-H96JM6F374S$
               	Account Domain:		WORKGROUP
               	Logon ID:		0x3E7

               Logon Type:			2

               Account For Which Logon Failed:
               	Security ID:		S-1-5-21-1843355061-959072039-615746888-5889
               	Account Name:		testuser1
               	Account Domain:		WIN-H96JM6F374S

               Failure Information:
               	Failure Reason:		User not allowed to log on at this computer.
               	Status:		0xC000006E
               	Sub Status:		0x0

               Process Information:
               	Caller Process Name:		C:\Windows\System32\svchost.exe

               Network Information:
               	Workstation Name:		WIN-H96JM6F374S
               	Source Network Address:		10.0.0.221
               	Source Port:		32149

TimeCreated  : 13/06/2026 16:35:03
Id           : 4625
ProviderName : Microsoft-Windows-Security-Auditing
MachineName  : WS2022-LAB01
Message      : An account failed to log on.

               Subject:
               	Security ID:		S-1-5-18
               	Account Name:		WS2022-LAB01$
               	Account Domain:		WORKGROUP
               	Logon ID:		0x3E7

               Logon Type:			2

               Account For Which Logon Failed:
               	Security ID:		S-1-5-21-1843355061-959072039-615746888-9147
               	Account Name:		testuser1
               	Account Domain:		WS2022-LAB01

               Failure Information:
               	Failure Reason:		Unknown user name or bad password.
               	Status:		0xC000006D
               	Sub Status:		0xC0000064

               Process Information:
               	Caller Process Name:		C:\Windows\System32\svchost.exe

               Network Information:
               	Workstation Name:		WS2022-LAB01
               	Source Network Address:		10.0.0.209
               	Source Port:		31302

TimeCreated  : 13/06/2026 16:35:04
Id           : 4624
ProviderName : Microsoft-Windows-Security-Auditing
MachineName  : WS2022-LAB02
Message      : An account was successfully logged on.

               Subject:
               	Security ID:		S-1-5-18
               	Account Name:		WS2022-LAB02$
               	Account Domain:		WORKGROUP
               	Logon ID:		0x6F468

               Logon Information:
               	Logon Type:		2
               	Restricted Admin Mode:		-
               	Virtual Account:		No
               	Elevated Token:		No

               New Logon:
               	Security ID:		S-1-5-21-1843355061-959072039-615746888-8724
               	Account Name:		testuser1
               	Account Domain:		WS2022-LAB02
               	Logon ID:		0xEC800

               Process Information:
               	Process Name:		C:\Windows\System32\svchost.exe

               Network Information:
               	Workstation Name:		WS2022-LAB02
               	Source Network Address:		127.0.0.1
               	Source Port:		0

TimeCreated  : 13/06/2026 16:35:09
Id           : 4625
ProviderName : Microsoft-Windows-Security-Auditing
MachineName  : WIN-H96JM6F374S
Message      : An account failed to log on.

               Subject:
               	Security ID:		S-1-5-18
               	Account Name:		WIN-H96JM6F374S$
               	Account Domain:		WORKGROUP
               	Logon ID:		0x3E7

               Logon Type:			2

               Account For Which Logon Failed:
               	Security ID:		S-1-5-21-1843355061-959072039-615746888-2757
               	Account Name:		testuser3
               	Account Domain:		WIN-H96JM6F374S

               Failure Information:
               	Failure Reason:		Unknown user name or bad password.
               	Status:		0xC000006D
               	Sub Status:		0xC0000064

               Process Information:
               	Caller Process Name:		C:\Windows\System32\svchost.exe

               Network Information:
               	Workstation Name:		WIN-H96JM6F374S
               	Source Network Address:		192.168.56.150
               	Source Port:		16474

TimeCreated  : 13/06/2026 16:35:11
Id           : 4625
ProviderName : Microsoft-Windows-Security-Auditing
MachineName  : WS2022-LAB01
Message      : An account failed to log on.

               Subject:
               	Security ID:		S-1-5-18
               	Account Name:		WS2022-LAB01$
               	Account Domain:		WORKGROUP
               	Logon ID:		0x3E7

               Logon Type:			2

               Account For Which Logon Failed:
               	Security ID:		S-1-5-21-1843355061-959072039-615746888-1783
               	Account Name:		testuser3
               	Account Domain:		WS2022-LAB01

               Failure Information:
               	Failure Reason:		Unknown user name or bad password.
               	Status:		0xC000006D
               	Sub Status:		0xC0000064

               Process Information:
               	Caller Process Name:		C:\Windows\System32\svchost.exe

               Network Information:
               	Workstation Name:		WS2022-LAB01
               	Source Network Address:		10.0.0.104
               	Source Port:		53862

TimeCreated  : 13/06/2026 16:35:13
Id           : 4625
ProviderName : Microsoft-Windows-Security-Auditing
MachineName  : WIN-H96JM6F374S
Message      : An account failed to log on.

               Subject:
               	Security ID:		S-1-5-18
               	Account Name:		WIN-H96JM6F374S$
               	Account Domain:		WORKGROUP
               	Logon ID:		0x3E7

               Logon Type:			2

               Account For Which Logon Failed:
               	Security ID:		S-1-5-21-1843355061-959072039-615746888-5009
               	Account Name:		testuser3
               	Account Domain:		WIN-H96JM6F374S

               Failure Information:
               	Failure Reason:		Unknown user name or bad password.
               	Status:		0xC000006D
               	Sub Status:		0xC000006A

               Process Information:
               	Caller Process Name:		C:\Windows\System32\svchost.exe

               Network Information:
               	Workstation Name:		WIN-H96JM6F374S
               	Source Network Address:		172.16.10.111
               	Source Port:		45424

TimeCreated  : 13/06/2026 16:35:17
Id           : 4624
ProviderName : Microsoft-Windows-Security-Auditing
MachineName  : WS2022-LAB02
Message      : An account was successfully logged on.

               Subject:
               	Security ID:		S-1-5-18
               	Account Name:		WS2022-LAB02$
               	Account Domain:		WORKGROUP
               	Logon ID:		0xC44E4

               Logon Information:
               	Logon Type:		2
               	Restricted Admin Mode:		-
               	Virtual Account:		No
               	Elevated Token:		No

               New Logon:
               	Security ID:		S-1-5-21-1843355061-959072039-615746888-9267
               	Account Name:		testuser3
               	Account Domain:		WS2022-LAB02
               	Logon ID:		0xBE68A

               Process Information:
               	Process Name:		C:\Windows\System32\svchost.exe

               Network Information:
               	Workstation Name:		WS2022-LAB02
               	Source Network Address:		127.0.0.1
               	Source Port:		0

TimeCreated  : 13/06/2026 16:35:20
Id           : 4625
ProviderName : Microsoft-Windows-Security-Auditing
MachineName  : WIN-H96JM6F374S
Message      : An account failed to log on.

               Subject:
               	Security ID:		S-1-5-18
               	Account Name:		WIN-H96JM6F374S$
               	Account Domain:		WORKGROUP
               	Logon ID:		0x3E7

               Logon Type:			2

               Account For Which Logon Failed:
               	Security ID:		S-1-5-21-1843355061-959072039-615746888-7840
               	Account Name:		testuser5
               	Account Domain:		WIN-H96JM6F374S

               Failure Information:
               	Failure Reason:		Unknown user name or bad password.
               	Status:		0xC000006D
               	Sub Status:		0xC000006A

               Process Information:
               	Caller Process Name:		C:\Windows\System32\svchost.exe

               Network Information:
               	Workstation Name:		WIN-H96JM6F374S
               	Source Network Address:		192.168.56.222
               	Source Port:		55249

TimeCreated  : 13/06/2026 16:35:21
Id           : 4625
ProviderName : Microsoft-Windows-Security-Auditing
MachineName  : WS2022-LAB02
Message      : An account failed to log on.

               Subject:
               	Security ID:		S-1-5-18
               	Account Name:		WS2022-LAB02$
               	Account Domain:		WORKGROUP
               	Logon ID:		0x3E7

               Logon Type:			2

               Account For Which Logon Failed:
               	Security ID:		S-1-5-21-1843355061-959072039-615746888-8019
               	Account Name:		testuser5
               	Account Domain:		WS2022-LAB02

               Failure Information:
               	Failure Reason:		Unknown user name or bad password.
               	Status:		0xC000006D
               	Sub Status:		0xC000006A

               Process Information:
               	Caller Process Name:		C:\Windows\System32\svchost.exe

               Network Information:
               	Workstation Name:		WS2022-LAB02
               	Source Network Address:		192.168.56.106
               	Source Port:		54302

TimeCreated  : 13/06/2026 16:35:25
Id           : 4625
ProviderName : Microsoft-Windows-Security-Auditing
MachineName  : WS2022-LAB02
Message      : An account failed to log on.

               Subject:
               	Security ID:		S-1-5-18
               	Account Name:		WS2022-LAB02$
               	Account Domain:		WORKGROUP
               	Logon ID:		0x3E7

               Logon Type:			2

               Account For Which Logon Failed:
               	Security ID:		S-1-5-21-1843355061-959072039-615746888-4737
               	Account Name:		testuser5
               	Account Domain:		WS2022-LAB02

               Failure Information:
               	Failure Reason:		User not allowed to log on at this computer.
               	Status:		0xC000006E
               	Sub Status:		0x0

               Process Information:
               	Caller Process Name:		C:\Windows\System32\svchost.exe

               Network Information:
               	Workstation Name:		WS2022-LAB02
               	Source Network Address:		10.0.0.112
               	Source Port:		41802

TimeCreated  : 13/06/2026 16:35:30
Id           : 4624
ProviderName : Microsoft-Windows-Security-Auditing
MachineName  : WIN-H96JM6F374S
Message      : An account was successfully logged on.

               Subject:
               	Security ID:		S-1-5-18
               	Account Name:		WIN-H96JM6F374S$
               	Account Domain:		WORKGROUP
               	Logon ID:		0xCE26F

               Logon Information:
               	Logon Type:		2
               	Restricted Admin Mode:		-
               	Virtual Account:		No
               	Elevated Token:		No

               New Logon:
               	Security ID:		S-1-5-21-1843355061-959072039-615746888-3241
               	Account Name:		testuser5
               	Account Domain:		WIN-H96JM6F374S
               	Logon ID:		0x3EA0C

               Process Information:
               	Process Name:		C:\Windows\System32\svchost.exe

               Network Information:
               	Workstation Name:		WIN-H96JM6F374S
               	Source Network Address:		127.0.0.1
               	Source Port:		0

TimeCreated  : 13/06/2026 16:35:34
Id           : 4625
ProviderName : Microsoft-Windows-Security-Auditing
MachineName  : WS2022-LAB01
Message      : An account failed to log on.

               Subject:
               	Security ID:		S-1-5-18
               	Account Name:		WS2022-LAB01$
               	Account Domain:		WORKGROUP
               	Logon ID:		0x3E7

               Logon Type:			2

               Account For Which Logon Failed:
               	Security ID:		S-1-5-21-1843355061-959072039-615746888-5810
               	Account Name:		testuser18
               	Account Domain:		WS2022-LAB01

               Failure Information:
               	Failure Reason:		Unknown user name or bad password.
               	Status:		0xC000006D
               	Sub Status:		0xC000006A

               Process Information:
               	Caller Process Name:		C:\Windows\System32\svchost.exe

               Network Information:
               	Workstation Name:		WS2022-LAB01
               	Source Network Address:		192.168.56.207
               	Source Port:		12568

TimeCreated  : 13/06/2026 16:35:35
Id           : 4625
ProviderName : Microsoft-Windows-Security-Auditing
MachineName  : WS2022-LAB02
Message      : An account failed to log on.

               Subject:
               	Security ID:		S-1-5-18
               	Account Name:		WS2022-LAB02$
               	Account Domain:		WORKGROUP
               	Logon ID:		0x3E7

               Logon Type:			2

               Account For Which Logon Failed:
               	Security ID:		S-1-5-21-1843355061-959072039-615746888-7882
               	Account Name:		testuser18
               	Account Domain:		WS2022-LAB02

               Failure Information:
               	Failure Reason:		Unknown user name or bad password.
               	Status:		0xC000006D
               	Sub Status:		0xC0000064

               Process Information:
               	Caller Process Name:		C:\Windows\System32\svchost.exe

               Network Information:
               	Workstation Name:		WS2022-LAB02
               	Source Network Address:		172.16.10.144
               	Source Port:		53811

TimeCreated  : 13/06/2026 16:35:36
Id           : 4625
ProviderName : Microsoft-Windows-Security-Auditing
MachineName  : WIN-H96JM6F374S
Message      : An account failed to log on.

               Subject:
               	Security ID:		S-1-5-18
               	Account Name:		WIN-H96JM6F374S$
               	Account Domain:		WORKGROUP
               	Logon ID:		0x3E7

               Logon Type:			2

               Account For Which Logon Failed:
               	Security ID:		S-1-5-21-1843355061-959072039-615746888-5693
               	Account Name:		testuser18
               	Account Domain:		WIN-H96JM6F374S

               Failure Information:
               	Failure Reason:		Unknown user name or bad password.
               	Status:		0xC000006D
               	Sub Status:		0xC0000064

               Process Information:
               	Caller Process Name:		C:\Windows\System32\svchost.exe

               Network Information:
               	Workstation Name:		WIN-H96JM6F374S
               	Source Network Address:		192.168.56.156
               	Source Port:		32655

TimeCreated  : 13/06/2026 16:35:41
Id           : 4624
ProviderName : Microsoft-Windows-Security-Auditing
MachineName  : WS2022-LAB02
Message      : An account was successfully logged on.

               Subject:
               	Security ID:		S-1-5-18
               	Account Name:		WS2022-LAB02$
               	Account Domain:		WORKGROUP
               	Logon ID:		0x16116

               Logon Information:
               	Logon Type:		2
               	Restricted Admin Mode:		-
               	Virtual Account:		No
               	Elevated Token:		No

               New Logon:
               	Security ID:		S-1-5-21-1843355061-959072039-615746888-6117
               	Account Name:		testuser18
               	Account Domain:		WS2022-LAB02
               	Logon ID:		0x90A95

               Process Information:
               	Process Name:		C:\Windows\System32\svchost.exe

               Network Information:
               	Workstation Name:		WS2022-LAB02
               	Source Network Address:		127.0.0.1
               	Source Port:		0

TimeCreated  : 13/06/2026 16:35:46
Id           : 4625
ProviderName : Microsoft-Windows-Security-Auditing
MachineName  : WS2022-LAB01
Message      : An account failed to log on.

               Subject:
               	Security ID:		S-1-5-18
               	Account Name:		WS2022-LAB01$
               	Account Domain:		WORKGROUP
               	Logon ID:		0x3E7

               Logon Type:			2

               Account For Which Logon Failed:
               	Security ID:		S-1-5-21-1843355061-959072039-615746888-8414
               	Account Name:		testuser4
               	Account Domain:		WS2022-LAB01

               Failure Information:
               	Failure Reason:		User not allowed to log on at this computer.
               	Status:		0xC000006E
               	Sub Status:		0x0

               Process Information:
               	Caller Process Name:		C:\Windows\System32\svchost.exe

               Network Information:
               	Workstation Name:		WS2022-LAB01
               	Source Network Address:		192.168.56.98
               	Source Port:		1916

TimeCreated  : 13/06/2026 16:35:50
Id           : 4625
ProviderName : Microsoft-Windows-Security-Auditing
MachineName  : WS2022-LAB01
Message      : An account failed to log on.

               Subject:
               	Security ID:		S-1-5-18
               	Account Name:		WS2022-LAB01$
               	Account Domain:		WORKGROUP
               	Logon ID:		0x3E7

               Logon Type:			2

               Account For Which Logon Failed:
               	Security ID:		S-1-5-21-1843355061-959072039-615746888-2369
               	Account Name:		testuser4
               	Account Domain:		WS2022-LAB01

               Failure Information:
               	Failure Reason:		Unknown user name or bad password.
               	Status:		0xC000006D
               	Sub Status:		0xC0000064

               Process Information:
               	Caller Process Name:		C:\Windows\System32\svchost.exe

               Network Information:
               	Workstation Name:		WS2022-LAB01
               	Source Network Address:		192.168.56.36
               	Source Port:		9324

TimeCreated  : 13/06/2026 16:35:54
Id           : 4625
ProviderName : Microsoft-Windows-Security-Auditing
MachineName  : WS2022-LAB02
Message      : An account failed to log on.

               Subject:
               	Security ID:		S-1-5-18
               	Account Name:		WS2022-LAB02$
               	Account Domain:		WORKGROUP
               	Logon ID:		0x3E7

               Logon Type:			2

               Account For Which Logon Failed:
               	Security ID:		S-1-5-21-1843355061-959072039-615746888-8356
               	Account Name:		testuser4
               	Account Domain:		WS2022-LAB02

               Failure Information:
               	Failure Reason:		Unknown user name or bad password.
               	Status:		0xC000006D
               	Sub Status:		0xC0000064

               Process Information:
               	Caller Process Name:		C:\Windows\System32\svchost.exe

               Network Information:
               	Workstation Name:		WS2022-LAB02
               	Source Network Address:		192.168.56.204
               	Source Port:		3470

TimeCreated  : 13/06/2026 16:35:58
Id           : 4624
ProviderName : Microsoft-Windows-Security-Auditing
MachineName  : WS2022-LAB02
Message      : An account was successfully logged on.

               Subject:
               	Security ID:		S-1-5-18
               	Account Name:		WS2022-LAB02$
               	Account Domain:		WORKGROUP
               	Logon ID:		0xDF829

               Logon Information:
               	Logon Type:		2
               	Restricted Admin Mode:		-
               	Virtual Account:		No
               	Elevated Token:		No

               New Logon:
               	Security ID:		S-1-5-21-1843355061-959072039-615746888-2984
               	Account Name:		testuser4
               	Account Domain:		WS2022-LAB02
               	Logon ID:		0xE0899

               Process Information:
               	Process Name:		C:\Windows\System32\svchost.exe

               Network Information:
               	Workstation Name:		WS2022-LAB02
               	Source Network Address:		127.0.0.1
               	Source Port:		0

TimeCreated  : 13/06/2026 16:36:02
Id           : 4625
ProviderName : Microsoft-Windows-Security-Auditing
MachineName  : WS2022-LAB01
Message      : An account failed to log on.

               Subject:
               	Security ID:		S-1-5-18
               	Account Name:		WS2022-LAB01$
               	Account Domain:		WORKGROUP
               	Logon ID:		0x3E7

               Logon Type:			2

               Account For Which Logon Failed:
               	Security ID:		S-1-5-21-1843355061-959072039-615746888-3186
               	Account Name:		testuser13
               	Account Domain:		WS2022-LAB01

               Failure Information:
               	Failure Reason:		Unknown user name or bad password.
               	Status:		0xC000006D
               	Sub Status:		0xC0000064

               Process Information:
               	Caller Process Name:		C:\Windows\System32\svchost.exe

               Network Information:
               	Workstation Name:		WS2022-LAB01
               	Source Network Address:		192.168.56.132
               	Source Port:		11643

TimeCreated  : 13/06/2026 16:36:03
Id           : 4625
ProviderName : Microsoft-Windows-Security-Auditing
MachineName  : WS2022-LAB02
Message      : An account failed to log on.

               Subject:
               	Security ID:		S-1-5-18
               	Account Name:		WS2022-LAB02$
               	Account Domain:		WORKGROUP
               	Logon ID:		0x3E7

               Logon Type:			2

               Account For Which Logon Failed:
               	Security ID:		S-1-5-21-1843355061-959072039-615746888-3114
               	Account Name:		testuser13
               	Account Domain:		WS2022-LAB02

               Failure Information:
               	Failure Reason:		User not allowed to log on at this computer.
               	Status:		0xC000006E
               	Sub Status:		0x0

               Process Information:
               	Caller Process Name:		C:\Windows\System32\svchost.exe

               Network Information:
               	Workstation Name:		WS2022-LAB02
               	Source Network Address:		172.16.10.146
               	Source Port:		29078

TimeCreated  : 13/06/2026 16:36:04
Id           : 4625
ProviderName : Microsoft-Windows-Security-Auditing
MachineName  : WS2022-LAB01
Message      : An account failed to log on.

               Subject:
               	Security ID:		S-1-5-18
               	Account Name:		WS2022-LAB01$
               	Account Domain:		WORKGROUP
               	Logon ID:		0x3E7

               Logon Type:			2

               Account For Which Logon Failed:
               	Security ID:		S-1-5-21-1843355061-959072039-615746888-5348
               	Account Name:		testuser13
               	Account Domain:		WS2022-LAB01

               Failure Information:
               	Failure Reason:		Unknown user name or bad password.
               	Status:		0xC000006D
               	Sub Status:		0xC0000064

               Process Information:
               	Caller Process Name:		C:\Windows\System32\svchost.exe

               Network Information:
               	Workstation Name:		WS2022-LAB01
               	Source Network Address:		10.0.0.183
               	Source Port:		11399

TimeCreated  : 13/06/2026 16:36:06
Id           : 4624
ProviderName : Microsoft-Windows-Security-Auditing
MachineName  : WIN-H96JM6F374S
Message      : An account was successfully logged on.

               Subject:
               	Security ID:		S-1-5-18
               	Account Name:		WIN-H96JM6F374S$
               	Account Domain:		WORKGROUP
               	Logon ID:		0xD462D

               Logon Information:
               	Logon Type:		2
               	Restricted Admin Mode:		-
               	Virtual Account:		No
               	Elevated Token:		No

               New Logon:
               	Security ID:		S-1-5-21-1843355061-959072039-615746888-5749
               	Account Name:		testuser13
               	Account Domain:		WIN-H96JM6F374S
               	Logon ID:		0xCFDB5

               Process Information:
               	Process Name:		C:\Windows\System32\svchost.exe

               Network Information:
               	Workstation Name:		WIN-H96JM6F374S
               	Source Network Address:		127.0.0.1
               	Source Port:		0

