    {
      "event_id": 4624,
      "timestamp": "13/06/2026 09:16:22",
      "provider_name": "Microsoft-Windows-Security-Auditing",
      "machine_name": "WIN-H96JM6F374S",
      "message": "An account was successfully logged on.",
      "subject_account": "WIN-H96JM6F374S$",
      "subject_domain": "WORKGROUP",
      "subject_security_id": "S-1-5-18",
      "subject_logon_id": "0xD4271",
      "new_logon_account": "testuser20",
      "new_logon_domain": "WIN-H96JM6F374S",
      "new_logon_security_id": "S-1-5-21-1843355061-959072039-615746888-6922",
      "new_logon_logon_id": "0x4EE1D",
      "target_account": null,
      "target_domain": null,
      "target_security_id": null,
      "logon_type": "2",
      "elevated_token": "No",
      "virtual_account": "No",
      "restricted_admin_mode": "-",
      "workstation_name": "WIN-H96JM6F374S",
      "source_network_address": "127.0.0.1",
      "source_port": "0",
      "process_name": "C:\\Windows\\System32\\svchost.exe",
      "failure_reason": null,
      "status": null,
      "substatus": null,
      "logon_process": null,
      "authentication_package": null,
      "privileges": [],
      "scenario_id": "BASELINE-SUCCESS-0041"
    },
    {
      "event_id": 4624,
      "timestamp": "13/06/2026 09:16:28",
      "provider_name": "Microsoft-Windows-Security-Auditing",
      "machine_name": "WS2022-LAB02",
      "message": "An account was successfully logged on.",
      "subject_account": "WS2022-LAB02$",
      "subject_domain": "WORKGROUP",
      "subject_security_id": "S-1-5-18",
      "subject_logon_id": "0xBBFDF",
      "new_logon_account": "testuser14",
      "new_logon_domain": "WS2022-LAB02",
      "new_logon_security_id": "S-1-5-21-1843355061-959072039-615746888-9139",
      "new_logon_logon_id": "0xC6030",
      "target_account": null,
      "target_domain": null,
      "target_security_id": null,
      "logon_type": "2",
      "elevated_token": "No",
      "virtual_account": "No",
      "restricted_admin_mode": "-",
      "workstation_name": "WS2022-LAB02",
      "source_network_address": "127.0.0.1",
      "source_port": "0",
      "process_name": "C:\\Windows\\System32\\svchost.exe",
      "failure_reason": null,
      "status": null,
      "substatus": null,
      "logon_process": null,
      "authentication_package": null,
      "privileges": [],
      "scenario_id": "BASELINE-SUCCESS-0042"
    },
    {
      "event_id": 4624,
      "timestamp": "13/06/2026 09:16:59",
      "provider_name": "Microsoft-Windows-Security-Auditing",
      "machine_name": "WS2022-LAB01",
      "message": "An account was successfully logged on.",
      "subject_account": "WS2022-LAB01$",
      "subject_domain": "WORKGROUP",
      "subject_security_id": "S-1-5-18",
      "subject_logon_id": "0x588B9",
      "new_logon_account": "testuser9",
      "new_logon_domain": "WS2022-LAB01",
      "new_logon_security_id": "S-1-5-21-1843355061-959072039-615746888-5977",
      "new_logon_logon_id": "0x8A582",
      "target_account": null,
      "target_domain": null,
      "target_security_id": null,
      "logon_type": "2",
      "elevated_token": "No",
      "virtual_account": "No",
      "restricted_admin_mode": "-",
      "workstation_name": "WS2022-LAB01",
      "source_network_address": "10.0.0.108",
      "source_port": "0",
      "process_name": "C:\\Windows\\System32\\svchost.exe",
      "failure_reason": null,
      "status": null,
      "substatus": null,
      "logon_process": null,
      "authentication_package": null,
      "privileges": [],
      "scenario_id": "BASELINE-SUCCESS-0043"
    },
    {
      "event_id": 4624,
      "timestamp": "13/06/2026 09:17:27",
      "provider_name": "Microsoft-Windows-Security-Auditing",
      "machine_name": "WIN-H96JM6F374S",
      "message": "An account was successfully logged on.",
      "subject_account": "WIN-H96JM6F374S$",
      "subject_domain": "WORKGROUP",
      "subject_security_id": "S-1-5-18",
      "subject_logon_id": "0xCA512",
      "new_logon_account": "testuser8",
      "new_logon_domain": "WIN-H96JM6F374S",
      "new_logon_security_id": "S-1-5-21-1843355061-959072039-615746888-1613",
      "new_logon_logon_id": "0x7B17F",
      "target_account": null,
      "target_domain": null,
      "target_security_id": null,
      "logon_type": "2",
      "elevated_token": "No",
      "virtual_account": "No",
      "restricted_admin_mode": "-",
      "workstation_name": "WIN-H96JM6F374S",
      "source_network_address": "127.0.0.1",
      "source_port": "0",
      "process_name": "C:\\Windows\\System32\\svchost.exe",
      "failure_reason": null,
      "status": null,
      "substatus": null,
      "logon_process": null,
      "authentication_package": null,
      "privileges": [],
      "scenario_id": "BASELINE-SUCCESS-0044"
    },
    {
      "event_id": 4624,
      "timestamp": "13/06/2026 09:18:12",
      "provider_name": "Microsoft-Windows-Security-Auditing",
      "machine_name": "WS2022-LAB01",
      "message": "An account was successfully logged on.",
      "subject_account": "WS2022-LAB01$",
      "subject_domain": "WORKGROUP",
      "subject_security_id": "S-1-5-18",
      "subject_logon_id": "0xA452E",
      "new_logon_account": "testuser5",
      "new_logon_domain": "WS2022-LAB01",
      "new_logon_security_id": "S-1-5-21-1843355061-959072039-615746888-1135",
      "new_logon_logon_id": "0x89E28",
      "target_account": null,
      "target_domain": null,
      "target_security_id": null,
      "logon_type": "2",
      "elevated_token": "No",
      "virtual_account": "No",
      "restricted_admin_mode": "-",
      "workstation_name": "WS2022-LAB01",
      "source_network_address": "192.168.56.145",
      "source_port": "0",
      "process_name": "C:\\Windows\\System32\\svchost.exe",
      "failure_reason": null,
      "status": null,
      "substatus": null,
      "logon_process": null,
      "authentication_package": null,
      "privileges": [],
      "scenario_id": "BASELINE-SUCCESS-0045"
    },
    {
      "event_id": 4624,
      "timestamp": "13/06/2026 09:18:21",
      "provider_name": "Microsoft-Windows-Security-Auditing",
      "machine_name": "WS2022-LAB01",
      "message": "An account was successfully logged on.",
      "subject_account": "WS2022-LAB01$",
      "subject_domain": "WORKGROUP",
      "subject_security_id": "S-1-5-18",
      "subject_logon_id": "0x83514",
      "new_logon_account": "testuser16",
      "new_logon_domain": "WS2022-LAB01",
      "new_logon_security_id": "S-1-5-21-1843355061-959072039-615746888-2751",
      "new_logon_logon_id": "0x1CF94",
      "target_account": null,
      "target_domain": null,
      "target_security_id": null,
      "logon_type": "2",
      "elevated_token": "No",
      "virtual_account": "No",
      "restricted_admin_mode": "-",
      "workstation_name": "WS2022-LAB01",
      "source_network_address": "127.0.0.1",
      "source_port": "0",
      "process_name": "C:\\Windows\\System32\\svchost.exe",
      "failure_reason": null,
      "status": null,
      "substatus": null,
      "logon_process": null,
      "authentication_package": null,
      "privileges": [],
      "scenario_id": "BASELINE-SUCCESS-0046"
    },
    {
      "event_id": 4624,
      "timestamp": "13/06/2026 09:18:27",
      "provider_name": "Microsoft-Windows-Security-Auditing",
      "machine_name": "WS2022-LAB02",
      "message": "An account was successfully logged on.",
      "subject_account": "WS2022-LAB02$",
      "subject_domain": "WORKGROUP",
      "subject_security_id": "S-1-5-18",
      "subject_logon_id": "0xCF374",
      "new_logon_account": "testuser1",
      "new_logon_domain": "WS2022-LAB02",
      "new_logon_security_id": "S-1-5-21-1843355061-959072039-615746888-5610",
      "new_logon_logon_id": "0x444AF",
      "target_account": null,
      "target_domain": null,
      "target_security_id": null,
      "logon_type": "2",
      "elevated_token": "No",
      "virtual_account": "No",
      "restricted_admin_mode": "-",
      "workstation_name": "WS2022-LAB02",
      "source_network_address": "192.168.56.228",
      "source_port": "0",
      "process_name": "C:\\Windows\\System32\\svchost.exe",
      "failure_reason": null,
      "status": null,
      "substatus": null,
      "logon_process": null,
      "authentication_package": null,
      "privileges": [],
      "scenario_id": "BASELINE-SUCCESS-0047"
    },
    {
      "event_id": 4624,
      "timestamp": "13/06/2026 09:18:54",
      "provider_name": "Microsoft-Windows-Security-Auditing",
      "machine_name": "WIN-H96JM6F374S",
      "message": "An account was successfully logged on.",
      "subject_account": "WIN-H96JM6F374S$",
      "subject_domain": "WORKGROUP",
      "subject_security_id": "S-1-5-18",
      "subject_logon_id": "0xA9BF6",
      "new_logon_account": "testuser14",
      "new_logon_domain": "WIN-H96JM6F374S",
      "new_logon_security_id": "S-1-5-21-1843355061-959072039-615746888-3337",
      "new_logon_logon_id": "0xEB79F",
      "target_account": null,
      "target_domain": null,
      "target_security_id": null,
      "logon_type": "2",
      "elevated_token": "No",
      "virtual_account": "No",
      "restricted_admin_mode": "-",
      "workstation_name": "WIN-H96JM6F374S",
      "source_network_address": "127.0.0.1",
      "source_port": "0",
      "process_name": "C:\\Windows\\System32\\svchost.exe",
      "failure_reason": null,
      "status": null,
      "substatus": null,
      "logon_process": null,
      "authentication_package": null,
      "privileges": [],
      "scenario_id": "BASELINE-SUCCESS-0048"
    },
    {
      "event_id": 4624,
      "timestamp": "13/06/2026 09:19:01",
      "provider_name": "Microsoft-Windows-Security-Auditing",
      "machine_name": "WS2022-LAB02",
      "message": "An account was successfully logged on.",
      "subject_account": "WS2022-LAB02$",
      "subject_domain": "WORKGROUP",
      "subject_security_id": "S-1-5-18",
      "subject_logon_id": "0xD0E81",
      "new_logon_account": "testuser18",
      "new_logon_domain": "WS2022-LAB02",
      "new_logon_security_id": "S-1-5-21-1843355061-959072039-615746888-3244",
      "new_logon_logon_id": "0x488D0",
      "target_account": null,
      "target_domain": null,
      "target_security_id": null,
      "logon_type": "2",
      "elevated_token": "No",
      "virtual_account": "No",
      "restricted_admin_mode": "-",
      "workstation_name": "WS2022-LAB02",
      "source_network_address": "127.0.0.1",
      "source_port": "0",
      "process_name": "C:\\Windows\\System32\\svchost.exe",
      "failure_reason": null,
      "status": null,
      "substatus": null,
      "logon_process": null,
      "authentication_package": null,
      "privileges": [],
      "scenario_id": "BASELINE-SUCCESS-0049"
    },
    {
      "event_id": 4624,
      "timestamp": "13/06/2026 09:19:44",
      "provider_name": "Microsoft-Windows-Security-Auditing",
      "machine_name": "WS2022-LAB01",
      "message": "An account was successfully logged on.",
      "subject_account": "WS2022-LAB01$",
      "subject_domain": "WORKGROUP",
      "subject_security_id": "S-1-5-18",
      "subject_logon_id": "0x35897",
      "new_logon_account": "testuser18",
      "new_logon_domain": "WS2022-LAB01",
      "new_logon_security_id": "S-1-5-21-1843355061-959072039-615746888-2836",
      "new_logon_logon_id": "0x1E39F",
      "target_account": null,
      "target_domain": null,
      "target_security_id": null,
      "logon_type": "2",
      "elevated_token": "No",
      "virtual_account": "No",
      "restricted_admin_mode": "-",
      "workstation_name": "WS2022-LAB01",
      "source_network_address": "192.168.56.224",
      "source_port": "0",
      "process_name": "C:\\Windows\\System32\\svchost.exe",
      "failure_reason": null,
      "status": null,
      "substatus": null,
      "logon_process": null,
      "authentication_package": null,
      "privileges": [],
      "scenario_id": "BASELINE-SUCCESS-0050"
    },
    {
      "event_id": 4624,
      "timestamp": "13/06/2026 09:20:26",
      "provider_name": "Microsoft-Windows-Security-Auditing",
      "machine_name": "WS2022-LAB02",
      "message": "An account was successfully logged on.",
      "subject_account": "WS2022-LAB02$",
      "subject_domain": "WORKGROUP",
      "subject_security_id": "S-1-5-18",
      "subject_logon_id": "0xA71C2",
      "new_logon_account": "testuser2",
      "new_logon_domain": "WS2022-LAB02",
      "new_logon_security_id": "S-1-5-21-1843355061-959072039-615746888-6839",
      "new_logon_logon_id": "0x442D8",
      "target_account": null,
      "target_domain": null,
      "target_security_id": null,
      "logon_type": "2",
      "elevated_token": "No",
      "virtual_account": "No",
      "restricted_admin_mode": "-",
      "workstation_name": "WS2022-LAB02",
      "source_network_address": "127.0.0.1",
      "source_port": "0",
      "process_name": "C:\\Windows\\System32\\svchost.exe",
      "failure_reason": null,
      "status": null,
      "substatus": null,
      "logon_process": null,
      "authentication_package": null,
      "privileges": [],
      "scenario_id": "BASELINE-SUCCESS-0051"
    },
    {
      "event_id": 4624,
      "timestamp": "13/06/2026 09:20:42",
      "provider_name": "Microsoft-Windows-Security-Auditing",
      "machine_name": "WS2022-LAB01",
      "message": "An account was successfully logged on.",
      "subject_account": "WS2022-LAB01$",
      "subject_domain": "WORKGROUP",
      "subject_security_id": "S-1-5-18",
      "subject_logon_id": "0x6F03D",
      "new_logon_account": "testuser1",
      "new_logon_domain": "WS2022-LAB01",
      "new_logon_security_id": "S-1-5-21-1843355061-959072039-615746888-6728",
      "new_logon_logon_id": "0xC6A42",
      "target_account": null,
      "target_domain": null,
      "target_security_id": null,
      "logon_type": "2",
      "elevated_token": "No",
      "virtual_account": "No",
      "restricted_admin_mode": "-",
      "workstation_name": "WS2022-LAB01",
      "source_network_address": "127.0.0.1",
      "source_port": "0",
      "process_name": "C:\\Windows\\System32\\svchost.exe",
      "failure_reason": null,
      "status": null,
      "substatus": null,
      "logon_process": null,
      "authentication_package": null,
      "privileges": [],
      "scenario_id": "BASELINE-SUCCESS-0052"
    },
    {
      "event_id": 4624,
      "timestamp": "13/06/2026 09:21:27",
      "provider_name": "Microsoft-Windows-Security-Auditing",
      "machine_name": "WS2022-LAB01",
      "message": "An account was successfully logged on.",
      "subject_account": "WS2022-LAB01$",
      "subject_domain": "WORKGROUP",
      "subject_security_id": "S-1-5-18",
      "subject_logon_id": "0xA9ED8",
      "new_logon_account": "testuser16",
      "new_logon_domain": "WS2022-LAB01",
      "new_logon_security_id": "S-1-5-21-1843355061-959072039-615746888-1959",
      "new_logon_logon_id": "0xA904E",
      "target_account": null,
      "target_domain": null,
      "target_security_id": null,
      "logon_type": "2",
      "elevated_token": "No",
      "virtual_account": "No",
      "restricted_admin_mode": "-",
      "workstation_name": "WS2022-LAB01",
      "source_network_address": "127.0.0.1",
      "source_port": "0",
      "process_name": "C:\\Windows\\System32\\svchost.exe",
      "failure_reason": null,
      "status": null,
      "substatus": null,
      "logon_process": null,
      "authentication_package": null,
      "privileges": [],
      "scenario_id": "BASELINE-SUCCESS-0053"
    },
    {
      "event_id": 4624,
      "timestamp": "13/06/2026 09:21:54",
      "provider_name": "Microsoft-Windows-Security-Auditing",
      "machine_name": "WIN-H96JM6F374S",
      "message": "An account was successfully logged on.",
      "subject_account": "WIN-H96JM6F374S$",
      "subject_domain": "WORKGROUP",
      "subject_security_id": "S-1-5-18",
      "subject_logon_id": "0x83C1F",
      "new_logon_account": "testuser10",
      "new_logon_domain": "WIN-H96JM6F374S",
      "new_logon_security_id": "S-1-5-21-1843355061-959072039-615746888-9375",
      "new_logon_logon_id": "0x67B0B",
      "target_account": null,
      "target_domain": null,
      "target_security_id": null,
      "logon_type": "2",
      "elevated_token": "No",
      "virtual_account": "No",
      "restricted_admin_mode": "-",
      "workstation_name": "WIN-H96JM6F374S",
      "source_network_address": "172.16.10.227",
      "source_port": "0",
      "process_name": "C:\\Windows\\System32\\svchost.exe",
      "failure_reason": null,
      "status": null,
      "substatus": null,
      "logon_process": null,
      "authentication_package": null,
      "privileges": [],
      "scenario_id": "BASELINE-SUCCESS-0054"
    },
    {
      "event_id": 4624,
      "timestamp": "13/06/2026 09:22:37",
      "provider_name": "Microsoft-Windows-Security-Auditing",
      "machine_name": "WS2022-LAB01",
      "message": "An account was successfully logged on.",
      "subject_account": "WS2022-LAB01$",
      "subject_domain": "WORKGROUP",
      "subject_security_id": "S-1-5-18",
      "subject_logon_id": "0x5D8CB",
      "new_logon_account": "testuser10",
      "new_logon_domain": "WS2022-LAB01",
      "new_logon_security_id": "S-1-5-21-1843355061-959072039-615746888-4930",
      "new_logon_logon_id": "0x95B54",
      "target_account": null,
      "target_domain": null,
      "target_security_id": null,
      "logon_type": "2",
      "elevated_token": "No",
      "virtual_account": "No",
      "restricted_admin_mode": "-",
      "workstation_name": "WS2022-LAB01",
      "source_network_address": "127.0.0.1",
      "source_port": "0",
      "process_name": "C:\\Windows\\System32\\svchost.exe",
      "failure_reason": null,
      "status": null,
      "substatus": null,
      "logon_process": null,
      "authentication_package": null,
      "privileges": [],
      "scenario_id": "BASELINE-SUCCESS-0055"
    },
    {
      "event_id": 4624,
      "timestamp": "13/06/2026 09:23:04",
      "provider_name": "Microsoft-Windows-Security-Auditing",
      "machine_name": "WS2022-LAB02",
      "message": "An account was successfully logged on.",
      "subject_account": "WS2022-LAB02$",
      "subject_domain": "WORKGROUP",
      "subject_security_id": "S-1-5-18",
      "subject_logon_id": "0x5A75E",
      "new_logon_account": "testuser17",
      "new_logon_domain": "WS2022-LAB02",
      "new_logon_security_id": "S-1-5-21-1843355061-959072039-615746888-7547",
      "new_logon_logon_id": "0xCD5B6",
      "target_account": null,
      "target_domain": null,
      "target_security_id": null,
      "logon_type": "2",
      "elevated_token": "No",
      "virtual_account": "No",
      "restricted_admin_mode": "-",
      "workstation_name": "WS2022-LAB02",
      "source_network_address": "127.0.0.1",
      "source_port": "0",
      "process_name": "C:\\Windows\\System32\\svchost.exe",
      "failure_reason": null,
      "status": null,
      "substatus": null,
      "logon_process": null,
      "authentication_package": null,
      "privileges": [],
      "scenario_id": "BASELINE-SUCCESS-0056"
    },
    {
      "event_id": 4624,
      "timestamp": "13/06/2026 09:23:46",
      "provider_name": "Microsoft-Windows-Security-Auditing",
      "machine_name": "WS2022-LAB01",
      "message": "An account was successfully logged on.",
      "subject_account": "WS2022-LAB01$",
      "subject_domain": "WORKGROUP",
      "subject_security_id": "S-1-5-18",
      "subject_logon_id": "0x654FF",
      "new_logon_account": "testuser2",
      "new_logon_domain": "WS2022-LAB01",
      "new_logon_security_id": "S-1-5-21-1843355061-959072039-615746888-4532",
      "new_logon_logon_id": "0x53697",
      "target_account": null,
      "target_domain": null,
      "target_security_id": null,
      "logon_type": "2",
      "elevated_token": "No",
      "virtual_account": "No",
      "restricted_admin_mode": "-",
      "workstation_name": "WS2022-LAB01",
      "source_network_address": "127.0.0.1",
      "source_port": "0",
      "process_name": "C:\\Windows\\System32\\svchost.exe",
      "failure_reason": null,
      "status": null,
      "substatus": null,
      "logon_process": null,
      "authentication_package": null,
      "privileges": [],
      "scenario_id": "BASELINE-SUCCESS-0057"
    },
    {
      "event_id": 4624,
      "timestamp": "13/06/2026 09:24:21",
      "provider_name": "Microsoft-Windows-Security-Auditing",
      "machine_name": "WS2022-LAB01",
      "message": "An account was successfully logged on.",
      "subject_account": "WS2022-LAB01$",
      "subject_domain": "WORKGROUP",
      "subject_security_id": "S-1-5-18",
      "subject_logon_id": "0x8C5B3",
      "new_logon_account": "testuser8",
      "new_logon_domain": "WS2022-LAB01",
      "new_logon_security_id": "S-1-5-21-1843355061-959072039-615746888-8852",
      "new_logon_logon_id": "0x8ECBD",
      "target_account": null,
      "target_domain": null,
      "target_security_id": null,
      "logon_type": "2",
      "elevated_token": "No",
      "virtual_account": "No",
      "restricted_admin_mode": "-",
      "workstation_name": "WS2022-LAB01",
      "source_network_address": "127.0.0.1",
      "source_port": "0",
      "process_name": "C:\\Windows\\System32\\svchost.exe",
      "failure_reason": null,
      "status": null,
      "substatus": null,
      "logon_process": null,
      "authentication_package": null,
      "privileges": [],
      "scenario_id": "BASELINE-SUCCESS-0058"
    },
    {
      "event_id": 4624,
      "timestamp": "13/06/2026 09:24:49",
      "provider_name": "Microsoft-Windows-Security-Auditing",
      "machine_name": "WS2022-LAB02",
      "message": "An account was successfully logged on.",
      "subject_account": "WS2022-LAB02$",
      "subject_domain": "WORKGROUP",
      "subject_security_id": "S-1-5-18",
      "subject_logon_id": "0x73D90",
      "new_logon_account": "testuser3",
      "new_logon_domain": "WS2022-LAB02",
      "new_logon_security_id": "S-1-5-21-1843355061-959072039-615746888-1013",
      "new_logon_logon_id": "0xDBA2F",
      "target_account": null,
      "target_domain": null,
      "target_security_id": null,
      "logon_type": "2",
      "elevated_token": "No",
      "virtual_account": "No",
      "restricted_admin_mode": "-",
      "workstation_name": "WS2022-LAB02",
      "source_network_address": "127.0.0.1",
      "source_port": "0",
      "process_name": "C:\\Windows\\System32\\svchost.exe",
      "failure_reason": null,
      "status": null,
      "substatus": null,
      "logon_process": null,
      "authentication_package": null,
      "privileges": [],
      "scenario_id": "BASELINE-SUCCESS-0059"
    },
    {
      "event_id": 4624,
      "timestamp": "13/06/2026 09:24:55",
      "provider_name": "Microsoft-Windows-Security-Auditing",
      "machine_name": "WS2022-LAB02",
      "message": "An account was successfully logged on.",
      "subject_account": "WS2022-LAB02$",
      "subject_domain": "WORKGROUP",
      "subject_security_id": "S-1-5-18",
      "subject_logon_id": "0xA4676",
      "new_logon_account": "testuser1",
      "new_logon_domain": "WS2022-LAB02",
      "new_logon_security_id": "S-1-5-21-1843355061-959072039-615746888-7628",
      "new_logon_logon_id": "0xC020A",
      "target_account": null,
      "target_domain": null,
      "target_security_id": null,
      "logon_type": "2",
      "elevated_token": "No",
      "virtual_account": "No",
      "restricted_admin_mode": "-",
      "workstation_name": "WS2022-LAB02",
      "source_network_address": "127.0.0.1",
      "source_port": "0",
      "process_name": "C:\\Windows\\System32\\svchost.exe",
      "failure_reason": null,
      "status": null,
      "substatus": null,
      "logon_process": null,
      "authentication_package": null,
      "privileges": [],
      "scenario_id": "BASELINE-SUCCESS-0060"
    },
    {
      "event_id": 4624,
      "timestamp": "13/06/2026 09:25:29",
      "provider_name": "Microsoft-Windows-Security-Auditing",
      "machine_name": "WS2022-LAB01",
      "message": "An account was successfully logged on.",
      "subject_account": "WS2022-LAB01$",
      "subject_domain": "WORKGROUP",
      "subject_security_id": "S-1-5-18",
      "subject_logon_id": "0x1A213",
      "new_logon_account": "testuser11",
      "new_logon_domain": "WS2022-LAB01",
      "new_logon_security_id": "S-1-5-21-1843355061-959072039-615746888-4168",
      "new_logon_logon_id": "0xEE096",
      "target_account": null,
      "target_domain": null,
      "target_security_id": null,
      "logon_type": "2",
      "elevated_token": "No",
      "virtual_account": "No",
      "restricted_admin_mode": "-",
      "workstation_name": "WS2022-LAB01",
      "source_network_address": "127.0.0.1",
      "source_port": "0",
      "process_name": "C:\\Windows\\System32\\svchost.exe",
      "failure_reason": null,
      "status": null,
      "substatus": null,
      "logon_process": null,
      "authentication_package": null,
      "privileges": [],
      "scenario_id": "BASELINE-SUCCESS-0061"
    },
    {
      "event_id": 4624,
      "timestamp": "13/06/2026 09:26:13",
      "provider_name": "Microsoft-Windows-Security-Auditing",
      "machine_name": "WS2022-LAB01",
      "message": "An account was successfully logged on.",
      "subject_account": "WS2022-LAB01$",
      "subject_domain": "WORKGROUP",
      "subject_security_id": "S-1-5-18",
      "subject_logon_id": "0xA4E9B",
      "new_logon_account": "testuser19",
      "new_logon_domain": "WS2022-LAB01",
      "new_logon_security_id": "S-1-5-21-1843355061-959072039-615746888-9594",
      "new_logon_logon_id": "0x6527B",
      "target_account": null,
      "target_domain": null,
      "target_security_id": null,
      "logon_type": "2",
      "elevated_token": "No",
      "virtual_account": "No",
      "restricted_admin_mode": "-",
      "workstation_name": "WS2022-LAB01",
      "source_network_address": "127.0.0.1",
      "source_port": "0",
      "process_name": "C:\\Windows\\System32\\svchost.exe",
      "failure_reason": null,
      "status": null,
      "substatus": null,
      "logon_process": null,
      "authentication_package": null,
      "privileges": [],
      "scenario_id": "BASELINE-SUCCESS-0062"
    },
    {
      "event_id": 4624,
      "timestamp": "13/06/2026 09:26:35",
      "provider_name": "Microsoft-Windows-Security-Auditing",
      "machine_name": "WS2022-LAB01",
      "message": "An account was successfully logged on.",
      "subject_account": "WS2022-LAB01$",
      "subject_domain": "WORKGROUP",
      "subject_security_id": "S-1-5-18",
      "subject_logon_id": "0x765B6",
      "new_logon_account": "testuser16",
      "new_logon_domain": "WS2022-LAB01",
      "new_logon_security_id": "S-1-5-21-1843355061-959072039-615746888-5579",
      "new_logon_logon_id": "0x5DF4D",
      "target_account": null,
      "target_domain": null,
      "target_security_id": null,
      "logon_type": "2",
      "elevated_token": "No",
      "virtual_account": "No",
      "restricted_admin_mode": "-",
      "workstation_name": "WS2022-LAB01",
      "source_network_address": "127.0.0.1",
      "source_port": "0",
      "process_name": "C:\\Windows\\System32\\svchost.exe",
      "failure_reason": null,
      "status": null,
      "substatus": null,
      "logon_process": null,
      "authentication_package": null,
      "privileges": [],
      "scenario_id": "BASELINE-SUCCESS-0063"
    },
    {
      "event_id": 4624,
      "timestamp": "13/06/2026 09:26:44",
      "provider_name": "Microsoft-Windows-Security-Auditing",
      "machine_name": "WS2022-LAB01",
      "message": "An account was successfully logged on.",
      "subject_account": "WS2022-LAB01$",
      "subject_domain": "WORKGROUP",
      "subject_security_id": "S-1-5-18",
      "subject_logon_id": "0x44BA9",
      "new_logon_account": "testuser15",
      "new_logon_domain": "WS2022-LAB01",
      "new_logon_security_id": "S-1-5-21-1843355061-959072039-615746888-2705",
      "new_logon_logon_id": "0x625CB",
      "target_account": null,
      "target_domain": null,
      "target_security_id": null,
      "logon_type": "2",
      "elevated_token": "No",
      "virtual_account": "No",
      "restricted_admin_mode": "-",
      "workstation_name": "WS2022-LAB01",
      "source_network_address": "127.0.0.1",
      "source_port": "0",
      "process_name": "C:\\Windows\\System32\\svchost.exe",
      "failure_reason": null,
      "status": null,
      "substatus": null,
      "logon_process": null,
      "authentication_package": null,
      "privileges": [],
      "scenario_id": "BASELINE-SUCCESS-0064"
    },
    {
      "event_id": 4624,
      "timestamp": "13/06/2026 09:26:52",
      "provider_name": "Microsoft-Windows-Security-Auditing",
      "machine_name": "WS2022-LAB01",
      "message": "An account was successfully logged on.",
      "subject_account": "WS2022-LAB01$",
      "subject_domain": "WORKGROUP",
      "subject_security_id": "S-1-5-18",
      "subject_logon_id": "0x22A78",
      "new_logon_account": "testuser17",
      "new_logon_domain": "WS2022-LAB01",
      "new_logon_security_id": "S-1-5-21-1843355061-959072039-615746888-8505",
      "new_logon_logon_id": "0xB0FA5",
      "target_account": null,
      "target_domain": null,
      "target_security_id": null,
      "logon_type": "2",
      "elevated_token": "No",
      "virtual_account": "No",
      "restricted_admin_mode": "-",
      "workstation_name": "WS2022-LAB01",
      "source_network_address": "172.16.10.94",
      "source_port": "0",
      "process_name": "C:\\Windows\\System32\\svchost.exe",
      "failure_reason": null,
      "status": null,
      "substatus": null,
      "logon_process": null,
      "authentication_package": null,
      "privileges": [],
      "scenario_id": "BASELINE-SUCCESS-0065"
    },
    {
      "event_id": 4624,
      "timestamp": "13/06/2026 09:27:27",
      "provider_name": "Microsoft-Windows-Security-Auditing",
      "machine_name": "WS2022-LAB01",
      "message": "An account was successfully logged on.",
      "subject_account": "WS2022-LAB01$",
      "subject_domain": "WORKGROUP",
      "subject_security_id": "S-1-5-18",
      "subject_logon_id": "0xEE52E",
      "new_logon_account": "testuser20",
      "new_logon_domain": "WS2022-LAB01",
      "new_logon_security_id": "S-1-5-21-1843355061-959072039-615746888-2223",
      "new_logon_logon_id": "0xB49DF",
      "target_account": null,
      "target_domain": null,
      "target_security_id": null,
      "logon_type": "2",
      "elevated_token": "No",
      "virtual_account": "No",
      "restricted_admin_mode": "-",
      "workstation_name": "WS2022-LAB01",
      "source_network_address": "192.168.56.234",
      "source_port": "0",
      "process_name": "C:\\Windows\\System32\\svchost.exe",
      "failure_reason": null,
      "status": null,
      "substatus": null,
      "logon_process": null,
      "authentication_package": null,
      "privileges": [],
      "scenario_id": "BASELINE-SUCCESS-0066"
    },
    {
      "event_id": 4624,
      "timestamp": "13/06/2026 09:27:43",
      "provider_name": "Microsoft-Windows-Security-Auditing",
      "machine_name": "WIN-H96JM6F374S",
      "message": "An account was successfully logged on.",
      "subject_account": "WIN-H96JM6F374S$",
      "subject_domain": "WORKGROUP",
      "subject_security_id": "S-1-5-18",
      "subject_logon_id": "0x2E74F",
      "new_logon_account": "testuser8",
      "new_logon_domain": "WIN-H96JM6F374S",
      "new_logon_security_id": "S-1-5-21-1843355061-959072039-615746888-8774",
      "new_logon_logon_id": "0x7C049",
      "target_account": null,
      "target_domain": null,
      "target_security_id": null,
      "logon_type": "2",
      "elevated_token": "No",
      "virtual_account": "No",
      "restricted_admin_mode": "-",
      "workstation_name": "WIN-H96JM6F374S",
      "source_network_address": "127.0.0.1",
      "source_port": "0",
      "process_name": "C:\\Windows\\System32\\svchost.exe",
      "failure_reason": null,
      "status": null,
      "substatus": null,
      "logon_process": null,
      "authentication_package": null,
      "privileges": [],
      "scenario_id": "BASELINE-SUCCESS-0067"
    },
    {
      "event_id": 4624,
      "timestamp": "13/06/2026 09:28:27",
      "provider_name": "Microsoft-Windows-Security-Auditing",
      "machine_name": "WS2022-LAB01",
      "message": "An account was successfully logged on.",
      "subject_account": "WS2022-LAB01$",
      "subject_domain": "WORKGROUP",
      "subject_security_id": "S-1-5-18",
      "subject_logon_id": "0xB6EC5",
      "new_logon_account": "testuser1",
      "new_logon_domain": "WS2022-LAB01",
      "new_logon_security_id": "S-1-5-21-1843355061-959072039-615746888-5322",
      "new_logon_logon_id": "0xED029",
      "target_account": null,
      "target_domain": null,
      "target_security_id": null,
      "logon_type": "2",
      "elevated_token": "No",
      "virtual_account": "No",
      "restricted_admin_mode": "-",
      "workstation_name": "WS2022-LAB01",
      "source_network_address": "127.0.0.1",
      "source_port": "0",
      "process_name": "C:\\Windows\\System32\\svchost.exe",
      "failure_reason": null,
      "status": null,
      "substatus": null,
      "logon_process": null,
      "authentication_package": null,
      "privileges": [],
      "scenario_id": "BASELINE-SUCCESS-0068"
    },
    {
      "event_id": 4624,
      "timestamp": "13/06/2026 09:28:41",
      "provider_name": "Microsoft-Windows-Security-Auditing",
      "machine_name": "WS2022-LAB01",
      "message": "An account was successfully logged on.",
      "subject_account": "WS2022-LAB01$",
      "subject_domain": "WORKGROUP",
      "subject_security_id": "S-1-5-18",
      "subject_logon_id": "0x80555",
      "new_logon_account": "testuser5",
      "new_logon_domain": "WS2022-LAB01",
      "new_logon_security_id": "S-1-5-21-1843355061-959072039-615746888-9780",
      "new_logon_logon_id": "0xB80B3",
      "target_account": null,
      "target_domain": null,
      "target_security_id": null,
      "logon_type": "2",
      "elevated_token": "No",
      "virtual_account": "No",
      "restricted_admin_mode": "-",
      "workstation_name": "WS2022-LAB01",
      "source_network_address": "127.0.0.1",
      "source_port": "0",
      "process_name": "C:\\Windows\\System32\\svchost.exe",
      "failure_reason": null,
      "status": null,
      "substatus": null,
      "logon_process": null,
      "authentication_package": null,
      "privileges": [],
      "scenario_id": "BASELINE-SUCCESS-0069"
    },
    {
      "event_id": 4624,
      "timestamp": "13/06/2026 09:29:25",
      "provider_name": "Microsoft-Windows-Security-Auditing",
      "machine_name": "WS2022-LAB02",
      "message": "An account was successfully logged on.",
      "subject_account": "WS2022-LAB02$",
      "subject_domain": "WORKGROUP",
      "subject_security_id": "S-1-5-18",
      "subject_logon_id": "0xDAF36",
      "new_logon_account": "testuser9",
      "new_logon_domain": "WS2022-LAB02",
      "new_logon_security_id": "S-1-5-21-1843355061-959072039-615746888-4245",
      "new_logon_logon_id": "0x31FF2",
      "target_account": null,
      "target_domain": null,
      "target_security_id": null,
      "logon_type": "2",
      "elevated_token": "No",
      "virtual_account": "No",
      "restricted_admin_mode": "-",
      "workstation_name": "WS2022-LAB02",
      "source_network_address": "127.0.0.1",
      "source_port": "0",
      "process_name": "C:\\Windows\\System32\\svchost.exe",
      "failure_reason": null,
      "status": null,
      "substatus": null,
      "logon_process": null,
      "authentication_package": null,
      "privileges": [],
      "scenario_id": "BASELINE-SUCCESS-0070"
    },
    {
      "event_id": 4624,
      "timestamp": "13/06/2026 09:29:52",
      "provider_name": "Microsoft-Windows-Security-Auditing",
      "machine_name": "WS2022-LAB02",
      "message": "An account was successfully logged on.",
      "subject_account": "WS2022-LAB02$",
      "subject_domain": "WORKGROUP",
      "subject_security_id": "S-1-5-18",
      "subject_logon_id": "0xBDD09",
      "new_logon_account": "testuser11",
      "new_logon_domain": "WS2022-LAB02",
      "new_logon_security_id": "S-1-5-21-1843355061-959072039-615746888-5807",
      "new_logon_logon_id": "0xB7B98",
      "target_account": null,
      "target_domain": null,
      "target_security_id": null,
      "logon_type": "2",
      "elevated_token": "No",
      "virtual_account": "No",
      "restricted_admin_mode": "-",
      "workstation_name": "WS2022-LAB02",
      "source_network_address": "172.16.10.16",
      "source_port": "0",
      "process_name": "C:\\Windows\\System32\\svchost.exe",
      "failure_reason": null,
      "status": null,
      "substatus": null,
      "logon_process": null,
      "authentication_package": null,
      "privileges": [],
      "scenario_id": "BASELINE-SUCCESS-0071"
    },
    {
      "event_id": 4624,
      "timestamp": "13/06/2026 09:30:04",
      "provider_name": "Microsoft-Windows-Security-Auditing",
      "machine_name": "WS2022-LAB01",
      "message": "An account was successfully logged on.",
      "subject_account": "WS2022-LAB01$",
      "subject_domain": "WORKGROUP",
      "subject_security_id": "S-1-5-18",
      "subject_logon_id": "0xB61C7",
      "new_logon_account": "testuser15",
      "new_logon_domain": "WS2022-LAB01",
      "new_logon_security_id": "S-1-5-21-1843355061-959072039-615746888-2644",
      "new_logon_logon_id": "0xA9647",
      "target_account": null,
      "target_domain": null,
      "target_security_id": null,
      "logon_type": "2",
      "elevated_token": "No",
      "virtual_account": "No",
      "restricted_admin_mode": "-",
      "workstation_name": "WS2022-LAB01",
      "source_network_address": "127.0.0.1",
      "source_port": "0",
      "process_name": "C:\\Windows\\System32\\svchost.exe",
      "failure_reason": null,
      "status": null,
      "substatus": null,
      "logon_process": null,
      "authentication_package": null,
      "privileges": [],
      "scenario_id": "BASELINE-SUCCESS-0072"
    },
    {
      "event_id": 4624,
      "timestamp": "13/06/2026 09:30:24",
      "provider_name": "Microsoft-Windows-Security-Auditing",
      "machine_name": "WS2022-LAB02",
      "message": "An account was successfully logged on.",
      "subject_account": "WS2022-LAB02$",
      "subject_domain": "WORKGROUP",
      "subject_security_id": "S-1-5-18",
      "subject_logon_id": "0x222FA",
      "new_logon_account": "testuser10",
      "new_logon_domain": "WS2022-LAB02",
      "new_logon_security_id": "S-1-5-21-1843355061-959072039-615746888-4538",
      "new_logon_logon_id": "0x566DC",
      "target_account": null,
      "target_domain": null,
      "target_security_id": null,
      "logon_type": "2",
      "elevated_token": "No",
      "virtual_account": "No",
      "restricted_admin_mode": "-",
      "workstation_name": "WS2022-LAB02",
      "source_network_address": "127.0.0.1",
      "source_port": "0",
      "process_name": "C:\\Windows\\System32\\svchost.exe",
      "failure_reason": null,
      "status": null,
      "substatus": null,
      "logon_process": null,
      "authentication_package": null,
      "privileges": [],
      "scenario_id": "BASELINE-SUCCESS-0073"
    },
    {
      "event_id": 4624,
      "timestamp": "13/06/2026 09:30:33",
      "provider_name": "Microsoft-Windows-Security-Auditing",
      "machine_name": "WS2022-LAB02",
      "message": "An account was successfully logged on.",
      "subject_account": "WS2022-LAB02$",
      "subject_domain": "WORKGROUP",
      "subject_security_id": "S-1-5-18",
      "subject_logon_id": "0xB2BAF",
      "new_logon_account": "testuser7",
      "new_logon_domain": "WS2022-LAB02",
      "new_logon_security_id": "S-1-5-21-1843355061-959072039-615746888-4006",
      "new_logon_logon_id": "0x2B823",
      "target_account": null,
      "target_domain": null,
      "target_security_id": null,
      "logon_type": "2",
      "elevated_token": "No",
      "virtual_account": "No",
      "restricted_admin_mode": "-",
      "workstation_name": "WS2022-LAB02",
      "source_network_address": "127.0.0.1",
      "source_port": "0",
      "process_name": "C:\\Windows\\System32\\svchost.exe",
      "failure_reason": null,
      "status": null,
      "substatus": null,
      "logon_process": null,
      "authentication_package": null,
      "privileges": [],
      "scenario_id": "BASELINE-SUCCESS-0074"
    },
    {
      "event_id": 4624,
      "timestamp": "13/06/2026 09:30:42",
      "provider_name": "Microsoft-Windows-Security-Auditing",
      "machine_name": "WS2022-LAB02",
      "message": "An account was successfully logged on.",
      "subject_account": "WS2022-LAB02$",
      "subject_domain": "WORKGROUP",
      "subject_security_id": "S-1-5-18",
      "subject_logon_id": "0x8FE91",
      "new_logon_account": "testuser14",
      "new_logon_domain": "WS2022-LAB02",
      "new_logon_security_id": "S-1-5-21-1843355061-959072039-615746888-4737",
      "new_logon_logon_id": "0xBE1A4",
      "target_account": null,
      "target_domain": null,
      "target_security_id": null,
      "logon_type": "2",
      "elevated_token": "No",
      "virtual_account": "No",
      "restricted_admin_mode": "-",
      "workstation_name": "WS2022-LAB02",
      "source_network_address": "127.0.0.1",
      "source_port": "0",
      "process_name": "C:\\Windows\\System32\\svchost.exe",
      "failure_reason": null,
      "status": null,
      "substatus": null,
      "logon_process": null,
      "authentication_package": null,
      "privileges": [],
      "scenario_id": "BASELINE-SUCCESS-0075"
    },
    {
      "event_id": 4624,
      "timestamp": "13/06/2026 09:30:51",
      "provider_name": "Microsoft-Windows-Security-Auditing",
      "machine_name": "WS2022-LAB01",
      "message": "An account was successfully logged on.",
      "subject_account": "WS2022-LAB01$",
      "subject_domain": "WORKGROUP",
      "subject_security_id": "S-1-5-18",
      "subject_logon_id": "0x2E322",
      "new_logon_account": "testuser5",
      "new_logon_domain": "WS2022-LAB01",
      "new_logon_security_id": "S-1-5-21-1843355061-959072039-615746888-8739",
      "new_logon_logon_id": "0x9527B",
      "target_account": null,
      "target_domain": null,
      "target_security_id": null,
      "logon_type": "2",
      "elevated_token": "No",
      "virtual_account": "No",
      "restricted_admin_mode": "-",
      "workstation_name": "WS2022-LAB01",
      "source_network_address": "127.0.0.1",
      "source_port": "0",
      "process_name": "C:\\Windows\\System32\\svchost.exe",
      "failure_reason": null,
      "status": null,
      "substatus": null,
      "logon_process": null,
      "authentication_package": null,
      "privileges": [],
      "scenario_id": "BASELINE-SUCCESS-0076"
    },
    {
      "event_id": 4624,
      "timestamp": "13/06/2026 09:31:24",
      "provider_name": "Microsoft-Windows-Security-Auditing",
      "machine_name": "WIN-H96JM6F374S",
      "message": "An account was successfully logged on.",
      "subject_account": "WIN-H96JM6F374S$",
      "subject_domain": "WORKGROUP",
      "subject_security_id": "S-1-5-18",
      "subject_logon_id": "0x9F16E",
      "new_logon_account": "testuser19",
      "new_logon_domain": "WIN-H96JM6F374S",
      "new_logon_security_id": "S-1-5-21-1843355061-959072039-615746888-8756",
      "new_logon_logon_id": "0x810C4",
      "target_account": null,
      "target_domain": null,
      "target_security_id": null,
      "logon_type": "2",
      "elevated_token": "No",
      "virtual_account": "No",
      "restricted_admin_mode": "-",
      "workstation_name": "WIN-H96JM6F374S",
      "source_network_address": "172.16.10.18",
      "source_port": "0",
      "process_name": "C:\\Windows\\System32\\svchost.exe",
      "failure_reason": null,
      "status": null,
      "substatus": null,
      "logon_process": null,
      "authentication_package": null,
      "privileges": [],
      "scenario_id": "BASELINE-SUCCESS-0077"
    },
    {
      "event_id": 4624,
      "timestamp": "13/06/2026 09:31:40",
      "provider_name": "Microsoft-Windows-Security-Auditing",
      "machine_name": "WS2022-LAB02",
      "message": "An account was successfully logged on.",
      "subject_account": "WS2022-LAB02$",
      "subject_domain": "WORKGROUP",
      "subject_security_id": "S-1-5-18",
      "subject_logon_id": "0x6E5A6",
      "new_logon_account": "testuser1",
      "new_logon_domain": "WS2022-LAB02",
      "new_logon_security_id": "S-1-5-21-1843355061-959072039-615746888-2564",
      "new_logon_logon_id": "0xE1B7D",
      "target_account": null,
      "target_domain": null,
      "target_security_id": null,
      "logon_type": "2",
      "elevated_token": "No",
      "virtual_account": "No",
      "restricted_admin_mode": "-",
      "workstation_name": "WS2022-LAB02",
      "source_network_address": "127.0.0.1",
      "source_port": "0",
      "process_name": "C:\\Windows\\System32\\svchost.exe",
      "failure_reason": null,
      "status": null,
      "substatus": null,
      "logon_process": null,
      "authentication_package": null,
      "privileges": [],
      "scenario_id": "BASELINE-SUCCESS-0078"
    },
    {
      "event_id": 4624,
      "timestamp": "13/06/2026 09:32:09",
      "provider_name": "Microsoft-Windows-Security-Auditing",
      "machine_name": "WS2022-LAB02",
      "message": "An account was successfully logged on.",
      "subject_account": "WS2022-LAB02$",
      "subject_domain": "WORKGROUP",
      "subject_security_id": "S-1-5-18",
      "subject_logon_id": "0xBFD5C",
      "new_logon_account": "testuser13",
      "new_logon_domain": "WS2022-LAB02",
      "new_logon_security_id": "S-1-5-21-1843355061-959072039-615746888-6077",
      "new_logon_logon_id": "0x29193",
      "target_account": null,
      "target_domain": null,
      "target_security_id": null,
      "logon_type": "2",
      "elevated_token": "No",
      "virtual_account": "No",
      "restricted_admin_mode": "-",
      "workstation_name": "WS2022-LAB02",
      "source_network_address": "10.0.0.80",
      "source_port": "0",
      "process_name": "C:\\Windows\\System32\\svchost.exe",
      "failure_reason": null,
      "status": null,
      "substatus": null,
      "logon_process": null,
      "authentication_package": null,
      "privileges": [],
      "scenario_id": "BASELINE-SUCCESS-0079"
    },
    {
      "event_id": 4624,
      "timestamp": "13/06/2026 09:32:37",
      "provider_name": "Microsoft-Windows-Security-Auditing",
      "machine_name": "WS2022-LAB01",
      "message": "An account was successfully logged on.",
      "subject_account": "WS2022-LAB01$",
      "subject_domain": "WORKGROUP",
      "subject_security_id": "S-1-5-18",
      "subject_logon_id": "0xCB167",
      "new_logon_account": "testuser7",
      "new_logon_domain": "WS2022-LAB01",
      "new_logon_security_id": "S-1-5-21-1843355061-959072039-615746888-6656",
      "new_logon_logon_id": "0x78CFB",
      "target_account": null,
      "target_domain": null,
      "target_security_id": null,
      "logon_type": "2",
      "elevated_token": "No",
      "virtual_account": "No",
      "restricted_admin_mode": "-",
      "workstation_name": "WS2022-LAB01",
      "source_network_address": "192.168.56.48",
      "source_port": "0",
      "process_name": "C:\\Windows\\System32\\svchost.exe",
      "failure_reason": null,
      "status": null,
      "substatus": null,
      "logon_process": null,
      "authentication_package": null,
      "privileges": [],
      "scenario_id": "BASELINE-SUCCESS-0080"
    },
    {
      "event_id": 4624,
      "timestamp": "13/06/2026 09:33:05",
      "provider_name": "Microsoft-Windows-Security-Auditing",
      "machine_name": "WIN-H96JM6F374S",
      "message": "An account was successfully logged on.",
      "subject_account": "WIN-H96JM6F374S$",
      "subject_domain": "WORKGROUP",
      "subject_security_id": "S-1-5-18",
      "subject_logon_id": "0x52D4A",
      "new_logon_account": "testuser5",
      "new_logon_domain": "WIN-H96JM6F374S",
      "new_logon_security_id": "S-1-5-21-1843355061-959072039-615746888-7363",
      "new_logon_logon_id": "0x7260A",
      "target_account": null,
      "target_domain": null,
      "target_security_id": null,
      "logon_type": "2",
      "elevated_token": "No",
      "virtual_account": "No",
      "restricted_admin_mode": "-",
      "workstation_name": "WIN-H96JM6F374S",
      "source_network_address": "127.0.0.1",
      "source_port": "0",
      "process_name": "C:\\Windows\\System32\\svchost.exe",
      "failure_reason": null,
      "status": null,
      "substatus": null,
      "logon_process": null,
      "authentication_package": null,
      "privileges": [],
      "scenario_id": "BASELINE-SUCCESS-0081"
    },
