    {
      "event_id": 4625,
      "timestamp": "13/06/2026 14:17:32",
      "provider_name": "Microsoft-Windows-Security-Auditing",
      "machine_name": "WS2022-LAB02",
      "message": "An account failed to log on.",
      "subject_account": "WS2022-LAB02$",
      "subject_domain": "WORKGROUP",
      "subject_security_id": "S-1-5-18",
      "subject_logon_id": "0x3E7",
      "new_logon_account": null,
      "new_logon_domain": null,
      "new_logon_security_id": null,
      "new_logon_logon_id": null,
      "target_account": "testuser12",
      "target_domain": "WS2022-LAB02",
      "target_security_id": "S-1-5-21-1843355061-959072039-615746888-8696",
      "logon_type": "2",
      "elevated_token": null,
      "virtual_account": null,
      "restricted_admin_mode": null,
      "workstation_name": "WS2022-LAB02",
      "source_network_address": "10.0.0.244",
      "source_port": "13187",
      "process_name": "C:\\Windows\\System32\\svchost.exe",
      "failure_reason": "User not allowed to log on at this computer.",
      "status": "0xC000006E",
      "substatus": "0x0",
      "logon_process": null,
      "authentication_package": null,
      "privileges": [],
      "scenario_id": "FAILED-SINGLE-0032"
    },
    {
      "event_id": 4625,
      "timestamp": "13/06/2026 14:17:44",
      "provider_name": "Microsoft-Windows-Security-Auditing",
      "machine_name": "WS2022-LAB02",
      "message": "An account failed to log on.",
      "subject_account": "WS2022-LAB02$",
      "subject_domain": "WORKGROUP",
      "subject_security_id": "S-1-5-18",
      "subject_logon_id": "0x3E7",
      "new_logon_account": null,
      "new_logon_domain": null,
      "new_logon_security_id": null,
      "new_logon_logon_id": null,
      "target_account": "testuser11",
      "target_domain": "WS2022-LAB02",
      "target_security_id": "S-1-5-21-1843355061-959072039-615746888-8727",
      "logon_type": "2",
      "elevated_token": null,
      "virtual_account": null,
      "restricted_admin_mode": null,
      "workstation_name": "WS2022-LAB02",
      "source_network_address": "172.16.10.25",
      "source_port": "1447",
      "process_name": "C:\\Windows\\System32\\svchost.exe",
      "failure_reason": "Unknown user name or bad password.",
      "status": "0xC000006D",
      "substatus": "0xC000006A",
      "logon_process": null,
      "authentication_package": null,
      "privileges": [],
      "scenario_id": "FAILED-SINGLE-0033"
    },
    {
      "event_id": 4625,
      "timestamp": "13/06/2026 14:17:50",
      "provider_name": "Microsoft-Windows-Security-Auditing",
      "machine_name": "WS2022-LAB01",
      "message": "An account failed to log on.",
      "subject_account": "WS2022-LAB01$",
      "subject_domain": "WORKGROUP",
      "subject_security_id": "S-1-5-18",
      "subject_logon_id": "0x3E7",
      "new_logon_account": null,
      "new_logon_domain": null,
      "new_logon_security_id": null,
      "new_logon_logon_id": null,
      "target_account": "testuser3",
      "target_domain": "WS2022-LAB01",
      "target_security_id": "S-1-5-21-1843355061-959072039-615746888-3847",
      "logon_type": "2",
      "elevated_token": null,
      "virtual_account": null,
      "restricted_admin_mode": null,
      "workstation_name": "WS2022-LAB01",
      "source_network_address": "172.16.10.85",
      "source_port": "49136",
      "process_name": "C:\\Windows\\System32\\svchost.exe",
      "failure_reason": "User not allowed to log on at this computer.",
      "status": "0xC000006E",
      "substatus": "0x0",
      "logon_process": null,
      "authentication_package": null,
      "privileges": [],
      "scenario_id": "FAILED-SINGLE-0034"
    },
    {
      "event_id": 4625,
      "timestamp": "13/06/2026 14:18:13",
      "provider_name": "Microsoft-Windows-Security-Auditing",
      "machine_name": "WS2022-LAB01",
      "message": "An account failed to log on.",
      "subject_account": "WS2022-LAB01$",
      "subject_domain": "WORKGROUP",
      "subject_security_id": "S-1-5-18",
      "subject_logon_id": "0x3E7",
      "new_logon_account": null,
      "new_logon_domain": null,
      "new_logon_security_id": null,
      "new_logon_logon_id": null,
      "target_account": "testuser12",
      "target_domain": "WS2022-LAB01",
      "target_security_id": "S-1-5-21-1843355061-959072039-615746888-6205",
      "logon_type": "2",
      "elevated_token": null,
      "virtual_account": null,
      "restricted_admin_mode": null,
      "workstation_name": "WS2022-LAB01",
      "source_network_address": "10.0.0.176",
      "source_port": "26400",
      "process_name": "C:\\Windows\\System32\\svchost.exe",
      "failure_reason": "Unknown user name or bad password.",
      "status": "0xC000006D",
      "substatus": "0xC000006A",
      "logon_process": null,
      "authentication_package": null,
      "privileges": [],
      "scenario_id": "FAILED-SINGLE-0035"
    },
    {
      "event_id": 4625,
      "timestamp": "13/06/2026 14:18:42",
      "provider_name": "Microsoft-Windows-Security-Auditing",
      "machine_name": "WS2022-LAB02",
      "message": "An account failed to log on.",
      "subject_account": "WS2022-LAB02$",
      "subject_domain": "WORKGROUP",
      "subject_security_id": "S-1-5-18",
      "subject_logon_id": "0x3E7",
      "new_logon_account": null,
      "new_logon_domain": null,
      "new_logon_security_id": null,
      "new_logon_logon_id": null,
      "target_account": "testuser3",
      "target_domain": "WS2022-LAB02",
      "target_security_id": "S-1-5-21-1843355061-959072039-615746888-4757",
      "logon_type": "2",
      "elevated_token": null,
      "virtual_account": null,
      "restricted_admin_mode": null,
      "workstation_name": "WS2022-LAB02",
      "source_network_address": "192.168.56.81",
      "source_port": "10384",
      "process_name": "C:\\Windows\\System32\\svchost.exe",
      "failure_reason": "User not allowed to log on at this computer.",
      "status": "0xC000006E",
      "substatus": "0x0",
      "logon_process": null,
      "authentication_package": null,
      "privileges": [],
      "scenario_id": "FAILED-SINGLE-0036"
    },
    {
      "event_id": 4625,
      "timestamp": "13/06/2026 14:18:47",
      "provider_name": "Microsoft-Windows-Security-Auditing",
      "machine_name": "WIN-H96JM6F374S",
      "message": "An account failed to log on.",
      "subject_account": "WIN-H96JM6F374S$",
      "subject_domain": "WORKGROUP",
      "subject_security_id": "S-1-5-18",
      "subject_logon_id": "0x3E7",
      "new_logon_account": null,
      "new_logon_domain": null,
      "new_logon_security_id": null,
      "new_logon_logon_id": null,
      "target_account": "testuser17",
      "target_domain": "WIN-H96JM6F374S",
      "target_security_id": "S-1-5-21-1843355061-959072039-615746888-7385",
      "logon_type": "2",
      "elevated_token": null,
      "virtual_account": null,
      "restricted_admin_mode": null,
      "workstation_name": "WIN-H96JM6F374S",
      "source_network_address": "192.168.56.50",
      "source_port": "57076",
      "process_name": "C:\\Windows\\System32\\svchost.exe",
      "failure_reason": "User not allowed to log on at this computer.",
      "status": "0xC000006E",
      "substatus": "0x0",
      "logon_process": null,
      "authentication_package": null,
      "privileges": [],
      "scenario_id": "FAILED-SINGLE-0037"
    },
    {
      "event_id": 4625,
      "timestamp": "13/06/2026 14:18:59",
      "provider_name": "Microsoft-Windows-Security-Auditing",
      "machine_name": "WS2022-LAB01",
      "message": "An account failed to log on.",
      "subject_account": "WS2022-LAB01$",
      "subject_domain": "WORKGROUP",
      "subject_security_id": "S-1-5-18",
      "subject_logon_id": "0x3E7",
      "new_logon_account": null,
      "new_logon_domain": null,
      "new_logon_security_id": null,
      "new_logon_logon_id": null,
      "target_account": "testuser14",
      "target_domain": "WS2022-LAB01",
      "target_security_id": "S-1-5-21-1843355061-959072039-615746888-2302",
      "logon_type": "2",
      "elevated_token": null,
      "virtual_account": null,
      "restricted_admin_mode": null,
      "workstation_name": "WS2022-LAB01",
      "source_network_address": "172.16.10.122",
      "source_port": "64521",
      "process_name": "C:\\Windows\\System32\\svchost.exe",
      "failure_reason": "User not allowed to log on at this computer.",
      "status": "0xC000006E",
      "substatus": "0x0",
      "logon_process": null,
      "authentication_package": null,
      "privileges": [],
      "scenario_id": "FAILED-SINGLE-0038"
    },
    {
      "event_id": 4625,
      "timestamp": "13/06/2026 14:19:07",
      "provider_name": "Microsoft-Windows-Security-Auditing",
      "machine_name": "WIN-H96JM6F374S",
      "message": "An account failed to log on.",
      "subject_account": "WIN-H96JM6F374S$",
      "subject_domain": "WORKGROUP",
      "subject_security_id": "S-1-5-18",
      "subject_logon_id": "0x3E7",
      "new_logon_account": null,
      "new_logon_domain": null,
      "new_logon_security_id": null,
      "new_logon_logon_id": null,
      "target_account": "testuser17",
      "target_domain": "WIN-H96JM6F374S",
      "target_security_id": "S-1-5-21-1843355061-959072039-615746888-3256",
      "logon_type": "2",
      "elevated_token": null,
      "virtual_account": null,
      "restricted_admin_mode": null,
      "workstation_name": "WIN-H96JM6F374S",
      "source_network_address": "192.168.56.30",
      "source_port": "27090",
      "process_name": "C:\\Windows\\System32\\svchost.exe",
      "failure_reason": "User not allowed to log on at this computer.",
      "status": "0xC000006E",
      "substatus": "0x0",
      "logon_process": null,
      "authentication_package": null,
      "privileges": [],
      "scenario_id": "FAILED-SINGLE-0039"
    },
    {
      "event_id": 4625,
      "timestamp": "13/06/2026 14:19:50",
      "provider_name": "Microsoft-Windows-Security-Auditing",
      "machine_name": "WS2022-LAB01",
      "message": "An account failed to log on.",
      "subject_account": "WS2022-LAB01$",
      "subject_domain": "WORKGROUP",
      "subject_security_id": "S-1-5-18",
      "subject_logon_id": "0x3E7",
      "new_logon_account": null,
      "new_logon_domain": null,
      "new_logon_security_id": null,
      "new_logon_logon_id": null,
      "target_account": "testuser15",
      "target_domain": "WS2022-LAB01",
      "target_security_id": "S-1-5-21-1843355061-959072039-615746888-9593",
      "logon_type": "2",
      "elevated_token": null,
      "virtual_account": null,
      "restricted_admin_mode": null,
      "workstation_name": "WS2022-LAB01",
      "source_network_address": "10.0.0.187",
      "source_port": "14909",
      "process_name": "C:\\Windows\\System32\\svchost.exe",
      "failure_reason": "User not allowed to log on at this computer.",
      "status": "0xC000006E",
      "substatus": "0x0",
      "logon_process": null,
      "authentication_package": null,
      "privileges": [],
      "scenario_id": "FAILED-SINGLE-0040"
    },
    {
      "event_id": 4625,
      "timestamp": "13/06/2026 14:20:22",
      "provider_name": "Microsoft-Windows-Security-Auditing",
      "machine_name": "WIN-H96JM6F374S",
      "message": "An account failed to log on.",
      "subject_account": "WIN-H96JM6F374S$",
      "subject_domain": "WORKGROUP",
      "subject_security_id": "S-1-5-18",
      "subject_logon_id": "0x3E7",
      "new_logon_account": null,
      "new_logon_domain": null,
      "new_logon_security_id": null,
      "new_logon_logon_id": null,
      "target_account": "testuser16",
      "target_domain": "WIN-H96JM6F374S",
      "target_security_id": "S-1-5-21-1843355061-959072039-615746888-1074",
      "logon_type": "2",
      "elevated_token": null,
      "virtual_account": null,
      "restricted_admin_mode": null,
      "workstation_name": "WIN-H96JM6F374S",
      "source_network_address": "192.168.56.69",
      "source_port": "44320",
      "process_name": "C:\\Windows\\System32\\svchost.exe",
      "failure_reason": "Unknown user name or bad password.",
      "status": "0xC000006D",
      "substatus": "0xC0000064",
      "logon_process": null,
      "authentication_package": null,
      "privileges": [],
      "scenario_id": "FAILED-SINGLE-0041"
    },
    {
      "event_id": 4625,
      "timestamp": "13/06/2026 14:20:43",
      "provider_name": "Microsoft-Windows-Security-Auditing",
      "machine_name": "WIN-H96JM6F374S",
      "message": "An account failed to log on.",
      "subject_account": "WIN-H96JM6F374S$",
      "subject_domain": "WORKGROUP",
      "subject_security_id": "S-1-5-18",
      "subject_logon_id": "0x3E7",
      "new_logon_account": null,
      "new_logon_domain": null,
      "new_logon_security_id": null,
      "new_logon_logon_id": null,
      "target_account": "testuser10",
      "target_domain": "WIN-H96JM6F374S",
      "target_security_id": "S-1-5-21-1843355061-959072039-615746888-5820",
      "logon_type": "2",
      "elevated_token": null,
      "virtual_account": null,
      "restricted_admin_mode": null,
      "workstation_name": "WIN-H96JM6F374S",
      "source_network_address": "192.168.56.158",
      "source_port": "28143",
      "process_name": "C:\\Windows\\System32\\svchost.exe",
      "failure_reason": "Unknown user name or bad password.",
      "status": "0xC000006D",
      "substatus": "0xC000006A",
      "logon_process": null,
      "authentication_package": null,
      "privileges": [],
      "scenario_id": "FAILED-SINGLE-0042"
    },
    {
      "event_id": 4625,
      "timestamp": "13/06/2026 14:21:27",
      "provider_name": "Microsoft-Windows-Security-Auditing",
      "machine_name": "WIN-H96JM6F374S",
      "message": "An account failed to log on.",
      "subject_account": "WIN-H96JM6F374S$",
      "subject_domain": "WORKGROUP",
      "subject_security_id": "S-1-5-18",
      "subject_logon_id": "0x3E7",
      "new_logon_account": null,
      "new_logon_domain": null,
      "new_logon_security_id": null,
      "new_logon_logon_id": null,
      "target_account": "testuser15",
      "target_domain": "WIN-H96JM6F374S",
      "target_security_id": "S-1-5-21-1843355061-959072039-615746888-6794",
      "logon_type": "2",
      "elevated_token": null,
      "virtual_account": null,
      "restricted_admin_mode": null,
      "workstation_name": "WIN-H96JM6F374S",
      "source_network_address": "172.16.10.22",
      "source_port": "58414",
      "process_name": "C:\\Windows\\System32\\svchost.exe",
      "failure_reason": "Unknown user name or bad password.",
      "status": "0xC000006D",
      "substatus": "0xC0000064",
      "logon_process": null,
      "authentication_package": null,
      "privileges": [],
      "scenario_id": "FAILED-SINGLE-0043"
    },
    {
      "event_id": 4625,
      "timestamp": "13/06/2026 14:21:38",
      "provider_name": "Microsoft-Windows-Security-Auditing",
      "machine_name": "WS2022-LAB02",
      "message": "An account failed to log on.",
      "subject_account": "WS2022-LAB02$",
      "subject_domain": "WORKGROUP",
      "subject_security_id": "S-1-5-18",
      "subject_logon_id": "0x3E7",
      "new_logon_account": null,
      "new_logon_domain": null,
      "new_logon_security_id": null,
      "new_logon_logon_id": null,
      "target_account": "testuser9",
      "target_domain": "WS2022-LAB02",
      "target_security_id": "S-1-5-21-1843355061-959072039-615746888-5934",
      "logon_type": "2",
      "elevated_token": null,
      "virtual_account": null,
      "restricted_admin_mode": null,
      "workstation_name": "WS2022-LAB02",
      "source_network_address": "172.16.10.69",
      "source_port": "16758",
      "process_name": "C:\\Windows\\System32\\svchost.exe",
      "failure_reason": "Unknown user name or bad password.",
      "status": "0xC000006D",
      "substatus": "0xC000006A",
      "logon_process": null,
      "authentication_package": null,
      "privileges": [],
      "scenario_id": "FAILED-SINGLE-0044"
    },
    {
      "event_id": 4625,
      "timestamp": "13/06/2026 14:22:06",
      "provider_name": "Microsoft-Windows-Security-Auditing",
      "machine_name": "WIN-H96JM6F374S",
      "message": "An account failed to log on.",
      "subject_account": "WIN-H96JM6F374S$",
      "subject_domain": "WORKGROUP",
      "subject_security_id": "S-1-5-18",
      "subject_logon_id": "0x3E7",
      "new_logon_account": null,
      "new_logon_domain": null,
      "new_logon_security_id": null,
      "new_logon_logon_id": null,
      "target_account": "testuser18",
      "target_domain": "WIN-H96JM6F374S",
      "target_security_id": "S-1-5-21-1843355061-959072039-615746888-7681",
      "logon_type": "2",
      "elevated_token": null,
      "virtual_account": null,
      "restricted_admin_mode": null,
      "workstation_name": "WIN-H96JM6F374S",
      "source_network_address": "10.0.0.127",
      "source_port": "6894",
      "process_name": "C:\\Windows\\System32\\svchost.exe",
      "failure_reason": "User not allowed to log on at this computer.",
      "status": "0xC000006E",
      "substatus": "0x0",
      "logon_process": null,
      "authentication_package": null,
      "privileges": [],
      "scenario_id": "FAILED-SINGLE-0045"
    },
    {
      "event_id": 4625,
      "timestamp": "13/06/2026 14:22:12",
      "provider_name": "Microsoft-Windows-Security-Auditing",
      "machine_name": "WS2022-LAB02",
      "message": "An account failed to log on.",
      "subject_account": "WS2022-LAB02$",
      "subject_domain": "WORKGROUP",
      "subject_security_id": "S-1-5-18",
      "subject_logon_id": "0x3E7",
      "new_logon_account": null,
      "new_logon_domain": null,
      "new_logon_security_id": null,
      "new_logon_logon_id": null,
      "target_account": "testuser20",
      "target_domain": "WS2022-LAB02",
      "target_security_id": "S-1-5-21-1843355061-959072039-615746888-2596",
      "logon_type": "2",
      "elevated_token": null,
      "virtual_account": null,
      "restricted_admin_mode": null,
      "workstation_name": "WS2022-LAB02",
      "source_network_address": "10.0.0.94",
      "source_port": "44985",
      "process_name": "C:\\Windows\\System32\\svchost.exe",
      "failure_reason": "Unknown user name or bad password.",
      "status": "0xC000006D",
      "substatus": "0xC0000064",
      "logon_process": null,
      "authentication_package": null,
      "privileges": [],
      "scenario_id": "FAILED-SINGLE-0046"
    },
    {
      "event_id": 4625,
      "timestamp": "13/06/2026 14:22:33",
      "provider_name": "Microsoft-Windows-Security-Auditing",
      "machine_name": "WIN-H96JM6F374S",
      "message": "An account failed to log on.",
      "subject_account": "WIN-H96JM6F374S$",
      "subject_domain": "WORKGROUP",
      "subject_security_id": "S-1-5-18",
      "subject_logon_id": "0x3E7",
      "new_logon_account": null,
      "new_logon_domain": null,
      "new_logon_security_id": null,
      "new_logon_logon_id": null,
      "target_account": "testuser1",
      "target_domain": "WIN-H96JM6F374S",
      "target_security_id": "S-1-5-21-1843355061-959072039-615746888-8658",
      "logon_type": "2",
      "elevated_token": null,
      "virtual_account": null,
      "restricted_admin_mode": null,
      "workstation_name": "WIN-H96JM6F374S",
      "source_network_address": "10.0.0.154",
      "source_port": "10166",
      "process_name": "C:\\Windows\\System32\\svchost.exe",
      "failure_reason": "Unknown user name or bad password.",
      "status": "0xC000006D",
      "substatus": "0xC000006A",
      "logon_process": null,
      "authentication_package": null,
      "privileges": [],
      "scenario_id": "FAILED-SINGLE-0047"
    },
    {
      "event_id": 4625,
      "timestamp": "13/06/2026 14:22:54",
      "provider_name": "Microsoft-Windows-Security-Auditing",
      "machine_name": "WIN-H96JM6F374S",
      "message": "An account failed to log on.",
      "subject_account": "WIN-H96JM6F374S$",
      "subject_domain": "WORKGROUP",
      "subject_security_id": "S-1-5-18",
      "subject_logon_id": "0x3E7",
      "new_logon_account": null,
      "new_logon_domain": null,
      "new_logon_security_id": null,
      "new_logon_logon_id": null,
      "target_account": "testuser6",
      "target_domain": "WIN-H96JM6F374S",
      "target_security_id": "S-1-5-21-1843355061-959072039-615746888-4464",
      "logon_type": "2",
      "elevated_token": null,
      "virtual_account": null,
      "restricted_admin_mode": null,
      "workstation_name": "WIN-H96JM6F374S",
      "source_network_address": "192.168.56.31",
      "source_port": "40452",
      "process_name": "C:\\Windows\\System32\\svchost.exe",
      "failure_reason": "Unknown user name or bad password.",
      "status": "0xC000006D",
      "substatus": "0xC0000064",
      "logon_process": null,
      "authentication_package": null,
      "privileges": [],
      "scenario_id": "FAILED-SINGLE-0048"
    },
    {
      "event_id": 4625,
      "timestamp": "13/06/2026 14:23:30",
      "provider_name": "Microsoft-Windows-Security-Auditing",
      "machine_name": "WS2022-LAB02",
      "message": "An account failed to log on.",
      "subject_account": "WS2022-LAB02$",
      "subject_domain": "WORKGROUP",
      "subject_security_id": "S-1-5-18",
      "subject_logon_id": "0x3E7",
      "new_logon_account": null,
      "new_logon_domain": null,
      "new_logon_security_id": null,
      "new_logon_logon_id": null,
      "target_account": "testuser10",
      "target_domain": "WS2022-LAB02",
      "target_security_id": "S-1-5-21-1843355061-959072039-615746888-2191",
      "logon_type": "2",
      "elevated_token": null,
      "virtual_account": null,
      "restricted_admin_mode": null,
      "workstation_name": "WS2022-LAB02",
      "source_network_address": "172.16.10.213",
      "source_port": "47313",
      "process_name": "C:\\Windows\\System32\\svchost.exe",
      "failure_reason": "Unknown user name or bad password.",
      "status": "0xC000006D",
      "substatus": "0xC0000064",
      "logon_process": null,
      "authentication_package": null,
      "privileges": [],
      "scenario_id": "FAILED-SINGLE-0049"
    },
    {
      "event_id": 4625,
      "timestamp": "13/06/2026 14:24:15",
      "provider_name": "Microsoft-Windows-Security-Auditing",
      "machine_name": "WS2022-LAB01",
      "message": "An account failed to log on.",
      "subject_account": "WS2022-LAB01$",
      "subject_domain": "WORKGROUP",
      "subject_security_id": "S-1-5-18",
      "subject_logon_id": "0x3E7",
      "new_logon_account": null,
      "new_logon_domain": null,
      "new_logon_security_id": null,
      "new_logon_logon_id": null,
      "target_account": "testuser16",
      "target_domain": "WS2022-LAB01",
      "target_security_id": "S-1-5-21-1843355061-959072039-615746888-3906",
      "logon_type": "2",
      "elevated_token": null,
      "virtual_account": null,
      "restricted_admin_mode": null,
      "workstation_name": "WS2022-LAB01",
      "source_network_address": "10.0.0.20",
      "source_port": "11854",
      "process_name": "C:\\Windows\\System32\\svchost.exe",
      "failure_reason": "User not allowed to log on at this computer.",
      "status": "0xC000006E",
      "substatus": "0x0",
      "logon_process": null,
      "authentication_package": null,
      "privileges": [],
      "scenario_id": "FAILED-SINGLE-0050"
    },
    {
      "event_id": 4625,
      "timestamp": "13/06/2026 14:24:45",
      "provider_name": "Microsoft-Windows-Security-Auditing",
      "machine_name": "WS2022-LAB02",
      "message": "An account failed to log on.",
      "subject_account": "WS2022-LAB02$",
      "subject_domain": "WORKGROUP",
      "subject_security_id": "S-1-5-18",
      "subject_logon_id": "0x3E7",
      "new_logon_account": null,
      "new_logon_domain": null,
      "new_logon_security_id": null,
      "new_logon_logon_id": null,
      "target_account": "testuser6",
      "target_domain": "WS2022-LAB02",
      "target_security_id": "S-1-5-21-1843355061-959072039-615746888-7765",
      "logon_type": "2",
      "elevated_token": null,
      "virtual_account": null,
      "restricted_admin_mode": null,
      "workstation_name": "WS2022-LAB02",
      "source_network_address": "10.0.0.208",
      "source_port": "37485",
      "process_name": "C:\\Windows\\System32\\svchost.exe",
      "failure_reason": "Unknown user name or bad password.",
      "status": "0xC000006D",
      "substatus": "0xC000006A",
      "logon_process": null,
      "authentication_package": null,
      "privileges": [],
      "scenario_id": "FAILED-SINGLE-0051"
    },
    {
      "event_id": 4625,
      "timestamp": "13/06/2026 14:25:14",
      "provider_name": "Microsoft-Windows-Security-Auditing",
      "machine_name": "WS2022-LAB01",
      "message": "An account failed to log on.",
      "subject_account": "WS2022-LAB01$",
      "subject_domain": "WORKGROUP",
      "subject_security_id": "S-1-5-18",
      "subject_logon_id": "0x3E7",
      "new_logon_account": null,
      "new_logon_domain": null,
      "new_logon_security_id": null,
      "new_logon_logon_id": null,
      "target_account": "testuser10",
      "target_domain": "WS2022-LAB01",
      "target_security_id": "S-1-5-21-1843355061-959072039-615746888-1479",
      "logon_type": "2",
      "elevated_token": null,
      "virtual_account": null,
      "restricted_admin_mode": null,
      "workstation_name": "WS2022-LAB01",
      "source_network_address": "10.0.0.237",
      "source_port": "17162",
      "process_name": "C:\\Windows\\System32\\svchost.exe",
      "failure_reason": "User not allowed to log on at this computer.",
      "status": "0xC000006E",
      "substatus": "0x0",
      "logon_process": null,
      "authentication_package": null,
      "privileges": [],
      "scenario_id": "FAILED-SINGLE-0052"
    },
    {
      "event_id": 4625,
      "timestamp": "13/06/2026 14:25:55",
      "provider_name": "Microsoft-Windows-Security-Auditing",
      "machine_name": "WS2022-LAB02",
      "message": "An account failed to log on.",
      "subject_account": "WS2022-LAB02$",
      "subject_domain": "WORKGROUP",
      "subject_security_id": "S-1-5-18",
      "subject_logon_id": "0x3E7",
      "new_logon_account": null,
      "new_logon_domain": null,
      "new_logon_security_id": null,
      "new_logon_logon_id": null,
      "target_account": "testuser19",
      "target_domain": "WS2022-LAB02",
      "target_security_id": "S-1-5-21-1843355061-959072039-615746888-2407",
      "logon_type": "2",
      "elevated_token": null,
      "virtual_account": null,
      "restricted_admin_mode": null,
      "workstation_name": "WS2022-LAB02",
      "source_network_address": "10.0.0.29",
      "source_port": "30261",
      "process_name": "C:\\Windows\\System32\\svchost.exe",
      "failure_reason": "Unknown user name or bad password.",
      "status": "0xC000006D",
      "substatus": "0xC000006A",
      "logon_process": null,
      "authentication_package": null,
      "privileges": [],
      "scenario_id": "FAILED-SINGLE-0053"
    },
    {
      "event_id": 4625,
      "timestamp": "13/06/2026 14:26:27",
      "provider_name": "Microsoft-Windows-Security-Auditing",
      "machine_name": "WS2022-LAB01",
      "message": "An account failed to log on.",
      "subject_account": "WS2022-LAB01$",
      "subject_domain": "WORKGROUP",
      "subject_security_id": "S-1-5-18",
      "subject_logon_id": "0x3E7",
      "new_logon_account": null,
      "new_logon_domain": null,
      "new_logon_security_id": null,
      "new_logon_logon_id": null,
      "target_account": "testuser6",
      "target_domain": "WS2022-LAB01",
      "target_security_id": "S-1-5-21-1843355061-959072039-615746888-5590",
      "logon_type": "2",
      "elevated_token": null,
      "virtual_account": null,
      "restricted_admin_mode": null,
      "workstation_name": "WS2022-LAB01",
      "source_network_address": "172.16.10.119",
      "source_port": "14907",
      "process_name": "C:\\Windows\\System32\\svchost.exe",
      "failure_reason": "Unknown user name or bad password.",
      "status": "0xC000006D",
      "substatus": "0xC0000064",
      "logon_process": null,
      "authentication_package": null,
      "privileges": [],
      "scenario_id": "FAILED-SINGLE-0054"
    },
    {
      "event_id": 4625,
      "timestamp": "13/06/2026 14:26:56",
      "provider_name": "Microsoft-Windows-Security-Auditing",
      "machine_name": "WS2022-LAB02",
      "message": "An account failed to log on.",
      "subject_account": "WS2022-LAB02$",
      "subject_domain": "WORKGROUP",
      "subject_security_id": "S-1-5-18",
      "subject_logon_id": "0x3E7",
      "new_logon_account": null,
      "new_logon_domain": null,
      "new_logon_security_id": null,
      "new_logon_logon_id": null,
      "target_account": "testuser13",
      "target_domain": "WS2022-LAB02",
      "target_security_id": "S-1-5-21-1843355061-959072039-615746888-2844",
      "logon_type": "2",
      "elevated_token": null,
      "virtual_account": null,
      "restricted_admin_mode": null,
      "workstation_name": "WS2022-LAB02",
      "source_network_address": "172.16.10.155",
      "source_port": "47529",
      "process_name": "C:\\Windows\\System32\\svchost.exe",
      "failure_reason": "Unknown user name or bad password.",
      "status": "0xC000006D",
      "substatus": "0xC0000064",
      "logon_process": null,
      "authentication_package": null,
      "privileges": [],
      "scenario_id": "FAILED-SINGLE-0055"
    },
    {
      "event_id": 4625,
      "timestamp": "13/06/2026 14:27:41",
      "provider_name": "Microsoft-Windows-Security-Auditing",
      "machine_name": "WIN-H96JM6F374S",
      "message": "An account failed to log on.",
      "subject_account": "WIN-H96JM6F374S$",
      "subject_domain": "WORKGROUP",
      "subject_security_id": "S-1-5-18",
      "subject_logon_id": "0x3E7",
      "new_logon_account": null,
      "new_logon_domain": null,
      "new_logon_security_id": null,
      "new_logon_logon_id": null,
      "target_account": "testuser7",
      "target_domain": "WIN-H96JM6F374S",
      "target_security_id": "S-1-5-21-1843355061-959072039-615746888-5591",
      "logon_type": "2",
      "elevated_token": null,
      "virtual_account": null,
      "restricted_admin_mode": null,
      "workstation_name": "WIN-H96JM6F374S",
      "source_network_address": "10.0.0.247",
      "source_port": "31408",
      "process_name": "C:\\Windows\\System32\\svchost.exe",
      "failure_reason": "Unknown user name or bad password.",
      "status": "0xC000006D",
      "substatus": "0xC000006A",
      "logon_process": null,
      "authentication_package": null,
      "privileges": [],
      "scenario_id": "FAILED-SINGLE-0056"
    },
    {
      "event_id": 4625,
      "timestamp": "13/06/2026 14:28:05",
      "provider_name": "Microsoft-Windows-Security-Auditing",
      "machine_name": "WIN-H96JM6F374S",
      "message": "An account failed to log on.",
      "subject_account": "WIN-H96JM6F374S$",
      "subject_domain": "WORKGROUP",
      "subject_security_id": "S-1-5-18",
      "subject_logon_id": "0x3E7",
      "new_logon_account": null,
      "new_logon_domain": null,
      "new_logon_security_id": null,
      "new_logon_logon_id": null,
      "target_account": "testuser4",
      "target_domain": "WIN-H96JM6F374S",
      "target_security_id": "S-1-5-21-1843355061-959072039-615746888-6375",
      "logon_type": "2",
      "elevated_token": null,
      "virtual_account": null,
      "restricted_admin_mode": null,
      "workstation_name": "WIN-H96JM6F374S",
      "source_network_address": "172.16.10.41",
      "source_port": "8701",
      "process_name": "C:\\Windows\\System32\\svchost.exe",
      "failure_reason": "Unknown user name or bad password.",
      "status": "0xC000006D",
      "substatus": "0xC000006A",
      "logon_process": null,
      "authentication_package": null,
      "privileges": [],
      "scenario_id": "FAILED-SINGLE-0057"
    },
    {
      "event_id": 4625,
      "timestamp": "13/06/2026 14:28:26",
      "provider_name": "Microsoft-Windows-Security-Auditing",
      "machine_name": "WIN-H96JM6F374S",
      "message": "An account failed to log on.",
      "subject_account": "WIN-H96JM6F374S$",
      "subject_domain": "WORKGROUP",
      "subject_security_id": "S-1-5-18",
      "subject_logon_id": "0x3E7",
      "new_logon_account": null,
      "new_logon_domain": null,
      "new_logon_security_id": null,
      "new_logon_logon_id": null,
      "target_account": "testuser20",
      "target_domain": "WIN-H96JM6F374S",
      "target_security_id": "S-1-5-21-1843355061-959072039-615746888-9818",
      "logon_type": "2",
      "elevated_token": null,
      "virtual_account": null,
      "restricted_admin_mode": null,
      "workstation_name": "WIN-H96JM6F374S",
      "source_network_address": "172.16.10.238",
      "source_port": "4331",
      "process_name": "C:\\Windows\\System32\\svchost.exe",
      "failure_reason": "User not allowed to log on at this computer.",
      "status": "0xC000006E",
      "substatus": "0x0",
      "logon_process": null,
      "authentication_package": null,
      "privileges": [],
      "scenario_id": "FAILED-SINGLE-0058"
    },
    {
      "event_id": 4625,
      "timestamp": "13/06/2026 14:29:06",
      "provider_name": "Microsoft-Windows-Security-Auditing",
      "machine_name": "WIN-H96JM6F374S",
      "message": "An account failed to log on.",
      "subject_account": "WIN-H96JM6F374S$",
      "subject_domain": "WORKGROUP",
      "subject_security_id": "S-1-5-18",
      "subject_logon_id": "0x3E7",
      "new_logon_account": null,
      "new_logon_domain": null,
      "new_logon_security_id": null,
      "new_logon_logon_id": null,
      "target_account": "testuser19",
      "target_domain": "WIN-H96JM6F374S",
      "target_security_id": "S-1-5-21-1843355061-959072039-615746888-2080",
      "logon_type": "2",
      "elevated_token": null,
      "virtual_account": null,
      "restricted_admin_mode": null,
      "workstation_name": "WIN-H96JM6F374S",
      "source_network_address": "172.16.10.57",
      "source_port": "43539",
      "process_name": "C:\\Windows\\System32\\svchost.exe",
      "failure_reason": "User not allowed to log on at this computer.",
      "status": "0xC000006E",
      "substatus": "0x0",
      "logon_process": null,
      "authentication_package": null,
      "privileges": [],
      "scenario_id": "FAILED-SINGLE-0059"
    },
    {
      "event_id": 4625,
      "timestamp": "13/06/2026 14:29:46",
      "provider_name": "Microsoft-Windows-Security-Auditing",
      "machine_name": "WS2022-LAB01",
      "message": "An account failed to log on.",
      "subject_account": "WS2022-LAB01$",
      "subject_domain": "WORKGROUP",
      "subject_security_id": "S-1-5-18",
      "subject_logon_id": "0x3E7",
      "new_logon_account": null,
      "new_logon_domain": null,
      "new_logon_security_id": null,
      "new_logon_logon_id": null,
      "target_account": "testuser16",
      "target_domain": "WS2022-LAB01",
      "target_security_id": "S-1-5-21-1843355061-959072039-615746888-3770",
      "logon_type": "2",
      "elevated_token": null,
      "virtual_account": null,
      "restricted_admin_mode": null,
      "workstation_name": "WS2022-LAB01",
      "source_network_address": "172.16.10.111",
      "source_port": "25688",
      "process_name": "C:\\Windows\\System32\\svchost.exe",
      "failure_reason": "User not allowed to log on at this computer.",
      "status": "0xC000006E",
      "substatus": "0x0",
      "logon_process": null,
      "authentication_package": null,
      "privileges": [],
      "scenario_id": "FAILED-SINGLE-0060"
    },
    {
      "event_id": 4625,
      "timestamp": "13/06/2026 14:30:08",
      "provider_name": "Microsoft-Windows-Security-Auditing",
      "machine_name": "WS2022-LAB01",
      "message": "An account failed to log on.",
      "subject_account": "WS2022-LAB01$",
      "subject_domain": "WORKGROUP",
      "subject_security_id": "S-1-5-18",
      "subject_logon_id": "0x3E7",
      "new_logon_account": null,
      "new_logon_domain": null,
      "new_logon_security_id": null,
      "new_logon_logon_id": null,
      "target_account": "testuser17",
      "target_domain": "WS2022-LAB01",
      "target_security_id": "S-1-5-21-1843355061-959072039-615746888-8244",
      "logon_type": "2",
      "elevated_token": null,
      "virtual_account": null,
      "restricted_admin_mode": null,
      "workstation_name": "WS2022-LAB01",
      "source_network_address": "192.168.56.232",
      "source_port": "36334",
      "process_name": "C:\\Windows\\System32\\svchost.exe",
      "failure_reason": "User not allowed to log on at this computer.",
      "status": "0xC000006E",
      "substatus": "0x0",
      "logon_process": null,
      "authentication_package": null,
      "privileges": [],
      "scenario_id": "FAILED-SINGLE-0061"
    },
    {
      "event_id": 4625,
      "timestamp": "13/06/2026 14:30:53",
      "provider_name": "Microsoft-Windows-Security-Auditing",
      "machine_name": "WS2022-LAB02",
      "message": "An account failed to log on.",
      "subject_account": "WS2022-LAB02$",
      "subject_domain": "WORKGROUP",
      "subject_security_id": "S-1-5-18",
      "subject_logon_id": "0x3E7",
      "new_logon_account": null,
      "new_logon_domain": null,
      "new_logon_security_id": null,
      "new_logon_logon_id": null,
      "target_account": "testuser4",
      "target_domain": "WS2022-LAB02",
      "target_security_id": "S-1-5-21-1843355061-959072039-615746888-2043",
      "logon_type": "2",
      "elevated_token": null,
      "virtual_account": null,
      "restricted_admin_mode": null,
      "workstation_name": "WS2022-LAB02",
      "source_network_address": "192.168.56.74",
      "source_port": "27189",
      "process_name": "C:\\Windows\\System32\\svchost.exe",
      "failure_reason": "Unknown user name or bad password.",
      "status": "0xC000006D",
      "substatus": "0xC000006A",
      "logon_process": null,
      "authentication_package": null,
      "privileges": [],
      "scenario_id": "FAILED-SINGLE-0062"
    },
    {
      "event_id": 4625,
      "timestamp": "13/06/2026 14:31:05",
      "provider_name": "Microsoft-Windows-Security-Auditing",
      "machine_name": "WIN-H96JM6F374S",
      "message": "An account failed to log on.",
      "subject_account": "WIN-H96JM6F374S$",
      "subject_domain": "WORKGROUP",
      "subject_security_id": "S-1-5-18",
      "subject_logon_id": "0x3E7",
      "new_logon_account": null,
      "new_logon_domain": null,
      "new_logon_security_id": null,
      "new_logon_logon_id": null,
      "target_account": "testuser19",
      "target_domain": "WIN-H96JM6F374S",
      "target_security_id": "S-1-5-21-1843355061-959072039-615746888-6570",
      "logon_type": "2",
      "elevated_token": null,
      "virtual_account": null,
      "restricted_admin_mode": null,
      "workstation_name": "WIN-H96JM6F374S",
      "source_network_address": "10.0.0.205",
      "source_port": "6665",
      "process_name": "C:\\Windows\\System32\\svchost.exe",
      "failure_reason": "Unknown user name or bad password.",
      "status": "0xC000006D",
      "substatus": "0xC0000064",
      "logon_process": null,
      "authentication_package": null,
      "privileges": [],
      "scenario_id": "FAILED-SINGLE-0063"
    },
    {
      "event_id": 4625,
      "timestamp": "13/06/2026 14:31:39",
      "provider_name": "Microsoft-Windows-Security-Auditing",
      "machine_name": "WS2022-LAB02",
      "message": "An account failed to log on.",
      "subject_account": "WS2022-LAB02$",
      "subject_domain": "WORKGROUP",
      "subject_security_id": "S-1-5-18",
      "subject_logon_id": "0x3E7",
      "new_logon_account": null,
      "new_logon_domain": null,
      "new_logon_security_id": null,
      "new_logon_logon_id": null,
      "target_account": "testuser17",
      "target_domain": "WS2022-LAB02",
      "target_security_id": "S-1-5-21-1843355061-959072039-615746888-4930",
      "logon_type": "2",
      "elevated_token": null,
      "virtual_account": null,
      "restricted_admin_mode": null,
      "workstation_name": "WS2022-LAB02",
      "source_network_address": "172.16.10.248",
      "source_port": "54057",
      "process_name": "C:\\Windows\\System32\\svchost.exe",
      "failure_reason": "Unknown user name or bad password.",
      "status": "0xC000006D",
      "substatus": "0xC0000064",
      "logon_process": null,
      "authentication_package": null,
      "privileges": [],
      "scenario_id": "FAILED-SINGLE-0064"
    },
    {
      "event_id": 4625,
      "timestamp": "13/06/2026 14:32:04",
      "provider_name": "Microsoft-Windows-Security-Auditing",
      "machine_name": "WIN-H96JM6F374S",
      "message": "An account failed to log on.",
      "subject_account": "WIN-H96JM6F374S$",
      "subject_domain": "WORKGROUP",
      "subject_security_id": "S-1-5-18",
      "subject_logon_id": "0x3E7",
      "new_logon_account": null,
      "new_logon_domain": null,
      "new_logon_security_id": null,
      "new_logon_logon_id": null,
      "target_account": "testuser10",
      "target_domain": "WIN-H96JM6F374S",
      "target_security_id": "S-1-5-21-1843355061-959072039-615746888-8635",
      "logon_type": "2",
      "elevated_token": null,
      "virtual_account": null,
      "restricted_admin_mode": null,
      "workstation_name": "WIN-H96JM6F374S",
      "source_network_address": "192.168.56.114",
      "source_port": "26663",
      "process_name": "C:\\Windows\\System32\\svchost.exe",
      "failure_reason": "User not allowed to log on at this computer.",
      "status": "0xC000006E",
      "substatus": "0x0",
      "logon_process": null,
      "authentication_package": null,
      "privileges": [],
      "scenario_id": "FAILED-SINGLE-0065"
    },
    {
      "event_id": 4625,
      "timestamp": "13/06/2026 14:32:12",
      "provider_name": "Microsoft-Windows-Security-Auditing",
      "machine_name": "WS2022-LAB02",
      "message": "An account failed to log on.",
      "subject_account": "WS2022-LAB02$",
      "subject_domain": "WORKGROUP",
      "subject_security_id": "S-1-5-18",
      "subject_logon_id": "0x3E7",
      "new_logon_account": null,
      "new_logon_domain": null,
      "new_logon_security_id": null,
      "new_logon_logon_id": null,
      "target_account": "testuser10",
      "target_domain": "WS2022-LAB02",
      "target_security_id": "S-1-5-21-1843355061-959072039-615746888-2946",
      "logon_type": "2",
      "elevated_token": null,
      "virtual_account": null,
      "restricted_admin_mode": null,
      "workstation_name": "WS2022-LAB02",
      "source_network_address": "192.168.56.119",
      "source_port": "59819",
      "process_name": "C:\\Windows\\System32\\svchost.exe",
      "failure_reason": "Unknown user name or bad password.",
      "status": "0xC000006D",
      "substatus": "0xC000006A",
      "logon_process": null,
      "authentication_package": null,
      "privileges": [],
      "scenario_id": "FAILED-SINGLE-0066"
    },
    {
      "event_id": 4625,
      "timestamp": "13/06/2026 14:32:39",
      "provider_name": "Microsoft-Windows-Security-Auditing",
      "machine_name": "WS2022-LAB02",
      "message": "An account failed to log on.",
      "subject_account": "WS2022-LAB02$",
      "subject_domain": "WORKGROUP",
      "subject_security_id": "S-1-5-18",
      "subject_logon_id": "0x3E7",
      "new_logon_account": null,
      "new_logon_domain": null,
      "new_logon_security_id": null,
      "new_logon_logon_id": null,
      "target_account": "testuser1",
      "target_domain": "WS2022-LAB02",
      "target_security_id": "S-1-5-21-1843355061-959072039-615746888-3111",
      "logon_type": "2",
      "elevated_token": null,
      "virtual_account": null,
      "restricted_admin_mode": null,
      "workstation_name": "WS2022-LAB02",
      "source_network_address": "10.0.0.29",
      "source_port": "57686",
      "process_name": "C:\\Windows\\System32\\svchost.exe",
      "failure_reason": "Unknown user name or bad password.",
      "status": "0xC000006D",
      "substatus": "0xC0000064",
      "logon_process": null,
      "authentication_package": null,
      "privileges": [],
      "scenario_id": "FAILED-SINGLE-0067"
    },
    {
      "event_id": 4625,
      "timestamp": "13/06/2026 14:33:18",
      "provider_name": "Microsoft-Windows-Security-Auditing",
      "machine_name": "WIN-H96JM6F374S",
      "message": "An account failed to log on.",
      "subject_account": "WIN-H96JM6F374S$",
      "subject_domain": "WORKGROUP",
      "subject_security_id": "S-1-5-18",
      "subject_logon_id": "0x3E7",
      "new_logon_account": null,
      "new_logon_domain": null,
      "new_logon_security_id": null,
      "new_logon_logon_id": null,
      "target_account": "testuser5",
      "target_domain": "WIN-H96JM6F374S",
      "target_security_id": "S-1-5-21-1843355061-959072039-615746888-5546",
      "logon_type": "2",
      "elevated_token": null,
      "virtual_account": null,
      "restricted_admin_mode": null,
      "workstation_name": "WIN-H96JM6F374S",
      "source_network_address": "10.0.0.63",
      "source_port": "39638",
      "process_name": "C:\\Windows\\System32\\svchost.exe",
      "failure_reason": "Unknown user name or bad password.",
      "status": "0xC000006D",
      "substatus": "0xC000006A",
      "logon_process": null,
      "authentication_package": null,
      "privileges": [],
      "scenario_id": "FAILED-SINGLE-0068"
    },
    {
      "event_id": 4625,
      "timestamp": "13/06/2026 14:33:26",
      "provider_name": "Microsoft-Windows-Security-Auditing",
      "machine_name": "WS2022-LAB01",
      "message": "An account failed to log on.",
      "subject_account": "WS2022-LAB01$",
      "subject_domain": "WORKGROUP",
      "subject_security_id": "S-1-5-18",
      "subject_logon_id": "0x3E7",
      "new_logon_account": null,
      "new_logon_domain": null,
      "new_logon_security_id": null,
      "new_logon_logon_id": null,
      "target_account": "testuser2",
      "target_domain": "WS2022-LAB01",
      "target_security_id": "S-1-5-21-1843355061-959072039-615746888-8537",
      "logon_type": "2",
      "elevated_token": null,
      "virtual_account": null,
      "restricted_admin_mode": null,
      "workstation_name": "WS2022-LAB01",
      "source_network_address": "192.168.56.86",
      "source_port": "5652",
      "process_name": "C:\\Windows\\System32\\svchost.exe",
      "failure_reason": "User not allowed to log on at this computer.",
      "status": "0xC000006E",
      "substatus": "0x0",
      "logon_process": null,
      "authentication_package": null,
      "privileges": [],
      "scenario_id": "FAILED-SINGLE-0069"
    },
    {
      "event_id": 4625,
      "timestamp": "13/06/2026 14:33:35",
      "provider_name": "Microsoft-Windows-Security-Auditing",
      "machine_name": "WIN-H96JM6F374S",
      "message": "An account failed to log on.",
      "subject_account": "WIN-H96JM6F374S$",
      "subject_domain": "WORKGROUP",
      "subject_security_id": "S-1-5-18",
      "subject_logon_id": "0x3E7",
      "new_logon_account": null,
      "new_logon_domain": null,
      "new_logon_security_id": null,
      "new_logon_logon_id": null,
      "target_account": "testuser20",
      "target_domain": "WIN-H96JM6F374S",
      "target_security_id": "S-1-5-21-1843355061-959072039-615746888-7982",
      "logon_type": "2",
      "elevated_token": null,
      "virtual_account": null,
      "restricted_admin_mode": null,
      "workstation_name": "WIN-H96JM6F374S",
      "source_network_address": "192.168.56.167",
      "source_port": "8463",
      "process_name": "C:\\Windows\\System32\\svchost.exe",
      "failure_reason": "Unknown user name or bad password.",
      "status": "0xC000006D",
      "substatus": "0xC000006A",
      "logon_process": null,
      "authentication_package": null,
      "privileges": [],
      "scenario_id": "FAILED-SINGLE-0070"
    },
    {
      "event_id": 4625,
      "timestamp": "13/06/2026 14:34:02",
      "provider_name": "Microsoft-Windows-Security-Auditing",
      "machine_name": "WS2022-LAB02",
      "message": "An account failed to log on.",
      "subject_account": "WS2022-LAB02$",
      "subject_domain": "WORKGROUP",
      "subject_security_id": "S-1-5-18",
      "subject_logon_id": "0x3E7",
      "new_logon_account": null,
      "new_logon_domain": null,
      "new_logon_security_id": null,
      "new_logon_logon_id": null,
      "target_account": "testuser18",
      "target_domain": "WS2022-LAB02",
      "target_security_id": "S-1-5-21-1843355061-959072039-615746888-3833",
      "logon_type": "2",
      "elevated_token": null,
      "virtual_account": null,
      "restricted_admin_mode": null,
      "workstation_name": "WS2022-LAB02",
      "source_network_address": "172.16.10.8",
      "source_port": "47211",
      "process_name": "C:\\Windows\\System32\\svchost.exe",
      "failure_reason": "Unknown user name or bad password.",
      "status": "0xC000006D",
      "substatus": "0xC0000064",
      "logon_process": null,
      "authentication_package": null,
      "privileges": [],
      "scenario_id": "FAILED-SINGLE-0071"
    },
