    {
      "event_id": 4672,
      "timestamp": "13/06/2026 17:09:01",
      "provider_name": "Microsoft-Windows-Security-Auditing",
      "machine_name": "WS2022-LAB02",
      "message": "Special privileges assigned to new logon.",
      "subject_account": "opsadmin2",
      "subject_domain": "WS2022-LAB02",
      "subject_security_id": "S-1-5-21-1843355061-959072039-615746888-3054",
      "subject_logon_id": "0x37264",
      "new_logon_account": null,
      "new_logon_domain": null,
      "new_logon_security_id": null,
      "new_logon_logon_id": null,
      "target_account": null,
      "target_domain": null,
      "target_security_id": null,
      "logon_type": null,
      "elevated_token": null,
      "virtual_account": null,
      "restricted_admin_mode": null,
      "workstation_name": null,
      "source_network_address": null,
      "source_port": null,
      "process_name": null,
      "failure_reason": null,
      "status": null,
      "substatus": null,
      "logon_process": null,
      "authentication_package": null,
      "privileges": [
        "SeSecurityPrivilege",
        "SeTakeOwnershipPrivilege",
        "SeBackupPrivilege",
        "SeRestorePrivilege"
      ],
      "scenario_id": "PRIV-LOGON-0080"
    },
    {
      "event_id": 4672,
      "timestamp": "13/06/2026 17:09:08",
      "provider_name": "Microsoft-Windows-Security-Auditing",
      "machine_name": "WS2022-LAB02",
      "message": "Special privileges assigned to new logon.",
      "subject_account": "opsadmin1",
      "subject_domain": "WS2022-LAB02",
      "subject_security_id": "S-1-5-21-1843355061-959072039-615746888-2084",
      "subject_logon_id": "0xD48CC",
      "new_logon_account": null,
      "new_logon_domain": null,
      "new_logon_security_id": null,
      "new_logon_logon_id": null,
      "target_account": null,
      "target_domain": null,
      "target_security_id": null,
      "logon_type": null,
      "elevated_token": null,
      "virtual_account": null,
      "restricted_admin_mode": null,
      "workstation_name": null,
      "source_network_address": null,
      "source_port": null,
      "process_name": null,
      "failure_reason": null,
      "status": null,
      "substatus": null,
      "logon_process": null,
      "authentication_package": null,
      "privileges": [
        "SeSecurityPrivilege",
        "SeTakeOwnershipPrivilege",
        "SeBackupPrivilege",
        "SeRestorePrivilege"
      ],
      "scenario_id": "PRIV-LOGON-0081"
    },
    {
      "event_id": 4672,
      "timestamp": "13/06/2026 17:09:20",
      "provider_name": "Microsoft-Windows-Security-Auditing",
      "machine_name": "WS2022-LAB01",
      "message": "Special privileges assigned to new logon.",
      "subject_account": "labadmin",
      "subject_domain": "WS2022-LAB01",
      "subject_security_id": "S-1-5-21-1843355061-959072039-615746888-7324",
      "subject_logon_id": "0x886D3",
      "new_logon_account": null,
      "new_logon_domain": null,
      "new_logon_security_id": null,
      "new_logon_logon_id": null,
      "target_account": null,
      "target_domain": null,
      "target_security_id": null,
      "logon_type": null,
      "elevated_token": null,
      "virtual_account": null,
      "restricted_admin_mode": null,
      "workstation_name": null,
      "source_network_address": null,
      "source_port": null,
      "process_name": null,
      "failure_reason": null,
      "status": null,
      "substatus": null,
      "logon_process": null,
      "authentication_package": null,
      "privileges": [
        "SeSecurityPrivilege",
        "SeTakeOwnershipPrivilege",
        "SeBackupPrivilege",
        "SeRestorePrivilege"
      ],
      "scenario_id": "PRIV-LOGON-0082"
    },
    {
      "event_id": 4672,
      "timestamp": "13/06/2026 17:09:26",
      "provider_name": "Microsoft-Windows-Security-Auditing",
      "machine_name": "WS2022-LAB02",
      "message": "Special privileges assigned to new logon.",
      "subject_account": "opsadmin1",
      "subject_domain": "WS2022-LAB02",
      "subject_security_id": "S-1-5-21-1843355061-959072039-615746888-2019",
      "subject_logon_id": "0x12789",
      "new_logon_account": null,
      "new_logon_domain": null,
      "new_logon_security_id": null,
      "new_logon_logon_id": null,
      "target_account": null,
      "target_domain": null,
      "target_security_id": null,
      "logon_type": null,
      "elevated_token": null,
      "virtual_account": null,
      "restricted_admin_mode": null,
      "workstation_name": null,
      "source_network_address": null,
      "source_port": null,
      "process_name": null,
      "failure_reason": null,
      "status": null,
      "substatus": null,
      "logon_process": null,
      "authentication_package": null,
      "privileges": [
        "SeSecurityPrivilege",
        "SeTakeOwnershipPrivilege",
        "SeBackupPrivilege",
        "SeRestorePrivilege"
      ],
      "scenario_id": "PRIV-LOGON-0083"
    },
    {
      "event_id": 4672,
      "timestamp": "13/06/2026 17:10:00",
      "provider_name": "Microsoft-Windows-Security-Auditing",
      "machine_name": "WIN-H96JM6F374S",
      "message": "Special privileges assigned to new logon.",
      "subject_account": "opsadmin1",
      "subject_domain": "WIN-H96JM6F374S",
      "subject_security_id": "S-1-5-21-1843355061-959072039-615746888-3936",
      "subject_logon_id": "0x4F916",
      "new_logon_account": null,
      "new_logon_domain": null,
      "new_logon_security_id": null,
      "new_logon_logon_id": null,
      "target_account": null,
      "target_domain": null,
      "target_security_id": null,
      "logon_type": null,
      "elevated_token": null,
      "virtual_account": null,
      "restricted_admin_mode": null,
      "workstation_name": null,
      "source_network_address": null,
      "source_port": null,
      "process_name": null,
      "failure_reason": null,
      "status": null,
      "substatus": null,
      "logon_process": null,
      "authentication_package": null,
      "privileges": [
        "SeSecurityPrivilege",
        "SeTakeOwnershipPrivilege",
        "SeBackupPrivilege",
        "SeRestorePrivilege"
      ],
      "scenario_id": "PRIV-LOGON-0084"
    },
    {
      "event_id": 4672,
      "timestamp": "13/06/2026 17:10:44",
      "provider_name": "Microsoft-Windows-Security-Auditing",
      "machine_name": "WIN-H96JM6F374S",
      "message": "Special privileges assigned to new logon.",
      "subject_account": "opsadmin2",
      "subject_domain": "WIN-H96JM6F374S",
      "subject_security_id": "S-1-5-21-1843355061-959072039-615746888-5364",
      "subject_logon_id": "0x7BEFC",
      "new_logon_account": null,
      "new_logon_domain": null,
      "new_logon_security_id": null,
      "new_logon_logon_id": null,
      "target_account": null,
      "target_domain": null,
      "target_security_id": null,
      "logon_type": null,
      "elevated_token": null,
      "virtual_account": null,
      "restricted_admin_mode": null,
      "workstation_name": null,
      "source_network_address": null,
      "source_port": null,
      "process_name": null,
      "failure_reason": null,
      "status": null,
      "substatus": null,
      "logon_process": null,
      "authentication_package": null,
      "privileges": [
        "SeSecurityPrivilege",
        "SeTakeOwnershipPrivilege",
        "SeBackupPrivilege",
        "SeRestorePrivilege"
      ],
      "scenario_id": "PRIV-LOGON-0085"
    },
    {
      "event_id": 4672,
      "timestamp": "13/06/2026 17:11:14",
      "provider_name": "Microsoft-Windows-Security-Auditing",
      "machine_name": "WIN-H96JM6F374S",
      "message": "Special privileges assigned to new logon.",
      "subject_account": "opsadmin3",
      "subject_domain": "WIN-H96JM6F374S",
      "subject_security_id": "S-1-5-21-1843355061-959072039-615746888-6493",
      "subject_logon_id": "0x1E3A7",
      "new_logon_account": null,
      "new_logon_domain": null,
      "new_logon_security_id": null,
      "new_logon_logon_id": null,
      "target_account": null,
      "target_domain": null,
      "target_security_id": null,
      "logon_type": null,
      "elevated_token": null,
      "virtual_account": null,
      "restricted_admin_mode": null,
      "workstation_name": null,
      "source_network_address": null,
      "source_port": null,
      "process_name": null,
      "failure_reason": null,
      "status": null,
      "substatus": null,
      "logon_process": null,
      "authentication_package": null,
      "privileges": [
        "SeSecurityPrivilege",
        "SeTakeOwnershipPrivilege",
        "SeBackupPrivilege",
        "SeRestorePrivilege"
      ],
      "scenario_id": "PRIV-LOGON-0086"
    },
    {
      "event_id": 4672,
      "timestamp": "13/06/2026 17:11:58",
      "provider_name": "Microsoft-Windows-Security-Auditing",
      "machine_name": "WS2022-LAB01",
      "message": "Special privileges assigned to new logon.",
      "subject_account": "labadmin",
      "subject_domain": "WS2022-LAB01",
      "subject_security_id": "S-1-5-21-1843355061-959072039-615746888-7751",
      "subject_logon_id": "0x39868",
      "new_logon_account": null,
      "new_logon_domain": null,
      "new_logon_security_id": null,
      "new_logon_logon_id": null,
      "target_account": null,
      "target_domain": null,
      "target_security_id": null,
      "logon_type": null,
      "elevated_token": null,
      "virtual_account": null,
      "restricted_admin_mode": null,
      "workstation_name": null,
      "source_network_address": null,
      "source_port": null,
      "process_name": null,
      "failure_reason": null,
      "status": null,
      "substatus": null,
      "logon_process": null,
      "authentication_package": null,
      "privileges": [
        "SeSecurityPrivilege",
        "SeTakeOwnershipPrivilege",
        "SeBackupPrivilege",
        "SeRestorePrivilege"
      ],
      "scenario_id": "PRIV-LOGON-0087"
    },
    {
      "event_id": 4672,
      "timestamp": "13/06/2026 17:12:21",
      "provider_name": "Microsoft-Windows-Security-Auditing",
      "machine_name": "WIN-H96JM6F374S",
      "message": "Special privileges assigned to new logon.",
      "subject_account": "opsadmin1",
      "subject_domain": "WIN-H96JM6F374S",
      "subject_security_id": "S-1-5-21-1843355061-959072039-615746888-6650",
      "subject_logon_id": "0xE19B9",
      "new_logon_account": null,
      "new_logon_domain": null,
      "new_logon_security_id": null,
      "new_logon_logon_id": null,
      "target_account": null,
      "target_domain": null,
      "target_security_id": null,
      "logon_type": null,
      "elevated_token": null,
      "virtual_account": null,
      "restricted_admin_mode": null,
      "workstation_name": null,
      "source_network_address": null,
      "source_port": null,
      "process_name": null,
      "failure_reason": null,
      "status": null,
      "substatus": null,
      "logon_process": null,
      "authentication_package": null,
      "privileges": [
        "SeSecurityPrivilege",
        "SeTakeOwnershipPrivilege",
        "SeBackupPrivilege",
        "SeRestorePrivilege"
      ],
      "scenario_id": "PRIV-LOGON-0088"
    },
    {
      "event_id": 4672,
      "timestamp": "13/06/2026 17:12:32",
      "provider_name": "Microsoft-Windows-Security-Auditing",
      "machine_name": "WIN-H96JM6F374S",
      "message": "Special privileges assigned to new logon.",
      "subject_account": "opsadmin3",
      "subject_domain": "WIN-H96JM6F374S",
      "subject_security_id": "S-1-5-21-1843355061-959072039-615746888-3162",
      "subject_logon_id": "0x23EC3",
      "new_logon_account": null,
      "new_logon_domain": null,
      "new_logon_security_id": null,
      "new_logon_logon_id": null,
      "target_account": null,
      "target_domain": null,
      "target_security_id": null,
      "logon_type": null,
      "elevated_token": null,
      "virtual_account": null,
      "restricted_admin_mode": null,
      "workstation_name": null,
      "source_network_address": null,
      "source_port": null,
      "process_name": null,
      "failure_reason": null,
      "status": null,
      "substatus": null,
      "logon_process": null,
      "authentication_package": null,
      "privileges": [
        "SeSecurityPrivilege",
        "SeTakeOwnershipPrivilege",
        "SeBackupPrivilege",
        "SeRestorePrivilege"
      ],
      "scenario_id": "PRIV-LOGON-0089"
    },
    {
      "event_id": 4672,
      "timestamp": "13/06/2026 17:13:10",
      "provider_name": "Microsoft-Windows-Security-Auditing",
      "machine_name": "WS2022-LAB02",
      "message": "Special privileges assigned to new logon.",
      "subject_account": "opsadmin1",
      "subject_domain": "WS2022-LAB02",
      "subject_security_id": "S-1-5-21-1843355061-959072039-615746888-5165",
      "subject_logon_id": "0xD1A35",
      "new_logon_account": null,
      "new_logon_domain": null,
      "new_logon_security_id": null,
      "new_logon_logon_id": null,
      "target_account": null,
      "target_domain": null,
      "target_security_id": null,
      "logon_type": null,
      "elevated_token": null,
      "virtual_account": null,
      "restricted_admin_mode": null,
      "workstation_name": null,
      "source_network_address": null,
      "source_port": null,
      "process_name": null,
      "failure_reason": null,
      "status": null,
      "substatus": null,
      "logon_process": null,
      "authentication_package": null,
      "privileges": [
        "SeSecurityPrivilege",
        "SeTakeOwnershipPrivilege",
        "SeBackupPrivilege",
        "SeRestorePrivilege"
      ],
      "scenario_id": "PRIV-LOGON-0090"
    },
    {
      "event_id": 4672,
      "timestamp": "13/06/2026 17:13:32",
      "provider_name": "Microsoft-Windows-Security-Auditing",
      "machine_name": "WS2022-LAB02",
      "message": "Special privileges assigned to new logon.",
      "subject_account": "opsadmin1",
      "subject_domain": "WS2022-LAB02",
      "subject_security_id": "S-1-5-21-1843355061-959072039-615746888-7097",
      "subject_logon_id": "0x34F82",
      "new_logon_account": null,
      "new_logon_domain": null,
      "new_logon_security_id": null,
      "new_logon_logon_id": null,
      "target_account": null,
      "target_domain": null,
      "target_security_id": null,
      "logon_type": null,
      "elevated_token": null,
      "virtual_account": null,
      "restricted_admin_mode": null,
      "workstation_name": null,
      "source_network_address": null,
      "source_port": null,
      "process_name": null,
      "failure_reason": null,
      "status": null,
      "substatus": null,
      "logon_process": null,
      "authentication_package": null,
      "privileges": [
        "SeSecurityPrivilege",
        "SeTakeOwnershipPrivilege",
        "SeBackupPrivilege",
        "SeRestorePrivilege"
      ],
      "scenario_id": "PRIV-LOGON-0091"
    },
    {
      "event_id": 4672,
      "timestamp": "13/06/2026 17:14:04",
      "provider_name": "Microsoft-Windows-Security-Auditing",
      "machine_name": "WIN-H96JM6F374S",
      "message": "Special privileges assigned to new logon.",
      "subject_account": "opsadmin1",
      "subject_domain": "WIN-H96JM6F374S",
      "subject_security_id": "S-1-5-21-1843355061-959072039-615746888-7312",
      "subject_logon_id": "0x7E113",
      "new_logon_account": null,
      "new_logon_domain": null,
      "new_logon_security_id": null,
      "new_logon_logon_id": null,
      "target_account": null,
      "target_domain": null,
      "target_security_id": null,
      "logon_type": null,
      "elevated_token": null,
      "virtual_account": null,
      "restricted_admin_mode": null,
      "workstation_name": null,
      "source_network_address": null,
      "source_port": null,
      "process_name": null,
      "failure_reason": null,
      "status": null,
      "substatus": null,
      "logon_process": null,
      "authentication_package": null,
      "privileges": [
        "SeSecurityPrivilege",
        "SeTakeOwnershipPrivilege",
        "SeBackupPrivilege",
        "SeRestorePrivilege"
      ],
      "scenario_id": "PRIV-LOGON-0092"
    },
    {
      "event_id": 4672,
      "timestamp": "13/06/2026 17:14:16",
      "provider_name": "Microsoft-Windows-Security-Auditing",
      "machine_name": "WIN-H96JM6F374S",
      "message": "Special privileges assigned to new logon.",
      "subject_account": "opsadmin2",
      "subject_domain": "WIN-H96JM6F374S",
      "subject_security_id": "S-1-5-21-1843355061-959072039-615746888-3015",
      "subject_logon_id": "0x6AF5F",
      "new_logon_account": null,
      "new_logon_domain": null,
      "new_logon_security_id": null,
      "new_logon_logon_id": null,
      "target_account": null,
      "target_domain": null,
      "target_security_id": null,
      "logon_type": null,
      "elevated_token": null,
      "virtual_account": null,
      "restricted_admin_mode": null,
      "workstation_name": null,
      "source_network_address": null,
      "source_port": null,
      "process_name": null,
      "failure_reason": null,
      "status": null,
      "substatus": null,
      "logon_process": null,
      "authentication_package": null,
      "privileges": [
        "SeSecurityPrivilege",
        "SeTakeOwnershipPrivilege",
        "SeBackupPrivilege",
        "SeRestorePrivilege"
      ],
      "scenario_id": "PRIV-LOGON-0093"
    },
    {
      "event_id": 4672,
      "timestamp": "13/06/2026 17:14:53",
      "provider_name": "Microsoft-Windows-Security-Auditing",
      "machine_name": "WS2022-LAB02",
      "message": "Special privileges assigned to new logon.",
      "subject_account": "opsadmin2",
      "subject_domain": "WS2022-LAB02",
      "subject_security_id": "S-1-5-21-1843355061-959072039-615746888-6064",
      "subject_logon_id": "0xDE272",
      "new_logon_account": null,
      "new_logon_domain": null,
      "new_logon_security_id": null,
      "new_logon_logon_id": null,
      "target_account": null,
      "target_domain": null,
      "target_security_id": null,
      "logon_type": null,
      "elevated_token": null,
      "virtual_account": null,
      "restricted_admin_mode": null,
      "workstation_name": null,
      "source_network_address": null,
      "source_port": null,
      "process_name": null,
      "failure_reason": null,
      "status": null,
      "substatus": null,
      "logon_process": null,
      "authentication_package": null,
      "privileges": [
        "SeSecurityPrivilege",
        "SeTakeOwnershipPrivilege",
        "SeBackupPrivilege",
        "SeRestorePrivilege"
      ],
      "scenario_id": "PRIV-LOGON-0094"
    },
    {
      "event_id": 4672,
      "timestamp": "13/06/2026 17:15:13",
      "provider_name": "Microsoft-Windows-Security-Auditing",
      "machine_name": "WIN-H96JM6F374S",
      "message": "Special privileges assigned to new logon.",
      "subject_account": "opsadmin2",
      "subject_domain": "WIN-H96JM6F374S",
      "subject_security_id": "S-1-5-21-1843355061-959072039-615746888-6863",
      "subject_logon_id": "0x202F5",
      "new_logon_account": null,
      "new_logon_domain": null,
      "new_logon_security_id": null,
      "new_logon_logon_id": null,
      "target_account": null,
      "target_domain": null,
      "target_security_id": null,
      "logon_type": null,
      "elevated_token": null,
      "virtual_account": null,
      "restricted_admin_mode": null,
      "workstation_name": null,
      "source_network_address": null,
      "source_port": null,
      "process_name": null,
      "failure_reason": null,
      "status": null,
      "substatus": null,
      "logon_process": null,
      "authentication_package": null,
      "privileges": [
        "SeSecurityPrivilege",
        "SeTakeOwnershipPrivilege",
        "SeBackupPrivilege",
        "SeRestorePrivilege"
      ],
      "scenario_id": "PRIV-LOGON-0095"
    },
    {
      "event_id": 4672,
      "timestamp": "13/06/2026 17:15:33",
      "provider_name": "Microsoft-Windows-Security-Auditing",
      "machine_name": "WS2022-LAB02",
      "message": "Special privileges assigned to new logon.",
      "subject_account": "opsadmin3",
      "subject_domain": "WS2022-LAB02",
      "subject_security_id": "S-1-5-21-1843355061-959072039-615746888-2912",
      "subject_logon_id": "0xB67D0",
      "new_logon_account": null,
      "new_logon_domain": null,
      "new_logon_security_id": null,
      "new_logon_logon_id": null,
      "target_account": null,
      "target_domain": null,
      "target_security_id": null,
      "logon_type": null,
      "elevated_token": null,
      "virtual_account": null,
      "restricted_admin_mode": null,
      "workstation_name": null,
      "source_network_address": null,
      "source_port": null,
      "process_name": null,
      "failure_reason": null,
      "status": null,
      "substatus": null,
      "logon_process": null,
      "authentication_package": null,
      "privileges": [
        "SeSecurityPrivilege",
        "SeTakeOwnershipPrivilege",
        "SeBackupPrivilege",
        "SeRestorePrivilege"
      ],
      "scenario_id": "PRIV-LOGON-0096"
    },
    {
      "event_id": 4672,
      "timestamp": "13/06/2026 17:16:14",
      "provider_name": "Microsoft-Windows-Security-Auditing",
      "machine_name": "WS2022-LAB01",
      "message": "Special privileges assigned to new logon.",
      "subject_account": "opsadmin1",
      "subject_domain": "WS2022-LAB01",
      "subject_security_id": "S-1-5-21-1843355061-959072039-615746888-9970",
      "subject_logon_id": "0xEA21E",
      "new_logon_account": null,
      "new_logon_domain": null,
      "new_logon_security_id": null,
      "new_logon_logon_id": null,
      "target_account": null,
      "target_domain": null,
      "target_security_id": null,
      "logon_type": null,
      "elevated_token": null,
      "virtual_account": null,
      "restricted_admin_mode": null,
      "workstation_name": null,
      "source_network_address": null,
      "source_port": null,
      "process_name": null,
      "failure_reason": null,
      "status": null,
      "substatus": null,
      "logon_process": null,
      "authentication_package": null,
      "privileges": [
        "SeSecurityPrivilege",
        "SeTakeOwnershipPrivilege",
        "SeBackupPrivilege",
        "SeRestorePrivilege"
      ],
      "scenario_id": "PRIV-LOGON-0097"
    },
    {
      "event_id": 4672,
      "timestamp": "13/06/2026 17:16:37",
      "provider_name": "Microsoft-Windows-Security-Auditing",
      "machine_name": "WS2022-LAB01",
      "message": "Special privileges assigned to new logon.",
      "subject_account": "labadmin",
      "subject_domain": "WS2022-LAB01",
      "subject_security_id": "S-1-5-21-1843355061-959072039-615746888-3970",
      "subject_logon_id": "0x36F04",
      "new_logon_account": null,
      "new_logon_domain": null,
      "new_logon_security_id": null,
      "new_logon_logon_id": null,
      "target_account": null,
      "target_domain": null,
      "target_security_id": null,
      "logon_type": null,
      "elevated_token": null,
      "virtual_account": null,
      "restricted_admin_mode": null,
      "workstation_name": null,
      "source_network_address": null,
      "source_port": null,
      "process_name": null,
      "failure_reason": null,
      "status": null,
      "substatus": null,
      "logon_process": null,
      "authentication_package": null,
      "privileges": [
        "SeSecurityPrivilege",
        "SeTakeOwnershipPrivilege",
        "SeBackupPrivilege",
        "SeRestorePrivilege"
      ],
      "scenario_id": "PRIV-LOGON-0098"
    },
    {
      "event_id": 4672,
      "timestamp": "13/06/2026 17:17:04",
      "provider_name": "Microsoft-Windows-Security-Auditing",
      "machine_name": "WS2022-LAB02",
      "message": "Special privileges assigned to new logon.",
      "subject_account": "opsadmin1",
      "subject_domain": "WS2022-LAB02",
      "subject_security_id": "S-1-5-21-1843355061-959072039-615746888-9998",
      "subject_logon_id": "0x283A5",
      "new_logon_account": null,
      "new_logon_domain": null,
      "new_logon_security_id": null,
      "new_logon_logon_id": null,
      "target_account": null,
      "target_domain": null,
      "target_security_id": null,
      "logon_type": null,
      "elevated_token": null,
      "virtual_account": null,
      "restricted_admin_mode": null,
      "workstation_name": null,
      "source_network_address": null,
      "source_port": null,
      "process_name": null,
      "failure_reason": null,
      "status": null,
      "substatus": null,
      "logon_process": null,
      "authentication_package": null,
      "privileges": [
        "SeSecurityPrivilege",
        "SeTakeOwnershipPrivilege",
        "SeBackupPrivilege",
        "SeRestorePrivilege"
      ],
      "scenario_id": "PRIV-LOGON-0099"
    },
    {
      "event_id": 4672,
      "timestamp": "13/06/2026 17:17:47",
      "provider_name": "Microsoft-Windows-Security-Auditing",
      "machine_name": "WS2022-LAB02",
      "message": "Special privileges assigned to new logon.",
      "subject_account": "labadmin",
      "subject_domain": "WS2022-LAB02",
      "subject_security_id": "S-1-5-21-1843355061-959072039-615746888-2543",
      "subject_logon_id": "0xABEF7",
      "new_logon_account": null,
      "new_logon_domain": null,
      "new_logon_security_id": null,
      "new_logon_logon_id": null,
      "target_account": null,
      "target_domain": null,
      "target_security_id": null,
      "logon_type": null,
      "elevated_token": null,
      "virtual_account": null,
      "restricted_admin_mode": null,
      "workstation_name": null,
      "source_network_address": null,
      "source_port": null,
      "process_name": null,
      "failure_reason": null,
      "status": null,
      "substatus": null,
      "logon_process": null,
      "authentication_package": null,
      "privileges": [
        "SeSecurityPrivilege",
        "SeTakeOwnershipPrivilege",
        "SeBackupPrivilege",
        "SeRestorePrivilege"
      ],
      "scenario_id": "PRIV-LOGON-0100"
    },
    {
      "event_id": 4672,
      "timestamp": "13/06/2026 17:18:18",
      "provider_name": "Microsoft-Windows-Security-Auditing",
      "machine_name": "WIN-H96JM6F374S",
      "message": "Special privileges assigned to new logon.",
      "subject_account": "opsadmin1",
      "subject_domain": "WIN-H96JM6F374S",
      "subject_security_id": "S-1-5-21-1843355061-959072039-615746888-8122",
      "subject_logon_id": "0x4CA89",
      "new_logon_account": null,
      "new_logon_domain": null,
      "new_logon_security_id": null,
      "new_logon_logon_id": null,
      "target_account": null,
      "target_domain": null,
      "target_security_id": null,
      "logon_type": null,
      "elevated_token": null,
      "virtual_account": null,
      "restricted_admin_mode": null,
      "workstation_name": null,
      "source_network_address": null,
      "source_port": null,
      "process_name": null,
      "failure_reason": null,
      "status": null,
      "substatus": null,
      "logon_process": null,
      "authentication_package": null,
      "privileges": [
        "SeSecurityPrivilege",
        "SeTakeOwnershipPrivilege",
        "SeBackupPrivilege",
        "SeRestorePrivilege"
      ],
      "scenario_id": "PRIV-LOGON-0101"
    },
    {
      "event_id": 4672,
      "timestamp": "13/06/2026 17:18:55",
      "provider_name": "Microsoft-Windows-Security-Auditing",
      "machine_name": "WIN-H96JM6F374S",
      "message": "Special privileges assigned to new logon.",
      "subject_account": "labadmin",
      "subject_domain": "WIN-H96JM6F374S",
      "subject_security_id": "S-1-5-21-1843355061-959072039-615746888-9954",
      "subject_logon_id": "0xE6182",
      "new_logon_account": null,
      "new_logon_domain": null,
      "new_logon_security_id": null,
      "new_logon_logon_id": null,
      "target_account": null,
      "target_domain": null,
      "target_security_id": null,
      "logon_type": null,
      "elevated_token": null,
      "virtual_account": null,
      "restricted_admin_mode": null,
      "workstation_name": null,
      "source_network_address": null,
      "source_port": null,
      "process_name": null,
      "failure_reason": null,
      "status": null,
      "substatus": null,
      "logon_process": null,
      "authentication_package": null,
      "privileges": [
        "SeSecurityPrivilege",
        "SeTakeOwnershipPrivilege",
        "SeBackupPrivilege",
        "SeRestorePrivilege"
      ],
      "scenario_id": "PRIV-LOGON-0102"
    },
    {
      "event_id": 4672,
      "timestamp": "13/06/2026 17:19:15",
      "provider_name": "Microsoft-Windows-Security-Auditing",
      "machine_name": "WS2022-LAB01",
      "message": "Special privileges assigned to new logon.",
      "subject_account": "opsadmin2",
      "subject_domain": "WS2022-LAB01",
      "subject_security_id": "S-1-5-21-1843355061-959072039-615746888-7719",
      "subject_logon_id": "0x43417",
      "new_logon_account": null,
      "new_logon_domain": null,
      "new_logon_security_id": null,
      "new_logon_logon_id": null,
      "target_account": null,
      "target_domain": null,
      "target_security_id": null,
      "logon_type": null,
      "elevated_token": null,
      "virtual_account": null,
      "restricted_admin_mode": null,
      "workstation_name": null,
      "source_network_address": null,
      "source_port": null,
      "process_name": null,
      "failure_reason": null,
      "status": null,
      "substatus": null,
      "logon_process": null,
      "authentication_package": null,
      "privileges": [
        "SeSecurityPrivilege",
        "SeTakeOwnershipPrivilege",
        "SeBackupPrivilege",
        "SeRestorePrivilege"
      ],
      "scenario_id": "PRIV-LOGON-0103"
    },
    {
      "event_id": 4672,
      "timestamp": "13/06/2026 17:19:41",
      "provider_name": "Microsoft-Windows-Security-Auditing",
      "machine_name": "WIN-H96JM6F374S",
      "message": "Special privileges assigned to new logon.",
      "subject_account": "opsadmin2",
      "subject_domain": "WIN-H96JM6F374S",
      "subject_security_id": "S-1-5-21-1843355061-959072039-615746888-8254",
      "subject_logon_id": "0xCE23D",
      "new_logon_account": null,
      "new_logon_domain": null,
      "new_logon_security_id": null,
      "new_logon_logon_id": null,
      "target_account": null,
      "target_domain": null,
      "target_security_id": null,
      "logon_type": null,
      "elevated_token": null,
      "virtual_account": null,
      "restricted_admin_mode": null,
      "workstation_name": null,
      "source_network_address": null,
      "source_port": null,
      "process_name": null,
      "failure_reason": null,
      "status": null,
      "substatus": null,
      "logon_process": null,
      "authentication_package": null,
      "privileges": [
        "SeSecurityPrivilege",
        "SeTakeOwnershipPrivilege",
        "SeBackupPrivilege",
        "SeRestorePrivilege"
      ],
      "scenario_id": "PRIV-LOGON-0104"
    },
    {
      "event_id": 4672,
      "timestamp": "13/06/2026 17:20:11",
      "provider_name": "Microsoft-Windows-Security-Auditing",
      "machine_name": "WS2022-LAB02",
      "message": "Special privileges assigned to new logon.",
      "subject_account": "labadmin",
      "subject_domain": "WS2022-LAB02",
      "subject_security_id": "S-1-5-21-1843355061-959072039-615746888-6703",
      "subject_logon_id": "0x57950",
      "new_logon_account": null,
      "new_logon_domain": null,
      "new_logon_security_id": null,
      "new_logon_logon_id": null,
      "target_account": null,
      "target_domain": null,
      "target_security_id": null,
      "logon_type": null,
      "elevated_token": null,
      "virtual_account": null,
      "restricted_admin_mode": null,
      "workstation_name": null,
      "source_network_address": null,
      "source_port": null,
      "process_name": null,
      "failure_reason": null,
      "status": null,
      "substatus": null,
      "logon_process": null,
      "authentication_package": null,
      "privileges": [
        "SeSecurityPrivilege",
        "SeTakeOwnershipPrivilege",
        "SeBackupPrivilege",
        "SeRestorePrivilege"
      ],
      "scenario_id": "PRIV-LOGON-0105"
    },
    {
      "event_id": 4672,
      "timestamp": "13/06/2026 17:20:37",
      "provider_name": "Microsoft-Windows-Security-Auditing",
      "machine_name": "WS2022-LAB02",
      "message": "Special privileges assigned to new logon.",
      "subject_account": "opsadmin1",
      "subject_domain": "WS2022-LAB02",
      "subject_security_id": "S-1-5-21-1843355061-959072039-615746888-1035",
      "subject_logon_id": "0x4A470",
      "new_logon_account": null,
      "new_logon_domain": null,
      "new_logon_security_id": null,
      "new_logon_logon_id": null,
      "target_account": null,
      "target_domain": null,
      "target_security_id": null,
      "logon_type": null,
      "elevated_token": null,
      "virtual_account": null,
      "restricted_admin_mode": null,
      "workstation_name": null,
      "source_network_address": null,
      "source_port": null,
      "process_name": null,
      "failure_reason": null,
      "status": null,
      "substatus": null,
      "logon_process": null,
      "authentication_package": null,
      "privileges": [
        "SeSecurityPrivilege",
        "SeTakeOwnershipPrivilege",
        "SeBackupPrivilege",
        "SeRestorePrivilege"
      ],
      "scenario_id": "PRIV-LOGON-0106"
    },
    {
      "event_id": 4672,
      "timestamp": "13/06/2026 17:21:02",
      "provider_name": "Microsoft-Windows-Security-Auditing",
      "machine_name": "WIN-H96JM6F374S",
      "message": "Special privileges assigned to new logon.",
      "subject_account": "opsadmin1",
      "subject_domain": "WIN-H96JM6F374S",
      "subject_security_id": "S-1-5-21-1843355061-959072039-615746888-8218",
      "subject_logon_id": "0x8F819",
      "new_logon_account": null,
      "new_logon_domain": null,
      "new_logon_security_id": null,
      "new_logon_logon_id": null,
      "target_account": null,
      "target_domain": null,
      "target_security_id": null,
      "logon_type": null,
      "elevated_token": null,
      "virtual_account": null,
      "restricted_admin_mode": null,
      "workstation_name": null,
      "source_network_address": null,
      "source_port": null,
      "process_name": null,
      "failure_reason": null,
      "status": null,
      "substatus": null,
      "logon_process": null,
      "authentication_package": null,
      "privileges": [
        "SeSecurityPrivilege",
        "SeTakeOwnershipPrivilege",
        "SeBackupPrivilege",
        "SeRestorePrivilege"
      ],
      "scenario_id": "PRIV-LOGON-0107"
    },
    {
      "event_id": 4672,
      "timestamp": "13/06/2026 17:21:27",
      "provider_name": "Microsoft-Windows-Security-Auditing",
      "machine_name": "WS2022-LAB01",
      "message": "Special privileges assigned to new logon.",
      "subject_account": "opsadmin1",
      "subject_domain": "WS2022-LAB01",
      "subject_security_id": "S-1-5-21-1843355061-959072039-615746888-2446",
      "subject_logon_id": "0x72508",
      "new_logon_account": null,
      "new_logon_domain": null,
      "new_logon_security_id": null,
      "new_logon_logon_id": null,
      "target_account": null,
      "target_domain": null,
      "target_security_id": null,
      "logon_type": null,
      "elevated_token": null,
      "virtual_account": null,
      "restricted_admin_mode": null,
      "workstation_name": null,
      "source_network_address": null,
      "source_port": null,
      "process_name": null,
      "failure_reason": null,
      "status": null,
      "substatus": null,
      "logon_process": null,
      "authentication_package": null,
      "privileges": [
        "SeSecurityPrivilege",
        "SeTakeOwnershipPrivilege",
        "SeBackupPrivilege",
        "SeRestorePrivilege"
      ],
      "scenario_id": "PRIV-LOGON-0108"
    },
    {
      "event_id": 4672,
      "timestamp": "13/06/2026 17:21:32",
      "provider_name": "Microsoft-Windows-Security-Auditing",
      "machine_name": "WIN-H96JM6F374S",
      "message": "Special privileges assigned to new logon.",
      "subject_account": "opsadmin1",
      "subject_domain": "WIN-H96JM6F374S",
      "subject_security_id": "S-1-5-21-1843355061-959072039-615746888-8656",
      "subject_logon_id": "0xBDFC3",
      "new_logon_account": null,
      "new_logon_domain": null,
      "new_logon_security_id": null,
      "new_logon_logon_id": null,
      "target_account": null,
      "target_domain": null,
      "target_security_id": null,
      "logon_type": null,
      "elevated_token": null,
      "virtual_account": null,
      "restricted_admin_mode": null,
      "workstation_name": null,
      "source_network_address": null,
      "source_port": null,
      "process_name": null,
      "failure_reason": null,
      "status": null,
      "substatus": null,
      "logon_process": null,
      "authentication_package": null,
      "privileges": [
        "SeSecurityPrivilege",
        "SeTakeOwnershipPrivilege",
        "SeBackupPrivilege",
        "SeRestorePrivilege"
      ],
      "scenario_id": "PRIV-LOGON-0109"
    },
    {
      "event_id": 4672,
      "timestamp": "13/06/2026 17:21:57",
      "provider_name": "Microsoft-Windows-Security-Auditing",
      "machine_name": "WIN-H96JM6F374S",
      "message": "Special privileges assigned to new logon.",
      "subject_account": "opsadmin1",
      "subject_domain": "WIN-H96JM6F374S",
      "subject_security_id": "S-1-5-21-1843355061-959072039-615746888-6675",
      "subject_logon_id": "0x5263D",
      "new_logon_account": null,
      "new_logon_domain": null,
      "new_logon_security_id": null,
      "new_logon_logon_id": null,
      "target_account": null,
      "target_domain": null,
      "target_security_id": null,
      "logon_type": null,
      "elevated_token": null,
      "virtual_account": null,
      "restricted_admin_mode": null,
      "workstation_name": null,
      "source_network_address": null,
      "source_port": null,
      "process_name": null,
      "failure_reason": null,
      "status": null,
      "substatus": null,
      "logon_process": null,
      "authentication_package": null,
      "privileges": [
        "SeSecurityPrivilege",
        "SeTakeOwnershipPrivilege",
        "SeBackupPrivilege",
        "SeRestorePrivilege"
      ],
      "scenario_id": "PRIV-LOGON-0110"
    },
    {
      "event_id": 4672,
      "timestamp": "13/06/2026 17:22:20",
      "provider_name": "Microsoft-Windows-Security-Auditing",
      "machine_name": "WS2022-LAB02",
      "message": "Special privileges assigned to new logon.",
      "subject_account": "opsadmin1",
      "subject_domain": "WS2022-LAB02",
      "subject_security_id": "S-1-5-21-1843355061-959072039-615746888-8811",
      "subject_logon_id": "0x27BDA",
      "new_logon_account": null,
      "new_logon_domain": null,
      "new_logon_security_id": null,
      "new_logon_logon_id": null,
      "target_account": null,
      "target_domain": null,
      "target_security_id": null,
      "logon_type": null,
      "elevated_token": null,
      "virtual_account": null,
      "restricted_admin_mode": null,
      "workstation_name": null,
      "source_network_address": null,
      "source_port": null,
      "process_name": null,
      "failure_reason": null,
      "status": null,
      "substatus": null,
      "logon_process": null,
      "authentication_package": null,
      "privileges": [
        "SeSecurityPrivilege",
        "SeTakeOwnershipPrivilege",
        "SeBackupPrivilege",
        "SeRestorePrivilege"
      ],
      "scenario_id": "PRIV-LOGON-0111"
    },
    {
      "event_id": 4672,
      "timestamp": "13/06/2026 17:23:05",
      "provider_name": "Microsoft-Windows-Security-Auditing",
      "machine_name": "WIN-H96JM6F374S",
      "message": "Special privileges assigned to new logon.",
      "subject_account": "labadmin",
      "subject_domain": "WIN-H96JM6F374S",
      "subject_security_id": "S-1-5-21-1843355061-959072039-615746888-3533",
      "subject_logon_id": "0x77A1F",
      "new_logon_account": null,
      "new_logon_domain": null,
      "new_logon_security_id": null,
      "new_logon_logon_id": null,
      "target_account": null,
      "target_domain": null,
      "target_security_id": null,
      "logon_type": null,
      "elevated_token": null,
      "virtual_account": null,
      "restricted_admin_mode": null,
      "workstation_name": null,
      "source_network_address": null,
      "source_port": null,
      "process_name": null,
      "failure_reason": null,
      "status": null,
      "substatus": null,
      "logon_process": null,
      "authentication_package": null,
      "privileges": [
        "SeSecurityPrivilege",
        "SeTakeOwnershipPrivilege",
        "SeBackupPrivilege",
        "SeRestorePrivilege"
      ],
      "scenario_id": "PRIV-LOGON-0112"
    },
    {
      "event_id": 4672,
      "timestamp": "13/06/2026 17:23:50",
      "provider_name": "Microsoft-Windows-Security-Auditing",
      "machine_name": "WS2022-LAB02",
      "message": "Special privileges assigned to new logon.",
      "subject_account": "opsadmin2",
      "subject_domain": "WS2022-LAB02",
      "subject_security_id": "S-1-5-21-1843355061-959072039-615746888-3766",
      "subject_logon_id": "0x4FB05",
      "new_logon_account": null,
      "new_logon_domain": null,
      "new_logon_security_id": null,
      "new_logon_logon_id": null,
      "target_account": null,
      "target_domain": null,
      "target_security_id": null,
      "logon_type": null,
      "elevated_token": null,
      "virtual_account": null,
      "restricted_admin_mode": null,
      "workstation_name": null,
      "source_network_address": null,
      "source_port": null,
      "process_name": null,
      "failure_reason": null,
      "status": null,
      "substatus": null,
      "logon_process": null,
      "authentication_package": null,
      "privileges": [
        "SeSecurityPrivilege",
        "SeTakeOwnershipPrivilege",
        "SeBackupPrivilege",
        "SeRestorePrivilege"
      ],
      "scenario_id": "PRIV-LOGON-0113"
    },
    {
      "event_id": 4672,
      "timestamp": "13/06/2026 17:24:12",
      "provider_name": "Microsoft-Windows-Security-Auditing",
      "machine_name": "WIN-H96JM6F374S",
      "message": "Special privileges assigned to new logon.",
      "subject_account": "opsadmin2",
      "subject_domain": "WIN-H96JM6F374S",
      "subject_security_id": "S-1-5-21-1843355061-959072039-615746888-4366",
      "subject_logon_id": "0x9272B",
      "new_logon_account": null,
      "new_logon_domain": null,
      "new_logon_security_id": null,
      "new_logon_logon_id": null,
      "target_account": null,
      "target_domain": null,
      "target_security_id": null,
      "logon_type": null,
      "elevated_token": null,
      "virtual_account": null,
      "restricted_admin_mode": null,
      "workstation_name": null,
      "source_network_address": null,
      "source_port": null,
      "process_name": null,
      "failure_reason": null,
      "status": null,
      "substatus": null,
      "logon_process": null,
      "authentication_package": null,
      "privileges": [
        "SeSecurityPrivilege",
        "SeTakeOwnershipPrivilege",
        "SeBackupPrivilege",
        "SeRestorePrivilege"
      ],
      "scenario_id": "PRIV-LOGON-0114"
    },
    {
      "event_id": 4672,
      "timestamp": "13/06/2026 17:24:38",
      "provider_name": "Microsoft-Windows-Security-Auditing",
      "machine_name": "WS2022-LAB01",
      "message": "Special privileges assigned to new logon.",
      "subject_account": "opsadmin1",
      "subject_domain": "WS2022-LAB01",
      "subject_security_id": "S-1-5-21-1843355061-959072039-615746888-9674",
      "subject_logon_id": "0xB197D",
      "new_logon_account": null,
      "new_logon_domain": null,
      "new_logon_security_id": null,
      "new_logon_logon_id": null,
      "target_account": null,
      "target_domain": null,
      "target_security_id": null,
      "logon_type": null,
      "elevated_token": null,
      "virtual_account": null,
      "restricted_admin_mode": null,
      "workstation_name": null,
      "source_network_address": null,
      "source_port": null,
      "process_name": null,
      "failure_reason": null,
      "status": null,
      "substatus": null,
      "logon_process": null,
      "authentication_package": null,
      "privileges": [
        "SeSecurityPrivilege",
        "SeTakeOwnershipPrivilege",
        "SeBackupPrivilege",
        "SeRestorePrivilege"
      ],
      "scenario_id": "PRIV-LOGON-0115"
    },
    {
      "event_id": 4672,
      "timestamp": "13/06/2026 17:24:43",
      "provider_name": "Microsoft-Windows-Security-Auditing",
      "machine_name": "WIN-H96JM6F374S",
      "message": "Special privileges assigned to new logon.",
      "subject_account": "opsadmin3",
      "subject_domain": "WIN-H96JM6F374S",
      "subject_security_id": "S-1-5-21-1843355061-959072039-615746888-6544",
      "subject_logon_id": "0xAAD7A",
      "new_logon_account": null,
      "new_logon_domain": null,
      "new_logon_security_id": null,
      "new_logon_logon_id": null,
      "target_account": null,
      "target_domain": null,
      "target_security_id": null,
      "logon_type": null,
      "elevated_token": null,
      "virtual_account": null,
      "restricted_admin_mode": null,
      "workstation_name": null,
      "source_network_address": null,
      "source_port": null,
      "process_name": null,
      "failure_reason": null,
      "status": null,
      "substatus": null,
      "logon_process": null,
      "authentication_package": null,
      "privileges": [
        "SeSecurityPrivilege",
        "SeTakeOwnershipPrivilege",
        "SeBackupPrivilege",
        "SeRestorePrivilege"
      ],
      "scenario_id": "PRIV-LOGON-0116"
    },
    {
      "event_id": 4672,
      "timestamp": "13/06/2026 17:24:58",
      "provider_name": "Microsoft-Windows-Security-Auditing",
      "machine_name": "WS2022-LAB02",
      "message": "Special privileges assigned to new logon.",
      "subject_account": "opsadmin2",
      "subject_domain": "WS2022-LAB02",
      "subject_security_id": "S-1-5-21-1843355061-959072039-615746888-8552",
      "subject_logon_id": "0xD685F",
      "new_logon_account": null,
      "new_logon_domain": null,
      "new_logon_security_id": null,
      "new_logon_logon_id": null,
      "target_account": null,
      "target_domain": null,
      "target_security_id": null,
      "logon_type": null,
      "elevated_token": null,
      "virtual_account": null,
      "restricted_admin_mode": null,
      "workstation_name": null,
      "source_network_address": null,
      "source_port": null,
      "process_name": null,
      "failure_reason": null,
      "status": null,
      "substatus": null,
      "logon_process": null,
      "authentication_package": null,
      "privileges": [
        "SeSecurityPrivilege",
        "SeTakeOwnershipPrivilege",
        "SeBackupPrivilege",
        "SeRestorePrivilege"
      ],
      "scenario_id": "PRIV-LOGON-0117"
    },
    {
      "event_id": 4672,
      "timestamp": "13/06/2026 17:25:08",
      "provider_name": "Microsoft-Windows-Security-Auditing",
      "machine_name": "WIN-H96JM6F374S",
      "message": "Special privileges assigned to new logon.",
      "subject_account": "labadmin",
      "subject_domain": "WIN-H96JM6F374S",
      "subject_security_id": "S-1-5-21-1843355061-959072039-615746888-6977",
      "subject_logon_id": "0x87C59",
      "new_logon_account": null,
      "new_logon_domain": null,
      "new_logon_security_id": null,
      "new_logon_logon_id": null,
      "target_account": null,
      "target_domain": null,
      "target_security_id": null,
      "logon_type": null,
      "elevated_token": null,
      "virtual_account": null,
      "restricted_admin_mode": null,
      "workstation_name": null,
      "source_network_address": null,
      "source_port": null,
      "process_name": null,
      "failure_reason": null,
      "status": null,
      "substatus": null,
      "logon_process": null,
      "authentication_package": null,
      "privileges": [
        "SeSecurityPrivilege",
        "SeTakeOwnershipPrivilege",
        "SeBackupPrivilege",
        "SeRestorePrivilege"
      ],
      "scenario_id": "PRIV-LOGON-0118"
    },
