TimeCreated  : 13/06/2026 19:05:17
Id           : 4726
ProviderName : Microsoft-Windows-Security-Auditing
MachineName  : WIN-H96JM6F374S
Message      : A user account was deleted.

               Subject:
               	Security ID:		S-1-5-21-1843355061-959072039-615746888-1704
               	Account Name:		opsadmin2
               	Account Domain:		WIN-H96JM6F374S
               	Logon ID:		0xD93D1

               Deleted Account:
               	Security ID:		S-1-5-21-1843355061-959072039-615746888-8745
               	Account Name:		tempuser381
               	Account Domain:		WIN-H96JM6F374S

TimeCreated  : 13/06/2026 19:05:54
Id           : 4726
ProviderName : Microsoft-Windows-Security-Auditing
MachineName  : WS2022-LAB02
Message      : A user account was deleted.

               Subject:
               	Security ID:		S-1-5-21-1843355061-959072039-615746888-5348
               	Account Name:		opsadmin3
               	Account Domain:		WS2022-LAB02
               	Logon ID:		0x49FA9

               Deleted Account:
               	Security ID:		S-1-5-21-1843355061-959072039-615746888-2801
               	Account Name:		tempuser242
               	Account Domain:		WS2022-LAB02

TimeCreated  : 13/06/2026 19:06:26
Id           : 4726
ProviderName : Microsoft-Windows-Security-Auditing
MachineName  : WS2022-LAB01
Message      : A user account was deleted.

               Subject:
               	Security ID:		S-1-5-21-1843355061-959072039-615746888-1225
               	Account Name:		opsadmin2
               	Account Domain:		WS2022-LAB01
               	Logon ID:		0x188B3

               Deleted Account:
               	Security ID:		S-1-5-21-1843355061-959072039-615746888-2280
               	Account Name:		tempuser302
               	Account Domain:		WS2022-LAB01

TimeCreated  : 13/06/2026 19:07:08
Id           : 4726
ProviderName : Microsoft-Windows-Security-Auditing
MachineName  : WIN-H96JM6F374S
Message      : A user account was deleted.

               Subject:
               	Security ID:		S-1-5-21-1843355061-959072039-615746888-2152
               	Account Name:		opsadmin1
               	Account Domain:		WIN-H96JM6F374S
               	Logon ID:		0x4ADF7

               Deleted Account:
               	Security ID:		S-1-5-21-1843355061-959072039-615746888-6722
               	Account Name:		tempuser188
               	Account Domain:		WIN-H96JM6F374S

TimeCreated  : 13/06/2026 19:07:51
Id           : 4726
ProviderName : Microsoft-Windows-Security-Auditing
MachineName  : WIN-H96JM6F374S
Message      : A user account was deleted.

               Subject:
               	Security ID:		S-1-5-21-1843355061-959072039-615746888-3393
               	Account Name:		opsadmin3
               	Account Domain:		WIN-H96JM6F374S
               	Logon ID:		0xC3827

               Deleted Account:
               	Security ID:		S-1-5-21-1843355061-959072039-615746888-8512
               	Account Name:		tempuser257
               	Account Domain:		WIN-H96JM6F374S

TimeCreated  : 13/06/2026 19:08:26
Id           : 4726
ProviderName : Microsoft-Windows-Security-Auditing
MachineName  : WIN-H96JM6F374S
Message      : A user account was deleted.

               Subject:
               	Security ID:		S-1-5-21-1843355061-959072039-615746888-7597
               	Account Name:		opsadmin3
               	Account Domain:		WIN-H96JM6F374S
               	Logon ID:		0x4B23A

               Deleted Account:
               	Security ID:		S-1-5-21-1843355061-959072039-615746888-6592
               	Account Name:		tempuser253
               	Account Domain:		WIN-H96JM6F374S

TimeCreated  : 13/06/2026 19:09:10
Id           : 4726
ProviderName : Microsoft-Windows-Security-Auditing
MachineName  : WS2022-LAB02
Message      : A user account was deleted.

               Subject:
               	Security ID:		S-1-5-21-1843355061-959072039-615746888-4277
               	Account Name:		opsadmin3
               	Account Domain:		WS2022-LAB02
               	Logon ID:		0x11244

               Deleted Account:
               	Security ID:		S-1-5-21-1843355061-959072039-615746888-2691
               	Account Name:		tempuser365
               	Account Domain:		WS2022-LAB02

TimeCreated  : 13/06/2026 19:09:17
Id           : 4726
ProviderName : Microsoft-Windows-Security-Auditing
MachineName  : WIN-H96JM6F374S
Message      : A user account was deleted.

               Subject:
               	Security ID:		S-1-5-21-1843355061-959072039-615746888-9473
               	Account Name:		opsadmin1
               	Account Domain:		WIN-H96JM6F374S
               	Logon ID:		0xBF88F

               Deleted Account:
               	Security ID:		S-1-5-21-1843355061-959072039-615746888-5572
               	Account Name:		tempuser275
               	Account Domain:		WIN-H96JM6F374S

TimeCreated  : 13/06/2026 19:09:34
Id           : 4726
ProviderName : Microsoft-Windows-Security-Auditing
MachineName  : WIN-H96JM6F374S
Message      : A user account was deleted.

               Subject:
               	Security ID:		S-1-5-21-1843355061-959072039-615746888-9539
               	Account Name:		opsadmin3
               	Account Domain:		WIN-H96JM6F374S
               	Logon ID:		0x936EB

               Deleted Account:
               	Security ID:		S-1-5-21-1843355061-959072039-615746888-8310
               	Account Name:		testuser4
               	Account Domain:		WIN-H96JM6F374S

TimeCreated  : 13/06/2026 19:09:54
Id           : 4726
ProviderName : Microsoft-Windows-Security-Auditing
MachineName  : WS2022-LAB01
Message      : A user account was deleted.

               Subject:
               	Security ID:		S-1-5-21-1843355061-959072039-615746888-8608
               	Account Name:		opsadmin2
               	Account Domain:		WS2022-LAB01
               	Logon ID:		0xD7AEA

               Deleted Account:
               	Security ID:		S-1-5-21-1843355061-959072039-615746888-2138
               	Account Name:		tempuser258
               	Account Domain:		WS2022-LAB01

TimeCreated  : 13/06/2026 19:10:21
Id           : 4726
ProviderName : Microsoft-Windows-Security-Auditing
MachineName  : WIN-H96JM6F374S
Message      : A user account was deleted.

               Subject:
               	Security ID:		S-1-5-21-1843355061-959072039-615746888-2285
               	Account Name:		opsadmin3
               	Account Domain:		WIN-H96JM6F374S
               	Logon ID:		0x9656C

               Deleted Account:
               	Security ID:		S-1-5-21-1843355061-959072039-615746888-1386
               	Account Name:		tempuser308
               	Account Domain:		WIN-H96JM6F374S

TimeCreated  : 13/06/2026 19:11:04
Id           : 4726
ProviderName : Microsoft-Windows-Security-Auditing
MachineName  : WIN-H96JM6F374S
Message      : A user account was deleted.

               Subject:
               	Security ID:		S-1-5-21-1843355061-959072039-615746888-1698
               	Account Name:		opsadmin1
               	Account Domain:		WIN-H96JM6F374S
               	Logon ID:		0xA0B8B

               Deleted Account:
               	Security ID:		S-1-5-21-1843355061-959072039-615746888-5319
               	Account Name:		testuser16
               	Account Domain:		WIN-H96JM6F374S

TimeCreated  : 13/06/2026 19:11:27
Id           : 4726
ProviderName : Microsoft-Windows-Security-Auditing
MachineName  : WIN-H96JM6F374S
Message      : A user account was deleted.

               Subject:
               	Security ID:		S-1-5-21-1843355061-959072039-615746888-2216
               	Account Name:		opsadmin1
               	Account Domain:		WIN-H96JM6F374S
               	Logon ID:		0x5096B

               Deleted Account:
               	Security ID:		S-1-5-21-1843355061-959072039-615746888-6243
               	Account Name:		tempuser339
               	Account Domain:		WIN-H96JM6F374S

TimeCreated  : 13/06/2026 19:11:42
Id           : 4726
ProviderName : Microsoft-Windows-Security-Auditing
MachineName  : WS2022-LAB01
Message      : A user account was deleted.

               Subject:
               	Security ID:		S-1-5-21-1843355061-959072039-615746888-4695
               	Account Name:		opsadmin1
               	Account Domain:		WS2022-LAB01
               	Logon ID:		0x92E5D

               Deleted Account:
               	Security ID:		S-1-5-21-1843355061-959072039-615746888-8471
               	Account Name:		tempuser259
               	Account Domain:		WS2022-LAB01

TimeCreated  : 13/06/2026 19:12:25
Id           : 4726
ProviderName : Microsoft-Windows-Security-Auditing
MachineName  : WS2022-LAB01
Message      : A user account was deleted.

               Subject:
               	Security ID:		S-1-5-21-1843355061-959072039-615746888-3494
               	Account Name:		labadmin
               	Account Domain:		WS2022-LAB01
               	Logon ID:		0xC4BF5

               Deleted Account:
               	Security ID:		S-1-5-21-1843355061-959072039-615746888-7841
               	Account Name:		tempuser345
               	Account Domain:		WS2022-LAB01

TimeCreated  : 13/06/2026 19:13:07
Id           : 4726
ProviderName : Microsoft-Windows-Security-Auditing
MachineName  : WS2022-LAB01
Message      : A user account was deleted.

               Subject:
               	Security ID:		S-1-5-21-1843355061-959072039-615746888-6915
               	Account Name:		opsadmin1
               	Account Domain:		WS2022-LAB01
               	Logon ID:		0x9963B

               Deleted Account:
               	Security ID:		S-1-5-21-1843355061-959072039-615746888-4217
               	Account Name:		testuser15
               	Account Domain:		WS2022-LAB01

TimeCreated  : 13/06/2026 19:13:16
Id           : 4726
ProviderName : Microsoft-Windows-Security-Auditing
MachineName  : WS2022-LAB01
Message      : A user account was deleted.

               Subject:
               	Security ID:		S-1-5-21-1843355061-959072039-615746888-1422
               	Account Name:		labadmin
               	Account Domain:		WS2022-LAB01
               	Logon ID:		0x7FEB9

               Deleted Account:
               	Security ID:		S-1-5-21-1843355061-959072039-615746888-1837
               	Account Name:		tempuser180
               	Account Domain:		WS2022-LAB01

TimeCreated  : 13/06/2026 19:13:59
Id           : 4726
ProviderName : Microsoft-Windows-Security-Auditing
MachineName  : WS2022-LAB02
Message      : A user account was deleted.

               Subject:
               	Security ID:		S-1-5-21-1843355061-959072039-615746888-6981
               	Account Name:		opsadmin1
               	Account Domain:		WS2022-LAB02
               	Logon ID:		0xEFBBF

               Deleted Account:
               	Security ID:		S-1-5-21-1843355061-959072039-615746888-9717
               	Account Name:		tempuser400
               	Account Domain:		WS2022-LAB02

TimeCreated  : 13/06/2026 19:14:39
Id           : 4726
ProviderName : Microsoft-Windows-Security-Auditing
MachineName  : WIN-H96JM6F374S
Message      : A user account was deleted.

               Subject:
               	Security ID:		S-1-5-21-1843355061-959072039-615746888-8101
               	Account Name:		opsadmin1
               	Account Domain:		WIN-H96JM6F374S
               	Logon ID:		0x2EC62

               Deleted Account:
               	Security ID:		S-1-5-21-1843355061-959072039-615746888-5010
               	Account Name:		tempuser194
               	Account Domain:		WIN-H96JM6F374S

TimeCreated  : 13/06/2026 19:15:24
Id           : 4726
ProviderName : Microsoft-Windows-Security-Auditing
MachineName  : WS2022-LAB01
Message      : A user account was deleted.

               Subject:
               	Security ID:		S-1-5-21-1843355061-959072039-615746888-4366
               	Account Name:		labadmin
               	Account Domain:		WS2022-LAB01
               	Logon ID:		0x59EB4

               Deleted Account:
               	Security ID:		S-1-5-21-1843355061-959072039-615746888-7869
               	Account Name:		testuser10
               	Account Domain:		WS2022-LAB01

TimeCreated  : 13/06/2026 19:15:53
Id           : 4726
ProviderName : Microsoft-Windows-Security-Auditing
MachineName  : WS2022-LAB02
Message      : A user account was deleted.

               Subject:
               	Security ID:		S-1-5-21-1843355061-959072039-615746888-6765
               	Account Name:		opsadmin2
               	Account Domain:		WS2022-LAB02
               	Logon ID:		0x974FF

               Deleted Account:
               	Security ID:		S-1-5-21-1843355061-959072039-615746888-8589
               	Account Name:		tempuser186
               	Account Domain:		WS2022-LAB02

TimeCreated  : 13/06/2026 19:16:10
Id           : 4726
ProviderName : Microsoft-Windows-Security-Auditing
MachineName  : WIN-H96JM6F374S
Message      : A user account was deleted.

               Subject:
               	Security ID:		S-1-5-21-1843355061-959072039-615746888-1637
               	Account Name:		opsadmin1
               	Account Domain:		WIN-H96JM6F374S
               	Logon ID:		0x939F2

               Deleted Account:
               	Security ID:		S-1-5-21-1843355061-959072039-615746888-5224
               	Account Name:		tempuser195
               	Account Domain:		WIN-H96JM6F374S

TimeCreated  : 13/06/2026 19:16:50
Id           : 4726
ProviderName : Microsoft-Windows-Security-Auditing
MachineName  : WS2022-LAB01
Message      : A user account was deleted.

               Subject:
               	Security ID:		S-1-5-21-1843355061-959072039-615746888-1208
               	Account Name:		labadmin
               	Account Domain:		WS2022-LAB01
               	Logon ID:		0x13087

               Deleted Account:
               	Security ID:		S-1-5-21-1843355061-959072039-615746888-9888
               	Account Name:		testuser17
               	Account Domain:		WS2022-LAB01

TimeCreated  : 13/06/2026 19:17:22
Id           : 4726
ProviderName : Microsoft-Windows-Security-Auditing
MachineName  : WS2022-LAB01
Message      : A user account was deleted.

               Subject:
               	Security ID:		S-1-5-21-1843355061-959072039-615746888-7770
               	Account Name:		opsadmin2
               	Account Domain:		WS2022-LAB01
               	Logon ID:		0x7261D

               Deleted Account:
               	Security ID:		S-1-5-21-1843355061-959072039-615746888-2323
               	Account Name:		tempuser271
               	Account Domain:		WS2022-LAB01

TimeCreated  : 13/06/2026 19:17:47
Id           : 4726
ProviderName : Microsoft-Windows-Security-Auditing
MachineName  : WS2022-LAB02
Message      : A user account was deleted.

               Subject:
               	Security ID:		S-1-5-21-1843355061-959072039-615746888-7166
               	Account Name:		opsadmin1
               	Account Domain:		WS2022-LAB02
               	Logon ID:		0x63A0F

               Deleted Account:
               	Security ID:		S-1-5-21-1843355061-959072039-615746888-7858
               	Account Name:		tempuser271
               	Account Domain:		WS2022-LAB02

TimeCreated  : 13/06/2026 19:18:09
Id           : 4726
ProviderName : Microsoft-Windows-Security-Auditing
MachineName  : WS2022-LAB02
Message      : A user account was deleted.

               Subject:
               	Security ID:		S-1-5-21-1843355061-959072039-615746888-8062
               	Account Name:		opsadmin3
               	Account Domain:		WS2022-LAB02
               	Logon ID:		0xB4124

               Deleted Account:
               	Security ID:		S-1-5-21-1843355061-959072039-615746888-4085
               	Account Name:		tempuser179
               	Account Domain:		WS2022-LAB02

TimeCreated  : 13/06/2026 19:18:51
Id           : 4726
ProviderName : Microsoft-Windows-Security-Auditing
MachineName  : WS2022-LAB02
Message      : A user account was deleted.

               Subject:
               	Security ID:		S-1-5-21-1843355061-959072039-615746888-1000
               	Account Name:		opsadmin2
               	Account Domain:		WS2022-LAB02
               	Logon ID:		0xCBA46

               Deleted Account:
               	Security ID:		S-1-5-21-1843355061-959072039-615746888-1479
               	Account Name:		testuser12
               	Account Domain:		WS2022-LAB02

TimeCreated  : 13/06/2026 19:19:00
Id           : 4726
ProviderName : Microsoft-Windows-Security-Auditing
MachineName  : WS2022-LAB02
Message      : A user account was deleted.

               Subject:
               	Security ID:		S-1-5-21-1843355061-959072039-615746888-7487
               	Account Name:		labadmin
               	Account Domain:		WS2022-LAB02
               	Logon ID:		0x68292

               Deleted Account:
               	Security ID:		S-1-5-21-1843355061-959072039-615746888-4773
               	Account Name:		tempuser166
               	Account Domain:		WS2022-LAB02

TimeCreated  : 13/06/2026 19:19:10
Id           : 4726
ProviderName : Microsoft-Windows-Security-Auditing
MachineName  : WS2022-LAB01
Message      : A user account was deleted.

               Subject:
               	Security ID:		S-1-5-21-1843355061-959072039-615746888-4239
               	Account Name:		opsadmin1
               	Account Domain:		WS2022-LAB01
               	Logon ID:		0xD4761

               Deleted Account:
               	Security ID:		S-1-5-21-1843355061-959072039-615746888-8216
               	Account Name:		tempuser280
               	Account Domain:		WS2022-LAB01

TimeCreated  : 13/06/2026 19:19:46
Id           : 4726
ProviderName : Microsoft-Windows-Security-Auditing
MachineName  : WIN-H96JM6F374S
Message      : A user account was deleted.

               Subject:
               	Security ID:		S-1-5-21-1843355061-959072039-615746888-7454
               	Account Name:		opsadmin3
               	Account Domain:		WIN-H96JM6F374S
               	Logon ID:		0x14309

               Deleted Account:
               	Security ID:		S-1-5-21-1843355061-959072039-615746888-1970
               	Account Name:		tempuser322
               	Account Domain:		WIN-H96JM6F374S

TimeCreated  : 13/06/2026 19:20:13
Id           : 4726
ProviderName : Microsoft-Windows-Security-Auditing
MachineName  : WS2022-LAB01
Message      : A user account was deleted.

               Subject:
               	Security ID:		S-1-5-21-1843355061-959072039-615746888-6359
               	Account Name:		labadmin
               	Account Domain:		WS2022-LAB01
               	Logon ID:		0xC5A91

               Deleted Account:
               	Security ID:		S-1-5-21-1843355061-959072039-615746888-8015
               	Account Name:		tempuser363
               	Account Domain:		WS2022-LAB01

TimeCreated  : 13/06/2026 19:20:43
Id           : 4726
ProviderName : Microsoft-Windows-Security-Auditing
MachineName  : WS2022-LAB02
Message      : A user account was deleted.

               Subject:
               	Security ID:		S-1-5-21-1843355061-959072039-615746888-6222
               	Account Name:		opsadmin2
               	Account Domain:		WS2022-LAB02
               	Logon ID:		0x96A98

               Deleted Account:
               	Security ID:		S-1-5-21-1843355061-959072039-615746888-2158
               	Account Name:		tempuser317
               	Account Domain:		WS2022-LAB02

TimeCreated  : 13/06/2026 19:21:17
Id           : 4726
ProviderName : Microsoft-Windows-Security-Auditing
MachineName  : WIN-H96JM6F374S
Message      : A user account was deleted.

               Subject:
               	Security ID:		S-1-5-21-1843355061-959072039-615746888-9930
               	Account Name:		opsadmin1
               	Account Domain:		WIN-H96JM6F374S
               	Logon ID:		0x8B99A

               Deleted Account:
               	Security ID:		S-1-5-21-1843355061-959072039-615746888-6241
               	Account Name:		tempuser379
               	Account Domain:		WIN-H96JM6F374S

TimeCreated  : 13/06/2026 19:21:26
Id           : 4726
ProviderName : Microsoft-Windows-Security-Auditing
MachineName  : WS2022-LAB02
Message      : A user account was deleted.

               Subject:
               	Security ID:		S-1-5-21-1843355061-959072039-615746888-7647
               	Account Name:		labadmin
               	Account Domain:		WS2022-LAB02
               	Logon ID:		0xA92B1

               Deleted Account:
               	Security ID:		S-1-5-21-1843355061-959072039-615746888-6923
               	Account Name:		tempuser307
               	Account Domain:		WS2022-LAB02

TimeCreated  : 13/06/2026 19:21:52
Id           : 4726
ProviderName : Microsoft-Windows-Security-Auditing
MachineName  : WIN-H96JM6F374S
Message      : A user account was deleted.

               Subject:
               	Security ID:		S-1-5-21-1843355061-959072039-615746888-2244
               	Account Name:		opsadmin3
               	Account Domain:		WIN-H96JM6F374S
               	Logon ID:		0xDD812

               Deleted Account:
               	Security ID:		S-1-5-21-1843355061-959072039-615746888-6415
               	Account Name:		testuser3
               	Account Domain:		WIN-H96JM6F374S

TimeCreated  : 13/06/2026 19:21:57
Id           : 4726
ProviderName : Microsoft-Windows-Security-Auditing
MachineName  : WS2022-LAB01
Message      : A user account was deleted.

               Subject:
               	Security ID:		S-1-5-21-1843355061-959072039-615746888-7565
               	Account Name:		opsadmin1
               	Account Domain:		WS2022-LAB01
               	Logon ID:		0x4B396

               Deleted Account:
               	Security ID:		S-1-5-21-1843355061-959072039-615746888-9363
               	Account Name:		testuser9
               	Account Domain:		WS2022-LAB01

TimeCreated  : 13/06/2026 19:22:15
Id           : 4726
ProviderName : Microsoft-Windows-Security-Auditing
MachineName  : WS2022-LAB02
Message      : A user account was deleted.

               Subject:
               	Security ID:		S-1-5-21-1843355061-959072039-615746888-9303
               	Account Name:		opsadmin2
               	Account Domain:		WS2022-LAB02
               	Logon ID:		0x6E34F

               Deleted Account:
               	Security ID:		S-1-5-21-1843355061-959072039-615746888-6358
               	Account Name:		tempuser234
               	Account Domain:		WS2022-LAB02

TimeCreated  : 13/06/2026 19:22:54
Id           : 4726
ProviderName : Microsoft-Windows-Security-Auditing
MachineName  : WIN-H96JM6F374S
Message      : A user account was deleted.

               Subject:
               	Security ID:		S-1-5-21-1843355061-959072039-615746888-7403
               	Account Name:		opsadmin2
               	Account Domain:		WIN-H96JM6F374S
               	Logon ID:		0x688EE

               Deleted Account:
               	Security ID:		S-1-5-21-1843355061-959072039-615746888-8471
               	Account Name:		tempuser333
               	Account Domain:		WIN-H96JM6F374S

TimeCreated  : 13/06/2026 19:23:14
Id           : 4726
ProviderName : Microsoft-Windows-Security-Auditing
MachineName  : WS2022-LAB02
Message      : A user account was deleted.

               Subject:
               	Security ID:		S-1-5-21-1843355061-959072039-615746888-4057
               	Account Name:		opsadmin3
               	Account Domain:		WS2022-LAB02
               	Logon ID:		0x1E64C

               Deleted Account:
               	Security ID:		S-1-5-21-1843355061-959072039-615746888-8889
               	Account Name:		tempuser286
               	Account Domain:		WS2022-LAB02

TimeCreated  : 13/06/2026 19:23:32
Id           : 4726
ProviderName : Microsoft-Windows-Security-Auditing
MachineName  : WS2022-LAB01
Message      : A user account was deleted.

               Subject:
               	Security ID:		S-1-5-21-1843355061-959072039-615746888-7284
               	Account Name:		opsadmin1
               	Account Domain:		WS2022-LAB01
               	Logon ID:		0xB187B

               Deleted Account:
               	Security ID:		S-1-5-21-1843355061-959072039-615746888-7854
               	Account Name:		tempuser263
               	Account Domain:		WS2022-LAB01

TimeCreated  : 13/06/2026 19:23:55
Id           : 4726
ProviderName : Microsoft-Windows-Security-Auditing
MachineName  : WIN-H96JM6F374S
Message      : A user account was deleted.

               Subject:
               	Security ID:		S-1-5-21-1843355061-959072039-615746888-5577
               	Account Name:		opsadmin1
               	Account Domain:		WIN-H96JM6F374S
               	Logon ID:		0x9F83D

               Deleted Account:
               	Security ID:		S-1-5-21-1843355061-959072039-615746888-3267
               	Account Name:		tempuser263
               	Account Domain:		WIN-H96JM6F374S

TimeCreated  : 13/06/2026 19:24:27
Id           : 4726
ProviderName : Microsoft-Windows-Security-Auditing
MachineName  : WIN-H96JM6F374S
Message      : A user account was deleted.

               Subject:
               	Security ID:		S-1-5-21-1843355061-959072039-615746888-2255
               	Account Name:		opsadmin2
               	Account Domain:		WIN-H96JM6F374S
               	Logon ID:		0x592C6

               Deleted Account:
               	Security ID:		S-1-5-21-1843355061-959072039-615746888-3454
               	Account Name:		tempuser245
               	Account Domain:		WIN-H96JM6F374S

TimeCreated  : 13/06/2026 19:25:10
Id           : 4726
ProviderName : Microsoft-Windows-Security-Auditing
MachineName  : WS2022-LAB01
Message      : A user account was deleted.

               Subject:
               	Security ID:		S-1-5-21-1843355061-959072039-615746888-1503
               	Account Name:		labadmin
               	Account Domain:		WS2022-LAB01
               	Logon ID:		0x36897

               Deleted Account:
               	Security ID:		S-1-5-21-1843355061-959072039-615746888-5012
               	Account Name:		testuser12
               	Account Domain:		WS2022-LAB01

TimeCreated  : 13/06/2026 19:25:17
Id           : 4726
ProviderName : Microsoft-Windows-Security-Auditing
MachineName  : WIN-H96JM6F374S
Message      : A user account was deleted.

               Subject:
               	Security ID:		S-1-5-21-1843355061-959072039-615746888-5718
               	Account Name:		opsadmin3
               	Account Domain:		WIN-H96JM6F374S
               	Logon ID:		0x37185

               Deleted Account:
               	Security ID:		S-1-5-21-1843355061-959072039-615746888-1048
               	Account Name:		testuser16
               	Account Domain:		WIN-H96JM6F374S

TimeCreated  : 13/06/2026 19:25:33
Id           : 4726
ProviderName : Microsoft-Windows-Security-Auditing
MachineName  : WS2022-LAB01
Message      : A user account was deleted.

               Subject:
               	Security ID:		S-1-5-21-1843355061-959072039-615746888-8140
               	Account Name:		labadmin
               	Account Domain:		WS2022-LAB01
               	Logon ID:		0x47037

               Deleted Account:
               	Security ID:		S-1-5-21-1843355061-959072039-615746888-2523
               	Account Name:		tempuser307
               	Account Domain:		WS2022-LAB01

TimeCreated  : 13/06/2026 19:26:13
Id           : 4726
ProviderName : Microsoft-Windows-Security-Auditing
MachineName  : WS2022-LAB02
Message      : A user account was deleted.

               Subject:
               	Security ID:		S-1-5-21-1843355061-959072039-615746888-7575
               	Account Name:		opsadmin2
               	Account Domain:		WS2022-LAB02
               	Logon ID:		0xEF933

               Deleted Account:
               	Security ID:		S-1-5-21-1843355061-959072039-615746888-5831
               	Account Name:		tempuser234
               	Account Domain:		WS2022-LAB02

TimeCreated  : 13/06/2026 19:26:22
Id           : 4726
ProviderName : Microsoft-Windows-Security-Auditing
MachineName  : WS2022-LAB02
Message      : A user account was deleted.

               Subject:
               	Security ID:		S-1-5-21-1843355061-959072039-615746888-3535
               	Account Name:		opsadmin2
               	Account Domain:		WS2022-LAB02
               	Logon ID:		0x3186E

               Deleted Account:
               	Security ID:		S-1-5-21-1843355061-959072039-615746888-2929
               	Account Name:		tempuser179
               	Account Domain:		WS2022-LAB02

TimeCreated  : 13/06/2026 19:26:37
Id           : 4726
ProviderName : Microsoft-Windows-Security-Auditing
MachineName  : WS2022-LAB01
Message      : A user account was deleted.

               Subject:
               	Security ID:		S-1-5-21-1843355061-959072039-615746888-1121
               	Account Name:		opsadmin3
               	Account Domain:		WS2022-LAB01
               	Logon ID:		0x4BF3A

               Deleted Account:
               	Security ID:		S-1-5-21-1843355061-959072039-615746888-3504
               	Account Name:		tempuser348
               	Account Domain:		WS2022-LAB01

TimeCreated  : 13/06/2026 19:26:48
Id           : 4726
ProviderName : Microsoft-Windows-Security-Auditing
MachineName  : WS2022-LAB01
Message      : A user account was deleted.

               Subject:
               	Security ID:		S-1-5-21-1843355061-959072039-615746888-2647
               	Account Name:		opsadmin2
               	Account Domain:		WS2022-LAB01
               	Logon ID:		0xA9867

               Deleted Account:
               	Security ID:		S-1-5-21-1843355061-959072039-615746888-3755
               	Account Name:		tempuser309
               	Account Domain:		WS2022-LAB01

TimeCreated  : 13/06/2026 19:27:27
Id           : 4726
ProviderName : Microsoft-Windows-Security-Auditing
MachineName  : WIN-H96JM6F374S
Message      : A user account was deleted.

               Subject:
               	Security ID:		S-1-5-21-1843355061-959072039-615746888-8435
               	Account Name:		opsadmin3
               	Account Domain:		WIN-H96JM6F374S
               	Logon ID:		0x2EA20

               Deleted Account:
               	Security ID:		S-1-5-21-1843355061-959072039-615746888-9183
               	Account Name:		tempuser196
               	Account Domain:		WIN-H96JM6F374S

TimeCreated  : 13/06/2026 19:27:45
Id           : 4726
ProviderName : Microsoft-Windows-Security-Auditing
MachineName  : WS2022-LAB01
Message      : A user account was deleted.

               Subject:
               	Security ID:		S-1-5-21-1843355061-959072039-615746888-2666
               	Account Name:		opsadmin1
               	Account Domain:		WS2022-LAB01
               	Logon ID:		0x8298B

               Deleted Account:
               	Security ID:		S-1-5-21-1843355061-959072039-615746888-4579
               	Account Name:		tempuser309
               	Account Domain:		WS2022-LAB01

TimeCreated  : 13/06/2026 19:27:50
Id           : 4726
ProviderName : Microsoft-Windows-Security-Auditing
MachineName  : WS2022-LAB02
Message      : A user account was deleted.

               Subject:
               	Security ID:		S-1-5-21-1843355061-959072039-615746888-5875
               	Account Name:		opsadmin3
               	Account Domain:		WS2022-LAB02
               	Logon ID:		0x5F48A

               Deleted Account:
               	Security ID:		S-1-5-21-1843355061-959072039-615746888-4480
               	Account Name:		tempuser394
               	Account Domain:		WS2022-LAB02

TimeCreated  : 13/06/2026 19:28:11
Id           : 4726
ProviderName : Microsoft-Windows-Security-Auditing
MachineName  : WS2022-LAB01
Message      : A user account was deleted.

               Subject:
               	Security ID:		S-1-5-21-1843355061-959072039-615746888-4049
               	Account Name:		labadmin
               	Account Domain:		WS2022-LAB01
               	Logon ID:		0x2C9AD

               Deleted Account:
               	Security ID:		S-1-5-21-1843355061-959072039-615746888-6172
               	Account Name:		tempuser268
               	Account Domain:		WS2022-LAB01

TimeCreated  : 13/06/2026 19:28:30
Id           : 4726
ProviderName : Microsoft-Windows-Security-Auditing
MachineName  : WS2022-LAB01
Message      : A user account was deleted.

               Subject:
               	Security ID:		S-1-5-21-1843355061-959072039-615746888-8119
               	Account Name:		labadmin
               	Account Domain:		WS2022-LAB01
               	Logon ID:		0x53CF8

               Deleted Account:
               	Security ID:		S-1-5-21-1843355061-959072039-615746888-4983
               	Account Name:		tempuser334
               	Account Domain:		WS2022-LAB01

TimeCreated  : 13/06/2026 19:29:11
Id           : 4726
ProviderName : Microsoft-Windows-Security-Auditing
MachineName  : WS2022-LAB02
Message      : A user account was deleted.

               Subject:
               	Security ID:		S-1-5-21-1843355061-959072039-615746888-4698
               	Account Name:		labadmin
               	Account Domain:		WS2022-LAB02
               	Logon ID:		0x827A0

               Deleted Account:
               	Security ID:		S-1-5-21-1843355061-959072039-615746888-6396
               	Account Name:		tempuser340
               	Account Domain:		WS2022-LAB02

TimeCreated  : 13/06/2026 19:29:28
Id           : 4726
ProviderName : Microsoft-Windows-Security-Auditing
MachineName  : WS2022-LAB02
Message      : A user account was deleted.

               Subject:
               	Security ID:		S-1-5-21-1843355061-959072039-615746888-2967
               	Account Name:		opsadmin2
               	Account Domain:		WS2022-LAB02
               	Logon ID:		0x4CC3B

               Deleted Account:
               	Security ID:		S-1-5-21-1843355061-959072039-615746888-9872
               	Account Name:		tempuser361
               	Account Domain:		WS2022-LAB02

TimeCreated  : 13/06/2026 19:29:43
Id           : 4726
ProviderName : Microsoft-Windows-Security-Auditing
MachineName  : WS2022-LAB01
Message      : A user account was deleted.

               Subject:
               	Security ID:		S-1-5-21-1843355061-959072039-615746888-8635
               	Account Name:		labadmin
               	Account Domain:		WS2022-LAB01
               	Logon ID:		0x5CFA6

               Deleted Account:
               	Security ID:		S-1-5-21-1843355061-959072039-615746888-8572
               	Account Name:		tempuser388
               	Account Domain:		WS2022-LAB01

TimeCreated  : 13/06/2026 19:30:27
Id           : 4726
ProviderName : Microsoft-Windows-Security-Auditing
MachineName  : WS2022-LAB02
Message      : A user account was deleted.

               Subject:
               	Security ID:		S-1-5-21-1843355061-959072039-615746888-1751
               	Account Name:		opsadmin1
               	Account Domain:		WS2022-LAB02
               	Logon ID:		0x5F097

               Deleted Account:
               	Security ID:		S-1-5-21-1843355061-959072039-615746888-2293
               	Account Name:		tempuser208
               	Account Domain:		WS2022-LAB02

TimeCreated  : 13/06/2026 19:30:44
Id           : 4726
ProviderName : Microsoft-Windows-Security-Auditing
MachineName  : WIN-H96JM6F374S
Message      : A user account was deleted.

               Subject:
               	Security ID:		S-1-5-21-1843355061-959072039-615746888-6737
               	Account Name:		opsadmin2
               	Account Domain:		WIN-H96JM6F374S
               	Logon ID:		0x6636F

               Deleted Account:
               	Security ID:		S-1-5-21-1843355061-959072039-615746888-7407
               	Account Name:		tempuser196
               	Account Domain:		WIN-H96JM6F374S

TimeCreated  : 13/06/2026 19:31:10
Id           : 4726
ProviderName : Microsoft-Windows-Security-Auditing
MachineName  : WS2022-LAB01
Message      : A user account was deleted.

               Subject:
               	Security ID:		S-1-5-21-1843355061-959072039-615746888-8266
               	Account Name:		opsadmin1
               	Account Domain:		WS2022-LAB01
               	Logon ID:		0xB5F56

               Deleted Account:
               	Security ID:		S-1-5-21-1843355061-959072039-615746888-1207
               	Account Name:		tempuser192
               	Account Domain:		WS2022-LAB01

TimeCreated  : 13/06/2026 19:31:24
Id           : 4726
ProviderName : Microsoft-Windows-Security-Auditing
MachineName  : WIN-H96JM6F374S
Message      : A user account was deleted.

               Subject:
               	Security ID:		S-1-5-21-1843355061-959072039-615746888-3668
               	Account Name:		opsadmin1
               	Account Domain:		WIN-H96JM6F374S
               	Logon ID:		0xD37A0

               Deleted Account:
               	Security ID:		S-1-5-21-1843355061-959072039-615746888-4755
               	Account Name:		tempuser195
               	Account Domain:		WIN-H96JM6F374S

TimeCreated  : 13/06/2026 19:32:04
Id           : 4726
ProviderName : Microsoft-Windows-Security-Auditing
MachineName  : WS2022-LAB01
Message      : A user account was deleted.

               Subject:
               	Security ID:		S-1-5-21-1843355061-959072039-615746888-8492
               	Account Name:		labadmin
               	Account Domain:		WS2022-LAB01
               	Logon ID:		0x6A250

               Deleted Account:
               	Security ID:		S-1-5-21-1843355061-959072039-615746888-3908
               	Account Name:		tempuser396
               	Account Domain:		WS2022-LAB01

TimeCreated  : 13/06/2026 19:32:38
Id           : 4726
ProviderName : Microsoft-Windows-Security-Auditing
MachineName  : WS2022-LAB02
Message      : A user account was deleted.

               Subject:
               	Security ID:		S-1-5-21-1843355061-959072039-615746888-6767
               	Account Name:		opsadmin1
               	Account Domain:		WS2022-LAB02
               	Logon ID:		0xBABA7

               Deleted Account:
               	Security ID:		S-1-5-21-1843355061-959072039-615746888-3171
               	Account Name:		tempuser255
               	Account Domain:		WS2022-LAB02

TimeCreated  : 13/06/2026 19:33:14
Id           : 4726
ProviderName : Microsoft-Windows-Security-Auditing
MachineName  : WS2022-LAB02
Message      : A user account was deleted.

               Subject:
               	Security ID:		S-1-5-21-1843355061-959072039-615746888-4981
               	Account Name:		opsadmin3
               	Account Domain:		WS2022-LAB02
               	Logon ID:		0xD3AAF

               Deleted Account:
               	Security ID:		S-1-5-21-1843355061-959072039-615746888-9738
               	Account Name:		tempuser202
               	Account Domain:		WS2022-LAB02

TimeCreated  : 13/06/2026 19:33:40
Id           : 4726
ProviderName : Microsoft-Windows-Security-Auditing
MachineName  : WS2022-LAB01
Message      : A user account was deleted.

               Subject:
               	Security ID:		S-1-5-21-1843355061-959072039-615746888-2872
               	Account Name:		labadmin
               	Account Domain:		WS2022-LAB01
               	Logon ID:		0xA9448

               Deleted Account:
               	Security ID:		S-1-5-21-1843355061-959072039-615746888-4226
               	Account Name:		tempuser249
               	Account Domain:		WS2022-LAB01

TimeCreated  : 13/06/2026 19:34:12
Id           : 4726
ProviderName : Microsoft-Windows-Security-Auditing
MachineName  : WS2022-LAB01
Message      : A user account was deleted.

               Subject:
               	Security ID:		S-1-5-21-1843355061-959072039-615746888-9100
               	Account Name:		opsadmin3
               	Account Domain:		WS2022-LAB01
               	Logon ID:		0x521E6

               Deleted Account:
               	Security ID:		S-1-5-21-1843355061-959072039-615746888-8083
               	Account Name:		tempuser356
               	Account Domain:		WS2022-LAB01

TimeCreated  : 13/06/2026 19:34:53
Id           : 4726
ProviderName : Microsoft-Windows-Security-Auditing
MachineName  : WIN-H96JM6F374S
Message      : A user account was deleted.

               Subject:
               	Security ID:		S-1-5-21-1843355061-959072039-615746888-7070
               	Account Name:		opsadmin2
               	Account Domain:		WIN-H96JM6F374S
               	Logon ID:		0xB34BB

               Deleted Account:
               	Security ID:		S-1-5-21-1843355061-959072039-615746888-7156
               	Account Name:		tempuser304
               	Account Domain:		WIN-H96JM6F374S

TimeCreated  : 13/06/2026 19:35:19
Id           : 4726
ProviderName : Microsoft-Windows-Security-Auditing
MachineName  : WIN-H96JM6F374S
Message      : A user account was deleted.

               Subject:
               	Security ID:		S-1-5-21-1843355061-959072039-615746888-2831
               	Account Name:		opsadmin1
               	Account Domain:		WIN-H96JM6F374S
               	Logon ID:		0xD8B5F

               Deleted Account:
               	Security ID:		S-1-5-21-1843355061-959072039-615746888-6149
               	Account Name:		tempuser268
               	Account Domain:		WIN-H96JM6F374S

TimeCreated  : 13/06/2026 19:35:57
Id           : 4726
ProviderName : Microsoft-Windows-Security-Auditing
MachineName  : WS2022-LAB01
Message      : A user account was deleted.

               Subject:
               	Security ID:		S-1-5-21-1843355061-959072039-615746888-3099
               	Account Name:		opsadmin2
               	Account Domain:		WS2022-LAB01
               	Logon ID:		0x475F1

               Deleted Account:
               	Security ID:		S-1-5-21-1843355061-959072039-615746888-3554
               	Account Name:		tempuser252
               	Account Domain:		WS2022-LAB01

TimeCreated  : 13/06/2026 19:36:13
Id           : 4726
ProviderName : Microsoft-Windows-Security-Auditing
MachineName  : WS2022-LAB01
Message      : A user account was deleted.

               Subject:
               	Security ID:		S-1-5-21-1843355061-959072039-615746888-6996
               	Account Name:		opsadmin2
               	Account Domain:		WS2022-LAB01
               	Logon ID:		0x82B85

               Deleted Account:
               	Security ID:		S-1-5-21-1843355061-959072039-615746888-5154
               	Account Name:		tempuser283
               	Account Domain:		WS2022-LAB01

TimeCreated  : 13/06/2026 19:36:41
Id           : 4726
ProviderName : Microsoft-Windows-Security-Auditing
MachineName  : WS2022-LAB01
Message      : A user account was deleted.

               Subject:
               	Security ID:		S-1-5-21-1843355061-959072039-615746888-6792
               	Account Name:		opsadmin2
               	Account Domain:		WS2022-LAB01
               	Logon ID:		0xE3A16

               Deleted Account:
               	Security ID:		S-1-5-21-1843355061-959072039-615746888-7267
               	Account Name:		tempuser286
               	Account Domain:		WS2022-LAB01

TimeCreated  : 13/06/2026 19:36:57
Id           : 4726
ProviderName : Microsoft-Windows-Security-Auditing
MachineName  : WS2022-LAB02
Message      : A user account was deleted.

               Subject:
               	Security ID:		S-1-5-21-1843355061-959072039-615746888-4133
               	Account Name:		opsadmin3
               	Account Domain:		WS2022-LAB02
               	Logon ID:		0xA96C1

               Deleted Account:
               	Security ID:		S-1-5-21-1843355061-959072039-615746888-8058
               	Account Name:		tempuser334
               	Account Domain:		WS2022-LAB02

TimeCreated  : 13/06/2026 19:37:02
Id           : 4726
ProviderName : Microsoft-Windows-Security-Auditing
MachineName  : WS2022-LAB02
Message      : A user account was deleted.

               Subject:
               	Security ID:		S-1-5-21-1843355061-959072039-615746888-7349
               	Account Name:		opsadmin2
               	Account Domain:		WS2022-LAB02
               	Logon ID:		0x80C73

               Deleted Account:
               	Security ID:		S-1-5-21-1843355061-959072039-615746888-3980
               	Account Name:		tempuser321
               	Account Domain:		WS2022-LAB02

TimeCreated  : 13/06/2026 19:37:38
Id           : 4726
ProviderName : Microsoft-Windows-Security-Auditing
MachineName  : WS2022-LAB02
Message      : A user account was deleted.

               Subject:
               	Security ID:		S-1-5-21-1843355061-959072039-615746888-6459
               	Account Name:		opsadmin3
               	Account Domain:		WS2022-LAB02
               	Logon ID:		0xB6989

               Deleted Account:
               	Security ID:		S-1-5-21-1843355061-959072039-615746888-9209
               	Account Name:		tempuser296
               	Account Domain:		WS2022-LAB02

TimeCreated  : 13/06/2026 19:37:52
Id           : 4726
ProviderName : Microsoft-Windows-Security-Auditing
MachineName  : WIN-H96JM6F374S
Message      : A user account was deleted.

               Subject:
               	Security ID:		S-1-5-21-1843355061-959072039-615746888-6044
               	Account Name:		labadmin
               	Account Domain:		WIN-H96JM6F374S
               	Logon ID:		0x2EEC9

               Deleted Account:
               	Security ID:		S-1-5-21-1843355061-959072039-615746888-5407
               	Account Name:		tempuser180
               	Account Domain:		WIN-H96JM6F374S

TimeCreated  : 13/06/2026 19:38:08
Id           : 4726
ProviderName : Microsoft-Windows-Security-Auditing
MachineName  : WIN-H96JM6F374S
Message      : A user account was deleted.

               Subject:
               	Security ID:		S-1-5-21-1843355061-959072039-615746888-7543
               	Account Name:		labadmin
               	Account Domain:		WIN-H96JM6F374S
               	Logon ID:		0xCB2E8

               Deleted Account:
               	Security ID:		S-1-5-21-1843355061-959072039-615746888-1518
               	Account Name:		tempuser194
               	Account Domain:		WIN-H96JM6F374S

TimeCreated  : 13/06/2026 19:38:21
Id           : 4726
ProviderName : Microsoft-Windows-Security-Auditing
MachineName  : WIN-H96JM6F374S
Message      : A user account was deleted.

               Subject:
               	Security ID:		S-1-5-21-1843355061-959072039-615746888-1785
               	Account Name:		opsadmin3
               	Account Domain:		WIN-H96JM6F374S
               	Logon ID:		0xD1F88

               Deleted Account:
               	Security ID:		S-1-5-21-1843355061-959072039-615746888-8227
               	Account Name:		tempuser294
               	Account Domain:		WIN-H96JM6F374S

TimeCreated  : 13/06/2026 19:38:51
Id           : 4726
ProviderName : Microsoft-Windows-Security-Auditing
MachineName  : WS2022-LAB02
Message      : A user account was deleted.

               Subject:
               	Security ID:		S-1-5-21-1843355061-959072039-615746888-5675
               	Account Name:		opsadmin2
               	Account Domain:		WS2022-LAB02
               	Logon ID:		0xA90E9

               Deleted Account:
               	Security ID:		S-1-5-21-1843355061-959072039-615746888-4777
               	Account Name:		tempuser288
               	Account Domain:		WS2022-LAB02

TimeCreated  : 13/06/2026 19:39:33
Id           : 4726
ProviderName : Microsoft-Windows-Security-Auditing
MachineName  : WS2022-LAB01
Message      : A user account was deleted.

               Subject:
               	Security ID:		S-1-5-21-1843355061-959072039-615746888-5130
               	Account Name:		opsadmin3
               	Account Domain:		WS2022-LAB01
               	Logon ID:		0xF1C1D

               Deleted Account:
               	Security ID:		S-1-5-21-1843355061-959072039-615746888-7580
               	Account Name:		tempuser203
               	Account Domain:		WS2022-LAB01

TimeCreated  : 13/06/2026 19:39:41
Id           : 4726
ProviderName : Microsoft-Windows-Security-Auditing
MachineName  : WS2022-LAB01
Message      : A user account was deleted.

               Subject:
               	Security ID:		S-1-5-21-1843355061-959072039-615746888-7197
               	Account Name:		opsadmin3
               	Account Domain:		WS2022-LAB01
               	Logon ID:		0xC9DB1

               Deleted Account:
               	Security ID:		S-1-5-21-1843355061-959072039-615746888-8047
               	Account Name:		tempuser220
               	Account Domain:		WS2022-LAB01

TimeCreated  : 13/06/2026 19:39:56
Id           : 4726
ProviderName : Microsoft-Windows-Security-Auditing
MachineName  : WS2022-LAB02
Message      : A user account was deleted.

               Subject:
               	Security ID:		S-1-5-21-1843355061-959072039-615746888-9147
               	Account Name:		opsadmin2
               	Account Domain:		WS2022-LAB02
               	Logon ID:		0xD15FF

               Deleted Account:
               	Security ID:		S-1-5-21-1843355061-959072039-615746888-9003
               	Account Name:		tempuser385
               	Account Domain:		WS2022-LAB02

TimeCreated  : 13/06/2026 19:40:01
Id           : 4726
ProviderName : Microsoft-Windows-Security-Auditing
MachineName  : WIN-H96JM6F374S
Message      : A user account was deleted.

               Subject:
               	Security ID:		S-1-5-21-1843355061-959072039-615746888-6208
               	Account Name:		opsadmin1
               	Account Domain:		WIN-H96JM6F374S
               	Logon ID:		0x19E73

               Deleted Account:
               	Security ID:		S-1-5-21-1843355061-959072039-615746888-5344
               	Account Name:		tempuser310
               	Account Domain:		WIN-H96JM6F374S

TimeCreated  : 13/06/2026 19:40:29
Id           : 4726
ProviderName : Microsoft-Windows-Security-Auditing
MachineName  : WS2022-LAB02
Message      : A user account was deleted.

               Subject:
               	Security ID:		S-1-5-21-1843355061-959072039-615746888-7450
               	Account Name:		opsadmin2
               	Account Domain:		WS2022-LAB02
               	Logon ID:		0xE19E8

               Deleted Account:
               	Security ID:		S-1-5-21-1843355061-959072039-615746888-1772
               	Account Name:		tempuser378
               	Account Domain:		WS2022-LAB02

