    {
      "event_id": 4672,
      "timestamp": "13/06/2026 16:38:59",
      "provider_name": "Microsoft-Windows-Security-Auditing",
      "machine_name": "WS2022-LAB02",
      "message": "Special privileges assigned to new logon.",
      "subject_account": "opsadmin3",
      "subject_domain": "WS2022-LAB02",
      "subject_security_id": "S-1-5-21-1843355061-959072039-615746888-8846",
      "subject_logon_id": "0x3F237",
      "new_logon_account": null,
      "new_logon_domain": null,
      "new_logon_security_id": null,
      "new_logon_logon_id": null,
      "target_account": null,
      "target_domain": null,
      "target_security_id": null,
      "logon_type": null,
      "elevated_token": null,
      "virtual_account": null,
      "restricted_admin_mode": null,
      "workstation_name": null,
      "source_network_address": null,
      "source_port": null,
      "process_name": null,
      "failure_reason": null,
      "status": null,
      "substatus": null,
      "logon_process": null,
      "authentication_package": null,
      "privileges": [
        "SeSecurityPrivilege",
        "SeTakeOwnershipPrivilege",
        "SeBackupPrivilege",
        "SeRestorePrivilege"
      ],
      "scenario_id": "PRIV-LOGON-0002"
    },
    {
      "event_id": 4672,
      "timestamp": "13/06/2026 16:39:09",
      "provider_name": "Microsoft-Windows-Security-Auditing",
      "machine_name": "WS2022-LAB01",
      "message": "Special privileges assigned to new logon.",
      "subject_account": "opsadmin3",
      "subject_domain": "WS2022-LAB01",
      "subject_security_id": "S-1-5-21-1843355061-959072039-615746888-5557",
      "subject_logon_id": "0x758DE",
      "new_logon_account": null,
      "new_logon_domain": null,
      "new_logon_security_id": null,
      "new_logon_logon_id": null,
      "target_account": null,
      "target_domain": null,
      "target_security_id": null,
      "logon_type": null,
      "elevated_token": null,
      "virtual_account": null,
      "restricted_admin_mode": null,
      "workstation_name": null,
      "source_network_address": null,
      "source_port": null,
      "process_name": null,
      "failure_reason": null,
      "status": null,
      "substatus": null,
      "logon_process": null,
      "authentication_package": null,
      "privileges": [
        "SeSecurityPrivilege",
        "SeTakeOwnershipPrivilege",
        "SeBackupPrivilege",
        "SeRestorePrivilege"
      ],
      "scenario_id": "PRIV-LOGON-0003"
    },
    {
      "event_id": 4672,
      "timestamp": "13/06/2026 16:39:41",
      "provider_name": "Microsoft-Windows-Security-Auditing",
      "machine_name": "WS2022-LAB02",
      "message": "Special privileges assigned to new logon.",
      "subject_account": "labadmin",
      "subject_domain": "WS2022-LAB02",
      "subject_security_id": "S-1-5-21-1843355061-959072039-615746888-2168",
      "subject_logon_id": "0xE9A8B",
      "new_logon_account": null,
      "new_logon_domain": null,
      "new_logon_security_id": null,
      "new_logon_logon_id": null,
      "target_account": null,
      "target_domain": null,
      "target_security_id": null,
      "logon_type": null,
      "elevated_token": null,
      "virtual_account": null,
      "restricted_admin_mode": null,
      "workstation_name": null,
      "source_network_address": null,
      "source_port": null,
      "process_name": null,
      "failure_reason": null,
      "status": null,
      "substatus": null,
      "logon_process": null,
      "authentication_package": null,
      "privileges": [
        "SeSecurityPrivilege",
        "SeTakeOwnershipPrivilege",
        "SeBackupPrivilege",
        "SeRestorePrivilege"
      ],
      "scenario_id": "PRIV-LOGON-0004"
    },
    {
      "event_id": 4672,
      "timestamp": "13/06/2026 16:40:01",
      "provider_name": "Microsoft-Windows-Security-Auditing",
      "machine_name": "WIN-H96JM6F374S",
      "message": "Special privileges assigned to new logon.",
      "subject_account": "opsadmin2",
      "subject_domain": "WIN-H96JM6F374S",
      "subject_security_id": "S-1-5-21-1843355061-959072039-615746888-6207",
      "subject_logon_id": "0xCAEF6",
      "new_logon_account": null,
      "new_logon_domain": null,
      "new_logon_security_id": null,
      "new_logon_logon_id": null,
      "target_account": null,
      "target_domain": null,
      "target_security_id": null,
      "logon_type": null,
      "elevated_token": null,
      "virtual_account": null,
      "restricted_admin_mode": null,
      "workstation_name": null,
      "source_network_address": null,
      "source_port": null,
      "process_name": null,
      "failure_reason": null,
      "status": null,
      "substatus": null,
      "logon_process": null,
      "authentication_package": null,
      "privileges": [
        "SeSecurityPrivilege",
        "SeTakeOwnershipPrivilege",
        "SeBackupPrivilege",
        "SeRestorePrivilege"
      ],
      "scenario_id": "PRIV-LOGON-0005"
    },
    {
      "event_id": 4672,
      "timestamp": "13/06/2026 16:40:06",
      "provider_name": "Microsoft-Windows-Security-Auditing",
      "machine_name": "WIN-H96JM6F374S",
      "message": "Special privileges assigned to new logon.",
      "subject_account": "labadmin",
      "subject_domain": "WIN-H96JM6F374S",
      "subject_security_id": "S-1-5-21-1843355061-959072039-615746888-4339",
      "subject_logon_id": "0x32156",
      "new_logon_account": null,
      "new_logon_domain": null,
      "new_logon_security_id": null,
      "new_logon_logon_id": null,
      "target_account": null,
      "target_domain": null,
      "target_security_id": null,
      "logon_type": null,
      "elevated_token": null,
      "virtual_account": null,
      "restricted_admin_mode": null,
      "workstation_name": null,
      "source_network_address": null,
      "source_port": null,
      "process_name": null,
      "failure_reason": null,
      "status": null,
      "substatus": null,
      "logon_process": null,
      "authentication_package": null,
      "privileges": [
        "SeSecurityPrivilege",
        "SeTakeOwnershipPrivilege",
        "SeBackupPrivilege",
        "SeRestorePrivilege"
      ],
      "scenario_id": "PRIV-LOGON-0006"
    },
    {
      "event_id": 4672,
      "timestamp": "13/06/2026 16:40:19",
      "provider_name": "Microsoft-Windows-Security-Auditing",
      "machine_name": "WS2022-LAB01",
      "message": "Special privileges assigned to new logon.",
      "subject_account": "labadmin",
      "subject_domain": "WS2022-LAB01",
      "subject_security_id": "S-1-5-21-1843355061-959072039-615746888-4121",
      "subject_logon_id": "0x6957B",
      "new_logon_account": null,
      "new_logon_domain": null,
      "new_logon_security_id": null,
      "new_logon_logon_id": null,
      "target_account": null,
      "target_domain": null,
      "target_security_id": null,
      "logon_type": null,
      "elevated_token": null,
      "virtual_account": null,
      "restricted_admin_mode": null,
      "workstation_name": null,
      "source_network_address": null,
      "source_port": null,
      "process_name": null,
      "failure_reason": null,
      "status": null,
      "substatus": null,
      "logon_process": null,
      "authentication_package": null,
      "privileges": [
        "SeSecurityPrivilege",
        "SeTakeOwnershipPrivilege",
        "SeBackupPrivilege",
        "SeRestorePrivilege"
      ],
      "scenario_id": "PRIV-LOGON-0007"
    },
    {
      "event_id": 4672,
      "timestamp": "13/06/2026 16:40:47",
      "provider_name": "Microsoft-Windows-Security-Auditing",
      "machine_name": "WIN-H96JM6F374S",
      "message": "Special privileges assigned to new logon.",
      "subject_account": "opsadmin2",
      "subject_domain": "WIN-H96JM6F374S",
      "subject_security_id": "S-1-5-21-1843355061-959072039-615746888-6557",
      "subject_logon_id": "0x1EEA5",
      "new_logon_account": null,
      "new_logon_domain": null,
      "new_logon_security_id": null,
      "new_logon_logon_id": null,
      "target_account": null,
      "target_domain": null,
      "target_security_id": null,
      "logon_type": null,
      "elevated_token": null,
      "virtual_account": null,
      "restricted_admin_mode": null,
      "workstation_name": null,
      "source_network_address": null,
      "source_port": null,
      "process_name": null,
      "failure_reason": null,
      "status": null,
      "substatus": null,
      "logon_process": null,
      "authentication_package": null,
      "privileges": [
        "SeSecurityPrivilege",
        "SeTakeOwnershipPrivilege",
        "SeBackupPrivilege",
        "SeRestorePrivilege"
      ],
      "scenario_id": "PRIV-LOGON-0008"
    },
    {
      "event_id": 4672,
      "timestamp": "13/06/2026 16:41:10",
      "provider_name": "Microsoft-Windows-Security-Auditing",
      "machine_name": "WIN-H96JM6F374S",
      "message": "Special privileges assigned to new logon.",
      "subject_account": "opsadmin3",
      "subject_domain": "WIN-H96JM6F374S",
      "subject_security_id": "S-1-5-21-1843355061-959072039-615746888-5923",
      "subject_logon_id": "0x7AA28",
      "new_logon_account": null,
      "new_logon_domain": null,
      "new_logon_security_id": null,
      "new_logon_logon_id": null,
      "target_account": null,
      "target_domain": null,
      "target_security_id": null,
      "logon_type": null,
      "elevated_token": null,
      "virtual_account": null,
      "restricted_admin_mode": null,
      "workstation_name": null,
      "source_network_address": null,
      "source_port": null,
      "process_name": null,
      "failure_reason": null,
      "status": null,
      "substatus": null,
      "logon_process": null,
      "authentication_package": null,
      "privileges": [
        "SeSecurityPrivilege",
        "SeTakeOwnershipPrivilege",
        "SeBackupPrivilege",
        "SeRestorePrivilege"
      ],
      "scenario_id": "PRIV-LOGON-0009"
    },
    {
      "event_id": 4672,
      "timestamp": "13/06/2026 16:41:29",
      "provider_name": "Microsoft-Windows-Security-Auditing",
      "machine_name": "WIN-H96JM6F374S",
      "message": "Special privileges assigned to new logon.",
      "subject_account": "opsadmin2",
      "subject_domain": "WIN-H96JM6F374S",
      "subject_security_id": "S-1-5-21-1843355061-959072039-615746888-9176",
      "subject_logon_id": "0xEEA04",
      "new_logon_account": null,
      "new_logon_domain": null,
      "new_logon_security_id": null,
      "new_logon_logon_id": null,
      "target_account": null,
      "target_domain": null,
      "target_security_id": null,
      "logon_type": null,
      "elevated_token": null,
      "virtual_account": null,
      "restricted_admin_mode": null,
      "workstation_name": null,
      "source_network_address": null,
      "source_port": null,
      "process_name": null,
      "failure_reason": null,
      "status": null,
      "substatus": null,
      "logon_process": null,
      "authentication_package": null,
      "privileges": [
        "SeSecurityPrivilege",
        "SeTakeOwnershipPrivilege",
        "SeBackupPrivilege",
        "SeRestorePrivilege"
      ],
      "scenario_id": "PRIV-LOGON-0010"
    },
    {
      "event_id": 4672,
      "timestamp": "13/06/2026 16:41:48",
      "provider_name": "Microsoft-Windows-Security-Auditing",
      "machine_name": "WS2022-LAB01",
      "message": "Special privileges assigned to new logon.",
      "subject_account": "labadmin",
      "subject_domain": "WS2022-LAB01",
      "subject_security_id": "S-1-5-21-1843355061-959072039-615746888-4001",
      "subject_logon_id": "0xE418E",
      "new_logon_account": null,
      "new_logon_domain": null,
      "new_logon_security_id": null,
      "new_logon_logon_id": null,
      "target_account": null,
      "target_domain": null,
      "target_security_id": null,
      "logon_type": null,
      "elevated_token": null,
      "virtual_account": null,
      "restricted_admin_mode": null,
      "workstation_name": null,
      "source_network_address": null,
      "source_port": null,
      "process_name": null,
      "failure_reason": null,
      "status": null,
      "substatus": null,
      "logon_process": null,
      "authentication_package": null,
      "privileges": [
        "SeSecurityPrivilege",
        "SeTakeOwnershipPrivilege",
        "SeBackupPrivilege",
        "SeRestorePrivilege"
      ],
      "scenario_id": "PRIV-LOGON-0011"
    },
    {
      "event_id": 4672,
      "timestamp": "13/06/2026 16:42:18",
      "provider_name": "Microsoft-Windows-Security-Auditing",
      "machine_name": "WS2022-LAB01",
      "message": "Special privileges assigned to new logon.",
      "subject_account": "opsadmin2",
      "subject_domain": "WS2022-LAB01",
      "subject_security_id": "S-1-5-21-1843355061-959072039-615746888-8033",
      "subject_logon_id": "0x2AB8A",
      "new_logon_account": null,
      "new_logon_domain": null,
      "new_logon_security_id": null,
      "new_logon_logon_id": null,
      "target_account": null,
      "target_domain": null,
      "target_security_id": null,
      "logon_type": null,
      "elevated_token": null,
      "virtual_account": null,
      "restricted_admin_mode": null,
      "workstation_name": null,
      "source_network_address": null,
      "source_port": null,
      "process_name": null,
      "failure_reason": null,
      "status": null,
      "substatus": null,
      "logon_process": null,
      "authentication_package": null,
      "privileges": [
        "SeSecurityPrivilege",
        "SeTakeOwnershipPrivilege",
        "SeBackupPrivilege",
        "SeRestorePrivilege"
      ],
      "scenario_id": "PRIV-LOGON-0012"
    },
    {
      "event_id": 4672,
      "timestamp": "13/06/2026 16:42:47",
      "provider_name": "Microsoft-Windows-Security-Auditing",
      "machine_name": "WS2022-LAB02",
      "message": "Special privileges assigned to new logon.",
      "subject_account": "opsadmin2",
      "subject_domain": "WS2022-LAB02",
      "subject_security_id": "S-1-5-21-1843355061-959072039-615746888-8020",
      "subject_logon_id": "0xE1D3D",
      "new_logon_account": null,
      "new_logon_domain": null,
      "new_logon_security_id": null,
      "new_logon_logon_id": null,
      "target_account": null,
      "target_domain": null,
      "target_security_id": null,
      "logon_type": null,
      "elevated_token": null,
      "virtual_account": null,
      "restricted_admin_mode": null,
      "workstation_name": null,
      "source_network_address": null,
      "source_port": null,
      "process_name": null,
      "failure_reason": null,
      "status": null,
      "substatus": null,
      "logon_process": null,
      "authentication_package": null,
      "privileges": [
        "SeSecurityPrivilege",
        "SeTakeOwnershipPrivilege",
        "SeBackupPrivilege",
        "SeRestorePrivilege"
      ],
      "scenario_id": "PRIV-LOGON-0013"
    },
    {
      "event_id": 4672,
      "timestamp": "13/06/2026 16:42:58",
      "provider_name": "Microsoft-Windows-Security-Auditing",
      "machine_name": "WIN-H96JM6F374S",
      "message": "Special privileges assigned to new logon.",
      "subject_account": "opsadmin2",
      "subject_domain": "WIN-H96JM6F374S",
      "subject_security_id": "S-1-5-21-1843355061-959072039-615746888-8021",
      "subject_logon_id": "0xCEC37",
      "new_logon_account": null,
      "new_logon_domain": null,
      "new_logon_security_id": null,
      "new_logon_logon_id": null,
      "target_account": null,
      "target_domain": null,
      "target_security_id": null,
      "logon_type": null,
      "elevated_token": null,
      "virtual_account": null,
      "restricted_admin_mode": null,
      "workstation_name": null,
      "source_network_address": null,
      "source_port": null,
      "process_name": null,
      "failure_reason": null,
      "status": null,
      "substatus": null,
      "logon_process": null,
      "authentication_package": null,
      "privileges": [
        "SeSecurityPrivilege",
        "SeTakeOwnershipPrivilege",
        "SeBackupPrivilege",
        "SeRestorePrivilege"
      ],
      "scenario_id": "PRIV-LOGON-0014"
    },
    {
      "event_id": 4672,
      "timestamp": "13/06/2026 16:43:32",
      "provider_name": "Microsoft-Windows-Security-Auditing",
      "machine_name": "WIN-H96JM6F374S",
      "message": "Special privileges assigned to new logon.",
      "subject_account": "opsadmin2",
      "subject_domain": "WIN-H96JM6F374S",
      "subject_security_id": "S-1-5-21-1843355061-959072039-615746888-9683",
      "subject_logon_id": "0xA5983",
      "new_logon_account": null,
      "new_logon_domain": null,
      "new_logon_security_id": null,
      "new_logon_logon_id": null,
      "target_account": null,
      "target_domain": null,
      "target_security_id": null,
      "logon_type": null,
      "elevated_token": null,
      "virtual_account": null,
      "restricted_admin_mode": null,
      "workstation_name": null,
      "source_network_address": null,
      "source_port": null,
      "process_name": null,
      "failure_reason": null,
      "status": null,
      "substatus": null,
      "logon_process": null,
      "authentication_package": null,
      "privileges": [
        "SeSecurityPrivilege",
        "SeTakeOwnershipPrivilege",
        "SeBackupPrivilege",
        "SeRestorePrivilege"
      ],
      "scenario_id": "PRIV-LOGON-0015"
    },
    {
      "event_id": 4672,
      "timestamp": "13/06/2026 16:43:56",
      "provider_name": "Microsoft-Windows-Security-Auditing",
      "machine_name": "WS2022-LAB02",
      "message": "Special privileges assigned to new logon.",
      "subject_account": "opsadmin3",
      "subject_domain": "WS2022-LAB02",
      "subject_security_id": "S-1-5-21-1843355061-959072039-615746888-9097",
      "subject_logon_id": "0x54A09",
      "new_logon_account": null,
      "new_logon_domain": null,
      "new_logon_security_id": null,
      "new_logon_logon_id": null,
      "target_account": null,
      "target_domain": null,
      "target_security_id": null,
      "logon_type": null,
      "elevated_token": null,
      "virtual_account": null,
      "restricted_admin_mode": null,
      "workstation_name": null,
      "source_network_address": null,
      "source_port": null,
      "process_name": null,
      "failure_reason": null,
      "status": null,
      "substatus": null,
      "logon_process": null,
      "authentication_package": null,
      "privileges": [
        "SeSecurityPrivilege",
        "SeTakeOwnershipPrivilege",
        "SeBackupPrivilege",
        "SeRestorePrivilege"
      ],
      "scenario_id": "PRIV-LOGON-0016"
    },
    {
      "event_id": 4672,
      "timestamp": "13/06/2026 16:44:16",
      "provider_name": "Microsoft-Windows-Security-Auditing",
      "machine_name": "WS2022-LAB01",
      "message": "Special privileges assigned to new logon.",
      "subject_account": "opsadmin2",
      "subject_domain": "WS2022-LAB01",
      "subject_security_id": "S-1-5-21-1843355061-959072039-615746888-5156",
      "subject_logon_id": "0x5F160",
      "new_logon_account": null,
      "new_logon_domain": null,
      "new_logon_security_id": null,
      "new_logon_logon_id": null,
      "target_account": null,
      "target_domain": null,
      "target_security_id": null,
      "logon_type": null,
      "elevated_token": null,
      "virtual_account": null,
      "restricted_admin_mode": null,
      "workstation_name": null,
      "source_network_address": null,
      "source_port": null,
      "process_name": null,
      "failure_reason": null,
      "status": null,
      "substatus": null,
      "logon_process": null,
      "authentication_package": null,
      "privileges": [
        "SeSecurityPrivilege",
        "SeTakeOwnershipPrivilege",
        "SeBackupPrivilege",
        "SeRestorePrivilege"
      ],
      "scenario_id": "PRIV-LOGON-0017"
    },
    {
      "event_id": 4672,
      "timestamp": "13/06/2026 16:44:29",
      "provider_name": "Microsoft-Windows-Security-Auditing",
      "machine_name": "WIN-H96JM6F374S",
      "message": "Special privileges assigned to new logon.",
      "subject_account": "opsadmin1",
      "subject_domain": "WIN-H96JM6F374S",
      "subject_security_id": "S-1-5-21-1843355061-959072039-615746888-1816",
      "subject_logon_id": "0x94A13",
      "new_logon_account": null,
      "new_logon_domain": null,
      "new_logon_security_id": null,
      "new_logon_logon_id": null,
      "target_account": null,
      "target_domain": null,
      "target_security_id": null,
      "logon_type": null,
      "elevated_token": null,
      "virtual_account": null,
      "restricted_admin_mode": null,
      "workstation_name": null,
      "source_network_address": null,
      "source_port": null,
      "process_name": null,
      "failure_reason": null,
      "status": null,
      "substatus": null,
      "logon_process": null,
      "authentication_package": null,
      "privileges": [
        "SeSecurityPrivilege",
        "SeTakeOwnershipPrivilege",
        "SeBackupPrivilege",
        "SeRestorePrivilege"
      ],
      "scenario_id": "PRIV-LOGON-0018"
    },
    {
      "event_id": 4672,
      "timestamp": "13/06/2026 16:44:36",
      "provider_name": "Microsoft-Windows-Security-Auditing",
      "machine_name": "WS2022-LAB02",
      "message": "Special privileges assigned to new logon.",
      "subject_account": "opsadmin1",
      "subject_domain": "WS2022-LAB02",
      "subject_security_id": "S-1-5-21-1843355061-959072039-615746888-8740",
      "subject_logon_id": "0x98C84",
      "new_logon_account": null,
      "new_logon_domain": null,
      "new_logon_security_id": null,
      "new_logon_logon_id": null,
      "target_account": null,
      "target_domain": null,
      "target_security_id": null,
      "logon_type": null,
      "elevated_token": null,
      "virtual_account": null,
      "restricted_admin_mode": null,
      "workstation_name": null,
      "source_network_address": null,
      "source_port": null,
      "process_name": null,
      "failure_reason": null,
      "status": null,
      "substatus": null,
      "logon_process": null,
      "authentication_package": null,
      "privileges": [
        "SeSecurityPrivilege",
        "SeTakeOwnershipPrivilege",
        "SeBackupPrivilege",
        "SeRestorePrivilege"
      ],
      "scenario_id": "PRIV-LOGON-0019"
    },
    {
      "event_id": 4672,
      "timestamp": "13/06/2026 16:44:54",
      "provider_name": "Microsoft-Windows-Security-Auditing",
      "machine_name": "WS2022-LAB01",
      "message": "Special privileges assigned to new logon.",
      "subject_account": "opsadmin2",
      "subject_domain": "WS2022-LAB01",
      "subject_security_id": "S-1-5-21-1843355061-959072039-615746888-2626",
      "subject_logon_id": "0xEBB2E",
      "new_logon_account": null,
      "new_logon_domain": null,
      "new_logon_security_id": null,
      "new_logon_logon_id": null,
      "target_account": null,
      "target_domain": null,
      "target_security_id": null,
      "logon_type": null,
      "elevated_token": null,
      "virtual_account": null,
      "restricted_admin_mode": null,
      "workstation_name": null,
      "source_network_address": null,
      "source_port": null,
      "process_name": null,
      "failure_reason": null,
      "status": null,
      "substatus": null,
      "logon_process": null,
      "authentication_package": null,
      "privileges": [
        "SeSecurityPrivilege",
        "SeTakeOwnershipPrivilege",
        "SeBackupPrivilege",
        "SeRestorePrivilege"
      ],
      "scenario_id": "PRIV-LOGON-0020"
    },
    {
      "event_id": 4672,
      "timestamp": "13/06/2026 16:45:05",
      "provider_name": "Microsoft-Windows-Security-Auditing",
      "machine_name": "WS2022-LAB02",
      "message": "Special privileges assigned to new logon.",
      "subject_account": "opsadmin2",
      "subject_domain": "WS2022-LAB02",
      "subject_security_id": "S-1-5-21-1843355061-959072039-615746888-5705",
      "subject_logon_id": "0xDE72F",
      "new_logon_account": null,
      "new_logon_domain": null,
      "new_logon_security_id": null,
      "new_logon_logon_id": null,
      "target_account": null,
      "target_domain": null,
      "target_security_id": null,
      "logon_type": null,
      "elevated_token": null,
      "virtual_account": null,
      "restricted_admin_mode": null,
      "workstation_name": null,
      "source_network_address": null,
      "source_port": null,
      "process_name": null,
      "failure_reason": null,
      "status": null,
      "substatus": null,
      "logon_process": null,
      "authentication_package": null,
      "privileges": [
        "SeSecurityPrivilege",
        "SeTakeOwnershipPrivilege",
        "SeBackupPrivilege",
        "SeRestorePrivilege"
      ],
      "scenario_id": "PRIV-LOGON-0021"
    },
    {
      "event_id": 4672,
      "timestamp": "13/06/2026 16:45:25",
      "provider_name": "Microsoft-Windows-Security-Auditing",
      "machine_name": "WS2022-LAB01",
      "message": "Special privileges assigned to new logon.",
      "subject_account": "opsadmin2",
      "subject_domain": "WS2022-LAB01",
      "subject_security_id": "S-1-5-21-1843355061-959072039-615746888-2380",
      "subject_logon_id": "0xB7977",
      "new_logon_account": null,
      "new_logon_domain": null,
      "new_logon_security_id": null,
      "new_logon_logon_id": null,
      "target_account": null,
      "target_domain": null,
      "target_security_id": null,
      "logon_type": null,
      "elevated_token": null,
      "virtual_account": null,
      "restricted_admin_mode": null,
      "workstation_name": null,
      "source_network_address": null,
      "source_port": null,
      "process_name": null,
      "failure_reason": null,
      "status": null,
      "substatus": null,
      "logon_process": null,
      "authentication_package": null,
      "privileges": [
        "SeSecurityPrivilege",
        "SeTakeOwnershipPrivilege",
        "SeBackupPrivilege",
        "SeRestorePrivilege"
      ],
      "scenario_id": "PRIV-LOGON-0022"
    },
    {
      "event_id": 4672,
      "timestamp": "13/06/2026 16:45:48",
      "provider_name": "Microsoft-Windows-Security-Auditing",
      "machine_name": "WS2022-LAB01",
      "message": "Special privileges assigned to new logon.",
      "subject_account": "opsadmin2",
      "subject_domain": "WS2022-LAB01",
      "subject_security_id": "S-1-5-21-1843355061-959072039-615746888-2955",
      "subject_logon_id": "0xA92A0",
      "new_logon_account": null,
      "new_logon_domain": null,
      "new_logon_security_id": null,
      "new_logon_logon_id": null,
      "target_account": null,
      "target_domain": null,
      "target_security_id": null,
      "logon_type": null,
      "elevated_token": null,
      "virtual_account": null,
      "restricted_admin_mode": null,
      "workstation_name": null,
      "source_network_address": null,
      "source_port": null,
      "process_name": null,
      "failure_reason": null,
      "status": null,
      "substatus": null,
      "logon_process": null,
      "authentication_package": null,
      "privileges": [
        "SeSecurityPrivilege",
        "SeTakeOwnershipPrivilege",
        "SeBackupPrivilege",
        "SeRestorePrivilege"
      ],
      "scenario_id": "PRIV-LOGON-0023"
    },
    {
      "event_id": 4672,
      "timestamp": "13/06/2026 16:46:00",
      "provider_name": "Microsoft-Windows-Security-Auditing",
      "machine_name": "WIN-H96JM6F374S",
      "message": "Special privileges assigned to new logon.",
      "subject_account": "labadmin",
      "subject_domain": "WIN-H96JM6F374S",
      "subject_security_id": "S-1-5-21-1843355061-959072039-615746888-4325",
      "subject_logon_id": "0x2E3B1",
      "new_logon_account": null,
      "new_logon_domain": null,
      "new_logon_security_id": null,
      "new_logon_logon_id": null,
      "target_account": null,
      "target_domain": null,
      "target_security_id": null,
      "logon_type": null,
      "elevated_token": null,
      "virtual_account": null,
      "restricted_admin_mode": null,
      "workstation_name": null,
      "source_network_address": null,
      "source_port": null,
      "process_name": null,
      "failure_reason": null,
      "status": null,
      "substatus": null,
      "logon_process": null,
      "authentication_package": null,
      "privileges": [
        "SeSecurityPrivilege",
        "SeTakeOwnershipPrivilege",
        "SeBackupPrivilege",
        "SeRestorePrivilege"
      ],
      "scenario_id": "PRIV-LOGON-0024"
    },
    {
      "event_id": 4672,
      "timestamp": "13/06/2026 16:46:44",
      "provider_name": "Microsoft-Windows-Security-Auditing",
      "machine_name": "WS2022-LAB01",
      "message": "Special privileges assigned to new logon.",
      "subject_account": "labadmin",
      "subject_domain": "WS2022-LAB01",
      "subject_security_id": "S-1-5-21-1843355061-959072039-615746888-1532",
      "subject_logon_id": "0x2B022",
      "new_logon_account": null,
      "new_logon_domain": null,
      "new_logon_security_id": null,
      "new_logon_logon_id": null,
      "target_account": null,
      "target_domain": null,
      "target_security_id": null,
      "logon_type": null,
      "elevated_token": null,
      "virtual_account": null,
      "restricted_admin_mode": null,
      "workstation_name": null,
      "source_network_address": null,
      "source_port": null,
      "process_name": null,
      "failure_reason": null,
      "status": null,
      "substatus": null,
      "logon_process": null,
      "authentication_package": null,
      "privileges": [
        "SeSecurityPrivilege",
        "SeTakeOwnershipPrivilege",
        "SeBackupPrivilege",
        "SeRestorePrivilege"
      ],
      "scenario_id": "PRIV-LOGON-0025"
    },
    {
      "event_id": 4672,
      "timestamp": "13/06/2026 16:46:52",
      "provider_name": "Microsoft-Windows-Security-Auditing",
      "machine_name": "WS2022-LAB01",
      "message": "Special privileges assigned to new logon.",
      "subject_account": "labadmin",
      "subject_domain": "WS2022-LAB01",
      "subject_security_id": "S-1-5-21-1843355061-959072039-615746888-2081",
      "subject_logon_id": "0xC9DAF",
      "new_logon_account": null,
      "new_logon_domain": null,
      "new_logon_security_id": null,
      "new_logon_logon_id": null,
      "target_account": null,
      "target_domain": null,
      "target_security_id": null,
      "logon_type": null,
      "elevated_token": null,
      "virtual_account": null,
      "restricted_admin_mode": null,
      "workstation_name": null,
      "source_network_address": null,
      "source_port": null,
      "process_name": null,
      "failure_reason": null,
      "status": null,
      "substatus": null,
      "logon_process": null,
      "authentication_package": null,
      "privileges": [
        "SeSecurityPrivilege",
        "SeTakeOwnershipPrivilege",
        "SeBackupPrivilege",
        "SeRestorePrivilege"
      ],
      "scenario_id": "PRIV-LOGON-0026"
    },
    {
      "event_id": 4672,
      "timestamp": "13/06/2026 16:47:01",
      "provider_name": "Microsoft-Windows-Security-Auditing",
      "machine_name": "WS2022-LAB02",
      "message": "Special privileges assigned to new logon.",
      "subject_account": "labadmin",
      "subject_domain": "WS2022-LAB02",
      "subject_security_id": "S-1-5-21-1843355061-959072039-615746888-4261",
      "subject_logon_id": "0x17950",
      "new_logon_account": null,
      "new_logon_domain": null,
      "new_logon_security_id": null,
      "new_logon_logon_id": null,
      "target_account": null,
      "target_domain": null,
      "target_security_id": null,
      "logon_type": null,
      "elevated_token": null,
      "virtual_account": null,
      "restricted_admin_mode": null,
      "workstation_name": null,
      "source_network_address": null,
      "source_port": null,
      "process_name": null,
      "failure_reason": null,
      "status": null,
      "substatus": null,
      "logon_process": null,
      "authentication_package": null,
      "privileges": [
        "SeSecurityPrivilege",
        "SeTakeOwnershipPrivilege",
        "SeBackupPrivilege",
        "SeRestorePrivilege"
      ],
      "scenario_id": "PRIV-LOGON-0027"
    },
    {
      "event_id": 4672,
      "timestamp": "13/06/2026 16:47:32",
      "provider_name": "Microsoft-Windows-Security-Auditing",
      "machine_name": "WIN-H96JM6F374S",
      "message": "Special privileges assigned to new logon.",
      "subject_account": "opsadmin1",
      "subject_domain": "WIN-H96JM6F374S",
      "subject_security_id": "S-1-5-21-1843355061-959072039-615746888-4466",
      "subject_logon_id": "0x1ABC8",
      "new_logon_account": null,
      "new_logon_domain": null,
      "new_logon_security_id": null,
      "new_logon_logon_id": null,
      "target_account": null,
      "target_domain": null,
      "target_security_id": null,
      "logon_type": null,
      "elevated_token": null,
      "virtual_account": null,
      "restricted_admin_mode": null,
      "workstation_name": null,
      "source_network_address": null,
      "source_port": null,
      "process_name": null,
      "failure_reason": null,
      "status": null,
      "substatus": null,
      "logon_process": null,
      "authentication_package": null,
      "privileges": [
        "SeSecurityPrivilege",
        "SeTakeOwnershipPrivilege",
        "SeBackupPrivilege",
        "SeRestorePrivilege"
      ],
      "scenario_id": "PRIV-LOGON-0028"
    },
    {
      "event_id": 4672,
      "timestamp": "13/06/2026 16:48:01",
      "provider_name": "Microsoft-Windows-Security-Auditing",
      "machine_name": "WS2022-LAB01",
      "message": "Special privileges assigned to new logon.",
      "subject_account": "opsadmin3",
      "subject_domain": "WS2022-LAB01",
      "subject_security_id": "S-1-5-21-1843355061-959072039-615746888-5737",
      "subject_logon_id": "0x348B3",
      "new_logon_account": null,
      "new_logon_domain": null,
      "new_logon_security_id": null,
      "new_logon_logon_id": null,
      "target_account": null,
      "target_domain": null,
      "target_security_id": null,
      "logon_type": null,
      "elevated_token": null,
      "virtual_account": null,
      "restricted_admin_mode": null,
      "workstation_name": null,
      "source_network_address": null,
      "source_port": null,
      "process_name": null,
      "failure_reason": null,
      "status": null,
      "substatus": null,
      "logon_process": null,
      "authentication_package": null,
      "privileges": [
        "SeSecurityPrivilege",
        "SeTakeOwnershipPrivilege",
        "SeBackupPrivilege",
        "SeRestorePrivilege"
      ],
      "scenario_id": "PRIV-LOGON-0029"
    },
    {
      "event_id": 4672,
      "timestamp": "13/06/2026 16:48:16",
      "provider_name": "Microsoft-Windows-Security-Auditing",
      "machine_name": "WS2022-LAB01",
      "message": "Special privileges assigned to new logon.",
      "subject_account": "opsadmin2",
      "subject_domain": "WS2022-LAB01",
      "subject_security_id": "S-1-5-21-1843355061-959072039-615746888-3315",
      "subject_logon_id": "0x26206",
      "new_logon_account": null,
      "new_logon_domain": null,
      "new_logon_security_id": null,
      "new_logon_logon_id": null,
      "target_account": null,
      "target_domain": null,
      "target_security_id": null,
      "logon_type": null,
      "elevated_token": null,
      "virtual_account": null,
      "restricted_admin_mode": null,
      "workstation_name": null,
      "source_network_address": null,
      "source_port": null,
      "process_name": null,
      "failure_reason": null,
      "status": null,
      "substatus": null,
      "logon_process": null,
      "authentication_package": null,
      "privileges": [
        "SeSecurityPrivilege",
        "SeTakeOwnershipPrivilege",
        "SeBackupPrivilege",
        "SeRestorePrivilege"
      ],
      "scenario_id": "PRIV-LOGON-0030"
    },
    {
      "event_id": 4672,
      "timestamp": "13/06/2026 16:49:01",
      "provider_name": "Microsoft-Windows-Security-Auditing",
      "machine_name": "WIN-H96JM6F374S",
      "message": "Special privileges assigned to new logon.",
      "subject_account": "labadmin",
      "subject_domain": "WIN-H96JM6F374S",
      "subject_security_id": "S-1-5-21-1843355061-959072039-615746888-6212",
      "subject_logon_id": "0x5B2B7",
      "new_logon_account": null,
      "new_logon_domain": null,
      "new_logon_security_id": null,
      "new_logon_logon_id": null,
      "target_account": null,
      "target_domain": null,
      "target_security_id": null,
      "logon_type": null,
      "elevated_token": null,
      "virtual_account": null,
      "restricted_admin_mode": null,
      "workstation_name": null,
      "source_network_address": null,
      "source_port": null,
      "process_name": null,
      "failure_reason": null,
      "status": null,
      "substatus": null,
      "logon_process": null,
      "authentication_package": null,
      "privileges": [
        "SeSecurityPrivilege",
        "SeTakeOwnershipPrivilege",
        "SeBackupPrivilege",
        "SeRestorePrivilege"
      ],
      "scenario_id": "PRIV-LOGON-0031"
    },
    {
      "event_id": 4672,
      "timestamp": "13/06/2026 16:49:38",
      "provider_name": "Microsoft-Windows-Security-Auditing",
      "machine_name": "WS2022-LAB02",
      "message": "Special privileges assigned to new logon.",
      "subject_account": "opsadmin2",
      "subject_domain": "WS2022-LAB02",
      "subject_security_id": "S-1-5-21-1843355061-959072039-615746888-9082",
      "subject_logon_id": "0x4ABD5",
      "new_logon_account": null,
      "new_logon_domain": null,
      "new_logon_security_id": null,
      "new_logon_logon_id": null,
      "target_account": null,
      "target_domain": null,
      "target_security_id": null,
      "logon_type": null,
      "elevated_token": null,
      "virtual_account": null,
      "restricted_admin_mode": null,
      "workstation_name": null,
      "source_network_address": null,
      "source_port": null,
      "process_name": null,
      "failure_reason": null,
      "status": null,
      "substatus": null,
      "logon_process": null,
      "authentication_package": null,
      "privileges": [
        "SeSecurityPrivilege",
        "SeTakeOwnershipPrivilege",
        "SeBackupPrivilege",
        "SeRestorePrivilege"
      ],
      "scenario_id": "PRIV-LOGON-0032"
    },
    {
      "event_id": 4672,
      "timestamp": "13/06/2026 16:50:04",
      "provider_name": "Microsoft-Windows-Security-Auditing",
      "machine_name": "WS2022-LAB02",
      "message": "Special privileges assigned to new logon.",
      "subject_account": "labadmin",
      "subject_domain": "WS2022-LAB02",
      "subject_security_id": "S-1-5-21-1843355061-959072039-615746888-2444",
      "subject_logon_id": "0x3FF5F",
      "new_logon_account": null,
      "new_logon_domain": null,
      "new_logon_security_id": null,
      "new_logon_logon_id": null,
      "target_account": null,
      "target_domain": null,
      "target_security_id": null,
      "logon_type": null,
      "elevated_token": null,
      "virtual_account": null,
      "restricted_admin_mode": null,
      "workstation_name": null,
      "source_network_address": null,
      "source_port": null,
      "process_name": null,
      "failure_reason": null,
      "status": null,
      "substatus": null,
      "logon_process": null,
      "authentication_package": null,
      "privileges": [
        "SeSecurityPrivilege",
        "SeTakeOwnershipPrivilege",
        "SeBackupPrivilege",
        "SeRestorePrivilege"
      ],
      "scenario_id": "PRIV-LOGON-0033"
    },
    {
      "event_id": 4672,
      "timestamp": "13/06/2026 16:50:47",
      "provider_name": "Microsoft-Windows-Security-Auditing",
      "machine_name": "WS2022-LAB02",
      "message": "Special privileges assigned to new logon.",
      "subject_account": "opsadmin1",
      "subject_domain": "WS2022-LAB02",
      "subject_security_id": "S-1-5-21-1843355061-959072039-615746888-3346",
      "subject_logon_id": "0x88422",
      "new_logon_account": null,
      "new_logon_domain": null,
      "new_logon_security_id": null,
      "new_logon_logon_id": null,
      "target_account": null,
      "target_domain": null,
      "target_security_id": null,
      "logon_type": null,
      "elevated_token": null,
      "virtual_account": null,
      "restricted_admin_mode": null,
      "workstation_name": null,
      "source_network_address": null,
      "source_port": null,
      "process_name": null,
      "failure_reason": null,
      "status": null,
      "substatus": null,
      "logon_process": null,
      "authentication_package": null,
      "privileges": [
        "SeSecurityPrivilege",
        "SeTakeOwnershipPrivilege",
        "SeBackupPrivilege",
        "SeRestorePrivilege"
      ],
      "scenario_id": "PRIV-LOGON-0034"
    },
    {
      "event_id": 4672,
      "timestamp": "13/06/2026 16:50:59",
      "provider_name": "Microsoft-Windows-Security-Auditing",
      "machine_name": "WS2022-LAB01",
      "message": "Special privileges assigned to new logon.",
      "subject_account": "opsadmin1",
      "subject_domain": "WS2022-LAB01",
      "subject_security_id": "S-1-5-21-1843355061-959072039-615746888-2254",
      "subject_logon_id": "0x1547F",
      "new_logon_account": null,
      "new_logon_domain": null,
      "new_logon_security_id": null,
      "new_logon_logon_id": null,
      "target_account": null,
      "target_domain": null,
      "target_security_id": null,
      "logon_type": null,
      "elevated_token": null,
      "virtual_account": null,
      "restricted_admin_mode": null,
      "workstation_name": null,
      "source_network_address": null,
      "source_port": null,
      "process_name": null,
      "failure_reason": null,
      "status": null,
      "substatus": null,
      "logon_process": null,
      "authentication_package": null,
      "privileges": [
        "SeSecurityPrivilege",
        "SeTakeOwnershipPrivilege",
        "SeBackupPrivilege",
        "SeRestorePrivilege"
      ],
      "scenario_id": "PRIV-LOGON-0035"
    },
    {
      "event_id": 4672,
      "timestamp": "13/06/2026 16:51:24",
      "provider_name": "Microsoft-Windows-Security-Auditing",
      "machine_name": "WIN-H96JM6F374S",
      "message": "Special privileges assigned to new logon.",
      "subject_account": "labadmin",
      "subject_domain": "WIN-H96JM6F374S",
      "subject_security_id": "S-1-5-21-1843355061-959072039-615746888-4594",
      "subject_logon_id": "0x54EB0",
      "new_logon_account": null,
      "new_logon_domain": null,
      "new_logon_security_id": null,
      "new_logon_logon_id": null,
      "target_account": null,
      "target_domain": null,
      "target_security_id": null,
      "logon_type": null,
      "elevated_token": null,
      "virtual_account": null,
      "restricted_admin_mode": null,
      "workstation_name": null,
      "source_network_address": null,
      "source_port": null,
      "process_name": null,
      "failure_reason": null,
      "status": null,
      "substatus": null,
      "logon_process": null,
      "authentication_package": null,
      "privileges": [
        "SeSecurityPrivilege",
        "SeTakeOwnershipPrivilege",
        "SeBackupPrivilege",
        "SeRestorePrivilege"
      ],
      "scenario_id": "PRIV-LOGON-0036"
    },
    {
      "event_id": 4672,
      "timestamp": "13/06/2026 16:51:31",
      "provider_name": "Microsoft-Windows-Security-Auditing",
      "machine_name": "WIN-H96JM6F374S",
      "message": "Special privileges assigned to new logon.",
      "subject_account": "opsadmin2",
      "subject_domain": "WIN-H96JM6F374S",
      "subject_security_id": "S-1-5-21-1843355061-959072039-615746888-6566",
      "subject_logon_id": "0xB35AB",
      "new_logon_account": null,
      "new_logon_domain": null,
      "new_logon_security_id": null,
      "new_logon_logon_id": null,
      "target_account": null,
      "target_domain": null,
      "target_security_id": null,
      "logon_type": null,
      "elevated_token": null,
      "virtual_account": null,
      "restricted_admin_mode": null,
      "workstation_name": null,
      "source_network_address": null,
      "source_port": null,
      "process_name": null,
      "failure_reason": null,
      "status": null,
      "substatus": null,
      "logon_process": null,
      "authentication_package": null,
      "privileges": [
        "SeSecurityPrivilege",
        "SeTakeOwnershipPrivilege",
        "SeBackupPrivilege",
        "SeRestorePrivilege"
      ],
      "scenario_id": "PRIV-LOGON-0037"
    },
    {
      "event_id": 4672,
      "timestamp": "13/06/2026 16:52:14",
      "provider_name": "Microsoft-Windows-Security-Auditing",
      "machine_name": "WS2022-LAB01",
      "message": "Special privileges assigned to new logon.",
      "subject_account": "labadmin",
      "subject_domain": "WS2022-LAB01",
      "subject_security_id": "S-1-5-21-1843355061-959072039-615746888-8524",
      "subject_logon_id": "0x74691",
      "new_logon_account": null,
      "new_logon_domain": null,
      "new_logon_security_id": null,
      "new_logon_logon_id": null,
      "target_account": null,
      "target_domain": null,
      "target_security_id": null,
      "logon_type": null,
      "elevated_token": null,
      "virtual_account": null,
      "restricted_admin_mode": null,
      "workstation_name": null,
      "source_network_address": null,
      "source_port": null,
      "process_name": null,
      "failure_reason": null,
      "status": null,
      "substatus": null,
      "logon_process": null,
      "authentication_package": null,
      "privileges": [
        "SeSecurityPrivilege",
        "SeTakeOwnershipPrivilege",
        "SeBackupPrivilege",
        "SeRestorePrivilege"
      ],
      "scenario_id": "PRIV-LOGON-0038"
    },
    {
      "event_id": 4672,
      "timestamp": "13/06/2026 16:52:22",
      "provider_name": "Microsoft-Windows-Security-Auditing",
      "machine_name": "WS2022-LAB02",
      "message": "Special privileges assigned to new logon.",
      "subject_account": "opsadmin1",
      "subject_domain": "WS2022-LAB02",
      "subject_security_id": "S-1-5-21-1843355061-959072039-615746888-6239",
      "subject_logon_id": "0xB0F13",
      "new_logon_account": null,
      "new_logon_domain": null,
      "new_logon_security_id": null,
      "new_logon_logon_id": null,
      "target_account": null,
      "target_domain": null,
      "target_security_id": null,
      "logon_type": null,
      "elevated_token": null,
      "virtual_account": null,
      "restricted_admin_mode": null,
      "workstation_name": null,
      "source_network_address": null,
      "source_port": null,
      "process_name": null,
      "failure_reason": null,
      "status": null,
      "substatus": null,
      "logon_process": null,
      "authentication_package": null,
      "privileges": [
        "SeSecurityPrivilege",
        "SeTakeOwnershipPrivilege",
        "SeBackupPrivilege",
        "SeRestorePrivilege"
      ],
      "scenario_id": "PRIV-LOGON-0039"
    },
    {
      "event_id": 4672,
      "timestamp": "13/06/2026 16:52:46",
      "provider_name": "Microsoft-Windows-Security-Auditing",
      "machine_name": "WIN-H96JM6F374S",
      "message": "Special privileges assigned to new logon.",
      "subject_account": "opsadmin1",
      "subject_domain": "WIN-H96JM6F374S",
      "subject_security_id": "S-1-5-21-1843355061-959072039-615746888-3726",
      "subject_logon_id": "0xD70F6",
      "new_logon_account": null,
      "new_logon_domain": null,
      "new_logon_security_id": null,
      "new_logon_logon_id": null,
      "target_account": null,
      "target_domain": null,
      "target_security_id": null,
      "logon_type": null,
      "elevated_token": null,
      "virtual_account": null,
      "restricted_admin_mode": null,
      "workstation_name": null,
      "source_network_address": null,
      "source_port": null,
      "process_name": null,
      "failure_reason": null,
      "status": null,
      "substatus": null,
      "logon_process": null,
      "authentication_package": null,
      "privileges": [
        "SeSecurityPrivilege",
        "SeTakeOwnershipPrivilege",
        "SeBackupPrivilege",
        "SeRestorePrivilege"
      ],
      "scenario_id": "PRIV-LOGON-0040"
    },
