    {
      "event_id": 4720,
      "timestamp": "13/06/2026 18:33:40",
      "provider_name": "Microsoft-Windows-Security-Auditing",
      "machine_name": "WIN-H96JM6F374S",
      "message": "A user account was created.",
      "subject_account": "opsadmin3",
      "subject_domain": "WIN-H96JM6F374S",
      "subject_security_id": "S-1-5-21-1843355061-959072039-615746888-1654",
      "subject_logon_id": "0x56F12",
      "new_logon_account": null,
      "new_logon_domain": null,
      "new_logon_security_id": null,
      "new_logon_logon_id": null,
      "target_account": null,
      "target_domain": null,
      "target_security_id": null,
      "logon_type": null,
      "elevated_token": null,
      "virtual_account": null,
      "restricted_admin_mode": null,
      "workstation_name": null,
      "source_network_address": null,
      "source_port": null,
      "process_name": "C:\\Windows\\System32\\mmc.exe",
      "failure_reason": null,
      "status": null,
      "substatus": null,
      "logon_process": null,
      "authentication_package": null,
      "privileges": [],
      "scenario_id": "ACCOUNT-CREATED-0093",
      "extra_new_account": "tempuser094",
      "extra_new_account_domain": "WIN-H96JM6F374S",
      "extra_new_account_sid": "S-1-5-21-1843355061-959072039-615746888-7056"
    },
    {
      "event_id": 4720,
      "timestamp": "13/06/2026 18:33:52",
      "provider_name": "Microsoft-Windows-Security-Auditing",
      "machine_name": "WS2022-LAB02",
      "message": "A user account was created.",
      "subject_account": "opsadmin2",
      "subject_domain": "WS2022-LAB02",
      "subject_security_id": "S-1-5-21-1843355061-959072039-615746888-9755",
      "subject_logon_id": "0x13C47",
      "new_logon_account": null,
      "new_logon_domain": null,
      "new_logon_security_id": null,
      "new_logon_logon_id": null,
      "target_account": null,
      "target_domain": null,
      "target_security_id": null,
      "logon_type": null,
      "elevated_token": null,
      "virtual_account": null,
      "restricted_admin_mode": null,
      "workstation_name": null,
      "source_network_address": null,
      "source_port": null,
      "process_name": "C:\\Windows\\System32\\mmc.exe",
      "failure_reason": null,
      "status": null,
      "substatus": null,
      "logon_process": null,
      "authentication_package": null,
      "privileges": [],
      "scenario_id": "ACCOUNT-CREATED-0094",
      "extra_new_account": "tempuser095",
      "extra_new_account_domain": "WS2022-LAB02",
      "extra_new_account_sid": "S-1-5-21-1843355061-959072039-615746888-1616"
    },
    {
      "event_id": 4720,
      "timestamp": "13/06/2026 18:34:34",
      "provider_name": "Microsoft-Windows-Security-Auditing",
      "machine_name": "WS2022-LAB02",
      "message": "A user account was created.",
      "subject_account": "opsadmin3",
      "subject_domain": "WS2022-LAB02",
      "subject_security_id": "S-1-5-21-1843355061-959072039-615746888-5485",
      "subject_logon_id": "0x7E7D4",
      "new_logon_account": null,
      "new_logon_domain": null,
      "new_logon_security_id": null,
      "new_logon_logon_id": null,
      "target_account": null,
      "target_domain": null,
      "target_security_id": null,
      "logon_type": null,
      "elevated_token": null,
      "virtual_account": null,
      "restricted_admin_mode": null,
      "workstation_name": null,
      "source_network_address": null,
      "source_port": null,
      "process_name": "C:\\Windows\\System32\\mmc.exe",
      "failure_reason": null,
      "status": null,
      "substatus": null,
      "logon_process": null,
      "authentication_package": null,
      "privileges": [],
      "scenario_id": "ACCOUNT-CREATED-0095",
      "extra_new_account": "tempuser096",
      "extra_new_account_domain": "WS2022-LAB02",
      "extra_new_account_sid": "S-1-5-21-1843355061-959072039-615746888-3932"
    },
    {
      "event_id": 4720,
      "timestamp": "13/06/2026 18:34:40",
      "provider_name": "Microsoft-Windows-Security-Auditing",
      "machine_name": "WS2022-LAB01",
      "message": "A user account was created.",
      "subject_account": "opsadmin1",
      "subject_domain": "WS2022-LAB01",
      "subject_security_id": "S-1-5-21-1843355061-959072039-615746888-1147",
      "subject_logon_id": "0xA647A",
      "new_logon_account": null,
      "new_logon_domain": null,
      "new_logon_security_id": null,
      "new_logon_logon_id": null,
      "target_account": null,
      "target_domain": null,
      "target_security_id": null,
      "logon_type": null,
      "elevated_token": null,
      "virtual_account": null,
      "restricted_admin_mode": null,
      "workstation_name": null,
      "source_network_address": null,
      "source_port": null,
      "process_name": "C:\\Windows\\System32\\mmc.exe",
      "failure_reason": null,
      "status": null,
      "substatus": null,
      "logon_process": null,
      "authentication_package": null,
      "privileges": [],
      "scenario_id": "ACCOUNT-CREATED-0096",
      "extra_new_account": "tempuser097",
      "extra_new_account_domain": "WS2022-LAB01",
      "extra_new_account_sid": "S-1-5-21-1843355061-959072039-615746888-7141"
    },
    {
      "event_id": 4720,
      "timestamp": "13/06/2026 18:34:54",
      "provider_name": "Microsoft-Windows-Security-Auditing",
      "machine_name": "WS2022-LAB01",
      "message": "A user account was created.",
      "subject_account": "labadmin",
      "subject_domain": "WS2022-LAB01",
      "subject_security_id": "S-1-5-21-1843355061-959072039-615746888-6615",
      "subject_logon_id": "0x12AA0",
      "new_logon_account": null,
      "new_logon_domain": null,
      "new_logon_security_id": null,
      "new_logon_logon_id": null,
      "target_account": null,
      "target_domain": null,
      "target_security_id": null,
      "logon_type": null,
      "elevated_token": null,
      "virtual_account": null,
      "restricted_admin_mode": null,
      "workstation_name": null,
      "source_network_address": null,
      "source_port": null,
      "process_name": "C:\\Windows\\System32\\mmc.exe",
      "failure_reason": null,
      "status": null,
      "substatus": null,
      "logon_process": null,
      "authentication_package": null,
      "privileges": [],
      "scenario_id": "ACCOUNT-CREATED-0097",
      "extra_new_account": "tempuser098",
      "extra_new_account_domain": "WS2022-LAB01",
      "extra_new_account_sid": "S-1-5-21-1843355061-959072039-615746888-4065"
    },
    {
      "event_id": 4720,
      "timestamp": "13/06/2026 18:35:28",
      "provider_name": "Microsoft-Windows-Security-Auditing",
      "machine_name": "WS2022-LAB02",
      "message": "A user account was created.",
      "subject_account": "opsadmin3",
      "subject_domain": "WS2022-LAB02",
      "subject_security_id": "S-1-5-21-1843355061-959072039-615746888-8154",
      "subject_logon_id": "0x5C3C4",
      "new_logon_account": null,
      "new_logon_domain": null,
      "new_logon_security_id": null,
      "new_logon_logon_id": null,
      "target_account": null,
      "target_domain": null,
      "target_security_id": null,
      "logon_type": null,
      "elevated_token": null,
      "virtual_account": null,
      "restricted_admin_mode": null,
      "workstation_name": null,
      "source_network_address": null,
      "source_port": null,
      "process_name": "C:\\Windows\\System32\\mmc.exe",
      "failure_reason": null,
      "status": null,
      "substatus": null,
      "logon_process": null,
      "authentication_package": null,
      "privileges": [],
      "scenario_id": "ACCOUNT-CREATED-0098",
      "extra_new_account": "tempuser099",
      "extra_new_account_domain": "WS2022-LAB02",
      "extra_new_account_sid": "S-1-5-21-1843355061-959072039-615746888-2166"
    },
    {
      "event_id": 4720,
      "timestamp": "13/06/2026 18:36:09",
      "provider_name": "Microsoft-Windows-Security-Auditing",
      "machine_name": "WIN-H96JM6F374S",
      "message": "A user account was created.",
      "subject_account": "labadmin",
      "subject_domain": "WIN-H96JM6F374S",
      "subject_security_id": "S-1-5-21-1843355061-959072039-615746888-8739",
      "subject_logon_id": "0x5993D",
      "new_logon_account": null,
      "new_logon_domain": null,
      "new_logon_security_id": null,
      "new_logon_logon_id": null,
      "target_account": null,
      "target_domain": null,
      "target_security_id": null,
      "logon_type": null,
      "elevated_token": null,
      "virtual_account": null,
      "restricted_admin_mode": null,
      "workstation_name": null,
      "source_network_address": null,
      "source_port": null,
      "process_name": "C:\\Windows\\System32\\mmc.exe",
      "failure_reason": null,
      "status": null,
      "substatus": null,
      "logon_process": null,
      "authentication_package": null,
      "privileges": [],
      "scenario_id": "ACCOUNT-CREATED-0099",
      "extra_new_account": "tempuser100",
      "extra_new_account_domain": "WIN-H96JM6F374S",
      "extra_new_account_sid": "S-1-5-21-1843355061-959072039-615746888-9346"
    },
    {
      "event_id": 4720,
      "timestamp": "13/06/2026 18:36:20",
      "provider_name": "Microsoft-Windows-Security-Auditing",
      "machine_name": "WS2022-LAB02",
      "message": "A user account was created.",
      "subject_account": "opsadmin3",
      "subject_domain": "WS2022-LAB02",
      "subject_security_id": "S-1-5-21-1843355061-959072039-615746888-4516",
      "subject_logon_id": "0x2C047",
      "new_logon_account": null,
      "new_logon_domain": null,
      "new_logon_security_id": null,
      "new_logon_logon_id": null,
      "target_account": null,
      "target_domain": null,
      "target_security_id": null,
      "logon_type": null,
      "elevated_token": null,
      "virtual_account": null,
      "restricted_admin_mode": null,
      "workstation_name": null,
      "source_network_address": null,
      "source_port": null,
      "process_name": "C:\\Windows\\System32\\mmc.exe",
      "failure_reason": null,
      "status": null,
      "substatus": null,
      "logon_process": null,
      "authentication_package": null,
      "privileges": [],
      "scenario_id": "ACCOUNT-CREATED-0100",
      "extra_new_account": "tempuser101",
      "extra_new_account_domain": "WS2022-LAB02",
      "extra_new_account_sid": "S-1-5-21-1843355061-959072039-615746888-5354"
    },
    {
      "event_id": 4720,
      "timestamp": "13/06/2026 18:36:57",
      "provider_name": "Microsoft-Windows-Security-Auditing",
      "machine_name": "WS2022-LAB02",
      "message": "A user account was created.",
      "subject_account": "opsadmin3",
      "subject_domain": "WS2022-LAB02",
      "subject_security_id": "S-1-5-21-1843355061-959072039-615746888-6995",
      "subject_logon_id": "0x95A09",
      "new_logon_account": null,
      "new_logon_domain": null,
      "new_logon_security_id": null,
      "new_logon_logon_id": null,
      "target_account": null,
      "target_domain": null,
      "target_security_id": null,
      "logon_type": null,
      "elevated_token": null,
      "virtual_account": null,
      "restricted_admin_mode": null,
      "workstation_name": null,
      "source_network_address": null,
      "source_port": null,
      "process_name": "C:\\Windows\\System32\\mmc.exe",
      "failure_reason": null,
      "status": null,
      "substatus": null,
      "logon_process": null,
      "authentication_package": null,
      "privileges": [],
      "scenario_id": "ACCOUNT-CREATED-0101",
      "extra_new_account": "tempuser102",
      "extra_new_account_domain": "WS2022-LAB02",
      "extra_new_account_sid": "S-1-5-21-1843355061-959072039-615746888-8589"
    },
    {
      "event_id": 4720,
      "timestamp": "13/06/2026 18:37:29",
      "provider_name": "Microsoft-Windows-Security-Auditing",
      "machine_name": "WIN-H96JM6F374S",
      "message": "A user account was created.",
      "subject_account": "opsadmin3",
      "subject_domain": "WIN-H96JM6F374S",
      "subject_security_id": "S-1-5-21-1843355061-959072039-615746888-1736",
      "subject_logon_id": "0x39EE7",
      "new_logon_account": null,
      "new_logon_domain": null,
      "new_logon_security_id": null,
      "new_logon_logon_id": null,
      "target_account": null,
      "target_domain": null,
      "target_security_id": null,
      "logon_type": null,
      "elevated_token": null,
      "virtual_account": null,
      "restricted_admin_mode": null,
      "workstation_name": null,
      "source_network_address": null,
      "source_port": null,
      "process_name": "C:\\Windows\\System32\\mmc.exe",
      "failure_reason": null,
      "status": null,
      "substatus": null,
      "logon_process": null,
      "authentication_package": null,
      "privileges": [],
      "scenario_id": "ACCOUNT-CREATED-0102",
      "extra_new_account": "tempuser103",
      "extra_new_account_domain": "WIN-H96JM6F374S",
      "extra_new_account_sid": "S-1-5-21-1843355061-959072039-615746888-4244"
    },
    {
      "event_id": 4720,
      "timestamp": "13/06/2026 18:38:11",
      "provider_name": "Microsoft-Windows-Security-Auditing",
      "machine_name": "WIN-H96JM6F374S",
      "message": "A user account was created.",
      "subject_account": "opsadmin3",
      "subject_domain": "WIN-H96JM6F374S",
      "subject_security_id": "S-1-5-21-1843355061-959072039-615746888-2862",
      "subject_logon_id": "0xD66D8",
      "new_logon_account": null,
      "new_logon_domain": null,
      "new_logon_security_id": null,
      "new_logon_logon_id": null,
      "target_account": null,
      "target_domain": null,
      "target_security_id": null,
      "logon_type": null,
      "elevated_token": null,
      "virtual_account": null,
      "restricted_admin_mode": null,
      "workstation_name": null,
      "source_network_address": null,
      "source_port": null,
      "process_name": "C:\\Windows\\System32\\mmc.exe",
      "failure_reason": null,
      "status": null,
      "substatus": null,
      "logon_process": null,
      "authentication_package": null,
      "privileges": [],
      "scenario_id": "ACCOUNT-CREATED-0103",
      "extra_new_account": "tempuser104",
      "extra_new_account_domain": "WIN-H96JM6F374S",
      "extra_new_account_sid": "S-1-5-21-1843355061-959072039-615746888-2319"
    },
    {
      "event_id": 4720,
      "timestamp": "13/06/2026 18:38:19",
      "provider_name": "Microsoft-Windows-Security-Auditing",
      "machine_name": "WS2022-LAB02",
      "message": "A user account was created.",
      "subject_account": "opsadmin1",
      "subject_domain": "WS2022-LAB02",
      "subject_security_id": "S-1-5-21-1843355061-959072039-615746888-9493",
      "subject_logon_id": "0x69F18",
      "new_logon_account": null,
      "new_logon_domain": null,
      "new_logon_security_id": null,
      "new_logon_logon_id": null,
      "target_account": null,
      "target_domain": null,
      "target_security_id": null,
      "logon_type": null,
      "elevated_token": null,
      "virtual_account": null,
      "restricted_admin_mode": null,
      "workstation_name": null,
      "source_network_address": null,
      "source_port": null,
      "process_name": "C:\\Windows\\System32\\mmc.exe",
      "failure_reason": null,
      "status": null,
      "substatus": null,
      "logon_process": null,
      "authentication_package": null,
      "privileges": [],
      "scenario_id": "ACCOUNT-CREATED-0104",
      "extra_new_account": "tempuser105",
      "extra_new_account_domain": "WS2022-LAB02",
      "extra_new_account_sid": "S-1-5-21-1843355061-959072039-615746888-6136"
    },
    {
      "event_id": 4720,
      "timestamp": "13/06/2026 18:38:27",
      "provider_name": "Microsoft-Windows-Security-Auditing",
      "machine_name": "WS2022-LAB02",
      "message": "A user account was created.",
      "subject_account": "opsadmin1",
      "subject_domain": "WS2022-LAB02",
      "subject_security_id": "S-1-5-21-1843355061-959072039-615746888-4972",
      "subject_logon_id": "0x479DF",
      "new_logon_account": null,
      "new_logon_domain": null,
      "new_logon_security_id": null,
      "new_logon_logon_id": null,
      "target_account": null,
      "target_domain": null,
      "target_security_id": null,
      "logon_type": null,
      "elevated_token": null,
      "virtual_account": null,
      "restricted_admin_mode": null,
      "workstation_name": null,
      "source_network_address": null,
      "source_port": null,
      "process_name": "C:\\Windows\\System32\\mmc.exe",
      "failure_reason": null,
      "status": null,
      "substatus": null,
      "logon_process": null,
      "authentication_package": null,
      "privileges": [],
      "scenario_id": "ACCOUNT-CREATED-0105",
      "extra_new_account": "tempuser106",
      "extra_new_account_domain": "WS2022-LAB02",
      "extra_new_account_sid": "S-1-5-21-1843355061-959072039-615746888-5928"
    },
    {
      "event_id": 4720,
      "timestamp": "13/06/2026 18:38:54",
      "provider_name": "Microsoft-Windows-Security-Auditing",
      "machine_name": "WIN-H96JM6F374S",
      "message": "A user account was created.",
      "subject_account": "opsadmin2",
      "subject_domain": "WIN-H96JM6F374S",
      "subject_security_id": "S-1-5-21-1843355061-959072039-615746888-7002",
      "subject_logon_id": "0xA9503",
      "new_logon_account": null,
      "new_logon_domain": null,
      "new_logon_security_id": null,
      "new_logon_logon_id": null,
      "target_account": null,
      "target_domain": null,
      "target_security_id": null,
      "logon_type": null,
      "elevated_token": null,
      "virtual_account": null,
      "restricted_admin_mode": null,
      "workstation_name": null,
      "source_network_address": null,
      "source_port": null,
      "process_name": "C:\\Windows\\System32\\mmc.exe",
      "failure_reason": null,
      "status": null,
      "substatus": null,
      "logon_process": null,
      "authentication_package": null,
      "privileges": [],
      "scenario_id": "ACCOUNT-CREATED-0106",
      "extra_new_account": "tempuser107",
      "extra_new_account_domain": "WIN-H96JM6F374S",
      "extra_new_account_sid": "S-1-5-21-1843355061-959072039-615746888-6992"
    },
    {
      "event_id": 4720,
      "timestamp": "13/06/2026 18:39:20",
      "provider_name": "Microsoft-Windows-Security-Auditing",
      "machine_name": "WIN-H96JM6F374S",
      "message": "A user account was created.",
      "subject_account": "opsadmin2",
      "subject_domain": "WIN-H96JM6F374S",
      "subject_security_id": "S-1-5-21-1843355061-959072039-615746888-4356",
      "subject_logon_id": "0x7583A",
      "new_logon_account": null,
      "new_logon_domain": null,
      "new_logon_security_id": null,
      "new_logon_logon_id": null,
      "target_account": null,
      "target_domain": null,
      "target_security_id": null,
      "logon_type": null,
      "elevated_token": null,
      "virtual_account": null,
      "restricted_admin_mode": null,
      "workstation_name": null,
      "source_network_address": null,
      "source_port": null,
      "process_name": "C:\\Windows\\System32\\mmc.exe",
      "failure_reason": null,
      "status": null,
      "substatus": null,
      "logon_process": null,
      "authentication_package": null,
      "privileges": [],
      "scenario_id": "ACCOUNT-CREATED-0107",
      "extra_new_account": "tempuser108",
      "extra_new_account_domain": "WIN-H96JM6F374S",
      "extra_new_account_sid": "S-1-5-21-1843355061-959072039-615746888-6442"
    },
    {
      "event_id": 4720,
      "timestamp": "13/06/2026 18:39:41",
      "provider_name": "Microsoft-Windows-Security-Auditing",
      "machine_name": "WIN-H96JM6F374S",
      "message": "A user account was created.",
      "subject_account": "opsadmin2",
      "subject_domain": "WIN-H96JM6F374S",
      "subject_security_id": "S-1-5-21-1843355061-959072039-615746888-3712",
      "subject_logon_id": "0x896B4",
      "new_logon_account": null,
      "new_logon_domain": null,
      "new_logon_security_id": null,
      "new_logon_logon_id": null,
      "target_account": null,
      "target_domain": null,
      "target_security_id": null,
      "logon_type": null,
      "elevated_token": null,
      "virtual_account": null,
      "restricted_admin_mode": null,
      "workstation_name": null,
      "source_network_address": null,
      "source_port": null,
      "process_name": "C:\\Windows\\System32\\mmc.exe",
      "failure_reason": null,
      "status": null,
      "substatus": null,
      "logon_process": null,
      "authentication_package": null,
      "privileges": [],
      "scenario_id": "ACCOUNT-CREATED-0108",
      "extra_new_account": "tempuser109",
      "extra_new_account_domain": "WIN-H96JM6F374S",
      "extra_new_account_sid": "S-1-5-21-1843355061-959072039-615746888-7305"
    },
    {
      "event_id": 4720,
      "timestamp": "13/06/2026 18:40:09",
      "provider_name": "Microsoft-Windows-Security-Auditing",
      "machine_name": "WIN-H96JM6F374S",
      "message": "A user account was created.",
      "subject_account": "opsadmin1",
      "subject_domain": "WIN-H96JM6F374S",
      "subject_security_id": "S-1-5-21-1843355061-959072039-615746888-9557",
      "subject_logon_id": "0x376B1",
      "new_logon_account": null,
      "new_logon_domain": null,
      "new_logon_security_id": null,
      "new_logon_logon_id": null,
      "target_account": null,
      "target_domain": null,
      "target_security_id": null,
      "logon_type": null,
      "elevated_token": null,
      "virtual_account": null,
      "restricted_admin_mode": null,
      "workstation_name": null,
      "source_network_address": null,
      "source_port": null,
      "process_name": "C:\\Windows\\System32\\mmc.exe",
      "failure_reason": null,
      "status": null,
      "substatus": null,
      "logon_process": null,
      "authentication_package": null,
      "privileges": [],
      "scenario_id": "ACCOUNT-CREATED-0109",
      "extra_new_account": "tempuser110",
      "extra_new_account_domain": "WIN-H96JM6F374S",
      "extra_new_account_sid": "S-1-5-21-1843355061-959072039-615746888-4339"
    },
    {
      "event_id": 4720,
      "timestamp": "13/06/2026 18:40:35",
      "provider_name": "Microsoft-Windows-Security-Auditing",
      "machine_name": "WS2022-LAB01",
      "message": "A user account was created.",
      "subject_account": "labadmin",
      "subject_domain": "WS2022-LAB01",
      "subject_security_id": "S-1-5-21-1843355061-959072039-615746888-4656",
      "subject_logon_id": "0x6EDE8",
      "new_logon_account": null,
      "new_logon_domain": null,
      "new_logon_security_id": null,
      "new_logon_logon_id": null,
      "target_account": null,
      "target_domain": null,
      "target_security_id": null,
      "logon_type": null,
      "elevated_token": null,
      "virtual_account": null,
      "restricted_admin_mode": null,
      "workstation_name": null,
      "source_network_address": null,
      "source_port": null,
      "process_name": "C:\\Windows\\System32\\mmc.exe",
      "failure_reason": null,
      "status": null,
      "substatus": null,
      "logon_process": null,
      "authentication_package": null,
      "privileges": [],
      "scenario_id": "ACCOUNT-CREATED-0110",
      "extra_new_account": "tempuser111",
      "extra_new_account_domain": "WS2022-LAB01",
      "extra_new_account_sid": "S-1-5-21-1843355061-959072039-615746888-3134"
    },
    {
      "event_id": 4720,
      "timestamp": "13/06/2026 18:40:51",
      "provider_name": "Microsoft-Windows-Security-Auditing",
      "machine_name": "WIN-H96JM6F374S",
      "message": "A user account was created.",
      "subject_account": "opsadmin2",
      "subject_domain": "WIN-H96JM6F374S",
      "subject_security_id": "S-1-5-21-1843355061-959072039-615746888-5384",
      "subject_logon_id": "0x8D822",
      "new_logon_account": null,
      "new_logon_domain": null,
      "new_logon_security_id": null,
      "new_logon_logon_id": null,
      "target_account": null,
      "target_domain": null,
      "target_security_id": null,
      "logon_type": null,
      "elevated_token": null,
      "virtual_account": null,
      "restricted_admin_mode": null,
      "workstation_name": null,
      "source_network_address": null,
      "source_port": null,
      "process_name": "C:\\Windows\\System32\\mmc.exe",
      "failure_reason": null,
      "status": null,
      "substatus": null,
      "logon_process": null,
      "authentication_package": null,
      "privileges": [],
      "scenario_id": "ACCOUNT-CREATED-0111",
      "extra_new_account": "tempuser112",
      "extra_new_account_domain": "WIN-H96JM6F374S",
      "extra_new_account_sid": "S-1-5-21-1843355061-959072039-615746888-8107"
    },
    {
      "event_id": 4720,
      "timestamp": "13/06/2026 18:41:14",
      "provider_name": "Microsoft-Windows-Security-Auditing",
      "machine_name": "WIN-H96JM6F374S",
      "message": "A user account was created.",
      "subject_account": "opsadmin1",
      "subject_domain": "WIN-H96JM6F374S",
      "subject_security_id": "S-1-5-21-1843355061-959072039-615746888-8205",
      "subject_logon_id": "0xBAFBC",
      "new_logon_account": null,
      "new_logon_domain": null,
      "new_logon_security_id": null,
      "new_logon_logon_id": null,
      "target_account": null,
      "target_domain": null,
      "target_security_id": null,
      "logon_type": null,
      "elevated_token": null,
      "virtual_account": null,
      "restricted_admin_mode": null,
      "workstation_name": null,
      "source_network_address": null,
      "source_port": null,
      "process_name": "C:\\Windows\\System32\\mmc.exe",
      "failure_reason": null,
      "status": null,
      "substatus": null,
      "logon_process": null,
      "authentication_package": null,
      "privileges": [],
      "scenario_id": "ACCOUNT-CREATED-0112",
      "extra_new_account": "tempuser113",
      "extra_new_account_domain": "WIN-H96JM6F374S",
      "extra_new_account_sid": "S-1-5-21-1843355061-959072039-615746888-6598"
    },
    {
      "event_id": 4720,
      "timestamp": "13/06/2026 18:41:46",
      "provider_name": "Microsoft-Windows-Security-Auditing",
      "machine_name": "WIN-H96JM6F374S",
      "message": "A user account was created.",
      "subject_account": "labadmin",
      "subject_domain": "WIN-H96JM6F374S",
      "subject_security_id": "S-1-5-21-1843355061-959072039-615746888-7834",
      "subject_logon_id": "0x400ED",
      "new_logon_account": null,
      "new_logon_domain": null,
      "new_logon_security_id": null,
      "new_logon_logon_id": null,
      "target_account": null,
      "target_domain": null,
      "target_security_id": null,
      "logon_type": null,
      "elevated_token": null,
      "virtual_account": null,
      "restricted_admin_mode": null,
      "workstation_name": null,
      "source_network_address": null,
      "source_port": null,
      "process_name": "C:\\Windows\\System32\\mmc.exe",
      "failure_reason": null,
      "status": null,
      "substatus": null,
      "logon_process": null,
      "authentication_package": null,
      "privileges": [],
      "scenario_id": "ACCOUNT-CREATED-0113",
      "extra_new_account": "tempuser114",
      "extra_new_account_domain": "WIN-H96JM6F374S",
      "extra_new_account_sid": "S-1-5-21-1843355061-959072039-615746888-1190"
    },
    {
      "event_id": 4720,
      "timestamp": "13/06/2026 18:42:06",
      "provider_name": "Microsoft-Windows-Security-Auditing",
      "machine_name": "WS2022-LAB01",
      "message": "A user account was created.",
      "subject_account": "opsadmin1",
      "subject_domain": "WS2022-LAB01",
      "subject_security_id": "S-1-5-21-1843355061-959072039-615746888-6469",
      "subject_logon_id": "0x72297",
      "new_logon_account": null,
      "new_logon_domain": null,
      "new_logon_security_id": null,
      "new_logon_logon_id": null,
      "target_account": null,
      "target_domain": null,
      "target_security_id": null,
      "logon_type": null,
      "elevated_token": null,
      "virtual_account": null,
      "restricted_admin_mode": null,
      "workstation_name": null,
      "source_network_address": null,
      "source_port": null,
      "process_name": "C:\\Windows\\System32\\mmc.exe",
      "failure_reason": null,
      "status": null,
      "substatus": null,
      "logon_process": null,
      "authentication_package": null,
      "privileges": [],
      "scenario_id": "ACCOUNT-CREATED-0114",
      "extra_new_account": "tempuser115",
      "extra_new_account_domain": "WS2022-LAB01",
      "extra_new_account_sid": "S-1-5-21-1843355061-959072039-615746888-3111"
    },
    {
      "event_id": 4720,
      "timestamp": "13/06/2026 18:42:23",
      "provider_name": "Microsoft-Windows-Security-Auditing",
      "machine_name": "WS2022-LAB02",
      "message": "A user account was created.",
      "subject_account": "opsadmin2",
      "subject_domain": "WS2022-LAB02",
      "subject_security_id": "S-1-5-21-1843355061-959072039-615746888-4974",
      "subject_logon_id": "0x50CE1",
      "new_logon_account": null,
      "new_logon_domain": null,
      "new_logon_security_id": null,
      "new_logon_logon_id": null,
      "target_account": null,
      "target_domain": null,
      "target_security_id": null,
      "logon_type": null,
      "elevated_token": null,
      "virtual_account": null,
      "restricted_admin_mode": null,
      "workstation_name": null,
      "source_network_address": null,
      "source_port": null,
      "process_name": "C:\\Windows\\System32\\mmc.exe",
      "failure_reason": null,
      "status": null,
      "substatus": null,
      "logon_process": null,
      "authentication_package": null,
      "privileges": [],
      "scenario_id": "ACCOUNT-CREATED-0115",
      "extra_new_account": "tempuser116",
      "extra_new_account_domain": "WS2022-LAB02",
      "extra_new_account_sid": "S-1-5-21-1843355061-959072039-615746888-5639"
    },
    {
      "event_id": 4720,
      "timestamp": "13/06/2026 18:42:30",
      "provider_name": "Microsoft-Windows-Security-Auditing",
      "machine_name": "WIN-H96JM6F374S",
      "message": "A user account was created.",
      "subject_account": "opsadmin2",
      "subject_domain": "WIN-H96JM6F374S",
      "subject_security_id": "S-1-5-21-1843355061-959072039-615746888-8643",
      "subject_logon_id": "0xDFFF0",
      "new_logon_account": null,
      "new_logon_domain": null,
      "new_logon_security_id": null,
      "new_logon_logon_id": null,
      "target_account": null,
      "target_domain": null,
      "target_security_id": null,
      "logon_type": null,
      "elevated_token": null,
      "virtual_account": null,
      "restricted_admin_mode": null,
      "workstation_name": null,
      "source_network_address": null,
      "source_port": null,
      "process_name": "C:\\Windows\\System32\\mmc.exe",
      "failure_reason": null,
      "status": null,
      "substatus": null,
      "logon_process": null,
      "authentication_package": null,
      "privileges": [],
      "scenario_id": "ACCOUNT-CREATED-0116",
      "extra_new_account": "tempuser117",
      "extra_new_account_domain": "WIN-H96JM6F374S",
      "extra_new_account_sid": "S-1-5-21-1843355061-959072039-615746888-2131"
    },
    {
      "event_id": 4720,
      "timestamp": "13/06/2026 18:43:02",
      "provider_name": "Microsoft-Windows-Security-Auditing",
      "machine_name": "WS2022-LAB02",
      "message": "A user account was created.",
      "subject_account": "opsadmin1",
      "subject_domain": "WS2022-LAB02",
      "subject_security_id": "S-1-5-21-1843355061-959072039-615746888-7106",
      "subject_logon_id": "0x5EC59",
      "new_logon_account": null,
      "new_logon_domain": null,
      "new_logon_security_id": null,
      "new_logon_logon_id": null,
      "target_account": null,
      "target_domain": null,
      "target_security_id": null,
      "logon_type": null,
      "elevated_token": null,
      "virtual_account": null,
      "restricted_admin_mode": null,
      "workstation_name": null,
      "source_network_address": null,
      "source_port": null,
      "process_name": "C:\\Windows\\System32\\mmc.exe",
      "failure_reason": null,
      "status": null,
      "substatus": null,
      "logon_process": null,
      "authentication_package": null,
      "privileges": [],
      "scenario_id": "ACCOUNT-CREATED-0117",
      "extra_new_account": "tempuser118",
      "extra_new_account_domain": "WS2022-LAB02",
      "extra_new_account_sid": "S-1-5-21-1843355061-959072039-615746888-7938"
    },
    {
      "event_id": 4720,
      "timestamp": "13/06/2026 18:43:08",
      "provider_name": "Microsoft-Windows-Security-Auditing",
      "machine_name": "WIN-H96JM6F374S",
      "message": "A user account was created.",
      "subject_account": "opsadmin3",
      "subject_domain": "WIN-H96JM6F374S",
      "subject_security_id": "S-1-5-21-1843355061-959072039-615746888-8208",
      "subject_logon_id": "0xD775F",
      "new_logon_account": null,
      "new_logon_domain": null,
      "new_logon_security_id": null,
      "new_logon_logon_id": null,
      "target_account": null,
      "target_domain": null,
      "target_security_id": null,
      "logon_type": null,
      "elevated_token": null,
      "virtual_account": null,
      "restricted_admin_mode": null,
      "workstation_name": null,
      "source_network_address": null,
      "source_port": null,
      "process_name": "C:\\Windows\\System32\\mmc.exe",
      "failure_reason": null,
      "status": null,
      "substatus": null,
      "logon_process": null,
      "authentication_package": null,
      "privileges": [],
      "scenario_id": "ACCOUNT-CREATED-0118",
      "extra_new_account": "tempuser119",
      "extra_new_account_domain": "WIN-H96JM6F374S",
      "extra_new_account_sid": "S-1-5-21-1843355061-959072039-615746888-2144"
    },
    {
      "event_id": 4720,
      "timestamp": "13/06/2026 18:43:15",
      "provider_name": "Microsoft-Windows-Security-Auditing",
      "machine_name": "WS2022-LAB02",
      "message": "A user account was created.",
      "subject_account": "labadmin",
      "subject_domain": "WS2022-LAB02",
      "subject_security_id": "S-1-5-21-1843355061-959072039-615746888-9852",
      "subject_logon_id": "0xD8F76",
      "new_logon_account": null,
      "new_logon_domain": null,
      "new_logon_security_id": null,
      "new_logon_logon_id": null,
      "target_account": null,
      "target_domain": null,
      "target_security_id": null,
      "logon_type": null,
      "elevated_token": null,
      "virtual_account": null,
      "restricted_admin_mode": null,
      "workstation_name": null,
      "source_network_address": null,
      "source_port": null,
      "process_name": "C:\\Windows\\System32\\mmc.exe",
      "failure_reason": null,
      "status": null,
      "substatus": null,
      "logon_process": null,
      "authentication_package": null,
      "privileges": [],
      "scenario_id": "ACCOUNT-CREATED-0119",
      "extra_new_account": "tempuser120",
      "extra_new_account_domain": "WS2022-LAB02",
      "extra_new_account_sid": "S-1-5-21-1843355061-959072039-615746888-4353"
    },
    {
      "event_id": 4720,
      "timestamp": "13/06/2026 18:43:25",
      "provider_name": "Microsoft-Windows-Security-Auditing",
      "machine_name": "WS2022-LAB01",
      "message": "A user account was created.",
      "subject_account": "opsadmin3",
      "subject_domain": "WS2022-LAB01",
      "subject_security_id": "S-1-5-21-1843355061-959072039-615746888-2499",
      "subject_logon_id": "0x3E2E1",
      "new_logon_account": null,
      "new_logon_domain": null,
      "new_logon_security_id": null,
      "new_logon_logon_id": null,
      "target_account": null,
      "target_domain": null,
      "target_security_id": null,
      "logon_type": null,
      "elevated_token": null,
      "virtual_account": null,
      "restricted_admin_mode": null,
      "workstation_name": null,
      "source_network_address": null,
      "source_port": null,
      "process_name": "C:\\Windows\\System32\\mmc.exe",
      "failure_reason": null,
      "status": null,
      "substatus": null,
      "logon_process": null,
      "authentication_package": null,
      "privileges": [],
      "scenario_id": "ACCOUNT-CREATED-0120",
      "extra_new_account": "tempuser121",
      "extra_new_account_domain": "WS2022-LAB01",
      "extra_new_account_sid": "S-1-5-21-1843355061-959072039-615746888-2652"
    },
    {
      "event_id": 4720,
      "timestamp": "13/06/2026 18:43:42",
      "provider_name": "Microsoft-Windows-Security-Auditing",
      "machine_name": "WIN-H96JM6F374S",
      "message": "A user account was created.",
      "subject_account": "labadmin",
      "subject_domain": "WIN-H96JM6F374S",
      "subject_security_id": "S-1-5-21-1843355061-959072039-615746888-7514",
      "subject_logon_id": "0xCB97A",
      "new_logon_account": null,
      "new_logon_domain": null,
      "new_logon_security_id": null,
      "new_logon_logon_id": null,
      "target_account": null,
      "target_domain": null,
      "target_security_id": null,
      "logon_type": null,
      "elevated_token": null,
      "virtual_account": null,
      "restricted_admin_mode": null,
      "workstation_name": null,
      "source_network_address": null,
      "source_port": null,
      "process_name": "C:\\Windows\\System32\\mmc.exe",
      "failure_reason": null,
      "status": null,
      "substatus": null,
      "logon_process": null,
      "authentication_package": null,
      "privileges": [],
      "scenario_id": "ACCOUNT-CREATED-0121",
      "extra_new_account": "tempuser122",
      "extra_new_account_domain": "WIN-H96JM6F374S",
      "extra_new_account_sid": "S-1-5-21-1843355061-959072039-615746888-7176"
    },
    {
      "event_id": 4720,
      "timestamp": "13/06/2026 18:44:00",
      "provider_name": "Microsoft-Windows-Security-Auditing",
      "machine_name": "WS2022-LAB01",
      "message": "A user account was created.",
      "subject_account": "labadmin",
      "subject_domain": "WS2022-LAB01",
      "subject_security_id": "S-1-5-21-1843355061-959072039-615746888-1863",
      "subject_logon_id": "0xCB447",
      "new_logon_account": null,
      "new_logon_domain": null,
      "new_logon_security_id": null,
      "new_logon_logon_id": null,
      "target_account": null,
      "target_domain": null,
      "target_security_id": null,
      "logon_type": null,
      "elevated_token": null,
      "virtual_account": null,
      "restricted_admin_mode": null,
      "workstation_name": null,
      "source_network_address": null,
      "source_port": null,
      "process_name": "C:\\Windows\\System32\\mmc.exe",
      "failure_reason": null,
      "status": null,
      "substatus": null,
      "logon_process": null,
      "authentication_package": null,
      "privileges": [],
      "scenario_id": "ACCOUNT-CREATED-0122",
      "extra_new_account": "tempuser123",
      "extra_new_account_domain": "WS2022-LAB01",
      "extra_new_account_sid": "S-1-5-21-1843355061-959072039-615746888-7540"
    },
    {
      "event_id": 4720,
      "timestamp": "13/06/2026 18:44:36",
      "provider_name": "Microsoft-Windows-Security-Auditing",
      "machine_name": "WS2022-LAB01",
      "message": "A user account was created.",
      "subject_account": "opsadmin3",
      "subject_domain": "WS2022-LAB01",
      "subject_security_id": "S-1-5-21-1843355061-959072039-615746888-2619",
      "subject_logon_id": "0x1B8EF",
      "new_logon_account": null,
      "new_logon_domain": null,
      "new_logon_security_id": null,
      "new_logon_logon_id": null,
      "target_account": null,
      "target_domain": null,
      "target_security_id": null,
      "logon_type": null,
      "elevated_token": null,
      "virtual_account": null,
      "restricted_admin_mode": null,
      "workstation_name": null,
      "source_network_address": null,
      "source_port": null,
      "process_name": "C:\\Windows\\System32\\mmc.exe",
      "failure_reason": null,
      "status": null,
      "substatus": null,
      "logon_process": null,
      "authentication_package": null,
      "privileges": [],
      "scenario_id": "ACCOUNT-CREATED-0123",
      "extra_new_account": "tempuser124",
      "extra_new_account_domain": "WS2022-LAB01",
      "extra_new_account_sid": "S-1-5-21-1843355061-959072039-615746888-2432"
    },
    {
      "event_id": 4720,
      "timestamp": "13/06/2026 18:44:41",
      "provider_name": "Microsoft-Windows-Security-Auditing",
      "machine_name": "WS2022-LAB02",
      "message": "A user account was created.",
      "subject_account": "opsadmin1",
      "subject_domain": "WS2022-LAB02",
      "subject_security_id": "S-1-5-21-1843355061-959072039-615746888-9994",
      "subject_logon_id": "0xB4B62",
      "new_logon_account": null,
      "new_logon_domain": null,
      "new_logon_security_id": null,
      "new_logon_logon_id": null,
      "target_account": null,
      "target_domain": null,
      "target_security_id": null,
      "logon_type": null,
      "elevated_token": null,
      "virtual_account": null,
      "restricted_admin_mode": null,
      "workstation_name": null,
      "source_network_address": null,
      "source_port": null,
      "process_name": "C:\\Windows\\System32\\mmc.exe",
      "failure_reason": null,
      "status": null,
      "substatus": null,
      "logon_process": null,
      "authentication_package": null,
      "privileges": [],
      "scenario_id": "ACCOUNT-CREATED-0124",
      "extra_new_account": "tempuser125",
      "extra_new_account_domain": "WS2022-LAB02",
      "extra_new_account_sid": "S-1-5-21-1843355061-959072039-615746888-1952"
    },
    {
      "event_id": 4720,
      "timestamp": "13/06/2026 18:45:09",
      "provider_name": "Microsoft-Windows-Security-Auditing",
      "machine_name": "WIN-H96JM6F374S",
      "message": "A user account was created.",
      "subject_account": "labadmin",
      "subject_domain": "WIN-H96JM6F374S",
      "subject_security_id": "S-1-5-21-1843355061-959072039-615746888-9262",
      "subject_logon_id": "0x550EE",
      "new_logon_account": null,
      "new_logon_domain": null,
      "new_logon_security_id": null,
      "new_logon_logon_id": null,
      "target_account": null,
      "target_domain": null,
      "target_security_id": null,
      "logon_type": null,
      "elevated_token": null,
      "virtual_account": null,
      "restricted_admin_mode": null,
      "workstation_name": null,
      "source_network_address": null,
      "source_port": null,
      "process_name": "C:\\Windows\\System32\\mmc.exe",
      "failure_reason": null,
      "status": null,
      "substatus": null,
      "logon_process": null,
      "authentication_package": null,
      "privileges": [],
      "scenario_id": "ACCOUNT-CREATED-0125",
      "extra_new_account": "tempuser126",
      "extra_new_account_domain": "WIN-H96JM6F374S",
      "extra_new_account_sid": "S-1-5-21-1843355061-959072039-615746888-3565"
    },
    {
      "event_id": 4720,
      "timestamp": "13/06/2026 18:45:24",
      "provider_name": "Microsoft-Windows-Security-Auditing",
      "machine_name": "WS2022-LAB02",
      "message": "A user account was created.",
      "subject_account": "opsadmin3",
      "subject_domain": "WS2022-LAB02",
      "subject_security_id": "S-1-5-21-1843355061-959072039-615746888-7549",
      "subject_logon_id": "0xD2792",
      "new_logon_account": null,
      "new_logon_domain": null,
      "new_logon_security_id": null,
      "new_logon_logon_id": null,
      "target_account": null,
      "target_domain": null,
      "target_security_id": null,
      "logon_type": null,
      "elevated_token": null,
      "virtual_account": null,
      "restricted_admin_mode": null,
      "workstation_name": null,
      "source_network_address": null,
      "source_port": null,
      "process_name": "C:\\Windows\\System32\\mmc.exe",
      "failure_reason": null,
      "status": null,
      "substatus": null,
      "logon_process": null,
      "authentication_package": null,
      "privileges": [],
      "scenario_id": "ACCOUNT-CREATED-0126",
      "extra_new_account": "tempuser127",
      "extra_new_account_domain": "WS2022-LAB02",
      "extra_new_account_sid": "S-1-5-21-1843355061-959072039-615746888-3919"
    },
    {
      "event_id": 4720,
      "timestamp": "13/06/2026 18:46:02",
      "provider_name": "Microsoft-Windows-Security-Auditing",
      "machine_name": "WS2022-LAB02",
      "message": "A user account was created.",
      "subject_account": "opsadmin2",
      "subject_domain": "WS2022-LAB02",
      "subject_security_id": "S-1-5-21-1843355061-959072039-615746888-7309",
      "subject_logon_id": "0xAE61B",
      "new_logon_account": null,
      "new_logon_domain": null,
      "new_logon_security_id": null,
      "new_logon_logon_id": null,
      "target_account": null,
      "target_domain": null,
      "target_security_id": null,
      "logon_type": null,
      "elevated_token": null,
      "virtual_account": null,
      "restricted_admin_mode": null,
      "workstation_name": null,
      "source_network_address": null,
      "source_port": null,
      "process_name": "C:\\Windows\\System32\\mmc.exe",
      "failure_reason": null,
      "status": null,
      "substatus": null,
      "logon_process": null,
      "authentication_package": null,
      "privileges": [],
      "scenario_id": "ACCOUNT-CREATED-0127",
      "extra_new_account": "tempuser128",
      "extra_new_account_domain": "WS2022-LAB02",
      "extra_new_account_sid": "S-1-5-21-1843355061-959072039-615746888-1493"
    },
    {
      "event_id": 4720,
      "timestamp": "13/06/2026 18:46:27",
      "provider_name": "Microsoft-Windows-Security-Auditing",
      "machine_name": "WIN-H96JM6F374S",
      "message": "A user account was created.",
      "subject_account": "opsadmin2",
      "subject_domain": "WIN-H96JM6F374S",
      "subject_security_id": "S-1-5-21-1843355061-959072039-615746888-2568",
      "subject_logon_id": "0x8DD76",
      "new_logon_account": null,
      "new_logon_domain": null,
      "new_logon_security_id": null,
      "new_logon_logon_id": null,
      "target_account": null,
      "target_domain": null,
      "target_security_id": null,
      "logon_type": null,
      "elevated_token": null,
      "virtual_account": null,
      "restricted_admin_mode": null,
      "workstation_name": null,
      "source_network_address": null,
      "source_port": null,
      "process_name": "C:\\Windows\\System32\\mmc.exe",
      "failure_reason": null,
      "status": null,
      "substatus": null,
      "logon_process": null,
      "authentication_package": null,
      "privileges": [],
      "scenario_id": "ACCOUNT-CREATED-0128",
      "extra_new_account": "tempuser129",
      "extra_new_account_domain": "WIN-H96JM6F374S",
      "extra_new_account_sid": "S-1-5-21-1843355061-959072039-615746888-7209"
    },
    {
      "event_id": 4720,
      "timestamp": "13/06/2026 18:46:40",
      "provider_name": "Microsoft-Windows-Security-Auditing",
      "machine_name": "WS2022-LAB02",
      "message": "A user account was created.",
      "subject_account": "opsadmin3",
      "subject_domain": "WS2022-LAB02",
      "subject_security_id": "S-1-5-21-1843355061-959072039-615746888-8336",
      "subject_logon_id": "0x2CED8",
      "new_logon_account": null,
      "new_logon_domain": null,
      "new_logon_security_id": null,
      "new_logon_logon_id": null,
      "target_account": null,
      "target_domain": null,
      "target_security_id": null,
      "logon_type": null,
      "elevated_token": null,
      "virtual_account": null,
      "restricted_admin_mode": null,
      "workstation_name": null,
      "source_network_address": null,
      "source_port": null,
      "process_name": "C:\\Windows\\System32\\mmc.exe",
      "failure_reason": null,
      "status": null,
      "substatus": null,
      "logon_process": null,
      "authentication_package": null,
      "privileges": [],
      "scenario_id": "ACCOUNT-CREATED-0129",
      "extra_new_account": "tempuser130",
      "extra_new_account_domain": "WS2022-LAB02",
      "extra_new_account_sid": "S-1-5-21-1843355061-959072039-615746888-1893"
    },
    {
      "event_id": 4720,
      "timestamp": "13/06/2026 18:47:22",
      "provider_name": "Microsoft-Windows-Security-Auditing",
      "machine_name": "WS2022-LAB01",
      "message": "A user account was created.",
      "subject_account": "labadmin",
      "subject_domain": "WS2022-LAB01",
      "subject_security_id": "S-1-5-21-1843355061-959072039-615746888-3519",
      "subject_logon_id": "0x4BD76",
      "new_logon_account": null,
      "new_logon_domain": null,
      "new_logon_security_id": null,
      "new_logon_logon_id": null,
      "target_account": null,
      "target_domain": null,
      "target_security_id": null,
      "logon_type": null,
      "elevated_token": null,
      "virtual_account": null,
      "restricted_admin_mode": null,
      "workstation_name": null,
      "source_network_address": null,
      "source_port": null,
      "process_name": "C:\\Windows\\System32\\mmc.exe",
      "failure_reason": null,
      "status": null,
      "substatus": null,
      "logon_process": null,
      "authentication_package": null,
      "privileges": [],
      "scenario_id": "ACCOUNT-CREATED-0130",
      "extra_new_account": "tempuser131",
      "extra_new_account_domain": "WS2022-LAB01",
      "extra_new_account_sid": "S-1-5-21-1843355061-959072039-615746888-4730"
    },
