    {
      "event_id": 4720,
      "timestamp": "13/06/2026 18:47:56",
      "provider_name": "Microsoft-Windows-Security-Auditing",
      "machine_name": "WS2022-LAB02",
      "message": "A user account was created.",
      "subject_account": "opsadmin1",
      "subject_domain": "WS2022-LAB02",
      "subject_security_id": "S-1-5-21-1843355061-959072039-615746888-6375",
      "subject_logon_id": "0xC37FF",
      "new_logon_account": null,
      "new_logon_domain": null,
      "new_logon_security_id": null,
      "new_logon_logon_id": null,
      "target_account": null,
      "target_domain": null,
      "target_security_id": null,
      "logon_type": null,
      "elevated_token": null,
      "virtual_account": null,
      "restricted_admin_mode": null,
      "workstation_name": null,
      "source_network_address": null,
      "source_port": null,
      "process_name": "C:\\Windows\\System32\\mmc.exe",
      "failure_reason": null,
      "status": null,
      "substatus": null,
      "logon_process": null,
      "authentication_package": null,
      "privileges": [],
      "scenario_id": "ACCOUNT-CREATED-0131",
      "extra_new_account": "tempuser132",
      "extra_new_account_domain": "WS2022-LAB02",
      "extra_new_account_sid": "S-1-5-21-1843355061-959072039-615746888-5426"
    },
    {
      "event_id": 4720,
      "timestamp": "13/06/2026 18:48:03",
      "provider_name": "Microsoft-Windows-Security-Auditing",
      "machine_name": "WS2022-LAB02",
      "message": "A user account was created.",
      "subject_account": "opsadmin2",
      "subject_domain": "WS2022-LAB02",
      "subject_security_id": "S-1-5-21-1843355061-959072039-615746888-4357",
      "subject_logon_id": "0x74CBB",
      "new_logon_account": null,
      "new_logon_domain": null,
      "new_logon_security_id": null,
      "new_logon_logon_id": null,
      "target_account": null,
      "target_domain": null,
      "target_security_id": null,
      "logon_type": null,
      "elevated_token": null,
      "virtual_account": null,
      "restricted_admin_mode": null,
      "workstation_name": null,
      "source_network_address": null,
      "source_port": null,
      "process_name": "C:\\Windows\\System32\\mmc.exe",
      "failure_reason": null,
      "status": null,
      "substatus": null,
      "logon_process": null,
      "authentication_package": null,
      "privileges": [],
      "scenario_id": "ACCOUNT-CREATED-0132",
      "extra_new_account": "tempuser133",
      "extra_new_account_domain": "WS2022-LAB02",
      "extra_new_account_sid": "S-1-5-21-1843355061-959072039-615746888-4666"
    },
    {
      "event_id": 4720,
      "timestamp": "13/06/2026 18:48:29",
      "provider_name": "Microsoft-Windows-Security-Auditing",
      "machine_name": "WIN-H96JM6F374S",
      "message": "A user account was created.",
      "subject_account": "opsadmin1",
      "subject_domain": "WIN-H96JM6F374S",
      "subject_security_id": "S-1-5-21-1843355061-959072039-615746888-5081",
      "subject_logon_id": "0x6CA3B",
      "new_logon_account": null,
      "new_logon_domain": null,
      "new_logon_security_id": null,
      "new_logon_logon_id": null,
      "target_account": null,
      "target_domain": null,
      "target_security_id": null,
      "logon_type": null,
      "elevated_token": null,
      "virtual_account": null,
      "restricted_admin_mode": null,
      "workstation_name": null,
      "source_network_address": null,
      "source_port": null,
      "process_name": "C:\\Windows\\System32\\mmc.exe",
      "failure_reason": null,
      "status": null,
      "substatus": null,
      "logon_process": null,
      "authentication_package": null,
      "privileges": [],
      "scenario_id": "ACCOUNT-CREATED-0133",
      "extra_new_account": "tempuser134",
      "extra_new_account_domain": "WIN-H96JM6F374S",
      "extra_new_account_sid": "S-1-5-21-1843355061-959072039-615746888-8297"
    },
    {
      "event_id": 4720,
      "timestamp": "13/06/2026 18:49:07",
      "provider_name": "Microsoft-Windows-Security-Auditing",
      "machine_name": "WS2022-LAB02",
      "message": "A user account was created.",
      "subject_account": "opsadmin1",
      "subject_domain": "WS2022-LAB02",
      "subject_security_id": "S-1-5-21-1843355061-959072039-615746888-8987",
      "subject_logon_id": "0x9F10F",
      "new_logon_account": null,
      "new_logon_domain": null,
      "new_logon_security_id": null,
      "new_logon_logon_id": null,
      "target_account": null,
      "target_domain": null,
      "target_security_id": null,
      "logon_type": null,
      "elevated_token": null,
      "virtual_account": null,
      "restricted_admin_mode": null,
      "workstation_name": null,
      "source_network_address": null,
      "source_port": null,
      "process_name": "C:\\Windows\\System32\\mmc.exe",
      "failure_reason": null,
      "status": null,
      "substatus": null,
      "logon_process": null,
      "authentication_package": null,
      "privileges": [],
      "scenario_id": "ACCOUNT-CREATED-0134",
      "extra_new_account": "tempuser135",
      "extra_new_account_domain": "WS2022-LAB02",
      "extra_new_account_sid": "S-1-5-21-1843355061-959072039-615746888-9364"
    },
    {
      "event_id": 4720,
      "timestamp": "13/06/2026 18:49:30",
      "provider_name": "Microsoft-Windows-Security-Auditing",
      "machine_name": "WS2022-LAB01",
      "message": "A user account was created.",
      "subject_account": "opsadmin2",
      "subject_domain": "WS2022-LAB01",
      "subject_security_id": "S-1-5-21-1843355061-959072039-615746888-7089",
      "subject_logon_id": "0x5565B",
      "new_logon_account": null,
      "new_logon_domain": null,
      "new_logon_security_id": null,
      "new_logon_logon_id": null,
      "target_account": null,
      "target_domain": null,
      "target_security_id": null,
      "logon_type": null,
      "elevated_token": null,
      "virtual_account": null,
      "restricted_admin_mode": null,
      "workstation_name": null,
      "source_network_address": null,
      "source_port": null,
      "process_name": "C:\\Windows\\System32\\mmc.exe",
      "failure_reason": null,
      "status": null,
      "substatus": null,
      "logon_process": null,
      "authentication_package": null,
      "privileges": [],
      "scenario_id": "ACCOUNT-CREATED-0135",
      "extra_new_account": "tempuser136",
      "extra_new_account_domain": "WS2022-LAB01",
      "extra_new_account_sid": "S-1-5-21-1843355061-959072039-615746888-6625"
    },
    {
      "event_id": 4720,
      "timestamp": "13/06/2026 18:49:56",
      "provider_name": "Microsoft-Windows-Security-Auditing",
      "machine_name": "WS2022-LAB02",
      "message": "A user account was created.",
      "subject_account": "opsadmin3",
      "subject_domain": "WS2022-LAB02",
      "subject_security_id": "S-1-5-21-1843355061-959072039-615746888-5352",
      "subject_logon_id": "0x90B7B",
      "new_logon_account": null,
      "new_logon_domain": null,
      "new_logon_security_id": null,
      "new_logon_logon_id": null,
      "target_account": null,
      "target_domain": null,
      "target_security_id": null,
      "logon_type": null,
      "elevated_token": null,
      "virtual_account": null,
      "restricted_admin_mode": null,
      "workstation_name": null,
      "source_network_address": null,
      "source_port": null,
      "process_name": "C:\\Windows\\System32\\mmc.exe",
      "failure_reason": null,
      "status": null,
      "substatus": null,
      "logon_process": null,
      "authentication_package": null,
      "privileges": [],
      "scenario_id": "ACCOUNT-CREATED-0136",
      "extra_new_account": "tempuser137",
      "extra_new_account_domain": "WS2022-LAB02",
      "extra_new_account_sid": "S-1-5-21-1843355061-959072039-615746888-1727"
    },
    {
      "event_id": 4720,
      "timestamp": "13/06/2026 18:50:07",
      "provider_name": "Microsoft-Windows-Security-Auditing",
      "machine_name": "WIN-H96JM6F374S",
      "message": "A user account was created.",
      "subject_account": "labadmin",
      "subject_domain": "WIN-H96JM6F374S",
      "subject_security_id": "S-1-5-21-1843355061-959072039-615746888-4750",
      "subject_logon_id": "0x71A94",
      "new_logon_account": null,
      "new_logon_domain": null,
      "new_logon_security_id": null,
      "new_logon_logon_id": null,
      "target_account": null,
      "target_domain": null,
      "target_security_id": null,
      "logon_type": null,
      "elevated_token": null,
      "virtual_account": null,
      "restricted_admin_mode": null,
      "workstation_name": null,
      "source_network_address": null,
      "source_port": null,
      "process_name": "C:\\Windows\\System32\\mmc.exe",
      "failure_reason": null,
      "status": null,
      "substatus": null,
      "logon_process": null,
      "authentication_package": null,
      "privileges": [],
      "scenario_id": "ACCOUNT-CREATED-0137",
      "extra_new_account": "tempuser138",
      "extra_new_account_domain": "WIN-H96JM6F374S",
      "extra_new_account_sid": "S-1-5-21-1843355061-959072039-615746888-3521"
    },
    {
      "event_id": 4720,
      "timestamp": "13/06/2026 18:50:50",
      "provider_name": "Microsoft-Windows-Security-Auditing",
      "machine_name": "WIN-H96JM6F374S",
      "message": "A user account was created.",
      "subject_account": "opsadmin1",
      "subject_domain": "WIN-H96JM6F374S",
      "subject_security_id": "S-1-5-21-1843355061-959072039-615746888-6548",
      "subject_logon_id": "0x7DCDE",
      "new_logon_account": null,
      "new_logon_domain": null,
      "new_logon_security_id": null,
      "new_logon_logon_id": null,
      "target_account": null,
      "target_domain": null,
      "target_security_id": null,
      "logon_type": null,
      "elevated_token": null,
      "virtual_account": null,
      "restricted_admin_mode": null,
      "workstation_name": null,
      "source_network_address": null,
      "source_port": null,
      "process_name": "C:\\Windows\\System32\\mmc.exe",
      "failure_reason": null,
      "status": null,
      "substatus": null,
      "logon_process": null,
      "authentication_package": null,
      "privileges": [],
      "scenario_id": "ACCOUNT-CREATED-0138",
      "extra_new_account": "tempuser139",
      "extra_new_account_domain": "WIN-H96JM6F374S",
      "extra_new_account_sid": "S-1-5-21-1843355061-959072039-615746888-7311"
    },
    {
      "event_id": 4720,
      "timestamp": "13/06/2026 18:51:06",
      "provider_name": "Microsoft-Windows-Security-Auditing",
      "machine_name": "WIN-H96JM6F374S",
      "message": "A user account was created.",
      "subject_account": "opsadmin1",
      "subject_domain": "WIN-H96JM6F374S",
      "subject_security_id": "S-1-5-21-1843355061-959072039-615746888-6283",
      "subject_logon_id": "0xE4354",
      "new_logon_account": null,
      "new_logon_domain": null,
      "new_logon_security_id": null,
      "new_logon_logon_id": null,
      "target_account": null,
      "target_domain": null,
      "target_security_id": null,
      "logon_type": null,
      "elevated_token": null,
      "virtual_account": null,
      "restricted_admin_mode": null,
      "workstation_name": null,
      "source_network_address": null,
      "source_port": null,
      "process_name": "C:\\Windows\\System32\\mmc.exe",
      "failure_reason": null,
      "status": null,
      "substatus": null,
      "logon_process": null,
      "authentication_package": null,
      "privileges": [],
      "scenario_id": "ACCOUNT-CREATED-0139",
      "extra_new_account": "tempuser140",
      "extra_new_account_domain": "WIN-H96JM6F374S",
      "extra_new_account_sid": "S-1-5-21-1843355061-959072039-615746888-8243"
    },
    {
      "event_id": 4720,
      "timestamp": "13/06/2026 18:51:43",
      "provider_name": "Microsoft-Windows-Security-Auditing",
      "machine_name": "WS2022-LAB02",
      "message": "A user account was created.",
      "subject_account": "labadmin",
      "subject_domain": "WS2022-LAB02",
      "subject_security_id": "S-1-5-21-1843355061-959072039-615746888-2421",
      "subject_logon_id": "0x5DA5B",
      "new_logon_account": null,
      "new_logon_domain": null,
      "new_logon_security_id": null,
      "new_logon_logon_id": null,
      "target_account": null,
      "target_domain": null,
      "target_security_id": null,
      "logon_type": null,
      "elevated_token": null,
      "virtual_account": null,
      "restricted_admin_mode": null,
      "workstation_name": null,
      "source_network_address": null,
      "source_port": null,
      "process_name": "C:\\Windows\\System32\\mmc.exe",
      "failure_reason": null,
      "status": null,
      "substatus": null,
      "logon_process": null,
      "authentication_package": null,
      "privileges": [],
      "scenario_id": "ACCOUNT-CREATED-0140",
      "extra_new_account": "tempuser141",
      "extra_new_account_domain": "WS2022-LAB02",
      "extra_new_account_sid": "S-1-5-21-1843355061-959072039-615746888-9779"
    },
    {
      "event_id": 4720,
      "timestamp": "13/06/2026 18:51:57",
      "provider_name": "Microsoft-Windows-Security-Auditing",
      "machine_name": "WS2022-LAB02",
      "message": "A user account was created.",
      "subject_account": "opsadmin2",
      "subject_domain": "WS2022-LAB02",
      "subject_security_id": "S-1-5-21-1843355061-959072039-615746888-3056",
      "subject_logon_id": "0xEA839",
      "new_logon_account": null,
      "new_logon_domain": null,
      "new_logon_security_id": null,
      "new_logon_logon_id": null,
      "target_account": null,
      "target_domain": null,
      "target_security_id": null,
      "logon_type": null,
      "elevated_token": null,
      "virtual_account": null,
      "restricted_admin_mode": null,
      "workstation_name": null,
      "source_network_address": null,
      "source_port": null,
      "process_name": "C:\\Windows\\System32\\mmc.exe",
      "failure_reason": null,
      "status": null,
      "substatus": null,
      "logon_process": null,
      "authentication_package": null,
      "privileges": [],
      "scenario_id": "ACCOUNT-CREATED-0141",
      "extra_new_account": "tempuser142",
      "extra_new_account_domain": "WS2022-LAB02",
      "extra_new_account_sid": "S-1-5-21-1843355061-959072039-615746888-6567"
    },
    {
      "event_id": 4720,
      "timestamp": "13/06/2026 18:52:30",
      "provider_name": "Microsoft-Windows-Security-Auditing",
      "machine_name": "WS2022-LAB02",
      "message": "A user account was created.",
      "subject_account": "labadmin",
      "subject_domain": "WS2022-LAB02",
      "subject_security_id": "S-1-5-21-1843355061-959072039-615746888-3562",
      "subject_logon_id": "0xAE97B",
      "new_logon_account": null,
      "new_logon_domain": null,
      "new_logon_security_id": null,
      "new_logon_logon_id": null,
      "target_account": null,
      "target_domain": null,
      "target_security_id": null,
      "logon_type": null,
      "elevated_token": null,
      "virtual_account": null,
      "restricted_admin_mode": null,
      "workstation_name": null,
      "source_network_address": null,
      "source_port": null,
      "process_name": "C:\\Windows\\System32\\mmc.exe",
      "failure_reason": null,
      "status": null,
      "substatus": null,
      "logon_process": null,
      "authentication_package": null,
      "privileges": [],
      "scenario_id": "ACCOUNT-CREATED-0142",
      "extra_new_account": "tempuser143",
      "extra_new_account_domain": "WS2022-LAB02",
      "extra_new_account_sid": "S-1-5-21-1843355061-959072039-615746888-3107"
    },
    {
      "event_id": 4720,
      "timestamp": "13/06/2026 18:52:53",
      "provider_name": "Microsoft-Windows-Security-Auditing",
      "machine_name": "WIN-H96JM6F374S",
      "message": "A user account was created.",
      "subject_account": "opsadmin1",
      "subject_domain": "WIN-H96JM6F374S",
      "subject_security_id": "S-1-5-21-1843355061-959072039-615746888-3682",
      "subject_logon_id": "0x3B7AE",
      "new_logon_account": null,
      "new_logon_domain": null,
      "new_logon_security_id": null,
      "new_logon_logon_id": null,
      "target_account": null,
      "target_domain": null,
      "target_security_id": null,
      "logon_type": null,
      "elevated_token": null,
      "virtual_account": null,
      "restricted_admin_mode": null,
      "workstation_name": null,
      "source_network_address": null,
      "source_port": null,
      "process_name": "C:\\Windows\\System32\\mmc.exe",
      "failure_reason": null,
      "status": null,
      "substatus": null,
      "logon_process": null,
      "authentication_package": null,
      "privileges": [],
      "scenario_id": "ACCOUNT-CREATED-0143",
      "extra_new_account": "tempuser144",
      "extra_new_account_domain": "WIN-H96JM6F374S",
      "extra_new_account_sid": "S-1-5-21-1843355061-959072039-615746888-4179"
    },
    {
      "event_id": 4720,
      "timestamp": "13/06/2026 18:53:38",
      "provider_name": "Microsoft-Windows-Security-Auditing",
      "machine_name": "WIN-H96JM6F374S",
      "message": "A user account was created.",
      "subject_account": "labadmin",
      "subject_domain": "WIN-H96JM6F374S",
      "subject_security_id": "S-1-5-21-1843355061-959072039-615746888-7273",
      "subject_logon_id": "0x95276",
      "new_logon_account": null,
      "new_logon_domain": null,
      "new_logon_security_id": null,
      "new_logon_logon_id": null,
      "target_account": null,
      "target_domain": null,
      "target_security_id": null,
      "logon_type": null,
      "elevated_token": null,
      "virtual_account": null,
      "restricted_admin_mode": null,
      "workstation_name": null,
      "source_network_address": null,
      "source_port": null,
      "process_name": "C:\\Windows\\System32\\mmc.exe",
      "failure_reason": null,
      "status": null,
      "substatus": null,
      "logon_process": null,
      "authentication_package": null,
      "privileges": [],
      "scenario_id": "ACCOUNT-CREATED-0144",
      "extra_new_account": "tempuser145",
      "extra_new_account_domain": "WIN-H96JM6F374S",
      "extra_new_account_sid": "S-1-5-21-1843355061-959072039-615746888-3639"
    },
    {
      "event_id": 4720,
      "timestamp": "13/06/2026 18:54:00",
      "provider_name": "Microsoft-Windows-Security-Auditing",
      "machine_name": "WIN-H96JM6F374S",
      "message": "A user account was created.",
      "subject_account": "opsadmin1",
      "subject_domain": "WIN-H96JM6F374S",
      "subject_security_id": "S-1-5-21-1843355061-959072039-615746888-2290",
      "subject_logon_id": "0x53303",
      "new_logon_account": null,
      "new_logon_domain": null,
      "new_logon_security_id": null,
      "new_logon_logon_id": null,
      "target_account": null,
      "target_domain": null,
      "target_security_id": null,
      "logon_type": null,
      "elevated_token": null,
      "virtual_account": null,
      "restricted_admin_mode": null,
      "workstation_name": null,
      "source_network_address": null,
      "source_port": null,
      "process_name": "C:\\Windows\\System32\\mmc.exe",
      "failure_reason": null,
      "status": null,
      "substatus": null,
      "logon_process": null,
      "authentication_package": null,
      "privileges": [],
      "scenario_id": "ACCOUNT-CREATED-0145",
      "extra_new_account": "tempuser146",
      "extra_new_account_domain": "WIN-H96JM6F374S",
      "extra_new_account_sid": "S-1-5-21-1843355061-959072039-615746888-3722"
    },
    {
      "event_id": 4720,
      "timestamp": "13/06/2026 18:54:41",
      "provider_name": "Microsoft-Windows-Security-Auditing",
      "machine_name": "WS2022-LAB01",
      "message": "A user account was created.",
      "subject_account": "labadmin",
      "subject_domain": "WS2022-LAB01",
      "subject_security_id": "S-1-5-21-1843355061-959072039-615746888-4360",
      "subject_logon_id": "0x2D975",
      "new_logon_account": null,
      "new_logon_domain": null,
      "new_logon_security_id": null,
      "new_logon_logon_id": null,
      "target_account": null,
      "target_domain": null,
      "target_security_id": null,
      "logon_type": null,
      "elevated_token": null,
      "virtual_account": null,
      "restricted_admin_mode": null,
      "workstation_name": null,
      "source_network_address": null,
      "source_port": null,
      "process_name": "C:\\Windows\\System32\\mmc.exe",
      "failure_reason": null,
      "status": null,
      "substatus": null,
      "logon_process": null,
      "authentication_package": null,
      "privileges": [],
      "scenario_id": "ACCOUNT-CREATED-0146",
      "extra_new_account": "tempuser147",
      "extra_new_account_domain": "WS2022-LAB01",
      "extra_new_account_sid": "S-1-5-21-1843355061-959072039-615746888-9119"
    },
    {
      "event_id": 4720,
      "timestamp": "13/06/2026 18:54:57",
      "provider_name": "Microsoft-Windows-Security-Auditing",
      "machine_name": "WS2022-LAB02",
      "message": "A user account was created.",
      "subject_account": "opsadmin1",
      "subject_domain": "WS2022-LAB02",
      "subject_security_id": "S-1-5-21-1843355061-959072039-615746888-9932",
      "subject_logon_id": "0x53494",
      "new_logon_account": null,
      "new_logon_domain": null,
      "new_logon_security_id": null,
      "new_logon_logon_id": null,
      "target_account": null,
      "target_domain": null,
      "target_security_id": null,
      "logon_type": null,
      "elevated_token": null,
      "virtual_account": null,
      "restricted_admin_mode": null,
      "workstation_name": null,
      "source_network_address": null,
      "source_port": null,
      "process_name": "C:\\Windows\\System32\\mmc.exe",
      "failure_reason": null,
      "status": null,
      "substatus": null,
      "logon_process": null,
      "authentication_package": null,
      "privileges": [],
      "scenario_id": "ACCOUNT-CREATED-0147",
      "extra_new_account": "tempuser148",
      "extra_new_account_domain": "WS2022-LAB02",
      "extra_new_account_sid": "S-1-5-21-1843355061-959072039-615746888-9914"
    },
    {
      "event_id": 4720,
      "timestamp": "13/06/2026 18:55:42",
      "provider_name": "Microsoft-Windows-Security-Auditing",
      "machine_name": "WS2022-LAB01",
      "message": "A user account was created.",
      "subject_account": "opsadmin1",
      "subject_domain": "WS2022-LAB01",
      "subject_security_id": "S-1-5-21-1843355061-959072039-615746888-7482",
      "subject_logon_id": "0x95954",
      "new_logon_account": null,
      "new_logon_domain": null,
      "new_logon_security_id": null,
      "new_logon_logon_id": null,
      "target_account": null,
      "target_domain": null,
      "target_security_id": null,
      "logon_type": null,
      "elevated_token": null,
      "virtual_account": null,
      "restricted_admin_mode": null,
      "workstation_name": null,
      "source_network_address": null,
      "source_port": null,
      "process_name": "C:\\Windows\\System32\\mmc.exe",
      "failure_reason": null,
      "status": null,
      "substatus": null,
      "logon_process": null,
      "authentication_package": null,
      "privileges": [],
      "scenario_id": "ACCOUNT-CREATED-0148",
      "extra_new_account": "tempuser149",
      "extra_new_account_domain": "WS2022-LAB01",
      "extra_new_account_sid": "S-1-5-21-1843355061-959072039-615746888-5944"
    },
    {
      "event_id": 4720,
      "timestamp": "13/06/2026 18:55:56",
      "provider_name": "Microsoft-Windows-Security-Auditing",
      "machine_name": "WS2022-LAB02",
      "message": "A user account was created.",
      "subject_account": "opsadmin2",
      "subject_domain": "WS2022-LAB02",
      "subject_security_id": "S-1-5-21-1843355061-959072039-615746888-5062",
      "subject_logon_id": "0xDE684",
      "new_logon_account": null,
      "new_logon_domain": null,
      "new_logon_security_id": null,
      "new_logon_logon_id": null,
      "target_account": null,
      "target_domain": null,
      "target_security_id": null,
      "logon_type": null,
      "elevated_token": null,
      "virtual_account": null,
      "restricted_admin_mode": null,
      "workstation_name": null,
      "source_network_address": null,
      "source_port": null,
      "process_name": "C:\\Windows\\System32\\mmc.exe",
      "failure_reason": null,
      "status": null,
      "substatus": null,
      "logon_process": null,
      "authentication_package": null,
      "privileges": [],
      "scenario_id": "ACCOUNT-CREATED-0149",
      "extra_new_account": "tempuser150",
      "extra_new_account_domain": "WS2022-LAB02",
      "extra_new_account_sid": "S-1-5-21-1843355061-959072039-615746888-4637"
    },
    {
      "event_id": 4720,
      "timestamp": "13/06/2026 18:56:23",
      "provider_name": "Microsoft-Windows-Security-Auditing",
      "machine_name": "WIN-H96JM6F374S",
      "message": "A user account was created.",
      "subject_account": "opsadmin1",
      "subject_domain": "WIN-H96JM6F374S",
      "subject_security_id": "S-1-5-21-1843355061-959072039-615746888-5957",
      "subject_logon_id": "0x70D46",
      "new_logon_account": null,
      "new_logon_domain": null,
      "new_logon_security_id": null,
      "new_logon_logon_id": null,
      "target_account": null,
      "target_domain": null,
      "target_security_id": null,
      "logon_type": null,
      "elevated_token": null,
      "virtual_account": null,
      "restricted_admin_mode": null,
      "workstation_name": null,
      "source_network_address": null,
      "source_port": null,
      "process_name": "C:\\Windows\\System32\\mmc.exe",
      "failure_reason": null,
      "status": null,
      "substatus": null,
      "logon_process": null,
      "authentication_package": null,
      "privileges": [],
      "scenario_id": "ACCOUNT-CREATED-0150",
      "extra_new_account": "tempuser151",
      "extra_new_account_domain": "WIN-H96JM6F374S",
      "extra_new_account_sid": "S-1-5-21-1843355061-959072039-615746888-5970"
    },
    {
      "event_id": 4720,
      "timestamp": "13/06/2026 18:56:50",
      "provider_name": "Microsoft-Windows-Security-Auditing",
      "machine_name": "WS2022-LAB01",
      "message": "A user account was created.",
      "subject_account": "labadmin",
      "subject_domain": "WS2022-LAB01",
      "subject_security_id": "S-1-5-21-1843355061-959072039-615746888-1186",
      "subject_logon_id": "0x517A3",
      "new_logon_account": null,
      "new_logon_domain": null,
      "new_logon_security_id": null,
      "new_logon_logon_id": null,
      "target_account": null,
      "target_domain": null,
      "target_security_id": null,
      "logon_type": null,
      "elevated_token": null,
      "virtual_account": null,
      "restricted_admin_mode": null,
      "workstation_name": null,
      "source_network_address": null,
      "source_port": null,
      "process_name": "C:\\Windows\\System32\\mmc.exe",
      "failure_reason": null,
      "status": null,
      "substatus": null,
      "logon_process": null,
      "authentication_package": null,
      "privileges": [],
      "scenario_id": "ACCOUNT-CREATED-0151",
      "extra_new_account": "tempuser152",
      "extra_new_account_domain": "WS2022-LAB01",
      "extra_new_account_sid": "S-1-5-21-1843355061-959072039-615746888-5746"
    },
    {
      "event_id": 4720,
      "timestamp": "13/06/2026 18:57:07",
      "provider_name": "Microsoft-Windows-Security-Auditing",
      "machine_name": "WS2022-LAB01",
      "message": "A user account was created.",
      "subject_account": "opsadmin1",
      "subject_domain": "WS2022-LAB01",
      "subject_security_id": "S-1-5-21-1843355061-959072039-615746888-8311",
      "subject_logon_id": "0x37F49",
      "new_logon_account": null,
      "new_logon_domain": null,
      "new_logon_security_id": null,
      "new_logon_logon_id": null,
      "target_account": null,
      "target_domain": null,
      "target_security_id": null,
      "logon_type": null,
      "elevated_token": null,
      "virtual_account": null,
      "restricted_admin_mode": null,
      "workstation_name": null,
      "source_network_address": null,
      "source_port": null,
      "process_name": "C:\\Windows\\System32\\mmc.exe",
      "failure_reason": null,
      "status": null,
      "substatus": null,
      "logon_process": null,
      "authentication_package": null,
      "privileges": [],
      "scenario_id": "ACCOUNT-CREATED-0152",
      "extra_new_account": "tempuser153",
      "extra_new_account_domain": "WS2022-LAB01",
      "extra_new_account_sid": "S-1-5-21-1843355061-959072039-615746888-1643"
    },
    {
      "event_id": 4720,
      "timestamp": "13/06/2026 18:57:23",
      "provider_name": "Microsoft-Windows-Security-Auditing",
      "machine_name": "WS2022-LAB01",
      "message": "A user account was created.",
      "subject_account": "labadmin",
      "subject_domain": "WS2022-LAB01",
      "subject_security_id": "S-1-5-21-1843355061-959072039-615746888-2758",
      "subject_logon_id": "0x665E7",
      "new_logon_account": null,
      "new_logon_domain": null,
      "new_logon_security_id": null,
      "new_logon_logon_id": null,
      "target_account": null,
      "target_domain": null,
      "target_security_id": null,
      "logon_type": null,
      "elevated_token": null,
      "virtual_account": null,
      "restricted_admin_mode": null,
      "workstation_name": null,
      "source_network_address": null,
      "source_port": null,
      "process_name": "C:\\Windows\\System32\\mmc.exe",
      "failure_reason": null,
      "status": null,
      "substatus": null,
      "logon_process": null,
      "authentication_package": null,
      "privileges": [],
      "scenario_id": "ACCOUNT-CREATED-0153",
      "extra_new_account": "tempuser154",
      "extra_new_account_domain": "WS2022-LAB01",
      "extra_new_account_sid": "S-1-5-21-1843355061-959072039-615746888-6090"
    },
    {
      "event_id": 4720,
      "timestamp": "13/06/2026 18:57:36",
      "provider_name": "Microsoft-Windows-Security-Auditing",
      "machine_name": "WS2022-LAB01",
      "message": "A user account was created.",
      "subject_account": "labadmin",
      "subject_domain": "WS2022-LAB01",
      "subject_security_id": "S-1-5-21-1843355061-959072039-615746888-2582",
      "subject_logon_id": "0xE738A",
      "new_logon_account": null,
      "new_logon_domain": null,
      "new_logon_security_id": null,
      "new_logon_logon_id": null,
      "target_account": null,
      "target_domain": null,
      "target_security_id": null,
      "logon_type": null,
      "elevated_token": null,
      "virtual_account": null,
      "restricted_admin_mode": null,
      "workstation_name": null,
      "source_network_address": null,
      "source_port": null,
      "process_name": "C:\\Windows\\System32\\mmc.exe",
      "failure_reason": null,
      "status": null,
      "substatus": null,
      "logon_process": null,
      "authentication_package": null,
      "privileges": [],
      "scenario_id": "ACCOUNT-CREATED-0154",
      "extra_new_account": "tempuser155",
      "extra_new_account_domain": "WS2022-LAB01",
      "extra_new_account_sid": "S-1-5-21-1843355061-959072039-615746888-1000"
    },
    {
      "event_id": 4720,
      "timestamp": "13/06/2026 18:58:13",
      "provider_name": "Microsoft-Windows-Security-Auditing",
      "machine_name": "WIN-H96JM6F374S",
      "message": "A user account was created.",
      "subject_account": "opsadmin1",
      "subject_domain": "WIN-H96JM6F374S",
      "subject_security_id": "S-1-5-21-1843355061-959072039-615746888-2149",
      "subject_logon_id": "0x7E1C3",
      "new_logon_account": null,
      "new_logon_domain": null,
      "new_logon_security_id": null,
      "new_logon_logon_id": null,
      "target_account": null,
      "target_domain": null,
      "target_security_id": null,
      "logon_type": null,
      "elevated_token": null,
      "virtual_account": null,
      "restricted_admin_mode": null,
      "workstation_name": null,
      "source_network_address": null,
      "source_port": null,
      "process_name": "C:\\Windows\\System32\\mmc.exe",
      "failure_reason": null,
      "status": null,
      "substatus": null,
      "logon_process": null,
      "authentication_package": null,
      "privileges": [],
      "scenario_id": "ACCOUNT-CREATED-0155",
      "extra_new_account": "tempuser156",
      "extra_new_account_domain": "WIN-H96JM6F374S",
      "extra_new_account_sid": "S-1-5-21-1843355061-959072039-615746888-1099"
    },
    {
      "event_id": 4720,
      "timestamp": "13/06/2026 18:58:30",
      "provider_name": "Microsoft-Windows-Security-Auditing",
      "machine_name": "WIN-H96JM6F374S",
      "message": "A user account was created.",
      "subject_account": "labadmin",
      "subject_domain": "WIN-H96JM6F374S",
      "subject_security_id": "S-1-5-21-1843355061-959072039-615746888-7593",
      "subject_logon_id": "0x2D395",
      "new_logon_account": null,
      "new_logon_domain": null,
      "new_logon_security_id": null,
      "new_logon_logon_id": null,
      "target_account": null,
      "target_domain": null,
      "target_security_id": null,
      "logon_type": null,
      "elevated_token": null,
      "virtual_account": null,
      "restricted_admin_mode": null,
      "workstation_name": null,
      "source_network_address": null,
      "source_port": null,
      "process_name": "C:\\Windows\\System32\\mmc.exe",
      "failure_reason": null,
      "status": null,
      "substatus": null,
      "logon_process": null,
      "authentication_package": null,
      "privileges": [],
      "scenario_id": "ACCOUNT-CREATED-0156",
      "extra_new_account": "tempuser157",
      "extra_new_account_domain": "WIN-H96JM6F374S",
      "extra_new_account_sid": "S-1-5-21-1843355061-959072039-615746888-9889"
    },
    {
      "event_id": 4720,
      "timestamp": "13/06/2026 18:59:04",
      "provider_name": "Microsoft-Windows-Security-Auditing",
      "machine_name": "WS2022-LAB01",
      "message": "A user account was created.",
      "subject_account": "opsadmin2",
      "subject_domain": "WS2022-LAB01",
      "subject_security_id": "S-1-5-21-1843355061-959072039-615746888-9800",
      "subject_logon_id": "0xB1980",
      "new_logon_account": null,
      "new_logon_domain": null,
      "new_logon_security_id": null,
      "new_logon_logon_id": null,
      "target_account": null,
      "target_domain": null,
      "target_security_id": null,
      "logon_type": null,
      "elevated_token": null,
      "virtual_account": null,
      "restricted_admin_mode": null,
      "workstation_name": null,
      "source_network_address": null,
      "source_port": null,
      "process_name": "C:\\Windows\\System32\\mmc.exe",
      "failure_reason": null,
      "status": null,
      "substatus": null,
      "logon_process": null,
      "authentication_package": null,
      "privileges": [],
      "scenario_id": "ACCOUNT-CREATED-0157",
      "extra_new_account": "tempuser158",
      "extra_new_account_domain": "WS2022-LAB01",
      "extra_new_account_sid": "S-1-5-21-1843355061-959072039-615746888-5211"
    },
    {
      "event_id": 4720,
      "timestamp": "13/06/2026 18:59:44",
      "provider_name": "Microsoft-Windows-Security-Auditing",
      "machine_name": "WS2022-LAB01",
      "message": "A user account was created.",
      "subject_account": "opsadmin3",
      "subject_domain": "WS2022-LAB01",
      "subject_security_id": "S-1-5-21-1843355061-959072039-615746888-9997",
      "subject_logon_id": "0xBF680",
      "new_logon_account": null,
      "new_logon_domain": null,
      "new_logon_security_id": null,
      "new_logon_logon_id": null,
      "target_account": null,
      "target_domain": null,
      "target_security_id": null,
      "logon_type": null,
      "elevated_token": null,
      "virtual_account": null,
      "restricted_admin_mode": null,
      "workstation_name": null,
      "source_network_address": null,
      "source_port": null,
      "process_name": "C:\\Windows\\System32\\mmc.exe",
      "failure_reason": null,
      "status": null,
      "substatus": null,
      "logon_process": null,
      "authentication_package": null,
      "privileges": [],
      "scenario_id": "ACCOUNT-CREATED-0158",
      "extra_new_account": "tempuser159",
      "extra_new_account_domain": "WS2022-LAB01",
      "extra_new_account_sid": "S-1-5-21-1843355061-959072039-615746888-2619"
    },
    {
      "event_id": 4720,
      "timestamp": "13/06/2026 19:00:21",
      "provider_name": "Microsoft-Windows-Security-Auditing",
      "machine_name": "WS2022-LAB01",
      "message": "A user account was created.",
      "subject_account": "labadmin",
      "subject_domain": "WS2022-LAB01",
      "subject_security_id": "S-1-5-21-1843355061-959072039-615746888-6996",
      "subject_logon_id": "0x45FD3",
      "new_logon_account": null,
      "new_logon_domain": null,
      "new_logon_security_id": null,
      "new_logon_logon_id": null,
      "target_account": null,
      "target_domain": null,
      "target_security_id": null,
      "logon_type": null,
      "elevated_token": null,
      "virtual_account": null,
      "restricted_admin_mode": null,
      "workstation_name": null,
      "source_network_address": null,
      "source_port": null,
      "process_name": "C:\\Windows\\System32\\mmc.exe",
      "failure_reason": null,
      "status": null,
      "substatus": null,
      "logon_process": null,
      "authentication_package": null,
      "privileges": [],
      "scenario_id": "ACCOUNT-CREATED-0159",
      "extra_new_account": "tempuser160",
      "extra_new_account_domain": "WS2022-LAB01",
      "extra_new_account_sid": "S-1-5-21-1843355061-959072039-615746888-7369"
    },
    {
      "event_id": 4726,
      "timestamp": "13/06/2026 19:00:57",
      "provider_name": "Microsoft-Windows-Security-Auditing",
      "machine_name": "WIN-H96JM6F374S",
      "message": "A user account was deleted.",
      "subject_account": "opsadmin1",
      "subject_domain": "WIN-H96JM6F374S",
      "subject_security_id": "S-1-5-21-1843355061-959072039-615746888-5246",
      "subject_logon_id": "0xC94A0",
      "new_logon_account": null,
      "new_logon_domain": null,
      "new_logon_security_id": null,
      "new_logon_logon_id": null,
      "target_account": null,
      "target_domain": null,
      "target_security_id": null,
      "logon_type": null,
      "elevated_token": null,
      "virtual_account": null,
      "restricted_admin_mode": null,
      "workstation_name": null,
      "source_network_address": null,
      "source_port": null,
      "process_name": "C:\\Windows\\System32\\mmc.exe",
      "failure_reason": null,
      "status": null,
      "substatus": null,
      "logon_process": null,
      "authentication_package": null,
      "privileges": [],
      "scenario_id": "ACCOUNT-DELETED-0000",
      "extra_deleted_account": "tempuser173",
      "extra_deleted_account_domain": "WIN-H96JM6F374S",
      "extra_deleted_account_sid": "S-1-5-21-1843355061-959072039-615746888-6763"
    },
    {
      "event_id": 4726,
      "timestamp": "13/06/2026 19:01:21",
      "provider_name": "Microsoft-Windows-Security-Auditing",
      "machine_name": "WS2022-LAB01",
      "message": "A user account was deleted.",
      "subject_account": "opsadmin3",
      "subject_domain": "WS2022-LAB01",
      "subject_security_id": "S-1-5-21-1843355061-959072039-615746888-9991",
      "subject_logon_id": "0x8C87C",
      "new_logon_account": null,
      "new_logon_domain": null,
      "new_logon_security_id": null,
      "new_logon_logon_id": null,
      "target_account": null,
      "target_domain": null,
      "target_security_id": null,
      "logon_type": null,
      "elevated_token": null,
      "virtual_account": null,
      "restricted_admin_mode": null,
      "workstation_name": null,
      "source_network_address": null,
      "source_port": null,
      "process_name": "C:\\Windows\\System32\\mmc.exe",
      "failure_reason": null,
      "status": null,
      "substatus": null,
      "logon_process": null,
      "authentication_package": null,
      "privileges": [],
      "scenario_id": "ACCOUNT-DELETED-0001",
      "extra_deleted_account": "tempuser206",
      "extra_deleted_account_domain": "WS2022-LAB01",
      "extra_deleted_account_sid": "S-1-5-21-1843355061-959072039-615746888-1043"
    },
    {
      "event_id": 4726,
      "timestamp": "13/06/2026 19:01:32",
      "provider_name": "Microsoft-Windows-Security-Auditing",
      "machine_name": "WS2022-LAB02",
      "message": "A user account was deleted.",
      "subject_account": "labadmin",
      "subject_domain": "WS2022-LAB02",
      "subject_security_id": "S-1-5-21-1843355061-959072039-615746888-6535",
      "subject_logon_id": "0x7FE9A",
      "new_logon_account": null,
      "new_logon_domain": null,
      "new_logon_security_id": null,
      "new_logon_logon_id": null,
      "target_account": null,
      "target_domain": null,
      "target_security_id": null,
      "logon_type": null,
      "elevated_token": null,
      "virtual_account": null,
      "restricted_admin_mode": null,
      "workstation_name": null,
      "source_network_address": null,
      "source_port": null,
      "process_name": "C:\\Windows\\System32\\mmc.exe",
      "failure_reason": null,
      "status": null,
      "substatus": null,
      "logon_process": null,
      "authentication_package": null,
      "privileges": [],
      "scenario_id": "ACCOUNT-DELETED-0002",
      "extra_deleted_account": "tempuser359",
      "extra_deleted_account_domain": "WS2022-LAB02",
      "extra_deleted_account_sid": "S-1-5-21-1843355061-959072039-615746888-9468"
    },
    {
      "event_id": 4726,
      "timestamp": "13/06/2026 19:01:54",
      "provider_name": "Microsoft-Windows-Security-Auditing",
      "machine_name": "WS2022-LAB02",
      "message": "A user account was deleted.",
      "subject_account": "opsadmin3",
      "subject_domain": "WS2022-LAB02",
      "subject_security_id": "S-1-5-21-1843355061-959072039-615746888-8594",
      "subject_logon_id": "0xC845F",
      "new_logon_account": null,
      "new_logon_domain": null,
      "new_logon_security_id": null,
      "new_logon_logon_id": null,
      "target_account": null,
      "target_domain": null,
      "target_security_id": null,
      "logon_type": null,
      "elevated_token": null,
      "virtual_account": null,
      "restricted_admin_mode": null,
      "workstation_name": null,
      "source_network_address": null,
      "source_port": null,
      "process_name": "C:\\Windows\\System32\\mmc.exe",
      "failure_reason": null,
      "status": null,
      "substatus": null,
      "logon_process": null,
      "authentication_package": null,
      "privileges": [],
      "scenario_id": "ACCOUNT-DELETED-0003",
      "extra_deleted_account": "tempuser172",
      "extra_deleted_account_domain": "WS2022-LAB02",
      "extra_deleted_account_sid": "S-1-5-21-1843355061-959072039-615746888-2357"
    },
    {
      "event_id": 4726,
      "timestamp": "13/06/2026 19:02:13",
      "provider_name": "Microsoft-Windows-Security-Auditing",
      "machine_name": "WS2022-LAB01",
      "message": "A user account was deleted.",
      "subject_account": "labadmin",
      "subject_domain": "WS2022-LAB01",
      "subject_security_id": "S-1-5-21-1843355061-959072039-615746888-3993",
      "subject_logon_id": "0x6B964",
      "new_logon_account": null,
      "new_logon_domain": null,
      "new_logon_security_id": null,
      "new_logon_logon_id": null,
      "target_account": null,
      "target_domain": null,
      "target_security_id": null,
      "logon_type": null,
      "elevated_token": null,
      "virtual_account": null,
      "restricted_admin_mode": null,
      "workstation_name": null,
      "source_network_address": null,
      "source_port": null,
      "process_name": "C:\\Windows\\System32\\mmc.exe",
      "failure_reason": null,
      "status": null,
      "substatus": null,
      "logon_process": null,
      "authentication_package": null,
      "privileges": [],
      "scenario_id": "ACCOUNT-DELETED-0004",
      "extra_deleted_account": "tempuser174",
      "extra_deleted_account_domain": "WS2022-LAB01",
      "extra_deleted_account_sid": "S-1-5-21-1843355061-959072039-615746888-4639"
    },
    {
      "event_id": 4726,
      "timestamp": "13/06/2026 19:02:58",
      "provider_name": "Microsoft-Windows-Security-Auditing",
      "machine_name": "WIN-H96JM6F374S",
      "message": "A user account was deleted.",
      "subject_account": "opsadmin1",
      "subject_domain": "WIN-H96JM6F374S",
      "subject_security_id": "S-1-5-21-1843355061-959072039-615746888-3846",
      "subject_logon_id": "0x95039",
      "new_logon_account": null,
      "new_logon_domain": null,
      "new_logon_security_id": null,
      "new_logon_logon_id": null,
      "target_account": null,
      "target_domain": null,
      "target_security_id": null,
      "logon_type": null,
      "elevated_token": null,
      "virtual_account": null,
      "restricted_admin_mode": null,
      "workstation_name": null,
      "source_network_address": null,
      "source_port": null,
      "process_name": "C:\\Windows\\System32\\mmc.exe",
      "failure_reason": null,
      "status": null,
      "substatus": null,
      "logon_process": null,
      "authentication_package": null,
      "privileges": [],
      "scenario_id": "ACCOUNT-DELETED-0005",
      "extra_deleted_account": "tempuser322",
      "extra_deleted_account_domain": "WIN-H96JM6F374S",
      "extra_deleted_account_sid": "S-1-5-21-1843355061-959072039-615746888-8298"
    },
    {
      "event_id": 4726,
      "timestamp": "13/06/2026 19:03:23",
      "provider_name": "Microsoft-Windows-Security-Auditing",
      "machine_name": "WIN-H96JM6F374S",
      "message": "A user account was deleted.",
      "subject_account": "opsadmin3",
      "subject_domain": "WIN-H96JM6F374S",
      "subject_security_id": "S-1-5-21-1843355061-959072039-615746888-6107",
      "subject_logon_id": "0x26E84",
      "new_logon_account": null,
      "new_logon_domain": null,
      "new_logon_security_id": null,
      "new_logon_logon_id": null,
      "target_account": null,
      "target_domain": null,
      "target_security_id": null,
      "logon_type": null,
      "elevated_token": null,
      "virtual_account": null,
      "restricted_admin_mode": null,
      "workstation_name": null,
      "source_network_address": null,
      "source_port": null,
      "process_name": "C:\\Windows\\System32\\mmc.exe",
      "failure_reason": null,
      "status": null,
      "substatus": null,
      "logon_process": null,
      "authentication_package": null,
      "privileges": [],
      "scenario_id": "ACCOUNT-DELETED-0006",
      "extra_deleted_account": "tempuser220",
      "extra_deleted_account_domain": "WIN-H96JM6F374S",
      "extra_deleted_account_sid": "S-1-5-21-1843355061-959072039-615746888-5813"
    },
    {
      "event_id": 4726,
      "timestamp": "13/06/2026 19:03:51",
      "provider_name": "Microsoft-Windows-Security-Auditing",
      "machine_name": "WS2022-LAB02",
      "message": "A user account was deleted.",
      "subject_account": "labadmin",
      "subject_domain": "WS2022-LAB02",
      "subject_security_id": "S-1-5-21-1843355061-959072039-615746888-6298",
      "subject_logon_id": "0xDC930",
      "new_logon_account": null,
      "new_logon_domain": null,
      "new_logon_security_id": null,
      "new_logon_logon_id": null,
      "target_account": null,
      "target_domain": null,
      "target_security_id": null,
      "logon_type": null,
      "elevated_token": null,
      "virtual_account": null,
      "restricted_admin_mode": null,
      "workstation_name": null,
      "source_network_address": null,
      "source_port": null,
      "process_name": "C:\\Windows\\System32\\mmc.exe",
      "failure_reason": null,
      "status": null,
      "substatus": null,
      "logon_process": null,
      "authentication_package": null,
      "privileges": [],
      "scenario_id": "ACCOUNT-DELETED-0007",
      "extra_deleted_account": "tempuser382",
      "extra_deleted_account_domain": "WS2022-LAB02",
      "extra_deleted_account_sid": "S-1-5-21-1843355061-959072039-615746888-3501"
    },
    {
      "event_id": 4726,
      "timestamp": "13/06/2026 19:04:34",
      "provider_name": "Microsoft-Windows-Security-Auditing",
      "machine_name": "WS2022-LAB01",
      "message": "A user account was deleted.",
      "subject_account": "opsadmin3",
      "subject_domain": "WS2022-LAB01",
      "subject_security_id": "S-1-5-21-1843355061-959072039-615746888-3133",
      "subject_logon_id": "0x43573",
      "new_logon_account": null,
      "new_logon_domain": null,
      "new_logon_security_id": null,
      "new_logon_logon_id": null,
      "target_account": null,
      "target_domain": null,
      "target_security_id": null,
      "logon_type": null,
      "elevated_token": null,
      "virtual_account": null,
      "restricted_admin_mode": null,
      "workstation_name": null,
      "source_network_address": null,
      "source_port": null,
      "process_name": "C:\\Windows\\System32\\mmc.exe",
      "failure_reason": null,
      "status": null,
      "substatus": null,
      "logon_process": null,
      "authentication_package": null,
      "privileges": [],
      "scenario_id": "ACCOUNT-DELETED-0008",
      "extra_deleted_account": "testuser3",
      "extra_deleted_account_domain": "WS2022-LAB01",
      "extra_deleted_account_sid": "S-1-5-21-1843355061-959072039-615746888-4753"
    },
