[
  {
    "event_id": 4672,
    "timestamp": "23/05/2026 19:01:48",
    "provider_name": "Microsoft-Windows-Security-Auditing",
    "machine_name": "WIN-H96JM6F374S",
    "message": "Special privileges assigned to new logon.",
    "subject_account": "labadmin",
    "subject_domain": "WIN-H96JM6F374S",
    "subject_security_id": "S-1-5-21-1843355061-959072039-615746888-1010",
    "subject_logon_id": "0x165233",
    "new_logon_account": null,
    "new_logon_domain": null,
    "new_logon_security_id": null,
    "new_logon_logon_id": null,
    "target_account": null,
    "target_domain": null,
    "target_security_id": null,
    "logon_type": null,
    "elevated_token": null,
    "virtual_account": null,
    "restricted_admin_mode": null,
    "workstation_name": null,
    "source_network_address": null,
    "source_port": null,
    "process_name": null,
    "failure_reason": null,
    "status": null,
    "substatus": null,
    "logon_process": null,
    "authentication_package": null,
    "privileges": [
      "SeSecurityPrivilege",
      "SeTakeOwnershipPrivilege",
      "SeLoadDriverPrivilege",
      "SeBackupPrivilege"
    ],
    "raw_record": "TimeCreated  : 23/05/2026 19:01:48\nId           : 4672\nProviderName : Microsoft-Windows-Security-Auditing\nMachineName  : WIN-H96JM6F374S\nMessage      : Special privileges assigned to new logon.\n\n               Subject:\n               \tSecurity ID:\t\tS-1-5-21-1843355061-959072039-615746888-1010\n               \tAccount Name:\t\tlabadmin\n               \tAccount Domain:\t\tWIN-H96JM6F374S\n               \tLogon ID:\t\t0x165233\n\n               Privileges:\t\tSeSecurityPrivilege\n               \t\t\tSeTakeOwnershipPrivilege\n               \t\t\tSeLoadDriverPrivilege\n               \t\t\tSeBackupPrivilege"
  },
  {
    "event_id": 4625,
    "timestamp": "23/05/2026 19:01:00",
    "provider_name": "Microsoft-Windows-Security-Auditing",
    "machine_name": "WIN-H96JM6F374S",
    "message": "An account failed to log on.",
    "subject_account": "WIN-H96JM6F374S$",
    "subject_domain": "WORKGROUP",
    "subject_security_id": "S-1-5-18",
    "subject_logon_id": "0x3E7",
    "new_logon_account": null,
    "new_logon_domain": null,
    "new_logon_security_id": null,
    "new_logon_logon_id": null,
    "target_account": "testuser1",
    "target_domain": "WIN-H96JM6F374S",
    "target_security_id": "S-1-0-0",
    "logon_type": null,
    "elevated_token": null,
    "virtual_account": null,
    "restricted_admin_mode": null,
    "workstation_name": "WIN-H96JM6F374S",
    "source_network_address": "127.0.0.1",
    "source_port": "0",
    "process_name": "C:\\Windows\\System32\\svchost.exe",
    "failure_reason": "Unknown user name or bad password.",
    "status": "0xC000006D",
    "substatus": "0xC000006A",
    "logon_process": null,
    "authentication_package": null,
    "privileges": [],
    "raw_record": "TimeCreated  : 23/05/2026 19:01:00\nId           : 4625\nProviderName : Microsoft-Windows-Security-Auditing\nMachineName  : WIN-H96JM6F374S\nMessage      : An account failed to log on.\n\n               Subject:\n               \tSecurity ID:\t\tS-1-5-18\n               \tAccount Name:\t\tWIN-H96JM6F374S$\n               \tAccount Domain:\t\tWORKGROUP\n               \tLogon ID:\t\t0x3E7\n\n               Logon Type:\t\t\t2\n\n               Account For Which Logon Failed:\n               \tSecurity ID:\t\tS-1-0-0\n               \tAccount Name:\t\ttestuser1\n               \tAccount Domain:\t\tWIN-H96JM6F374S\n\n               Failure Information:\n               \tFailure Reason:\t\tUnknown user name or bad password.\n               \tStatus:\t\t\t0xC000006D\n               \tSub Status:\t\t0xC000006A\n\n               Process Information:\n               \tCaller Process Name:\tC:\\Windows\\System32\\svchost.exe\n\n               Network Information:\n               \tWorkstation Name:\tWIN-H96JM6F374S\n               \tSource Network Address:\t127.0.0.1\n               \tSource Port:\t\t0"
  },
  {
    "event_id": 4624,
    "timestamp": "23/05/2026 19:00:00",
    "provider_name": "Microsoft-Windows-Security-Auditing",
    "machine_name": "WIN-H96JM6F374S",
    "message": "An account was successfully logged on.",
    "subject_account": "WIN-H96JM6F374S$",
    "subject_domain": "WORKGROUP",
    "subject_security_id": "S-1-5-18",
    "subject_logon_id": "0x3E7",
    "new_logon_account": "testuser1",
    "new_logon_domain": "WIN-H96JM6F374S",
    "new_logon_security_id": "S-1-5-21-1843355061-959072039-615746888-1013",
    "new_logon_logon_id": "0xB7E63",
    "target_account": null,
    "target_domain": null,
    "target_security_id": null,
    "logon_type": "2",
    "elevated_token": "No",
    "virtual_account": "No",
    "restricted_admin_mode": "-",
    "workstation_name": "WIN-H96JM6F374S",
    "source_network_address": "127.0.0.1",
    "source_port": "0",
    "process_name": "C:\\Windows\\System32\\svchost.exe",
    "failure_reason": null,
    "status": null,
    "substatus": null,
    "logon_process": null,
    "authentication_package": null,
    "privileges": [],
    "raw_record": "TimeCreated  : 23/05/2026 19:00:00\nId           : 4624\nProviderName : Microsoft-Windows-Security-Auditing\nMachineName  : WIN-H96JM6F374S\nMessage      : An account was successfully logged on.\n\n               Subject:\n               \tSecurity ID:\t\tS-1-5-18\n               \tAccount Name:\t\tWIN-H96JM6F374S$\n               \tAccount Domain:\t\tWORKGROUP\n               \tLogon ID:\t\t0x3E7\n\n               Logon Information:\n               \tLogon Type:\t\t2\n               \tRestricted Admin Mode:\t-\n               \tVirtual Account:\t\tNo\n               \tElevated Token:\t\tNo\n\n               New Logon:\n               \tSecurity ID:\t\tS-1-5-21-1843355061-959072039-615746888-1013\n               \tAccount Name:\t\ttestuser1\n               \tAccount Domain:\t\tWIN-H96JM6F374S\n               \tLogon ID:\t\t0xB7E63\n\n               Process Information:\n               \tProcess Name:\t\tC:\\Windows\\System32\\svchost.exe\n\n               Network Information:\n               \tWorkstation Name:\tWIN-H96JM6F374S\n               \tSource Network Address:\t127.0.0.1\n               \tSource Port:\t\t0"
  }
]